EADARP version 2def-dirty
ARGS: --ifile=EADARP/instances/b1/a4-32.txt --odir=EADARP/out/a4-32 --oname=run12
Settings:
--alns_gamma=0.025
--alns_segment_size=100
--alns_sigma1=10
--alns_sigma2=9
--alns_sigma3=3
--at_most_one_s=false
--gamma=-1.0
--ifile=EADARP/instances/b1/a4-32.txt
--insert_charging_otf=true
--insert_cost_noise=0.014
--lns_init_temp_factor=0.0
--lns_temp_dec_factor=0.99
--mh_checkit=false
--mh_lfreq=0
--mh_lnewinc=true
--mh_tciter=-1
--mh_tctime=-1.0
--mh_titer=300
--mh_tobj=-1.0
--mh_ttime=-1.0
--odir=EADARP/out/a4-32
--oname=run12
--only_single_s_visits=true
--repair_max_routes=0
--seed=2111725966
--use_milp_in_otf=0
--xcheck_isfeasible=false

EADARPInstance(EADARP/instances/b1/a4-32.txt, n=32, n_K=4, S=[75, 76, 77], Q=14.85, n_F=4, γ=0.7, T_plan=480.0, F=[71, 72, 73, 74])

T preprocessing time [s]: 0.49409
I       iter             best          obj_old          obj_new        time              method info
I          1        440.85670     100032.00000        440.85670      0.0545                 con 
I          2        436.12509        440.85670        436.12509      0.0666        drrr_15+rroi 
I          9        433.04813        436.12509        433.04813      0.1133         drrr_15+rrg 
I         19        432.01743        433.04813        432.01743      0.1486        drrr_15+rroi 
I         24        427.14951        432.01743        427.14951      0.1555        drrr_15+rrri 
I         28        407.04570        427.14951        407.04570      0.1690        drrr_15+rroi 
I         30        406.04721        407.04570        406.04721      0.1716        drrr_15+rrri 
I         44        398.04587        406.04721        398.04587      0.2050         drrr_15+rrg 
I         46        397.86954        398.04587        397.86954      0.2076         drrr_15+rrg 
I        300        397.86954        397.86954        413.27560      0.4377        drrr_15+rrri 

Method statistics
S  method    iter  succ  succ-rate%  tot-obj-gain  avg-obj-gain  rel-succ%  net-time  net-time%  brut-time  brut-time%
S  con          1     1   100.00000  -99591.14330  -99591.14330    5.88235   0.05444   12.43592    0.05444    12.43592
S  drrr_15    299     8     2.67559     -42.98716      -0.14377   47.05882   0.00201    0.45994    0.00201     0.45994
S  rrg         96     3     3.12500     -11.25463      -0.11724   17.64706   0.12779   29.19265    0.12779    29.19265
S  rroi       104     3     2.88462     -25.86612      -0.24871   17.64706   0.11884   27.14594    0.11884    27.14594
S  rrri        99     2     2.02020      -5.86641      -0.05926   11.76471   0.13378   30.55880    0.13378    30.55880
S  SUM/AVG    599    17     2.83806  -99677.11762    -166.40587   20.00000   0.43686   99.79326    0.43686    99.79326

T best solution: EADARPSolution(t_routing=504.799, t_excess=77.08, obj_val=397.87, obj_val_valid=true,
    unserved_requests=Int64[], F_visited=[73, 74, 72, 71], S_visited=[77, 76, 75],
    (1, ([67, 5, 37, 13, 45, 7, 6, 38, 39, 17, 49, 77, 15, 47, 12, 44, 71], [12.772418585520626], [12]))
    (2, ([68, 29, 31, 61, 63, 9, 11, 43, 41, 23, 55, 10, 42, 1, 20, 33, 52, 76, 72], [50.102179501608894], [18]))
    (3, ([69, 26, 58, 22, 54, 18, 50, 4, 21, 36, 27, 53, 59, 28, 60, 8, 40, 24, 56, 30, 19, 51, 62, 75, 73], [119.02851924065965], [24]))
    (4, ([70, 2, 34, 32, 64, 14, 46, 16, 48, 3, 35, 25, 57, 74], Float64[], Int64[])))

T best obj: 397.86953956049206
T best iteration: 46
T total iterations: 300
T best time [s]: 0.208
T total time [s]: 0.4378
