EADARP version 2def-dirty
ARGS: --ifile=EADARP/instances/b1/a4-32.txt --odir=EADARP/out/a4-32 --oname=run11
Settings:
--alns_gamma=0.025
--alns_segment_size=100
--alns_sigma1=10
--alns_sigma2=9
--alns_sigma3=3
--at_most_one_s=false
--gamma=-1.0
--ifile=EADARP/instances/b1/a4-32.txt
--insert_charging_otf=true
--insert_cost_noise=0.014
--lns_init_temp_factor=0.0
--lns_temp_dec_factor=0.99
--mh_checkit=false
--mh_lfreq=0
--mh_lnewinc=true
--mh_tciter=-1
--mh_tctime=-1.0
--mh_titer=300
--mh_tobj=-1.0
--mh_ttime=-1.0
--odir=EADARP/out/a4-32
--oname=run11
--only_single_s_visits=true
--repair_max_routes=0
--seed=1538173203
--use_milp_in_otf=0
--xcheck_isfeasible=false

EADARPInstance(EADARP/instances/b1/a4-32.txt, n=32, n_K=4, S=[75, 76, 77], Q=14.85, n_F=4, γ=0.7, T_plan=480.0, F=[71, 72, 73, 74])

T preprocessing time [s]: 0.49516
I       iter             best          obj_old          obj_new        time              method info
I          1        440.85670     100032.00000        440.85670      0.0542                 con 
I         13        429.68004        440.85670        429.68004      0.1387        drrr_15+rroi 
I         15        414.56904        429.68004        414.56904      0.1528        drrr_15+rroi 
I         18        408.45941        414.56904        408.45941      0.1596        drrr_15+rroi 
I         19        403.89283        408.45941        403.89283      0.1615        drrr_15+rroi 
I         22        403.64734        403.89283        403.64734      0.1666        drrr_15+rroi 
I         23        402.83986        403.64734        402.83986      0.1667        drrr_15+rrri 
I         89        402.83343        402.83986        402.83343      0.2613         drrr_15+rrg 
I         96        399.28444        402.83343        399.28444      0.2710        drrr_15+rrri 
I        140        399.12082        399.28444        399.12082      0.3162         drrr_15+rrg 
I        300        399.12082        399.12082        420.53112      0.4098        drrr_15+rrri 

Method statistics
S  method    iter  succ  succ-rate%  tot-obj-gain  avg-obj-gain  rel-succ%  net-time  net-time%  brut-time  brut-time%
S  con          1     1   100.00000  -99591.14330  -99591.14330    5.26316   0.05419   13.22331    0.05419    13.22331
S  drrr_15    299     9     3.01003     -41.73588      -0.13958   47.36842   0.01005    2.45187    0.01005     2.45187
S  rrg         87     2     2.29885      -0.17004      -0.00195   10.52632   0.10340   25.23386    0.10340    25.23386
S  rroi       104     5     4.80769     -37.20936      -0.35778   26.31579   0.08475   20.68225    0.08475    20.68225
S  rrri       108     2     1.85185      -4.35648      -0.04034   10.52632   0.15648   38.18558    0.15648    38.18558
S  SUM/AVG    599    19     3.17195  -99674.61506    -166.40169   20.00000   0.40886   99.77687    0.40886    99.77687

T best solution: EADARPSolution(t_routing=509.227, t_excess=68.803, obj_val=399.121, obj_val_valid=true,
    unserved_requests=Int64[], F_visited=[74, 73, 71, 72], S_visited=[76, 77, 75],
    (1, ([67, 2, 34, 29, 31, 61, 63, 9, 11, 43, 41, 23, 55, 19, 51, 10, 42, 77, 12, 44, 71], [39.05549127893426], [18]))
    (2, ([68, 26, 58, 22, 54, 18, 50, 4, 21, 36, 27, 53, 59, 28, 60, 8, 40, 24, 56, 30, 62, 75, 72], [116.75140666044716], [22]))
    (3, ([69, 5, 37, 13, 45, 7, 6, 38, 39, 17, 49, 15, 47, 1, 20, 33, 52, 76, 73], [38.048164480609685], [18]))
    (4, ([70, 32, 64, 14, 46, 16, 48, 3, 35, 25, 57, 74], Float64[], Int64[])))

T best obj: 399.1208183416023
T best iteration: 140
T total iterations: 300
T best time [s]: 0.316
T total time [s]: 0.4098
