EADARP version 2def-dirty
ARGS: --ifile=EADARP/instances/b1/a4-32.txt --odir=EADARP/out/a4-32 --oname=run29
Settings:
--alns_gamma=0.025
--alns_segment_size=100
--alns_sigma1=10
--alns_sigma2=9
--alns_sigma3=3
--at_most_one_s=false
--gamma=-1.0
--ifile=EADARP/instances/b1/a4-32.txt
--insert_charging_otf=true
--insert_cost_noise=0.014
--lns_init_temp_factor=0.0
--lns_temp_dec_factor=0.99
--mh_checkit=false
--mh_lfreq=0
--mh_lnewinc=true
--mh_tciter=-1
--mh_tctime=-1.0
--mh_titer=300
--mh_tobj=-1.0
--mh_ttime=-1.0
--odir=EADARP/out/a4-32
--oname=run29
--only_single_s_visits=true
--repair_max_routes=0
--seed=207357164
--use_milp_in_otf=0
--xcheck_isfeasible=false

EADARPInstance(EADARP/instances/b1/a4-32.txt, n=32, n_K=4, S=[75, 76, 77], Q=14.85, n_F=4, γ=0.7, T_plan=480.0, F=[71, 72, 73, 74])

T preprocessing time [s]: 0.50923
I       iter             best          obj_old          obj_new        time              method info
I          1        440.85670     100032.00000        440.85670      0.0544                 con 
I          6        433.27346        440.85670        433.27346      0.1010         drrr_15+rrg 
I          8        429.86323        433.27346        429.86323      0.1111        drrr_15+rrri 
I         13        412.17604        429.86323        412.17604      0.1333         drrr_15+rrg 
I         23        409.55031        412.17604        409.55031      0.1677        drrr_15+rroi 
I         25        409.46662        409.55031        409.46662      0.1815        drrr_15+rroi 
I         26        408.37776        409.46662        408.37776      0.1827         drrr_15+rrg 
I         29        404.30644        408.37776        404.30644      0.1876        drrr_15+rroi 
I         35        403.12356        404.30644        403.12356      0.2041         drrr_15+rrg 
I         38        398.69496        403.12356        398.69496      0.2112        drrr_15+rrri 
I         99        398.11503        398.69496        398.11503      0.3248        drrr_15+rrri 
I        113        397.86954        398.11503        397.86954      0.3444        drrr_15+rrri 
I        300        397.86954        397.86954        405.73593      0.4406        drrr_15+rrri 

Method statistics
S  method    iter  succ  succ-rate%  tot-obj-gain  avg-obj-gain  rel-succ%  net-time  net-time%  brut-time  brut-time%
S  con          1     1   100.00000  -99591.14330  -99591.14330    4.34783   0.05440   12.34776    0.05440    12.34776
S  drrr_15    299    11     3.67893     -42.98716      -0.14377   47.82609   0.00202    0.45946    0.00202     0.45946
S  rrg         98     4     4.08163     -27.54216      -0.28104   17.39130   0.12406   28.15681    0.12406    28.15681
S  rroi        99     3     3.03030      -6.78074      -0.06849   13.04348   0.08058   18.28920    0.08058    18.28920
S  rrri       102     4     3.92157      -8.66426      -0.08494   17.39130   0.17848   40.50830    0.17848    40.50830
S  SUM/AVG    599    23     3.83973  -99677.11762    -166.40587   20.00000   0.43956   99.76153    0.43956    99.76153

T best solution: EADARPSolution(t_routing=504.799, t_excess=77.08, obj_val=397.87, obj_val_valid=true,
    unserved_requests=Int64[], F_visited=[74, 73, 72, 71], S_visited=[76, 75, 77],
    (1, ([67, 5, 37, 13, 45, 7, 6, 38, 39, 17, 49, 77, 15, 47, 12, 44, 71], [12.772418585520626], [12]))
    (2, ([68, 26, 58, 22, 54, 18, 50, 4, 21, 36, 27, 53, 59, 28, 60, 8, 40, 24, 56, 30, 19, 51, 62, 75, 72], [119.02851924065965], [24]))
    (3, ([69, 2, 34, 32, 64, 14, 46, 16, 48, 3, 35, 25, 57, 73], Float64[], Int64[]))
    (4, ([70, 29, 31, 61, 63, 9, 11, 43, 41, 23, 55, 10, 42, 1, 20, 33, 52, 76, 74], [50.102179501608894], [18])))

T best obj: 397.86953956049206
T best iteration: 113
T total iterations: 300
T best time [s]: 0.344
T total time [s]: 0.4406
