EADARP version 2def-dirty
ARGS: --ifile=EADARP/instances/b1/a4-32.txt --odir=EADARP/out/a4-32 --oname=run23
Settings:
--alns_gamma=0.025
--alns_segment_size=100
--alns_sigma1=10
--alns_sigma2=9
--alns_sigma3=3
--at_most_one_s=false
--gamma=-1.0
--ifile=EADARP/instances/b1/a4-32.txt
--insert_charging_otf=true
--insert_cost_noise=0.014
--lns_init_temp_factor=0.0
--lns_temp_dec_factor=0.99
--mh_checkit=false
--mh_lfreq=0
--mh_lnewinc=true
--mh_tciter=-1
--mh_tctime=-1.0
--mh_titer=300
--mh_tobj=-1.0
--mh_ttime=-1.0
--odir=EADARP/out/a4-32
--oname=run23
--only_single_s_visits=true
--repair_max_routes=0
--seed=731606206
--use_milp_in_otf=0
--xcheck_isfeasible=false

EADARPInstance(EADARP/instances/b1/a4-32.txt, n=32, n_K=4, S=[75, 76, 77], Q=14.85, n_F=4, γ=0.7, T_plan=480.0, F=[71, 72, 73, 74])

T preprocessing time [s]: 0.51034
I       iter             best          obj_old          obj_new        time              method info
I          1        440.85670     100032.00000        440.85670      0.0541                 con 
I          6        422.59084        440.85670        422.59084      0.0951         drrr_15+rrg 
I         17        422.37625        422.59084        422.37625      0.1515         drrr_15+rrg 
I         33        422.01941        422.37625        422.01941      0.1838         drrr_15+rrg 
I         47        414.72832        422.01941        414.72832      0.2100        drrr_15+rroi 
I         51        414.45691        414.72832        414.45691      0.2247        drrr_15+rrri 
I        145        411.89225        414.45691        411.89225      0.3863        drrr_15+rroi 
I        186        411.03355        411.89225        411.03355      0.4218         drrr_15+rrg 
I        217        410.85722        411.03355        410.85722      0.4480        drrr_15+rroi 
I        254        409.76005        410.85722        409.76005      0.4718         drrr_15+rrg 
I        300        409.76005        409.76005     100003.00000      0.4950         drrr_15+rrg 

Method statistics
S  method    iter  succ  succ-rate%  tot-obj-gain  avg-obj-gain  rel-succ%  net-time  net-time%  brut-time  brut-time%
S  con          1     1   100.00000  -99591.14330  -99591.14330    5.26316   0.05407   10.92190    0.05407    10.92190
S  drrr_15    299     9     3.01003     -31.09664      -0.10400   47.36842   0.00208    0.41987    0.00208     0.41987
S  rrg        108     5     4.62963     -20.79315      -0.19253   26.31579   0.14305   28.89740    0.14305    28.89740
S  rroi        95     3     3.15789     -10.03209      -0.10560   15.78947   0.15115   30.53363    0.15115    30.53363
S  rrri        96     1     1.04167      -0.27141      -0.00283    5.26316   0.14370   29.02840    0.14370    29.02840
S  SUM/AVG    599    19     3.17195  -99653.33659    -166.36617   20.00000   0.49406   99.80119    0.49406    99.80119

T best solution: EADARPSolution(t_routing=521.143, t_excess=75.61, obj_val=409.76, obj_val_valid=true,
    unserved_requests=Int64[], F_visited=[74, 71, 73, 72], S_visited=[75, 76, 77],
    (1, ([67, 2, 34, 32, 64, 14, 46, 16, 48, 15, 47, 3, 35, 30, 62, 1, 20, 33, 52, 75, 71], [50.47765991312566], [20]))
    (2, ([68, 5, 37, 13, 45, 7, 6, 38, 39, 17, 49, 10, 42, 72], Float64[], Int64[]))
    (3, ([69, 26, 58, 22, 54, 18, 50, 29, 31, 61, 63, 9, 11, 43, 41, 23, 55, 19, 51, 77, 12, 44, 73], [74.95300673422662], [20]))
    (4, ([70, 4, 21, 27, 36, 53, 59, 28, 60, 8, 40, 24, 56, 76, 25, 57, 74], [72.51904783822471], [14])))

T best obj: 409.7600542976993
T best iteration: 254
T total iterations: 300
T best time [s]: 0.472
T total time [s]: 0.4950
