EADARP version 2def-dirty
ARGS: --ifile=EADARP/instances/b1/a4-32.txt --odir=EADARP/out/a4-32 --oname=run31
Settings:
--alns_gamma=0.025
--alns_segment_size=100
--alns_sigma1=10
--alns_sigma2=9
--alns_sigma3=3
--at_most_one_s=false
--gamma=-1.0
--ifile=EADARP/instances/b1/a4-32.txt
--insert_charging_otf=true
--insert_cost_noise=0.014
--lns_init_temp_factor=0.0
--lns_temp_dec_factor=0.99
--mh_checkit=false
--mh_lfreq=0
--mh_lnewinc=true
--mh_tciter=-1
--mh_tctime=-1.0
--mh_titer=300
--mh_tobj=-1.0
--mh_ttime=-1.0
--odir=EADARP/out/a4-32
--oname=run31
--only_single_s_visits=true
--repair_max_routes=0
--seed=766982613
--use_milp_in_otf=0
--xcheck_isfeasible=false

EADARPInstance(EADARP/instances/b1/a4-32.txt, n=32, n_K=4, S=[75, 76, 77], Q=14.85, n_F=4, γ=0.7, T_plan=480.0, F=[71, 72, 73, 74])

T preprocessing time [s]: 0.50245
I       iter             best          obj_old          obj_new        time              method info
I          1        440.85670     100032.00000        440.85670      0.0556                 con 
I          3        433.83061        440.85670        433.83061      0.0712        drrr_15+rroi 
I          4        433.76309        433.83061        433.76309      0.0776        drrr_15+rrri 
I          6        428.06190        433.76309        428.06190      0.1131         drrr_15+rrg 
I          8        424.73503        428.06190        424.73503      0.1321        drrr_15+rrri 
I         11        418.95159        424.73503        418.95159      0.1496        drrr_15+rroi 
I         15        418.44809        418.95159        418.44809      0.1803        drrr_15+rrri 
I         67        418.23350        418.44809        418.23350      0.2964        drrr_15+rroi 
I         74        417.87666        418.23350        417.87666      0.3184        drrr_15+rrri 
I        125        412.65695        417.87666        412.65695      0.3790        drrr_15+rroi 
I        141        412.27708        412.65695        412.27708      0.4047        drrr_15+rrri 
I        153        411.85144        412.27708        411.85144      0.4167         drrr_15+rrg 
I        155        410.04253        411.85144        410.04253      0.4169        drrr_15+rrri 
I        189        407.45440        410.04253        407.45440      0.4692         drrr_15+rrg 
I        193        404.30501        407.45440        404.30501      0.4844        drrr_15+rrri 
I        198        400.02743        404.30501        400.02743      0.4854        drrr_15+rroi 
I        199        399.60178        400.02743        399.60178      0.4855        drrr_15+rroi 
I        228        399.31735        399.60178        399.31735      0.5063        drrr_15+rroi 
I        230        399.05034        399.31735        399.05034      0.5092        drrr_15+rroi 
I        233        398.87018        399.05034        398.87018      0.5105        drrr_15+rroi 
I        240        398.62469        398.87018        398.62469      0.5142        drrr_15+rroi 
I        300        398.62469        398.62469     100002.00000      0.5404         drrr_15+rrg 

Method statistics
S  method    iter  succ  succ-rate%  tot-obj-gain  avg-obj-gain  rel-succ%  net-time  net-time%  brut-time  brut-time%
S  con          1     1   100.00000  -99591.14330  -99591.14330    2.43902   0.05558   10.28492    0.05558    10.28492
S  drrr_15    299    20     6.68896     -42.23201      -0.14124   48.78049   0.00208    0.38575    0.00208     0.38575
S  rrg        110     3     2.72727      -8.71496      -0.07923    7.31707   0.20503   37.93759    0.20503    37.93759
S  rroi        90    10    11.11111     -23.92415      -0.26582   24.39024   0.09255   17.12581    0.09255    17.12581
S  rrri        99     7     7.07071      -9.59290      -0.09690   17.07317   0.18394   34.03577    0.18394    34.03577
S  SUM/AVG    599    41     6.84474  -99675.60732    -166.40335   20.00000   0.53919   99.76985    0.53919    99.76985

T best solution: EADARPSolution(t_routing=505.806, t_excess=77.08, obj_val=398.625, obj_val_valid=true,
    unserved_requests=Int64[], F_visited=[73, 74, 71, 72], S_visited=[75, 77, 76],
    (1, ([67, 26, 58, 22, 54, 18, 50, 4, 21, 36, 27, 53, 59, 28, 60, 8, 40, 24, 56, 30, 19, 51, 62, 77, 71], [122.74540485702741], [24]))
    (2, ([68, 32, 64, 14, 46, 16, 48, 15, 47, 12, 44, 72], Float64[], Int64[]))
    (3, ([69, 2, 34, 29, 31, 61, 63, 9, 11, 43, 41, 23, 55, 3, 35, 25, 57, 76, 73], [45.528506039312475], [18]))
    (4, ([70, 5, 37, 13, 45, 7, 6, 38, 39, 17, 49, 10, 42, 1, 20, 33, 52, 75, 74], [29.84701645066107], [18])))

T best obj: 398.6246888244881
T best iteration: 240
T total iterations: 300
T best time [s]: 0.514
T total time [s]: 0.5404
