EADARP version 2def-dirty
ARGS: --ifile=EADARP/instances/b1/a4-32.txt --odir=EADARP/out/a4-32 --oname=run57
Settings:
--alns_gamma=0.025
--alns_segment_size=100
--alns_sigma1=10
--alns_sigma2=9
--alns_sigma3=3
--at_most_one_s=false
--gamma=-1.0
--ifile=EADARP/instances/b1/a4-32.txt
--insert_charging_otf=true
--insert_cost_noise=0.014
--lns_init_temp_factor=0.0
--lns_temp_dec_factor=0.99
--mh_checkit=false
--mh_lfreq=0
--mh_lnewinc=true
--mh_tciter=-1
--mh_tctime=-1.0
--mh_titer=300
--mh_tobj=-1.0
--mh_ttime=-1.0
--odir=EADARP/out/a4-32
--oname=run57
--only_single_s_visits=true
--repair_max_routes=0
--seed=733851798
--use_milp_in_otf=0
--xcheck_isfeasible=false

EADARPInstance(EADARP/instances/b1/a4-32.txt, n=32, n_K=4, S=[75, 76, 77], Q=14.85, n_F=4, γ=0.7, T_plan=480.0, F=[71, 72, 73, 74])

T preprocessing time [s]: 0.5069
I       iter             best          obj_old          obj_new        time              method info
I          1        440.85670     100032.00000        440.85670      0.0543                 con 
I         10        434.04521        440.85670        434.04521      0.1164        drrr_15+rroi 
I         14        426.55507        434.04521        426.55507      0.1302         drrr_15+rrg 
I         17        415.53705        426.55507        415.53705      0.1535         drrr_15+rrg 
I         27        402.15727        415.53705        402.15727      0.1911        drrr_15+rroi 
I         39        399.84727        402.15727        399.84727      0.2353         drrr_15+rrg 
I         44        399.60178        399.84727        399.60178      0.2502         drrr_15+rrg 
I         58        398.87018        399.60178        398.87018      0.2637         drrr_15+rrg 
I         67        398.80102        398.87018        398.80102      0.2724         drrr_15+rrg 
I         93        398.62469        398.80102        398.62469      0.3021        drrr_15+rroi 
I        300        398.62469        398.62469        405.17469      0.4268        drrr_15+rrri 

Method statistics
S  method    iter  succ  succ-rate%  tot-obj-gain  avg-obj-gain  rel-succ%  net-time  net-time%  brut-time  brut-time%
S  con          1     1   100.00000  -99591.14330  -99591.14330    5.26316   0.05425   12.70910    0.05425    12.70910
S  drrr_15    299     9     3.01003     -42.23201      -0.14124   47.36842   0.00193    0.45146    0.00193     0.45146
S  rrg         89     6     6.74157     -21.86440      -0.24567   31.57895   0.11023   25.82347    0.11023    25.82347
S  rroi        97     3     3.09278     -20.36761      -0.20998   15.78947   0.08864   20.76591    0.08864    20.76591
S  rrri       113     0     0.00000       0.00000       0.00000    0.00000   0.17087   40.02960    0.17087    40.02960
S  SUM/AVG    599    19     3.17195  -99675.60732    -166.40335   20.00000   0.42593   99.77955    0.42593    99.77955

T best solution: EADARPSolution(t_routing=505.806, t_excess=77.08, obj_val=398.625, obj_val_valid=true,
    unserved_requests=Int64[], F_visited=[71, 74, 72, 73], S_visited=[76, 77, 75],
    (1, ([67, 26, 58, 22, 54, 18, 50, 4, 21, 36, 27, 53, 59, 28, 60, 8, 40, 24, 56, 30, 19, 51, 62, 77, 71], [122.74540485702741], [24]))
    (2, ([68, 5, 37, 13, 45, 7, 6, 38, 39, 17, 49, 10, 42, 1, 20, 33, 52, 75, 72], [29.84701645066107], [18]))
    (3, ([69, 2, 34, 29, 31, 61, 63, 9, 11, 43, 41, 23, 55, 3, 35, 25, 57, 76, 73], [45.528506039312475], [18]))
    (4, ([70, 32, 64, 14, 46, 16, 48, 15, 47, 12, 44, 74], Float64[], Int64[])))

T best obj: 398.6246888244881
T best iteration: 93
T total iterations: 300
T best time [s]: 0.302
T total time [s]: 0.4269
