EADARP version 2def-dirty
ARGS: --ifile=EADARP/instances/b1/a4-32.txt --odir=EADARP/out/a4-32 --oname=run66
Settings:
--alns_gamma=0.025
--alns_segment_size=100
--alns_sigma1=10
--alns_sigma2=9
--alns_sigma3=3
--at_most_one_s=false
--gamma=-1.0
--ifile=EADARP/instances/b1/a4-32.txt
--insert_charging_otf=true
--insert_cost_noise=0.014
--lns_init_temp_factor=0.0
--lns_temp_dec_factor=0.99
--mh_checkit=false
--mh_lfreq=0
--mh_lnewinc=true
--mh_tciter=-1
--mh_tctime=-1.0
--mh_titer=300
--mh_tobj=-1.0
--mh_ttime=-1.0
--odir=EADARP/out/a4-32
--oname=run66
--only_single_s_visits=true
--repair_max_routes=0
--seed=1092967215
--use_milp_in_otf=0
--xcheck_isfeasible=false

EADARPInstance(EADARP/instances/b1/a4-32.txt, n=32, n_K=4, S=[75, 76, 77], Q=14.85, n_F=4, γ=0.7, T_plan=480.0, F=[71, 72, 73, 74])

T preprocessing time [s]: 0.49116
I       iter             best          obj_old          obj_new        time              method info
I          1        440.91485     100032.00000        440.91485      0.0643                 con 
I         15        439.81093        440.91485        439.81093      0.1643        drrr_15+rrri 
I         19        417.69693        439.81093        417.69693      0.1895         drrr_15+rrg 
I         40        408.04306        417.69693        408.04306      0.2426        drrr_15+rrri 
I         47        405.06511        408.04306        405.06511      0.2622        drrr_15+rrri 
I         48        403.77064        405.06511        403.77064      0.2623        drrr_15+rroi 
I        258        403.56615        403.77064        403.56615      0.4859        drrr_15+rrri 
I        293        403.31491        403.56615        403.31491      0.5118        drrr_15+rrri 
I        300        403.31491        403.31491     100002.00000      0.5168        drrr_15+rroi 

Method statistics
S  method    iter  succ  succ-rate%  tot-obj-gain  avg-obj-gain  rel-succ%  net-time  net-time%  brut-time  brut-time%
S  con          1     1   100.00000  -99591.08515  -99591.08515    6.66667   0.06429   12.43760    0.06429    12.43760
S  drrr_15    299     7     2.34114     -37.59995      -0.12575   46.66667   0.00207    0.40126    0.00207     0.40126
S  rrg         89     1     1.12360     -22.11400      -0.24847    6.66667   0.15675   30.32771    0.15675    30.32771
S  rroi       101     1     0.99010      -1.29448      -0.01282    6.66667   0.12011   23.23749    0.12011    23.23749
S  rrri       109     5     4.58716     -14.19147      -0.13020   33.33333   0.17267   33.40681    0.17267    33.40681
S  SUM/AVG    599    15     2.50417  -99666.28504    -166.38779   20.00000   0.51589   99.81088    0.51589    99.81088

T best solution: EADARPSolution(t_routing=512.6, t_excess=75.46, obj_val=403.315, obj_val_valid=true,
    unserved_requests=Int64[], F_visited=[71, 72, 73, 74], S_visited=[75, 77, 76],
    (1, ([67, 2, 34, 29, 31, 61, 63, 9, 11, 43, 41, 23, 55, 19, 51, 1, 20, 33, 52, 76, 71], [52.00232912833997], [20]))
    (2, ([68, 5, 37, 13, 45, 7, 6, 39, 38, 28, 60, 8, 40, 24, 56, 30, 62, 75, 72], [59.68466894283021], [18]))
    (3, ([69, 26, 58, 22, 54, 18, 50, 4, 21, 27, 36, 53, 59, 17, 49, 15, 47, 77, 10, 42, 12, 44, 73], [85.54114288401459], [18]))
    (4, ([70, 32, 64, 14, 46, 16, 48, 3, 35, 25, 57, 74], Float64[], Int64[])))

T best obj: 403.3149056207302
T best iteration: 293
T total iterations: 300
T best time [s]: 0.512
T total time [s]: 0.5169
