EADARP version 2def-dirty
ARGS: --ifile=EADARP/instances/b1/a4-32.txt --odir=EADARP/out/a4-32 --oname=run70
Settings:
--alns_gamma=0.025
--alns_segment_size=100
--alns_sigma1=10
--alns_sigma2=9
--alns_sigma3=3
--at_most_one_s=false
--gamma=-1.0
--ifile=EADARP/instances/b1/a4-32.txt
--insert_charging_otf=true
--insert_cost_noise=0.014
--lns_init_temp_factor=0.0
--lns_temp_dec_factor=0.99
--mh_checkit=false
--mh_lfreq=0
--mh_lnewinc=true
--mh_tciter=-1
--mh_tctime=-1.0
--mh_titer=300
--mh_tobj=-1.0
--mh_ttime=-1.0
--odir=EADARP/out/a4-32
--oname=run70
--only_single_s_visits=true
--repair_max_routes=0
--seed=992960698
--use_milp_in_otf=0
--xcheck_isfeasible=false

EADARPInstance(EADARP/instances/b1/a4-32.txt, n=32, n_K=4, S=[75, 76, 77], Q=14.85, n_F=4, γ=0.7, T_plan=480.0, F=[71, 72, 73, 74])

T preprocessing time [s]: 0.52032
I       iter             best          obj_old          obj_new        time              method info
I          1        440.85670     100032.00000        440.85670      0.0538                 con 
I          8        434.33411        440.85670        434.33411      0.1292        drrr_15+rrri 
I         18        430.59094        434.33411        430.59094      0.1763        drrr_15+rrri 
I         27        421.11680        430.59094        421.11680      0.2039         drrr_15+rrg 
I         28        419.78100        421.11680        419.78100      0.2067        drrr_15+rroi 
I         29        419.46972        419.78100        419.46972      0.2071         drrr_15+rrg 
I         30        417.75279        419.46972        417.75279      0.2072        drrr_15+rrri 
I         32        410.84698        417.75279        410.84698      0.2112        drrr_15+rroi 
I         40        408.64939        410.84698        408.64939      0.2490        drrr_15+rroi 
I         48        404.48134        408.64939        404.48134      0.2792         drrr_15+rrg 
I         51        404.39101        404.48134        404.39101      0.2833        drrr_15+rroi 
I         53        400.77939        404.39101        400.77939      0.2853        drrr_15+rroi 
I         55        400.60306        400.77939        400.60306      0.2864        drrr_15+rroi 
I         60        399.87963        400.60306        399.87963      0.2931        drrr_15+rroi 
I        111        399.63414        399.87963        399.63414      0.3456         drrr_15+rrg 
I        241        399.45780        399.63414        399.45780      0.3940        drrr_15+rroi 
I        300        399.45780        399.45780        412.96548      0.4287        drrr_15+rroi 

Method statistics
S  method    iter  succ  succ-rate%  tot-obj-gain  avg-obj-gain  rel-succ%  net-time  net-time%  brut-time  brut-time%
S  con          1     1   100.00000  -99591.14330  -99591.14330    3.22581   0.05379   12.54524    0.05379    12.54524
S  drrr_15    299    15     5.01672     -41.39889      -0.13846   48.38710   0.00201    0.46985    0.00201     0.46985
S  rrg         98     4     4.08163     -14.19896      -0.14489   12.90323   0.13867   32.34510    0.13867    32.34510
S  rroi       104     8     7.69231     -15.21725      -0.14632   25.80645   0.09869   23.01843    0.09869    23.01843
S  rrri        97     3     3.09278     -11.98268      -0.12353    9.67742   0.13452   31.37708    0.13452    31.37708
S  SUM/AVG    599    31     5.17529  -99673.94109    -166.40057   20.00000   0.42768   99.75570    0.42768    99.75570

T best solution: EADARPSolution(t_routing=506.917, t_excess=77.08, obj_val=399.458, obj_val_valid=true,
    unserved_requests=Int64[], F_visited=[73, 74, 72, 71], S_visited=[75, 76, 77],
    (1, ([67, 2, 34, 32, 64, 14, 46, 16, 48, 15, 47, 12, 44, 71], Float64[], Int64[]))
    (2, ([68, 29, 31, 61, 63, 9, 11, 43, 41, 23, 55, 10, 42, 1, 20, 33, 52, 76, 72], [50.102179501608894], [18]))
    (3, ([69, 5, 37, 13, 45, 7, 6, 38, 39, 17, 49, 77, 3, 35, 25, 57, 73], [22.576513753780485], [12]))
    (4, ([70, 26, 58, 22, 54, 18, 50, 4, 21, 36, 27, 53, 59, 28, 60, 8, 40, 24, 56, 30, 19, 51, 62, 75, 74], [119.02851924065965], [24])))

T best obj: 399.45780457926224
T best iteration: 241
T total iterations: 300
T best time [s]: 0.394
T total time [s]: 0.4287
