EADARP version 2def-dirty
ARGS: --ifile=EADARP/instances/b1/a4-32.txt --odir=EADARP/out/a4-32 --oname=run7
Settings:
--alns_gamma=0.025
--alns_segment_size=100
--alns_sigma1=10
--alns_sigma2=9
--alns_sigma3=3
--at_most_one_s=false
--gamma=-1.0
--ifile=EADARP/instances/b1/a4-32.txt
--insert_charging_otf=true
--insert_cost_noise=0.014
--lns_init_temp_factor=0.0
--lns_temp_dec_factor=0.99
--mh_checkit=false
--mh_lfreq=0
--mh_lnewinc=true
--mh_tciter=-1
--mh_tctime=-1.0
--mh_titer=300
--mh_tobj=-1.0
--mh_ttime=-1.0
--odir=EADARP/out/a4-32
--oname=run7
--only_single_s_visits=true
--repair_max_routes=0
--seed=694307011
--use_milp_in_otf=0
--xcheck_isfeasible=false

EADARPInstance(EADARP/instances/b1/a4-32.txt, n=32, n_K=4, S=[75, 76, 77], Q=14.85, n_F=4, γ=0.7, T_plan=480.0, F=[71, 72, 73, 74])

T preprocessing time [s]: 0.49512
I       iter             best          obj_old          obj_new        time              method info
I          1        440.85670     100032.00000        440.85670      0.0637                 con 
I          2        438.11671        440.85670        438.11671      0.0708        drrr_15+rroi 
I          3        408.45444        438.11671        408.45444      0.0870        drrr_15+rrri 
I         17        406.56625        408.45444        406.56625      0.1721         drrr_15+rrg 
I         25        405.56483        406.56625        405.56483      0.2055        drrr_15+rroi 
I         34        400.87955        405.56483        400.87955      0.2287        drrr_15+rrri 
I        179        399.86009        400.87955        399.86009      0.3976         drrr_15+rrg 
I        192        398.32406        399.86009        398.32406      0.4017        drrr_15+rrri 
I        300        398.32406        398.32406     100001.00000      0.4712        drrr_15+rrri 

Method statistics
S  method    iter  succ  succ-rate%  tot-obj-gain  avg-obj-gain  rel-succ%  net-time  net-time%  brut-time  brut-time%
S  con          1     1   100.00000  -99591.14330  -99591.14330    6.66667   0.06364   13.50623    0.06364    13.50623
S  drrr_15    299     7     2.34114     -42.53263      -0.14225   46.66667   0.00200    0.42446    0.00200     0.42446
S  rrg        101     2     1.98020      -2.90765      -0.02879   13.33333   0.13331   28.29025    0.13331    28.29025
S  rroi        91     2     2.19780      -3.74141      -0.04111   13.33333   0.08433   17.89724    0.08433    17.89724
S  rrri       107     3     2.80374     -35.88357      -0.33536   20.00000   0.18703   39.69162    0.18703    39.69162
S  SUM/AVG    599    15     2.50417  -99676.20857    -166.40435   20.00000   0.47031   99.80980    0.47031    99.80980

T best solution: EADARPSolution(t_routing=499.526, t_excess=94.719, obj_val=398.324, obj_val_valid=true,
    unserved_requests=Int64[], F_visited=[71, 72, 74, 73], S_visited=[77, 76, 75],
    (1, ([67, 26, 58, 22, 54, 18, 50, 4, 21, 36, 27, 53, 59, 28, 60, 8, 40, 24, 56, 30, 62, 75, 71], [116.75140666044716], [22]))
    (2, ([68, 32, 64, 14, 46, 16, 15, 48, 47, 3, 35, 25, 57, 72], Float64[], Int64[]))
    (3, ([69, 5, 37, 13, 45, 7, 6, 38, 39, 17, 49, 10, 42, 77, 12, 44, 73], [8.936195253056429], [14]))
    (4, ([70, 2, 34, 29, 31, 61, 63, 9, 11, 43, 41, 23, 55, 19, 51, 1, 20, 33, 52, 76, 74], [52.00232912833997], [20])))

T best obj: 398.3240647891765
T best iteration: 192
T total iterations: 300
T best time [s]: 0.402
T total time [s]: 0.4712
