EADARP version c9cc1-dirty
ARGS: ["--mh_ttime=900", "--mh_lfreq=1", "--only_single_s_visits=0", "--gamma=0.7", "--mh_checkit=true", "--ifile=EADARP/instances/l2/a260-5200.txt", "--odir=EADARP/out/l2-s0-g0.7", "--oname=a260-5200_07"]
Settings:
--alns_gamma=0.025
--alns_segment_size=100
--alns_sigma1=10
--alns_sigma2=9
--alns_sigma3=3
--at_most_one_s=false
--gamma=0.7
--ifile=EADARP/instances/l2/a260-5200.txt
--infeasible_arcs=EADARP/infeasible_arcs
--insert_charging_otf=true
--insert_cost_noise=0.014
--lns_init_temp_factor=0.0
--lns_temp_dec_factor=0.99
--log_all_sols_fname=
--mh_checkit=true
--mh_lfreq=1
--mh_lnewinc=true
--mh_tciter=-1
--mh_tctime=-1.0
--mh_titer=30000
--mh_tobj=-1.0
--mh_ttime=900.0
--odir=EADARP/out/l2-s0-g0.7
--oname=a260-5200_07
--only_single_s_visits=false
--repair_max_routes=0
--route_based_ops=0
--seed=2105120339
--tightened_windows=EADARP/tightened_windows
--use_milp_in_otf=0
--xcheck_isfeasible=false

EADARPInstance(EADARP/instances/l2/a260-5200.txt, n=5200, n_K=260, S=[10923, 10924, 10925], Q=14.85, n_F=260, γ=0.7, T_plan=1200.0)

T preprocessing time [s]: 26.59651
I       iter             best          obj_old          obj_new        time              method info
I          1      50411.02472     105200.00000      50411.02472   4447.0594                 con 

Method statistics
S  method    iter  succ  succ-rate%  tot-obj-gain  avg-obj-gain  rel-succ%  net-time  net-time%  brut-time  brut-time%
S  con          1     1   100.00000  -54788.97528  -54788.97528  100.000004444.57424   99.94411 4444.57424    99.94411
S  drrr_15      0     0         NaN       0.00000           NaN    0.00000   0.00000    0.00000    0.00000     0.00000
S  rrg          0     0         NaN       0.00000           NaN    0.00000   0.00000    0.00000    0.00000     0.00000
S  rroi         0     0         NaN       0.00000           NaN    0.00000   0.00000    0.00000    0.00000     0.00000
S  rrri         0     0         NaN       0.00000           NaN    0.00000   0.00000    0.00000    0.00000     0.00000
S  SUM/AVG      1     1   100.00000  -54788.97528  -54788.97528   20.000004444.57424   99.94411 4444.57424    99.94411

T best solution: EADARPSolution(t_routing=56938.898, t_excess=30827.404, obj_val=50411.025, obj_val_valid=true,
    unserved_requests=Int64[])

T best obj: 50411.024716526124
T best iteration: 1
T total iterations: 1
T best time [s]: 4444.574
T total time [s]: 4447.0595
