EADARP version 11bb-dirty
ARGS: --ifile=EADARP/instances/l2/a200-4000.txt --repair_max_routes=40 --mh_lfreq=1 --mh_checkit=true --only_single_s_visits=false --seed=1479419931 --mh_titer=300 --odir=EADARP/prunedArcs/a200-4000 --oname=run18
Settings:
--alns_gamma=0.025
--alns_segment_size=100
--alns_sigma1=10
--alns_sigma2=9
--alns_sigma3=3
--at_most_one_s=false
--gamma=-1.0
--ifile=EADARP/instances/l2/a200-4000.txt
--infeasible_arcs=EADARP/infeasible_arcs
--insert_charging_otf=true
--insert_cost_noise=0.014
--lns_init_temp_factor=0.0
--lns_temp_dec_factor=0.99
--log_all_sols_fname=
--mh_checkit=true
--mh_lfreq=1
--mh_lnewinc=true
--mh_tciter=-1
--mh_tctime=-1.0
--mh_titer=300
--mh_tobj=-1.0
--mh_ttime=-1.0
--odir=EADARP/prunedArcs/a200-4000
--oname=run18
--only_single_s_visits=false
--repair_max_routes=40
--route_based_ops=0
--seed=1479419931
--tightened_windows=EADARP/tightened_windows
--use_milp_in_otf=0
--xcheck_isfeasible=false

EADARPInstance(EADARP/instances/l2/a200-4000.txt, n=4000, n_K=200, S=[8403, 8404, 8405], Q=14.85, n_F=200, γ=0.7, T_plan=1200.0)

T preprocessing time [s]: 10.073
I       iter             best          obj_old          obj_new        time              method info
I          1      43643.03738     104000.00000      43643.03738     89.1340                 con 
I          2      43643.03738      43643.03738      43673.64703     91.9160         drrr_15+rrg 
I          3      43643.03738      43643.03738      43665.76748     93.2260        drrr_15+rrri 
I          4      43611.08589      43643.03738      43611.08589     94.4310        drrr_15+rroi 
I          5      43611.08589      43611.08589      43640.19227     95.7020        drrr_15+rroi 
I          6      43611.08589      43611.08589      43680.65936     98.6380         drrr_15+rrg 
I          7      43611.08589      43611.08589      43690.55017    101.3650         drrr_15+rrg 
I          8      43609.83104      43611.08589      43609.83104    103.5590         drrr_15+rrg 
I          9      43590.51539      43609.83104      43590.51539    104.8310        drrr_15+rrri 
I         10      43581.53912      43590.51539      43581.53912    106.1710        drrr_15+rrri 
I         11      43581.53912      43581.53912      43623.68698    108.4860         drrr_15+rrg 
I         12      43581.53912      43581.53912      43605.31493    109.9390        drrr_15+rrri 
I         13      43581.53912      43581.53912      43653.37531    111.2510        drrr_15+rrri 
I         14      43581.53912      43581.53912      43633.71544    113.3720         drrr_15+rrg 
I         15      43581.53912      43581.53912      43600.51506    114.7240        drrr_15+rroi 
I         16      43581.53912      43581.53912      43589.10735    116.0240        drrr_15+rrri 
I         17      43581.53912      43581.53912      43606.63059    119.0160         drrr_15+rrg 
I         18      43557.19635      43581.53912      43557.19635    120.4000        drrr_15+rroi 
I         19      43552.68849      43557.19635      43552.68849    122.8830         drrr_15+rrg 
I         20      43552.68849      43552.68849      43583.28403    125.5090         drrr_15+rrg 
I         21      43552.68849      43552.68849      43602.30011    127.6330         drrr_15+rrg 
I         22      43552.68849      43552.68849      43627.86324    130.4090         drrr_15+rrg 
I         23      43552.68849      43552.68849      43569.62560    131.8080        drrr_15+rrri 
I         24      43552.68849      43552.68849      43656.55122    134.7640         drrr_15+rrg 
I         25      43527.61044      43552.68849      43527.61044    136.1070        drrr_15+rrri 
I         26      43527.61044      43527.61044      43583.95125    137.3930        drrr_15+rrri 
I         27      43527.61044      43527.61044      43583.83610    138.5500        drrr_15+rrri 
I         28      43527.61044      43527.61044      43590.84831    141.4730         drrr_15+rrg 
I         29      43527.61044      43527.61044      43539.19796    144.0330         drrr_15+rrg 
I         30      43527.61044      43527.61044      43535.49166    145.2590        drrr_15+rrri 
I         31      43527.61044      43527.61044      43582.58816    147.8920         drrr_15+rrg 
I         32      43527.61044      43527.61044      43560.08742    149.1220        drrr_15+rroi 
I         33      43527.61044      43527.61044      43539.49876    150.4220        drrr_15+rroi 
I         34      43527.61044      43527.61044      43592.62990    151.6500        drrr_15+rroi 
I         35      43527.61044      43527.61044      43539.23564    152.9420        drrr_15+rrri 
I         36      43527.61044      43527.61044      43584.76255    154.2120        drrr_15+rroi 
I         37      43527.61044      43527.61044      43599.46849    156.7540         drrr_15+rrg 
I         38      43527.61044      43527.61044      43563.87882    159.0900         drrr_15+rrg 
I         39      43527.61044      43527.61044      43546.04281    161.6070         drrr_15+rrg 
I         40      43527.61044      43527.61044      43561.85743    162.9770        drrr_15+rrri 
I         41      43526.25774      43527.61044      43526.25774    164.1810        drrr_15+rrri 
I         42      43526.25774      43526.25774      43552.57598    167.1070         drrr_15+rrg 
I         43      43506.57628      43526.25774      43506.57628    168.3500        drrr_15+rrri 
I         44      43506.40038      43506.57628      43506.40038    169.6330        drrr_15+rrri 
I         45      43506.40038      43506.40038      43537.34000    171.0090        drrr_15+rroi 
I         46      43483.25433      43506.40038      43483.25433    172.2810        drrr_15+rroi 
I         47      43483.25433      43483.25433      43499.10210    173.5600        drrr_15+rroi 
I         48      43483.25433      43483.25433      43509.91749    174.8160        drrr_15+rrri 
I         49      43483.25433      43483.25433      43492.45890    176.2090        drrr_15+rroi 
I         50      43483.25433      43483.25433      43557.80709    179.2980         drrr_15+rrg 
I         51      43477.64310      43483.25433      43477.64310    180.5530        drrr_15+rrri 
I         52      43477.64310      43477.64310      43517.35036    181.8070        drrr_15+rroi 
I         53      43477.64310      43477.64310      43497.02261    183.2370        drrr_15+rrri 
I         54      43469.80702      43477.64310      43469.80702    184.6410        drrr_15+rrri 
I         55      43469.80702      43469.80702      43480.14344    186.9210         drrr_15+rrg 
I         56      43459.54446      43469.80702      43459.54446    188.2520        drrr_15+rrri 
I         57      43447.00838      43459.54446      43447.00838    189.6310        drrr_15+rroi 
I         58      43447.00838      43447.00838      43484.46240    191.0160        drrr_15+rroi 
I         59      43428.66282      43447.00838      43428.66282    192.4950        drrr_15+rrri 
I         60      43421.14510      43428.66282      43421.14510    193.9250        drrr_15+rrri 
I         61      43421.14510      43421.14510      43429.87323    195.1990        drrr_15+rrri 
I         62      43421.14510      43421.14510      43452.30636    196.3950        drrr_15+rroi 
I         63      43398.80039      43421.14510      43398.80039    197.8600        drrr_15+rrri 
I         64      43373.95849      43398.80039      43373.95849    199.2150        drrr_15+rrri 
I         65      43373.95849      43373.95849      43434.37591    201.9630         drrr_15+rrg 
I         66      43373.95849      43373.95849      43464.47918    203.2540        drrr_15+rrri 
I         67      43360.53531      43373.95849      43360.53531    204.6960        drrr_15+rrri 
I         68      43360.53531      43360.53531      43400.36071    206.9550         drrr_15+rrg 
I         69      43360.53531      43360.53531      43407.17177    208.2740        drrr_15+rrri 
I         70      43360.53531      43360.53531      43444.20008    210.8710         drrr_15+rrg 
I         71      43360.53531      43360.53531      43385.82232    212.1980        drrr_15+rrri 
I         72      43360.53531      43360.53531      43386.28269    213.6140        drrr_15+rrri 
I         73      43352.25443      43360.53531      43352.25443    216.1910         drrr_15+rrg 
I         74      43352.25443      43352.25443      43367.37758    217.3830        drrr_15+rroi 
I         75      43352.25443      43352.25443      43363.98393    218.7550        drrr_15+rrri 
I         76      43352.25443      43352.25443      43408.79988    221.4370         drrr_15+rrg 
I         77      43352.25443      43352.25443      43427.69037    224.0070         drrr_15+rrg 
I         78      43352.25443      43352.25443      43360.67423    225.2940        drrr_15+rroi 
I         79      43346.60558      43352.25443      43346.60558    226.5020        drrr_15+rrri 
I         80      43346.60558      43346.60558      43445.70377    229.2240         drrr_15+rrg 
I         81      43346.60558      43346.60558      43363.66286    230.5440        drrr_15+rroi 
I         82      43346.60558      43346.60558      43412.94552    231.6660        drrr_15+rrri 
I         83      43346.60558      43346.60558      43406.74712    233.7040         drrr_15+rrg 
I         84      43346.60558      43346.60558      43388.38537    236.5040         drrr_15+rrg 
I         85      43346.60558      43346.60558      43365.52969    237.8280        drrr_15+rrri 
I         86      43346.60558      43346.60558      43361.17255    239.1280        drrr_15+rroi 
I         87      43346.60558      43346.60558      43383.76573    241.7960         drrr_15+rrg 
I         88      43346.60558      43346.60558      43380.09151    243.0840        drrr_15+rroi 
I         89      43345.25861      43346.60558      43345.25861    244.6410        drrr_15+rroi 
I         90      43315.26002      43345.25861      43315.26002    247.6540         drrr_15+rrg 
I         91      43315.26002      43315.26002      43339.09763    250.2070         drrr_15+rrg 
I         92      43315.26002      43315.26002      43387.59112    252.9690         drrr_15+rrg 
I         93      43315.26002      43315.26002      43360.86897    254.2710        drrr_15+rroi 
I         94      43315.26002      43315.26002      43390.08608    255.5620        drrr_15+rroi 
I         95      43315.26002      43315.26002      43353.16558    258.0620         drrr_15+rrg 
I         96      43315.26002      43315.26002      43344.75925    259.3550        drrr_15+rrri 
I         97      43315.26002      43315.26002      43401.18015    260.5900        drrr_15+rroi 
I         98      43315.26002      43315.26002      43363.17609    262.8490         drrr_15+rrg 
I         99      43315.26002      43315.26002      43321.42357    265.9250         drrr_15+rrg 
I        100      43315.26002      43315.26002      43349.58056    267.3120        drrr_15+rrri 
I        101      43315.26002      43315.26002      43349.03034    269.8690         drrr_15+rrg 
I        102      43315.26002      43315.26002      43423.45687    272.3910         drrr_15+rrg 
I        103      43299.87030      43315.26002      43299.87030    275.0760         drrr_15+rrg 
I        104      43299.87030      43299.87030      43343.78916    277.5670         drrr_15+rrg 
I        105      43299.87030      43299.87030      43303.14222    280.3410         drrr_15+rrg 
I        106      43299.87030      43299.87030      43305.29068    282.8740         drrr_15+rrg 
I        107      43299.87030      43299.87030      43355.09714    284.1820        drrr_15+rroi 
I        108      43299.87030      43299.87030      43330.71987    285.3360        drrr_15+rrri 
I        109      43299.87030      43299.87030      43303.43446    286.7480        drrr_15+rroi 
I        110      43299.87030      43299.87030      43336.82332    288.0600        drrr_15+rrri 
I        111      43299.87030      43299.87030      43332.80374    289.3970        drrr_15+rrri 
I        112      43299.87030      43299.87030      43346.99492    291.8630         drrr_15+rrg 
I        113      43299.87030      43299.87030      43326.18698    293.0960        drrr_15+rroi 
I        114      43281.65333      43299.87030      43281.65333    294.5230        drrr_15+rroi 
I        115      43281.65333      43281.65333      43341.45284    297.0670         drrr_15+rrg 
I        116      43281.65333      43281.65333      43300.66577    298.4570        drrr_15+rrri 
I        117      43278.67397      43281.65333      43278.67397    299.8200        drrr_15+rrri 
I        118      43278.67397      43278.67397      43326.47541    301.0730        drrr_15+rroi 
I        119      43278.67397      43278.67397      43298.71701    302.4470        drrr_15+rrri 
I        120      43278.67397      43278.67397      43312.10761    303.7400        drrr_15+rrri 
I        121      43278.67397      43278.67397      43283.13838    305.1090        drrr_15+rrri 
I        122      43278.67397      43278.67397      43285.00186    306.5870        drrr_15+rroi 
I        123      43267.14284      43278.67397      43267.14284    307.9450        drrr_15+rrri 
I        124      43267.14284      43267.14284      43301.09273    311.3240         drrr_15+rrg 
I        125      43267.14284      43267.14284      43278.02887    312.6250        drrr_15+rroi 
I        126      43260.66414      43267.14284      43260.66414    314.0320        drrr_15+rrri 
I        127      43260.66414      43260.66414      43305.07773    315.2760        drrr_15+rroi 
I        128      43260.66414      43260.66414      43362.97385    317.6090         drrr_15+rrg 
I        129      43260.66414      43260.66414      43424.71017    320.5980         drrr_15+rrg 
I        130      43260.66414      43260.66414      43332.11556    323.1640         drrr_15+rrg 
I        131      43260.66414      43260.66414      43279.11409    324.4360        drrr_15+rroi 
I        132      43260.66414      43260.66414      43272.38143    327.2340         drrr_15+rrg 
I        133      43254.44455      43260.66414      43254.44455    328.6080        drrr_15+rrri 
I        134      43254.44455      43254.44455      43316.56913    329.9100        drrr_15+rrri 
I        135      43254.44455      43254.44455      43300.54073    331.1230        drrr_15+rroi 
I        136      43254.44455      43254.44455      43407.10768    333.3380         drrr_15+rrg 
I        137      43254.44455      43254.44455      43296.03268    336.4110         drrr_15+rrg 
I        138      43254.44455      43254.44455      43258.74002    338.4500         drrr_15+rrg 
I        139      43254.44455      43254.44455      43289.29613    339.7140        drrr_15+rroi 
I        140      43254.44455      43254.44455      43327.51741    342.4930         drrr_15+rrg 
I        141      43254.44455      43254.44455      43266.82076    343.7780        drrr_15+rrri 
I        142      43254.44455      43254.44455      43292.66044    345.4870        drrr_15+rrri 
I        143      43254.44455      43254.44455      43293.15550    346.7560        drrr_15+rroi 
I        144      43254.44455      43254.44455      43299.47463    347.9760        drrr_15+rroi 
I        145      43254.44455      43254.44455      43264.21457    351.0060         drrr_15+rrg 
I        146      43254.44455      43254.44455      43300.32776    352.3350        drrr_15+rroi 
I        147      43254.44455      43254.44455      43287.18436    354.6840         drrr_15+rrg 
I        148      43254.44455      43254.44455      43324.79545    357.0760         drrr_15+rrg 
I        149      43254.44455      43254.44455      43295.72193    358.4530        drrr_15+rroi 
I        150      43254.44455      43254.44455      43284.47429    359.7510        drrr_15+rroi 
I        151      43254.44455      43254.44455      43275.25636    360.9010        drrr_15+rroi 
I        152      43254.44455      43254.44455      43294.08208    363.4270         drrr_15+rrg 
I        153      43245.54466      43254.44455      43245.54466    364.7010        drrr_15+rroi 
I        154      43245.54466      43245.54466      43322.30658    367.1830         drrr_15+rrg 
I        155      43237.36056      43245.54466      43237.36056    368.6780        drrr_15+rrri 
I        156      43237.36056      43237.36056      43281.35303    370.0160        drrr_15+rroi 
I        157      43237.36056      43237.36056      43237.59000    371.3470        drrr_15+rroi 
I        158      43237.36056      43237.36056      43326.63682    373.7160         drrr_15+rrg 
I        159      43237.36056      43237.36056      43262.84053    375.0240        drrr_15+rroi 
I        160      43237.36056      43237.36056      43341.56059    377.1130         drrr_15+rrg 
I        161      43237.36056      43237.36056      43238.49295    378.3880        drrr_15+rroi 
I        162      43237.36056      43237.36056      43240.85840    379.7440        drrr_15+rrri 
I        163      43235.76193      43237.36056      43235.76193    381.2780        drrr_15+rrri 
I        164      43235.76193      43235.76193      43241.97632    382.5800        drrr_15+rroi 
I        165      43235.76193      43235.76193      43274.17361    383.8960        drrr_15+rrri 
I        166      43235.76193      43235.76193      43278.91933    385.2600        drrr_15+rrri 
I        167      43204.23171      43235.76193      43204.23171    386.5190        drrr_15+rrri 
I        168      43204.23171      43204.23171      43232.13096    389.1580         drrr_15+rrg 
I        169      43204.23171      43204.23171      43252.95727    390.4470        drrr_15+rrri 
I        170      43182.49231      43204.23171      43182.49231    391.7470        drrr_15+rrri 
I        171      43182.49231      43182.49231      43309.89207    393.6490         drrr_15+rrg 
I        172      43180.57273      43182.49231      43180.57273    394.9140        drrr_15+rrri 
I        173      43172.99471      43180.57273      43172.99471    396.3430        drrr_15+rrri 
I        174      43172.99471      43172.99471      43211.50518    397.5810        drrr_15+rroi 
I        175      43172.99471      43172.99471      43214.54054    398.9950        drrr_15+rrri 
I        176      43172.99471      43172.99471      43221.44976    400.1050        drrr_15+rrri 
I        177      43172.75634      43172.99471      43172.75634    401.4970        drrr_15+rrri 
I        178      43172.75634      43172.75634      43191.98731    402.8510        drrr_15+rroi 
I        179      43172.75634      43172.75634      43200.21677    404.1410        drrr_15+rrri 
I        180      43172.75634      43172.75634      43191.45673    405.4970        drrr_15+rrri 
I        181      43172.75634      43172.75634      43262.23973    408.2290         drrr_15+rrg 
I        182      43172.75634      43172.75634      43182.56708    409.6440        drrr_15+rroi 
I        183      43172.75634      43172.75634      43243.24764    412.3560         drrr_15+rrg 
I        184      43172.75634      43172.75634      43215.77672    414.9270         drrr_15+rrg 
I        185      43160.64836      43172.75634      43160.64836    416.2690        drrr_15+rrri 
I        186      43160.64836      43160.64836      43192.49547    417.5940        drrr_15+rrri 
I        187      43160.58631      43160.64836      43160.58631    418.8690        drrr_15+rroi 
I        188      43160.58631      43160.58631      43232.53401    420.8110         drrr_15+rrg 
I        189      43152.93698      43160.58631      43152.93698    422.1440        drrr_15+rrri 
I        190      43152.93698      43152.93698      43237.30692    424.6120         drrr_15+rrg 
I        191      43152.93698      43152.93698      43201.16101    427.2370         drrr_15+rrg 
I        192      43152.93698      43152.93698      43165.91917    428.4780        drrr_15+rroi 
I        193      43152.93698      43152.93698      43178.65860    429.7210        drrr_15+rrri 
I        194      43152.93698      43152.93698      43186.47423    431.0810        drrr_15+rrri 
I        195      43152.93698      43152.93698      43213.37314    432.3510        drrr_15+rrri 
I        196      43152.93698      43152.93698      43214.32536    434.7630         drrr_15+rrg 
I        197      43152.93698      43152.93698      43172.00706    436.0210        drrr_15+rroi 
I        198      43152.93698      43152.93698      43317.36402    438.2900         drrr_15+rrg 
I        199      43152.93698      43152.93698      43209.55376    439.6040        drrr_15+rrri 
I        200      43152.93698      43152.93698      43223.25889    441.0100        drrr_15+rrri 
I        201      43152.93698      43152.93698      43183.50526    442.2360        drrr_15+rrri 
I        202      43115.15985      43152.93698      43115.15985    443.5710        drrr_15+rrri 
I        203      43115.15985      43115.15985      43148.34414    444.8820        drrr_15+rroi 
I        204      43105.68457      43115.15985      43105.68457    446.3310        drrr_15+rroi 
I        205      43105.68457      43105.68457      43235.91735    448.9210         drrr_15+rrg 
I        206      43105.68457      43105.68457      43128.26839    450.1950        drrr_15+rrri 
I        207      43105.68457      43105.68457      43109.06762    451.4770        drrr_15+rrri 
I        208      43105.68457      43105.68457      43127.92046    452.8490        drrr_15+rrri 
I        209      43105.68457      43105.68457      43114.50750    454.1870        drrr_15+rrri 
I        210      43105.68457      43105.68457      43152.25821    455.3950        drrr_15+rroi 
I        211      43105.68457      43105.68457      43115.18852    456.7580        drrr_15+rrri 
I        212      43105.68457      43105.68457      43222.77700    459.3830         drrr_15+rrg 
I        213      43105.68457      43105.68457      43145.92843    460.6880        drrr_15+rroi 
I        214      43105.68457      43105.68457      43114.47992    461.8840        drrr_15+rrri 
I        215      43105.68457      43105.68457      43181.59543    464.7070         drrr_15+rrg 
I        216      43105.68457      43105.68457      43174.98506    467.1540         drrr_15+rrg 
I        217      43105.68457      43105.68457      43119.10421    469.8960         drrr_15+rrg 
I        218      43105.68457      43105.68457      43193.19131    471.9300         drrr_15+rrg 
I        219      43105.68457      43105.68457      43106.38059    473.2710        drrr_15+rroi 
I        220      43105.68457      43105.68457      43140.00840    474.6650        drrr_15+rrri 
I        221      43105.68457      43105.68457      43138.34230    475.9290        drrr_15+rrri 
I        222      43105.68457      43105.68457      43121.74401    478.9790         drrr_15+rrg 
I        223      43105.68457      43105.68457      43124.13762    480.2260        drrr_15+rroi 
I        224      43105.68457      43105.68457      43163.73125    482.5920         drrr_15+rrg 
I        225      43105.68457      43105.68457      43110.37972    483.8600        drrr_15+rrri 
I        226      43105.68457      43105.68457      43137.39208    485.0290        drrr_15+rrri 
I        227      43105.68457      43105.68457      43139.63193    486.3790        drrr_15+rroi 
I        228      43105.68457      43105.68457      43204.15838    489.0310         drrr_15+rrg 
I        229      43105.68457      43105.68457      43108.14464    490.3410        drrr_15+rrri 
I        230      43105.68457      43105.68457      43121.78662    491.5420        drrr_15+rrri 
I        231      43105.68457      43105.68457      43142.13473    494.1280         drrr_15+rrg 
I        232      43105.68457      43105.68457      43121.61015    495.3960        drrr_15+rrri 
I        233      43105.68457      43105.68457      43129.32785    496.7690        drrr_15+rroi 
I        234      43105.68457      43105.68457      43131.33824    497.9570        drrr_15+rroi 
I        235      43105.68457      43105.68457      43136.52294    499.2360        drrr_15+rroi 
I        236      43105.68457      43105.68457      43144.23019    500.4670        drrr_15+rrri 
I        237      43105.68457      43105.68457      43152.87415    502.8010         drrr_15+rrg 
I        238      43105.68457      43105.68457      43113.55762    504.2100        drrr_15+rroi 
I        239      43105.68457      43105.68457      43193.90090    506.4870         drrr_15+rrg 
I        240      43105.68457      43105.68457      43154.85315    507.8770        drrr_15+rrri 
I        241      43089.21436      43105.68457      43089.21436    509.1640        drrr_15+rroi 
I        242      43089.21436      43089.21436      43100.87054    510.4990        drrr_15+rroi 
I        243      43089.21436      43089.21436      43142.84462    511.9040        drrr_15+rrri 
I        244      43089.21436      43089.21436      43115.63626    513.1860        drrr_15+rrri 
I        245      43089.21436      43089.21436      43124.59603    514.4260        drrr_15+rrri 
I        246      43089.21436      43089.21436      43118.00054    515.6530        drrr_15+rroi 
I        247      43089.21436      43089.21436      43130.28672    517.9530         drrr_15+rrg 
I        248      43089.21436      43089.21436      43107.33374    519.1680        drrr_15+rroi 
I        249      43089.21436      43089.21436      43141.17729    520.5050        drrr_15+rrri 
I        250      43089.21436      43089.21436      43109.39493    521.7960        drrr_15+rroi 
I        251      43089.21436      43089.21436      43149.69585    522.9530        drrr_15+rroi 
I        252      43089.21436      43089.21436      43206.98759    525.4870         drrr_15+rrg 
I        253      43089.21436      43089.21436      43200.24059    527.7190         drrr_15+rrg 
I        254      43089.21436      43089.21436      43138.20608    530.0410         drrr_15+rrg 
I        255      43089.21436      43089.21436      43129.21303    531.2780        drrr_15+rrri 
I        256      43089.21436      43089.21436      43134.50483    533.5200         drrr_15+rrg 
I        257      43089.21436      43089.21436      43108.20893    534.7700        drrr_15+rrri 
I        258      43089.21436      43089.21436      43102.70716    536.0880        drrr_15+rroi 
I        259      43089.21436      43089.21436      43185.48975    538.5520         drrr_15+rrg 
I        260      43089.21436      43089.21436      43123.09677    539.8090        drrr_15+rrri 
I        261      43089.21436      43089.21436      43157.12546    541.0710        drrr_15+rrri 
I        262      43089.21436      43089.21436      43161.75116    542.3530        drrr_15+rrri 
I        263      43089.21436      43089.21436      43179.94225    544.5120         drrr_15+rrg 
I        264      43089.21436      43089.21436      43141.35824    545.7610        drrr_15+rroi 
I        265      43089.21436      43089.21436      43113.61927    547.0410        drrr_15+rroi 
I        266      43089.21436      43089.21436      43102.47213    548.3070        drrr_15+rrri 
I        267      43076.88990      43089.21436      43076.88990    549.7070        drrr_15+rroi 
I        268      43076.88990      43076.88990      43124.11206    551.0650        drrr_15+rrri 
I        269      43070.10211      43076.88990      43070.10211    552.2970        drrr_15+rrri 
I        270      43070.10211      43070.10211      43107.16723    553.8360        drrr_15+rrri 
I        271      43070.10211      43070.10211      43130.37550    555.2400        drrr_15+rroi 
I        272      43070.10211      43070.10211      43116.36177    556.4940        drrr_15+rroi 
I        273      43070.10211      43070.10211      43090.87033    557.9120        drrr_15+rrri 
I        274      43070.10211      43070.10211      43139.19550    559.0950        drrr_15+rroi 
I        275      43070.10211      43070.10211      43100.94001    561.3030         drrr_15+rrg 
I        276      43070.10211      43070.10211      43095.32835    562.6770        drrr_15+rrri 
I        277      43070.10211      43070.10211      43109.61497    563.9290        drrr_15+rroi 
I        278      43070.10211      43070.10211      43256.54903    566.2970         drrr_15+rrg 
I        279      43070.10211      43070.10211      43079.93684    567.6460        drrr_15+rrri 
I        280      43070.10211      43070.10211      43152.20700    569.9480         drrr_15+rrg 
I        281      43067.18241      43070.10211      43067.18241    572.6500         drrr_15+rrg 
I        282      43067.18241      43067.18241      43102.06450    573.9190        drrr_15+rroi 
I        283      43067.18241      43067.18241      43138.78920    575.1970        drrr_15+rroi 
I        284      43067.18241      43067.18241      43141.87695    577.5630         drrr_15+rrg 
I        285      43056.03429      43067.18241      43056.03429    579.8820         drrr_15+rrg 
I        286      43056.03429      43056.03429      43147.62575    581.9130         drrr_15+rrg 
I        287      43056.03429      43056.03429      43162.69486    584.2790         drrr_15+rrg 
I        288      43056.03429      43056.03429      43063.63504    585.5970        drrr_15+rroi 
I        289      43056.03429      43056.03429      43124.85504    586.8720        drrr_15+rrri 
I        290      43056.03429      43056.03429      43142.20207    588.8360         drrr_15+rrg 
I        291      43056.03429      43056.03429      43080.00363    590.1420        drrr_15+rroi 
I        292      43056.03429      43056.03429      43162.97756    592.1680         drrr_15+rrg 
I        293      43056.03429      43056.03429      43151.26077    594.8170         drrr_15+rrg 
I        294      43056.03429      43056.03429      43093.09029    597.3420         drrr_15+rrg 
I        295      43056.03429      43056.03429      43101.63251    599.9250         drrr_15+rrg 
I        296      43056.03429      43056.03429      43152.27524    602.1490         drrr_15+rrg 
I        297      43056.03429      43056.03429      43059.31113    604.3200         drrr_15+rrg 
I        298      43056.03429      43056.03429      43067.49187    605.5670        drrr_15+rrri 
I        299      43056.03429      43056.03429      43105.23052    606.8190        drrr_15+rrri 
I        300      43056.03429      43056.03429      43140.31587    609.1650         drrr_15+rrg 

Method statistics
S  method    iter  succ  succ-rate%  tot-obj-gain  avg-obj-gain  rel-succ%  net-time  net-time%  brut-time  brut-time%
S  con          1     1   100.00000  -60356.96262  -60356.96262    1.03093  88.14200   14.46931   88.14200    14.46931
S  drrr_15    299    48    16.05351    -587.00309      -1.96322   49.48454   0.90800    0.14906    0.90800     0.14906
S  rrg        106     7     6.60377     -73.49973      -0.69339    7.21649 176.22500   28.92894  176.22500    28.92894
S  rroi        83    11    13.25301    -158.77219      -1.91292   11.34021  37.07500    6.08620   37.07500     6.08620
S  rrri       110    30    27.27273    -354.73117      -3.22483   30.92784  51.29500    8.42054   51.29500     8.42054
S  SUM/AVG    599    97    16.19366  -61530.96880    -102.72282   20.00000 353.64500   58.05406  353.64500    58.05406

T best solution: EADARPSolution(t_routing=51898.414, t_excess=16528.896, obj_val=43056.034, obj_val_valid=true,
    unserved_requests=Int64[])

T best obj: 43056.03429021152
T best iteration: 285
T total iterations: 300
T best time [s]: 579.882
T total time [s]: 609.1650
