EADARP version ecec-dirty
ARGS: --ifile=EADARP/instances/random/r8-80-00000.txt  --gamma=0.7 --only_single_s_visits=false --odir=EADARP/solutions/random/r8-80-00000 --oname=run26
Settings:
--alns_gamma=0.025
--alns_segment_size=100
--alns_sigma1=10
--alns_sigma2=9
--alns_sigma3=3
--at_most_one_s=false
--gamma=0.7
--ifile=EADARP/instances/random/r8-80-00000.txt
--infeasible_arcs=EADARP/infeasible_arcs
--insert_charging_otf=true
--insert_cost_noise=0.014
--lns_init_temp_factor=0.0
--lns_temp_dec_factor=0.99
--log_all_sols_fname=
--mh_checkit=false
--mh_lfreq=0
--mh_lnewinc=true
--mh_tciter=-1
--mh_tctime=-1.0
--mh_titer=30000
--mh_tobj=-1.0
--mh_ttime=-1.0
--odir=EADARP/solutions/random/r8-80-00000
--ofile=
--oname=run26
--only_single_s_visits=false
--prepthreshold=0.1
--repair_max_routes=0
--route_based_ops=0
--seed=501256067
--tightened_windows=EADARP/tightened_windows
--use_milp_in_otf=0
--xcheck_isfeasible=false

EADARPInstance(EADARP/instances/random/r8-80-00000.txt, n=80, n_K=8, S=[177, 178, 179], Q=14.85, n_F=8, γ=0.7, T_plan=720.0, F=[169, 170, 171, 172, 173, 174, 175, 176])

Percentage of arcs removed: 72.17315314752972%
Minimum Degree: 10
T preprocessing time [s]: 4.246
I       iter             best          obj_old          obj_new        time              method info
I          1        941.03030     100080.00000        941.03030      0.1970                 con 
I          2        908.41418        941.03030        908.41418      0.2580        drrr_15+rrri 
I          3        903.87885        908.41418        903.87885      0.2830        drrr_15+rroi 
I          4        895.17306        903.87885        895.17306      0.3070         drrr_15+rrg 
I          5        851.48221        895.17306        851.48221      0.3420        drrr_15+rroi 
I          7        849.56842        851.48221        849.56842      0.4170         drrr_15+rrg 
I         10        845.23574        849.56842        845.23574      0.4570        drrr_15+rroi 
I         12        842.80851        845.23574        842.80851      0.4890        drrr_15+rrri 
I         14        841.48066        842.80851        841.48066      0.5020        drrr_15+rrri 
I         15        831.46349        841.48066        831.46349      0.5280        drrr_15+rroi 
I         17        828.45886        831.46349        828.45886      0.5690        drrr_15+rroi 
I         19        814.41938        828.45886        814.41938      0.5870        drrr_15+rroi 
I         22        809.27064        814.41938        809.27064      0.6170        drrr_15+rroi 
I         25        806.40440        809.27064        806.40440      0.6580        drrr_15+rroi 
I         27        805.56101        806.40440        805.56101      0.6710        drrr_15+rroi 
I         28        804.76954        805.56101        804.76954      0.6830         drrr_15+rrg 
I         32        803.90833        804.76954        803.90833      0.7000         drrr_15+rrg 
I         40        797.85225        803.90833        797.85225      0.7440        drrr_15+rrri 
I         55        794.74889        797.85225        794.74889      0.8200        drrr_15+rrri 
I        169        791.74579        794.74889        791.74579      1.0730        drrr_15+rrri 
I        171        790.88435        791.74579        790.88435      1.0750        drrr_15+rroi 
I        179        790.84270        790.88435        790.84270      1.1040        drrr_15+rrri 
I        202        789.44141        790.84270        789.44141      1.2380        drrr_15+rroi 
I        433        789.34917        789.44141        789.34917      1.6290         drrr_15+rrg 
I        441        786.29929        789.34917        786.29929      1.6700         drrr_15+rrg 
I        469        785.98157        786.29929        785.98157      1.7290         drrr_15+rrg 
I        764        785.52502        785.98157        785.52502      2.2410         drrr_15+rrg 
I        775        785.52502        785.52502        785.52502      2.2660        drrr_15+rroi 
I        992        784.19895        785.52502        784.19895      2.5420        drrr_15+rrri 
I       1589        784.03227        784.19895        784.03227      3.2250        drrr_15+rroi 
I       1651        784.02516        784.03227        784.02516      3.3080        drrr_15+rroi 
I       1652        783.98352        784.02516        783.98352      3.3080        drrr_15+rrri 
I       1901        783.35364        783.98352        783.35364      3.5580        drrr_15+rroi 
I       1930        782.17956        783.35364        782.17956      3.5740        drrr_15+rrri 
I       1944        780.93441        782.17956        780.93441      3.5880        drrr_15+rrri 
I       1953        777.29548        780.93441        777.29548      3.5930        drrr_15+rrri 
I       1956        777.25383        777.29548        777.25383      3.6200        drrr_15+rroi 
I       2137        776.25454        777.25383        776.25454      3.8080        drrr_15+rrri 
I       2156        774.28038        776.25454        774.28038      3.8210        drrr_15+rrri 
I       2233        773.80903        774.28038        773.80903      3.9170        drrr_15+rrri 
I       2404        772.29074        773.80903        772.29074      4.1160        drrr_15+rroi 
I       2424        771.04953        772.29074        771.04953      4.1410        drrr_15+rrri 
I       2440        768.18241        771.04953        768.18241      4.1570         drrr_15+rrg 
I       4655        767.98345        768.18241        767.98345      6.3490         drrr_15+rrg 
I       4660        767.94180        767.98345        767.94180      6.3560         drrr_15+rrg 
I       4662        766.69666        767.94180        766.69666      6.3570        drrr_15+rroi 
I       6322        765.09967        766.69666        765.09967      7.9090        drrr_15+rroi 
I      30000        765.09967        765.09967        773.27672     27.8830        drrr_15+rroi 

Method statistics
S  method    iter  succ  succ-rate%  tot-obj-gain  avg-obj-gain  rel-succ%  net-time  net-time%  brut-time  brut-time%
S  con          1     1   100.00000  -99138.96970  -99138.96970    1.07527   0.19700    0.70652    0.19700     0.70652
S  drrr_15  29999    46     0.15334    -175.93063      -0.00586   49.46237   0.80800    2.89783    0.80800     2.89783
S  rrg       9860    11     0.11156     -19.29638      -0.00196   11.82796  12.66700   45.42910   12.66700    45.42910
S  rroi     10090    19     0.18831     -95.94697      -0.00951   20.43011   6.57800   23.59144    6.57800    23.59144
S  rrri     10049    16     0.15922     -60.68729      -0.00604   17.20430   7.44900   26.71522    7.44900    26.71522
S  SUM/AVG  59999    93     0.15500  -99490.83096      -1.65821   20.00000  27.69900   99.34011   27.69900    99.34011

T best solution: EADARPSolution(t_routing=973.615, t_excess=139.554, obj_val=765.1, obj_val_valid=true,
    unserved_requests=Int64[], F_visited=[176, 172, 169, 171, 173, 175, 170, 174], S_visited=Int64[],
    (1, ([161, 4, 21, 84, 101, 26, 106, 60, 140, 16, 96, 46, 63, 126, 143, 71, 151, 177, 169], [36.65226617574885], [18]))
    (2, ([162, 28, 108, 72, 152, 8, 88, 40, 69, 149, 120, 73, 153, 15, 95, 19, 25, 99, 105, 77, 157, 177, 170], [46.580038822724134], [22]))
    (3, ([163, 57, 137, 13, 93, 34, 114, 23, 103, 38, 76, 156, 118, 53, 133, 36, 116, 29, 109, 43, 42, 122, 123, 177, 171], [39.684454796555904], [24]))
    (4, ([164, 54, 134, 41, 121, 33, 113, 67, 75, 147, 66, 146, 155, 17, 97, 39, 3, 83, 119, 22, 102, 177, 31, 111, 59, 139, 74, 154, 1, 81, 172], [75.0320338142885], [22]))
    (5, ([165, 7, 87, 49, 129, 65, 56, 136, 145, 50, 44, 124, 130, 5, 12, 85, 92, 27, 107, 61, 141, 177, 173], [18.271966796545996], [22]))
    (6, ([166, 30, 110, 9, 89, 70, 150, 20, 100, 18, 62, 142, 98, 11, 91, 79, 159, 6, 86, 2, 82, 58, 138, 177, 174], [33.41782695007935], [24]))
    (7, ([167, 52, 132, 64, 144, 45, 125, 51, 131, 10, 90, 78, 158, 47, 127, 80, 160, 177, 175], [31.003851038195407], [18]))
    (8, ([168, 55, 135, 32, 112, 68, 148, 37, 117, 35, 115, 24, 104, 48, 128, 14, 94, 177, 176], [44.97238542091613], [18])))

T best obj: 765.0996705288817
T best iteration: 6322
T total iterations: 30000
T best time [s]: 7.909
T total time [s]: 27.8830
