EADARP version ecec-dirty
ARGS: --ifile=EADARP/instances/random/r8-80-00000.txt  --gamma=0.7 --only_single_s_visits=false --odir=EADARP/solutions/random/r8-80-00000 --oname=run27
Settings:
--alns_gamma=0.025
--alns_segment_size=100
--alns_sigma1=10
--alns_sigma2=9
--alns_sigma3=3
--at_most_one_s=false
--gamma=0.7
--ifile=EADARP/instances/random/r8-80-00000.txt
--infeasible_arcs=EADARP/infeasible_arcs
--insert_charging_otf=true
--insert_cost_noise=0.014
--lns_init_temp_factor=0.0
--lns_temp_dec_factor=0.99
--log_all_sols_fname=
--mh_checkit=false
--mh_lfreq=0
--mh_lnewinc=true
--mh_tciter=-1
--mh_tctime=-1.0
--mh_titer=30000
--mh_tobj=-1.0
--mh_ttime=-1.0
--odir=EADARP/solutions/random/r8-80-00000
--ofile=
--oname=run27
--only_single_s_visits=false
--prepthreshold=0.1
--repair_max_routes=0
--route_based_ops=0
--seed=1519485776
--tightened_windows=EADARP/tightened_windows
--use_milp_in_otf=0
--xcheck_isfeasible=false

EADARPInstance(EADARP/instances/random/r8-80-00000.txt, n=80, n_K=8, S=[177, 178, 179], Q=14.85, n_F=8, γ=0.7, T_plan=720.0, F=[169, 170, 171, 172, 173, 174, 175, 176])

Percentage of arcs removed: 72.17315314752972%
Minimum Degree: 10
T preprocessing time [s]: 4.123
I       iter             best          obj_old          obj_new        time              method info
I          1        918.68988     100080.00000        918.68988      0.2570                 con 
I          2        912.14044        918.68988        912.14044      0.2780         drrr_15+rrg 
I          3        894.14873        912.14044        894.14873      0.2950         drrr_15+rrg 
I          4        882.21573        894.14873        882.21573      0.3370        drrr_15+rroi 
I          6        876.25407        882.21573        876.25407      0.3820        drrr_15+rrri 
I          7        873.24936        876.25407        873.24936      0.3980         drrr_15+rrg 
I          8        862.97205        873.24936        862.97205      0.4230        drrr_15+rroi 
I         10        858.09932        862.97205        858.09932      0.4790         drrr_15+rrg 
I         21        857.23236        858.09932        857.23236      0.7080        drrr_15+rroi 
I         24        856.77738        857.23236        856.77738      0.7450         drrr_15+rrg 
I         27        852.80589        856.77738        852.80589      0.7620        drrr_15+rroi 
I         30        844.91956        852.80589        844.91956      0.7950        drrr_15+rrri 
I         32        843.44290        844.91956        843.44290      0.8450        drrr_15+rrri 
I         33        841.00079        843.44290        841.00079      0.8740        drrr_15+rroi 
I         34        839.69843        841.00079        839.69843      0.8870        drrr_15+rrri 
I         37        826.11775        839.69843        826.11775      0.9160        drrr_15+rroi 
I         38        824.77979        826.11775        824.77979      0.9490        drrr_15+rrri 
I         39        824.45180        824.77979        824.45180      0.9550        drrr_15+rrri 
I         41        823.90161        824.45180        823.90161      0.9780        drrr_15+rroi 
I         43        816.27844        823.90161        816.27844      1.0280        drrr_15+rrri 
I         44        815.93203        816.27844        815.93203      1.0540         drrr_15+rrg 
I         56        815.83046        815.93203        815.83046      1.1450         drrr_15+rrg 
I         58        815.26491        815.83046        815.26491      1.1740         drrr_15+rrg 
I         68        814.60550        815.26491        814.60550      1.2250         drrr_15+rrg 
I         77        814.49771        814.60550        814.49771      1.3050        drrr_15+rrri 
I         93        813.52051        814.49771        813.52051      1.3630        drrr_15+rroi 
I         97        813.41148        813.52051        813.41148      1.3750        drrr_15+rroi 
I        211        812.81207        813.41148        812.81207      1.6660         drrr_15+rrg 
I        221        812.28129        812.81207        812.28129      1.7050         drrr_15+rrg 
I        230        805.71268        812.28129        805.71268      1.7350        drrr_15+rroi 
I        244        802.11647        805.71268        802.11647      1.7490        drrr_15+rrri 
I        248        800.73905        802.11647        800.73905      1.7780        drrr_15+rroi 
I        258        799.35523        800.73905        799.35523      1.7960         drrr_15+rrg 
I        266        797.96578        799.35523        797.96578      1.8290        drrr_15+rrri 
I        278        796.81479        797.96578        796.81479      1.8380        drrr_15+rrri 
I        308        795.45995        796.81479        795.45995      1.8800        drrr_15+rroi 
I        317        794.43190        795.45995        794.43190      1.8990        drrr_15+rroi 
I        318        794.12743        794.43190        794.12743      1.8990        drrr_15+rroi 
I        321        793.78321        794.12743        793.78321      1.8990        drrr_15+rroi 
I        347        793.10054        793.78321        793.10054      1.9480        drrr_15+rrri 
I        370        792.80917        793.10054        792.80917      1.9850        drrr_15+rrri 
I        375        792.64025        792.80917        792.64025      1.9970         drrr_15+rrg 
I        382        792.59860        792.64025        792.59860      2.0060         drrr_15+rrg 
I        426        791.76405        792.59860        791.76405      2.0580         drrr_15+rrg 
I        755        790.29253        791.76405        790.29253      3.9170         drrr_15+rrg 
I       1447        789.40166        790.29253        789.40166      4.7290        drrr_15+rrri 
I       1502        787.50021        789.40166        787.50021      4.8060        drrr_15+rroi 
I       1626        787.03320        787.50021        787.03320      4.9450        drrr_15+rroi 
I       1654        783.19410        787.03320        783.19410      4.9780        drrr_15+rroi 
I       1915        782.15089        783.19410        782.15089      5.2450        drrr_15+rrri 
I       2111        781.57644        782.15089        781.57644      5.4790        drrr_15+rrri 
I       2211        781.22582        781.57644        781.22582      5.6410        drrr_15+rroi 
I       2229        780.43465        781.22582        780.43465      5.6620         drrr_15+rrg 
I       2235        778.31951        780.43465        778.31951      5.6650        drrr_15+rroi 
I       2346        778.27786        778.31951        778.27786      5.7620         drrr_15+rrg 
I       2369        778.01374        778.27786        778.01374      5.7800         drrr_15+rrg 
I       5208        777.81418        778.01374        777.81418      8.4270        drrr_15+rrri 
I       5217        777.49519        777.81418        777.49519      8.4350        drrr_15+rroi 
I       5274        777.14587        777.49519        777.14587      8.4800        drrr_15+rrri 
I       5911        776.86429        777.14587        776.86429      8.9820        drrr_15+rroi 
I       6048        775.41755        776.86429        775.41755      9.0780        drrr_15+rroi 
I      30000        775.41755        775.41755        778.77247     29.6160         drrr_15+rrg 

Method statistics
S  method    iter  succ  succ-rate%  tot-obj-gain  avg-obj-gain  rel-succ%  net-time  net-time%  brut-time  brut-time%
S  con          1     1   100.00000  -99161.31012  -99161.31012    0.82645   0.25700    0.86777    0.25700     0.86777
S  drrr_15  29999    60     0.20001    -143.27233      -0.00478   49.58678   0.77800    2.62696    0.77800     2.62696
S  rrg      10007    19     0.18987     -40.67410      -0.00406   15.70248  13.33900   45.03984   13.33900    45.03984
S  rroi      9902    23     0.23228     -66.40620      -0.00671   19.00826   7.73600   26.12101    7.73600    26.12101
S  rrri     10090    18     0.17839     -36.19203      -0.00359   14.87603   7.33200   24.75690    7.33200    24.75690
S  SUM/AVG  59999   121     0.20167  -99447.85479      -1.65749   20.00000  29.44200   99.41248   29.44200    99.41248

T best solution: EADARPSolution(t_routing=969.509, t_excess=193.142, obj_val=775.418, obj_val_valid=true,
    unserved_requests=Int64[], F_visited=[171, 176, 173, 175, 172, 170, 169, 174], S_visited=Int64[],
    (1, ([161, 55, 135, 23, 103, 38, 76, 156, 118, 71, 151, 169], Float64[], Int64[]))
    (2, ([162, 57, 137, 13, 93, 67, 75, 147, 66, 146, 155, 17, 97, 3, 65, 83, 145, 37, 117, 35, 115, 24, 104, 48, 128, 179, 42, 122, 170], [97.93393560257601], [26]))
    (3, ([163, 7, 87, 34, 114, 49, 129, 77, 157, 31, 111, 59, 139, 171], Float64[], Int64[]))
    (4, ([164, 30, 110, 9, 89, 53, 133, 36, 116, 56, 136, 50, 44, 124, 130, 5, 12, 85, 92, 27, 107, 61, 141, 177, 172], [29.760162713104293], [24]))
    (5, ([165, 4, 21, 84, 101, 73, 153, 15, 95, 19, 25, 99, 105, 14, 43, 94, 123, 177, 173], [35.44421466720687], [18]))
    (6, ([166, 28, 108, 72, 152, 8, 88, 40, 69, 149, 120, 32, 112, 62, 18, 98, 142, 68, 26, 148, 39, 106, 119, 22, 102, 60, 140, 179, 74, 154, 1, 81, 174], [87.9259952049943], [28]))
    (7, ([167, 54, 52, 134, 132, 41, 121, 33, 113, 64, 144, 45, 125, 51, 131, 10, 90, 78, 158, 47, 127, 80, 160, 177, 175], [64.63020320767684], [24]))
    (8, ([168, 70, 150, 20, 100, 29, 109, 16, 96, 46, 63, 11, 126, 143, 91, 79, 159, 6, 86, 2, 82, 58, 138, 177, 176], [29.766496432543025], [24])))

T best obj: 775.4175488735882
T best iteration: 6048
T total iterations: 30000
T best time [s]: 9.078
T total time [s]: 29.6160
