EADARP version ecec-dirty
ARGS: --ifile=EADARP/instances/random/r8-80-00000.txt  --gamma=0.7 --only_single_s_visits=false --odir=EADARP/solutions/random/r8-80-00000 --oname=run21
Settings:
--alns_gamma=0.025
--alns_segment_size=100
--alns_sigma1=10
--alns_sigma2=9
--alns_sigma3=3
--at_most_one_s=false
--gamma=0.7
--ifile=EADARP/instances/random/r8-80-00000.txt
--infeasible_arcs=EADARP/infeasible_arcs
--insert_charging_otf=true
--insert_cost_noise=0.014
--lns_init_temp_factor=0.0
--lns_temp_dec_factor=0.99
--log_all_sols_fname=
--mh_checkit=false
--mh_lfreq=0
--mh_lnewinc=true
--mh_tciter=-1
--mh_tctime=-1.0
--mh_titer=30000
--mh_tobj=-1.0
--mh_ttime=-1.0
--odir=EADARP/solutions/random/r8-80-00000
--ofile=
--oname=run21
--only_single_s_visits=false
--prepthreshold=0.1
--repair_max_routes=0
--route_based_ops=0
--seed=1999246141
--tightened_windows=EADARP/tightened_windows
--use_milp_in_otf=0
--xcheck_isfeasible=false

EADARPInstance(EADARP/instances/random/r8-80-00000.txt, n=80, n_K=8, S=[177, 178, 179], Q=14.85, n_F=8, γ=0.7, T_plan=720.0, F=[169, 170, 171, 172, 173, 174, 175, 176])

Percentage of arcs removed: 72.17315314752972%
Minimum Degree: 10
T preprocessing time [s]: 4.48
I       iter             best          obj_old          obj_new        time              method info
I          1        935.70943     100080.00000        935.70943      0.2270                 con 
I          4        929.87905        935.70943        929.87905      0.3240         drrr_15+rrg 
I          5        911.71413        929.87905        911.71413      0.3430        drrr_15+rroi 
I          6        901.00126        911.71413        901.00126      0.3600        drrr_15+rrri 
I          7        897.80872        901.00126        897.80872      0.3800         drrr_15+rrg 
I          9        889.57850        897.80872        889.57850      0.4380        drrr_15+rrri 
I         10        878.98813        889.57850        878.98813      0.4650        drrr_15+rroi 
I         13        874.24353        878.98813        874.24353      0.5210         drrr_15+rrg 
I         17        861.99221        874.24353        861.99221      0.6240        drrr_15+rrri 
I         23        858.99546        861.99221        858.99546      0.6940         drrr_15+rrg 
I         25        857.79912        858.99546        857.79912      0.7020        drrr_15+rrri 
I         26        855.47920        857.79912        855.47920      0.7060         drrr_15+rrg 
I         39        849.61304        855.47920        849.61304      0.8330         drrr_15+rrg 
I         42        848.63489        849.61304        848.63489      0.8530        drrr_15+rroi 
I         45        842.27132        848.63489        842.27132      0.8800        drrr_15+rroi 
I         47        838.13095        842.27132        838.13095      0.8910         drrr_15+rrg 
I         57        837.30150        838.13095        837.30150      0.9870        drrr_15+rroi 
I         59        835.42924        837.30150        835.42924      1.0120        drrr_15+rroi 
I         62        822.21185        835.42924        822.21185      1.0200         drrr_15+rrg 
I         65        819.03192        822.21185        819.03192      1.0320         drrr_15+rrg 
I         73        818.37179        819.03192        818.37179      1.1000         drrr_15+rrg 
I         75        818.03397        818.37179        818.03397      1.1240         drrr_15+rrg 
I         77        816.92147        818.03397        816.92147      1.1410         drrr_15+rrg 
I        118        816.68001        816.92147        816.68001      1.3520        drrr_15+rrri 
I        159        816.18593        816.68001        816.18593      1.4960        drrr_15+rrri 
I        169        815.99892        816.18593        815.99892      1.5170        drrr_15+rroi 
I        173        814.54762        815.99892        814.54762      1.5280         drrr_15+rrg 
I        193        813.61813        814.54762        813.61813      1.6010        drrr_15+rroi 
I        199        812.48917        813.61813        812.48917      1.6180         drrr_15+rrg 
I        202        810.89614        812.48917        810.89614      1.6220        drrr_15+rrri 
I        211        807.40871        810.89614        807.40871      1.6500        drrr_15+rrri 
I        213        807.19828        807.40871        807.19828      1.6540        drrr_15+rroi 
I        220        805.33519        807.19828        805.33519      1.6800        drrr_15+rrri 
I        239        804.58047        805.33519        804.58047      1.7040        drrr_15+rroi 
I        291        803.91957        804.58047        803.91957      1.8100        drrr_15+rrri 
I        294        802.81753        803.91957        802.81753      1.8140        drrr_15+rroi 
I        297        802.67328        802.81753        802.67328      1.8200         drrr_15+rrg 
I        330        802.63163        802.67328        802.63163      1.8870        drrr_15+rrri 
I        368        801.29434        802.63163        801.29434      1.9560        drrr_15+rrri 
I        394        800.81031        801.29434        800.81031      2.0010        drrr_15+rrri 
I        502        800.81031        800.81031        800.81031      2.1530         drrr_15+rrg 
I        580        791.26803        800.81031        791.26803      2.2860        drrr_15+rrri 
I        659        789.37875        791.26803        789.37875      2.4330        drrr_15+rroi 
I        684        789.33738        789.37875        789.33738      2.4750         drrr_15+rrg 
I        728        788.87292        789.33738        788.87292      2.5170        drrr_15+rroi 
I        946        788.10049        788.87292        788.10049      2.7740        drrr_15+rroi 
I       2356        785.97896        788.10049        785.97896      4.3260        drrr_15+rrri 
I       2399        784.48746        785.97896        784.48746      4.3780         drrr_15+rrg 
I       9604        783.65155        784.48746        783.65155     11.1450        drrr_15+rroi 
I      30000        783.65155        783.65155        812.28742     28.4270        drrr_15+rrri 

Method statistics
S  method    iter  succ  succ-rate%  tot-obj-gain  avg-obj-gain  rel-succ%  net-time  net-time%  brut-time  brut-time%
S  con          1     1   100.00000  -99144.29057  -99144.29057    1.03093   0.22700    0.79854    0.22700     0.79854
S  drrr_15  29999    48     0.16001    -152.05788      -0.00507   49.48454   0.75000    2.63832    0.75000     2.63832
S  rrg      10015    18     0.17973     -51.85587      -0.00518   18.55670  13.19300   46.41010   13.19300    46.41010
S  rroi      9922    15     0.15118     -45.94447      -0.00463   15.46392   6.50000   22.86559    6.50000    22.86559
S  rrri     10062    15     0.14908     -54.25753      -0.00539   15.46392   7.48300   26.32358    7.48300    26.32358
S  SUM/AVG  59999    97     0.16167  -99448.40633      -1.65750   20.00000  28.15300   99.03613   28.15300    99.03613

T best solution: EADARPSolution(t_routing=989.986, t_excess=164.648, obj_val=783.652, obj_val_valid=true,
    unserved_requests=Int64[], F_visited=[172, 173, 174, 169, 176, 175, 171, 170], S_visited=Int64[],
    (1, ([161, 57, 137, 13, 93, 34, 114, 21, 101, 35, 115, 63, 11, 143, 91, 80, 160, 177, 169], [31.77757680868112], [18]))
    (2, ([162, 54, 52, 134, 132, 64, 144, 45, 125, 51, 131, 10, 90, 61, 141, 177, 170], [18.167835856229658], [16]))
    (3, ([163, 28, 108, 72, 152, 55, 135, 23, 103, 38, 76, 156, 118, 53, 133, 36, 116, 29, 109, 16, 96, 46, 126, 177, 171], [39.85764360510683], [24]))
    (4, ([164, 4, 84, 32, 112, 73, 153, 15, 95, 19, 25, 99, 105, 65, 145, 59, 139, 179, 14, 43, 94, 123, 172], [59.37201028113696], [18]))
    (5, ([165, 8, 88, 40, 69, 149, 120, 26, 56, 106, 136, 37, 117, 24, 104, 48, 128, 42, 122, 177, 173], [52.85455581745484], [20]))
    (6, ([166, 7, 87, 49, 129, 77, 157, 31, 111, 79, 159, 6, 86, 12, 92, 2, 82, 58, 138, 177, 174], [16.742760013844656], [20]))
    (7, ([167, 41, 121, 33, 113, 67, 75, 147, 66, 146, 155, 17, 97, 78, 158, 47, 50, 127, 44, 5, 130, 124, 85, 27, 107, 177, 175], [44.039085591537166], [26]))
    (8, ([168, 30, 110, 9, 89, 70, 150, 20, 100, 18, 62, 142, 98, 68, 148, 39, 3, 83, 119, 22, 102, 60, 140, 179, 74, 154, 71, 151, 1, 81, 176], [79.17443929470441], [24])))

T best obj: 783.6515489577237
T best iteration: 9604
T total iterations: 30000
T best time [s]: 11.145
T total time [s]: 28.4270
