EADARP version ecec-dirty
ARGS: --ifile=EADARP/instances/random/r8-80-00000.txt  --gamma=0.7 --only_single_s_visits=false --odir=EADARP/solutions/random/r8-80-00000 --oname=run24
Settings:
--alns_gamma=0.025
--alns_segment_size=100
--alns_sigma1=10
--alns_sigma2=9
--alns_sigma3=3
--at_most_one_s=false
--gamma=0.7
--ifile=EADARP/instances/random/r8-80-00000.txt
--infeasible_arcs=EADARP/infeasible_arcs
--insert_charging_otf=true
--insert_cost_noise=0.014
--lns_init_temp_factor=0.0
--lns_temp_dec_factor=0.99
--log_all_sols_fname=
--mh_checkit=false
--mh_lfreq=0
--mh_lnewinc=true
--mh_tciter=-1
--mh_tctime=-1.0
--mh_titer=30000
--mh_tobj=-1.0
--mh_ttime=-1.0
--odir=EADARP/solutions/random/r8-80-00000
--ofile=
--oname=run24
--only_single_s_visits=false
--prepthreshold=0.1
--repair_max_routes=0
--route_based_ops=0
--seed=1435881679
--tightened_windows=EADARP/tightened_windows
--use_milp_in_otf=0
--xcheck_isfeasible=false

EADARPInstance(EADARP/instances/random/r8-80-00000.txt, n=80, n_K=8, S=[177, 178, 179], Q=14.85, n_F=8, γ=0.7, T_plan=720.0, F=[169, 170, 171, 172, 173, 174, 175, 176])

Percentage of arcs removed: 72.17315314752972%
Minimum Degree: 10
T preprocessing time [s]: 4.429
I       iter             best          obj_old          obj_new        time              method info
I          1        959.85255     100080.00000        959.85255      0.2140                 con 
I          2        937.35084        959.85255        937.35084      0.2980        drrr_15+rrri 
I          3        923.88981        937.35084        923.88981      0.3340         drrr_15+rrg 
I          4        914.45725        923.88981        914.45725      0.3550         drrr_15+rrg 
I          5        912.02797        914.45725        912.02797      0.3850         drrr_15+rrg 
I          6        895.62856        912.02797        895.62856      0.4150        drrr_15+rroi 
I          7        886.06566        895.62856        886.06566      0.4390        drrr_15+rrri 
I          8        869.10409        886.06566        869.10409      0.4610        drrr_15+rroi 
I         10        863.84987        869.10409        863.84987      0.5110        drrr_15+rroi 
I         11        853.16824        863.84987        853.16824      0.5170        drrr_15+rroi 
I         12        850.30760        853.16824        850.30760      0.5400        drrr_15+rroi 
I         14        849.62322        850.30760        849.62322      0.5970         drrr_15+rrg 
I         16        840.87182        849.62322        840.87182      0.6200         drrr_15+rrg 
I         17        836.39632        840.87182        836.39632      0.6390         drrr_15+rrg 
I         22        825.38644        836.39632        825.38644      0.7310        drrr_15+rrri 
I         42        825.27758        825.38644        825.27758      0.8810        drrr_15+rroi 
I         47        823.91804        825.27758        823.91804      0.8970        drrr_15+rrri 
I         48        823.72140        823.91804        823.72140      0.9020        drrr_15+rroi 
I         52        818.52418        823.72140        818.52418      0.9230        drrr_15+rroi 
I         61        814.28224        818.52418        814.28224      0.9810        drrr_15+rroi 
I         73        814.02287        814.28224        814.02287      1.0260        drrr_15+rrri 
I        105        813.49030        814.02287        813.49030      1.1160        drrr_15+rrri 
I        109        810.85803        813.49030        810.85803      1.1210        drrr_15+rroi 
I        123        809.64929        810.85803        809.64929      1.1550        drrr_15+rrri 
I        137        809.29997        809.64929        809.29997      1.1980        drrr_15+rroi 
I        138        808.23588        809.29997        808.23588      1.2020         drrr_15+rrg 
I        185        805.56088        808.23588        805.56088      1.3810         drrr_15+rrg 
I        186        799.13223        805.56088        799.13223      1.3810        drrr_15+rroi 
I        216        797.72949        799.13223        797.72949      1.4220         drrr_15+rrg 
I        218        794.98204        797.72949        794.98204      1.4250        drrr_15+rroi 
I        259        793.09892        794.98204        793.09892      1.5170         drrr_15+rrg 
I        267        790.39389        793.09892        790.39389      1.5370        drrr_15+rrri 
I        271        789.71746        790.39389        789.71746      1.5490        drrr_15+rroi 
I        291        788.56565        789.71746        788.56565      1.5830        drrr_15+rrri 
I        316        788.53576        788.56565        788.53576      1.6250         drrr_15+rrg 
I        347        784.17083        788.53576        784.17083      1.6790         drrr_15+rrg 
I        349        783.83738        784.17083        783.83738      1.6830        drrr_15+rrri 
I        390        783.79573        783.83738        783.79573      1.7370        drrr_15+rroi 
I        408        781.57856        783.79573        781.57856      1.7740        drrr_15+rrri 
I        438        781.22925        781.57856        781.22925      1.8110         drrr_15+rrg 
I        483        780.83393        781.22925        780.83393      1.9120        drrr_15+rroi 
I        513        780.57044        780.83393        780.57044      1.9650        drrr_15+rrri 
I        517        778.56693        780.57044        778.56693      1.9690        drrr_15+rroi 
I        536        774.89013        778.56693        774.89013      2.0060        drrr_15+rroi 
I      30000        774.89013        774.89013        785.64546     28.3720         drrr_15+rrg 

Method statistics
S  method    iter  succ  succ-rate%  tot-obj-gain  avg-obj-gain  rel-succ%  net-time  net-time%  brut-time  brut-time%
S  con          1     1   100.00000  -99120.14745  -99120.14745    1.14943   0.21400    0.75426    0.21400     0.75426
S  drrr_15  29999    43     0.14334    -184.96242      -0.00617   49.42529   0.58200    2.05132    0.58200     2.05132
S  rrg       9984    13     0.13021     -51.00322      -0.00511   14.94253  13.14601   46.33444   13.14601    46.33444
S  rroi      9918    18     0.18149     -80.85353      -0.00815   20.68966   6.84400   24.12237    6.84400    24.12237
S  rrri     10097    12     0.11885     -53.10567      -0.00526   13.79310   7.39300   26.05737    7.39300    26.05737
S  SUM/AVG  59999    87     0.14500  -99490.07229      -1.65820   20.00000  28.17900   99.31975   28.17900    99.31975

T best solution: EADARPSolution(t_routing=980.36, t_excess=158.481, obj_val=774.89, obj_val_valid=true,
    unserved_requests=Int64[], F_visited=[174, 170, 169, 171, 172, 173, 176, 175], S_visited=Int64[],
    (1, ([161, 7, 87, 34, 114, 49, 129, 77, 157, 3, 83, 10, 90, 24, 104, 47, 127, 80, 160, 177, 169], [28.505541045130883], [20]))
    (2, ([162, 4, 21, 84, 101, 62, 18, 142, 98, 29, 109, 14, 43, 94, 123, 177, 170], [14.031932262100936], [16]))
    (3, ([163, 57, 137, 13, 93, 67, 75, 147, 66, 146, 155, 17, 97, 177, 78, 158, 50, 44, 124, 130, 5, 12, 85, 92, 27, 107, 61, 141, 177, 171], [70.92701077739382, 17.91325317397684], [14, 29]))
    (4, ([164, 70, 150, 20, 100, 32, 112, 68, 26, 148, 39, 106, 119, 48, 128, 2, 82, 58, 138, 177, 172], [14.827385691358137], [20]))
    (5, ([165, 55, 135, 23, 103, 38, 76, 156, 118, 53, 133, 36, 116, 56, 22, 102, 136, 60, 140, 16, 96, 46, 126, 177, 173], [27.83516359058828], [24]))
    (6, ([166, 28, 108, 72, 152, 8, 88, 40, 69, 149, 120, 73, 153, 15, 95, 45, 125, 37, 117, 35, 115, 63, 31, 143, 111, 59, 139, 179, 42, 122, 177, 174], [83.82118064405597, 15.094036393497248], [28, 31]))
    (7, ([167, 54, 52, 134, 132, 41, 121, 33, 113, 64, 144, 71, 151, 1, 81, 177, 175], [0.26098033703776996], [16]))
    (8, ([168, 30, 110, 9, 89, 19, 25, 99, 105, 65, 145, 51, 131, 11, 91, 79, 159, 6, 86, 74, 154, 177, 176], [59.14338410343886], [22])))

T best obj: 774.8901301931983
T best iteration: 536
T total iterations: 30000
T best time [s]: 2.006
T total time [s]: 28.3720
