EADARP version ecec-dirty
ARGS: --ifile=EADARP/instances/random/r8-80-00000.txt  --gamma=0.7 --only_single_s_visits=false --odir=EADARP/solutions/random/r8-80-00000 --oname=run28
Settings:
--alns_gamma=0.025
--alns_segment_size=100
--alns_sigma1=10
--alns_sigma2=9
--alns_sigma3=3
--at_most_one_s=false
--gamma=0.7
--ifile=EADARP/instances/random/r8-80-00000.txt
--infeasible_arcs=EADARP/infeasible_arcs
--insert_charging_otf=true
--insert_cost_noise=0.014
--lns_init_temp_factor=0.0
--lns_temp_dec_factor=0.99
--log_all_sols_fname=
--mh_checkit=false
--mh_lfreq=0
--mh_lnewinc=true
--mh_tciter=-1
--mh_tctime=-1.0
--mh_titer=30000
--mh_tobj=-1.0
--mh_ttime=-1.0
--odir=EADARP/solutions/random/r8-80-00000
--ofile=
--oname=run28
--only_single_s_visits=false
--prepthreshold=0.1
--repair_max_routes=0
--route_based_ops=0
--seed=411473679
--tightened_windows=EADARP/tightened_windows
--use_milp_in_otf=0
--xcheck_isfeasible=false

EADARPInstance(EADARP/instances/random/r8-80-00000.txt, n=80, n_K=8, S=[177, 178, 179], Q=14.85, n_F=8, γ=0.7, T_plan=720.0, F=[169, 170, 171, 172, 173, 174, 175, 176])

Percentage of arcs removed: 72.17315314752972%
Minimum Degree: 10
T preprocessing time [s]: 4.34
I       iter             best          obj_old          obj_new        time              method info
I          1        922.03942     100080.00000        922.03942      0.1960                 con 
I          2        908.90109        922.03942        908.90109      0.2120        drrr_15+rroi 
I          3        906.41455        908.90109        906.41455      0.2350        drrr_15+rroi 
I          5        895.17000        906.41455        895.17000      0.2800        drrr_15+rroi 
I          6        868.65628        895.17000        868.65628      0.3000        drrr_15+rroi 
I          7        863.39220        868.65628        863.39220      0.3400        drrr_15+rrri 
I          8        856.22341        863.39220        856.22341      0.3800        drrr_15+rrri 
I         10        855.20019        856.22341        855.20019      0.4200         drrr_15+rrg 
I         13        852.87670        855.20019        852.87670      0.4700        drrr_15+rroi 
I         14        852.03158        852.87670        852.03158      0.5000        drrr_15+rrri 
I         19        848.02307        852.03158        848.02307      0.5800        drrr_15+rroi 
I         20        847.66476        848.02307        847.66476      0.5940        drrr_15+rroi 
I         24        844.05879        847.66476        844.05879      0.6520        drrr_15+rroi 
I         25        836.12553        844.05879        836.12553      0.6650         drrr_15+rrg 
I         26        834.88821        836.12553        834.88821      0.6700        drrr_15+rroi 
I         28        834.62226        834.88821        834.62226      0.6850        drrr_15+rrri 
I         31        831.39257        834.62226        831.39257      0.7370        drrr_15+rroi 
I         32        827.52703        831.39257        827.52703      0.7600         drrr_15+rrg 
I         33        820.53085        827.52703        820.53085      0.7700         drrr_15+rrg 
I         47        816.60544        820.53085        816.60544      0.8710        drrr_15+rroi 
I         51        815.08071        816.60544        815.08071      0.8810        drrr_15+rrri 
I         57        814.14995        815.08071        814.14995      0.9000         drrr_15+rrg 
I         58        812.69612        814.14995        812.69612      0.9050        drrr_15+rroi 
I         59        811.76707        812.69612        811.76707      0.9050        drrr_15+rrri 
I         67        811.00010        811.76707        811.00010      0.9440        drrr_15+rrri 
I         70        808.99867        811.00010        808.99867      0.9500        drrr_15+rrri 
I         77        808.19053        808.99867        808.19053      1.0000        drrr_15+rrri 
I         99        806.24947        808.19053        806.24947      1.1750        drrr_15+rrri 
I        105        805.87173        806.24947        805.87173      1.2000         drrr_15+rrg 
I        107        805.43379        805.87173        805.43379      1.2050        drrr_15+rroi 
I        109        804.75736        805.43379        804.75736      1.2140        drrr_15+rroi 
I        127        804.71571        804.75736        804.71571      1.2780        drrr_15+rroi 
I        137        804.29865        804.71571        804.29865      1.2940        drrr_15+rroi 
I        209        802.17855        804.29865        802.17855      1.4510         drrr_15+rrg 
I        210        795.15230        802.17855        795.15230      1.4540        drrr_15+rroi 
I        218        794.52891        795.15230        794.52891      1.4700        drrr_15+rroi 
I        230        794.16588        794.52891        794.16588      1.4860        drrr_15+rrri 
I        262        792.68555        794.16588        792.68555      1.5500        drrr_15+rrri 
I       1800        789.89190        792.68555        789.89190      3.3120         drrr_15+rrg 
I       6058        788.46472        789.89190        788.46472      7.6800         drrr_15+rrg 
I       6079        787.54309        788.46472        787.54309      7.7010        drrr_15+rrri 
I       6096        787.50144        787.54309        787.50144      7.7350         drrr_15+rrg 
I       6117        787.14703        787.50144        787.14703      7.7650         drrr_15+rrg 
I       6126        783.10897        787.14703        783.10897      7.7720        drrr_15+rroi 
I       6166        781.97267        783.10897        781.97267      7.8040        drrr_15+rroi 
I       6231        778.71064        781.97267        778.71064      7.8710         drrr_15+rrg 
I       6833        778.17397        778.71064        778.17397      8.5300        drrr_15+rrri 
I       6917        775.04429        778.17397        775.04429      8.6330        drrr_15+rrri 
I       7192        774.30553        775.04429        774.30553      8.9250        drrr_15+rrri 
I       7206        773.35384        774.30553        773.35384      9.0200        drrr_15+rrri 
I       7260        773.29505        773.35384        773.29505      9.0940         drrr_15+rrg 
I       7350        773.25340        773.29505        773.25340      9.2710        drrr_15+rrri 
I       7413        772.63575        773.25340        772.63575      9.3480        drrr_15+rroi 
I       9394        772.15159        772.63575        772.15159     11.3350         drrr_15+rrg 
I       9417        771.36822        772.15159        771.36822     11.3650         drrr_15+rrg 
I      30000        771.36822        771.36822        780.85887     28.6200        drrr_15+rroi 

Method statistics
S  method    iter  succ  succ-rate%  tot-obj-gain  avg-obj-gain  rel-succ%  net-time  net-time%  brut-time  brut-time%
S  con          1     1   100.00000  -99157.96058  -99157.96058    0.91743   0.19600    0.68484    0.19600     0.68484
S  drrr_15  29999    54     0.18001    -150.67120      -0.00502   49.54128   0.73900    2.58211    0.73900     2.58211
S  rrg      10044    15     0.14934     -32.45203      -0.00323   13.76147  13.33100   46.57930   13.33100    46.57930
S  rroi     10127    21     0.20737     -88.54041      -0.00874   19.26606   6.89700   24.09855    6.89700    24.09855
S  rrri      9828    18     0.18315     -29.67876      -0.00302   16.51376   7.23200   25.26904    7.23200    25.26904
S  SUM/AVG  59999   109     0.18167  -99459.30298      -1.65768   20.00000  28.39500   99.21384   28.39500    99.21384

T best solution: EADARPSolution(t_routing=975.815, t_excess=158.027, obj_val=771.368, obj_val_valid=true,
    unserved_requests=Int64[], F_visited=[175, 174, 169, 176, 173, 171, 172, 170], S_visited=Int64[],
    (1, ([161, 54, 52, 134, 132, 41, 121, 33, 113, 64, 144, 45, 125, 51, 131, 43, 42, 122, 123, 177, 169], [29.91749375735573], [20]))
    (2, ([162, 28, 108, 72, 152, 8, 88, 40, 69, 149, 120, 73, 153, 15, 95, 19, 99, 68, 26, 148, 39, 106, 119, 22, 102, 60, 140, 16, 96, 46, 126, 177, 170], [104.97904279772614], [32]))
    (3, ([163, 49, 129, 77, 157, 31, 111, 59, 139, 74, 154, 1, 81, 171], Float64[], Int64[]))
    (4, ([164, 57, 137, 13, 93, 67, 75, 147, 66, 146, 155, 17, 97, 25, 105, 65, 56, 136, 145, 37, 117, 24, 104, 48, 128, 177, 172], [95.5654081849958], [26]))
    (5, ([165, 55, 135, 32, 112, 62, 18, 142, 98, 5, 85, 27, 107, 61, 141, 173], Float64[], Int64[]))
    (6, ([166, 30, 110, 9, 89, 70, 150, 20, 100, 29, 109, 14, 94, 71, 151, 177, 174], [4.711722040523918], [16]))
    (7, ([167, 7, 87, 34, 114, 23, 103, 38, 76, 156, 118, 53, 133, 36, 116, 3, 83, 10, 90, 78, 158, 47, 50, 127, 44, 12, 130, 124, 92, 80, 160, 177, 175], [86.18397310166034], [32]))
    (8, ([168, 4, 21, 84, 101, 35, 115, 63, 11, 143, 91, 79, 159, 6, 86, 2, 82, 58, 138, 177, 176], [21.2461558292019], [20])))

T best obj: 771.368218221055
T best iteration: 9417
T total iterations: 30000
T best time [s]: 11.365
T total time [s]: 28.6200
