EADARP version ecec-dirty
ARGS: --ifile=EADARP/instances/random/r8-80-00000.txt  --gamma=0.7 --only_single_s_visits=false --odir=EADARP/solutions/random/r8-80-00000 --oname=run33
Settings:
--alns_gamma=0.025
--alns_segment_size=100
--alns_sigma1=10
--alns_sigma2=9
--alns_sigma3=3
--at_most_one_s=false
--gamma=0.7
--ifile=EADARP/instances/random/r8-80-00000.txt
--infeasible_arcs=EADARP/infeasible_arcs
--insert_charging_otf=true
--insert_cost_noise=0.014
--lns_init_temp_factor=0.0
--lns_temp_dec_factor=0.99
--log_all_sols_fname=
--mh_checkit=false
--mh_lfreq=0
--mh_lnewinc=true
--mh_tciter=-1
--mh_tctime=-1.0
--mh_titer=30000
--mh_tobj=-1.0
--mh_ttime=-1.0
--odir=EADARP/solutions/random/r8-80-00000
--ofile=
--oname=run33
--only_single_s_visits=false
--prepthreshold=0.1
--repair_max_routes=0
--route_based_ops=0
--seed=300772579
--tightened_windows=EADARP/tightened_windows
--use_milp_in_otf=0
--xcheck_isfeasible=false

EADARPInstance(EADARP/instances/random/r8-80-00000.txt, n=80, n_K=8, S=[177, 178, 179], Q=14.85, n_F=8, γ=0.7, T_plan=720.0, F=[169, 170, 171, 172, 173, 174, 175, 176])

Percentage of arcs removed: 72.17315314752972%
Minimum Degree: 10
T preprocessing time [s]: 4.586
I       iter             best          obj_old          obj_new        time              method info
I          1        945.74363     100080.00000        945.74363      0.2000                 con 
I          2        907.36174        945.74363        907.36174      0.2370        drrr_15+rrri 
I          4        895.47677        907.36174        895.47677      0.3200        drrr_15+rroi 
I          5        881.92531        895.47677        881.92531      0.3350         drrr_15+rrg 
I          6        867.64056        881.92531        867.64056      0.3800         drrr_15+rrg 
I          7        864.51538        867.64056        864.51538      0.4060        drrr_15+rroi 
I          8        851.03155        864.51538        851.03155      0.4200        drrr_15+rrri 
I         11        846.60722        851.03155        846.60722      0.4840        drrr_15+rrri 
I         15        843.79295        846.60722        843.79295      0.5400        drrr_15+rrri 
I         17        819.27618        843.79295        819.27618      0.5490        drrr_15+rroi 
I         21        816.14398        819.27618        816.14398      0.5830        drrr_15+rrri 
I         28        814.45660        816.14398        814.45660      0.6900         drrr_15+rrg 
I         57        808.14954        814.45660        808.14954      0.7940        drrr_15+rrri 
I         69        801.74253        808.14954        801.74253      0.8300        drrr_15+rroi 
I        111        801.39321        801.74253        801.39321      1.0510        drrr_15+rrri 
I        123        799.31008        801.39321        799.31008      1.0680        drrr_15+rroi 
I        304        798.92291        799.31008        798.92291      1.4460        drrr_15+rrri 
I        319        798.64070        798.92291        798.64070      1.4620        drrr_15+rroi 
I        323        798.39036        798.64070        798.39036      1.4660        drrr_15+rroi 
I        348        797.53743        798.39036        797.53743      1.4920        drrr_15+rrri 
I        381        796.81890        797.53743        796.81890      1.5390        drrr_15+rroi 
I        392        795.96066        796.81890        795.96066      1.5560         drrr_15+rrg 
I        505        789.25810        795.96066        789.25810      1.7700        drrr_15+rrri 
I       1783        788.65919        789.25810        788.65919      3.3570        drrr_15+rroi 
I       3599        787.10365        788.65919        787.10365      5.2870        drrr_15+rrri 
I       3691        783.68809        787.10365        783.68809      5.3960        drrr_15+rroi 
I       3737        783.63169        783.68809        783.63169      5.4440        drrr_15+rroi 
I       3741        782.72922        783.63169        782.72922      5.4510        drrr_15+rroi 
I       3781        782.68757        782.72922        782.68757      5.4870         drrr_15+rrg 
I       3834        781.51394        782.68757        781.51394      5.5390         drrr_15+rrg 
I       7342        781.19020        781.51394        781.19020      9.0730        drrr_15+rroi 
I       8641        781.11260        781.19020        781.11260     10.4760        drrr_15+rrri 
I       8649        779.34830        781.11260        779.34830     10.4850        drrr_15+rroi 
I       8655        779.34830        779.34830        779.34830     10.5020         drrr_15+rrg 
I       8659        778.65684        779.34830        778.65684     10.5120         drrr_15+rrg 
I       8682        778.26282        778.65684        778.26282     10.5750        drrr_15+rrri 
I       8702        778.08541        778.26282        778.08541     10.6400        drrr_15+rrri 
I       8708        776.96255        778.08541        776.96255     10.6530         drrr_15+rrg 
I       8712        776.96255        776.96255        776.96255     10.6610         drrr_15+rrg 
I       8739        775.74788        776.96255        775.74788     10.6900        drrr_15+rrri 
I       8754        775.28061        775.74788        775.28061     10.7100        drrr_15+rrri 
I       8755        775.23896        775.28061        775.23896     10.7100        drrr_15+rroi 
I       8769        774.88965        775.23896        774.88965     10.7230        drrr_15+rroi 
I      30000        774.88965        774.88965        784.75646     28.9720        drrr_15+rrri 

Method statistics
S  method    iter  succ  succ-rate%  tot-obj-gain  avg-obj-gain  rel-succ%  net-time  net-time%  brut-time  brut-time%
S  con          1     1   100.00000  -99134.25637  -99134.25637    1.17647   0.20000    0.69032    0.20000     0.69032
S  drrr_15  29999    42     0.14000    -170.85398      -0.00570   49.41176   0.81600    2.81652    0.81600     2.81652
S  rrg      10108    10     0.09893     -33.41142      -0.00331   11.76471  13.58000   46.87285   13.58000    46.87285
S  rroi     10044    16     0.15930     -56.72049      -0.00565   18.82353   6.93800   23.94725    6.93800    23.94725
S  rrri      9847    16     0.16249     -80.72207      -0.00820   18.82353   7.23700   24.97929    7.23700    24.97929
S  SUM/AVG  59999    85     0.14167  -99475.96434      -1.65796   20.00000  28.77100   99.30623   28.77100    99.30623

T best solution: EADARPSolution(t_routing=968.444, t_excess=194.227, obj_val=774.89, obj_val_valid=true,
    unserved_requests=Int64[], F_visited=[169, 175, 170, 174, 172, 176, 171, 173], S_visited=Int64[],
    (1, ([161, 49, 129, 70, 150, 20, 100, 74, 154, 1, 81, 169], Float64[], Int64[]))
    (2, ([162, 4, 21, 84, 101, 17, 97, 31, 111, 79, 159, 6, 86, 179, 14, 94, 71, 151, 170], [37.34729452925682], [14]))
    (3, ([163, 55, 135, 32, 112, 68, 26, 148, 106, 60, 140, 16, 96, 46, 63, 11, 126, 143, 91, 80, 160, 177, 171], [41.03094107652374], [22]))
    (4, ([164, 7, 87, 34, 114, 23, 103, 38, 76, 156, 118, 47, 50, 127, 44, 124, 130, 2, 82, 58, 138, 177, 172], [17.407499381271986], [22]))
    (5, ([165, 28, 108, 72, 152, 8, 88, 40, 69, 149, 120, 73, 153, 15, 95, 19, 25, 99, 105, 77, 157, 39, 3, 83, 119, 22, 102, 177, 173], [77.05866018337859], [28]))
    (6, ([166, 30, 110, 9, 89, 53, 133, 36, 116, 29, 109, 43, 42, 122, 123, 61, 141, 174], Float64[], Int64[]))
    (7, ([167, 54, 52, 134, 132, 41, 121, 33, 113, 67, 75, 147, 66, 146, 155, 62, 18, 142, 98, 179, 65, 56, 136, 145, 37, 117, 35, 115, 24, 104, 48, 128, 5, 12, 85, 92, 27, 107, 177, 175], [75.28506616196336, 46.02913107006537], [20, 39]))
    (8, ([168, 57, 137, 13, 93, 64, 144, 45, 125, 51, 131, 10, 90, 78, 158, 59, 139, 177, 176], [65.88800140475742], [18])))

T best obj: 774.8896466456323
T best iteration: 8769
T total iterations: 30000
T best time [s]: 10.723
T total time [s]: 28.9720
