EADARP version ecec-dirty
ARGS: --ifile=EADARP/instances/random/r8-80-00000.txt  --gamma=0.7 --only_single_s_visits=false --odir=EADARP/solutions/random/r8-80-00000 --oname=run38
Settings:
--alns_gamma=0.025
--alns_segment_size=100
--alns_sigma1=10
--alns_sigma2=9
--alns_sigma3=3
--at_most_one_s=false
--gamma=0.7
--ifile=EADARP/instances/random/r8-80-00000.txt
--infeasible_arcs=EADARP/infeasible_arcs
--insert_charging_otf=true
--insert_cost_noise=0.014
--lns_init_temp_factor=0.0
--lns_temp_dec_factor=0.99
--log_all_sols_fname=
--mh_checkit=false
--mh_lfreq=0
--mh_lnewinc=true
--mh_tciter=-1
--mh_tctime=-1.0
--mh_titer=30000
--mh_tobj=-1.0
--mh_ttime=-1.0
--odir=EADARP/solutions/random/r8-80-00000
--ofile=
--oname=run38
--only_single_s_visits=false
--prepthreshold=0.1
--repair_max_routes=0
--route_based_ops=0
--seed=905860085
--tightened_windows=EADARP/tightened_windows
--use_milp_in_otf=0
--xcheck_isfeasible=false

EADARPInstance(EADARP/instances/random/r8-80-00000.txt, n=80, n_K=8, S=[177, 178, 179], Q=14.85, n_F=8, γ=0.7, T_plan=720.0, F=[169, 170, 171, 172, 173, 174, 175, 176])

Percentage of arcs removed: 72.17315314752972%
Minimum Degree: 10
T preprocessing time [s]: 4.364
I       iter             best          obj_old          obj_new        time              method info
I          1        935.58941     100080.00000        935.58941      0.1820                 con 
I          3        918.42962        935.58941        918.42962      0.2250        drrr_15+rroi 
I          4        903.42070        918.42962        903.42070      0.2590        drrr_15+rrri 
I          5        884.86675        903.42070        884.86675      0.2840         drrr_15+rrg 
I          8        875.77976        884.86675        875.77976      0.3620         drrr_15+rrg 
I         10        861.04252        875.77976        861.04252      0.3990        drrr_15+rroi 
I         11        857.19363        861.04252        857.19363      0.5030        drrr_15+rrri 
I         13        848.91241        857.19363        848.91241      0.5220        drrr_15+rrri 
I         15        847.33144        848.91241        847.33144      0.6030         drrr_15+rrg 
I         16        845.80050        847.33144        845.80050      0.6260         drrr_15+rrg 
I         17        844.70891        845.80050        844.70891      0.6320        drrr_15+rroi 
I         20        842.59763        844.70891        842.59763      0.6890        drrr_15+rrri 
I         21        836.86711        842.59763        836.86711      0.6990         drrr_15+rrg 
I         22        830.77108        836.86711        830.77108      0.7220        drrr_15+rrri 
I         23        830.41924        830.77108        830.41924      0.7300        drrr_15+rrri 
I         24        828.80691        830.41924        828.80691      0.7420        drrr_15+rrri 
I         25        821.67154        828.80691        821.67154      0.7510        drrr_15+rrri 
I         26        820.00013        821.67154        820.00013      0.7510        drrr_15+rroi 
I         28        819.20317        820.00013        819.20317      0.7790        drrr_15+rroi 
I         30        818.35991        819.20317        818.35991      0.8150         drrr_15+rrg 
I         31        817.34043        818.35991        817.34043      0.8150        drrr_15+rroi 
I         44        814.98336        817.34043        814.98336      0.9010        drrr_15+rrri 
I         51        813.51793        814.98336        813.51793      0.9300        drrr_15+rrri 
I         55        813.34387        813.51793        813.34387      0.9500        drrr_15+rrri 
I         74        808.48654        813.34387        808.48654      1.0230        drrr_15+rrri 
I         78        806.96278        808.48654        806.96278      1.0520        drrr_15+rroi 
I         81        805.26399        806.96278        805.26399      1.0600         drrr_15+rrg 
I         86        805.05339        805.26399        805.05339      1.0810         drrr_15+rrg 
I        100        803.88836        805.05339        803.88836      1.1390        drrr_15+rrri 
I        121        802.09216        803.88836        802.09216      1.1820        drrr_15+rrri 
I        125        801.58324        802.09216        801.58324      1.2120         drrr_15+rrg 
I        139        799.95664        801.58324        799.95664      1.2450         drrr_15+rrg 
I        167        799.68054        799.95664        799.68054      1.3190        drrr_15+rrri 
I        170        795.71564        799.68054        795.71564      1.3330         drrr_15+rrg 
I        186        795.41152        795.71564        795.41152      1.3810        drrr_15+rroi 
I        188        793.44766        795.41152        793.44766      1.3890        drrr_15+rroi 
I        214        789.84589        793.44766        789.84589      1.4340        drrr_15+rrri 
I        228        789.67545        789.84589        789.67545      1.4430         drrr_15+rrg 
I        232        788.53610        789.67545        788.53610      1.4610        drrr_15+rroi 
I        257        788.16951        788.53610        788.16951      1.5160         drrr_15+rrg 
I        278        787.82019        788.16951        787.82019      1.5410        drrr_15+rroi 
I        723        787.72762        787.82019        787.72762      2.2330        drrr_15+rroi 
I        735        783.82495        787.72762        783.82495      2.2420        drrr_15+rroi 
I        745        783.03969        783.82495        783.03969      2.2620        drrr_15+rrri 
I        772        782.99804        783.03969        782.99804      2.2870        drrr_15+rrri 
I       1612        781.89776        782.99804        781.89776      3.2420        drrr_15+rroi 
I       1708        780.89999        781.89776        780.89999      3.3490         drrr_15+rrg 
I       1787        780.64149        780.89999        780.64149      3.4190         drrr_15+rrg 
I       3659        780.13930        780.64149        780.13930      5.3230         drrr_15+rrg 
I       3669        779.36002        780.13930        779.36002      5.3290         drrr_15+rrg 
I       3827        779.30849        779.36002        779.30849      5.4840         drrr_15+rrg 
I       7575        778.67362        779.30849        778.67362      8.8800        drrr_15+rrri 
I       8913        777.10108        778.67362        777.10108     10.0730        drrr_15+rrri 
I       8947        776.08869        777.10108        776.08869     10.1010        drrr_15+rrri 
I      11073        775.40229        776.08869        775.40229     11.9050        drrr_15+rrri 
I      30000        775.40229        775.40229        786.75943     27.9290         drrr_15+rrg 

Method statistics
S  method    iter  succ  succ-rate%  tot-obj-gain  avg-obj-gain  rel-succ%  net-time  net-time%  brut-time  brut-time%
S  con          1     1   100.00000  -99144.41059  -99144.41059    0.91743   0.18200    0.65165    0.18200     0.65165
S  drrr_15  29999    54     0.18001    -160.18712      -0.00534   49.54128   0.71800    2.57079    0.71800     2.57079
S  rrg       9971    18     0.18052     -48.46274      -0.00486   16.51376  13.13600   47.03357   13.13600    47.03357
S  rroi     10068    14     0.13905     -46.85239      -0.00465   12.84404   6.46499   23.14795    6.46499    23.14795
S  rrri      9960    22     0.22088     -64.87200      -0.00651   20.18349   7.19401   25.75819    7.19401    25.75819
S  SUM/AVG  59999   109     0.18167  -99464.78484      -1.65777   20.00000  27.69500   99.16216   27.69500    99.16216

T best solution: EADARPSolution(t_routing=977.291, t_excess=169.738, obj_val=775.402, obj_val_valid=true,
    unserved_requests=Int64[], F_visited=[174, 170, 173, 171, 172, 169, 176, 175], S_visited=Int64[],
    (1, ([161, 57, 137, 13, 93, 34, 114, 23, 103, 38, 76, 156, 118, 45, 125, 51, 131, 10, 90, 78, 158, 47, 50, 127, 44, 124, 130, 179, 42, 122, 177, 169], [83.15287632461639, 26.515559188622927], [28, 31]))
    (2, ([162, 7, 87, 49, 129, 65, 56, 136, 145, 37, 117, 35, 115, 24, 104, 71, 151, 177, 170], [23.243293735153063], [18]))
    (3, ([163, 28, 108, 72, 152, 8, 88, 40, 69, 149, 120, 32, 112, 68, 26, 148, 106, 60, 140, 179, 14, 43, 94, 123, 171], [67.6671418300164], [20]))
    (4, ([164, 55, 135, 31, 111, 59, 139, 74, 154, 1, 81, 172], Float64[], Int64[]))
    (5, ([165, 4, 21, 84, 101, 17, 97, 36, 116, 29, 109, 16, 96, 46, 63, 126, 143, 80, 160, 177, 173], [22.25152680785902], [20]))
    (6, ([166, 54, 134, 41, 121, 33, 113, 67, 75, 147, 66, 146, 155, 62, 18, 142, 98, 11, 91, 79, 159, 177, 174], [24.458273059819323], [22]))
    (7, ([167, 52, 132, 64, 144, 53, 133, 48, 128, 5, 12, 85, 92, 27, 107, 61, 141, 177, 175], [1.691305279706189], [18]))
    (8, ([168, 30, 110, 9, 89, 70, 150, 20, 100, 73, 153, 15, 95, 19, 25, 99, 105, 77, 157, 39, 3, 83, 119, 22, 102, 177, 6, 86, 2, 82, 58, 138, 176], [85.15028098895183], [26])))

T best obj: 775.4022872225958
T best iteration: 11073
T total iterations: 30000
T best time [s]: 11.905
T total time [s]: 27.9290
