EADARP version ecec-dirty
ARGS: --ifile=EADARP/instances/random/r8-80-00000.txt  --gamma=0.7 --only_single_s_visits=false --odir=EADARP/solutions/random/r8-80-00000 --oname=run36
Settings:
--alns_gamma=0.025
--alns_segment_size=100
--alns_sigma1=10
--alns_sigma2=9
--alns_sigma3=3
--at_most_one_s=false
--gamma=0.7
--ifile=EADARP/instances/random/r8-80-00000.txt
--infeasible_arcs=EADARP/infeasible_arcs
--insert_charging_otf=true
--insert_cost_noise=0.014
--lns_init_temp_factor=0.0
--lns_temp_dec_factor=0.99
--log_all_sols_fname=
--mh_checkit=false
--mh_lfreq=0
--mh_lnewinc=true
--mh_tciter=-1
--mh_tctime=-1.0
--mh_titer=30000
--mh_tobj=-1.0
--mh_ttime=-1.0
--odir=EADARP/solutions/random/r8-80-00000
--ofile=
--oname=run36
--only_single_s_visits=false
--prepthreshold=0.1
--repair_max_routes=0
--route_based_ops=0
--seed=1902926569
--tightened_windows=EADARP/tightened_windows
--use_milp_in_otf=0
--xcheck_isfeasible=false

EADARPInstance(EADARP/instances/random/r8-80-00000.txt, n=80, n_K=8, S=[177, 178, 179], Q=14.85, n_F=8, γ=0.7, T_plan=720.0, F=[169, 170, 171, 172, 173, 174, 175, 176])

Percentage of arcs removed: 72.17315314752972%
Minimum Degree: 10
T preprocessing time [s]: 4.466
I       iter             best          obj_old          obj_new        time              method info
I          1        925.59066     100080.00000        925.59066      0.2010                 con 
I          2        905.71137        925.59066        905.71137      0.2370        drrr_15+rrri 
I          6        892.70058        905.71137        892.70058      0.3690        drrr_15+rrri 
I         10        890.50572        892.70058        890.50572      0.4300        drrr_15+rrri 
I         11        882.78928        890.50572        882.78928      0.4340        drrr_15+rrri 
I         13        874.26918        882.78928        874.26918      0.4670        drrr_15+rroi 
I         15        873.28200        874.26918        873.28200      0.5120         drrr_15+rrg 
I         16        861.19936        873.28200        861.19936      0.5350         drrr_15+rrg 
I         17        855.37007        861.19936        855.37007      0.5600         drrr_15+rrg 
I         18        839.98454        855.37007        839.98454      0.5790        drrr_15+rrri 
I         21        838.70983        839.98454        838.70983      0.6320        drrr_15+rrri 
I         25        835.60995        838.70983        835.60995      0.7070         drrr_15+rrg 
I         28        827.73148        835.60995        827.73148      0.7310        drrr_15+rroi 
I         30        818.94524        827.73148        818.94524      0.7550        drrr_15+rroi 
I         31        814.50165        818.94524        814.50165      0.7630        drrr_15+rroi 
I         32        807.51194        814.50165        807.51194      0.7710        drrr_15+rroi 
I         44        803.50444        807.51194        803.50444      0.8620        drrr_15+rrri 
I         58        803.11143        803.50444        803.11143      0.9750        drrr_15+rroi 
I         65        802.28672        803.11143        802.28672      1.0520        drrr_15+rroi 
I         96        799.71391        802.28672        799.71391      1.1510        drrr_15+rroi 
I        111        797.85756        799.71391        797.85756      1.1990         drrr_15+rrg 
I        112        797.82815        797.85756        797.82815      1.1990        drrr_15+rroi 
I        128        796.73145        797.82815        796.73145      1.2450        drrr_15+rrri 
I        133        792.06424        796.73145        792.06424      1.2500        drrr_15+rroi 
I        139        791.71493        792.06424        791.71493      1.2680         drrr_15+rrg 
I        177        791.65245        791.71493        791.65245      1.3860        drrr_15+rrri 
I        214        791.61080        791.65245        791.61080      1.4550         drrr_15+rrg 
I        216        791.21779        791.61080        791.21779      1.4600        drrr_15+rrri 
I        533        786.48317        791.21779        786.48317      1.9780         drrr_15+rrg 
I        536        783.20936        786.48317        783.20936      1.9810         drrr_15+rrg 
I        823        782.59707        783.20936        782.59707      2.4270        drrr_15+rroi 
I       3010        780.14861        782.59707        780.14861      4.6400        drrr_15+rrri 
I       4140        780.11275        780.14861        780.11275      5.6790        drrr_15+rrri 
I      12383        779.70967        780.11275        779.70967     13.4110         drrr_15+rrg 
I      12394        779.45860        779.70967        779.45860     13.4200        drrr_15+rroi 
I      12452        776.63185        779.45860        776.63185     13.4600        drrr_15+rroi 
I      19242        774.52259        776.63185        774.52259     19.3170        drrr_15+rroi 
I      19273        773.98923        774.52259        773.98923     19.3430        drrr_15+rroi 
I      19304        773.94758        773.98923        773.94758     19.3690        drrr_15+rrri 
I      20319        773.56774        773.94758        773.56774     20.2550        drrr_15+rrri 
I      20333        773.33778        773.56774        773.33778     20.2830        drrr_15+rroi 
I      20337        772.49439        773.33778        772.49439     20.2880        drrr_15+rroi 
I      30000        772.49439        772.49439        773.89567     28.4600         drrr_15+rrg 

Method statistics
S  method    iter  succ  succ-rate%  tot-obj-gain  avg-obj-gain  rel-succ%  net-time  net-time%  brut-time  brut-time%
S  con          1     1   100.00000  -99154.40934  -99154.40934    1.20482   0.20100    0.70625    0.20100     0.70625
S  drrr_15  29999    41     0.13667    -153.09627      -0.00510   49.39759   0.72500    2.54743    0.72500     2.54743
S  rrg       9941    10     0.10059     -32.65783      -0.00329   12.04819  13.00299   45.68865   13.00299    45.68865
S  rroi     10065    17     0.16890     -52.51134      -0.00522   20.48193   6.75300   23.72805    6.75300    23.72805
S  rrri      9993    14     0.14010     -67.92711      -0.00680   16.86747   7.53601   26.47930    7.53601    26.47930
S  SUM/AVG  59999    83     0.13834  -99460.60189      -1.65770   20.00000  28.21800   99.14968   28.21800    99.14968

T best solution: EADARPSolution(t_routing=970.096, t_excess=179.69, obj_val=772.494, obj_val_valid=true,
    unserved_requests=Int64[], F_visited=[169, 175, 176, 170, 172, 174, 173, 171], S_visited=Int64[],
    (1, ([161, 57, 137, 13, 93, 67, 75, 147, 66, 146, 155, 17, 97, 39, 3, 83, 119, 22, 102, 177, 169], [20.190279902275744], [20]))
    (2, ([162, 52, 132, 64, 144, 45, 125, 59, 139, 74, 154, 1, 81, 170], Float64[], Int64[]))
    (3, ([163, 4, 21, 84, 101, 68, 26, 148, 106, 48, 128, 2, 82, 58, 138, 177, 171], [11.730664852092202], [16]))
    (4, ([164, 70, 150, 20, 100, 18, 62, 142, 98, 5, 12, 85, 92, 27, 107, 61, 141, 172], Float64[], Int64[]))
    (5, ([165, 30, 110, 9, 89, 53, 133, 36, 116, 56, 136, 37, 117, 35, 115, 24, 104, 71, 151, 177, 173], [35.66722087220345], [20]))
    (6, ([166, 28, 108, 55, 135, 34, 114, 23, 103, 38, 76, 156, 118, 60, 140, 16, 96, 46, 63, 31, 126, 143, 111, 80, 160, 177, 174], [62.11822129449847], [26]))
    (7, ([167, 54, 134, 41, 121, 33, 113, 49, 129, 65, 145, 51, 131, 10, 90, 78, 158, 47, 50, 127, 44, 124, 130, 179, 42, 122, 177, 175], [83.15287632461639, 0.3630034624954542], [24, 27]))
    (8, ([168, 7, 87, 72, 152, 8, 88, 40, 69, 149, 120, 32, 112, 73, 153, 15, 95, 19, 25, 99, 105, 77, 157, 177, 29, 109, 11, 91, 79, 159, 6, 86, 14, 43, 94, 123, 177, 176], [105.12079594645172, 27.360497432369467], [24, 37])))

T best obj: 772.4943855537466
T best iteration: 20337
T total iterations: 30000
T best time [s]: 20.288
T total time [s]: 28.4600
