EADARP version ecec-dirty
ARGS: --ifile=EADARP/instances/random/r8-80-00000.txt  --gamma=0.7 --only_single_s_visits=false --odir=EADARP/solutions/random/r8-80-00000 --oname=run44
Settings:
--alns_gamma=0.025
--alns_segment_size=100
--alns_sigma1=10
--alns_sigma2=9
--alns_sigma3=3
--at_most_one_s=false
--gamma=0.7
--ifile=EADARP/instances/random/r8-80-00000.txt
--infeasible_arcs=EADARP/infeasible_arcs
--insert_charging_otf=true
--insert_cost_noise=0.014
--lns_init_temp_factor=0.0
--lns_temp_dec_factor=0.99
--log_all_sols_fname=
--mh_checkit=false
--mh_lfreq=0
--mh_lnewinc=true
--mh_tciter=-1
--mh_tctime=-1.0
--mh_titer=30000
--mh_tobj=-1.0
--mh_ttime=-1.0
--odir=EADARP/solutions/random/r8-80-00000
--ofile=
--oname=run44
--only_single_s_visits=false
--prepthreshold=0.1
--repair_max_routes=0
--route_based_ops=0
--seed=343238535
--tightened_windows=EADARP/tightened_windows
--use_milp_in_otf=0
--xcheck_isfeasible=false

EADARPInstance(EADARP/instances/random/r8-80-00000.txt, n=80, n_K=8, S=[177, 178, 179], Q=14.85, n_F=8, γ=0.7, T_plan=720.0, F=[169, 170, 171, 172, 173, 174, 175, 176])

Percentage of arcs removed: 72.17315314752972%
Minimum Degree: 10
T preprocessing time [s]: 4.482
I       iter             best          obj_old          obj_new        time              method info
I          1        910.80314     100080.00000        910.80314      0.2340                 con 
I          2        888.65010        910.80314        888.65010      0.2740        drrr_15+rrri 
I          3        884.03094        888.65010        884.03094      0.3090        drrr_15+rroi 
I          7        871.60515        884.03094        871.60515      0.3780        drrr_15+rrri 
I          8        869.22945        871.60515        869.22945      0.3940        drrr_15+rrri 
I          9        859.34868        869.22945        859.34868      0.4420         drrr_15+rrg 
I         12        845.90072        859.34868        845.90072      0.4890        drrr_15+rrri 
I         15        836.84248        845.90072        836.84248      0.5350         drrr_15+rrg 
I         17        835.41596        836.84248        835.41596      0.5540        drrr_15+rrri 
I         19        825.69838        835.41596        825.69838      0.5910         drrr_15+rrg 
I         22        812.02102        825.69838        812.02102      0.6190        drrr_15+rroi 
I         47        811.88125        812.02102        811.88125      0.8260         drrr_15+rrg 
I         54        800.72088        811.88125        800.72088      0.8370         drrr_15+rrg 
I         59        796.50993        800.72088        796.50993      0.8550        drrr_15+rroi 
I         69        794.17486        796.50993        794.17486      0.8960         drrr_15+rrg 
I         84        792.88765        794.17486        792.88765      0.9660        drrr_15+rroi 
I         95        792.16696        792.88765        792.16696      0.9980         drrr_15+rrg 
I        120        791.71981        792.16696        791.71981      1.0800        drrr_15+rrri 
I        124        791.12313        791.71981        791.12313      1.0880        drrr_15+rroi 
I        256        791.08148        791.12313        791.08148      1.3940         drrr_15+rrg 
I        328        790.07706        791.08148        790.07706      1.5570         drrr_15+rrg 
I        785        789.27331        790.07706        789.27331      2.1740        drrr_15+rrri 
I        793        788.12932        789.27331        788.12932      2.1810         drrr_15+rrg 
I        824        788.08767        788.12932        788.08767      2.2190         drrr_15+rrg 
I        839        785.48963        788.08767        785.48963      2.2540        drrr_15+rrri 
I        881        785.44798        785.48963        785.44798      2.3150        drrr_15+rrri 
I      13409        784.00463        785.44798        784.00463     14.1980         drrr_15+rrg 
I      13762        782.92714        784.00463        782.92714     14.5290        drrr_15+rroi 
I      30000        782.92714        782.92714        782.92714     29.4360         drrr_15+rrg 

Method statistics
S  method    iter  succ  succ-rate%  tot-obj-gain  avg-obj-gain  rel-succ%  net-time  net-time%  brut-time  brut-time%
S  con          1     1   100.00000  -99169.19686  -99169.19686    1.81818   0.23300    0.79155    0.23300     0.79155
S  drrr_15  29999    27     0.09000    -127.87600      -0.00426   49.09091   0.85800    2.91480    0.85800     2.91480
S  rrg       9957    12     0.12052     -46.68753      -0.00469   21.81818  13.87199   47.12594   13.87199    47.12594
S  rroi     10100     6     0.05941     -25.46887      -0.00252   10.90909   6.89801   23.43391    6.89801    23.43391
S  rrri      9942     9     0.09053     -55.71959      -0.00560   16.36364   7.37300   25.04757    7.37300    25.04757
S  SUM/AVG  59999    55     0.09167  -99424.94886      -1.65711   20.00000  29.23400   99.31376   29.23400    99.31376

T best solution: EADARPSolution(t_routing=989.799, t_excess=162.311, obj_val=782.927, obj_val_valid=true,
    unserved_requests=Int64[], F_visited=[170, 175, 176, 169, 171, 172, 173, 174], S_visited=Int64[],
    (1, ([161, 57, 137, 13, 93, 33, 113, 21, 101, 73, 153, 15, 95, 19, 25, 99, 105, 77, 157, 39, 3, 83, 119, 22, 102, 177, 78, 158, 48, 128, 11, 91, 178, 80, 160, 177, 169], [54.59388333599128, 11.56726617655194, 87.08736927065854], [26, 33, 36]))
    (2, ([162, 8, 88, 40, 69, 149, 120, 62, 18, 142, 98, 43, 42, 122, 123, 61, 141, 177, 170], [13.81680051073495], [18]))
    (3, ([163, 30, 110, 178, 9, 89, 45, 125, 51, 131, 10, 90, 24, 104, 47, 50, 127, 44, 5, 130, 124, 85, 27, 107, 177, 171], [9.299274567889272, 49.74986546429751], [4, 25]))
    (4, ([164, 70, 150, 20, 100, 29, 109, 14, 94, 71, 151, 172], Float64[], Int64[]))
    (5, ([165, 54, 52, 134, 132, 41, 121, 64, 144, 67, 75, 147, 66, 146, 155, 17, 97, 178, 37, 117, 35, 115, 63, 31, 143, 111, 79, 159, 6, 86, 12, 92, 2, 82, 58, 138, 177, 173], [86.34214705176704, 35.4454542100462], [18, 37]))
    (6, ([166, 7, 87, 34, 114, 23, 103, 38, 76, 156, 118, 53, 133, 36, 116, 174], Float64[], Int64[]))
    (7, ([167, 4, 84, 49, 129, 65, 56, 136, 145, 59, 139, 74, 154, 1, 81, 175], Float64[], Int64[]))
    (8, ([168, 28, 108, 72, 152, 55, 135, 32, 112, 68, 26, 148, 106, 60, 140, 16, 96, 46, 126, 177, 176], [39.79362850940592], [20])))

T best obj: 782.9271405467011
T best iteration: 13762
T total iterations: 30000
T best time [s]: 14.529
T total time [s]: 29.4360
