EADARP version ecec-dirty
ARGS: --ifile=EADARP/instances/random/r8-80-00000.txt  --gamma=0.7 --only_single_s_visits=false --odir=EADARP/solutions/random/r8-80-00000 --oname=run47
Settings:
--alns_gamma=0.025
--alns_segment_size=100
--alns_sigma1=10
--alns_sigma2=9
--alns_sigma3=3
--at_most_one_s=false
--gamma=0.7
--ifile=EADARP/instances/random/r8-80-00000.txt
--infeasible_arcs=EADARP/infeasible_arcs
--insert_charging_otf=true
--insert_cost_noise=0.014
--lns_init_temp_factor=0.0
--lns_temp_dec_factor=0.99
--log_all_sols_fname=
--mh_checkit=false
--mh_lfreq=0
--mh_lnewinc=true
--mh_tciter=-1
--mh_tctime=-1.0
--mh_titer=30000
--mh_tobj=-1.0
--mh_ttime=-1.0
--odir=EADARP/solutions/random/r8-80-00000
--ofile=
--oname=run47
--only_single_s_visits=false
--prepthreshold=0.1
--repair_max_routes=0
--route_based_ops=0
--seed=1074759944
--tightened_windows=EADARP/tightened_windows
--use_milp_in_otf=0
--xcheck_isfeasible=false

EADARPInstance(EADARP/instances/random/r8-80-00000.txt, n=80, n_K=8, S=[177, 178, 179], Q=14.85, n_F=8, γ=0.7, T_plan=720.0, F=[169, 170, 171, 172, 173, 174, 175, 176])

Percentage of arcs removed: 72.17315314752972%
Minimum Degree: 10
T preprocessing time [s]: 4.857
I       iter             best          obj_old          obj_new        time              method info
I          1        899.47823     100080.00000        899.47823      0.2080                 con 
I          2        878.06755        899.47823        878.06755      0.2440         drrr_15+rrg 
I          3        867.04708        878.06755        867.04708      0.2640        drrr_15+rrri 
I          7        858.52426        867.04708        858.52426      0.3680         drrr_15+rrg 
I          8        840.32152        858.52426        840.32152      0.3970         drrr_15+rrg 
I         11        836.47068        840.32152        836.47068      0.4430         drrr_15+rrg 
I         12        836.38008        836.47068        836.38008      0.4770        drrr_15+rrri 
I         14        836.15744        836.38008        836.15744      0.4980        drrr_15+rrri 
I         17        832.83900        836.15744        832.83900      0.5350        drrr_15+rroi 
I         19        826.58704        832.83900        826.58704      0.5720        drrr_15+rroi 
I         21        816.13695        826.58704        816.13695      0.5930         drrr_15+rrg 
I         22        813.62315        816.13695        813.62315      0.5930        drrr_15+rroi 
I         27        812.22669        813.62315        812.22669      0.6270        drrr_15+rroi 
I         28        811.87323        812.22669        811.87323      0.6350        drrr_15+rroi 
I         30        806.54165        811.87323        806.54165      0.6560        drrr_15+rrri 
I         32        805.87091        806.54165        805.87091      0.6740         drrr_15+rrg 
I         33        803.23900        805.87091        803.23900      0.6820        drrr_15+rroi 
I         45        801.37620        803.23900        801.37620      0.7520        drrr_15+rroi 
I         49        799.69868        801.37620        799.69868      0.7820        drrr_15+rroi 
I         53        798.93251        799.69868        798.93251      0.8120         drrr_15+rrg 
I         68        798.58319        798.93251        798.58319      0.9520        drrr_15+rrri 
I         70        795.94350        798.58319        795.94350      0.9570         drrr_15+rrg 
I        263        795.75880        795.94350        795.75880      1.3870         drrr_15+rrg 
I        265        795.08424        795.75880        795.08424      1.3940         drrr_15+rrg 
I        584        793.88822        795.08424        793.88822      1.8730        drrr_15+rrri 
I        710        792.79440        793.88822        792.79440      2.0440        drrr_15+rrri 
I       1000        791.22973        792.79440        791.22973      2.3550        drrr_15+rroi 
I       1018        791.18808        791.22973        791.18808      2.3760        drrr_15+rroi 
I       1086        788.49968        791.18808        788.49968      2.5010        drrr_15+rrri 
I       1133        786.15379        788.49968        786.15379      2.5690         drrr_15+rrg 
I       1270        784.97681        786.15379        784.97681      2.7580        drrr_15+rrri 
I       1277        784.33491        784.97681        784.33491      2.7690         drrr_15+rrg 
I       1468        781.45279        784.33491        781.45279      3.0220        drrr_15+rrri 
I       1500        781.41114        781.45279        781.41114      3.0550        drrr_15+rrri 
I       2054        781.04109        781.41114        781.04109      3.7010        drrr_15+rrri 
I       2066        780.63315        781.04109        780.63315      3.7180        drrr_15+rrri 
I       2067        780.59150        780.63315        780.59150      3.7200         drrr_15+rrg 
I       2331        780.03425        780.59150        780.03425      4.0410        drrr_15+rroi 
I      17258        780.01955        780.03425        780.01955     18.4180        drrr_15+rrri 
I      25095        778.08015        780.01955        778.08015     25.6110        drrr_15+rroi 
I      25096        777.65336        778.08015        777.65336     25.6110        drrr_15+rrri 
I      25180        776.83678        777.65336        776.83678     25.7540        drrr_15+rroi 
I      25224        776.79513        776.83678        776.79513     25.8080        drrr_15+rroi 
I      30000        776.79513        776.79513        794.26157     30.0690        drrr_15+rrri 

Method statistics
S  method    iter  succ  succ-rate%  tot-obj-gain  avg-obj-gain  rel-succ%  net-time  net-time%  brut-time  brut-time%
S  con          1     1   100.00000  -99180.52177  -99180.52177    1.17647   0.20800    0.69174    0.20800     0.69174
S  drrr_15  29999    42     0.14000    -122.68311      -0.00409   49.41176   0.79400    2.64059    0.79400     2.64059
S  rrg       9981    13     0.13025     -70.40248      -0.00705   15.29412  14.04800   46.71920   14.04800    46.71920
S  rroi     10026    14     0.13964     -24.96755      -0.00249   16.47059   7.14900   23.77531    7.14900    23.77531
S  rrri      9992    15     0.15012     -27.31307      -0.00273   17.64706   7.66300   25.48473    7.66300    25.48473
S  SUM/AVG  59999    85     0.14167  -99425.88798      -1.65713   20.00000  29.86200   99.31158   29.86200    99.31158

T best solution: EADARPSolution(t_routing=977.967, t_excess=173.28, obj_val=776.795, obj_val_valid=true,
    unserved_requests=Int64[], F_visited=[169, 170, 172, 173, 176, 175, 171, 174], S_visited=Int64[],
    (1, ([161, 4, 21, 84, 101, 32, 112, 73, 153, 15, 95, 19, 99, 68, 26, 148, 39, 106, 119, 22, 102, 60, 140, 16, 96, 31, 111, 79, 159, 6, 86, 177, 169], [107.33121540846543], [32]))
    (2, ([162, 70, 150, 20, 100, 29, 109, 14, 43, 94, 123, 170], Float64[], Int64[]))
    (3, ([163, 55, 135, 23, 103, 38, 76, 156, 118, 25, 36, 116, 105, 77, 157, 3, 83, 10, 90, 24, 104, 48, 128, 11, 91, 178, 80, 160, 177, 171], [11.536009295956415, 87.08736927065854], [26, 29]))
    (4, ([164, 57, 137, 13, 93, 64, 144, 71, 151, 1, 81, 172], Float64[], Int64[]))
    (5, ([165, 7, 87, 34, 114, 49, 129, 65, 56, 136, 145, 37, 117, 35, 115, 46, 63, 126, 143, 59, 139, 74, 154, 42, 122, 177, 173], [50.83862314518818], [26]))
    (6, ([166, 28, 108, 72, 152, 8, 88, 40, 69, 149, 120, 17, 97, 78, 158, 47, 50, 127, 44, 12, 130, 124, 92, 177, 174], [58.994749106604324], [24]))
    (7, ([167, 30, 110, 9, 89, 53, 133, 45, 125, 51, 131, 5, 85, 27, 107, 61, 141, 177, 175], [14.2339261291673], [18]))
    (8, ([168, 54, 52, 134, 132, 41, 121, 33, 113, 67, 75, 147, 66, 146, 155, 62, 18, 142, 98, 2, 82, 58, 138, 177, 176], [26.00995543649625], [24])))

T best obj: 776.7951280701643
T best iteration: 25224
T total iterations: 30000
T best time [s]: 25.808
T total time [s]: 30.0690
