EADARP version ecec-dirty
ARGS: --ifile=EADARP/instances/random/r8-80-00000.txt  --gamma=0.7 --only_single_s_visits=false --odir=EADARP/solutions/random/r8-80-00000 --oname=run45
Settings:
--alns_gamma=0.025
--alns_segment_size=100
--alns_sigma1=10
--alns_sigma2=9
--alns_sigma3=3
--at_most_one_s=false
--gamma=0.7
--ifile=EADARP/instances/random/r8-80-00000.txt
--infeasible_arcs=EADARP/infeasible_arcs
--insert_charging_otf=true
--insert_cost_noise=0.014
--lns_init_temp_factor=0.0
--lns_temp_dec_factor=0.99
--log_all_sols_fname=
--mh_checkit=false
--mh_lfreq=0
--mh_lnewinc=true
--mh_tciter=-1
--mh_tctime=-1.0
--mh_titer=30000
--mh_tobj=-1.0
--mh_ttime=-1.0
--odir=EADARP/solutions/random/r8-80-00000
--ofile=
--oname=run45
--only_single_s_visits=false
--prepthreshold=0.1
--repair_max_routes=0
--route_based_ops=0
--seed=1072792603
--tightened_windows=EADARP/tightened_windows
--use_milp_in_otf=0
--xcheck_isfeasible=false

EADARPInstance(EADARP/instances/random/r8-80-00000.txt, n=80, n_K=8, S=[177, 178, 179], Q=14.85, n_F=8, γ=0.7, T_plan=720.0, F=[169, 170, 171, 172, 173, 174, 175, 176])

Percentage of arcs removed: 72.17315314752972%
Minimum Degree: 10
T preprocessing time [s]: 4.29
I       iter             best          obj_old          obj_new        time              method info
I          1        913.39992     100080.00000        913.39992      0.2180                 con 
I          2        908.39545        913.39992        908.39545      0.2450        drrr_15+rroi 
I          3        895.23494        908.39545        895.23494      0.2740         drrr_15+rrg 
I          4        892.62953        895.23494        892.62953      0.2950        drrr_15+rrri 
I          5        890.10108        892.62953        890.10108      0.3120        drrr_15+rrri 
I          7        883.14822        890.10108        883.14822      0.3550        drrr_15+rrri 
I         10        874.41971        883.14822        874.41971      0.4040         drrr_15+rrg 
I         15        869.26035        874.41971        869.26035      0.4730        drrr_15+rroi 
I         16        866.20565        869.26035        866.20565      0.4940         drrr_15+rrg 
I         17        861.45261        866.20565        861.45261      0.4980        drrr_15+rrri 
I         19        842.72730        861.45261        842.72730      0.5320        drrr_15+rrri 
I         25        836.69303        842.72730        836.69303      0.5970        drrr_15+rroi 
I         38        835.30322        836.69303        835.30322      0.8250         drrr_15+rrg 
I         47        833.42468        835.30322        833.42468      0.9000        drrr_15+rroi 
I         52        832.59667        833.42468        832.59667      0.9220        drrr_15+rrri 
I         59        832.01503        832.59667        832.01503      0.9590        drrr_15+rrri 
I         61        827.22196        832.01503        827.22196      0.9750        drrr_15+rroi 
I         66        823.24956        827.22196        823.24956      0.9960        drrr_15+rroi 
I         79        815.63908        823.24956        815.63908      1.0820         drrr_15+rrg 
I         80        814.40912        815.63908        814.40912      1.0900         drrr_15+rrg 
I         85        814.35585        814.40912        814.35585      1.1070        drrr_15+rroi 
I         89        809.08158        814.35585        809.08158      1.1270        drrr_15+rroi 
I         90        806.70692        809.08158        806.70692      1.1290         drrr_15+rrg 
I         93        803.92488        806.70692        803.92488      1.1470         drrr_15+rrg 
I         98        800.53322        803.92488        800.53322      1.1540        drrr_15+rroi 
I        106        799.88659        800.53322        799.88659      1.1770         drrr_15+rrg 
I        110        798.64104        799.88659        798.64104      1.1870        drrr_15+rroi 
I        114        797.56110        798.64104        797.56110      1.2040        drrr_15+rrri 
I        117        796.00135        797.56110        796.00135      1.2120        drrr_15+rrri 
I        127        794.07581        796.00135        794.07581      1.2500         drrr_15+rrg 
I        132        794.03417        794.07581        794.03417      1.2680        drrr_15+rroi 
I        137        791.04064        794.03417        791.04064      1.2840        drrr_15+rrri 
I        288        790.52484        791.04064        790.52484      1.5330         drrr_15+rrg 
I        554        790.49616        790.52484        790.49616      1.9710        drrr_15+rrri 
I       1353        789.40379        790.49616        789.40379      2.9910         drrr_15+rrg 
I       1461        788.74284        789.40379        788.74284      3.1620        drrr_15+rrri 
I       1564        788.73657        788.74284        788.73657      3.2990        drrr_15+rrri 
I       1579        785.96805        788.73657        785.96805      3.3170        drrr_15+rrri 
I       1588        785.01676        785.96805        785.01676      3.3240         drrr_15+rrg 
I       1594        784.32964        785.01676        784.32964      3.3370        drrr_15+rrri 
I       1620        784.28799        784.32964        784.28799      3.3710         drrr_15+rrg 
I       6416        783.23289        784.28799        783.23289      8.3790        drrr_15+rrri 
I       6450        781.53410        783.23289        781.53410      8.4200         drrr_15+rrg 
I       6469        781.52280        781.53410        781.52280      8.4370         drrr_15+rrg 
I       6481        781.17349        781.52280        781.17349      8.4490         drrr_15+rrg 
I       8851        780.85314        781.17349        780.85314     10.6690        drrr_15+rroi 
I       8920        780.19445        780.85314        780.19445     10.7190        drrr_15+rroi 
I       9261        778.72293        780.19445        778.72293     11.1140         drrr_15+rrg 
I      12951        776.27446        778.72293        776.27446     14.6200        drrr_15+rroi 
I      13355        776.21162        776.27446        776.21162     15.0240        drrr_15+rroi 
I      13375        776.19542        776.21162        776.19542     15.0460        drrr_15+rrri 
I      13445        776.15377        776.19542        776.15377     15.1120        drrr_15+rroi 
I      13459        775.73564        776.15377        775.73564     15.1330         drrr_15+rrg 
I      13612        775.03466        775.73564        775.03466     15.3140        drrr_15+rroi 
I      13630        774.20147        775.03466        774.20147     15.3260        drrr_15+rrri 
I      14143        774.01363        774.20147        774.01363     15.7910        drrr_15+rrri 
I      16424        773.15171        774.01363        773.15171     17.7190        drrr_15+rroi 
I      16453        773.11006        773.15171        773.11006     17.7400        drrr_15+rroi 
I      22997        773.07662        773.11006        773.07662     23.3040        drrr_15+rrri 
I      30000        773.07662        773.07662        805.15100     28.9200         drrr_15+rrg 

Method statistics
S  method    iter  succ  succ-rate%  tot-obj-gain  avg-obj-gain  rel-succ%  net-time  net-time%  brut-time  brut-time%
S  con          1     1   100.00000  -99166.60008  -99166.60008    0.85470   0.21800    0.75380    0.21800     0.75380
S  drrr_15  29999    58     0.19334    -140.32329      -0.00468   49.57265   0.63900    2.20954    0.63900     2.20954
S  rrg       9983    19     0.19032     -49.45299      -0.00495   16.23932  13.20000   45.64316   13.20000    45.64316
S  rroi      9983    19     0.19032     -41.98506      -0.00421   16.23932   6.96600   24.08714    6.96600    24.08714
S  rrri     10033    20     0.19934     -48.88525      -0.00487   17.09402   7.69100   26.59405    7.69100    26.59405
S  SUM/AVG  59999   117     0.19500  -99447.24667      -1.65748   20.00000  28.71400   99.28769   28.71400    99.28769

T best solution: EADARPSolution(t_routing=977.207, t_excess=160.687, obj_val=773.077, obj_val_valid=true,
    unserved_requests=Int64[], F_visited=[171, 176, 172, 174, 175, 169, 173, 170], S_visited=Int64[],
    (1, ([161, 57, 137, 13, 93, 67, 75, 147, 66, 146, 155, 17, 97, 53, 133, 36, 116, 65, 56, 136, 145, 37, 117, 35, 115, 46, 63, 126, 143, 59, 139, 177, 169], [91.86246400674312], [32]))
    (2, ([162, 55, 135, 73, 153, 15, 95, 19, 25, 99, 105, 14, 94, 177, 170], [14.892167372556289], [14]))
    (3, ([163, 4, 21, 84, 101, 68, 26, 148, 106, 60, 140, 179, 16, 96, 31, 111, 79, 159, 6, 86, 2, 82, 58, 138, 171], [66.15869646726627], [12]))
    (4, ([164, 30, 110, 9, 89, 70, 150, 20, 100, 29, 109, 43, 42, 122, 123, 61, 141, 177, 172], [0.022759179034020412], [18]))
    (5, ([165, 28, 108, 72, 152, 8, 88, 40, 69, 149, 120, 32, 112, 62, 18, 142, 98, 5, 12, 85, 92, 27, 107, 177, 173], [39.77009484794009], [24]))
    (6, ([166, 7, 87, 34, 114, 23, 103, 38, 76, 156, 118, 45, 125, 51, 131, 10, 90, 78, 158, 47, 50, 127, 44, 124, 130, 74, 154, 177, 174], [81.13684678639558], [28]))
    (7, ([167, 52, 132, 64, 144, 71, 151, 1, 81, 175], Float64[], Int64[]))
    (8, ([168, 54, 134, 41, 121, 33, 113, 49, 129, 77, 157, 39, 3, 83, 119, 22, 102, 24, 104, 48, 128, 11, 91, 80, 160, 177, 176], [68.72892217658057], [26])))

T best obj: 773.076623184132
T best iteration: 22997
T total iterations: 30000
T best time [s]: 23.304
T total time [s]: 28.9200
