EADARP version ecec-dirty
ARGS: --ifile=EADARP/instances/random/r8-80-00000.txt  --gamma=0.7 --only_single_s_visits=false --odir=EADARP/solutions/random/r8-80-00000 --oname=run57
Settings:
--alns_gamma=0.025
--alns_segment_size=100
--alns_sigma1=10
--alns_sigma2=9
--alns_sigma3=3
--at_most_one_s=false
--gamma=0.7
--ifile=EADARP/instances/random/r8-80-00000.txt
--infeasible_arcs=EADARP/infeasible_arcs
--insert_charging_otf=true
--insert_cost_noise=0.014
--lns_init_temp_factor=0.0
--lns_temp_dec_factor=0.99
--log_all_sols_fname=
--mh_checkit=false
--mh_lfreq=0
--mh_lnewinc=true
--mh_tciter=-1
--mh_tctime=-1.0
--mh_titer=30000
--mh_tobj=-1.0
--mh_ttime=-1.0
--odir=EADARP/solutions/random/r8-80-00000
--ofile=
--oname=run57
--only_single_s_visits=false
--prepthreshold=0.1
--repair_max_routes=0
--route_based_ops=0
--seed=181157257
--tightened_windows=EADARP/tightened_windows
--use_milp_in_otf=0
--xcheck_isfeasible=false

EADARPInstance(EADARP/instances/random/r8-80-00000.txt, n=80, n_K=8, S=[177, 178, 179], Q=14.85, n_F=8, γ=0.7, T_plan=720.0, F=[169, 170, 171, 172, 173, 174, 175, 176])

Percentage of arcs removed: 72.17315314752972%
Minimum Degree: 10
T preprocessing time [s]: 4.286
I       iter             best          obj_old          obj_new        time              method info
I          1        936.75492     100080.00000        936.75492      0.2960                 con 
I          2        930.76568        936.75492        930.76568      0.3170        drrr_15+rrri 
I          3        918.79009        930.76568        918.79009      0.3440        drrr_15+rroi 
I          4        911.63018        918.79009        911.63018      0.3730        drrr_15+rrri 
I          6        898.37686        911.63018        898.37686      0.4150        drrr_15+rroi 
I          7        890.59840        898.37686        890.59840      0.4420         drrr_15+rrg 
I          8        888.35928        890.59840        888.35928      0.4900        drrr_15+rrri 
I         10        867.02368        888.35928        867.02368      0.5460        drrr_15+rrri 
I         11        855.54573        867.02368        855.54573      0.5610        drrr_15+rroi 
I         12        843.12457        855.54573        843.12457      0.5840         drrr_15+rrg 
I         18        834.27660        843.12457        834.27660      0.7160        drrr_15+rroi 
I         19        827.68132        834.27660        827.68132      0.7320         drrr_15+rrg 
I         21        820.06147        827.68132        820.06147      0.7470        drrr_15+rroi 
I         30        819.27740        820.06147        819.27740      0.8430        drrr_15+rrri 
I         34        808.54260        819.27740        808.54260      0.8650        drrr_15+rroi 
I         36        807.86803        808.54260        807.86803      0.8840        drrr_15+rroi 
I         54        807.83617        807.86803        807.83617      0.9780        drrr_15+rrri 
I         64        807.37128        807.83617        807.37128      1.0220        drrr_15+rroi 
I         96        806.41103        807.37128        806.41103      1.1620        drrr_15+rroi 
I        167        806.15568        806.41103        806.15568      1.3450        drrr_15+rrri 
I        178        805.76267        806.15568        805.76267      1.3850         drrr_15+rrg 
I        181        804.85148        805.76267        804.85148      1.3900        drrr_15+rroi 
I        185        804.58202        804.85148        804.58202      1.4040        drrr_15+rroi 
I        190        800.70808        804.58202        800.70808      1.4210        drrr_15+rroi 
I        201        799.15448        800.70808        799.15448      1.4830         drrr_15+rrg 
I        207        797.64977        799.15448        797.64977      1.5100        drrr_15+rrri 
I        209        797.31195        797.64977        797.31195      1.5150        drrr_15+rroi 
I        213        797.27030        797.31195        797.27030      1.5250        drrr_15+rroi 
I        214        796.78743        797.27030        796.78743      1.5290        drrr_15+rroi 
I        223        796.75557        796.78743        796.75557      1.5510         drrr_15+rrg 
I        244        796.47890        796.75557        796.47890      1.6060        drrr_15+rrri 
I        662        793.81612        796.47890        793.81612      2.1680        drrr_15+rroi 
I        917        792.46619        793.81612        792.46619      2.5260        drrr_15+rrri 
I        920        791.88105        792.46619        791.88105      2.5300        drrr_15+rrri 
I        938        791.60438        791.88105        791.60438      2.5900        drrr_15+rroi 
I       1299        791.14550        791.60438        791.14550      3.0680         drrr_15+rrg 
I       1409        789.76151        791.14550        789.76151      3.2120        drrr_15+rroi 
I       1529        788.77010        789.76151        788.77010      3.3670        drrr_15+rroi 
I       1832        788.26118        788.77010        788.26118      3.7410        drrr_15+rrri 
I       3826        787.59822        788.26118        787.59822      5.8080        drrr_15+rrri 
I       3829        786.99813        787.59822        786.99813      5.8150        drrr_15+rrri 
I       3841        786.86286        786.99813        786.86286      5.8340        drrr_15+rrri 
I       4839        786.85599        786.86286        786.85599      6.8440        drrr_15+rrri 
I       5282        786.40736        786.85599        786.40736      7.2860        drrr_15+rroi 
I       5297        785.23799        786.40736        785.23799      7.2960         drrr_15+rrg 
I       5301        784.61843        785.23799        784.61843      7.3040         drrr_15+rrg 
I       5316        784.22543        784.61843        784.22543      7.3260        drrr_15+rroi 
I       5379        783.70497        784.22543        783.70497      7.3870        drrr_15+rrri 
I       5941        782.76086        783.70497        782.76086      7.9500        drrr_15+rrri 
I       6253        782.61345        782.76086        782.61345      8.2430         drrr_15+rrg 
I       6619        782.53813        782.61345        782.53813      8.5550         drrr_15+rrg 
I       7363        782.18198        782.53813        782.18198      9.2600        drrr_15+rroi 
I       7399        779.72173        782.18198        779.72173      9.2940         drrr_15+rrg 
I       8506        779.67029        779.72173        779.67029     10.3610        drrr_15+rrri 
I       8531        778.76814        779.67029        778.76814     10.4090        drrr_15+rroi 
I      10438        778.32923        778.76814        778.32923     12.2250        drrr_15+rroi 
I      11756        778.29317        778.32923        778.29317     13.4610         drrr_15+rrg 
I      11866        775.82161        778.29317        775.82161     13.5880        drrr_15+rroi 
I      14399        774.60716        775.82161        774.60716     15.9480        drrr_15+rrri 
I      14414        773.43752        774.60716        773.43752     15.9610        drrr_15+rroi 
I      14431        772.53786        773.43752        772.53786     15.9720        drrr_15+rroi 
I      14447        772.18854        772.53786        772.18854     15.9830         drrr_15+rrg 
I      18142        772.15269        772.18854        772.15269     19.0800        drrr_15+rrri 
I      30000        772.15269        772.15269        777.99492     29.6860        drrr_15+rrri 

Method statistics
S  method    iter  succ  succ-rate%  tot-obj-gain  avg-obj-gain  rel-succ%  net-time  net-time%  brut-time  brut-time%
S  con          1     1   100.00000  -99143.24508  -99143.24508    0.80000   0.29600    0.99710    0.29600     0.99710
S  drrr_15  29999    62     0.20667    -164.60223      -0.00549   49.60000   0.82800    2.78920    0.82800     2.78920
S  rrg       9884    14     0.14164     -34.08953      -0.00345   11.20000  13.65300   45.99136   13.65300    45.99136
S  rroi     10064    27     0.26828     -84.32069      -0.00838   21.60000   7.01900   23.64416    7.01900    23.64416
S  rrri     10051    21     0.20893     -46.19202      -0.00460   16.80000   7.68900   25.90109    7.68900    25.90109
S  SUM/AVG  59999   125     0.20834  -99472.44955      -1.65790   20.00000  29.48500   99.32291   29.48500    99.32291

T best solution: EADARPSolution(t_routing=978.465, t_excess=153.217, obj_val=772.153, obj_val_valid=true,
    unserved_requests=Int64[], F_visited=[175, 170, 173, 171, 172, 174, 176, 169], S_visited=Int64[],
    (1, ([161, 54, 134, 41, 121, 33, 113, 67, 75, 147, 66, 146, 155, 68, 26, 148, 39, 106, 119, 22, 102, 177, 169], [20.261663885488122], [22]))
    (2, ([162, 7, 87, 49, 129, 65, 56, 136, 145, 60, 140, 16, 96, 46, 63, 126, 143, 80, 160, 177, 170], [11.209971865239186], [20]))
    (3, ([163, 55, 135, 32, 112, 73, 153, 15, 95, 19, 25, 99, 105, 77, 157, 31, 111, 59, 139, 177, 171], [43.17472172934739], [20]))
    (4, ([164, 28, 108, 72, 152, 8, 88, 40, 69, 149, 120, 17, 97, 178, 37, 117, 35, 115, 24, 104, 48, 128, 5, 12, 85, 92, 27, 107, 61, 141, 177, 172], [80.80686211450379, 23.46360829369256], [14, 31]))
    (5, ([165, 52, 132, 64, 144, 45, 125, 51, 131, 10, 90, 78, 158, 47, 50, 127, 44, 124, 130, 74, 154, 177, 173], [58.463988810863285], [22]))
    (6, ([166, 57, 137, 13, 93, 34, 114, 23, 103, 38, 76, 156, 118, 53, 133, 36, 116, 29, 109, 43, 42, 122, 123, 177, 174], [39.684454796555904], [24]))
    (7, ([167, 30, 110, 9, 89, 70, 150, 20, 100, 177, 3, 83, 14, 94, 71, 151, 1, 81, 175], [28.111599484935176], [10]))
    (8, ([168, 4, 21, 84, 101, 62, 18, 142, 98, 11, 91, 79, 159, 6, 86, 2, 82, 58, 138, 177, 176], [25.287826404593293], [20])))

T best obj: 772.1526853945047
T best iteration: 18142
T total iterations: 30000
T best time [s]: 19.080
T total time [s]: 29.6860
