EADARP version ecec-dirty
ARGS: --ifile=EADARP/instances/random/r8-80-00000.txt  --gamma=0.7 --only_single_s_visits=false --odir=EADARP/solutions/random/r8-80-00000 --oname=run79
Settings:
--alns_gamma=0.025
--alns_segment_size=100
--alns_sigma1=10
--alns_sigma2=9
--alns_sigma3=3
--at_most_one_s=false
--gamma=0.7
--ifile=EADARP/instances/random/r8-80-00000.txt
--infeasible_arcs=EADARP/infeasible_arcs
--insert_charging_otf=true
--insert_cost_noise=0.014
--lns_init_temp_factor=0.0
--lns_temp_dec_factor=0.99
--log_all_sols_fname=
--mh_checkit=false
--mh_lfreq=0
--mh_lnewinc=true
--mh_tciter=-1
--mh_tctime=-1.0
--mh_titer=30000
--mh_tobj=-1.0
--mh_ttime=-1.0
--odir=EADARP/solutions/random/r8-80-00000
--ofile=
--oname=run79
--only_single_s_visits=false
--prepthreshold=0.1
--repair_max_routes=0
--route_based_ops=0
--seed=1310404352
--tightened_windows=EADARP/tightened_windows
--use_milp_in_otf=0
--xcheck_isfeasible=false

EADARPInstance(EADARP/instances/random/r8-80-00000.txt, n=80, n_K=8, S=[177, 178, 179], Q=14.85, n_F=8, γ=0.7, T_plan=720.0, F=[169, 170, 171, 172, 173, 174, 175, 176])

Percentage of arcs removed: 72.17315314752972%
Minimum Degree: 10
T preprocessing time [s]: 4.459
I       iter             best          obj_old          obj_new        time              method info
I          1        925.88027     100080.00000        925.88027      0.1930                 con 
I          2        920.25627        925.88027        920.25627      0.2080        drrr_15+rrri 
I          4        911.06207        920.25627        911.06207      0.2630        drrr_15+rroi 
I          5        897.41678        911.06207        897.41678      0.3010         drrr_15+rrg 
I          7        889.70006        897.41678        889.70006      0.3600         drrr_15+rrg 
I          8        881.18609        889.70006        881.18609      0.3790        drrr_15+rrri 
I          9        879.97330        881.18609        879.97330      0.4000        drrr_15+rroi 
I         10        861.32433        879.97330        861.32433      0.4160         drrr_15+rrg 
I         11        859.40936        861.32433        859.40936      0.4650        drrr_15+rroi 
I         12        855.27021        859.40936        855.27021      0.4710        drrr_15+rrri 
I         13        839.32224        855.27021        839.32224      0.4960        drrr_15+rrri 
I         14        827.78783        839.32224        827.78783      0.5130        drrr_15+rroi 
I         16        822.04462        827.78783        822.04462      0.5320         drrr_15+rrg 
I         22        821.13774        822.04462        821.13774      0.5840         drrr_15+rrg 
I         24        815.76609        821.13774        815.76609      0.5900         drrr_15+rrg 
I         29        809.07604        815.76609        809.07604      0.6810        drrr_15+rroi 
I         31        808.03921        809.07604        808.03921      0.6970        drrr_15+rroi 
I         32        807.36169        808.03921        807.36169      0.7030        drrr_15+rrri 
I         34        806.52171        807.36169        806.52171      0.7180         drrr_15+rrg 
I         38        806.09236        806.52171        806.09236      0.7490        drrr_15+rroi 
I         40        804.36969        806.09236        804.36969      0.7670        drrr_15+rrri 
I         45        803.86418        804.36969        803.86418      0.8090        drrr_15+rroi 
I         46        802.71743        803.86418        802.71743      0.8150        drrr_15+rrri 
I         54        799.74656        802.71743        799.74656      0.8890         drrr_15+rrg 
I         56        798.31546        799.74656        798.31546      0.8910        drrr_15+rroi 
I         84        796.34238        798.31546        796.34238      1.0130        drrr_15+rrri 
I         89        794.66284        796.34238        794.66284      1.0300        drrr_15+rroi 
I         97        793.18875        794.66284        793.18875      1.0530        drrr_15+rrri 
I        122        791.79484        793.18875        791.79484      1.1340        drrr_15+rrri 
I        134        791.07675        791.79484        791.07675      1.1550         drrr_15+rrg 
I        144        790.85958        791.07675        790.85958      1.1710        drrr_15+rrri 
I        192        789.99560        790.85958        789.99560      1.2900        drrr_15+rroi 
I        260        789.50522        789.99560        789.50522      1.3970        drrr_15+rroi 
I        358        789.42314        789.50522        789.42314      1.5660        drrr_15+rrri 
I        795        789.11063        789.42314        789.11063      2.1490         drrr_15+rrg 
I       1176        788.99365        789.11063        788.99365      2.6470         drrr_15+rrg 
I       1185        786.92367        788.99365        786.92367      2.6860        drrr_15+rrri 
I       1201        784.73839        786.92367        784.73839      2.7070        drrr_15+rrri 
I       1211        783.55796        784.73839        783.55796      2.7220        drrr_15+rroi 
I       1262        783.24260        783.55796        783.24260      2.7930        drrr_15+rrri 
I       1263        780.82193        783.24260        780.82193      2.7940         drrr_15+rrg 
I       1265        780.82193        780.82193        780.82193      2.7960        drrr_15+rrri 
I       1399        780.43378        780.82193        780.43378      2.9380        drrr_15+rrri 
I       1780        779.80388        780.43378        779.80388      3.4110         drrr_15+rrg 
I       1796        779.26107        779.80388        779.26107      3.4300        drrr_15+rrri 
I       1799        778.44656        779.26107        778.44656      3.4330        drrr_15+rrri 
I       1806        778.44656        778.44656        778.44656      3.4430        drrr_15+rrri 
I       1815        777.45423        778.44656        777.45423      3.4540        drrr_15+rrri 
I       2191        775.09515        777.45423        775.09515      3.8580        drrr_15+rroi 
I       2200        773.48161        775.09515        773.48161      3.8670        drrr_15+rroi 
I       2241        772.30201        773.48161        772.30201      3.9160         drrr_15+rrg 
I       2244        772.30201        772.30201        772.30201      3.9210         drrr_15+rrg 
I       2277        772.26036        772.30201        772.26036      3.9580        drrr_15+rroi 
I      30000        772.26036        772.26036        772.26036     29.3960        drrr_15+rroi 

Method statistics
S  method    iter  succ  succ-rate%  tot-obj-gain  avg-obj-gain  rel-succ%  net-time  net-time%  brut-time  brut-time%
S  con          1     1   100.00000  -99154.11973  -99154.11973    0.95238   0.19200    0.65315    0.19200     0.65315
S  drrr_15  29999    52     0.17334    -153.61991      -0.00512   49.52381   0.66300    2.25540    0.66300     2.25540
S  rrg       9990    15     0.15015     -61.22131      -0.00613   14.28571  13.91500   47.33637   13.91500    47.33637
S  rroi     10031    16     0.15951     -42.17780      -0.00420   15.23810   7.05700   24.00668    7.05700    24.00668
S  rrri      9978    21     0.21046     -50.22080      -0.00503   20.00000   7.35399   25.01699    7.35399    25.01699
S  SUM/AVG  59999   105     0.17500  -99461.35955      -1.65772   20.00000  29.18100   99.26860   29.18100    99.26860

T best solution: EADARPSolution(t_routing=964.373, t_excess=195.923, obj_val=772.26, obj_val_valid=true,
    unserved_requests=Int64[], F_visited=[174, 173, 169, 170, 172, 175, 171, 176], S_visited=Int64[],
    (1, ([161, 54, 134, 41, 121, 33, 113, 67, 75, 147, 66, 146, 155, 17, 97, 53, 133, 36, 116, 65, 56, 136, 145, 37, 117, 35, 115, 24, 104, 47, 50, 127, 44, 124, 130, 179, 42, 122, 177, 169], [83.15287632461639, 34.53842925225869], [36, 39]))
    (2, ([162, 57, 137, 13, 93, 34, 114, 23, 103, 38, 76, 156, 118, 60, 140, 16, 96, 46, 63, 11, 126, 143, 91, 80, 160, 177, 170], [61.29623647108332], [26]))
    (3, ([163, 28, 108, 72, 152, 8, 88, 40, 69, 149, 120, 73, 153, 15, 95, 19, 25, 99, 105, 22, 102, 177, 31, 111, 79, 159, 6, 86, 74, 154, 1, 81, 171], [101.77422731791962], [22]))
    (4, ([164, 30, 110, 9, 89, 70, 150, 20, 100, 29, 109, 14, 43, 94, 123, 172], Float64[], Int64[]))
    (5, ([165, 4, 21, 84, 101, 68, 26, 148, 106, 59, 139, 173], Float64[], Int64[]))
    (6, ([166, 55, 135, 32, 112, 62, 18, 142, 98, 5, 12, 85, 92, 27, 107, 61, 141, 177, 174], [5.384519274505741], [18]))
    (7, ([167, 52, 132, 64, 144, 45, 125, 51, 131, 10, 90, 78, 158, 71, 151, 177, 175], [31.9192033317638], [16]))
    (8, ([168, 7, 87, 49, 129, 77, 157, 39, 3, 83, 119, 48, 128, 2, 82, 58, 138, 177, 176], [2.4555867260140474], [18])))

T best obj: 772.2603633371423
T best iteration: 2277
T total iterations: 30000
T best time [s]: 3.958
T total time [s]: 29.3960
