EADARP version ecec-dirty
ARGS: --ifile=EADARP/instances/random/r8-80-00000.txt  --gamma=0.7 --only_single_s_visits=false --odir=EADARP/solutions/random/r8-80-00000 --oname=run81
Settings:
--alns_gamma=0.025
--alns_segment_size=100
--alns_sigma1=10
--alns_sigma2=9
--alns_sigma3=3
--at_most_one_s=false
--gamma=0.7
--ifile=EADARP/instances/random/r8-80-00000.txt
--infeasible_arcs=EADARP/infeasible_arcs
--insert_charging_otf=true
--insert_cost_noise=0.014
--lns_init_temp_factor=0.0
--lns_temp_dec_factor=0.99
--log_all_sols_fname=
--mh_checkit=false
--mh_lfreq=0
--mh_lnewinc=true
--mh_tciter=-1
--mh_tctime=-1.0
--mh_titer=30000
--mh_tobj=-1.0
--mh_ttime=-1.0
--odir=EADARP/solutions/random/r8-80-00000
--ofile=
--oname=run81
--only_single_s_visits=false
--prepthreshold=0.1
--repair_max_routes=0
--route_based_ops=0
--seed=1141452238
--tightened_windows=EADARP/tightened_windows
--use_milp_in_otf=0
--xcheck_isfeasible=false

EADARPInstance(EADARP/instances/random/r8-80-00000.txt, n=80, n_K=8, S=[177, 178, 179], Q=14.85, n_F=8, γ=0.7, T_plan=720.0, F=[169, 170, 171, 172, 173, 174, 175, 176])

Percentage of arcs removed: 72.17315314752972%
Minimum Degree: 10
T preprocessing time [s]: 4.567
I       iter             best          obj_old          obj_new        time              method info
I          1        943.96482     100080.00000        943.96482      0.2270                 con 
I          2        925.78272        943.96482        925.78272      0.2540        drrr_15+rroi 
I          3        912.67770        925.78272        912.67770      0.2870        drrr_15+rroi 
I          5        901.70487        912.67770        901.70487      0.3520        drrr_15+rrri 
I          6        894.89920        901.70487        894.89920      0.3880        drrr_15+rroi 
I          7        877.46269        894.89920        877.46269      0.4300        drrr_15+rroi 
I          8        871.33418        877.46269        871.33418      0.4580        drrr_15+rroi 
I         10        863.23809        871.33418        863.23809      0.5040         drrr_15+rrg 
I         11        854.11751        863.23809        854.11751      0.5430        drrr_15+rroi 
I         14        846.18426        854.11751        846.18426      0.6080         drrr_15+rrg 
I         15        841.03360        846.18426        841.03360      0.6180        drrr_15+rroi 
I         16        829.49338        841.03360        829.49338      0.6260        drrr_15+rroi 
I         19        829.14714        829.49338        829.14714      0.7010         drrr_15+rrg 
I         21        826.63562        829.14714        826.63562      0.7160        drrr_15+rrri 
I         25        826.22424        826.63562        826.22424      0.7540         drrr_15+rrg 
I         28        824.77405        826.22424        824.77405      0.7680        drrr_15+rroi 
I         31        818.75347        824.77405        818.75347      0.7930        drrr_15+rrri 
I         47        816.92656        818.75347        816.92656      0.9680         drrr_15+rrg 
I         64        814.75192        816.92656        814.75192      1.0520        drrr_15+rroi 
I         66        814.50159        814.75192        814.50159      1.0540        drrr_15+rrri 
I         94        814.28106        814.50159        814.28106      1.1430        drrr_15+rroi 
I        102        814.15972        814.28106        814.15972      1.1590        drrr_15+rroi 
I        115        813.07988        814.15972        813.07988      1.2140        drrr_15+rroi 
I        118        812.40345        813.07988        812.40345      1.2260        drrr_15+rrri 
I        128        812.36213        812.40345        812.36213      1.2470        drrr_15+rrri 
I        130        811.42406        812.36213        811.42406      1.2520         drrr_15+rrg 
I        159        810.99097        811.42406        810.99097      1.3430        drrr_15+rroi 
I        196        805.10450        810.99097        805.10450      1.4670        drrr_15+rroi 
I        221        804.87453        805.10450        804.87453      1.5020        drrr_15+rroi 
I        231        804.59542        804.87453        804.59542      1.5220         drrr_15+rrg 
I        297        802.26150        804.59542        802.26150      1.6430         drrr_15+rrg 
I        300        801.94251        802.26150        801.94251      1.6520         drrr_15+rrg 
I        301        801.09911        801.94251        801.09911      1.6520        drrr_15+rroi 
I        320        800.52440        801.09911        800.52440      1.6840        drrr_15+rrri 
I        345        800.43505        800.52440        800.43505      1.7390         drrr_15+rrg 
I        378        797.32030        800.43505        797.32030      1.7690        drrr_15+rrri 
I        410        797.31023        797.32030        797.31023      1.8510         drrr_15+rrg 
I        415        796.84296        797.31023        796.84296      1.8720         drrr_15+rrg 
I        416        796.80131        796.84296        796.80131      1.8720        drrr_15+rrri 
I        464        796.77001        796.80131        796.77001      2.0340         drrr_15+rrg 
I        525        796.55958        796.77001        796.55958      2.1260        drrr_15+rroi 
I       1292        795.96878        796.55958        795.96878      3.1180        drrr_15+rrri 
I       2570        794.05957        795.96878        794.05957      4.5800        drrr_15+rroi 
I       2580        791.70610        794.05957        791.70610      4.6020         drrr_15+rrg 
I       2590        791.62553        791.70610        791.62553      4.6050        drrr_15+rrri 
I       2593        790.06578        791.62553        790.06578      4.6120        drrr_15+rroi 
I       3774        789.31583        790.06578        789.31583      5.7560        drrr_15+rrri 
I       3798        789.29572        789.31583        789.29572      5.7710        drrr_15+rrri 
I       3808        789.25407        789.29572        789.25407      5.7800        drrr_15+rrri 
I       3958        789.23525        789.25407        789.23525      5.9170        drrr_15+rrri 
I       4110        788.75591        789.23525        788.75591      6.0350        drrr_15+rroi 
I       4146        788.72405        788.75591        788.72405      6.0770        drrr_15+rroi 
I       4165        788.59246        788.72405        788.59246      6.0920         drrr_15+rrg 
I       4223        788.10532        788.59246        788.10532      6.1510        drrr_15+rrri 
I       4232        788.06367        788.10532        788.06367      6.1640         drrr_15+rrg 
I       4270        786.68786        788.06367        786.68786      6.1930        drrr_15+rrri 
I       4336        784.74371        786.68786        784.74371      6.2640        drrr_15+rrri 
I       4339        783.65823        784.74371        783.65823      6.2710        drrr_15+rroi 
I       4347        783.04430        783.65823        783.04430      6.2800         drrr_15+rrg 
I       4356        781.41771        783.04430        781.41771      6.2880        drrr_15+rrri 
I       4390        779.85796        781.41771        779.85796      6.3120        drrr_15+rrri 
I      20231        779.41274        779.85796        779.41274     20.3720        drrr_15+rrri 
I      20271        778.90872        779.41274        778.90872     20.4180        drrr_15+rrri 
I      20312        778.69830        778.90872        778.69830     20.4480        drrr_15+rroi 
I      20825        777.91102        778.69830        777.91102     20.8810        drrr_15+rrri 
I      30000        777.91102        777.91102        788.03690     28.7060        drrr_15+rroi 

Method statistics
S  method    iter  succ  succ-rate%  tot-obj-gain  avg-obj-gain  rel-succ%  net-time  net-time%  brut-time  brut-time%
S  con          1     1   100.00000  -99136.03518  -99136.03518    0.77519   0.22700    0.79078    0.22700     0.79078
S  drrr_15  29999    64     0.21334    -166.05379      -0.00554   49.61240   0.71600    2.49425    0.71600     2.49425
S  rrg      10041    17     0.16931     -26.22258      -0.00261   13.17829  13.94099   48.56474   13.94099    48.56474
S  rroi      9845    24     0.24378    -105.39522      -0.01071   18.60465   6.51000   22.67819    6.51000    22.67819
S  rrri     10113    23     0.22743     -34.43600      -0.00341   17.82946   7.10300   24.74397    7.10300    24.74397
S  SUM/AVG  59999   129     0.21500  -99468.14277      -1.65783   20.00000  28.49700   99.27193   28.49700    99.27193

T best solution: EADARPSolution(t_routing=979.831, t_excess=172.152, obj_val=777.911, obj_val_valid=true,
    unserved_requests=Int64[], F_visited=[172, 169, 171, 174, 175, 176, 170, 173], S_visited=Int64[],
    (1, ([161, 55, 135, 23, 103, 38, 76, 156, 118, 53, 133, 36, 116, 29, 109, 16, 96, 46, 31, 126, 111, 79, 159, 6, 86, 177, 169], [44.59365247663089], [26]))
    (2, ([162, 57, 13, 137, 93, 64, 144, 45, 125, 59, 139, 179, 74, 154, 43, 42, 122, 123, 61, 141, 170], [39.86507101755781], [12]))
    (3, ([163, 28, 108, 72, 152, 8, 88, 40, 69, 149, 120, 68, 148, 37, 117, 35, 115, 63, 11, 143, 91, 80, 160, 177, 171], [63.08782744851808], [24]))
    (4, ([164, 7, 87, 179, 34, 114, 65, 145, 51, 131, 10, 90, 24, 104, 48, 128, 5, 12, 85, 92, 27, 107, 177, 172], [8.116006701103228, 49.74986546429751], [4, 23]))
    (5, ([165, 173], Float64[], Int64[]))
    (6, ([166, 54, 52, 134, 132, 41, 121, 33, 113, 49, 129, 67, 75, 147, 66, 146, 155, 26, 56, 106, 136, 60, 140, 179, 14, 94, 71, 151, 1, 81, 174], [84.1457122104643], [24]))
    (7, ([167, 4, 21, 84, 101, 73, 153, 15, 95, 19, 25, 99, 105, 77, 157, 39, 3, 83, 119, 22, 102, 177, 175], [42.740590026505], [22]))
    (8, ([168, 30, 110, 9, 89, 70, 150, 20, 100, 32, 112, 62, 18, 98, 142, 17, 97, 177, 78, 158, 47, 50, 127, 44, 124, 130, 2, 82, 58, 138, 177, 176], [79.4166919929733, 1.1151761706716845], [18, 31])))

T best obj: 777.911023884699
T best iteration: 20825
T total iterations: 30000
T best time [s]: 20.881
T total time [s]: 28.7060
