EADARP version ecec-dirty
ARGS: --ifile=EADARP/instances/random/r8-80-00000.txt  --gamma=0.7 --only_single_s_visits=false --odir=EADARP/solutions/random/r8-80-00000 --oname=run92
Settings:
--alns_gamma=0.025
--alns_segment_size=100
--alns_sigma1=10
--alns_sigma2=9
--alns_sigma3=3
--at_most_one_s=false
--gamma=0.7
--ifile=EADARP/instances/random/r8-80-00000.txt
--infeasible_arcs=EADARP/infeasible_arcs
--insert_charging_otf=true
--insert_cost_noise=0.014
--lns_init_temp_factor=0.0
--lns_temp_dec_factor=0.99
--log_all_sols_fname=
--mh_checkit=false
--mh_lfreq=0
--mh_lnewinc=true
--mh_tciter=-1
--mh_tctime=-1.0
--mh_titer=30000
--mh_tobj=-1.0
--mh_ttime=-1.0
--odir=EADARP/solutions/random/r8-80-00000
--ofile=
--oname=run92
--only_single_s_visits=false
--prepthreshold=0.1
--repair_max_routes=0
--route_based_ops=0
--seed=1353006393
--tightened_windows=EADARP/tightened_windows
--use_milp_in_otf=0
--xcheck_isfeasible=false

EADARPInstance(EADARP/instances/random/r8-80-00000.txt, n=80, n_K=8, S=[177, 178, 179], Q=14.85, n_F=8, γ=0.7, T_plan=720.0, F=[169, 170, 171, 172, 173, 174, 175, 176])

Percentage of arcs removed: 72.17315314752972%
Minimum Degree: 10
T preprocessing time [s]: 4.664
I       iter             best          obj_old          obj_new        time              method info
I          1        928.83540     100080.00000        928.83540      0.2700                 con 
I          2        915.67692        928.83540        915.67692      0.3030        drrr_15+rrri 
I          4        906.32729        915.67692        906.32729      0.3600        drrr_15+rroi 
I          5        891.76253        906.32729        891.76253      0.4020        drrr_15+rrri 
I          6        877.14242        891.76253        877.14242      0.4180        drrr_15+rroi 
I          8        873.42331        877.14242        873.42331      0.4760         drrr_15+rrg 
I          9        859.13932        873.42331        859.13932      0.5040         drrr_15+rrg 
I         11        855.82413        859.13932        855.82413      0.5530        drrr_15+rrri 
I         13        855.72410        855.82413        855.72410      0.6070         drrr_15+rrg 
I         16        847.57344        855.72410        847.57344      0.6710        drrr_15+rrri 
I         26        843.03802        847.57344        843.03802      0.8390        drrr_15+rroi 
I         29        837.28433        843.03802        837.28433      0.8620        drrr_15+rrri 
I         34        835.27801        837.28433        835.27801      0.8790        drrr_15+rroi 
I         45        834.88500        835.27801        834.88500      0.9700         drrr_15+rrg 
I         47        830.66786        834.88500        830.66786      0.9730         drrr_15+rrg 
I         49        828.91895        830.66786        828.91895      1.0060         drrr_15+rrg 
I         51        823.67805        828.91895        823.67805      1.0300        drrr_15+rrri 
I         57        821.61040        823.67805        821.61040      1.0840         drrr_15+rrg 
I         69        817.96270        821.61040        817.96270      1.1410        drrr_15+rrri 
I         79        816.41708        817.96270        816.41708      1.2300        drrr_15+rroi 
I         87        814.84502        816.41708        814.84502      1.2620         drrr_15+rrg 
I         88        813.17333        814.84502        813.17333      1.2700        drrr_15+rroi 
I         91        809.07955        813.17333        809.07955      1.2800         drrr_15+rrg 
I         99        806.39516        809.07955        806.39516      1.3100        drrr_15+rroi 
I        100        806.04584        806.39516        806.04584      1.3120        drrr_15+rrri 
I        104        805.67071        806.04584        805.67071      1.3250         drrr_15+rrg 
I        112        804.63489        805.67071        804.63489      1.3410        drrr_15+rrri 
I        140        804.59324        804.63489        804.59324      1.4120        drrr_15+rrri 
I        141        803.12172        804.59324        803.12172      1.4160         drrr_15+rrg 
I        154        802.91879        803.12172        802.91879      1.4530        drrr_15+rrri 
I        156        802.84449        802.91879        802.84449      1.4590        drrr_15+rrri 
I        159        802.25763        802.84449        802.25763      1.4660        drrr_15+rroi 
I        196        802.14184        802.25763        802.14184      1.5320        drrr_15+rrri 
I        333        802.08331        802.14184        802.08331      1.7660         drrr_15+rrg 
I        410        801.74369        802.08331        801.74369      1.8930        drrr_15+rroi 
I        417        799.90919        801.74369        799.90919      1.9050         drrr_15+rrg 
I        424        795.11947        799.90919        795.11947      1.9140        drrr_15+rroi 
I        453        795.00018        795.11947        795.00018      2.0000         drrr_15+rrg 
I        486        794.68686        795.00018        794.68686      2.0640        drrr_15+rrri 
I        532        794.68471        794.68686        794.68471      2.1640         drrr_15+rrg 
I        547        794.34210        794.68471        794.34210      2.1900        drrr_15+rroi 
I        564        794.26781        794.34210        794.26781      2.2220         drrr_15+rrg 
I        566        794.17361        794.26781        794.17361      2.2270         drrr_15+rrg 
I        591        793.88851        794.17361        793.88851      2.2870        drrr_15+rroi 
I        592        793.83989        793.88851        793.83989      2.2900         drrr_15+rrg 
I        607        791.59690        793.83989        791.59690      2.3270         drrr_15+rrg 
I        612        791.44527        791.59690        791.44527      2.3520         drrr_15+rrg 
I        616        790.11692        791.44527        790.11692      2.3640         drrr_15+rrg 
I        643        789.96529        790.11692        789.96529      2.3950        drrr_15+rroi 
I        674        789.89915        789.96529        789.89915      2.4690         drrr_15+rrg 
I       1262        787.99821        789.89915        787.99821      3.2950        drrr_15+rrri 
I       1265        787.73788        787.99821        787.73788      3.3000        drrr_15+rroi 
I       1400        787.69623        787.73788        787.69623      3.4820        drrr_15+rroi 
I       1424        787.38950        787.69623        787.38950      3.5200         drrr_15+rrg 
I       1465        785.67691        787.38950        785.67691      3.5660        drrr_15+rrri 
I       1813        784.38517        785.67691        784.38517      4.0520        drrr_15+rrri 
I       1814        784.34352        784.38517        784.34352      4.0520        drrr_15+rrri 
I       3862        781.55463        784.34352        781.55463      6.1900         drrr_15+rrg 
I       3867        781.08441        781.55463        781.08441      6.1990        drrr_15+rroi 
I       3908        780.26055        781.08441        780.26055      6.2410         drrr_15+rrg 
I       3909        780.21890        780.26055        780.21890      6.2410        drrr_15+rrri 
I      16690        779.44279        780.21890        779.44279     18.2990         drrr_15+rrg 
I      16754        779.35639        779.44279        779.35639     18.3510         drrr_15+rrg 
I      16756        779.35639        779.35639        779.35639     18.3510         drrr_15+rrg 
I      16913        779.16139        779.35639        779.16139     18.5250        drrr_15+rrri 
I      26740        779.16071        779.16139        779.16071     27.0240        drrr_15+rrri 
I      26753        778.84335        779.16071        778.84335     27.0290        drrr_15+rroi 
I      26775        778.48451        778.84335        778.48451     27.0410        drrr_15+rrri 
I      26777        777.84428        778.48451        777.84428     27.0410        drrr_15+rrri 
I      26802        777.75788        777.84428        777.75788     27.0660        drrr_15+rroi 
I      26821        777.75788        777.75788        777.75788     27.0790        drrr_15+rroi 
I      26985        777.71691        777.75788        777.71691     27.2140        drrr_15+rrri 
I      26989        777.54901        777.71691        777.54901     27.2200         drrr_15+rrg 
I      27114        777.08524        777.54901        777.08524     27.3490        drrr_15+rrri 
I      27121        776.90878        777.08524        776.90878     27.3580         drrr_15+rrg 
I      30000        776.90878        776.90878        779.31234     29.8880        drrr_15+rroi 

Method statistics
S  method    iter  succ  succ-rate%  tot-obj-gain  avg-obj-gain  rel-succ%  net-time  net-time%  brut-time  brut-time%
S  con          1     1   100.00000  -99151.16460  -99151.16460    0.67114   0.27000    0.90337    0.27000     0.90337
S  drrr_15  29999    74     0.24667    -151.92662      -0.00506   49.66443   0.81900    2.74024    0.81900     2.74024
S  rrg      10026    30     0.29922     -45.18939      -0.00451   20.13423  14.24900   47.67464   14.24900    47.67464
S  rroi     10047    19     0.18911     -44.08467      -0.00439   12.75168   7.10700   23.77876    7.10700    23.77876
S  rrri      9926    25     0.25186     -62.65256      -0.00631   16.77852   7.26101   24.29405    7.26101    24.29405
S  SUM/AVG  59999   149     0.24834  -99455.01784      -1.65761   20.00000  29.70600   99.39106   29.70600    99.39106

T best solution: EADARPSolution(t_routing=966.502, t_excess=208.129, obj_val=776.909, obj_val_valid=true,
    unserved_requests=Int64[], F_visited=[172, 176, 174, 175, 169, 170, 173, 171], S_visited=Int64[],
    (1, ([161, 7, 87, 34, 114, 49, 129, 65, 56, 136, 145, 37, 117, 35, 115, 63, 11, 143, 91, 79, 159, 6, 86, 177, 169], [40.1421477592589], [24]))
    (2, ([162, 57, 137, 13, 93, 67, 75, 147, 66, 146, 155, 17, 97, 45, 125, 51, 131, 10, 90, 24, 104, 80, 160, 177, 170], [75.8564814365504], [24]))
    (3, ([163, 4, 21, 84, 101, 73, 153, 15, 95, 19, 25, 99, 105, 77, 157, 39, 3, 83, 119, 22, 102, 177, 78, 158, 47, 50, 127, 44, 124, 130, 179, 42, 2, 82, 58, 122, 138, 177, 171], [54.59388333599128, 70.74384133426133, 6.378413710477875], [22, 31, 38]))
    (4, ([164, 55, 135, 23, 103, 38, 76, 156, 118, 53, 133, 36, 116, 29, 109, 14, 43, 94, 123, 177, 172], [19.798288129430862], [20]))
    (5, ([165, 54, 52, 134, 132, 41, 121, 33, 113, 64, 144, 71, 151, 173], Float64[], Int64[]))
    (6, ([166, 30, 110, 9, 89, 60, 140, 74, 154, 1, 81, 174], Float64[], Int64[]))
    (7, ([167, 28, 108, 72, 152, 8, 88, 40, 69, 149, 120, 62, 18, 142, 98, 16, 96, 46, 31, 126, 111, 59, 139, 177, 175], [59.95679190437388], [24]))
    (8, ([168, 70, 150, 20, 100, 32, 112, 68, 26, 148, 106, 48, 128, 5, 12, 85, 92, 27, 107, 61, 141, 177, 176], [26.270051207218323], [22])))

T best obj: 776.9087810736514
T best iteration: 27121
T total iterations: 30000
T best time [s]: 27.358
T total time [s]: 29.8880
