EADARP version ecec-dirty
ARGS: --ifile=EADARP/instances/random/r8-80-00000.txt  --gamma=0.7 --only_single_s_visits=false --odir=EADARP/solutions/random/r8-80-00000 --oname=run97
Settings:
--alns_gamma=0.025
--alns_segment_size=100
--alns_sigma1=10
--alns_sigma2=9
--alns_sigma3=3
--at_most_one_s=false
--gamma=0.7
--ifile=EADARP/instances/random/r8-80-00000.txt
--infeasible_arcs=EADARP/infeasible_arcs
--insert_charging_otf=true
--insert_cost_noise=0.014
--lns_init_temp_factor=0.0
--lns_temp_dec_factor=0.99
--log_all_sols_fname=
--mh_checkit=false
--mh_lfreq=0
--mh_lnewinc=true
--mh_tciter=-1
--mh_tctime=-1.0
--mh_titer=30000
--mh_tobj=-1.0
--mh_ttime=-1.0
--odir=EADARP/solutions/random/r8-80-00000
--ofile=
--oname=run97
--only_single_s_visits=false
--prepthreshold=0.1
--repair_max_routes=0
--route_based_ops=0
--seed=861696486
--tightened_windows=EADARP/tightened_windows
--use_milp_in_otf=0
--xcheck_isfeasible=false

EADARPInstance(EADARP/instances/random/r8-80-00000.txt, n=80, n_K=8, S=[177, 178, 179], Q=14.85, n_F=8, γ=0.7, T_plan=720.0, F=[169, 170, 171, 172, 173, 174, 175, 176])

Percentage of arcs removed: 72.17315314752972%
Minimum Degree: 10
T preprocessing time [s]: 4.233
I       iter             best          obj_old          obj_new        time              method info
I          1        924.52700     100080.00000        924.52700      0.1910                 con 
I          3        918.76124        924.52700        918.76124      0.2670        drrr_15+rroi 
I          4        899.66017        918.76124        899.66017      0.2870        drrr_15+rroi 
I          6        885.04669        899.66017        885.04669      0.3370        drrr_15+rrri 
I          7        868.46461        885.04669        868.46461      0.3470        drrr_15+rrri 
I          8        856.46813        868.46461        856.46813      0.3770        drrr_15+rroi 
I          9        845.40843        856.46813        845.40843      0.4070        drrr_15+rrri 
I         10        841.18188        845.40843        841.18188      0.4290        drrr_15+rroi 
I         11        831.33072        841.18188        831.33072      0.4610         drrr_15+rrg 
I         15        825.37426        831.33072        825.37426      0.5280        drrr_15+rrri 
I         21        823.59784        825.37426        823.59784      0.6090        drrr_15+rroi 
I         27        820.10878        823.59784        820.10878      0.6520        drrr_15+rroi 
I         30        818.45831        820.10878        818.45831      0.6730         drrr_15+rrg 
I         31        817.55404        818.45831        817.55404      0.6810        drrr_15+rroi 
I         48        815.38206        817.55404        815.38206      0.8180        drrr_15+rrri 
I         60        814.70750        815.38206        814.70750      0.8610        drrr_15+rroi 
I         64        813.14775        814.70750        813.14775      0.8780        drrr_15+rroi 
I         89        811.09793        813.14775        811.09793      1.0530         drrr_15+rrg 
I         99        810.59323        811.09793        810.59323      1.1270         drrr_15+rrg 
I        107        810.49986        810.59323        810.49986      1.1590        drrr_15+rrri 
I        141        810.45821        810.49986        810.45821      1.2480        drrr_15+rrri 
I        257        808.22744        810.45821        808.22744      1.4930        drrr_15+rroi 
I        287        806.99814        808.22744        806.99814      1.5310         drrr_15+rrg 
I        289        806.34043        806.99814        806.34043      1.5370        drrr_15+rrri 
I        298        806.02577        806.34043        806.02577      1.5610        drrr_15+rrri 
I        316        803.32323        806.02577        803.32323      1.6190        drrr_15+rrri 
I        338        803.29031        803.32323        803.29031      1.7140        drrr_15+rroi 
I        361        802.41570        803.29031        802.41570      1.7430        drrr_15+rrri 
I        370        800.65911        802.41570        800.65911      1.7570        drrr_15+rroi 
I        459        800.58848        800.65911        800.58848      1.8900        drrr_15+rroi 
I        503        800.37931        800.58848        800.37931      2.0180         drrr_15+rrg 
I        516        798.93807        800.37931        798.93807      2.0310        drrr_15+rroi 
I        536        798.20087        798.93807        798.20087      2.0570        drrr_15+rroi 
I        555        798.15950        798.20087        798.15950      2.1260        drrr_15+rroi 
I        563        797.81018        798.15950        797.81018      2.1430        drrr_15+rroi 
I        588        797.77726        797.81018        797.77726      2.1690        drrr_15+rrri 
I        592        797.69828        797.77726        797.69828      2.1710        drrr_15+rrri 
I        626        796.69006        797.69828        796.69006      2.2470        drrr_15+rrri 
I        627        796.57184        796.69006        796.57184      2.2500        drrr_15+rroi 
I        640        795.44591        796.57184        795.44591      2.2670        drrr_15+rroi 
I       2321        794.26466        795.44591        794.26466      4.5970        drrr_15+rroi 
I       2362        793.83580        794.26466        793.83580      4.6520        drrr_15+rrri 
I       2508        793.79415        793.83580        793.79415      4.8280         drrr_15+rrg 
I       2690        793.64555        793.79415        793.64555      5.0170         drrr_15+rrg 
I       3206        790.31050        793.64555        790.31050      5.5620        drrr_15+rroi 
I      30000        790.31050        790.31050        790.31050     30.6720         drrr_15+rrg 

Method statistics
S  method    iter  succ  succ-rate%  tot-obj-gain  avg-obj-gain  rel-succ%  net-time  net-time%  brut-time  brut-time%
S  con          1     1   100.00000  -99155.47300  -99155.47300    1.12360   0.19100    0.62272    0.19100     0.62272
S  drrr_15  29999    44     0.14667    -134.21650      -0.00447   49.43820   0.84800    2.76474    0.84800     2.76474
S  rrg       9871     8     0.08105     -15.68487      -0.00159    8.98876  14.56500   47.48632   14.56500    47.48632
S  rroi      9973    21     0.21057     -61.91442      -0.00621   23.59551   7.06200   23.02425    7.06200    23.02425
S  rrri     10155    15     0.14771     -56.61720      -0.00558   16.85393   7.74200   25.24126    7.74200    25.24126
S  SUM/AVG  59999    89     0.14834  -99423.90599      -1.65709   20.00000  30.40800   99.13928   30.40800    99.13928

T best solution: EADARPSolution(t_routing=989.137, t_excess=193.83, obj_val=790.311, obj_val_valid=true,
    unserved_requests=Int64[], F_visited=[169, 173, 172, 176, 174, 170, 175, 171], S_visited=Int64[],
    (1, ([161, 4, 21, 84, 101, 73, 153, 15, 95, 45, 125, 178, 37, 117, 24, 104, 48, 128, 5, 12, 85, 92, 27, 107, 61, 141, 177, 169], [66.09847647017413, 15.476854336221159], [12, 27]))
    (2, ([162, 28, 108, 55, 135, 23, 103, 38, 76, 156, 118, 53, 133, 36, 116, 22, 102, 6, 86, 2, 82, 58, 138, 177, 170], [29.49648041779744], [24]))
    (3, ([163, 72, 152, 8, 88, 40, 69, 149, 120, 32, 112, 68, 26, 148, 106, 47, 50, 127, 44, 124, 130, 42, 122, 177, 171], [48.22155977511805], [24]))
    (4, ([164, 57, 137, 13, 93, 67, 75, 147, 66, 146, 155, 17, 97, 3, 83, 179, 29, 109, 14, 43, 94, 123, 172], [55.74976136073768], [16]))
    (5, ([165, 54, 52, 134, 132, 41, 121, 33, 113, 49, 129, 70, 150, 20, 100, 18, 62, 142, 98, 179, 77, 157, 39, 51, 119, 131, 10, 90, 35, 115, 63, 11, 143, 91, 79, 159, 80, 160, 177, 173], [36.64622979938535, 87.08736927065854], [20, 39]))
    (6, ([166, 7, 87, 34, 114, 65, 56, 136, 145, 60, 140, 78, 158, 71, 151, 177, 174], [19.275420770342322], [16]))
    (7, ([167, 30, 110, 9, 89, 64, 144, 19, 25, 99, 105, 179, 16, 96, 46, 31, 126, 111, 59, 139, 74, 154, 1, 81, 175], [64.08510596702813], [12]))
    (8, ([168, 176], Float64[], Int64[])))

T best obj: 790.3105021186855
T best iteration: 3206
T total iterations: 30000
T best time [s]: 5.562
T total time [s]: 30.6720
