EADARP version ecec-dirty
ARGS: --ifile=EADARP/instances/random/r8-80-00000.txt  --gamma=0.7 --only_single_s_visits=false --odir=EADARP/solutions/random/r8-80-00000 --oname=run98
Settings:
--alns_gamma=0.025
--alns_segment_size=100
--alns_sigma1=10
--alns_sigma2=9
--alns_sigma3=3
--at_most_one_s=false
--gamma=0.7
--ifile=EADARP/instances/random/r8-80-00000.txt
--infeasible_arcs=EADARP/infeasible_arcs
--insert_charging_otf=true
--insert_cost_noise=0.014
--lns_init_temp_factor=0.0
--lns_temp_dec_factor=0.99
--log_all_sols_fname=
--mh_checkit=false
--mh_lfreq=0
--mh_lnewinc=true
--mh_tciter=-1
--mh_tctime=-1.0
--mh_titer=30000
--mh_tobj=-1.0
--mh_ttime=-1.0
--odir=EADARP/solutions/random/r8-80-00000
--ofile=
--oname=run98
--only_single_s_visits=false
--prepthreshold=0.1
--repair_max_routes=0
--route_based_ops=0
--seed=317421830
--tightened_windows=EADARP/tightened_windows
--use_milp_in_otf=0
--xcheck_isfeasible=false

EADARPInstance(EADARP/instances/random/r8-80-00000.txt, n=80, n_K=8, S=[177, 178, 179], Q=14.85, n_F=8, γ=0.7, T_plan=720.0, F=[169, 170, 171, 172, 173, 174, 175, 176])

Percentage of arcs removed: 72.17315314752972%
Minimum Degree: 10
T preprocessing time [s]: 4.28
I       iter             best          obj_old          obj_new        time              method info
I          1        935.56561     100080.00000        935.56561      0.2250                 con 
I          2        924.67575        935.56561        924.67575      0.2490        drrr_15+rrri 
I          3        912.13198        924.67575        912.13198      0.2770        drrr_15+rroi 
I          4        907.15113        912.13198        907.15113      0.2900        drrr_15+rroi 
I          5        887.59456        907.15113        887.59456      0.3460         drrr_15+rrg 
I          6        886.22977        887.59456        886.22977      0.3740        drrr_15+rroi 
I          7        859.28785        886.22977        859.28785      0.3990        drrr_15+rroi 
I          9        856.16028        859.28785        856.16028      0.4430        drrr_15+rroi 
I         10        843.32096        856.16028        843.32096      0.4920         drrr_15+rrg 
I         11        841.72440        843.32096        841.72440      0.5230         drrr_15+rrg 
I         12        831.74812        841.72440        831.74812      0.5400        drrr_15+rroi 
I         14        830.03784        831.74812        830.03784      0.5670        drrr_15+rrri 
I         21        829.65292        830.03784        829.65292      0.6650         drrr_15+rrg 
I         22        829.10143        829.65292        829.10143      0.6740         drrr_15+rrg 
I         28        828.03390        829.10143        828.03390      0.7460        drrr_15+rrri 
I         31        826.94842        828.03390        826.94842      0.7600         drrr_15+rrg 
I         35        824.75345        826.94842        824.75345      0.8490        drrr_15+rrri 
I         36        819.46594        824.75345        819.46594      0.8550        drrr_15+rrri 
I         37        819.06130        819.46594        819.06130      0.8550        drrr_15+rrri 
I         39        817.24969        819.06130        817.24969      0.8620        drrr_15+rrri 
I         40        811.24052        817.24969        811.24052      0.8700        drrr_15+rrri 
I         45        805.01457        811.24052        805.01457      0.8940        drrr_15+rrri 
I         48        804.23871        805.01457        804.23871      0.9010         drrr_15+rrg 
I         50        802.49521        804.23871        802.49521      0.9210         drrr_15+rrg 
I         64        800.79853        802.49521        800.79853      0.9870        drrr_15+rrri 
I         85        800.54910        800.79853        800.54910      1.0760         drrr_15+rrg 
I        103        800.17049        800.54910        800.17049      1.1590        drrr_15+rrri 
I        107        799.82117        800.17049        799.82117      1.1680         drrr_15+rrg 
I        167        799.77952        799.82117        799.77952      1.3100        drrr_15+rrri 
I        183        795.93978        799.77952        795.93978      1.3430         drrr_15+rrg 
I        190        795.37219        795.93978        795.37219      1.3510        drrr_15+rroi 
I        194        794.24465        795.37219        794.24465      1.3610        drrr_15+rroi 
I        196        794.02412        794.24465        794.02412      1.3660        drrr_15+rrri 
I        199        793.03223        794.02412        793.03223      1.3770        drrr_15+rroi 
I        203        790.30040        793.03223        790.30040      1.3810        drrr_15+rroi 
I        239        787.67132        790.30040        787.67132      1.4570         drrr_15+rrg 
I        240        787.35233        787.67132        787.35233      1.4580         drrr_15+rrg 
I        247        786.10718        787.35233        786.10718      1.4630        drrr_15+rroi 
I        258        786.06553        786.10718        786.06553      1.4810        drrr_15+rroi 
I        407        786.02369        786.06553        786.02369      1.6640        drrr_15+rrri 
I        427        783.91635        786.02369        783.91635      1.6770        drrr_15+rroi 
I        447        783.87470        783.91635        783.87470      1.6980        drrr_15+rrri 
I        685        781.46129        783.87470        781.46129      2.0020        drrr_15+rrri 
I        806        781.41964        781.46129        781.41964      2.1550        drrr_15+rrri 
I        840        780.64808        781.41964        780.64808      2.1960         drrr_15+rrg 
I        850        780.56168        780.64808        780.56168      2.2070        drrr_15+rrri 
I        983        778.03427        780.56168        778.03427      2.3570        drrr_15+rroi 
I       1001        777.99915        778.03427        777.99915      2.3740        drrr_15+rrri 
I       1006        777.02304        777.99915        777.02304      2.3830         drrr_15+rrg 
I       1008        776.91510        777.02304        776.91510      2.3840        drrr_15+rrri 
I       1029        776.46429        776.91510        776.46429      2.4060        drrr_15+rrri 
I       1105        774.55055        776.46429        774.55055      2.4940        drrr_15+rrri 
I       1156        774.08328        774.55055        774.08328      2.6000         drrr_15+rrg 
I       1186        773.43357        774.08328        773.43357      2.6240        drrr_15+rroi 
I       1215        773.39193        773.43357        773.39193      2.6630         drrr_15+rrg 
I       1355        773.37572        773.39193        773.37572      2.8220         drrr_15+rrg 
I       5368        772.97860        773.37572        772.97860      6.6630        drrr_15+rrri 
I       5446        772.21229        772.97860        772.21229      6.7430        drrr_15+rroi 
I       5472        772.17064        772.21229        772.17064      6.7680        drrr_15+rroi 
I       5742        770.41712        772.17064        770.41712      7.0190        drrr_15+rroi 
I       5759        768.32448        770.41712        768.32448      7.0370        drrr_15+rrri 
I       5761        767.44630        768.32448        767.44630      7.0370        drrr_15+rroi 
I       5855        767.40465        767.44630        767.40465      7.1090         drrr_15+rrg 
I       7817        767.36879        767.40465        767.36879      8.9640        drrr_15+rrri 
I       9122        766.80588        767.36879        766.80588     10.1900        drrr_15+rrri 
I       9133        766.76423        766.80588        766.76423     10.2020         drrr_15+rrg 
I       9159        766.44524        766.76423        766.44524     10.2240        drrr_15+rroi 
I      20192        766.21368        766.44524        766.21368     19.8330        drrr_15+rrri 
I      20277        765.82197        766.21368        765.82197     19.9760         drrr_15+rrg 
I      20301        765.82197        765.82197        765.82197     20.0050         drrr_15+rrg 
I      30000        765.82197        765.82197        807.91091     28.7000        drrr_15+rroi 

Method statistics
S  method    iter  succ  succ-rate%  tot-obj-gain  avg-obj-gain  rel-succ%  net-time  net-time%  brut-time  brut-time%
S  con          1     1   100.00000  -99144.43439  -99144.43439    0.71942   0.22500    0.78397    0.22500     0.78397
S  drrr_15  29999    69     0.23001    -169.74363      -0.00566   49.64029   0.73700    2.56795    0.73700     2.56795
S  rrg      10052    22     0.21886     -48.66807      -0.00484   15.82734  13.64799   47.55397   13.64799    47.55397
S  rroi      9904    20     0.20194     -74.68393      -0.00754   14.38849   6.75600   23.54008    6.75600    23.54008
S  rrri     10043    27     0.26884     -46.39163      -0.00462   19.42446   7.15801   24.94079    7.15801    24.94079
S  SUM/AVG  59999   139     0.23167  -99483.92166      -1.65809   20.00000  28.52400   99.38676   28.52400    99.38676

T best solution: EADARPSolution(t_routing=955.934, t_excess=195.485, obj_val=765.822, obj_val_valid=true,
    unserved_requests=Int64[], F_visited=[169, 174, 175, 173, 172, 170, 176, 171], S_visited=Int64[],
    (1, ([161, 30, 110, 9, 89, 70, 150, 20, 100, 32, 112, 68, 148, 39, 3, 83, 119, 22, 102, 177, 169], [6.599070910711126], [20]))
    (2, ([162, 52, 132, 64, 144, 71, 151, 170], Float64[], Int64[]))
    (3, ([163, 7, 87, 34, 114, 23, 103, 38, 76, 156, 118, 53, 133, 36, 116, 29, 109, 14, 43, 94, 123, 177, 171], [17.427947483136013], [22]))
    (4, ([164, 54, 134, 41, 121, 33, 113, 49, 129, 65, 56, 136, 145, 37, 117, 35, 115, 46, 31, 126, 111, 59, 139, 177, 172], [51.14857330670598], [24]))
    (5, ([165, 28, 108, 72, 152, 8, 88, 40, 69, 149, 120, 62, 18, 142, 98, 5, 85, 27, 107, 61, 141, 177, 173], [34.52150253073967], [22]))
    (6, ([166, 4, 21, 84, 101, 26, 106, 60, 140, 179, 16, 96, 63, 11, 143, 91, 79, 159, 6, 86, 74, 154, 1, 81, 174], [61.38637538025594], [10]))
    (7, ([167, 57, 137, 13, 93, 67, 75, 147, 66, 146, 155, 17, 97, 45, 125, 51, 131, 10, 90, 24, 104, 48, 128, 179, 42, 2, 82, 58, 122, 138, 177, 175], [93.22903049623629, 10.155740515618803], [24, 31]))
    (8, ([168, 55, 135, 73, 153, 15, 95, 19, 25, 99, 105, 77, 157, 78, 158, 47, 50, 127, 44, 12, 130, 124, 92, 80, 160, 177, 176], [75.26771962019863], [26])))

T best obj: 765.8219721007476
T best iteration: 20301
T total iterations: 30000
T best time [s]: 20.005
T total time [s]: 28.7000
