EADARP version ecec-dirty
ARGS: --ifile=EADARP/instances/random/r6-72-00000.txt  --gamma=0.7 --only_single_s_visits=false --odir=EADARP/solutions/random/r6-72-00000 --oname=run12
Settings:
--alns_gamma=0.025
--alns_segment_size=100
--alns_sigma1=10
--alns_sigma2=9
--alns_sigma3=3
--at_most_one_s=false
--gamma=0.7
--ifile=EADARP/instances/random/r6-72-00000.txt
--infeasible_arcs=EADARP/infeasible_arcs
--insert_charging_otf=true
--insert_cost_noise=0.014
--lns_init_temp_factor=0.0
--lns_temp_dec_factor=0.99
--log_all_sols_fname=
--mh_checkit=false
--mh_lfreq=0
--mh_lnewinc=true
--mh_tciter=-1
--mh_tctime=-1.0
--mh_titer=30000
--mh_tobj=-1.0
--mh_ttime=-1.0
--odir=EADARP/solutions/random/r6-72-00000
--ofile=
--oname=run12
--only_single_s_visits=false
--prepthreshold=0.1
--repair_max_routes=0
--route_based_ops=0
--seed=531988281
--tightened_windows=EADARP/tightened_windows
--use_milp_in_otf=0
--xcheck_isfeasible=false

EADARPInstance(EADARP/instances/random/r6-72-00000.txt, n=72, n_K=6, S=[157, 158, 159], Q=14.85, n_F=6, γ=0.7, T_plan=720.0, F=[151, 152, 153, 154, 155, 156])

Percentage of arcs removed: 73.87366006091531%
Minimum Degree: 9
T preprocessing time [s]: 2.412
I       iter             best          obj_old          obj_new        time              method info
I          1        898.12471     100072.00000        898.12471      0.1100                 con 
I          2        895.64099        898.12471        895.64099      0.1390        drrr_15+rrri 
I          3        890.70696        895.64099        890.70696      0.1550         drrr_15+rrg 
I          5        872.82682        890.70696        872.82682      0.1720         drrr_15+rrg 
I          6        855.02601        872.82682        855.02601      0.1930        drrr_15+rrri 
I          7        844.38263        855.02601        844.38263      0.2050        drrr_15+rroi 
I          8        834.61992        844.38263        834.61992      0.2230        drrr_15+rroi 
I         11        833.00419        834.61992        833.00419      0.2520         drrr_15+rrg 
I         16        824.05922        833.00419        824.05922      0.2970        drrr_15+rrri 
I         20        822.19510        824.05922        822.19510      0.3490        drrr_15+rrri 
I         22        820.57285        822.19510        820.57285      0.3650         drrr_15+rrg 
I         23        812.61704        820.57285        812.61704      0.3870        drrr_15+rrri 
I         24        809.50197        812.61704        809.50197      0.4020        drrr_15+rroi 
I         26        806.01885        809.50197        806.01885      0.4150         drrr_15+rrg 
I         30        805.65431        806.01885        805.65431      0.4390        drrr_15+rrri 
I         34        798.17772        805.65431        798.17772      0.4650         drrr_15+rrg 
I         37        797.56895        798.17772        797.56895      0.4810        drrr_15+rroi 
I         57        795.86856        797.56895        795.86856      0.5440        drrr_15+rrri 
I         61        792.88442        795.86856        792.88442      0.5520        drrr_15+rrri 
I         78        790.53296        792.88442        790.53296      0.5980        drrr_15+rrri 
I         86        790.17603        790.53296        790.17603      0.6140         drrr_15+rrg 
I        101        789.67714        790.17603        789.67714      0.6510        drrr_15+rrri 
I        104        785.56807        789.67714        785.56807      0.6590        drrr_15+rroi 
I        105        783.96377        785.56807        783.96377      0.6630         drrr_15+rrg 
I        127        783.38472        783.96377        783.38472      0.6950         drrr_15+rrg 
I        128        781.32460        783.38472        781.32460      0.6990         drrr_15+rrg 
I        139        780.26405        781.32460        780.26405      0.7110         drrr_15+rrg 
I        162        780.17982        780.26405        780.17982      0.8020        drrr_15+rrri 
I        250        777.94543        780.17982        777.94543      0.8960        drrr_15+rrri 
I        407        775.93522        777.94543        775.93522      1.0390        drrr_15+rrri 
I        431        774.52988        775.93522        774.52988      1.0690        drrr_15+rrri 
I        515        774.13981        774.52988        774.13981      1.1350        drrr_15+rrri 
I        566        772.13110        774.13981        772.13110      1.1730         drrr_15+rrg 
I        605        771.20074        772.13110        771.20074      1.2020         drrr_15+rrg 
I        712        769.68139        771.20074        769.68139      1.2710        drrr_15+rrri 
I        918        769.66197        769.68139        769.66197      1.4300         drrr_15+rrg 
I        925        769.05320        769.66197        769.05320      1.4340         drrr_15+rrg 
I        941        768.49412        769.05320        768.49412      1.4480        drrr_15+rrri 
I        943        767.57378        768.49412        767.57378      1.4520         drrr_15+rrg 
I       2469        764.29990        767.57378        764.29990      2.3390        drrr_15+rroi 
I       2767        763.98470        764.29990        763.98470      2.5350        drrr_15+rroi 
I       2837        762.87145        763.98470        762.87145      2.5730        drrr_15+rrri 
I       2981        761.56497        762.87145        761.56497      2.6520         drrr_15+rrg 
I       3001        760.22097        761.56497        760.22097      2.6640        drrr_15+rroi 
I       3410        757.86099        760.22097        757.86099      2.8950        drrr_15+rrri 
I      30000        757.86099        757.86099        765.39250     15.3560         drrr_15+rrg 

Method statistics
S  method    iter  succ  succ-rate%  tot-obj-gain  avg-obj-gain  rel-succ%  net-time  net-time%  brut-time  brut-time%
S  con          1     1   100.00000  -99173.87529  -99173.87529    1.12360   0.11000    0.71633    0.11000     0.71633
S  drrr_15  29999    44     0.14667    -140.26373      -0.00468   49.43820   0.40300    2.62438    0.40300     2.62438
S  rrg       9884    17     0.17200     -48.46686      -0.00490   19.10112   7.54800   49.15341    7.54800    49.15341
S  rroi     10103     8     0.07918     -33.17209      -0.00328    8.98876   3.34500   21.78303    3.34500    21.78303
S  rrri     10012    19     0.18977     -58.62478      -0.00586   21.34831   3.85200   25.08467    3.85200    25.08467
S  SUM/AVG  59999    89     0.14834  -99454.40274      -1.65760   20.00000  15.25800   99.36182   15.25800    99.36182

T best solution: EADARPSolution(t_routing=944.968, t_excess=196.539, obj_val=757.861, obj_val_valid=true,
    unserved_requests=Int64[], F_visited=[154, 155, 156, 153, 152, 151], S_visited=Int64[],
    (1, ([145, 18, 6, 90, 78, 40, 33, 112, 105, 13, 37, 109, 85, 19, 91, 157, 151], [24.81112084865564], [16]))
    (2, ([146, 27, 99, 66, 29, 138, 101, 45, 117, 12, 84, 26, 98, 72, 52, 124, 144, 57, 129, 65, 137, 69, 141, 157, 152], [43.58798044191623], [24]))
    (3, ([147, 22, 94, 9, 81, 35, 107, 46, 118, 10, 82, 23, 63, 95, 135, 32, 25, 97, 104, 51, 68, 123, 140, 15, 43, 87, 115, 38, 34, 106, 110, 20, 4, 76, 92, 159, 70, 142, 157, 153], [91.82118691661094, 38.016499181597624], [36, 39]))
    (4, ([148, 16, 88, 24, 28, 96, 100, 8, 21, 80, 93, 47, 119, 158, 17, 89, 7, 79, 39, 111, 58, 130, 59, 131, 61, 42, 133, 114, 157, 154], [78.42160793269525, 8.645269680412714], [14, 29]))
    (5, ([149, 41, 55, 127, 113, 50, 122, 60, 132, 158, 30, 102, 67, 139, 2, 74, 49, 71, 143, 44, 121, 116, 62, 134, 14, 64, 86, 136, 158, 53, 125, 31, 11, 103, 83, 157, 155], [62.150957847778834, 65.34617658045897, 13.500317959678847], [10, 29, 36]))
    (6, ([150, 36, 108, 1, 73, 5, 77, 56, 128, 3, 75, 54, 126, 48, 120, 157, 156], [32.66722996986421], [16])))

T best obj: 757.8609892530624
T best iteration: 3410
T total iterations: 30000
T best time [s]: 2.895
T total time [s]: 15.3560
