EADARP version ecec-dirty
ARGS: --ifile=EADARP/instances/random/r6-72-00000.txt  --gamma=0.7 --only_single_s_visits=false --odir=EADARP/solutions/random/r6-72-00000 --oname=run16
Settings:
--alns_gamma=0.025
--alns_segment_size=100
--alns_sigma1=10
--alns_sigma2=9
--alns_sigma3=3
--at_most_one_s=false
--gamma=0.7
--ifile=EADARP/instances/random/r6-72-00000.txt
--infeasible_arcs=EADARP/infeasible_arcs
--insert_charging_otf=true
--insert_cost_noise=0.014
--lns_init_temp_factor=0.0
--lns_temp_dec_factor=0.99
--log_all_sols_fname=
--mh_checkit=false
--mh_lfreq=0
--mh_lnewinc=true
--mh_tciter=-1
--mh_tctime=-1.0
--mh_titer=30000
--mh_tobj=-1.0
--mh_ttime=-1.0
--odir=EADARP/solutions/random/r6-72-00000
--ofile=
--oname=run16
--only_single_s_visits=false
--prepthreshold=0.1
--repair_max_routes=0
--route_based_ops=0
--seed=1432150404
--tightened_windows=EADARP/tightened_windows
--use_milp_in_otf=0
--xcheck_isfeasible=false

EADARPInstance(EADARP/instances/random/r6-72-00000.txt, n=72, n_K=6, S=[157, 158, 159], Q=14.85, n_F=6, γ=0.7, T_plan=720.0, F=[151, 152, 153, 154, 155, 156])

Percentage of arcs removed: 73.87366006091531%
Minimum Degree: 9
T preprocessing time [s]: 2.379
I       iter             best          obj_old          obj_new        time              method info
I          1        900.94363     100072.00000        900.94363      0.1420                 con 
I          2        898.36751        900.94363        898.36751      0.1660        drrr_15+rroi 
I          3        871.40841        898.36751        871.40841      0.1800        drrr_15+rrri 
I          4        871.29376        871.40841        871.29376      0.1970        drrr_15+rrri 
I          5        859.63921        871.29376        859.63921      0.2210         drrr_15+rrg 
I          7        857.28024        859.63921        857.28024      0.2380        drrr_15+rroi 
I          9        847.60991        857.28024        847.60991      0.2670        drrr_15+rroi 
I         13        845.28097        847.60991        845.28097      0.3420        drrr_15+rroi 
I         15        841.68154        845.28097        841.68154      0.3720        drrr_15+rroi 
I         17        839.02955        841.68154        839.02955      0.3970         drrr_15+rrg 
I         18        838.71306        839.02955        838.71306      0.4050         drrr_15+rrg 
I         24        831.63178        838.71306        831.63178      0.5130         drrr_15+rrg 
I         26        830.62780        831.63178        830.62780      0.5220        drrr_15+rrri 
I         27        829.66960        830.62780        829.66960      0.5230         drrr_15+rrg 
I         28        827.29817        829.66960        827.29817      0.5330         drrr_15+rrg 
I         30        825.29209        827.29817        825.29209      0.5460        drrr_15+rrri 
I         32        822.86798        825.29209        822.86798      0.5580         drrr_15+rrg 
I         33        822.02681        822.86798        822.02681      0.5650        drrr_15+rroi 
I         34        814.14467        822.02681        814.14467      0.5700         drrr_15+rrg 
I         50        813.01090        814.14467        813.01090      0.6380        drrr_15+rroi 
I         56        811.24050        813.01090        811.24050      0.6510        drrr_15+rroi 
I         58        800.68985        811.24050        800.68985      0.6710         drrr_15+rrg 
I         60        795.75525        800.68985        795.75525      0.6760        drrr_15+rroi 
I         61        794.94142        795.75525        794.94142      0.6760        drrr_15+rrri 
I         64        792.96550        794.94142        792.96550      0.6800        drrr_15+rroi 
I         66        790.33337        792.96550        790.33337      0.6890        drrr_15+rroi 
I         71        788.55334        790.33337        788.55334      0.7130        drrr_15+rroi 
I         73        786.03597        788.55334        786.03597      0.7260        drrr_15+rroi 
I         79        779.35849        786.03597        779.35849      0.7590        drrr_15+rroi 
I         95        779.20195        779.35849        779.20195      0.8000        drrr_15+rrri 
I        100        777.82079        779.20195        777.82079      0.8120        drrr_15+rrri 
I        111        771.31208        777.82079        771.31208      0.8220        drrr_15+rrri 
I        112        770.65829        771.31208        770.65829      0.8220        drrr_15+rroi 
I        115        770.64908        770.65829        770.64908      0.8220         drrr_15+rrg 
I        129        770.09044        770.64908        770.09044      0.8470        drrr_15+rroi 
I        179        769.32067        770.09044        769.32067      0.8710        drrr_15+rroi 
I        276        768.76202        769.32067        768.76202      0.9540        drrr_15+rroi 
I        507        767.40334        768.76202        767.40334      1.1420        drrr_15+rrri 
I        550        765.70364        767.40334        765.70364      1.1800        drrr_15+rroi 
I        551        764.79365        765.70364        764.79365      1.1800        drrr_15+rrri 
I        556        763.48150        764.79365        763.48150      1.1800        drrr_15+rrri 
I        952        762.37318        763.48150        762.37318      1.4670        drrr_15+rroi 
I        974        762.21664        762.37318        762.21664      1.4910        drrr_15+rrri 
I       1038        761.45114        762.21664        761.45114      1.5480        drrr_15+rrri 
I       1085        760.75464        761.45114        760.75464      1.5670        drrr_15+rroi 
I       1136        760.43935        760.75464        760.43935      1.6350         drrr_15+rrg 
I       1142        759.20005        760.43935        759.20005      1.6410        drrr_15+rroi 
I       1158        758.57147        759.20005        758.57147      1.6650        drrr_15+rrri 
I       1168        758.14949        758.57147        758.14949      1.6650         drrr_15+rrg 
I       1177        757.59085        758.14949        757.59085      1.6900        drrr_15+rrri 
I       1180        757.58164        757.59085        757.58164      1.6900        drrr_15+rrri 
I       1445        754.56937        757.58164        754.56937      1.8720        drrr_15+rroi 
I       2181        752.20437        754.56937        752.20437      2.2800        drrr_15+rrri 
I       9282        752.03202        752.20437        752.03202      5.8890        drrr_15+rroi 
I      11663        751.84101        752.03202        751.84101      6.9720        drrr_15+rroi 
I      11679        750.19177        751.84101        750.19177      6.9850        drrr_15+rrri 
I      11685        750.18257        750.19177        750.18257      6.9850        drrr_15+rrri 
I      11773        749.78046        750.18257        749.78046      7.0200        drrr_15+rroi 
I      11778        749.62392        749.78046        749.62392      7.0200        drrr_15+rroi 
I      30000        749.62392        749.62392        793.51694     15.0790        drrr_15+rroi 

Method statistics
S  method    iter  succ  succ-rate%  tot-obj-gain  avg-obj-gain  rel-succ%  net-time  net-time%  brut-time  brut-time%
S  con          1     1   100.00000  -99171.05637  -99171.05637    0.85470   0.14200    0.94171    0.14200     0.94171
S  drrr_15  29999    58     0.19334    -151.31971      -0.00504   49.57265   0.43100    2.85828    0.43100     2.85828
S  rrg      10006    12     0.11993     -46.63731      -0.00466   10.25641   7.31600   48.51779    7.31600    48.51779
S  rroi     10137    27     0.26635     -56.01562      -0.00553   23.07692   3.59000   23.80795    3.59000    23.80795
S  rrri      9856    19     0.19278     -48.66678      -0.00494   16.23932   3.53200   23.42331    3.53200    23.42331
S  SUM/AVG  59999   117     0.19500  -99473.69579      -1.65792   20.00000  15.01100   99.54904   15.01100    99.54904

T best solution: EADARPSolution(t_routing=920.167, t_excess=237.994, obj_val=749.624, obj_val_valid=true,
    unserved_requests=Int64[], F_visited=[155, 156, 152, 151, 154, 153], S_visited=Int64[],
    (1, ([145, 16, 88, 24, 96, 159, 46, 118, 66, 29, 138, 101, 45, 117, 158, 12, 84, 26, 98, 40, 33, 112, 105, 13, 37, 109, 85, 19, 91, 157, 151], [3.809822205970771, 40.518245605866525, 34.03510050378043], [6, 15, 30]))
    (2, ([146, 50, 122, 60, 132, 1, 18, 73, 90, 30, 102, 67, 68, 139, 51, 123, 140, 15, 43, 87, 115, 38, 62, 110, 134, 64, 136, 157, 152], [110.60131100792569], [28]))
    (3, ([147, 41, 55, 127, 113, 47, 119, 25, 32, 97, 104, 54, 126, 158, 17, 89, 7, 79, 39, 111, 58, 130, 69, 11, 141, 83, 153], [53.27171465964687], [14]))
    (4, ([148, 22, 94, 9, 81, 35, 107, 28, 100, 8, 21, 80, 93, 71, 143, 14, 86, 20, 4, 76, 92, 70, 142, 157, 154], [45.17697995390532], [24]))
    (5, ([149, 36, 108, 6, 5, 78, 77, 56, 128, 3, 75, 2, 74, 34, 106, 158, 53, 125, 31, 48, 103, 120, 155], [68.57945848846136], [16]))
    (6, ([150, 10, 82, 23, 63, 95, 135, 27, 99, 49, 44, 121, 116, 72, 52, 124, 144, 57, 129, 159, 65, 59, 137, 131, 61, 42, 133, 114, 157, 156], [73.99933340781024, 4.1751699307778365], [20, 29])))

T best obj: 749.6239223774705
T best iteration: 11778
T total iterations: 30000
T best time [s]: 7.020
T total time [s]: 15.0790
