EADARP version ecec-dirty
ARGS: --ifile=EADARP/instances/random/r6-72-00000.txt  --gamma=0.7 --only_single_s_visits=false --odir=EADARP/solutions/random/r6-72-00000 --oname=run22
Settings:
--alns_gamma=0.025
--alns_segment_size=100
--alns_sigma1=10
--alns_sigma2=9
--alns_sigma3=3
--at_most_one_s=false
--gamma=0.7
--ifile=EADARP/instances/random/r6-72-00000.txt
--infeasible_arcs=EADARP/infeasible_arcs
--insert_charging_otf=true
--insert_cost_noise=0.014
--lns_init_temp_factor=0.0
--lns_temp_dec_factor=0.99
--log_all_sols_fname=
--mh_checkit=false
--mh_lfreq=0
--mh_lnewinc=true
--mh_tciter=-1
--mh_tctime=-1.0
--mh_titer=30000
--mh_tobj=-1.0
--mh_ttime=-1.0
--odir=EADARP/solutions/random/r6-72-00000
--ofile=
--oname=run22
--only_single_s_visits=false
--prepthreshold=0.1
--repair_max_routes=0
--route_based_ops=0
--seed=797007283
--tightened_windows=EADARP/tightened_windows
--use_milp_in_otf=0
--xcheck_isfeasible=false

EADARPInstance(EADARP/instances/random/r6-72-00000.txt, n=72, n_K=6, S=[157, 158, 159], Q=14.85, n_F=6, γ=0.7, T_plan=720.0, F=[151, 152, 153, 154, 155, 156])

Percentage of arcs removed: 73.87366006091531%
Minimum Degree: 9
T preprocessing time [s]: 2.388
I       iter             best          obj_old          obj_new        time              method info
I          1        886.73268     100072.00000        886.73268      0.1310                 con 
I          2        879.26471        886.73268        879.26471      0.1560        drrr_15+rrri 
I          3        862.31342        879.26471        862.31342      0.1770        drrr_15+rrri 
I          5        862.27684        862.31342        862.27684      0.2050        drrr_15+rrri 
I          6        857.67040        862.27684        857.67040      0.2210        drrr_15+rroi 
I          7        853.20132        857.67040        853.20132      0.2360        drrr_15+rroi 
I          9        841.97075        853.20132        841.97075      0.2610         drrr_15+rrg 
I         10        836.21931        841.97075        836.21931      0.2810        drrr_15+rrri 
I         15        818.73845        836.21931        818.73845      0.3480         drrr_15+rrg 
I         24        817.37589        818.73845        817.37589      0.4150        drrr_15+rrri 
I         26        816.21338        817.37589        816.21338      0.4270         drrr_15+rrg 
I         30        811.03110        816.21338        811.03110      0.4270        drrr_15+rroi 
I         33        810.02671        811.03110        810.02671      0.4360         drrr_15+rrg 
I         36        809.87016        810.02671        809.87016      0.4480        drrr_15+rroi 
I         43        806.65711        809.87016        806.65711      0.4780        drrr_15+rroi 
I         65        804.80574        806.65711        804.80574      0.5480        drrr_15+rroi 
I         92        801.40496        804.80574        801.40496      0.6780        drrr_15+rrri 
I         96        800.47102        801.40496        800.47102      0.6820        drrr_15+rroi 
I        116        795.39167        800.47102        795.39167      0.7070        drrr_15+rrri 
I        128        794.11689        795.39167        794.11689      0.7560        drrr_15+rroi 
I        146        792.54579        794.11689        792.54579      0.7800         drrr_15+rrg 
I        149        792.22757        792.54579        792.22757      0.7880        drrr_15+rroi 
I        153        789.22085        792.22757        789.22085      0.7990         drrr_15+rrg 
I        168        788.05834        789.22085        788.05834      0.8270        drrr_15+rroi 
I        171        784.13629        788.05834        784.13629      0.8310         drrr_15+rrg 
I        222        783.02323        784.13629        783.02323      0.8810        drrr_15+rroi 
I        248        783.02323        783.02323        783.02323      0.9110         drrr_15+rrg 
I        316        776.13813        783.02323        776.13813      0.9690        drrr_15+rrri 
I        339        768.64559        776.13813        768.64559      0.9810        drrr_15+rroi 
I        343        768.63638        768.64559        768.63638      0.9850        drrr_15+rrri 
I        499        768.23561        768.63638        768.23561      1.1030         drrr_15+rrg 
I       1976        763.12498        768.23561        763.12498      2.0860         drrr_15+rrg 
I       1993        762.67505        763.12498        762.67505      2.0950         drrr_15+rrg 
I       2015        762.51851        762.67505        762.51851      2.1110        drrr_15+rrri 
I       2031        761.84366        762.51851        761.84366      2.1200        drrr_15+rroi 
I       2050        761.83445        761.84366        761.83445      2.1280        drrr_15+rrri 
I       6107        761.78907        761.83445        761.78907      4.1620        drrr_15+rrri 
I       6204        761.13826        761.78907        761.13826      4.2120         drrr_15+rrg 
I       6397        761.00058        761.13826        761.00058      4.3040        drrr_15+rroi 
I       6413        756.39599        761.00058        756.39599      4.3340        drrr_15+rrri 
I       6440        756.38678        756.39599        756.38678      4.3690        drrr_15+rrri 
I       8235        754.22789        756.38678        754.22789      5.2440         drrr_15+rrg 
I      30000        754.22789        754.22789        780.11964     15.4450        drrr_15+rrri 

Method statistics
S  method    iter  succ  succ-rate%  tot-obj-gain  avg-obj-gain  rel-succ%  net-time  net-time%  brut-time  brut-time%
S  con          1     1   100.00000  -99185.26732  -99185.26732    1.20482   0.13100    0.84817    0.13100     0.84817
S  drrr_15  29999    41     0.13667    -132.50479      -0.00442   49.39759   0.45100    2.92003    0.45100     2.92003
S  rrg       9960    13     0.13052     -48.14923      -0.00483   15.66265   7.33000   47.45874    7.33000    47.45874
S  rroi      9885    14     0.14163     -32.58636      -0.00330   16.86747   3.46400   22.42796    3.46400    22.42796
S  rrri     10154    14     0.13788     -51.76920      -0.00510   16.86747   3.98800   25.82066    3.98800    25.82066
S  SUM/AVG  59999    83     0.13834  -99450.27690      -1.65753   20.00000  15.36400   99.47556   15.36400    99.47556

T best solution: EADARPSolution(t_routing=931.01, t_excess=223.883, obj_val=754.228, obj_val_valid=true,
    unserved_requests=Int64[], F_visited=[154, 155, 151, 152, 153, 156], S_visited=Int64[],
    (1, ([145, 30, 102, 15, 43, 87, 115, 40, 33, 112, 105, 13, 37, 109, 85, 157, 151], [36.84209718858262], [16]))
    (2, ([146, 22, 94, 5, 77, 56, 128, 49, 44, 121, 116, 72, 144, 38, 14, 86, 110, 20, 4, 76, 92, 70, 142, 157, 152], [51.32924808277319], [24]))
    (3, ([147, 50, 122, 60, 132, 1, 73, 47, 119, 25, 32, 97, 104, 67, 68, 139, 51, 123, 140, 54, 126, 158, 17, 89, 62, 134, 64, 136, 7, 79, 39, 111, 58, 130, 69, 141, 157, 153], [62.14783205056057, 76.7537151169978], [22, 37]))
    (4, ([148, 36, 108, 35, 107, 46, 118, 10, 82, 23, 63, 95, 135, 27, 99, 66, 29, 138, 101, 45, 117, 12, 84, 26, 98, 34, 106, 158, 53, 125, 31, 48, 103, 120, 157, 154], [96.47685199891352, 23.67003080701176], [28, 35]))
    (5, ([149, 16, 88, 24, 28, 96, 100, 8, 21, 80, 93, 71, 143, 159, 52, 124, 57, 129, 65, 59, 137, 131, 61, 42, 133, 114, 155], [65.18152922830829], [14]))
    (6, ([150, 41, 55, 127, 113, 9, 81, 18, 6, 90, 78, 3, 75, 2, 74, 11, 19, 83, 91, 157, 156], [32.60836727379296], [20])))

T best obj: 754.2278876125907
T best iteration: 8235
T total iterations: 30000
T best time [s]: 5.244
T total time [s]: 15.4450
