EADARP version ecec-dirty
ARGS: --ifile=EADARP/instances/random/r6-72-00000.txt  --gamma=0.7 --only_single_s_visits=false --odir=EADARP/solutions/random/r6-72-00000 --oname=run35
Settings:
--alns_gamma=0.025
--alns_segment_size=100
--alns_sigma1=10
--alns_sigma2=9
--alns_sigma3=3
--at_most_one_s=false
--gamma=0.7
--ifile=EADARP/instances/random/r6-72-00000.txt
--infeasible_arcs=EADARP/infeasible_arcs
--insert_charging_otf=true
--insert_cost_noise=0.014
--lns_init_temp_factor=0.0
--lns_temp_dec_factor=0.99
--log_all_sols_fname=
--mh_checkit=false
--mh_lfreq=0
--mh_lnewinc=true
--mh_tciter=-1
--mh_tctime=-1.0
--mh_titer=30000
--mh_tobj=-1.0
--mh_ttime=-1.0
--odir=EADARP/solutions/random/r6-72-00000
--ofile=
--oname=run35
--only_single_s_visits=false
--prepthreshold=0.1
--repair_max_routes=0
--route_based_ops=0
--seed=2029970835
--tightened_windows=EADARP/tightened_windows
--use_milp_in_otf=0
--xcheck_isfeasible=false

EADARPInstance(EADARP/instances/random/r6-72-00000.txt, n=72, n_K=6, S=[157, 158, 159], Q=14.85, n_F=6, γ=0.7, T_plan=720.0, F=[151, 152, 153, 154, 155, 156])

Percentage of arcs removed: 73.87366006091531%
Minimum Degree: 9
T preprocessing time [s]: 2.375
I       iter             best          obj_old          obj_new        time              method info
I          1        931.34436     100072.00000        931.34436      0.1380                 con 
I          2        907.06755        931.34436        907.06755      0.1530        drrr_15+rrri 
I          3        897.72311        907.06755        897.72311      0.1850        drrr_15+rroi 
I          4        874.51445        897.72311        874.51445      0.2040        drrr_15+rrri 
I          6        871.91772        874.51445        871.91772      0.2390         drrr_15+rrg 
I          7        856.98619        871.91772        856.98619      0.2460        drrr_15+rroi 
I          9        843.14670        856.98619        843.14670      0.2790        drrr_15+rroi 
I         12        835.55779        843.14670        835.55779      0.3230        drrr_15+rroi 
I         14        830.57833        835.55779        830.57833      0.3370        drrr_15+rroi 
I         16        828.88631        830.57833        828.88631      0.3580         drrr_15+rrg 
I         17        816.02326        828.88631        816.02326      0.3650        drrr_15+rroi 
I         18        803.40277        816.02326        803.40277      0.3790         drrr_15+rrg 
I         19        801.79962        803.40277        801.79962      0.3820        drrr_15+rroi 
I         28        796.50928        801.79962        796.50928      0.4350        drrr_15+rroi 
I         34        796.12858        796.50928        796.12858      0.4780        drrr_15+rroi 
I         39        792.09285        796.12858        792.09285      0.4970         drrr_15+rrg 
I         40        790.77753        792.09285        790.77753      0.4980         drrr_15+rrg 
I         46        790.14729        790.77753        790.14729      0.5510         drrr_15+rrg 
I         67        788.91226        790.14729        788.91226      0.6070        drrr_15+rroi 
I        104        788.34352        788.91226        788.34352      0.6790         drrr_15+rrg 
I        144        785.26750        788.34352        785.26750      0.7320        drrr_15+rrri 
I        147        784.57844        785.26750        784.57844      0.7440         drrr_15+rrg 
I        181        784.16998        784.57844        784.16998      0.8160         drrr_15+rrg 
I        186        784.08587        784.16998        784.08587      0.8300         drrr_15+rrg 
I        187        783.96997        784.08587        783.96997      0.8300         drrr_15+rrg 
I        190        781.90984        783.96997        781.90984      0.8370        drrr_15+rrri 
I        195        780.65517        781.90984        780.65517      0.8390         drrr_15+rrg 
I        330        779.54680        780.65517        779.54680      0.9560        drrr_15+rroi 
I        340        777.42729        779.54680        777.42729      0.9590        drrr_15+rrri 
I        424        777.19836        777.42729        777.19836      1.0450         drrr_15+rrg 
I        438        776.35579        777.19836        776.35579      1.0590        drrr_15+rroi 
I        462        775.77369        776.35579        775.77369      1.0720        drrr_15+rrri 
I        659        775.53232        775.77369        775.53232      1.2160        drrr_15+rrri 
I        664        774.12153        775.53232        774.12153      1.2180        drrr_15+rrri 
I        761        773.94121        774.12153        773.94121      1.2780         drrr_15+rrg 
I        965        772.74995        773.94121        772.74995      1.4420        drrr_15+rrri 
I       1877        772.19072        772.74995        772.19072      2.0050        drrr_15+rrri 
I       2936        770.88344        772.19072        770.88344      2.7050        drrr_15+rrri 
I       3020        769.60890        770.88344        769.60890      2.7510        drrr_15+rrri 
I       3066        769.33059        769.60890        769.33059      2.7710        drrr_15+rroi 
I       3082        768.34973        769.33059        768.34973      2.7770        drrr_15+rrri 
I       3511        767.45700        768.34973        767.45700      3.0350        drrr_15+rroi 
I       3553        765.80836        767.45700        765.80836      3.0600         drrr_15+rrg 
I       7409        765.64669        765.80836        765.64669      5.0420        drrr_15+rroi 
I       7512        765.10235        765.64669        765.10235      5.0990        drrr_15+rrri 
I       7665        763.31168        765.10235        763.31168      5.1760        drrr_15+rrri 
I       7670        761.76490        763.31168        761.76490      5.1770        drrr_15+rroi 
I       7688        759.70477        761.76490        759.70477      5.1910        drrr_15+rroi 
I       7711        757.06377        759.70477        757.06377      5.1980        drrr_15+rroi 
I       8181        757.00165        757.06377        757.00165      5.4460        drrr_15+rrri 
I      23224        756.71504        757.00165        756.71504     12.9060         drrr_15+rrg 
I      23255        756.44702        756.71504        756.44702     12.9180         drrr_15+rrg 
I      23545        754.64833        756.44702        754.64833     13.0610        drrr_15+rroi 
I      26903        753.50330        754.64833        753.50330     14.6560        drrr_15+rroi 
I      26908        753.49410        753.50330        753.49410     14.6580        drrr_15+rrri 
I      30000        753.49410        753.49410        753.76212     16.1010        drrr_15+rrri 

Method statistics
S  method    iter  succ  succ-rate%  tot-obj-gain  avg-obj-gain  rel-succ%  net-time  net-time%  brut-time  brut-time%
S  con          1     1   100.00000  -99140.65564  -99140.65564    0.91743   0.13800    0.85709    0.13800     0.85709
S  drrr_15  29999    54     0.18001    -177.85026      -0.00593   49.54128   0.46000    2.85698    0.46000     2.85698
S  rrg      10029    17     0.16951     -28.62402      -0.00285   15.59633   7.46801   46.38225    7.46801    46.38225
S  rroi      9859    20     0.20286     -84.53138      -0.00857   18.34862   3.61699   22.46441    3.61699    22.46441
S  rrri     10111    17     0.16813     -64.69486      -0.00640   15.59633   4.28700   26.62565    4.28700    26.62565
S  SUM/AVG  59999   109     0.18167  -99496.35617      -1.65830   20.00000  15.97000   99.18638   15.97000    99.18638

T best solution: EADARPSolution(t_routing=928.893, t_excess=227.299, obj_val=753.494, obj_val_valid=true,
    unserved_requests=Int64[], F_visited=[154, 153, 156, 152, 151, 155], S_visited=Int64[],
    (1, ([145, 36, 108, 6, 5, 78, 77, 56, 128, 3, 75, 2, 74, 49, 44, 121, 116, 62, 134, 64, 136, 157, 13, 11, 85, 19, 83, 91, 157, 151], [75.0958297878816, 29.021193649320747], [22, 29]))
    (2, ([146, 16, 88, 24, 28, 96, 100, 8, 21, 80, 93, 71, 143, 72, 52, 124, 144, 57, 129, 159, 65, 59, 137, 131, 61, 42, 133, 114, 157, 152], [73.99933340781024, 3.560750134243904], [20, 29]))
    (3, ([147, 50, 122, 60, 132, 1, 18, 73, 90, 30, 102, 67, 139, 51, 123, 54, 126, 17, 89, 158, 34, 106, 7, 79, 39, 111, 58, 130, 69, 141, 157, 153], [36.03173201808269, 76.7537151169978], [20, 31]))
    (4, ([148, 41, 55, 127, 113, 46, 118, 10, 82, 23, 63, 95, 135, 27, 99, 66, 29, 138, 101, 45, 117, 12, 84, 53, 125, 37, 109, 157, 154], [67.87198758003119], [28]))
    (5, ([149, 22, 94, 9, 81, 35, 107, 47, 119, 25, 32, 97, 104, 26, 98, 38, 14, 86, 110, 20, 4, 76, 92, 70, 142, 157, 155], [52.41810160192872], [26]))
    (6, ([150, 68, 140, 15, 43, 87, 115, 40, 33, 112, 105, 31, 48, 103, 120, 157, 156], [28.13992423196587], [16])))

T best obj: 753.4940961582793
T best iteration: 26908
T total iterations: 30000
T best time [s]: 14.658
T total time [s]: 16.1010
