EADARP version ecec-dirty
ARGS: --ifile=EADARP/instances/random/r6-72-00000.txt  --gamma=0.7 --only_single_s_visits=false --odir=EADARP/solutions/random/r6-72-00000 --oname=run55
Settings:
--alns_gamma=0.025
--alns_segment_size=100
--alns_sigma1=10
--alns_sigma2=9
--alns_sigma3=3
--at_most_one_s=false
--gamma=0.7
--ifile=EADARP/instances/random/r6-72-00000.txt
--infeasible_arcs=EADARP/infeasible_arcs
--insert_charging_otf=true
--insert_cost_noise=0.014
--lns_init_temp_factor=0.0
--lns_temp_dec_factor=0.99
--log_all_sols_fname=
--mh_checkit=false
--mh_lfreq=0
--mh_lnewinc=true
--mh_tciter=-1
--mh_tctime=-1.0
--mh_titer=30000
--mh_tobj=-1.0
--mh_ttime=-1.0
--odir=EADARP/solutions/random/r6-72-00000
--ofile=
--oname=run55
--only_single_s_visits=false
--prepthreshold=0.1
--repair_max_routes=0
--route_based_ops=0
--seed=533187888
--tightened_windows=EADARP/tightened_windows
--use_milp_in_otf=0
--xcheck_isfeasible=false

EADARPInstance(EADARP/instances/random/r6-72-00000.txt, n=72, n_K=6, S=[157, 158, 159], Q=14.85, n_F=6, γ=0.7, T_plan=720.0, F=[151, 152, 153, 154, 155, 156])

Percentage of arcs removed: 73.87366006091531%
Minimum Degree: 9
T preprocessing time [s]: 3.217
I       iter             best          obj_old          obj_new        time              method info
I          1        886.73268     100072.00000        886.73268      0.1540                 con 
I          2        869.03054        886.73268        869.03054      0.1780        drrr_15+rrri 
I          3        854.47889        869.03054        854.47889      0.2010        drrr_15+rrri 
I          4        853.26104        854.47889        853.26104      0.2250        drrr_15+rroi 
I          5        844.19325        853.26104        844.19325      0.2430        drrr_15+rrri 
I          6        841.12785        844.19325        841.12785      0.2600        drrr_15+rrri 
I         13        835.50385        841.12785        835.50385      0.3410         drrr_15+rrg 
I         20        833.47285        835.50385        833.47285      0.3910         drrr_15+rrg 
I         22        827.66781        833.47285        827.66781      0.4040         drrr_15+rrg 
I         24        825.54960        827.66781        825.54960      0.4140         drrr_15+rrg 
I         29        810.65522        825.54960        810.65522      0.4590        drrr_15+rroi 
I         41        798.35493        810.65522        798.35493      0.5120        drrr_15+rrri 
I         43        794.76561        798.35493        794.76561      0.5250         drrr_15+rrg 
I         57        791.23836        794.76561        791.23836      0.6020        drrr_15+rrri 
I         59        787.38258        791.23836        787.38258      0.6030        drrr_15+rrri 
I        169        787.05720        787.38258        787.05720      0.8020        drrr_15+rrri 
I        222        786.12381        787.05720        786.12381      0.8930        drrr_15+rrri 
I        227        785.48176        786.12381        785.48176      0.9000        drrr_15+rrri 
I        255        784.32385        785.48176        784.32385      0.9320         drrr_15+rrg 
I        263        782.17144        784.32385        782.17144      0.9460        drrr_15+rroi 
I        273        782.01490        782.17144        782.01490      0.9630         drrr_15+rrg 
I        279        778.84924        782.01490        778.84924      0.9750        drrr_15+rroi 
I        521        778.75714        778.84924        778.75714      1.2130        drrr_15+rrri 
I        568        778.52864        778.75714        778.52864      1.2550        drrr_15+rrri 
I        605        778.37210        778.52864        778.37210      1.2770        drrr_15+rroi 
I        751        776.44108        778.37210        776.44108      1.4250         drrr_15+rrg 
I        765        770.25629        776.44108        770.25629      1.4400        drrr_15+rroi 
I        769        767.76063        770.25629        767.76063      1.4490         drrr_15+rrg 
I        808        767.38486        767.76063        767.38486      1.4770        drrr_15+rroi 
I        812        766.74213        767.38486        766.74213      1.4840         drrr_15+rrg 
I        838        763.25605        766.74213        763.25605      1.5060        drrr_15+rrri 
I        872        763.24685        763.25605        763.24685      1.5270        drrr_15+rroi 
I       7313        762.39702        763.24685        762.39702      6.3250        drrr_15+rrri 
I       9668        762.35412        762.39702        762.35412      7.9790        drrr_15+rrri 
I      30000        762.35412        762.35412        778.08971     21.8490         drrr_15+rrg 

Method statistics
S  method    iter  succ  succ-rate%  tot-obj-gain  avg-obj-gain  rel-succ%  net-time  net-time%  brut-time  brut-time%
S  con          1     1   100.00000  -99185.26732  -99185.26732    1.49254   0.15400    0.70484    0.15400     0.70484
S  drrr_15  29999    33     0.11000    -124.37856      -0.00415   49.25373   0.63399    2.90171    0.63399     2.90171
S  rrg       9919    10     0.10082     -25.55141      -0.00258   14.92537  10.28201   47.05939   10.28201    47.05939
S  rroi     10131     8     0.07897     -28.15662      -0.00278   11.94030   5.16500   23.63953    5.16500    23.63953
S  rrri      9949    15     0.15077     -70.67053      -0.00710   22.38806   5.44600   24.92562    5.44600    24.92562
S  SUM/AVG  59999    67     0.11167  -99434.02445      -1.65726   20.00000  21.68100   99.23109   21.68100    99.23109

T best solution: EADARPSolution(t_routing=938.889, t_excess=232.75, obj_val=762.354, obj_val_valid=true,
    unserved_requests=Int64[], F_visited=[153, 156, 154, 151, 155, 152], S_visited=Int64[],
    (1, ([145, 16, 88, 24, 96, 46, 118, 66, 29, 138, 101, 45, 117, 12, 84, 17, 89, 158, 7, 79, 39, 111, 58, 130, 69, 11, 141, 83, 151], [47.3350733389015], [18]))
    (2, ([146, 22, 94, 9, 81, 35, 107, 23, 63, 95, 135, 27, 99, 38, 14, 86, 110, 20, 4, 76, 92, 70, 142, 157, 152], [43.50756626439737], [24]))
    (3, ([147, 36, 108, 6, 5, 78, 77, 56, 128, 3, 75, 26, 98, 34, 106, 158, 53, 125, 31, 48, 103, 120, 153], [69.05121662771661], [16]))
    (4, ([148, 50, 122, 60, 132, 1, 18, 73, 90, 30, 102, 157, 15, 43, 87, 115, 40, 33, 112, 105, 13, 37, 109, 85, 19, 91, 157, 154], [93.17502213088133, 33.06883938661617], [12, 27]))
    (5, ([149, 10, 82, 47, 119, 25, 32, 97, 104, 51, 68, 123, 140, 54, 126, 158, 72, 52, 124, 144, 57, 129, 65, 59, 137, 131, 61, 42, 133, 114, 157, 155], [79.28516450285542, 15.504664033561353], [16, 31]))
    (6, ([150, 41, 55, 127, 113, 28, 100, 8, 21, 80, 93, 67, 139, 2, 74, 49, 71, 143, 44, 121, 116, 62, 134, 64, 136, 157, 156], [71.96125216560158], [26])))

T best obj: 762.3541170826085
T best iteration: 9668
T total iterations: 30000
T best time [s]: 7.979
T total time [s]: 21.8490
