EADARP version ecec-dirty
ARGS: --ifile=EADARP/instances/random/r6-72-00000.txt  --gamma=0.7 --only_single_s_visits=false --odir=EADARP/solutions/random/r6-72-00000 --oname=run58
Settings:
--alns_gamma=0.025
--alns_segment_size=100
--alns_sigma1=10
--alns_sigma2=9
--alns_sigma3=3
--at_most_one_s=false
--gamma=0.7
--ifile=EADARP/instances/random/r6-72-00000.txt
--infeasible_arcs=EADARP/infeasible_arcs
--insert_charging_otf=true
--insert_cost_noise=0.014
--lns_init_temp_factor=0.0
--lns_temp_dec_factor=0.99
--log_all_sols_fname=
--mh_checkit=false
--mh_lfreq=0
--mh_lnewinc=true
--mh_tciter=-1
--mh_tctime=-1.0
--mh_titer=30000
--mh_tobj=-1.0
--mh_ttime=-1.0
--odir=EADARP/solutions/random/r6-72-00000
--ofile=
--oname=run58
--only_single_s_visits=false
--prepthreshold=0.1
--repair_max_routes=0
--route_based_ops=0
--seed=641310455
--tightened_windows=EADARP/tightened_windows
--use_milp_in_otf=0
--xcheck_isfeasible=false

EADARPInstance(EADARP/instances/random/r6-72-00000.txt, n=72, n_K=6, S=[157, 158, 159], Q=14.85, n_F=6, γ=0.7, T_plan=720.0, F=[151, 152, 153, 154, 155, 156])

Percentage of arcs removed: 73.87366006091531%
Minimum Degree: 9
T preprocessing time [s]: 2.818
I       iter             best          obj_old          obj_new        time              method info
I          1        877.77558     100072.00000        877.77558      0.1460                 con 
I          2        860.24331        877.77558        860.24331      0.1600        drrr_15+rrri 
I          3        859.70643        860.24331        859.70643      0.1880        drrr_15+rrri 
I          5        858.84017        859.70643        858.84017      0.2290        drrr_15+rrri 
I          8        852.87536        858.84017        852.87536      0.2880         drrr_15+rrg 
I         10        852.44462        852.87536        852.44462      0.3050        drrr_15+rroi 
I         11        848.90480        852.44462        848.90480      0.3140         drrr_15+rrg 
I         13        848.76640        848.90480        848.76640      0.3370        drrr_15+rrri 
I         14        837.56884        848.76640        837.56884      0.3440        drrr_15+rrri 
I         16        836.86935        837.56884        836.86935      0.3700        drrr_15+rroi 
I         25        832.82655        836.86935        832.82655      0.4670        drrr_15+rrri 
I         28        830.81156        832.82655        830.81156      0.4950         drrr_15+rrg 
I         32        829.35582        830.81156        829.35582      0.5330        drrr_15+rrri 
I         33        823.68560        829.35582        823.68560      0.5500         drrr_15+rrg 
I         36        813.61365        823.68560        813.61365      0.5840         drrr_15+rrg 
I         37        810.05544        813.61365        810.05544      0.5950        drrr_15+rroi 
I         46        806.25448        810.05544        806.25448      0.6380        drrr_15+rroi 
I         47        805.10618        806.25448        805.10618      0.6470        drrr_15+rrri 
I         55        804.28972        805.10618        804.28972      0.6940         drrr_15+rrg 
I         57        803.45013        804.28972        803.45013      0.6960         drrr_15+rrg 
I         63        798.97428        803.45013        798.97428      0.7350         drrr_15+rrg 
I        112        798.72819        798.97428        798.72819      0.9150        drrr_15+rrri 
I        127        797.28753        798.72819        797.28753      0.9830        drrr_15+rroi 
I        133        795.96186        797.28753        795.96186      1.0040        drrr_15+rrri 
I        189        795.16302        795.96186        795.16302      1.1250         drrr_15+rrg 
I        206        794.70591        795.16302        794.70591      1.1660         drrr_15+rrg 
I        283        793.42164        794.70591        793.42164      1.2590         drrr_15+rrg 
I        288        792.35649        793.42164        792.35649      1.2660         drrr_15+rrg 
I        289        791.86118        792.35649        791.86118      1.2690        drrr_15+rrri 
I        290        791.80886        791.86118        791.80886      1.2700         drrr_15+rrg 
I        310        786.36945        791.80886        786.36945      1.3220         drrr_15+rrg 
I        312        784.06622        786.36945        784.06622      1.3230        drrr_15+rroi 
I        316        782.14507        784.06622        782.14507      1.3330        drrr_15+rrri 
I        324        778.02326        782.14507        778.02326      1.3960         drrr_15+rrg 
I        337        776.84623        778.02326        776.84623      1.4190         drrr_15+rrg 
I        376        774.11284        776.84623        774.11284      1.4600        drrr_15+rrri 
I        378        773.44307        774.11284        773.44307      1.4610        drrr_15+rrri 
I        518        771.98875        773.44307        771.98875      1.6040         drrr_15+rrg 
I        526        771.19601        771.98875        771.19601      1.6180        drrr_15+rroi 
I        537        770.24389        771.19601        770.24389      1.6320        drrr_15+rroi 
I        598        769.59646        770.24389        769.59646      1.6910        drrr_15+rroi 
I        626        767.61193        769.59646        767.61193      1.7100         drrr_15+rrg 
I       1197        767.48147        767.61193        767.48147      2.1600        drrr_15+rroi 
I       1220        765.42135        767.48147        765.42135      2.1780         drrr_15+rrg 
I       1689        763.72761        765.42135        763.72761      2.4840        drrr_15+rroi 
I       1712        763.50103        763.72761        763.50103      2.4970         drrr_15+rrg 
I       2122        762.92283        763.50103        762.92283      2.7390        drrr_15+rrri 
I       2179        762.90993        762.92283        762.90993      2.7730        drrr_15+rroi 
I       2186        760.84981        762.90993        760.84981      2.7770         drrr_15+rrg 
I      30000        760.84981        760.84981        795.90689     19.2220        drrr_15+rroi 

Method statistics
S  method    iter  succ  succ-rate%  tot-obj-gain  avg-obj-gain  rel-succ%  net-time  net-time%  brut-time  brut-time%
S  con          1     1   100.00000  -99194.22442  -99194.22442    1.03093   0.14600    0.75955    0.14600     0.75955
S  drrr_15  29999    48     0.16001    -116.92577      -0.00390   49.48454   0.50000    2.60118    0.50000     2.60118
S  rrg       9991    21     0.21019     -55.57529      -0.00556   21.64948   9.68700   50.39535    9.68700    50.39535
S  rroi      9947    12     0.12064     -16.46266      -0.00166   12.37113   4.23600   22.03726    4.23600    22.03726
S  rrri     10061    15     0.14909     -44.88781      -0.00446   15.46392   4.55900   23.71763    4.55900    23.71763
S  SUM/AVG  59999    97     0.16167  -99428.07596      -1.65716   20.00000  19.12800   99.51098   19.12800    99.51098

T best solution: EADARPSolution(t_routing=943.961, t_excess=211.515, obj_val=760.85, obj_val_valid=true,
    unserved_requests=Int64[], F_visited=[153, 152, 156, 154, 151, 155], S_visited=Int64[],
    (1, ([145, 16, 88, 24, 28, 96, 100, 8, 21, 80, 93, 15, 43, 87, 115, 40, 33, 112, 105, 37, 109, 157, 151], [64.91645048627569], [22]))
    (2, ([146, 41, 55, 127, 113, 46, 118, 66, 29, 138, 101, 45, 117, 12, 84, 69, 141, 70, 142, 157, 152], [20.077690807194866], [20]))
    (3, ([147, 22, 94, 9, 81, 35, 107, 5, 77, 56, 128, 51, 68, 123, 140, 54, 126, 26, 98, 34, 106, 158, 58, 130, 59, 131, 61, 42, 133, 114, 157, 153], [89.07366178629206, 12.37483458383387], [22, 31]))
    (4, ([148, 10, 82, 23, 63, 95, 135, 32, 25, 97, 104, 2, 74, 49, 71, 143, 44, 121, 116, 72, 52, 124, 144, 57, 129, 65, 137, 157, 154], [46.60869822614987], [28]))
    (5, ([149, 36, 108, 1, 73, 18, 6, 90, 78, 47, 119, 27, 99, 157, 38, 14, 86, 110, 20, 4, 76, 92, 13, 11, 85, 19, 83, 91, 157, 155], [105.90086713015367, 6.463181156012965], [14, 29]))
    (6, ([150, 50, 122, 60, 132, 30, 102, 67, 139, 3, 75, 158, 17, 89, 62, 134, 64, 136, 7, 79, 39, 111, 53, 125, 31, 48, 103, 120, 157, 156], [86.50559262029363, 26.04047958830694], [12, 29])))

T best obj: 760.8498116561727
T best iteration: 2186
T total iterations: 30000
T best time [s]: 2.777
T total time [s]: 19.2220
