EADARP version ecec-dirty
ARGS: --ifile=EADARP/instances/random/r6-72-00000.txt  --gamma=0.7 --only_single_s_visits=false --odir=EADARP/solutions/random/r6-72-00000 --oname=run63
Settings:
--alns_gamma=0.025
--alns_segment_size=100
--alns_sigma1=10
--alns_sigma2=9
--alns_sigma3=3
--at_most_one_s=false
--gamma=0.7
--ifile=EADARP/instances/random/r6-72-00000.txt
--infeasible_arcs=EADARP/infeasible_arcs
--insert_charging_otf=true
--insert_cost_noise=0.014
--lns_init_temp_factor=0.0
--lns_temp_dec_factor=0.99
--log_all_sols_fname=
--mh_checkit=false
--mh_lfreq=0
--mh_lnewinc=true
--mh_tciter=-1
--mh_tctime=-1.0
--mh_titer=30000
--mh_tobj=-1.0
--mh_ttime=-1.0
--odir=EADARP/solutions/random/r6-72-00000
--ofile=
--oname=run63
--only_single_s_visits=false
--prepthreshold=0.1
--repair_max_routes=0
--route_based_ops=0
--seed=1038904914
--tightened_windows=EADARP/tightened_windows
--use_milp_in_otf=0
--xcheck_isfeasible=false

EADARPInstance(EADARP/instances/random/r6-72-00000.txt, n=72, n_K=6, S=[157, 158, 159], Q=14.85, n_F=6, γ=0.7, T_plan=720.0, F=[151, 152, 153, 154, 155, 156])

Percentage of arcs removed: 73.87366006091531%
Minimum Degree: 9
T preprocessing time [s]: 3.427
I       iter             best          obj_old          obj_new        time              method info
I          1        850.37495     100072.00000        850.37495      0.1920                 con 
I          2        843.38219        850.37495        843.38219      0.2110         drrr_15+rrg 
I          3        836.68038        843.38219        836.68038      0.2320         drrr_15+rrg 
I          5        833.57536        836.68038        833.57536      0.2870        drrr_15+rroi 
I         15        829.40505        833.57536        829.40505      0.4780         drrr_15+rrg 
I         16        828.53320        829.40505        828.53320      0.4880        drrr_15+rrri 
I         18        827.06765        828.53320        827.06765      0.5130         drrr_15+rrg 
I         28        826.92760        827.06765        826.92760      0.6120        drrr_15+rrri 
I         30        824.41749        826.92760        824.41749      0.6190         drrr_15+rrg 
I         31        816.95221        824.41749        816.95221      0.6280        drrr_15+rrri 
I         33        812.16713        816.95221        812.16713      0.6480         drrr_15+rrg 
I         43        810.54311        812.16713        810.54311      0.7040        drrr_15+rroi 
I         44        809.89230        810.54311        809.89230      0.7110         drrr_15+rrg 
I         68        809.20820        809.89230        809.20820      0.7970        drrr_15+rroi 
I         83        808.79832        809.20820        808.79832      0.8690        drrr_15+rroi 
I         85        806.28669        808.79832        806.28669      0.8730         drrr_15+rrg 
I         93        804.13909        806.28669        804.13909      0.8930        drrr_15+rrri 
I        102        803.05646        804.13909        803.05646      0.9150         drrr_15+rrg 
I        106        802.13504        803.05646        802.13504      0.9260         drrr_15+rrg 
I        117        801.39250        802.13504        801.39250      0.9460         drrr_15+rrg 
I        119        800.03723        801.39250        800.03723      0.9540         drrr_15+rrg 
I        133        800.00577        800.03723        800.00577      0.9850        drrr_15+rrri 
I        146        797.95445        800.00577        797.95445      1.0300         drrr_15+rrg 
I        175        793.92592        797.95445        793.92592      1.0950         drrr_15+rrg 
I        181        793.61745        793.92592        793.61745      1.0980        drrr_15+rroi 
I        201        792.20476        793.61745        792.20476      1.1560         drrr_15+rrg 
I        207        792.04822        792.20476        792.04822      1.1590         drrr_15+rrg 
I        222        790.49843        792.04822        790.49843      1.1840         drrr_15+rrg 
I        227        790.42976        790.49843        790.42976      1.2050        drrr_15+rrri 
I        233        789.93639        790.42976        789.93639      1.2130         drrr_15+rrg 
I        262        789.64212        789.93639        789.64212      1.2640         drrr_15+rrg 
I        293        789.08348        789.64212        789.08348      1.3120        drrr_15+rrri 
I        371        788.92693        789.08348        788.92693      1.4250         drrr_15+rrg 
I        515        784.49439        788.92693        784.49439      1.6470         drrr_15+rrg 
I        531        783.93575        784.49439        783.93575      1.6740         drrr_15+rrg 
I        612        782.46597        783.93575        782.46597      1.7750         drrr_15+rrg 
I        614        779.75685        782.46597        779.75685      1.7800         drrr_15+rrg 
I        705        779.46294        779.75685        779.46294      1.8800        drrr_15+rroi 
I        723        779.10601        779.46294        779.10601      1.8900        drrr_15+rrri 
I        733        779.03734        779.10601        779.03734      1.9000         drrr_15+rrg 
I        977        777.25783        779.03734        777.25783      2.1810        drrr_15+rrri 
I       1665        776.84787        777.25783        776.84787      2.8790        drrr_15+rroi 
I      14139        776.25952        776.84787        776.25952     12.6560        drrr_15+rrri 
I      14152        775.02566        776.25952        775.02566     12.6640         drrr_15+rrg 
I      14276        774.86912        775.02566        774.86912     12.7600         drrr_15+rrg 
I      14827        774.47760        774.86912        774.47760     13.1240        drrr_15+rroi 
I      15156        772.11886        774.47760        772.11886     13.3470        drrr_15+rrri 
I      15171        770.86271        772.11886        770.86271     13.3600         drrr_15+rrg 
I      15174        770.70617        770.86271        770.70617     13.3620        drrr_15+rroi 
I      16815        769.92881        770.70617        769.92881     14.5020         drrr_15+rrg 
I      28730        769.75549        769.92881        769.75549     22.9500         drrr_15+rrg 
I      28800        768.85868        769.75549        768.85868     23.0420        drrr_15+rroi 
I      28832        768.70213        768.85868        768.70213     23.0550        drrr_15+rroi 
I      28846        768.11676        768.70213        768.11676     23.0680        drrr_15+rrri 
I      28903        767.96021        768.11676        767.96021     23.1040        drrr_15+rrri 
I      30000        767.96021        767.96021        776.63564     23.9290         drrr_15+rrg 

Method statistics
S  method    iter  succ  succ-rate%  tot-obj-gain  avg-obj-gain  rel-succ%  net-time  net-time%  brut-time  brut-time%
S  con          1     1   100.00000  -99221.62505  -99221.62505    0.91743   0.19200    0.80237    0.19200     0.80237
S  drrr_15  29999    54     0.18001     -82.41474      -0.00275   49.54128   0.68500    2.86263    0.68500     2.86263
S  rrg       9984    30     0.30048     -56.86895      -0.00570   27.52294  11.19201   46.77175   11.19201    46.77175
S  rroi     10082    11     0.10911      -8.43678      -0.00084   10.09174   5.50300   22.99719    5.50300    22.99719
S  rrri      9933    13     0.13088     -17.10900      -0.00172   11.92661   6.16499   25.76369    6.16499    25.76369
S  SUM/AVG  59999   109     0.18167  -99386.45452      -1.65647   20.00000  23.73700   99.19762   23.73700    99.19762

T best solution: EADARPSolution(t_routing=938.702, t_excess=255.736, obj_val=767.96, obj_val_valid=true,
    unserved_requests=Int64[], F_visited=[151, 155, 152, 154, 156, 153], S_visited=Int64[],
    (1, ([145, 41, 55, 127, 113, 9, 81, 18, 6, 90, 78, 47, 119, 27, 99, 51, 68, 123, 140, 54, 126, 17, 89, 158, 53, 125, 31, 48, 103, 120, 151], [118.57898232590692], [24]))
    (2, ([146, 36, 108, 1, 73, 5, 77, 56, 128, 3, 75, 45, 117, 12, 84, 26, 98, 38, 14, 110, 86, 64, 136, 157, 152], [71.08642836045466], [24]))
    (3, ([147, 159, 35, 107, 46, 118, 40, 33, 112, 105, 13, 37, 109, 85, 11, 19, 83, 91, 157, 153], [5.293651179437544, 29.246437567095427], [2, 19]))
    (4, ([148, 16, 88, 24, 28, 96, 100, 8, 21, 80, 93, 67, 139, 66, 29, 138, 101, 157, 72, 52, 124, 144, 57, 129, 65, 59, 137, 131, 61, 42, 133, 114, 157, 154], [106.69266408439795, 10.44933073473016], [18, 33]))
    (5, ([149, 10, 82, 23, 63, 95, 135, 32, 25, 97, 104, 2, 74, 49, 71, 143, 44, 121, 116, 62, 20, 4, 134, 76, 92, 70, 142, 157, 155], [44.55814755226122], [28]))
    (6, ([150, 22, 94, 50, 122, 60, 132, 30, 102, 15, 43, 87, 115, 34, 106, 7, 79, 39, 111, 58, 130, 69, 141, 157, 156], [66.79608166557752], [24])))

T best obj: 767.9602128555881
T best iteration: 28903
T total iterations: 30000
T best time [s]: 23.104
T total time [s]: 23.9290
