EADARP version ecec-dirty
ARGS: --ifile=EADARP/instances/random/r6-72-00000.txt  --gamma=0.7 --only_single_s_visits=false --odir=EADARP/solutions/random/r6-72-00000 --oname=run73
Settings:
--alns_gamma=0.025
--alns_segment_size=100
--alns_sigma1=10
--alns_sigma2=9
--alns_sigma3=3
--at_most_one_s=false
--gamma=0.7
--ifile=EADARP/instances/random/r6-72-00000.txt
--infeasible_arcs=EADARP/infeasible_arcs
--insert_charging_otf=true
--insert_cost_noise=0.014
--lns_init_temp_factor=0.0
--lns_temp_dec_factor=0.99
--log_all_sols_fname=
--mh_checkit=false
--mh_lfreq=0
--mh_lnewinc=true
--mh_tciter=-1
--mh_tctime=-1.0
--mh_titer=30000
--mh_tobj=-1.0
--mh_ttime=-1.0
--odir=EADARP/solutions/random/r6-72-00000
--ofile=
--oname=run73
--only_single_s_visits=false
--prepthreshold=0.1
--repair_max_routes=0
--route_based_ops=0
--seed=277742987
--tightened_windows=EADARP/tightened_windows
--use_milp_in_otf=0
--xcheck_isfeasible=false

EADARPInstance(EADARP/instances/random/r6-72-00000.txt, n=72, n_K=6, S=[157, 158, 159], Q=14.85, n_F=6, γ=0.7, T_plan=720.0, F=[151, 152, 153, 154, 155, 156])

Percentage of arcs removed: 73.87366006091531%
Minimum Degree: 9
T preprocessing time [s]: 3.555
I       iter             best          obj_old          obj_new        time              method info
I          1        884.63958     100072.00000        884.63958      0.1880                 con 
I          2        868.10999        884.63958        868.10999      0.2100        drrr_15+rroi 
I          4        855.28799        868.10999        855.28799      0.2590        drrr_15+rrri 
I          5        854.00530        855.28799        854.00530      0.2760         drrr_15+rrg 
I          8        848.04968        854.00530        848.04968      0.3960         drrr_15+rrg 
I          9        846.86811        848.04968        846.86811      0.4280        drrr_15+rroi 
I         11        835.31980        846.86811        835.31980      0.4570         drrr_15+rrg 
I         14        817.22052        835.31980        817.22052      0.4850        drrr_15+rroi 
I         16        815.87782        817.22052        815.87782      0.5100        drrr_15+rroi 
I         24        810.12056        815.87782        810.12056      0.6160        drrr_15+rroi 
I         27        808.67579        810.12056        808.67579      0.6280         drrr_15+rrg 
I         36        807.16023        808.67579        807.16023      0.6650        drrr_15+rrri 
I         38        805.29323        807.16023        805.29323      0.6810        drrr_15+rrri 
I         39        803.16181        805.29323        803.16181      0.6860         drrr_15+rrg 
I         41        794.27977        803.16181        794.27977      0.6940        drrr_15+rroi 
I         73        794.09471        794.27977        794.09471      0.8040        drrr_15+rrri 
I         78        792.58918        794.09471        792.58918      0.8170         drrr_15+rrg 
I         80        792.10677        792.58918        792.10677      0.8210         drrr_15+rrg 
I         85        791.28177        792.10677        791.28177      0.8290         drrr_15+rrg 
I         90        791.22702        791.28177        791.22702      0.8710         drrr_15+rrg 
I        128        790.90010        791.22702        790.90010      1.0110        drrr_15+rroi 
I        197        790.66830        790.90010        790.66830      1.1010         drrr_15+rrg 
I        241        789.73174        790.66830        789.73174      1.1570         drrr_15+rrg 
I        244        789.73174        789.73174        789.73174      1.1600         drrr_15+rrg 
I        278        788.43707        789.73174        788.43707      1.2220        drrr_15+rrri 
I        280        788.35944        788.43707        788.35944      1.2260         drrr_15+rrg 
I        282        788.24416        788.35944        788.24416      1.2300         drrr_15+rrg 
I        299        786.18404        788.24416        786.18404      1.2660         drrr_15+rrg 
I        332        786.10641        786.18404        786.10641      1.3540        drrr_15+rrri 
I        449        785.15542        786.10641        785.15542      1.4870         drrr_15+rrg 
I        687        784.64244        785.15542        784.64244      1.7770         drrr_15+rrg 
I        731        784.56481        784.64244        784.56481      1.8170        drrr_15+rrri 
I       1022        781.39631        784.56481        781.39631      2.1110         drrr_15+rrg 
I       1169        781.38950        781.39631        781.38950      2.2640         drrr_15+rrg 
I       1857        780.82699        781.38950        780.82699      2.9100         drrr_15+rrg 
I       2834        780.74954        780.82699        780.74954      3.8680        drrr_15+rrri 
I       3080        779.40037        780.74954        779.40037      4.0730        drrr_15+rrri 
I       3085        779.39620        779.40037        779.39620      4.0770         drrr_15+rrg 
I       3101        778.87057        779.39620        778.87057      4.0970         drrr_15+rrg 
I       3125        776.81045        778.87057        776.81045      4.1140        drrr_15+rrri 
I       3240        775.55055        776.81045        775.55055      4.2030         drrr_15+rrg 
I       3315        770.85974        775.55055        770.85974      4.2760        drrr_15+rrri 
I       3480        770.10697        770.85974        770.10697      4.4440         drrr_15+rrg 
I       3544        768.93346        770.10697        768.93346      4.5250        drrr_15+rrri 
I       3811        768.57183        768.93346        768.57183      4.7400        drrr_15+rrri 
I       4465        765.60225        768.57183        765.60225      5.3040        drrr_15+rrri 
I       4512        761.83261        765.60225        761.83261      5.3320        drrr_15+rroi 
I       4562        761.79719        761.83261        761.79719      5.3770        drrr_15+rroi 
I       4632        761.60719        761.79719        761.60719      5.4500         drrr_15+rrg 
I       4667        761.41927        761.60719        761.41927      5.4820        drrr_15+rrri 
I       4753        761.05764        761.41927        761.05764      5.5670         drrr_15+rrg 
I       4827        760.60474        761.05764        760.60474      5.6160         drrr_15+rrg 
I       5109        760.57253        760.60474        760.57253      5.8410        drrr_15+rroi 
I       5463        759.13641        760.57253        759.13641      6.1040        drrr_15+rroi 
I      20282        757.80826        759.13641        757.80826     16.7840        drrr_15+rroi 
I      22090        757.53083        757.80826        757.53083     18.0950        drrr_15+rrri 
I      30000        757.53083        757.53083        764.33593     23.4350        drrr_15+rrri 

Method statistics
S  method    iter  succ  succ-rate%  tot-obj-gain  avg-obj-gain  rel-succ%  net-time  net-time%  brut-time  brut-time%
S  con          1     1   100.00000  -99187.36042  -99187.36042    0.90090   0.18800    0.80222    0.18800     0.80222
S  drrr_15  29999    55     0.18334    -127.10875      -0.00424   49.54955   0.74200    3.16621    0.74200     3.16621
S  rrg       9971    27     0.27079     -37.40068      -0.00375   24.32432  11.20700   47.82165   11.20700    47.82165
S  rroi     10120    12     0.11858     -58.72089      -0.00580   10.81081   5.29100   22.57734    5.29100    22.57734
S  rrri      9908    16     0.16149     -30.98718      -0.00313   14.41441   5.87600   25.07360    5.87600    25.07360
S  SUM/AVG  59999   111     0.18500  -99441.57791      -1.65739   20.00000  23.30400   99.44101   23.30400    99.44101

T best solution: EADARPSolution(t_routing=940.681, t_excess=208.08, obj_val=757.531, obj_val_valid=true,
    unserved_requests=Int64[], F_visited=[156, 153, 155, 154, 152, 151], S_visited=Int64[],
    (1, ([145, 50, 122, 60, 132, 1, 18, 73, 90, 30, 102, 67, 139, 51, 123, 17, 89, 62, 134, 64, 136, 157, 151], [68.06977093759862], [22]))
    (2, ([146, 27, 99, 49, 71, 143, 44, 121, 116, 72, 144, 38, 14, 86, 110, 20, 4, 76, 92, 70, 142, 157, 152], [30.827595858798677], [22]))
    (3, ([147, 22, 94, 9, 81, 35, 107, 5, 77, 56, 128, 66, 29, 138, 101, 45, 117, 157, 34, 106, 7, 79, 53, 125, 31, 48, 103, 120, 153], [76.28212349749374], [18]))
    (4, ([148, 36, 108, 6, 78, 3, 75, 2, 74, 157, 12, 84, 26, 98, 40, 33, 112, 105, 13, 37, 109, 85, 11, 19, 83, 91, 157, 154], [67.02499895873217, 26.231662187348487], [10, 27]))
    (5, ([149, 16, 88, 24, 28, 96, 100, 8, 21, 80, 93, 47, 119, 157, 68, 140, 15, 43, 87, 115, 159, 52, 57, 129, 124, 65, 59, 137, 131, 61, 42, 133, 114, 155], [41.72809305325793, 88.52058493215895], [14, 21]))
    (6, ([150, 41, 55, 127, 113, 46, 118, 10, 82, 23, 63, 95, 135, 32, 25, 97, 104, 54, 126, 39, 111, 58, 130, 69, 141, 157, 156], [55.99627395102165], [26])))

T best obj: 757.5308346037691
T best iteration: 22090
T total iterations: 30000
T best time [s]: 18.095
T total time [s]: 23.4350
