EADARP version ecec-dirty
ARGS: --ifile=EADARP/instances/random/r6-72-00000.txt  --gamma=0.7 --only_single_s_visits=false --odir=EADARP/solutions/random/r6-72-00000 --oname=run71
Settings:
--alns_gamma=0.025
--alns_segment_size=100
--alns_sigma1=10
--alns_sigma2=9
--alns_sigma3=3
--at_most_one_s=false
--gamma=0.7
--ifile=EADARP/instances/random/r6-72-00000.txt
--infeasible_arcs=EADARP/infeasible_arcs
--insert_charging_otf=true
--insert_cost_noise=0.014
--lns_init_temp_factor=0.0
--lns_temp_dec_factor=0.99
--log_all_sols_fname=
--mh_checkit=false
--mh_lfreq=0
--mh_lnewinc=true
--mh_tciter=-1
--mh_tctime=-1.0
--mh_titer=30000
--mh_tobj=-1.0
--mh_ttime=-1.0
--odir=EADARP/solutions/random/r6-72-00000
--ofile=
--oname=run71
--only_single_s_visits=false
--prepthreshold=0.1
--repair_max_routes=0
--route_based_ops=0
--seed=1484658775
--tightened_windows=EADARP/tightened_windows
--use_milp_in_otf=0
--xcheck_isfeasible=false

EADARPInstance(EADARP/instances/random/r6-72-00000.txt, n=72, n_K=6, S=[157, 158, 159], Q=14.85, n_F=6, γ=0.7, T_plan=720.0, F=[151, 152, 153, 154, 155, 156])

Percentage of arcs removed: 73.87366006091531%
Minimum Degree: 9
T preprocessing time [s]: 3.452
I       iter             best          obj_old          obj_new        time              method info
I          1        879.74870     100072.00000        879.74870      0.2040                 con 
I          2        864.34483        879.74870        864.34483      0.2500         drrr_15+rrg 
I          3        836.65602        864.34483        836.65602      0.2820        drrr_15+rroi 
I          5        831.97609        836.65602        831.97609      0.3600         drrr_15+rrg 
I         11        825.35384        831.97609        825.35384      0.4540        drrr_15+rrri 
I         15        822.91231        825.35384        822.91231      0.5170        drrr_15+rroi 
I         17        821.86382        822.91231        821.86382      0.5330        drrr_15+rroi 
I         18        818.38355        821.86382        818.38355      0.5480        drrr_15+rroi 
I         29        813.69667        818.38355        813.69667      0.6270        drrr_15+rrri 
I         31        809.85731        813.69667        809.85731      0.6580         drrr_15+rrg 
I         37        808.53165        809.85731        808.53165      0.7050        drrr_15+rrri 
I         59        805.44906        808.53165        805.44906      0.7840         drrr_15+rrg 
I         61        805.27243        805.44906        805.27243      0.7840         drrr_15+rrg 
I         64        803.06604        805.27243        803.06604      0.7990         drrr_15+rrg 
I         65        799.61861        803.06604        799.61861      0.7990        drrr_15+rroi 
I         67        794.80112        799.61861        794.80112      0.7990         drrr_15+rrg 
I         71        794.61322        794.80112        794.61322      0.8150        drrr_15+rroi 
I         76        789.32659        794.61322        789.32659      0.8310        drrr_15+rrri 
I         83        788.31320        789.32659        788.31320      0.8620        drrr_15+rrri 
I         92        788.11191        788.31320        788.11191      0.8930        drrr_15+rroi 
I        100        785.66598        788.11191        785.66598      0.9090        drrr_15+rroi 
I        116        783.52260        785.66598        783.52260      0.9780         drrr_15+rrg 
I        125        783.40776        783.52260        783.40776      1.0190        drrr_15+rroi 
I        193        782.04627        783.40776        782.04627      1.1280        drrr_15+rrri 
I        251        781.52065        782.04627        781.52065      1.2070        drrr_15+rroi 
I        262        775.25424        781.52065        775.25424      1.2070        drrr_15+rrri 
I        284        774.57286        775.25424        774.57286      1.2540        drrr_15+rrri 
I        365        772.10961        774.57286        772.10961      1.3630         drrr_15+rrg 
I        378        770.29037        772.10961        770.29037      1.3790        drrr_15+rroi 
I        733        769.35343        770.29037        769.35343      1.6930        drrr_15+rrri 
I        751        767.03556        769.35343        767.03556      1.7240         drrr_15+rrg 
I        811        766.92510        767.03556        766.92510      1.8810         drrr_15+rrg 
I        856        765.12941        766.92510        765.12941      1.9440        drrr_15+rroi 
I        864        764.27320        765.12941        764.27320      1.9600        drrr_15+rrri 
I        870        764.08989        764.27320        764.08989      1.9600        drrr_15+rroi 
I        882        762.84445        764.08989        762.84445      1.9800        drrr_15+rrri 
I        916        762.79951        762.84445        762.79951      2.0230        drrr_15+rrri 
I       1150        761.60735        762.79951        761.60735      2.3200        drrr_15+rroi 
I       1155        760.79090        761.60735        760.79090      2.3360        drrr_15+rroi 
I       2262        759.83327        760.79090        759.83327      3.3080        drrr_15+rrri 
I       2450        759.60038        759.83327        759.60038      3.4340        drrr_15+rroi 
I       2574        758.09329        759.60038        758.09329      3.5440         drrr_15+rrg 
I       2605        757.23706        758.09329        757.23706      3.5750        drrr_15+rrri 
I       2692        756.59146        757.23706        756.59146      3.6700        drrr_15+rroi 
I       2704        754.54782        756.59146        754.54782      3.6860        drrr_15+rroi 
I       2724        753.30415        754.54782        753.30415      3.7170        drrr_15+rrri 
I       2737        752.48770        753.30415        752.48770      3.7480        drrr_15+rroi 
I      30000        752.48770        752.48770        769.03322     22.9210        drrr_15+rroi 

Method statistics
S  method    iter  succ  succ-rate%  tot-obj-gain  avg-obj-gain  rel-succ%  net-time  net-time%  brut-time  brut-time%
S  con          1     1   100.00000  -99192.25130  -99192.25130    1.07527   0.20400    0.89001    0.20400     0.89001
S  drrr_15  29999    46     0.15334    -127.26099      -0.00424   49.46237   0.59400    2.59151    0.59400     2.59151
S  rrg       9965    12     0.12042     -42.74833      -0.00429   12.90323  10.58800   46.19345   10.58800    46.19345
S  rroi     10105    19     0.18803     -51.12752      -0.00506   20.43011   5.19500   22.66479    5.19500    22.66479
S  rrri      9929    15     0.15107     -33.38514      -0.00336   16.12903   6.12900   26.73967    6.12900    26.73967
S  SUM/AVG  59999    93     0.15500  -99446.77329      -1.65747   20.00000  22.71000   99.07944   22.71000    99.07944

T best solution: EADARPSolution(t_routing=934.673, t_excess=205.931, obj_val=752.488, obj_val_valid=true,
    unserved_requests=Int64[], F_visited=[151, 155, 152, 154, 153, 156], S_visited=Int64[],
    (1, ([145, 36, 108, 6, 5, 78, 77, 56, 128, 66, 29, 138, 101, 45, 117, 12, 84, 26, 98, 69, 141, 70, 142, 157, 151], [51.63274179929782], [24]))
    (2, ([146, 41, 55, 127, 113, 47, 119, 27, 99, 49, 121, 72, 52, 124, 144, 57, 129, 65, 137, 157, 152], [24.339806415715064], [20]))
    (3, ([147, 22, 94, 9, 81, 35, 107, 46, 118, 3, 75, 54, 126, 158, 17, 89, 38, 14, 86, 110, 20, 4, 76, 92, 13, 11, 85, 19, 83, 91, 157, 153], [74.95253883874379, 28.109740553262228], [14, 31]))
    (4, ([148, 10, 82, 23, 63, 95, 135, 32, 25, 97, 104, 51, 68, 123, 140, 15, 43, 87, 115, 40, 33, 112, 105, 37, 109, 157, 154], [67.48277240152352], [26]))
    (5, ([149, 50, 122, 60, 132, 1, 18, 73, 90, 30, 102, 67, 139, 2, 74, 157, 34, 106, 7, 79, 39, 111, 58, 130, 59, 131, 61, 42, 133, 114, 157, 155], [117.49757885596203, 9.340165834612726], [16, 31]))
    (6, ([150, 16, 88, 24, 28, 96, 100, 8, 21, 80, 93, 71, 143, 44, 116, 62, 134, 64, 136, 158, 53, 125, 31, 48, 103, 120, 156], [75.31777168452983], [20])))

T best obj: 752.4877015807413
T best iteration: 2737
T total iterations: 30000
T best time [s]: 3.748
T total time [s]: 22.9210
