EADARP version ecec-dirty
ARGS: --ifile=EADARP/instances/random/r6-72-00000.txt  --gamma=0.7 --only_single_s_visits=false --odir=EADARP/solutions/random/r6-72-00000 --oname=run88
Settings:
--alns_gamma=0.025
--alns_segment_size=100
--alns_sigma1=10
--alns_sigma2=9
--alns_sigma3=3
--at_most_one_s=false
--gamma=0.7
--ifile=EADARP/instances/random/r6-72-00000.txt
--infeasible_arcs=EADARP/infeasible_arcs
--insert_charging_otf=true
--insert_cost_noise=0.014
--lns_init_temp_factor=0.0
--lns_temp_dec_factor=0.99
--log_all_sols_fname=
--mh_checkit=false
--mh_lfreq=0
--mh_lnewinc=true
--mh_tciter=-1
--mh_tctime=-1.0
--mh_titer=30000
--mh_tobj=-1.0
--mh_ttime=-1.0
--odir=EADARP/solutions/random/r6-72-00000
--ofile=
--oname=run88
--only_single_s_visits=false
--prepthreshold=0.1
--repair_max_routes=0
--route_based_ops=0
--seed=1684894341
--tightened_windows=EADARP/tightened_windows
--use_milp_in_otf=0
--xcheck_isfeasible=false

EADARPInstance(EADARP/instances/random/r6-72-00000.txt, n=72, n_K=6, S=[157, 158, 159], Q=14.85, n_F=6, γ=0.7, T_plan=720.0, F=[151, 152, 153, 154, 155, 156])

Percentage of arcs removed: 73.87366006091531%
Minimum Degree: 9
T preprocessing time [s]: 3.61
I       iter             best          obj_old          obj_new        time              method info
I          1        883.04020     100072.00000        883.04020      0.1570                 con 
I          2        876.89215        883.04020        876.89215      0.1890        drrr_15+rroi 
I          3        861.76219        876.89215        861.76219      0.2360        drrr_15+rrri 
I          6        848.37577        861.76219        848.37577      0.2840         drrr_15+rrg 
I          7        843.67240        848.37577        843.67240      0.2980         drrr_15+rrg 
I         12        842.68065        843.67240        842.68065      0.4240        drrr_15+rroi 
I         14        839.33865        842.68065        839.33865      0.4560         drrr_15+rrg 
I         16        828.43648        839.33865        828.43648      0.4710        drrr_15+rroi 
I         17        826.53868        828.43648        826.53868      0.4870         drrr_15+rrg 
I         18        825.40289        826.53868        825.40289      0.5190        drrr_15+rrri 
I         19        820.13572        825.40289        820.13572      0.5340        drrr_15+rroi 
I         21        811.74105        820.13572        811.74105      0.5500        drrr_15+rroi 
I         25        811.58230        811.74105        811.58230      0.6130        drrr_15+rrri 
I         27        809.73364        811.58230        809.73364      0.6280        drrr_15+rrri 
I         32        808.95749        809.73364        808.95749      0.6910        drrr_15+rroi 
I         34        808.28246        808.95749        808.28246      0.7230         drrr_15+rrg 
I         39        799.27653        808.28246        799.27653      0.7700         drrr_15+rrg 
I         43        798.86493        799.27653        798.86493      0.8010        drrr_15+rroi 
I         49        797.43490        798.86493        797.43490      0.8170        drrr_15+rrri 
I         50        794.31883        797.43490        794.31883      0.8320         drrr_15+rrg 
I         56        791.94823        794.31883        791.94823      0.8640        drrr_15+rroi 
I         68        791.56325        791.94823        791.56325      0.8950        drrr_15+rroi 
I         72        789.63527        791.56325        789.63527      0.8950         drrr_15+rrg 
I         78        787.72677        789.63527        787.72677      0.9110        drrr_15+rroi 
I         81        786.54600        787.72677        786.54600      0.9260         drrr_15+rrg 
I         97        785.56536        786.54600        785.56536      1.0070         drrr_15+rrg 
I        109        782.93022        785.56536        782.93022      1.0370        drrr_15+rrri 
I        113        781.37448        782.93022        781.37448      1.0530         drrr_15+rrg 
I        130        776.37816        781.37448        776.37816      1.0860         drrr_15+rrg 
I        152        776.36896        776.37816        776.36896      1.1320        drrr_15+rrri 
I        218        776.21241        776.36896        776.21241      1.2420        drrr_15+rroi 
I        274        775.66280        776.21241        775.66280      1.3510        drrr_15+rroi 
I        437        773.69437        775.66280        773.69437      1.5710        drrr_15+rroi 
I        500        773.44107        773.69437        773.44107      1.6180        drrr_15+rrri 
I        504        773.28453        773.44107        773.28453      1.6340        drrr_15+rroi 
I        511        771.63218        773.28453        771.63218      1.6500        drrr_15+rrri 
I        517        771.46689        771.63218        771.46689      1.6500        drrr_15+rrri 
I        520        770.45383        771.46689        770.45383      1.6660        drrr_15+rroi 
I        556        770.44463        770.45383        770.44463      1.7290         drrr_15+rrg 
I        654        769.49251        770.44463        769.49251      1.8230        drrr_15+rrri 
I        713        767.68514        769.49251        767.68514      1.9990        drrr_15+rroi 
I        722        766.23311        767.68514        766.23311      2.0450        drrr_15+rroi 
I        752        766.22391        766.23311        766.22391      2.0880         drrr_15+rrg 
I       1706        765.77343        766.22391        765.77343      2.9910        drrr_15+rroi 
I       1865        765.41761        765.77343        765.41761      3.0820         drrr_15+rrg 
I       1878        764.73893        765.41761        764.73893      3.0910        drrr_15+rrri 
I       2135        760.59296        764.73893        760.59296      3.3350        drrr_15+rroi 
I       2144        760.09337        760.59296        760.09337      3.3500         drrr_15+rrg 
I       2151        759.24067        760.09337        759.24067      3.3500        drrr_15+rrri 
I       2164        758.87300        759.24067        758.87300      3.3660         drrr_15+rrg 
I       2171        758.27992        758.87300        758.27992      3.3810        drrr_15+rroi 
I       2178        757.43207        758.27992        757.43207      3.3810        drrr_15+rroi 
I       2413        756.63068        757.43207        756.63068      3.5390         drrr_15+rrg 
I       2414        752.31986        756.63068        752.31986      3.5540        drrr_15+rroi 
I       2462        751.76356        752.31986        751.76356      3.6230         drrr_15+rrg 
I       3682        750.59795        751.76356        750.59795      4.5780        drrr_15+rroi 
I       4398        750.07320        750.59795        750.07320      5.1100        drrr_15+rrri 
I       4415        750.06400        750.07320        750.06400      5.1260         drrr_15+rrg 
I      10671        749.43007        750.06400        749.43007      9.7070         drrr_15+rrg 
I      30000        749.43007        749.43007        777.94789     22.1330        drrr_15+rroi 

Method statistics
S  method    iter  succ  succ-rate%  tot-obj-gain  avg-obj-gain  rel-succ%  net-time  net-time%  brut-time  brut-time%
S  con          1     1   100.00000  -99188.95980  -99188.95980    0.85470   0.15700    0.70935    0.15700     0.70935
S  drrr_15  29999    58     0.19334    -133.61013      -0.00445   49.57265   0.67900    3.06782    0.67900     3.06782
S  rrg      10031    21     0.20935     -50.01040      -0.00499   17.94872  10.89500   49.22512   10.89500    49.22512
S  rroi     10045    23     0.22897     -56.17301      -0.00559   19.65812   4.89600   22.12082    4.89600    22.12082
S  rrri      9923    14     0.14109     -27.42672      -0.00276   11.96581   5.37800   24.29857    5.37800    24.29857
S  SUM/AVG  59999   117     0.19500  -99456.18005      -1.65763   20.00000  22.00500   99.42168   22.00500    99.42168

T best solution: EADARPSolution(t_routing=918.366, t_excess=242.621, obj_val=749.43, obj_val_valid=true,
    unserved_requests=Int64[], F_visited=[155, 151, 156, 152, 154, 153], S_visited=Int64[],
    (1, ([145, 36, 108, 1, 18, 73, 90, 51, 68, 123, 140, 15, 43, 87, 115, 34, 106, 7, 79, 39, 111, 58, 130, 69, 141, 157, 151], [70.88513487815456], [26]))
    (2, ([146, 16, 88, 24, 28, 96, 100, 8, 21, 80, 93, 71, 143, 44, 116, 62, 134, 64, 136, 157, 152], [20.023010242586732], [20]))
    (3, ([147, 50, 122, 60, 132, 158, 30, 102, 67, 139, 3, 75, 158, 12, 84, 26, 98, 40, 33, 112, 105, 13, 37, 109, 85, 11, 19, 83, 91, 157, 153], [5.944169115745016, 77.83722470646575, 29.246437567095427], [6, 13, 30]))
    (4, ([148, 6, 5, 78, 77, 56, 2, 74, 128, 49, 121, 72, 52, 124, 144, 57, 129, 159, 65, 59, 137, 131, 61, 42, 133, 114, 154], [72.76247626166696], [18]))
    (5, ([149, 22, 94, 9, 81, 35, 107, 46, 118, 10, 82, 23, 63, 95, 135, 27, 99, 66, 29, 138, 101, 45, 117, 17, 89, 158, 53, 125, 31, 48, 103, 120, 155], [98.66348838515793], [26]))
    (6, ([150, 41, 55, 127, 113, 47, 119, 25, 32, 97, 104, 54, 126, 158, 38, 14, 86, 110, 20, 4, 76, 92, 70, 142, 156], [57.004473076590045], [14])))

T best obj: 749.4300725480364
T best iteration: 10671
T total iterations: 30000
T best time [s]: 9.707
T total time [s]: 22.1330
