EADARP version ecec-dirty
ARGS: --ifile=EADARP/instances/random/r6-72-00000.txt  --gamma=0.7 --only_single_s_visits=false --odir=EADARP/solutions/random/r6-72-00000 --oname=run90
Settings:
--alns_gamma=0.025
--alns_segment_size=100
--alns_sigma1=10
--alns_sigma2=9
--alns_sigma3=3
--at_most_one_s=false
--gamma=0.7
--ifile=EADARP/instances/random/r6-72-00000.txt
--infeasible_arcs=EADARP/infeasible_arcs
--insert_charging_otf=true
--insert_cost_noise=0.014
--lns_init_temp_factor=0.0
--lns_temp_dec_factor=0.99
--log_all_sols_fname=
--mh_checkit=false
--mh_lfreq=0
--mh_lnewinc=true
--mh_tciter=-1
--mh_tctime=-1.0
--mh_titer=30000
--mh_tobj=-1.0
--mh_ttime=-1.0
--odir=EADARP/solutions/random/r6-72-00000
--ofile=
--oname=run90
--only_single_s_visits=false
--prepthreshold=0.1
--repair_max_routes=0
--route_based_ops=0
--seed=932331073
--tightened_windows=EADARP/tightened_windows
--use_milp_in_otf=0
--xcheck_isfeasible=false

EADARPInstance(EADARP/instances/random/r6-72-00000.txt, n=72, n_K=6, S=[157, 158, 159], Q=14.85, n_F=6, γ=0.7, T_plan=720.0, F=[151, 152, 153, 154, 155, 156])

Percentage of arcs removed: 73.87366006091531%
Minimum Degree: 9
T preprocessing time [s]: 3.29
I       iter             best          obj_old          obj_new        time              method info
I          1        881.89898     100072.00000        881.89898      0.1740                 con 
I          2        852.97512        881.89898        852.97512      0.2050        drrr_15+rrri 
I          9        848.12489        852.97512        848.12489      0.3780        drrr_15+rrri 
I         13        840.27434        848.12489        840.27434      0.4730         drrr_15+rrg 
I         15        833.82845        840.27434        833.82845      0.4880        drrr_15+rrri 
I         17        826.31152        833.82845        826.31152      0.5350        drrr_15+rroi 
I         20        823.68693        826.31152        823.68693      0.5830        drrr_15+rroi 
I         24        821.82593        823.68693        821.82593      0.6620        drrr_15+rroi 
I         25        817.76065        821.82593        817.76065      0.6740        drrr_15+rrri 
I         36        811.93210        817.76065        811.93210      0.7560        drrr_15+rrri 
I         38        811.08981        811.93210        811.08981      0.7870         drrr_15+rrg 
I         39        808.99421        811.08981        808.99421      0.8030        drrr_15+rrri 
I         52        805.90248        808.99421        805.90248      0.8970         drrr_15+rrg 
I         53        805.77447        805.90248        805.77447      0.8970        drrr_15+rroi 
I         67        800.98932        805.77447        800.98932      0.9600         drrr_15+rrg 
I        101        800.83278        800.98932        800.83278      1.0760         drrr_15+rrg 
I        102        800.80425        800.83278        800.80425      1.0850        drrr_15+rrri 
I        257        800.01320        800.80425        800.01320      1.3370        drrr_15+rroi 
I        260        799.48822        800.01320        799.48822      1.3370        drrr_15+rroi 
I        265        796.60395        799.48822        796.60395      1.3850        drrr_15+rroi 
I        266        796.58316        796.60395        796.58316      1.3850        drrr_15+rroi 
I        268        794.53284        796.58316        794.53284      1.3850         drrr_15+rrg 
I        273        794.21775        794.53284        794.21775      1.4320         drrr_15+rrg 
I        274        792.98276        794.21775        792.98276      1.4470        drrr_15+rroi 
I        279        790.89411        792.98276        790.89411      1.4790        drrr_15+rrri 
I        283        790.74984        790.89411        790.74984      1.4950         drrr_15+rrg 
I        287        789.42555        790.74984        789.42555      1.5110        drrr_15+rroi 
I        427        789.35561        789.42555        789.35561      1.8100        drrr_15+rroi 
I        435        788.99868        789.35561        788.99868      1.8410        drrr_15+rroi 
I        444        784.83802        788.99868        784.83802      1.8410         drrr_15+rrg 
I        619        784.38198        784.83802        784.38198      2.0380         drrr_15+rrg 
I       2896        784.04432        784.38198        784.04432      3.8850         drrr_15+rrg 
I       5449        782.73374        784.04432        782.73374      5.8590        drrr_15+rroi 
I       5461        781.31160        782.73374        781.31160      5.8590         drrr_15+rrg 
I       5471        779.41156        781.31160        779.41156      5.8590         drrr_15+rrg 
I       5667        779.25148        779.41156        779.25148      6.0310        drrr_15+rrri 
I       5686        777.61705        779.25148        777.61705      6.0470        drrr_15+rroi 
I       5744        775.99327        777.61705        775.99327      6.0620        drrr_15+rrri 
I       5755        774.75828        775.99327        774.75828      6.0940        drrr_15+rrri 
I       5770        772.83585        774.75828        772.83585      6.1100         drrr_15+rrg 
I       5830        771.83146        772.83585        771.83146      6.1570         drrr_15+rrg 
I       5883        769.10651        771.83146        769.10651      6.1880         drrr_15+rrg 
I      30000        769.10651        769.10651        785.84942     23.3010         drrr_15+rrg 

Method statistics
S  method    iter  succ  succ-rate%  tot-obj-gain  avg-obj-gain  rel-succ%  net-time  net-time%  brut-time  brut-time%
S  con          1     1   100.00000  -99190.10102  -99190.10102    1.20482   0.17400    0.74675    0.17400     0.74675
S  drrr_15  29999    41     0.13667    -112.79247      -0.00376   49.39759   0.81400    3.49341    0.81400     3.49341
S  rrg      10020    16     0.15968     -33.16424      -0.00331   19.27711  10.81400   46.41003   10.81400    46.41003
S  rroi     10032    14     0.13955     -22.28279      -0.00222   16.86747   5.45700   23.41959    5.45700    23.41959
S  rrri      9947    11     0.11059     -57.34545      -0.00577   13.25301   5.96300   25.59119    5.96300    25.59119
S  SUM/AVG  59999    83     0.13834  -99415.68596      -1.65696   20.00000  23.22200   99.66096   23.22200    99.66096

T best solution: EADARPSolution(t_routing=942.406, t_excess=249.207, obj_val=769.107, obj_val_valid=true,
    unserved_requests=Int64[], F_visited=[155, 152, 156, 151, 153, 154], S_visited=Int64[],
    (1, ([145, 36, 108, 27, 99, 49, 71, 143, 44, 121, 116, 157, 38, 14, 86, 110, 20, 4, 76, 92, 159, 65, 59, 137, 131, 61, 42, 133, 114, 151], [54.63488451587409, 37.22089088148503], [12, 21]))
    (2, ([146, 22, 94, 9, 81, 35, 107, 46, 118, 47, 119, 29, 3, 75, 101, 45, 117, 158, 17, 89, 34, 106, 7, 79, 53, 125, 31, 48, 103, 120, 157, 152], [77.12377367948756, 19.52530162047859], [18, 31]))
    (3, ([147, 6, 5, 78, 77, 56, 128, 51, 68, 123, 140, 62, 134, 64, 136, 58, 130, 69, 11, 141, 83, 157, 153], [37.20824965579326], [22]))
    (4, ([148, 10, 82, 23, 63, 95, 135, 32, 25, 97, 104, 54, 126, 26, 98, 72, 52, 124, 144, 57, 129, 70, 142, 157, 154], [44.5844923444226], [24]))
    (5, ([149, 16, 88, 24, 28, 96, 100, 8, 21, 80, 93, 67, 66, 139, 138, 2, 74, 157, 12, 84, 33, 39, 111, 105, 13, 37, 109, 85, 19, 91, 157, 155], [73.39750856486756, 28.414084359049234], [18, 31]))
    (6, ([150, 41, 55, 127, 113, 50, 122, 60, 132, 1, 18, 73, 90, 30, 102, 15, 43, 87, 115, 40, 112, 157, 156], [84.29724225337763], [22])))

T best obj: 769.1065128285541
T best iteration: 5883
T total iterations: 30000
T best time [s]: 6.188
T total time [s]: 23.3010
