EADARP version 585c-dirty
ARGS: --ifile=EADARP/instances/l1/a7-84.txt --infeasible_arcs=EADARP/infeasible_arcs --gamma=0.7 --only_single_s_visits=false --odir=EADARP/prunedArcs/a7-84 --oname=run18
Settings:
--alns_gamma=0.025
--alns_segment_size=100
--alns_sigma1=10
--alns_sigma2=9
--alns_sigma3=3
--at_most_one_s=false
--gamma=0.7
--ifile=EADARP/instances/l1/a7-84.txt
--infeasible_arcs=EADARP/infeasible_arcs
--insert_charging_otf=true
--insert_cost_noise=0.014
--lns_init_temp_factor=0.0
--lns_temp_dec_factor=0.99
--mh_checkit=false
--mh_lfreq=0
--mh_lnewinc=true
--mh_tciter=-1
--mh_tctime=-1.0
--mh_titer=30000
--mh_tobj=-1.0
--mh_ttime=-1.0
--odir=EADARP/prunedArcs/a7-84
--oname=run18
--only_single_s_visits=false
--repair_max_routes=0
--seed=813045928
--use_milp_in_otf=0
--xcheck_isfeasible=false

EADARPInstance(EADARP/instances/l1/a7-84.txt, n=84, n_K=7, S=[185, 186, 187], Q=14.85, n_F=7, γ=0.7, T_plan=720.0, F=[178, 179, 180, 181, 182, 183, 184])

T preprocessing time [s]: 3.11994
I       iter             best          obj_old          obj_new        time              method info
I          1     100005.00000     100084.00000     100005.00000      0.2737                 con 
I         23     100004.00000     100005.00000     100004.00000      1.0052        drrr_15+rroi 
I         32     100003.00000     100004.00000     100003.00000      1.1587        drrr_15+rroi 
I         34     100002.00000     100003.00000     100002.00000      1.2059        drrr_15+rrri 
I         43     100001.00000     100002.00000     100001.00000      1.3744        drrr_15+rrri 
I         69       1090.21958     100001.00000       1090.21958      1.8434        drrr_15+rrri 
I         70       1088.36272       1090.21958       1088.36272      1.8674         drrr_15+rrg 
I         71       1087.56952       1088.36272       1087.56952      1.8956        drrr_15+rroi 
I         78       1082.73524       1087.56952       1082.73524      1.9483        drrr_15+rroi 
I         79       1081.20922       1082.73524       1081.20922      1.9571        drrr_15+rroi 
I         83       1080.04047       1081.20922       1080.04047      1.9733        drrr_15+rrri 
I         86       1079.49472       1080.04047       1079.49472      1.9906        drrr_15+rroi 
I         89       1076.98273       1079.49472       1076.98273      2.0298         drrr_15+rrg 
I        104       1071.39460       1076.98273       1071.39460      2.1188        drrr_15+rrri 
I        113       1071.21119       1071.39460       1071.21119      2.2441         drrr_15+rrg 
I        118       1068.94213       1071.21119       1068.94213      2.2603        drrr_15+rrri 
I        122       1068.70255       1068.94213       1068.70255      2.2857         drrr_15+rrg 
I        146       1066.14716       1068.70255       1066.14716      2.3977        drrr_15+rrri 
I        159       1064.24009       1066.14716       1064.24009      2.4338        drrr_15+rrri 
I        165       1058.10935       1064.24009       1058.10935      2.4671         drrr_15+rrg 
I        170       1049.80576       1058.10935       1049.80576      2.4874        drrr_15+rrri 
I        171       1044.99144       1049.80576       1044.99144      2.4889        drrr_15+rroi 
I        172       1043.74588       1044.99144       1043.74588      2.4993         drrr_15+rrg 
I        173       1040.97580       1043.74588       1040.97580      2.5172        drrr_15+rrri 
I        175       1039.74212       1040.97580       1039.74212      2.5345        drrr_15+rrri 
I        176       1034.71093       1039.74212       1034.71093      2.5410        drrr_15+rroi 
I        177       1033.34823       1034.71093       1033.34823      2.5554        drrr_15+rroi 
I        178       1024.90988       1033.34823       1024.90988      2.5822         drrr_15+rrg 
I        219       1024.68030       1024.90988       1024.68030      2.8179         drrr_15+rrg 
I        228       1022.66671       1024.68030       1022.66671      2.8802        drrr_15+rrri 
I        618       1021.45030       1022.66671       1021.45030      3.4844        drrr_15+rroi 
I        658       1021.45030       1021.45030       1021.45030      3.5267        drrr_15+rroi 
I      30000       1021.45030       1021.45030     100001.00000     11.8093         drrr_15+rrg 

Method statistics
S  method    iter  succ  succ-rate%  tot-obj-gain  avg-obj-gain  rel-succ%  net-time  net-time%  brut-time  brut-time%
S  con          1     1   100.00000     -79.00000     -79.00000    1.58730   0.27365    2.31726    0.27365     2.31726
S  drrr_15  29999    31     0.10334  -98983.54970      -3.29956   49.20635   0.37883    3.20789    0.37883     3.20789
S  rrg       9970     8     0.08024     -20.83606      -0.00209   12.69841   4.99462   42.29377    4.99462    42.29377
S  rroi      9981    11     0.11021     -22.12387      -0.00222   17.46032   2.34931   19.89366    2.34931    19.89366
S  rrri     10048    12     0.11943  -98940.58976      -9.84679   19.04762   3.76240   31.85947    3.76240    31.85947
S  SUM/AVG  59999    63     0.10500 -198046.09941      -3.30082   20.00000  11.75881   99.57204   11.75881    99.57204

T best solution: EADARPSolution(t_routing=1260.598, t_excess=304.006, obj_val=1021.45, obj_val_valid=true,
    unserved_requests=Int64[], F_visited=[178, 180, 179, 181, 182, 184, 183], S_visited=Int64[],
    (1, ([171, 54, 8, 138, 92, 30, 69, 153, 114, 26, 110, 29, 113, 186, 2, 86, 3, 87, 19, 103, 21, 105, 34, 118, 185, 178], [56.26113634705451, 21.8560096367856], [14, 25]))
    (2, ([172, 65, 149, 76, 38, 122, 160, 55, 139, 43, 127, 14, 62, 98, 146, 42, 126, 185, 179], [62.53240435762675], [18]))
    (3, ([173, 7, 58, 91, 47, 142, 131, 31, 115, 81, 165, 16, 100, 52, 136, 48, 132, 23, 82, 107, 63, 166, 147, 71, 5, 89, 155, 185, 180], [109.92983167692799], [28]))
    (4, ([174, 35, 119, 68, 83, 167, 152, 28, 50, 134, 112, 9, 93, 27, 6, 90, 111, 72, 74, 156, 158, 187, 64, 148, 181], [69.24687198725088], [22]))
    (5, ([175, 24, 108, 15, 99, 40, 124, 78, 162, 10, 94, 187, 70, 154, 56, 73, 140, 157, 185, 33, 80, 117, 164, 20, 51, 104, 135, 185, 182], [81.73599232282831, 8.466448146925625, 37.22296279472721], [12, 19, 28]))
    (6, ([176, 84, 168, 18, 102, 46, 130, 61, 145, 13, 97, 11, 95, 66, 45, 36, 129, 150, 120, 186, 77, 1, 85, 32, 161, 116, 67, 151, 22, 37, 106, 121, 183], [137.45921692403076], [20]))
    (7, ([177, 44, 128, 49, 79, 133, 60, 12, 163, 144, 96, 17, 101, 57, 141, 25, 39, 109, 123, 59, 53, 137, 143, 41, 125, 75, 159, 4, 88, 185, 184], [108.8875344372039], [30])))

T best obj: 1021.4502971472449
T best iteration: 658
T total iterations: 30000
T best time [s]: 3.527
T total time [s]: 11.8093
