EADARP version 585c-dirty
ARGS: --ifile=EADARP/instances/l1/a7-84.txt --infeasible_arcs=EADARP/infeasible_arcs --gamma=0.7 --only_single_s_visits=false --odir=EADARP/prunedArcs/a7-84 --oname=run22
Settings:
--alns_gamma=0.025
--alns_segment_size=100
--alns_sigma1=10
--alns_sigma2=9
--alns_sigma3=3
--at_most_one_s=false
--gamma=0.7
--ifile=EADARP/instances/l1/a7-84.txt
--infeasible_arcs=EADARP/infeasible_arcs
--insert_charging_otf=true
--insert_cost_noise=0.014
--lns_init_temp_factor=0.0
--lns_temp_dec_factor=0.99
--mh_checkit=false
--mh_lfreq=0
--mh_lnewinc=true
--mh_tciter=-1
--mh_tctime=-1.0
--mh_titer=30000
--mh_tobj=-1.0
--mh_ttime=-1.0
--odir=EADARP/prunedArcs/a7-84
--oname=run22
--only_single_s_visits=false
--repair_max_routes=0
--seed=1520431863
--use_milp_in_otf=0
--xcheck_isfeasible=false

EADARPInstance(EADARP/instances/l1/a7-84.txt, n=84, n_K=7, S=[185, 186, 187], Q=14.85, n_F=7, γ=0.7, T_plan=720.0, F=[178, 179, 180, 181, 182, 183, 184])

T preprocessing time [s]: 3.06366
I       iter             best          obj_old          obj_new        time              method info
I          1     100011.00000     100084.00000     100011.00000      0.2214                 con 
I          3     100009.00000     100011.00000     100009.00000      0.3349        drrr_15+rroi 
I          4     100008.00000     100009.00000     100008.00000      0.3910        drrr_15+rrri 
I          5     100007.00000     100008.00000     100007.00000      0.4931         drrr_15+rrg 
I         22     100006.00000     100007.00000     100006.00000      1.1214         drrr_15+rrg 
I         24     100005.00000     100006.00000     100005.00000      1.1435        drrr_15+rrri 
I         27     100004.00000     100005.00000     100004.00000      1.2111         drrr_15+rrg 
I         33     100003.00000     100004.00000     100003.00000      1.3148        drrr_15+rroi 
I         49     100002.00000     100003.00000     100002.00000      1.5656         drrr_15+rrg 
I        223     100001.00000     100002.00000     100001.00000      2.7710        drrr_15+rroi 
I        296       1074.69503     100001.00000       1074.69503      3.2119        drrr_15+rroi 
I        298       1073.10999       1074.69503       1073.10999      3.2222         drrr_15+rrg 
I        299       1071.66634       1073.10999       1071.66634      3.2420         drrr_15+rrg 
I        305       1070.60282       1071.66634       1070.60282      3.2856        drrr_15+rrri 
I        306       1070.46810       1070.60282       1070.46810      3.3004        drrr_15+rroi 
I        308       1070.30372       1070.46810       1070.30372      3.3124        drrr_15+rrri 
I        330       1070.19202       1070.30372       1070.19202      3.4141        drrr_15+rrri 
I        362       1069.84646       1070.19202       1069.84646      3.5015         drrr_15+rrg 
I        374       1068.95150       1069.84646       1068.95150      3.5169        drrr_15+rrri 
I        377       1068.62397       1068.95150       1068.62397      3.5213        drrr_15+rrri 
I        387       1068.46073       1068.62397       1068.46073      3.5330         drrr_15+rrg 
I        419       1068.37642       1068.46073       1068.37642      3.6038        drrr_15+rrri 
I        452       1068.21318       1068.37642       1068.21318      3.6661        drrr_15+rrri 
I        610       1065.74103       1068.21318       1065.74103      3.9082         drrr_15+rrg 
I        615       1065.39546       1065.74103       1065.39546      3.9092        drrr_15+rrri 
I        616       1063.25942       1065.39546       1063.25942      3.9095         drrr_15+rrg 
I        756       1062.99538       1063.25942       1062.99538      4.0176        drrr_15+rroi 
I       1328       1062.76960       1062.99538       1062.76960      4.4042        drrr_15+rrri 
I       1380       1062.48446       1062.76960       1062.48446      4.4758        drrr_15+rroi 
I       1614       1060.72288       1062.48446       1060.72288      4.7183        drrr_15+rrri 
I       1619       1060.45884       1060.72288       1060.45884      4.7595        drrr_15+rroi 
I       1644       1054.03435       1060.45884       1054.03435      4.8014         drrr_15+rrg 
I       1671       1053.68406       1054.03435       1053.68406      4.8503         drrr_15+rrg 
I       2859       1041.72921       1053.68406       1041.72921      5.4280         drrr_15+rrg 
I       2887       1040.32337       1041.72921       1040.32337      5.4500         drrr_15+rrg 
I       3268       1038.81185       1040.32337       1038.81185      5.7735         drrr_15+rrg 
I       3592       1036.36537       1038.81185       1036.36537      5.9633         drrr_15+rrg 
I       3595       1032.62063       1036.36537       1032.62063      5.9702        drrr_15+rroi 
I       3598       1031.38695       1032.62063       1031.38695      6.0072         drrr_15+rrg 
I       3607       1030.89619       1031.38695       1030.89619      6.0266        drrr_15+rroi 
I       3653       1030.47207       1030.89619       1030.47207      6.0529        drrr_15+rroi 
I       5566       1024.67968       1030.47207       1024.67968      6.8928        drrr_15+rrri 
I       5574       1024.49237       1024.67968       1024.49237      6.9218        drrr_15+rrri 
I       5586       1024.10312       1024.49237       1024.10312      6.9291         drrr_15+rrg 
I      30000       1024.10312       1024.10312       1024.10312     13.4923        drrr_15+rroi 

Method statistics
S  method    iter  succ  succ-rate%  tot-obj-gain  avg-obj-gain  rel-succ%  net-time  net-time%  brut-time  brut-time%
S  con          1     1   100.00000     -73.00000     -73.00000    1.14943   0.22142    1.64105    0.22142     1.64105
S  drrr_15  29999    43     0.14334  -98986.89688      -3.29967   49.42529   0.38759    2.87269    0.38759     2.87269
S  rrg       9897    18     0.18187     -37.86208      -0.00383   20.68966   5.19553   38.50717    5.19553    38.50717
S  rroi     10128    11     0.10861  -98935.91254      -9.76855   12.64368   2.83278   20.99547    2.83278    20.99547
S  rrri      9974    14     0.14036     -13.12226      -0.00132   16.09195   4.76931   35.34825    4.76931    35.34825
S  SUM/AVG  59999    87     0.14500 -198046.79377      -3.30083   20.00000  13.40664   99.36463   13.40664    99.36463

T best solution: EADARPSolution(t_routing=1264.224, t_excess=303.741, obj_val=1024.103, obj_val_valid=true,
    unserved_requests=Int64[], F_visited=[181, 178, 183, 179, 180, 184, 182], S_visited=Int64[],
    (1, ([171, 25, 39, 109, 123, 61, 145, 30, 114, 26, 110, 14, 98, 187, 73, 157, 21, 67, 105, 151, 22, 37, 106, 121, 185, 178], [107.2777487997364, 18.580221956656924], [14, 25]))
    (2, ([172, 49, 79, 133, 60, 12, 163, 144, 96, 55, 139, 81, 165, 16, 100, 52, 136, 48, 10, 132, 94, 53, 137, 23, 82, 107, 63, 166, 147, 71, 5, 89, 155, 185, 179], [156.13127666981387], [34]))
    (3, ([173, 54, 8, 138, 92, 24, 108, 15, 99, 13, 43, 97, 127, 78, 162, 186, 75, 159, 2, 86, 77, 1, 85, 32, 161, 116, 33, 80, 117, 164, 34, 118, 185, 180], [95.47001646949424, 38.660587420665365], [16, 33]))
    (4, ([174, 44, 128, 7, 38, 122, 91, 17, 101, 57, 141, 45, 66, 36, 129, 150, 120, 42, 126, 29, 41, 125, 113, 4, 88, 185, 181], [74.24647682546276], [26]))
    (5, ([175, 35, 119, 76, 58, 160, 47, 142, 131, 31, 115, 84, 168, 18, 102, 70, 154, 185, 182], [18.183745982996253], [18]))
    (6, ([176, 65, 149, 46, 130, 69, 153, 40, 124, 27, 6, 90, 111, 62, 146, 187, 51, 20, 135, 104, 183], [81.8970721470923], [16]))
    (7, ([177, 68, 83, 167, 152, 28, 50, 134, 112, 9, 93, 11, 95, 185, 59, 143, 72, 74, 156, 158, 56, 140, 3, 87, 19, 103, 64, 148, 185, 184], [72.78890368988196, 33.98786891029056], [14, 29])))

T best obj: 1024.1031173918043
T best iteration: 5586
T total iterations: 30000
T best time [s]: 6.929
T total time [s]: 13.4924
