EADARP version 585c-dirty
ARGS: --ifile=EADARP/instances/l1/a7-84.txt --infeasible_arcs=EADARP/infeasible_arcs --gamma=0.7 --only_single_s_visits=false --odir=EADARP/prunedArcs/a7-84 --oname=run23
Settings:
--alns_gamma=0.025
--alns_segment_size=100
--alns_sigma1=10
--alns_sigma2=9
--alns_sigma3=3
--at_most_one_s=false
--gamma=0.7
--ifile=EADARP/instances/l1/a7-84.txt
--infeasible_arcs=EADARP/infeasible_arcs
--insert_charging_otf=true
--insert_cost_noise=0.014
--lns_init_temp_factor=0.0
--lns_temp_dec_factor=0.99
--mh_checkit=false
--mh_lfreq=0
--mh_lnewinc=true
--mh_tciter=-1
--mh_tctime=-1.0
--mh_titer=30000
--mh_tobj=-1.0
--mh_ttime=-1.0
--odir=EADARP/prunedArcs/a7-84
--oname=run23
--only_single_s_visits=false
--repair_max_routes=0
--seed=525115669
--use_milp_in_otf=0
--xcheck_isfeasible=false

EADARPInstance(EADARP/instances/l1/a7-84.txt, n=84, n_K=7, S=[185, 186, 187], Q=14.85, n_F=7, γ=0.7, T_plan=720.0, F=[178, 179, 180, 181, 182, 183, 184])

T preprocessing time [s]: 3.13306
I       iter             best          obj_old          obj_new        time              method info
I          1     100010.00000     100084.00000     100010.00000      0.2668                 con 
I          4     100008.00000     100010.00000     100008.00000      0.3996         drrr_15+rrg 
I          5     100006.00000     100008.00000     100006.00000      0.4341        drrr_15+rrri 
I         19     100005.00000     100006.00000     100005.00000      0.8198        drrr_15+rrri 
I         21     100003.00000     100005.00000     100003.00000      0.8843        drrr_15+rrri 
I         28     100002.00000     100003.00000     100002.00000      1.2142         drrr_15+rrg 
I         80     100001.00000     100002.00000     100001.00000      2.0076        drrr_15+rrri 
I        143       1110.97997     100001.00000       1110.97997      2.6319         drrr_15+rrg 
I        147       1109.03722       1110.97997       1109.03722      2.6528        drrr_15+rrri 
I        149       1107.62935       1109.03722       1107.62935      2.6669        drrr_15+rroi 
I        152       1103.03772       1107.62935       1103.03772      2.6889         drrr_15+rrg 
I        155       1091.56417       1103.03772       1091.56417      2.7109         drrr_15+rrg 
I        158       1089.43685       1091.56417       1089.43685      2.7452        drrr_15+rrri 
I        161       1089.30146       1089.43685       1089.30146      2.7520        drrr_15+rroi 
I        166       1088.60858       1089.30146       1088.60858      2.7954        drrr_15+rroi 
I        188       1088.04652       1088.60858       1088.04652      2.9099         drrr_15+rrg 
I        193       1087.59330       1088.04652       1087.59330      2.9227        drrr_15+rrri 
I        194       1086.22553       1087.59330       1086.22553      2.9281        drrr_15+rroi 
I        195       1086.01660       1086.22553       1086.01660      2.9329         drrr_15+rrg 
I        234       1084.52676       1086.01660       1084.52676      3.1007        drrr_15+rrri 
I        248       1083.61773       1084.52676       1083.61773      3.1520        drrr_15+rroi 
I        255       1083.45449       1083.61773       1083.45449      3.1549         drrr_15+rrg 
I        257       1081.59843       1083.45449       1081.59843      3.1577        drrr_15+rrri 
I        283       1081.43519       1081.59843       1081.43519      3.2258         drrr_15+rrg 
I        363       1079.14005       1081.43519       1079.14005      3.3617         drrr_15+rrg 
I        373       1063.79856       1079.14005       1063.79856      3.4144        drrr_15+rroi 
I        380       1062.71194       1063.79856       1062.71194      3.4569        drrr_15+rrri 
I        418       1062.57783       1062.71194       1062.57783      3.5415        drrr_15+rrri 
I        671       1061.31811       1062.57783       1061.31811      3.8324        drrr_15+rroi 
I        673       1059.87317       1061.31811       1059.87317      3.8328        drrr_15+rroi 
I        677       1059.60050       1059.87317       1059.60050      3.8512        drrr_15+rrri 
I        678       1057.99374       1059.60050       1057.99374      3.8537         drrr_15+rrg 
I        679       1057.83050       1057.99374       1057.83050      3.8564        drrr_15+rrri 
I        683       1056.46570       1057.83050       1056.46570      3.8574        drrr_15+rroi 
I        685       1056.42263       1056.46570       1056.42263      3.8590        drrr_15+rrri 
I        799       1055.65919       1056.42263       1055.65919      4.0036        drrr_15+rroi 
I        807       1052.65882       1055.65919       1052.65882      4.0051        drrr_15+rroi 
I        808       1050.55521       1052.65882       1050.55521      4.0052        drrr_15+rroi 
I        812       1044.16297       1050.55521       1044.16297      4.0152        drrr_15+rroi 
I        813       1041.14324       1044.16297       1041.14324      4.0154        drrr_15+rrri 
I        835       1041.10016       1041.14324       1041.10016      4.0508        drrr_15+rroi 
I        875       1038.18454       1041.10016       1038.18454      4.1223        drrr_15+rrri 
I        878       1038.09831       1038.18454       1038.09831      4.1261        drrr_15+rrri 
I        911       1038.06854       1038.09831       1038.06854      4.1984        drrr_15+rroi 
I        915       1036.60485       1038.06854       1036.60485      4.1993         drrr_15+rrg 
I        916       1034.40144       1036.60485       1034.40144      4.1994        drrr_15+rrri 
I       1157       1031.37381       1034.40144       1031.37381      4.4524         drrr_15+rrg 
I       1170       1031.10388       1031.37381       1031.10388      4.5003        drrr_15+rroi 
I       1208       1026.43870       1031.10388       1026.43870      4.6020        drrr_15+rrri 
I       1483       1022.02102       1026.43870       1022.02102      4.8720        drrr_15+rroi 
I      10795       1021.20774       1022.02102       1021.20774      8.0463        drrr_15+rroi 
I      10796       1021.04450       1021.20774       1021.04450      8.0465        drrr_15+rroi 
I      10802       1018.42885       1021.04450       1018.42885      8.0477        drrr_15+rroi 
I      10816       1016.97479       1018.42885       1016.97479      8.1306         drrr_15+rrg 
I      10832       1016.55643       1016.97479       1016.55643      8.1443        drrr_15+rroi 
I      10838       1016.51335       1016.55643       1016.51335      8.1457         drrr_15+rrg 
I      10917       1016.06835       1016.51335       1016.06835      8.1962        drrr_15+rroi 
I      30000       1016.06835       1016.06835       1016.57286     13.1614        drrr_15+rrri 

Method statistics
S  method    iter  succ  succ-rate%  tot-obj-gain  avg-obj-gain  rel-succ%  net-time  net-time%  brut-time  brut-time%
S  con          1     1   100.00000     -74.00000     -74.00000    0.88496   0.26680    2.02712    0.26680     2.02712
S  drrr_15  29999    56     0.18667  -98993.93165      -3.29991   49.55752   0.37488    2.84830    0.37488     2.84830
S  rrg       9991    15     0.15014  -98920.07304      -9.90092   13.27434   5.01631   38.11370    5.01631    38.11370
S  rroi      9978    22     0.22049     -45.39953      -0.00455   19.46903   3.21309   24.41292    3.21309    24.41292
S  rrri     10030    19     0.18943     -28.45909      -0.00284   16.81416   4.21707   32.04112    4.21707    32.04112
S  SUM/AVG  59999   113     0.18834 -198061.86331      -3.30109   20.00000  13.08815   99.44316   13.08815    99.44316

T best solution: EADARPSolution(t_routing=1262.823, t_excess=275.804, obj_val=1016.068, obj_val_valid=true,
    unserved_requests=Int64[], F_visited=[180, 178, 181, 184, 183, 182, 179], S_visited=Int64[],
    (1, ([171, 44, 128, 49, 79, 133, 60, 12, 163, 144, 96, 17, 101, 57, 141, 45, 36, 129, 120, 42, 126, 29, 41, 125, 113, 4, 88, 185, 178], [104.95790526964569], [28]))
    (2, ([172, 65, 149, 40, 124, 43, 127, 14, 62, 98, 146, 10, 94, 59, 143, 23, 82, 107, 166, 187, 64, 148, 20, 104, 179], [125.28008361108057], [20]))
    (3, ([173, 35, 119, 7, 38, 122, 91, 54, 8, 138, 92, 28, 50, 134, 112, 9, 93, 27, 6, 90, 111, 66, 150, 78, 162, 185, 51, 135, 34, 118, 180], [113.95519295984919], [26]))
    (4, ([174, 76, 58, 160, 47, 142, 131, 31, 115, 81, 165, 16, 100, 52, 136, 48, 132, 53, 137, 75, 159, 63, 147, 70, 154, 56, 73, 140, 157, 185, 181], [148.98114918158706], [30]))
    (5, ([175, 68, 83, 167, 24, 152, 108, 15, 30, 99, 114, 26, 110, 74, 158, 187, 21, 67, 105, 151, 22, 37, 106, 121, 185, 182], [67.41171516876756, 9.095733675409765], [16, 25]))
    (6, ([176, 55, 139, 84, 168, 18, 102, 46, 130, 61, 145, 13, 97, 11, 95, 77, 1, 85, 32, 161, 116, 185, 183], [55.754372701466934], [22]))
    (7, ([177, 25, 39, 109, 123, 69, 153, 72, 156, 71, 5, 89, 155, 2, 86, 3, 87, 19, 103, 33, 80, 117, 164, 185, 184], [70.38711407574404], [24])))

T best obj: 1016.0683465247439
T best iteration: 10917
T total iterations: 30000
T best time [s]: 8.196
T total time [s]: 13.1614
