EADARP version 585c-dirty
ARGS: --ifile=EADARP/instances/l1/a7-84.txt --infeasible_arcs=EADARP/infeasible_arcs --gamma=0.7 --only_single_s_visits=false --odir=EADARP/prunedArcs/a7-84 --oname=run6
Settings:
--alns_gamma=0.025
--alns_segment_size=100
--alns_sigma1=10
--alns_sigma2=9
--alns_sigma3=3
--at_most_one_s=false
--gamma=0.7
--ifile=EADARP/instances/l1/a7-84.txt
--infeasible_arcs=EADARP/infeasible_arcs
--insert_charging_otf=true
--insert_cost_noise=0.014
--lns_init_temp_factor=0.0
--lns_temp_dec_factor=0.99
--mh_checkit=false
--mh_lfreq=0
--mh_lnewinc=true
--mh_tciter=-1
--mh_tctime=-1.0
--mh_titer=30000
--mh_tobj=-1.0
--mh_ttime=-1.0
--odir=EADARP/prunedArcs/a7-84
--oname=run6
--only_single_s_visits=false
--repair_max_routes=0
--seed=1672294915
--use_milp_in_otf=0
--xcheck_isfeasible=false

EADARPInstance(EADARP/instances/l1/a7-84.txt, n=84, n_K=7, S=[185, 186, 187], Q=14.85, n_F=7, γ=0.7, T_plan=720.0, F=[178, 179, 180, 181, 182, 183, 184])

T preprocessing time [s]: 3.05995
I       iter             best          obj_old          obj_new        time              method info
I          1     100008.00000     100084.00000     100008.00000      0.2781                 con 
I          2     100007.00000     100008.00000     100007.00000      0.3508        drrr_15+rrri 
I          6     100006.00000     100007.00000     100006.00000      0.6034        drrr_15+rroi 
I         13     100003.00000     100006.00000     100003.00000      0.7829        drrr_15+rrri 
I         15     100002.00000     100003.00000     100002.00000      0.8352        drrr_15+rrri 
I         67     100001.00000     100002.00000     100001.00000      1.8479        drrr_15+rroi 
I        112       1107.76673     100001.00000       1107.76673      2.3008        drrr_15+rrri 
I        114       1105.71583       1107.76673       1105.71583      2.3183        drrr_15+rroi 
I        117       1100.19130       1105.71583       1100.19130      2.3272        drrr_15+rroi 
I        120       1088.43796       1100.19130       1088.43796      2.3517        drrr_15+rrri 
I        125       1085.07628       1088.43796       1085.07628      2.4174        drrr_15+rroi 
I        126       1080.61169       1085.07628       1080.61169      2.4215         drrr_15+rrg 
I        132       1076.47660       1080.61169       1076.47660      2.4912        drrr_15+rroi 
I        136       1072.04585       1076.47660       1072.04585      2.5149         drrr_15+rrg 
I        145       1071.88261       1072.04585       1071.88261      2.5359        drrr_15+rroi 
I        168       1070.87602       1071.88261       1070.87602      2.6214        drrr_15+rroi 
I        300       1070.28140       1070.87602       1070.28140      2.9775         drrr_15+rrg 
I        305       1068.50570       1070.28140       1068.50570      3.0177         drrr_15+rrg 
I        306       1066.04452       1068.50570       1066.04452      3.0179        drrr_15+rroi 
I        314       1065.45006       1066.04452       1065.45006      3.0705        drrr_15+rroi 
I        383       1065.16385       1065.45006       1065.16385      3.1920        drrr_15+rroi 
I        392       1063.93371       1065.16385       1063.93371      3.2144         drrr_15+rrg 
I        394       1056.90951       1063.93371       1056.90951      3.2186        drrr_15+rrri 
I        400       1055.54347       1056.90951       1055.54347      3.2385         drrr_15+rrg 
I        408       1052.57321       1055.54347       1052.57321      3.2733         drrr_15+rrg 
I        409       1045.17152       1052.57321       1045.17152      3.2735        drrr_15+rrri 
I        429       1042.13922       1045.17152       1042.13922      3.3210        drrr_15+rroi 
I        430       1040.19913       1042.13922       1040.19913      3.3213         drrr_15+rrg 
I        442       1030.96753       1040.19913       1030.96753      3.3481        drrr_15+rroi 
I        452       1029.98978       1030.96753       1029.98978      3.3574        drrr_15+rrri 
I        454       1025.69944       1029.98978       1025.69944      3.3611        drrr_15+rroi 
I        460       1023.64080       1025.69944       1023.64080      3.3763        drrr_15+rroi 
I        479       1023.47755       1023.64080       1023.47755      3.4266        drrr_15+rroi 
I        848       1022.30333       1023.47755       1022.30333      3.6852        drrr_15+rroi 
I        854       1020.41556       1022.30333       1020.41556      3.6902        drrr_15+rrri 
I        886       1020.25232       1020.41556       1020.25232      3.7144        drrr_15+rroi 
I        956       1018.19509       1020.25232       1018.19509      3.7719         drrr_15+rrg 
I        960       1017.70433       1018.19509       1017.70433      3.7740        drrr_15+rroi 
I        983       1016.70603       1017.70433       1016.70603      3.8034         drrr_15+rrg 
I      12147       1015.19290       1016.70603       1015.19290      7.5649        drrr_15+rroi 
I      30000       1015.19290       1015.19290     100001.00000     11.8250        drrr_15+rrri 

Method statistics
S  method    iter  succ  succ-rate%  tot-obj-gain  avg-obj-gain  rel-succ%  net-time  net-time%  brut-time  brut-time%
S  con          1     1   100.00000     -76.00000     -76.00000    1.26582   0.27804    2.35133    0.27804     2.35133
S  drrr_15  29999    39     0.13000  -98992.80710      -3.29987   49.36709   0.36509    3.08747    0.36509     3.08747
S  rrg       9953    10     0.10047     -21.82771      -0.00219   12.65823   4.77671   40.39494    4.77671    40.39494
S  rroi      9963    20     0.20074     -43.70137      -0.00439   25.31646   2.58545   21.86425    2.58545    21.86425
S  rrri     10083     9     0.08926  -98927.27802      -9.81129   11.39241   3.75227   31.73159    3.75227    31.73159
S  SUM/AVG  59999    79     0.13167 -198061.61421      -3.30108   20.00000  11.75758   99.42958   11.75758    99.42958

T best solution: EADARPSolution(t_routing=1245.465, t_excess=324.375, obj_val=1015.193, obj_val_valid=true,
    unserved_requests=Int64[], F_visited=[182, 178, 183, 181, 184, 179, 180], S_visited=Int64[],
    (1, ([171, 35, 119, 76, 17, 160, 101, 57, 141, 83, 167, 54, 8, 138, 92, 30, 114, 66, 45, 36, 129, 150, 120, 42, 126, 29, 113, 72, 74, 156, 158, 185, 178], [124.56896117805016], [32]))
    (2, ([172, 58, 47, 142, 131, 31, 115, 81, 165, 16, 68, 100, 152, 15, 99, 4, 88, 77, 32, 161, 116, 185, 179], [74.14928051361709], [22]))
    (3, ([173, 24, 108, 28, 50, 134, 112, 11, 9, 93, 43, 95, 127, 78, 162, 75, 159, 185, 2, 86, 1, 85, 33, 80, 117, 164, 20, 51, 104, 135, 185, 180], [70.29535030885455, 6.535333117742754], [18, 31]))
    (4, ([174, 25, 39, 109, 123, 40, 61, 124, 145, 14, 62, 98, 146, 187, 70, 154, 73, 157, 67, 151, 22, 64, 106, 148, 185, 181], [113.71911959304536, 20.725023844972736], [14, 25]))
    (5, ([175, 84, 168, 18, 102, 46, 130, 69, 26, 153, 110, 6, 90, 185, 56, 140, 3, 87, 19, 103, 21, 105, 37, 121, 185, 182], [83.56720248434442, 9.528747989015265], [14, 25]))
    (6, ([176, 65, 149, 44, 128, 7, 38, 122, 91, 13, 97, 27, 111, 59, 143, 41, 125, 186, 34, 118, 183], [68.31051505917166], [18]))
    (7, ([177, 49, 79, 133, 60, 12, 163, 144, 96, 55, 139, 52, 136, 48, 10, 132, 94, 53, 137, 23, 82, 107, 63, 166, 147, 71, 5, 89, 155, 185, 184], [107.06595049759501], [30])))

T best obj: 1015.1928969169333
T best iteration: 12147
T total iterations: 30000
T best time [s]: 7.565
T total time [s]: 11.8250
