EADARP version 585c-dirty
ARGS: --ifile=EADARP/instances/l1/a7-84.txt --infeasible_arcs=EADARP/infeasible_arcs --gamma=0.7 --only_single_s_visits=false --odir=EADARP/prunedArcs/a7-84 --oname=run9
Settings:
--alns_gamma=0.025
--alns_segment_size=100
--alns_sigma1=10
--alns_sigma2=9
--alns_sigma3=3
--at_most_one_s=false
--gamma=0.7
--ifile=EADARP/instances/l1/a7-84.txt
--infeasible_arcs=EADARP/infeasible_arcs
--insert_charging_otf=true
--insert_cost_noise=0.014
--lns_init_temp_factor=0.0
--lns_temp_dec_factor=0.99
--mh_checkit=false
--mh_lfreq=0
--mh_lnewinc=true
--mh_tciter=-1
--mh_tctime=-1.0
--mh_titer=30000
--mh_tobj=-1.0
--mh_ttime=-1.0
--odir=EADARP/prunedArcs/a7-84
--oname=run9
--only_single_s_visits=false
--repair_max_routes=0
--seed=878235378
--use_milp_in_otf=0
--xcheck_isfeasible=false

EADARPInstance(EADARP/instances/l1/a7-84.txt, n=84, n_K=7, S=[185, 186, 187], Q=14.85, n_F=7, γ=0.7, T_plan=720.0, F=[178, 179, 180, 181, 182, 183, 184])

T preprocessing time [s]: 3.02207
I       iter             best          obj_old          obj_new        time              method info
I          1     100007.00000     100084.00000     100007.00000      0.2608                 con 
I          2     100006.00000     100007.00000     100006.00000      0.3421        drrr_15+rrri 
I          5     100005.00000     100006.00000     100005.00000      0.4725        drrr_15+rroi 
I         13     100004.00000     100005.00000     100004.00000      0.7775         drrr_15+rrg 
I         17     100002.00000     100004.00000     100002.00000      0.9222         drrr_15+rrg 
I         38     100001.00000     100002.00000     100001.00000      1.3728        drrr_15+rroi 
I        194       1101.26792     100001.00000       1101.26792      2.7450        drrr_15+rroi 
I        199       1092.34397       1101.26792       1092.34397      2.7580        drrr_15+rroi 
I        200       1086.24549       1092.34397       1086.24549      2.7714        drrr_15+rrri 
I        205       1083.29286       1086.24549       1083.29286      2.7923        drrr_15+rroi 
I        220       1083.12962       1083.29286       1083.12962      2.8240        drrr_15+rroi 
I        221       1082.90758       1083.12962       1082.90758      2.8242        drrr_15+rroi 
I        283       1079.06239       1082.90758       1079.06239      2.9932         drrr_15+rrg 
I        339       1071.59637       1079.06239       1071.59637      3.0835        drrr_15+rrri 
I        537       1071.04312       1071.59637       1071.04312      3.4002        drrr_15+rrri 
I        539       1065.16443       1071.04312       1065.16443      3.4006        drrr_15+rrri 
I        540       1062.75635       1065.16443       1062.75635      3.4007        drrr_15+rrri 
I        544       1062.75635       1062.75635       1062.75635      3.4068        drrr_15+rrri 
I        563       1060.80142       1062.75635       1060.80142      3.4536        drrr_15+rroi 
I        588       1058.88670       1060.80142       1058.88670      3.5614        drrr_15+rrri 
I        592       1058.84363       1058.88670       1058.84363      3.5653        drrr_15+rroi 
I        635       1058.80499       1058.84363       1058.80499      3.6558        drrr_15+rrri 
I        674       1058.76192       1058.80499       1058.76192      3.7029         drrr_15+rrg 
I        702       1054.09387       1058.76192       1054.09387      3.7722        drrr_15+rroi 
I        703       1054.05079       1054.09387       1054.05079      3.7724        drrr_15+rroi 
I        705       1053.88755       1054.05079       1053.88755      3.7740        drrr_15+rrri 
I        733       1052.43718       1053.88755       1052.43718      3.8296        drrr_15+rrri 
I        734       1052.04665       1052.43718       1052.04665      3.8360        drrr_15+rroi 
I        746       1051.83571       1052.04665       1051.83571      3.8814        drrr_15+rroi 
I        759       1049.35962       1051.83571       1049.35962      3.9141        drrr_15+rrri 
I        793       1048.93741       1049.35962       1048.93741      4.0052         drrr_15+rrg 
I        991       1040.65147       1048.93741       1040.65147      4.2070        drrr_15+rroi 
I       1010       1040.01758       1040.65147       1040.01758      4.2287        drrr_15+rrri 
I       1019       1039.01932       1040.01758       1039.01932      4.2659         drrr_15+rrg 
I       1020       1037.97753       1039.01932       1037.97753      4.2712        drrr_15+rroi 
I       1022       1037.97753       1037.97753       1037.97753      4.2804         drrr_15+rrg 
I       1042       1037.81429       1037.97753       1037.81429      4.3431         drrr_15+rrg 
I       1073       1029.29362       1037.81429       1029.29362      4.4380         drrr_15+rrg 
I       1081       1029.13038       1029.29362       1029.13038      4.4531         drrr_15+rrg 
I       1088       1027.94804       1029.13038       1027.94804      4.4682         drrr_15+rrg 
I       1167       1027.84978       1027.94804       1027.84978      4.5657        drrr_15+rrri 
I       1205       1025.19553       1027.84978       1025.19553      4.5913        drrr_15+rrri 
I       1209       1020.35147       1025.19553       1020.35147      4.6043        drrr_15+rroi 
I       1454       1018.96846       1020.35147       1018.96846      4.7973        drrr_15+rroi 
I       1455       1012.53152       1018.96846       1012.53152      4.7974        drrr_15+rroi 
I       1481       1012.36242       1012.53152       1012.36242      4.8744        drrr_15+rroi 
I       1622       1010.74829       1012.36242       1010.74829      5.0425        drrr_15+rroi 
I      30000       1010.74829       1010.74829     100001.00000     12.8821         drrr_15+rrg 

Method statistics
S  method    iter  succ  succ-rate%  tot-obj-gain  avg-obj-gain  rel-succ%  net-time  net-time%  brut-time  brut-time%
S  con          1     1   100.00000     -77.00000     -77.00000    1.07527   0.26080    2.02453    0.26080     2.02453
S  drrr_15  29999    46     0.15334  -98996.25171      -3.29999   49.46237   0.36610    2.84195    0.36610     2.84195
S  rrg       9959    11     0.11045     -18.33822      -0.00184   11.82796   5.35757   41.58915    5.35757    41.58915
S  rroi     10076    20     0.19849  -98945.07952      -9.81988   21.50538   2.85491   22.16175    2.85491    22.16175
S  rrri      9964    15     0.15054     -32.83397      -0.00330   16.12903   3.97154   30.82983    3.97154    30.82983
S  SUM/AVG  59999    93     0.15500 -198069.50341      -3.30121   20.00000  12.81093   99.44720   12.81093    99.44720

T best solution: EADARPSolution(t_routing=1252.513, t_excess=285.455, obj_val=1010.748, obj_val_valid=true,
    unserved_requests=Int64[], F_visited=[183, 184, 181, 182, 178, 179, 180], S_visited=Int64[],
    (1, ([171, 76, 58, 160, 47, 142, 131, 31, 115, 81, 165, 16, 68, 100, 152, 41, 125, 23, 82, 107, 166, 71, 5, 89, 155, 2, 86, 185, 178], [102.04678044975608], [28]))
    (2, ([172, 55, 139, 84, 168, 18, 102, 46, 40, 130, 61, 124, 145, 11, 95, 77, 1, 85, 32, 161, 116, 21, 105, 185, 179], [85.11367682237999], [24]))
    (3, ([173, 52, 136, 8, 92, 187, 30, 114, 26, 110, 29, 113, 72, 74, 156, 158, 56, 140, 3, 87, 19, 103, 33, 80, 117, 164, 185, 180], [27.057002974725915, 79.62701270401806], [6, 27]))
    (4, ([174, 25, 39, 109, 123, 14, 62, 98, 146, 4, 88, 187, 73, 157, 67, 151, 22, 37, 106, 121, 185, 181], [22.007992682671258, 59.84670441862602], [12, 21]))
    (5, ([175, 44, 128, 49, 79, 133, 60, 12, 163, 144, 96, 17, 101, 57, 141, 45, 66, 36, 129, 150, 120, 42, 126, 63, 147, 70, 154, 185, 182], [87.49930630364112], [28]))
    (6, ([176, 65, 149, 7, 38, 122, 91, 54, 138, 15, 99, 69, 153, 13, 43, 97, 127, 78, 162, 10, 94, 59, 53, 143, 137, 75, 159, 187, 51, 135, 34, 118, 183], [127.69502807993823], [28]))
    (7, ([177, 35, 119, 83, 167, 24, 108, 28, 50, 134, 112, 9, 93, 27, 6, 90, 111, 48, 132, 187, 64, 148, 20, 104, 184], [94.61925901539827], [20])))

T best obj: 1010.7482936120499
T best iteration: 1622
T total iterations: 30000
T best time [s]: 5.043
T total time [s]: 12.8821
