EADARP version 585c-dirty
ARGS: --ifile=EADARP/instances/l1/a8-96.txt --infeasible_arcs=EADARP/infeasible_arcs --gamma=0.7 --only_single_s_visits=false --odir=EADARP/prunedArcs/a8-96 --oname=run17
Settings:
--alns_gamma=0.025
--alns_segment_size=100
--alns_sigma1=10
--alns_sigma2=9
--alns_sigma3=3
--at_most_one_s=false
--gamma=0.7
--ifile=EADARP/instances/l1/a8-96.txt
--infeasible_arcs=EADARP/infeasible_arcs
--insert_charging_otf=true
--insert_cost_noise=0.014
--lns_init_temp_factor=0.0
--lns_temp_dec_factor=0.99
--mh_checkit=false
--mh_lfreq=0
--mh_lnewinc=true
--mh_tciter=-1
--mh_tctime=-1.0
--mh_titer=30000
--mh_tobj=-1.0
--mh_ttime=-1.0
--odir=EADARP/prunedArcs/a8-96
--oname=run17
--only_single_s_visits=false
--repair_max_routes=0
--seed=1271115505
--use_milp_in_otf=0
--xcheck_isfeasible=false

EADARPInstance(EADARP/instances/l1/a8-96.txt, n=96, n_K=8, S=[211, 212, 213], Q=14.85, n_F=8, γ=0.7, T_plan=720.0, F=[203, 204, 205, 206, 207, 208, 209, 210])

T preprocessing time [s]: 3.95345
I       iter             best          obj_old          obj_new        time              method info
I          1     100017.00000     100096.00000     100017.00000      0.2879                 con 
I          2     100011.00000     100017.00000     100011.00000      0.4841         drrr_15+rrg 
I         10     100009.00000     100011.00000     100009.00000      0.8986         drrr_15+rrg 
I         13     100007.00000     100009.00000     100007.00000      1.0178        drrr_15+rrri 
I         15     100006.00000     100007.00000     100006.00000      1.1263        drrr_15+rroi 
I         18     100005.00000     100006.00000     100005.00000      1.1998        drrr_15+rrri 
I         60     100004.00000     100005.00000     100004.00000      2.0807        drrr_15+rrri 
I         92     100003.00000     100004.00000     100003.00000      2.8574        drrr_15+rrri 
I        274     100002.00000     100003.00000     100002.00000      4.8894        drrr_15+rrri 
I        770     100001.00000     100002.00000     100001.00000      8.3370         drrr_15+rrg 
I      30000     100001.00000     100001.00000     100001.00000     34.4854        drrr_15+rrri 

Method statistics
S  method    iter  succ  succ-rate%  tot-obj-gain  avg-obj-gain  rel-succ%  net-time  net-time%  brut-time  brut-time%
S  con          1     1   100.00000     -79.00000     -79.00000    5.26316   0.28790    0.83484    0.28790     0.83484
S  drrr_15  29999     9     0.03000     -16.00000      -0.00053   47.36842   0.72915    2.11437    0.72915     2.11437
S  rrg      10026     3     0.02992      -9.00000      -0.00090   15.78947  13.56365   39.33151   13.56365    39.33151
S  rroi     10042     1     0.00996      -1.00000      -0.00010    5.26316   9.36308   27.15080    9.36308    27.15080
S  rrri      9931     5     0.05035      -6.00000      -0.00060   26.31579  10.43796   30.26771   10.43796    30.26771
S  SUM/AVG  59999    19     0.03167    -111.00000      -0.00185   20.00000  34.38174   99.69924   34.38174    99.69924

T best solution: EADARPSolution(t_routing=-1.0, t_excess=-1.0, obj_val=100001.0, obj_val_valid=true,
    unserved_requests=[51], F_visited=[205, 206, 209, 203, 210, 208, 207, 204], S_visited=Int64[],
    (1, ([195, 71, 92, 188, 167, 36, 30, 126, 132, 93, 22, 189, 118, 54, 53, 149, 150, 212, 52, 43, 148, 139, 15, 111, 57, 72, 153, 168, 35, 131, 2, 98, 211, 203], [102.11766362036153, 43.032785928930686], [18, 33]))
    (2, ([196, 23, 119, 13, 109, 86, 182, 40, 136, 213, 64, 79, 160, 175, 213, 3, 99, 48, 37, 144, 133, 42, 138, 10, 88, 184, 106, 211, 204], [54.80089973352242, 35.368648806855646, 19.921436723166984], [10, 15, 28]))
    (3, ([197, 26, 122, 70, 74, 170, 166, 7, 34, 130, 103, 45, 29, 141, 125, 213, 95, 191, 211, 94, 190, 9, 105, 56, 83, 152, 179, 78, 174, 211, 205], [82.98134489999416, 5.7524403386135745, 39.466899084693864], [16, 19, 30]))
    (4, ([198, 63, 159, 20, 38, 65, 161, 116, 134, 80, 176, 8, 104, 27, 123, 28, 124, 91, 187, 46, 142, 25, 121, 75, 58, 171, 154, 67, 163, 68, 164, 211, 206], [136.17127368759031], [32]))
    (5, ([199, 19, 31, 127, 115, 49, 145, 69, 12, 165, 108, 213, 5, 62, 101, 76, 158, 60, 172, 156, 90, 186, 18, 114, 211, 207], [94.76433138908395, 10.87167141576095], [12, 25]))
    (6, ([200, 39, 135, 21, 77, 117, 173, 84, 180, 47, 143, 1, 97, 50, 146, 55, 151, 11, 107, 211, 208], [126.48659083459059], [20]))
    (7, ([201, 4, 66, 100, 162, 33, 129, 41, 137, 6, 102, 61, 17, 113, 82, 157, 178, 24, 120, 44, 73, 140, 169, 211, 209], [74.60237522690699], [24]))
    (8, ([202, 85, 181, 96, 14, 192, 110, 59, 155, 81, 87, 177, 183, 16, 112, 89, 185, 32, 128, 211, 210], [91.75541648740459], [20])))

T best obj: 100001.0
T best iteration: 770
T total iterations: 30000
T best time [s]: 8.337
T total time [s]: 34.4855
