EADARP version 585c-dirty
ARGS: --ifile=EADARP/instances/l1/a8-96.txt --infeasible_arcs=EADARP/infeasible_arcs --gamma=0.7 --only_single_s_visits=false --odir=EADARP/prunedArcs/a8-96 --oname=run2
Settings:
--alns_gamma=0.025
--alns_segment_size=100
--alns_sigma1=10
--alns_sigma2=9
--alns_sigma3=3
--at_most_one_s=false
--gamma=0.7
--ifile=EADARP/instances/l1/a8-96.txt
--infeasible_arcs=EADARP/infeasible_arcs
--insert_charging_otf=true
--insert_cost_noise=0.014
--lns_init_temp_factor=0.0
--lns_temp_dec_factor=0.99
--mh_checkit=false
--mh_lfreq=0
--mh_lnewinc=true
--mh_tciter=-1
--mh_tctime=-1.0
--mh_titer=30000
--mh_tobj=-1.0
--mh_ttime=-1.0
--odir=EADARP/prunedArcs/a8-96
--oname=run2
--only_single_s_visits=false
--repair_max_routes=0
--seed=2059610665
--use_milp_in_otf=0
--xcheck_isfeasible=false

EADARPInstance(EADARP/instances/l1/a8-96.txt, n=96, n_K=8, S=[211, 212, 213], Q=14.85, n_F=8, γ=0.7, T_plan=720.0, F=[203, 204, 205, 206, 207, 208, 209, 210])

T preprocessing time [s]: 3.96772
I       iter             best          obj_old          obj_new        time              method info
I          1     100014.00000     100096.00000     100014.00000      0.3943                 con 
I          2     100013.00000     100014.00000     100013.00000      0.4985         drrr_15+rrg 
I          4     100012.00000     100013.00000     100012.00000      0.6645         drrr_15+rrg 
I          5     100010.00000     100012.00000     100010.00000      0.7471        drrr_15+rrri 
I          7     100007.00000     100010.00000     100007.00000      0.8934        drrr_15+rrri 
I          9     100006.00000     100007.00000     100006.00000      0.9632         drrr_15+rrg 
I         16     100005.00000     100006.00000     100005.00000      1.3129        drrr_15+rroi 
I         26     100003.00000     100005.00000     100003.00000      1.6913         drrr_15+rrg 
I        148     100002.00000     100003.00000     100002.00000      3.9289        drrr_15+rrri 
I        481     100001.00000     100002.00000     100001.00000      6.6578        drrr_15+rroi 
I      30000     100001.00000     100001.00000     100001.00000     40.4545         drrr_15+rrg 

Method statistics
S  method    iter  succ  succ-rate%  tot-obj-gain  avg-obj-gain  rel-succ%  net-time  net-time%  brut-time  brut-time%
S  con          1     1   100.00000     -82.00000     -82.00000    5.26316   0.39428    0.97464    0.39428     0.97464
S  drrr_15  29999     9     0.03000     -13.00000      -0.00043   47.36842   1.53774    3.80116    1.53774     3.80116
S  rrg      10032     4     0.03987      -5.00000      -0.00050   21.05263  15.18705   37.54105   15.18705    37.54105
S  rroi      9966     2     0.02007      -2.00000      -0.00020   10.52632  11.01248   27.22188   11.01248    27.22188
S  rrri     10001     3     0.03000      -6.00000      -0.00060   15.78947  12.23113   30.23428   12.23113    30.23428
S  SUM/AVG  59999    19     0.03167    -108.00000      -0.00180   20.00000  40.36268   99.77301   40.36268    99.77301

T best solution: EADARPSolution(t_routing=-1.0, t_excess=-1.0, obj_val=100001.0, obj_val_valid=true,
    unserved_requests=[51], F_visited=[208, 204, 210, 207, 206, 209, 205, 203], S_visited=Int64[],
    (1, ([195, 91, 19, 115, 187, 46, 142, 25, 121, 212, 58, 154, 52, 148, 211, 94, 190, 35, 131, 2, 98, 78, 174, 211, 203], [12.347288031926798, 64.78089811312401, 24.466899084693864], [10, 15, 24]))
    (2, ([196, 36, 30, 126, 132, 93, 22, 189, 118, 74, 54, 170, 150, 13, 109, 84, 86, 180, 182, 213, 95, 44, 191, 140, 57, 153, 212, 37, 62, 133, 42, 158, 138, 10, 88, 184, 106, 211, 204], [126.6290412810839, 24.024161549973773, 5.074234728171077], [20, 27, 38]))
    (3, ([197, 85, 181, 59, 155, 65, 161, 87, 183, 6, 102, 80, 176, 8, 104, 12, 47, 108, 143, 67, 163, 68, 164, 211, 205], [98.13236109918665], [24]))
    (4, ([198, 63, 159, 96, 14, 192, 110, 20, 38, 81, 116, 134, 177, 28, 124, 53, 149, 34, 32, 130, 128, 61, 17, 113, 82, 157, 178, 24, 120, 211, 206], [129.80062901415243], [30]))
    (5, ([199, 39, 135, 21, 77, 117, 173, 71, 92, 188, 167, 27, 123, 69, 75, 165, 171, 1, 97, 64, 79, 175, 160, 55, 151, 211, 207], [131.93146550316507], [26]))
    (6, ([200, 31, 127, 40, 136, 211, 43, 15, 139, 11, 111, 107, 72, 168, 56, 83, 152, 179, 48, 144, 212, 18, 114, 211, 208], [31.823016100354064, 9.87306752788638, 34.00956715304176], [6, 21, 24]))
    (7, ([201, 23, 119, 26, 122, 49, 145, 7, 103, 29, 125, 213, 3, 9, 99, 105, 5, 76, 101, 60, 172, 156, 90, 186, 211, 209], [86.54782238533711, 26.528601455908557], [12, 25]))
    (8, ([202, 4, 66, 100, 162, 33, 129, 41, 137, 16, 112, 70, 166, 89, 185, 45, 141, 50, 146, 73, 169, 211, 210], [71.07680217285147], [22])))

T best obj: 100001.0
T best iteration: 481
T total iterations: 30000
T best time [s]: 6.658
T total time [s]: 40.4545
