EADARP version 585c-dirty
ARGS: --ifile=EADARP/instances/l1/a8-96.txt --infeasible_arcs=EADARP/infeasible_arcs --gamma=0.7 --only_single_s_visits=false --odir=EADARP/prunedArcs/a8-96 --oname=run29
Settings:
--alns_gamma=0.025
--alns_segment_size=100
--alns_sigma1=10
--alns_sigma2=9
--alns_sigma3=3
--at_most_one_s=false
--gamma=0.7
--ifile=EADARP/instances/l1/a8-96.txt
--infeasible_arcs=EADARP/infeasible_arcs
--insert_charging_otf=true
--insert_cost_noise=0.014
--lns_init_temp_factor=0.0
--lns_temp_dec_factor=0.99
--mh_checkit=false
--mh_lfreq=0
--mh_lnewinc=true
--mh_tciter=-1
--mh_tctime=-1.0
--mh_titer=30000
--mh_tobj=-1.0
--mh_ttime=-1.0
--odir=EADARP/prunedArcs/a8-96
--oname=run29
--only_single_s_visits=false
--repair_max_routes=0
--seed=329939923
--use_milp_in_otf=0
--xcheck_isfeasible=false

EADARPInstance(EADARP/instances/l1/a8-96.txt, n=96, n_K=8, S=[211, 212, 213], Q=14.85, n_F=8, γ=0.7, T_plan=720.0, F=[203, 204, 205, 206, 207, 208, 209, 210])

T preprocessing time [s]: 4.02298
I       iter             best          obj_old          obj_new        time              method info
I          1     100013.00000     100096.00000     100013.00000      0.3664                 con 
I          3     100011.00000     100013.00000     100011.00000      0.5898        drrr_15+rrri 
I         10     100010.00000     100011.00000     100010.00000      1.0508         drrr_15+rrg 
I         13     100009.00000     100010.00000     100009.00000      1.1699        drrr_15+rrri 
I         20     100008.00000     100009.00000     100008.00000      1.5499        drrr_15+rrri 
I         30     100007.00000     100008.00000     100007.00000      2.0020         drrr_15+rrg 
I         50     100006.00000     100007.00000     100006.00000      2.6553        drrr_15+rroi 
I         90     100005.00000     100006.00000     100005.00000      3.4195        drrr_15+rroi 
I        101     100004.00000     100005.00000     100004.00000      3.6374        drrr_15+rroi 
I        424     100003.00000     100004.00000     100003.00000      6.7497        drrr_15+rrri 
I        693     100002.00000     100003.00000     100002.00000      8.1091         drrr_15+rrg 
I       7334     100001.00000     100002.00000     100001.00000     23.9341        drrr_15+rroi 
I      30000     100001.00000     100001.00000     100001.00000     41.7346        drrr_15+rrri 

Method statistics
S  method    iter  succ  succ-rate%  tot-obj-gain  avg-obj-gain  rel-succ%  net-time  net-time%  brut-time  brut-time%
S  con          1     1   100.00000     -83.00000     -83.00000    4.34783   0.36641    0.87795    0.36641     0.87795
S  drrr_15  29999    11     0.03667     -12.00000      -0.00040   47.82609   0.94646    2.26780    0.94646     2.26780
S  rrg       9990     3     0.03003      -3.00000      -0.00030   13.04348  15.68171   37.57479   15.68171    37.57479
S  rroi     10036     4     0.03986      -4.00000      -0.00040   17.39130  11.48737   27.52479   11.48737    27.52479
S  rrri      9973     4     0.04011      -5.00000      -0.00050   17.39130  13.16064   31.53409   13.16064    31.53409
S  SUM/AVG  59999    23     0.03833    -107.00000      -0.00178   20.00000  41.64259   99.77941   41.64259    99.77941

T best solution: EADARPSolution(t_routing=-1.0, t_excess=-1.0, obj_val=100001.0, obj_val_valid=true,
    unserved_requests=[35], F_visited=[209, 208, 210, 203, 207, 205, 206, 204], S_visited=Int64[],
    (1, ([195, 63, 159, 96, 192, 51, 21, 147, 77, 117, 173, 26, 122, 69, 75, 165, 171, 12, 108, 24, 120, 211, 203], [139.81720962859984], [22]))
    (2, ([196, 16, 112, 30, 126, 28, 124, 31, 54, 127, 150, 212, 82, 178, 50, 146, 55, 151, 3, 9, 99, 105, 56, 83, 152, 179, 2, 98, 211, 204], [83.2378449590432, 47.62189327008095], [12, 29]))
    (3, ([197, 91, 19, 115, 187, 46, 142, 25, 121, 40, 136, 211, 94, 190, 37, 48, 133, 144, 42, 60, 138, 156, 10, 88, 184, 106, 211, 205], [57.4044820640855, 17.23866341617324], [12, 27]))
    (4, ([198, 59, 39, 155, 135, 7, 103, 45, 29, 141, 125, 64, 79, 160, 175, 213, 90, 186, 18, 114, 206], [65.35596039121704], [16]))
    (5, ([199, 85, 181, 14, 110, 20, 38, 65, 161, 116, 134, 22, 118, 53, 149, 34, 32, 130, 128, 61, 17, 113, 157, 211, 207], [94.32323095095263], [24]))
    (6, ([200, 81, 87, 177, 183, 71, 92, 188, 167, 27, 123, 49, 145, 213, 1, 97, 52, 43, 148, 139, 11, 15, 111, 107, 57, 72, 153, 168, 211, 208], [23.467202002190874, 109.4161855397657], [14, 29]))
    (7, ([201, 4, 66, 100, 162, 33, 129, 41, 137, 6, 102, 80, 176, 8, 104, 13, 109, 84, 86, 180, 182, 58, 47, 154, 143, 67, 163, 68, 164, 95, 44, 191, 140, 211, 209], [139.66062089195108], [34]))
    (8, ([202, 36, 132, 93, 189, 23, 119, 70, 74, 170, 166, 89, 185, 211, 73, 169, 213, 5, 62, 101, 76, 158, 172, 78, 174, 211, 210], [93.96335036844266, 10.613381589235281, 28.421189058679488], [14, 17, 26])))

T best obj: 100001.0
T best iteration: 7334
T total iterations: 30000
T best time [s]: 23.934
T total time [s]: 41.7346
