EADARP version 585c-dirty
ARGS: --ifile=EADARP/instances/l1/a8-96.txt --infeasible_arcs=EADARP/infeasible_arcs --gamma=0.7 --only_single_s_visits=false --odir=EADARP/prunedArcs/a8-96 --oname=run28
Settings:
--alns_gamma=0.025
--alns_segment_size=100
--alns_sigma1=10
--alns_sigma2=9
--alns_sigma3=3
--at_most_one_s=false
--gamma=0.7
--ifile=EADARP/instances/l1/a8-96.txt
--infeasible_arcs=EADARP/infeasible_arcs
--insert_charging_otf=true
--insert_cost_noise=0.014
--lns_init_temp_factor=0.0
--lns_temp_dec_factor=0.99
--mh_checkit=false
--mh_lfreq=0
--mh_lnewinc=true
--mh_tciter=-1
--mh_tctime=-1.0
--mh_titer=30000
--mh_tobj=-1.0
--mh_ttime=-1.0
--odir=EADARP/prunedArcs/a8-96
--oname=run28
--only_single_s_visits=false
--repair_max_routes=0
--seed=1453172970
--use_milp_in_otf=0
--xcheck_isfeasible=false

EADARPInstance(EADARP/instances/l1/a8-96.txt, n=96, n_K=8, S=[211, 212, 213], Q=14.85, n_F=8, γ=0.7, T_plan=720.0, F=[203, 204, 205, 206, 207, 208, 209, 210])

T preprocessing time [s]: 3.97445
I       iter             best          obj_old          obj_new        time              method info
I          1     100017.00000     100096.00000     100017.00000      0.3088                 con 
I          2     100016.00000     100017.00000     100016.00000      0.3584        drrr_15+rrri 
I          3     100015.00000     100016.00000     100015.00000      0.4120        drrr_15+rrri 
I          5     100012.00000     100015.00000     100012.00000      0.5174        drrr_15+rroi 
I          9     100011.00000     100012.00000     100011.00000      0.7831        drrr_15+rroi 
I         12     100010.00000     100011.00000     100010.00000      0.9628         drrr_15+rrg 
I         13     100008.00000     100010.00000     100008.00000      1.0677         drrr_15+rrg 
I         19     100007.00000     100008.00000     100007.00000      1.4004        drrr_15+rroi 
I         55     100006.00000     100007.00000     100006.00000      2.3027        drrr_15+rroi 
I         57     100005.00000     100006.00000     100005.00000      2.3780        drrr_15+rrri 
I         65     100004.00000     100005.00000     100004.00000      2.6216        drrr_15+rroi 
I        274     100003.00000     100004.00000     100003.00000      5.3460        drrr_15+rroi 
I        386     100002.00000     100003.00000     100002.00000      7.0810        drrr_15+rroi 
I       1282     100001.00000     100002.00000     100001.00000     11.4908         drrr_15+rrg 
I      30000     100001.00000     100001.00000     100001.00000     38.1976         drrr_15+rrg 

Method statistics
S  method    iter  succ  succ-rate%  tot-obj-gain  avg-obj-gain  rel-succ%  net-time  net-time%  brut-time  brut-time%
S  con          1     1   100.00000     -79.00000     -79.00000    3.70370   0.30882    0.80848    0.30882     0.80848
S  drrr_15  29999    13     0.04333     -16.00000      -0.00053   48.14815   0.81241    2.12686    0.81241     2.12686
S  rrg       9910     3     0.03027      -4.00000      -0.00040   11.11111  14.17555   37.11105   14.17555    37.11105
S  rroi     10055     7     0.06962      -9.00000      -0.00090   25.92593  10.92248   28.59463   10.92248    28.59463
S  rrri     10034     3     0.02990      -3.00000      -0.00030   11.11111  11.87165   31.07953   11.87165    31.07953
S  SUM/AVG  59999    27     0.04500    -111.00000      -0.00185   20.00000  38.09090   99.72054   38.09090    99.72054

T best solution: EADARPSolution(t_routing=-1.0, t_excess=-1.0, obj_val=100001.0, obj_val_valid=true,
    unserved_requests=[59], F_visited=[204, 208, 203, 210, 209, 205, 206, 207], S_visited=Int64[],
    (1, ([195, 27, 123, 22, 118, 74, 170, 53, 149, 7, 40, 103, 136, 211, 73, 3, 169, 99, 211, 56, 83, 152, 179, 48, 144, 10, 88, 184, 106, 211, 203], [99.53932655102601, 3.2843931739289145, 21.65872438370309], [14, 19, 30]))
    (2, ([196, 91, 19, 115, 187, 46, 142, 25, 121, 52, 148, 55, 151, 212, 62, 158, 37, 133, 42, 138, 90, 186, 18, 114, 211, 204], [60.74416857011124, 16.70536921345342], [14, 25]))
    (3, ([197, 4, 100, 38, 81, 87, 134, 177, 183, 28, 124, 58, 154, 67, 163, 68, 164, 43, 139, 11, 15, 111, 107, 211, 205], [77.13534198383421], [24]))
    (4, ([198, 16, 112, 89, 185, 50, 44, 146, 140, 57, 72, 153, 168, 5, 101, 76, 60, 172, 156, 211, 206], [55.32700529076112], [20]))
    (5, ([199, 85, 181, 51, 147, 65, 161, 41, 137, 92, 80, 188, 176, 23, 119, 70, 54, 166, 150, 34, 32, 130, 128, 61, 17, 113, 82, 157, 178, 47, 143, 211, 207], [156.3048051245829], [32]))
    (6, ([200, 14, 110, 66, 162, 33, 20, 129, 116, 6, 102, 13, 109, 84, 86, 180, 182, 45, 29, 141, 125, 1, 97, 64, 79, 160, 175, 211, 208], [96.69707050646102], [28]))
    (7, ([201, 36, 30, 126, 132, 93, 189, 26, 31, 122, 127, 49, 145, 213, 95, 191, 211, 94, 190, 9, 105, 35, 131, 2, 98, 78, 174, 211, 209], [83.1135903927737, 24.372923981847176, 25.459731891721162], [14, 17, 28]))
    (8, ([202, 63, 159, 96, 192, 39, 135, 21, 77, 117, 173, 71, 8, 167, 104, 69, 75, 165, 171, 12, 108, 24, 120, 211, 210], [130.5904143960933], [24])))

T best obj: 100001.0
T best iteration: 1282
T total iterations: 30000
T best time [s]: 11.491
T total time [s]: 38.1977
