EADARP version 585c-dirty
ARGS: --ifile=EADARP/instances/l1/a8-96.txt --infeasible_arcs=EADARP/infeasible_arcs --gamma=0.7 --only_single_s_visits=false --odir=EADARP/prunedArcs/a8-96 --oname=run22
Settings:
--alns_gamma=0.025
--alns_segment_size=100
--alns_sigma1=10
--alns_sigma2=9
--alns_sigma3=3
--at_most_one_s=false
--gamma=0.7
--ifile=EADARP/instances/l1/a8-96.txt
--infeasible_arcs=EADARP/infeasible_arcs
--insert_charging_otf=true
--insert_cost_noise=0.014
--lns_init_temp_factor=0.0
--lns_temp_dec_factor=0.99
--mh_checkit=false
--mh_lfreq=0
--mh_lnewinc=true
--mh_tciter=-1
--mh_tctime=-1.0
--mh_titer=30000
--mh_tobj=-1.0
--mh_ttime=-1.0
--odir=EADARP/prunedArcs/a8-96
--oname=run22
--only_single_s_visits=false
--repair_max_routes=0
--seed=127754546
--use_milp_in_otf=0
--xcheck_isfeasible=false

EADARPInstance(EADARP/instances/l1/a8-96.txt, n=96, n_K=8, S=[211, 212, 213], Q=14.85, n_F=8, γ=0.7, T_plan=720.0, F=[203, 204, 205, 206, 207, 208, 209, 210])

T preprocessing time [s]: 3.98843
I       iter             best          obj_old          obj_new        time              method info
I          1     100012.00000     100096.00000     100012.00000      0.4189                 con 
I          3     100011.00000     100012.00000     100011.00000      0.5994        drrr_15+rrri 
I          5     100008.00000     100011.00000     100008.00000      0.7492         drrr_15+rrg 
I          6     100007.00000     100008.00000     100007.00000      0.8201        drrr_15+rroi 
I         12     100006.00000     100007.00000     100006.00000      1.2504        drrr_15+rrri 
I         14     100005.00000     100006.00000     100005.00000      1.3213         drrr_15+rrg 
I         32     100004.00000     100005.00000     100004.00000      1.9774        drrr_15+rrri 
I        515     100003.00000     100004.00000     100003.00000      8.8197        drrr_15+rrri 
I       2044     100002.00000     100003.00000     100002.00000     14.5084        drrr_15+rrri 
I       2427     100001.00000     100002.00000     100001.00000     15.8626        drrr_15+rrri 
I      30000     100001.00000     100001.00000     100001.00000     37.4731        drrr_15+rrri 

Method statistics
S  method    iter  succ  succ-rate%  tot-obj-gain  avg-obj-gain  rel-succ%  net-time  net-time%  brut-time  brut-time%
S  con          1     1   100.00000     -84.00000     -84.00000    5.26316   0.41891    1.11790    0.41891     1.11790
S  drrr_15  29999     9     0.03000     -11.00000      -0.00037   47.36842   0.74592    1.99054    0.74592     1.99054
S  rrg       9948     2     0.02010      -4.00000      -0.00040   10.52632  14.03267   37.44724   14.03267    37.44724
S  rroi      9957     1     0.01004      -1.00000      -0.00010    5.26316  10.72069   28.60897   10.72069    28.60897
S  rrri     10094     6     0.05944      -6.00000      -0.00059   31.57895  11.43441   30.51359   11.43441    30.51359
S  SUM/AVG  59999    19     0.03167    -106.00000      -0.00177   20.00000  37.35259   99.67823   37.35259    99.67823

T best solution: EADARPSolution(t_routing=-1.0, t_excess=-1.0, obj_val=100001.0, obj_val_valid=true,
    unserved_requests=[35], F_visited=[208, 209, 210, 207, 205, 203, 204, 206], S_visited=Int64[],
    (1, ([195, 39, 135, 21, 77, 117, 173, 71, 167, 80, 176, 8, 104, 69, 75, 165, 171, 67, 163, 68, 164, 55, 151, 211, 203], [103.34275607317024], [24]))
    (2, ([196, 20, 38, 81, 116, 134, 177, 16, 112, 89, 185, 82, 178, 50, 146, 73, 3, 169, 99, 211, 204], [71.47191117099764], [20]))
    (3, ([197, 36, 30, 126, 132, 93, 189, 26, 122, 91, 19, 115, 187, 46, 142, 25, 121, 40, 136, 213, 5, 62, 101, 76, 158, 42, 138, 172, 10, 88, 184, 106, 211, 205], [122.13574926535958, 13.577407438414468], [20, 33]))
    (4, ([198, 92, 188, 27, 123, 22, 118, 74, 170, 53, 149, 213, 64, 79, 160, 175, 211, 94, 190, 9, 105, 48, 37, 144, 133, 78, 174, 211, 206], [74.88119721690299, 30.476957358130267, 23.024946891326042], [12, 17, 28]))
    (5, ([199, 28, 124, 23, 119, 13, 109, 84, 180, 213, 95, 44, 191, 140, 57, 72, 153, 168, 56, 83, 152, 179, 2, 60, 98, 156, 211, 207], [55.48925889354996, 41.36229026404733], [10, 27]))
    (6, ([200, 4, 66, 100, 162, 33, 129, 41, 137, 6, 102, 61, 17, 113, 157, 45, 29, 141, 125, 1, 97, 52, 43, 148, 139, 11, 15, 111, 107, 211, 208], [91.84745110421605], [30]))
    (7, ([201, 63, 14, 159, 110, 51, 65, 161, 147, 87, 183, 31, 54, 127, 150, 49, 32, 145, 128, 12, 108, 24, 120, 211, 209], [117.14855735833069], [24]))
    (8, ([202, 85, 181, 96, 192, 59, 155, 70, 166, 7, 34, 130, 103, 86, 182, 58, 47, 154, 143, 213, 90, 186, 18, 114, 210], [123.6420397484071], [20])))

T best obj: 100001.0
T best iteration: 2427
T total iterations: 30000
T best time [s]: 15.863
T total time [s]: 37.4732
