EADARP version 585c-dirty
ARGS: --ifile=EADARP/instances/l1/a8-96.txt --infeasible_arcs=EADARP/infeasible_arcs --gamma=0.7 --only_single_s_visits=false --odir=EADARP/prunedArcs/a8-96 --oname=run23
Settings:
--alns_gamma=0.025
--alns_segment_size=100
--alns_sigma1=10
--alns_sigma2=9
--alns_sigma3=3
--at_most_one_s=false
--gamma=0.7
--ifile=EADARP/instances/l1/a8-96.txt
--infeasible_arcs=EADARP/infeasible_arcs
--insert_charging_otf=true
--insert_cost_noise=0.014
--lns_init_temp_factor=0.0
--lns_temp_dec_factor=0.99
--mh_checkit=false
--mh_lfreq=0
--mh_lnewinc=true
--mh_tciter=-1
--mh_tctime=-1.0
--mh_titer=30000
--mh_tobj=-1.0
--mh_ttime=-1.0
--odir=EADARP/prunedArcs/a8-96
--oname=run23
--only_single_s_visits=false
--repair_max_routes=0
--seed=1556280474
--use_milp_in_otf=0
--xcheck_isfeasible=false

EADARPInstance(EADARP/instances/l1/a8-96.txt, n=96, n_K=8, S=[211, 212, 213], Q=14.85, n_F=8, γ=0.7, T_plan=720.0, F=[203, 204, 205, 206, 207, 208, 209, 210])

T preprocessing time [s]: 4.09946
I       iter             best          obj_old          obj_new        time              method info
I          1     100019.00000     100096.00000     100019.00000      0.3273                 con 
I          4     100017.00000     100019.00000     100017.00000      0.4999        drrr_15+rroi 
I          7     100013.00000     100017.00000     100013.00000      0.7162         drrr_15+rrg 
I         12     100011.00000     100013.00000     100011.00000      0.8955        drrr_15+rroi 
I         35     100010.00000     100011.00000     100010.00000      1.2704        drrr_15+rrri 
I         39     100009.00000     100010.00000     100009.00000      1.4165        drrr_15+rroi 
I         40     100008.00000     100009.00000     100008.00000      1.4372        drrr_15+rrri 
I         50     100006.00000     100008.00000     100006.00000      1.7255        drrr_15+rrri 
I         73     100005.00000     100006.00000     100005.00000      2.1287        drrr_15+rroi 
I        124     100004.00000     100005.00000     100004.00000      3.2802        drrr_15+rrri 
I        338     100003.00000     100004.00000     100003.00000      6.4677        drrr_15+rrri 
I        419     100002.00000     100003.00000     100002.00000      7.3725        drrr_15+rrri 
I       1691     100001.00000     100002.00000     100001.00000     12.1251        drrr_15+rrri 
I      30000     100001.00000     100001.00000     100001.00000     39.1707        drrr_15+rrri 

Method statistics
S  method    iter  succ  succ-rate%  tot-obj-gain  avg-obj-gain  rel-succ%  net-time  net-time%  brut-time  brut-time%
S  con          1     1   100.00000     -77.00000     -77.00000    4.00000   0.32723    0.83538    0.32723     0.83538
S  drrr_15  29999    12     0.04000     -18.00000      -0.00060   48.00000   0.70961    1.81159    0.70961     1.81159
S  rrg      10095     1     0.00991      -4.00000      -0.00040    4.00000  15.22703   38.87347   15.22703    38.87347
S  rroi      9858     4     0.04058      -6.00000      -0.00061   16.00000  10.51914   26.85459   10.51914    26.85459
S  rrri     10046     7     0.06968      -8.00000      -0.00080   28.00000  12.28473   31.36200   12.28473    31.36200
S  SUM/AVG  59999    25     0.04167    -113.00000      -0.00188   20.00000  39.06775   99.73703   39.06775    99.73703

T best solution: EADARPSolution(t_routing=-1.0, t_excess=-1.0, obj_val=100001.0, obj_val_valid=true,
    unserved_requests=[4], F_visited=[206, 210, 209, 208, 204, 203, 205, 207], S_visited=Int64[],
    (1, ([195, 59, 155, 66, 162, 33, 129, 84, 180, 61, 17, 113, 157, 45, 29, 141, 125, 1, 97, 52, 43, 148, 139, 44, 140, 211, 203], [92.3409757202448], [26]))
    (2, ([196, 36, 30, 126, 132, 93, 22, 189, 118, 13, 109, 86, 182, 213, 79, 15, 95, 175, 191, 111, 212, 72, 9, 168, 5, 105, 101, 78, 174, 211, 204], [91.01601346246501, 7.585099649147021, 39.466899084693864], [14, 21, 30]))
    (3, ([197, 28, 124, 7, 40, 103, 136, 213, 64, 160, 213, 3, 99, 48, 37, 144, 133, 42, 138, 10, 88, 184, 106, 211, 205], [57.62024162202505, 28.865233846813414, 19.92143672316697], [8, 11, 24]))
    (4, ([198, 23, 119, 70, 54, 49, 166, 150, 145, 46, 142, 25, 121, 58, 47, 154, 143, 211, 55, 151, 35, 56, 83, 152, 131, 2, 179, 98, 211, 206], [75.18474050971759, 40.302789488428445], [18, 29]))
    (5, ([199, 63, 159, 96, 192, 51, 65, 161, 147, 87, 183, 41, 137, 16, 112, 74, 31, 127, 170, 89, 185, 32, 128, 24, 120, 211, 207], [135.40513254858715], [26]))
    (6, ([200, 26, 122, 19, 91, 115, 187, 53, 149, 34, 130, 82, 178, 12, 108, 212, 73, 169, 211, 94, 190, 62, 76, 158, 60, 172, 156, 90, 186, 18, 114, 211, 208], [97.63416534149891, 12.871406216581097, 19.629190363536168], [16, 19, 32]))
    (7, ([201, 20, 38, 81, 116, 134, 177, 6, 102, 71, 167, 27, 123, 50, 146, 11, 107, 57, 153, 211, 209], [100.7796417590113], [20]))
    (8, ([202, 85, 181, 14, 110, 39, 135, 21, 77, 117, 173, 92, 80, 188, 176, 8, 104, 69, 75, 165, 171, 67, 163, 68, 164, 211, 210], [119.7289710693681], [26])))

T best obj: 100001.0
T best iteration: 1691
T total iterations: 30000
T best time [s]: 12.125
T total time [s]: 39.1708
