EADARP version 2def-dirty
ARGS: --ifile=EADARP/instances/b1/a4-40.txt --odir=EADARP/out/a4-40 --oname=run12
Settings:
--alns_gamma=0.025
--alns_segment_size=100
--alns_sigma1=10
--alns_sigma2=9
--alns_sigma3=3
--at_most_one_s=false
--gamma=-1.0
--ifile=EADARP/instances/b1/a4-40.txt
--insert_charging_otf=true
--insert_cost_noise=0.014
--lns_init_temp_factor=0.0
--lns_temp_dec_factor=0.99
--mh_checkit=false
--mh_lfreq=0
--mh_lnewinc=true
--mh_tciter=-1
--mh_tctime=-1.0
--mh_titer=300
--mh_tobj=-1.0
--mh_ttime=-1.0
--odir=EADARP/out/a4-40
--oname=run12
--only_single_s_visits=true
--repair_max_routes=0
--seed=914355667
--use_milp_in_otf=0
--xcheck_isfeasible=false

EADARPInstance(EADARP/instances/b1/a4-40.txt, n=40, n_K=4, S=[91, 92, 93], Q=14.85, n_F=4, γ=0.7, T_plan=600.0, F=[87, 88, 89, 90])

T preprocessing time [s]: 0.78263
I       iter             best          obj_old          obj_new        time              method info
I          1     100003.00000     100040.00000     100003.00000      0.0745                 con 
I          5     100002.00000     100003.00000     100002.00000      0.2228         drrr_15+rrg 
I         45     100001.00000     100002.00000     100001.00000      0.5304        drrr_15+rrri 
I        152        531.52924     100001.00000        531.52924      1.0234        drrr_15+rrri 
I        162        527.32999        531.52924        527.32999      1.0412        drrr_15+rrri 
I        189        509.08184        527.32999        509.08184      1.0616        drrr_15+rrri 
I        195        503.06063        509.08184        503.06063      1.0652        drrr_15+rroi 
I        219        503.00429        503.06063        503.00429      1.0868         drrr_15+rrg 
I        255        502.92277        503.00429        502.92277      1.1006         drrr_15+rrg 
I        300        502.92277        502.92277     100001.00000      1.1458        drrr_15+rroi 

Method statistics
S  method    iter  succ  succ-rate%  tot-obj-gain  avg-obj-gain  rel-succ%  net-time  net-time%  brut-time  brut-time%
S  con          1     1   100.00000     -37.00000     -37.00000    5.88235   0.07442    6.49544    0.07442     6.49544
S  drrr_15    299     8     2.67559  -99500.07723    -332.77618   47.05882   0.00248    0.21609    0.00248     0.21609
S  rrg         94     3     3.19149      -1.13785      -0.01210   17.64706   0.27987   24.42577    0.27987    24.42577
S  rroi        88     1     1.13636      -6.02121      -0.06842    5.88235   0.27933   24.37841    0.27933    24.37841
S  rrri       117     4     3.41880  -99492.91816    -850.36682   23.52941   0.50851   44.38049    0.50851    44.38049
S  SUM/AVG    599    17     2.83806 -199037.15445    -332.28239   20.00000   1.14461   99.89621    1.14461    99.89621

T best solution: EADARPSolution(t_routing=625.378, t_excess=135.558, obj_val=502.923, obj_val_valid=true,
    unserved_requests=Int64[], F_visited=[89, 87, 90, 88], S_visited=[93, 92, 91],
    (1, ([83, 17, 23, 57, 63, 21, 61, 31, 1, 71, 41, 39, 79, 28, 68, 15, 55, 8, 48, 91, 22, 62, 35, 38, 78, 75, 87], [101.22866572309673], [20]))
    (2, ([84, 40, 30, 70, 80, 18, 58, 2, 42, 12, 29, 69, 52, 88], Float64[], Int64[]))
    (3, ([85, 26, 3, 66, 43, 10, 50, 19, 59, 36, 34, 74, 76, 9, 49, 11, 51, 20, 60, 92, 6, 46, 89], [102.36001592583403], [20]))
    (4, ([86, 25, 65, 33, 4, 44, 73, 16, 56, 5, 45, 37, 77, 24, 64, 14, 32, 54, 72, 13, 7, 53, 47, 93, 27, 67, 90], [100.93359623754455], [24])))

T best obj: 502.92277321901116
T best iteration: 255
T total iterations: 300
T best time [s]: 1.101
T total time [s]: 1.1458
