EADARP version 2def-dirty
ARGS: --ifile=EADARP/instances/b1/a4-40.txt --odir=EADARP/out/a4-40 --oname=run18
Settings:
--alns_gamma=0.025
--alns_segment_size=100
--alns_sigma1=10
--alns_sigma2=9
--alns_sigma3=3
--at_most_one_s=false
--gamma=-1.0
--ifile=EADARP/instances/b1/a4-40.txt
--insert_charging_otf=true
--insert_cost_noise=0.014
--lns_init_temp_factor=0.0
--lns_temp_dec_factor=0.99
--mh_checkit=false
--mh_lfreq=0
--mh_lnewinc=true
--mh_tciter=-1
--mh_tctime=-1.0
--mh_titer=300
--mh_tobj=-1.0
--mh_ttime=-1.0
--odir=EADARP/out/a4-40
--oname=run18
--only_single_s_visits=true
--repair_max_routes=0
--seed=648715290
--use_milp_in_otf=0
--xcheck_isfeasible=false

EADARPInstance(EADARP/instances/b1/a4-40.txt, n=40, n_K=4, S=[91, 92, 93], Q=14.85, n_F=4, γ=0.7, T_plan=600.0, F=[87, 88, 89, 90])

T preprocessing time [s]: 0.78929
I       iter             best          obj_old          obj_new        time              method info
I          1     100004.00000     100040.00000     100004.00000      0.0933                 con 
I          7     100003.00000     100004.00000     100003.00000      0.2010        drrr_15+rrri 
I         13     100002.00000     100003.00000     100002.00000      0.3789         drrr_15+rrg 
I         17     100001.00000     100002.00000     100001.00000      0.4663        drrr_15+rrri 
I        224        504.12433     100001.00000        504.12433      1.1919        drrr_15+rroi 
I        237        502.62161        504.12433        502.62161      1.2043        drrr_15+rroi 
I        238        502.42517        502.62161        502.42517      1.2079        drrr_15+rrri 
I        267        502.42517        502.42517        502.42517      1.2572        drrr_15+rroi 
I        273        501.38830        502.42517        501.38830      1.2584        drrr_15+rrri 
I        300        501.38830        501.38830     100001.00000      1.2863        drrr_15+rrri 

Method statistics
S  method    iter  succ  succ-rate%  tot-obj-gain  avg-obj-gain  rel-succ%  net-time  net-time%  brut-time  brut-time%
S  con          1     1   100.00000     -36.00000     -36.00000    5.88235   0.09332    7.25473    0.09332     7.25473
S  drrr_15    299     8     2.67559  -99502.61170    -332.78465   47.05882   0.00262    0.20394    0.00262     0.20394
S  rrg         92     1     1.08696      -1.00000      -0.01087    5.88235   0.45076   35.04263    0.45076    35.04263
S  rroi       105     3     2.85714  -99498.37839    -947.60360   17.64706   0.31313   24.34344    0.31313    24.34344
S  rrri       102     4     3.92157      -3.23331      -0.03170   23.52941   0.42528   33.06169    0.42528    33.06169
S  SUM/AVG    599    17     2.83806 -199041.22340    -332.28919   20.00000   1.28511   99.90644    1.28511    99.90644

T best solution: EADARPSolution(t_routing=623.154, t_excess=136.092, obj_val=501.388, obj_val_valid=true,
    unserved_requests=Int64[], F_visited=[88, 89, 87, 90], S_visited=[92, 91, 93],
    (1, ([83, 25, 65, 33, 4, 44, 73, 10, 50, 16, 56, 5, 45, 37, 77, 24, 64, 14, 32, 54, 72, 13, 53, 93, 87], [91.01096873111759], [24]))
    (2, ([84, 23, 17, 63, 57, 40, 30, 70, 80, 19, 59, 36, 34, 74, 76, 91, 2, 42, 7, 47, 22, 62, 35, 38, 78, 75, 88], [86.08304194504798], [16]))
    (3, ([85, 26, 3, 66, 43, 21, 1, 61, 31, 41, 71, 18, 58, 15, 55, 8, 9, 49, 48, 11, 51, 92, 6, 46, 27, 67, 89], [122.95467064268092], [22]))
    (4, ([86, 39, 79, 28, 68, 20, 60, 12, 29, 69, 52, 90], Float64[], Int64[])))

T best obj: 501.38830026841094
T best iteration: 273
T total iterations: 300
T best time [s]: 1.258
T total time [s]: 1.2863
