EADARP version 2def-dirty
ARGS: --ifile=EADARP/instances/b1/a4-40.txt --odir=EADARP/out/a4-40 --oname=run14
Settings:
--alns_gamma=0.025
--alns_segment_size=100
--alns_sigma1=10
--alns_sigma2=9
--alns_sigma3=3
--at_most_one_s=false
--gamma=-1.0
--ifile=EADARP/instances/b1/a4-40.txt
--insert_charging_otf=true
--insert_cost_noise=0.014
--lns_init_temp_factor=0.0
--lns_temp_dec_factor=0.99
--mh_checkit=false
--mh_lfreq=0
--mh_lnewinc=true
--mh_tciter=-1
--mh_tctime=-1.0
--mh_titer=300
--mh_tobj=-1.0
--mh_ttime=-1.0
--odir=EADARP/out/a4-40
--oname=run14
--only_single_s_visits=true
--repair_max_routes=0
--seed=1905333983
--use_milp_in_otf=0
--xcheck_isfeasible=false

EADARPInstance(EADARP/instances/b1/a4-40.txt, n=40, n_K=4, S=[91, 92, 93], Q=14.85, n_F=4, γ=0.7, T_plan=600.0, F=[87, 88, 89, 90])

T preprocessing time [s]: 0.79773
I       iter             best          obj_old          obj_new        time              method info
I          1     100004.00000     100040.00000     100004.00000      0.0882                 con 
I          2     100003.00000     100004.00000     100003.00000      0.1116        drrr_15+rroi 
I          3     100002.00000     100003.00000     100002.00000      0.1326         drrr_15+rrg 
I          6     100001.00000     100002.00000     100001.00000      0.1861         drrr_15+rrg 
I         48        509.46094     100001.00000        509.46094      0.4896        drrr_15+rrri 
I         92        506.65434        509.46094        506.65434      0.7706        drrr_15+rrri 
I        121        505.22488        506.65434        505.22488      0.8880        drrr_15+rroi 
I        239        504.98032        505.22488        504.98032      1.0210         drrr_15+rrg 
I        300        504.98032        504.98032     100002.00000      1.1052        drrr_15+rrri 

Method statistics
S  method    iter  succ  succ-rate%  tot-obj-gain  avg-obj-gain  rel-succ%  net-time  net-time%  brut-time  brut-time%
S  con          1     1   100.00000     -36.00000     -36.00000    6.66667   0.08820    7.98029    0.08820     7.98029
S  drrr_15    299     7     2.34114  -99499.01968    -332.77264   46.66667   0.00244    0.22055    0.00244     0.22055
S  rrg         93     3     3.22581      -2.24456      -0.02414   20.00000   0.45714   41.36153    0.45714    41.36153
S  rroi        88     2     2.27273      -2.42946      -0.02761   13.33333   0.29437   26.63412    0.29437    26.63412
S  rrri       118     2     1.69492  -99494.34566    -843.17242   13.33333   0.26204   23.70908    0.26204    23.70908
S  SUM/AVG    599    15     2.50417 -199034.03935    -332.27719   20.00000   1.10419   99.90558    1.10419    99.90558

T best solution: EADARPSolution(t_routing=636.965, t_excess=109.026, obj_val=504.98, obj_val_valid=true,
    unserved_requests=Int64[], F_visited=[88, 90, 89, 87], S_visited=[91, 92, 93],
    (1, ([83, 25, 65, 33, 4, 73, 44, 40, 30, 70, 80, 16, 56, 5, 45, 18, 58, 15, 55, 93, 13, 53, 6, 46, 27, 67, 87], [99.70722339409134], [20]))
    (2, ([84, 23, 21, 63, 61, 31, 1, 71, 41, 39, 79, 37, 77, 24, 64, 9, 49, 11, 51, 20, 60, 7, 47, 91, 88], [130.93629153135305], [24]))
    (3, ([85, 17, 57, 28, 68, 8, 48, 22, 62, 35, 38, 78, 75, 89], Float64[], Int64[]))
    (4, ([86, 26, 3, 66, 43, 10, 50, 19, 59, 36, 34, 74, 76, 92, 14, 32, 54, 72, 2, 42, 12, 29, 69, 52, 90], [83.928866508221], [14])))

T best obj: 504.98032380425434
T best iteration: 239
T total iterations: 300
T best time [s]: 1.021
T total time [s]: 1.1052
