EADARP version 2def-dirty
ARGS: --ifile=EADARP/instances/b1/a4-40.txt --odir=EADARP/out/a4-40 --oname=run27
Settings:
--alns_gamma=0.025
--alns_segment_size=100
--alns_sigma1=10
--alns_sigma2=9
--alns_sigma3=3
--at_most_one_s=false
--gamma=-1.0
--ifile=EADARP/instances/b1/a4-40.txt
--insert_charging_otf=true
--insert_cost_noise=0.014
--lns_init_temp_factor=0.0
--lns_temp_dec_factor=0.99
--mh_checkit=false
--mh_lfreq=0
--mh_lnewinc=true
--mh_tciter=-1
--mh_tctime=-1.0
--mh_titer=300
--mh_tobj=-1.0
--mh_ttime=-1.0
--odir=EADARP/out/a4-40
--oname=run27
--only_single_s_visits=true
--repair_max_routes=0
--seed=407549049
--use_milp_in_otf=0
--xcheck_isfeasible=false

EADARPInstance(EADARP/instances/b1/a4-40.txt, n=40, n_K=4, S=[91, 92, 93], Q=14.85, n_F=4, γ=0.7, T_plan=600.0, F=[87, 88, 89, 90])

T preprocessing time [s]: 0.78147
I       iter             best          obj_old          obj_new        time              method info
I          1     100003.00000     100040.00000     100003.00000      0.1075                 con 
I         10     100002.00000     100003.00000     100002.00000      0.2573        drrr_15+rrri 
I         17     100001.00000     100002.00000     100001.00000      0.3597        drrr_15+rroi 
I         75        513.68573     100001.00000        513.68573      0.8695         drrr_15+rrg 
I         77        509.58244        513.68573        509.58244      0.8918        drrr_15+rrri 
I        113        507.53965        509.58244        507.53965      1.0140         drrr_15+rrg 
I        123        507.25385        507.53965        507.25385      1.0495         drrr_15+rrg 
I        219        505.95948        507.25385        505.95948      1.2866         drrr_15+rrg 
I        240        505.25603        505.95948        505.25603      1.2993        drrr_15+rroi 
I        300        505.25603        505.25603     100002.00000      1.3581         drrr_15+rrg 

Method statistics
S  method    iter  succ  succ-rate%  tot-obj-gain  avg-obj-gain  rel-succ%  net-time  net-time%  brut-time  brut-time%
S  con          1     1   100.00000     -37.00000     -37.00000    5.88235   0.10745    7.91199    0.10745     7.91199
S  drrr_15    299     8     2.67559  -99497.74397    -332.76837   47.05882   0.00251    0.18491    0.00251     0.18491
S  rrg        107     4     3.73832  -99490.93723    -929.82184   23.52941   0.43404   31.95937    0.43404    31.95937
S  rroi        99     2     2.02020      -1.70345      -0.01721   11.76471   0.33397   24.59108    0.33397    24.59108
S  rrri        93     2     2.15054      -5.10329      -0.05487   11.76471   0.47894   35.26523    0.47894    35.26523
S  SUM/AVG    599    17     2.83806 -199032.48795    -332.27460   20.00000   1.35691   99.91259    1.35691    99.91259

T best solution: EADARPSolution(t_routing=644.112, t_excess=88.689, obj_val=505.256, obj_val_valid=true,
    unserved_requests=Int64[], F_visited=[88, 89, 90, 87], S_visited=[93, 91, 92],
    (1, ([83, 25, 65, 33, 4, 44, 73, 30, 70, 16, 56, 39, 79, 28, 68, 14, 32, 54, 72, 2, 42, 7, 47, 22, 62, 91, 87], [95.67966501587742], [26]))
    (2, ([84, 26, 3, 66, 43, 21, 61, 31, 1, 71, 41, 5, 45, 37, 77, 24, 64, 93, 13, 53, 12, 29, 69, 52, 88], [128.47393352619702], [18]))
    (3, ([85, 23, 63, 10, 50, 19, 59, 36, 34, 74, 76, 8, 9, 49, 48, 11, 51, 20, 60, 92, 6, 46, 27, 67, 89], [99.11460718108714], [20]))
    (4, ([86, 17, 57, 40, 80, 18, 58, 15, 55, 35, 38, 78, 75, 90], Float64[], Int64[])))

T best obj: 505.2560252597229
T best iteration: 240
T total iterations: 300
T best time [s]: 1.299
T total time [s]: 1.3581
