EADARP version 2def-dirty
ARGS: --ifile=EADARP/instances/b1/a4-40.txt --odir=EADARP/out/a4-40 --oname=run45
Settings:
--alns_gamma=0.025
--alns_segment_size=100
--alns_sigma1=10
--alns_sigma2=9
--alns_sigma3=3
--at_most_one_s=false
--gamma=-1.0
--ifile=EADARP/instances/b1/a4-40.txt
--insert_charging_otf=true
--insert_cost_noise=0.014
--lns_init_temp_factor=0.0
--lns_temp_dec_factor=0.99
--mh_checkit=false
--mh_lfreq=0
--mh_lnewinc=true
--mh_tciter=-1
--mh_tctime=-1.0
--mh_titer=300
--mh_tobj=-1.0
--mh_ttime=-1.0
--odir=EADARP/out/a4-40
--oname=run45
--only_single_s_visits=true
--repair_max_routes=0
--seed=494177760
--use_milp_in_otf=0
--xcheck_isfeasible=false

EADARPInstance(EADARP/instances/b1/a4-40.txt, n=40, n_K=4, S=[91, 92, 93], Q=14.85, n_F=4, γ=0.7, T_plan=600.0, F=[87, 88, 89, 90])

T preprocessing time [s]: 0.78021
I       iter             best          obj_old          obj_new        time              method info
I          1     100004.00000     100040.00000     100004.00000      0.0803                 con 
I          4     100002.00000     100004.00000     100002.00000      0.1373        drrr_15+rrri 
I         40     100001.00000     100002.00000     100001.00000      0.5863         drrr_15+rrg 
I         79        536.22310     100001.00000        536.22310      0.9009        drrr_15+rrri 
I        103        524.28504        536.22310        524.28504      1.0280         drrr_15+rrg 
I        125        516.69961        524.28504        516.69961      1.1894         drrr_15+rrg 
I        126        516.67499        516.69961        516.67499      1.1898         drrr_15+rrg 
I        132        511.32874        516.67499        511.32874      1.2097         drrr_15+rrg 
I        155        511.30960        511.32874        511.30960      1.2718         drrr_15+rrg 
I        158        509.43960        511.30960        509.43960      1.2736        drrr_15+rroi 
I        162        506.98344        509.43960        506.98344      1.2783        drrr_15+rroi 
I        169        498.09198        506.98344        498.09198      1.3020        drrr_15+rrri 
I        172        497.76721        498.09198        497.76721      1.3331        drrr_15+rroi 
I        203        494.67074        497.76721        494.67074      1.3959        drrr_15+rrri 
I        207        494.32683        494.67074        494.32683      1.4293         drrr_15+rrg 
I        300        494.32683        494.32683     100001.00000      1.5136        drrr_15+rroi 

Method statistics
S  method    iter  succ  succ-rate%  tot-obj-gain  avg-obj-gain  rel-succ%  net-time  net-time%  brut-time  brut-time%
S  con          1     1   100.00000     -36.00000     -36.00000    3.44828   0.08030    5.30489    0.08030     5.30489
S  drrr_15    299    14     4.68227  -99509.67317    -332.80827   48.27586   0.00258    0.17076    0.00258     0.17076
S  rrg        110     7     6.36364     -26.25741      -0.23870   24.13793   0.56161   37.10370    0.56161    37.10370
S  rroi        99     3     3.03030      -4.65093      -0.04698   10.34483   0.44241   29.22864    0.44241    29.22864
S  rrri        90     4     4.44444  -99478.76484   -1105.31961   13.79310   0.42537   28.10263    0.42537    28.10263
S  SUM/AVG    599    29     4.84140 -199055.34635    -332.31277   20.00000   1.51227   99.91063    1.51227    99.91063

T best solution: EADARPSolution(t_routing=622.581, t_excess=109.565, obj_val=494.327, obj_val_valid=true,
    unserved_requests=Int64[], F_visited=[90, 87, 89, 88], S_visited=[92, 91, 93],
    (1, ([83, 25, 65, 33, 4, 44, 73, 30, 70, 19, 59, 36, 34, 74, 76, 91, 2, 42, 7, 47, 6, 46, 27, 67, 87], [95.91060712654384], [16]))
    (2, ([84, 17, 57, 40, 80, 1, 41, 37, 77, 24, 64, 8, 48, 11, 51, 20, 60, 92, 12, 29, 69, 52, 88], [98.23002245392583], [18]))
    (3, ([85, 26, 3, 66, 43, 23, 21, 63, 10, 61, 31, 50, 71, 39, 79, 28, 68, 18, 58, 15, 55, 14, 32, 54, 72, 13, 53, 93, 89], [114.46846489990088], [28]))
    (4, ([86, 16, 56, 5, 45, 9, 49, 22, 62, 35, 38, 78, 75, 90], Float64[], Int64[])))

T best obj: 494.3268262435665
T best iteration: 207
T total iterations: 300
T best time [s]: 1.429
T total time [s]: 1.5136
