EADARP version 2def-dirty
ARGS: --ifile=EADARP/instances/b1/a4-40.txt --odir=EADARP/out/a4-40 --oname=run52
Settings:
--alns_gamma=0.025
--alns_segment_size=100
--alns_sigma1=10
--alns_sigma2=9
--alns_sigma3=3
--at_most_one_s=false
--gamma=-1.0
--ifile=EADARP/instances/b1/a4-40.txt
--insert_charging_otf=true
--insert_cost_noise=0.014
--lns_init_temp_factor=0.0
--lns_temp_dec_factor=0.99
--mh_checkit=false
--mh_lfreq=0
--mh_lnewinc=true
--mh_tciter=-1
--mh_tctime=-1.0
--mh_titer=300
--mh_tobj=-1.0
--mh_ttime=-1.0
--odir=EADARP/out/a4-40
--oname=run52
--only_single_s_visits=true
--repair_max_routes=0
--seed=1138167843
--use_milp_in_otf=0
--xcheck_isfeasible=false

EADARPInstance(EADARP/instances/b1/a4-40.txt, n=40, n_K=4, S=[91, 92, 93], Q=14.85, n_F=4, γ=0.7, T_plan=600.0, F=[87, 88, 89, 90])

T preprocessing time [s]: 0.78772
I       iter             best          obj_old          obj_new        time              method info
I          1     100005.00000     100040.00000     100005.00000      0.0813                 con 
I          2     100004.00000     100005.00000     100004.00000      0.1087        drrr_15+rrri 
I          5     100003.00000     100004.00000     100003.00000      0.1665         drrr_15+rrg 
I          7     100002.00000     100003.00000     100002.00000      0.1983         drrr_15+rrg 
I         20     100001.00000     100002.00000     100001.00000      0.3750        drrr_15+rrri 
I         23        536.92401     100001.00000        536.92401      0.3910        drrr_15+rroi 
I         40        533.36271        536.92401        533.36271      0.5301        drrr_15+rrri 
I         53        517.16289        533.36271        517.16289      0.5501        drrr_15+rrri 
I         61        513.72279        517.16289        513.72279      0.5559         drrr_15+rrg 
I         62        513.37888        513.72279        513.37888      0.5575         drrr_15+rrg 
I         70        511.46196        513.37888        511.46196      0.5945        drrr_15+rroi 
I        187        508.37067        511.46196        508.37067      0.7878        drrr_15+rroi 
I        285        502.06018        508.37067        502.06018      0.9797         drrr_15+rrg 
I        289        501.63534        502.06018        501.63534      0.9923         drrr_15+rrg 
I        300        500.25647        501.63534        500.25647      1.0152         drrr_15+rrg 

Method statistics
S  method    iter  succ  succ-rate%  tot-obj-gain  avg-obj-gain  rel-succ%  net-time  net-time%  brut-time  brut-time%
S  con          1     1   100.00000     -35.00000     -35.00000    3.44828   0.08126    8.00369    0.08126     8.00369
S  drrr_15    299    14     4.68227  -99504.74353    -332.79178   48.27586   0.00242    0.23826    0.00242     0.23826
S  rrg         89     7     7.86517     -13.89821      -0.15616   24.13793   0.37210   36.65072    0.37210    36.65072
S  rroi       100     3     3.00000  -99469.08420    -994.69084   10.34483   0.22736   22.39407    0.22736    22.39407
S  rrri       110     4     3.63636     -21.76112      -0.19783   13.79310   0.33091   32.59366    0.33091    32.59366
S  SUM/AVG    599    29     4.84140 -199044.48707    -332.29464   20.00000   1.01404   99.88040    1.01404    99.88040

T best solution: EADARPSolution(t_routing=629.365, t_excess=112.931, obj_val=500.256, obj_val_valid=true,
    unserved_requests=Int64[], F_visited=[87, 88, 89, 90], S_visited=[91, 92, 93],
    (1, ([83, 39, 79, 20, 60, 35, 38, 78, 75, 87], Float64[], Int64[]))
    (2, ([84, 25, 65, 33, 4, 44, 73, 10, 50, 19, 59, 36, 28, 76, 68, 18, 58, 15, 55, 8, 9, 49, 48, 11, 51, 7, 47, 22, 62, 91, 88], [127.70081540706946], [30]))
    (3, ([85, 23, 17, 63, 57, 40, 30, 70, 80, 16, 56, 5, 45, 34, 74, 92, 14, 32, 54, 72, 2, 42, 12, 29, 69, 52, 89], [84.4604411901662], [16]))
    (4, ([86, 26, 3, 66, 43, 21, 61, 31, 1, 71, 41, 37, 77, 24, 64, 93, 13, 53, 6, 46, 27, 67, 90], [109.84764549306429], [16])))

T best obj: 500.2564673851304
T best iteration: 300
T total iterations: 300
T best time [s]: 1.015
T total time [s]: 1.0153
