EADARP version 2def-dirty
ARGS: --ifile=EADARP/instances/b1/a4-40.txt --odir=EADARP/out/a4-40 --oname=run71
Settings:
--alns_gamma=0.025
--alns_segment_size=100
--alns_sigma1=10
--alns_sigma2=9
--alns_sigma3=3
--at_most_one_s=false
--gamma=-1.0
--ifile=EADARP/instances/b1/a4-40.txt
--insert_charging_otf=true
--insert_cost_noise=0.014
--lns_init_temp_factor=0.0
--lns_temp_dec_factor=0.99
--mh_checkit=false
--mh_lfreq=0
--mh_lnewinc=true
--mh_tciter=-1
--mh_tctime=-1.0
--mh_titer=300
--mh_tobj=-1.0
--mh_ttime=-1.0
--odir=EADARP/out/a4-40
--oname=run71
--only_single_s_visits=true
--repair_max_routes=0
--seed=2051730907
--use_milp_in_otf=0
--xcheck_isfeasible=false

EADARPInstance(EADARP/instances/b1/a4-40.txt, n=40, n_K=4, S=[91, 92, 93], Q=14.85, n_F=4, γ=0.7, T_plan=600.0, F=[87, 88, 89, 90])

T preprocessing time [s]: 0.77693
I       iter             best          obj_old          obj_new        time              method info
I          1     100003.00000     100040.00000     100003.00000      0.0703                 con 
I          3     100002.00000     100003.00000     100002.00000      0.1278        drrr_15+rrri 
I         21     100001.00000     100002.00000     100001.00000      0.3468        drrr_15+rrri 
I        104        498.68011     100001.00000        498.68011      0.9278        drrr_15+rroi 
I        109        495.99980        498.68011        495.99980      0.9413        drrr_15+rroi 
I        110        493.95255        495.99980        493.95255      0.9426        drrr_15+rroi 
I        114        493.91516        493.95255        493.91516      0.9618         drrr_15+rrg 
I        122        489.65549        493.91516        489.65549      0.9950        drrr_15+rrri 
I        146        489.34897        489.65549        489.34897      1.0636        drrr_15+rrri 
I        208        484.93123        489.34897        484.93123      1.1255         drrr_15+rrg 
I        211        483.78566        484.93123        483.78566      1.1519        drrr_15+rrri 
I        214        481.93336        483.78566        481.93336      1.1526         drrr_15+rrg 
I        229        481.27664        481.93336        481.27664      1.1640        drrr_15+rrri 
I        300        481.27664        481.27664        481.27664      1.2016        drrr_15+rrri 

Method statistics
S  method    iter  succ  succ-rate%  tot-obj-gain  avg-obj-gain  rel-succ%  net-time  net-time%  brut-time  brut-time%
S  con          1     1   100.00000     -37.00000     -37.00000    4.00000   0.07029    5.84932    0.07029     5.84932
S  drrr_15    299    12     4.01338  -99521.72336    -332.84857   48.00000   0.00236    0.19605    0.00236     0.19605
S  rrg        109     3     2.75229      -6.30742      -0.05787   12.00000   0.38557   32.08790    0.38557    32.08790
S  rroi       100     3     3.00000  -99507.04745    -995.07047   12.00000   0.33858   28.17720    0.33858    28.17720
S  rrri        90     6     6.66667      -8.36849      -0.09298   24.00000   0.40372   33.59852    0.40372    33.59852
S  SUM/AVG    599    25     4.17362 -199080.44672    -332.35467   20.00000   1.20052   99.90901    1.20052    99.90901

T best solution: EADARPSolution(t_routing=599.919, t_excess=125.348, obj_val=481.277, obj_val_valid=true,
    unserved_requests=Int64[], F_visited=[90, 87, 89, 88], S_visited=[93, 92, 91],
    (1, ([83, 26, 3, 66, 43, 10, 50, 19, 59, 5, 45, 37, 77, 24, 64, 91, 2, 42, 7, 47, 22, 62, 35, 38, 78, 75, 87], [107.84829175498894], [16]))
    (2, ([84, 17, 57, 40, 30, 70, 80, 18, 58, 15, 55, 6, 46, 88], Float64[], Int64[]))
    (3, ([85, 25, 65, 33, 4, 44, 73, 39, 79, 28, 68, 8, 9, 49, 48, 11, 51, 20, 60, 92, 12, 29, 69, 52, 89], [93.96152841366586], [20]))
    (4, ([86, 23, 63, 21, 1, 61, 31, 41, 71, 16, 56, 36, 34, 74, 76, 14, 32, 54, 72, 13, 53, 93, 27, 67, 90], [83.16196170496232], [22])))

T best obj: 481.276638132078
T best iteration: 229
T total iterations: 300
T best time [s]: 1.164
T total time [s]: 1.2016
