EADARP version 2def-dirty
ARGS: --ifile=EADARP/instances/b1/a4-40.txt --odir=EADARP/out/a4-40 --oname=run83
Settings:
--alns_gamma=0.025
--alns_segment_size=100
--alns_sigma1=10
--alns_sigma2=9
--alns_sigma3=3
--at_most_one_s=false
--gamma=-1.0
--ifile=EADARP/instances/b1/a4-40.txt
--insert_charging_otf=true
--insert_cost_noise=0.014
--lns_init_temp_factor=0.0
--lns_temp_dec_factor=0.99
--mh_checkit=false
--mh_lfreq=0
--mh_lnewinc=true
--mh_tciter=-1
--mh_tctime=-1.0
--mh_titer=300
--mh_tobj=-1.0
--mh_ttime=-1.0
--odir=EADARP/out/a4-40
--oname=run83
--only_single_s_visits=true
--repair_max_routes=0
--seed=1003898347
--use_milp_in_otf=0
--xcheck_isfeasible=false

EADARPInstance(EADARP/instances/b1/a4-40.txt, n=40, n_K=4, S=[91, 92, 93], Q=14.85, n_F=4, γ=0.7, T_plan=600.0, F=[87, 88, 89, 90])

T preprocessing time [s]: 0.784
I       iter             best          obj_old          obj_new        time              method info
I          1     100005.00000     100040.00000     100005.00000      0.0945                 con 
I          2     100003.00000     100005.00000     100003.00000      0.1141        drrr_15+rrri 
I          3     100002.00000     100003.00000     100002.00000      0.1306         drrr_15+rrg 
I          7     100001.00000     100002.00000     100001.00000      0.2288        drrr_15+rroi 
I         79        531.21961     100001.00000        531.21961      0.7139        drrr_15+rrri 
I         80        505.14411        531.21961        505.14411      0.7143         drrr_15+rrg 
I        156        497.01956        505.14411        497.01956      0.8253        drrr_15+rrri 
I        171        495.48786        497.01956        495.48786      0.8315        drrr_15+rrri 
I        300        495.48786        495.48786        495.48786      0.9126        drrr_15+rrri 

Method statistics
S  method    iter  succ  succ-rate%  tot-obj-gain  avg-obj-gain  rel-succ%  net-time  net-time%  brut-time  brut-time%
S  con          1     1   100.00000     -35.00000     -35.00000    6.66667   0.09448   10.35303    0.09448    10.35303
S  drrr_15    299     7     2.34114  -99509.51214    -332.80773   46.66667   0.00230    0.25148    0.00230     0.25148
S  rrg        103     2     1.94175     -27.07550      -0.26287   13.33333   0.30162   33.05105    0.30162    33.05105
S  rroi       104     1     0.96154      -1.00000      -0.00962    6.66667   0.19896   21.80159    0.19896    21.80159
S  rrri        92     4     4.34783  -99481.43663   -1081.31996   26.66667   0.31428   34.43725    0.31428    34.43725
S  SUM/AVG    599    15     2.50417 -199054.02427    -332.31056   20.00000   0.91164   99.89440    0.91164    99.89440

T best solution: EADARPSolution(t_routing=619.144, t_excess=124.52, obj_val=495.488, obj_val_valid=true,
    unserved_requests=Int64[], F_visited=[87, 88, 89, 90], S_visited=[91, 92, 93],
    (1, ([83, 25, 65, 23, 17, 63, 57, 40, 30, 70, 80, 19, 59, 36, 28, 76, 68, 18, 58, 15, 55, 8, 9, 49, 48, 11, 51, 2, 42, 7, 47, 93, 87], [133.19962040116332], [32]))
    (2, ([84, 26, 3, 66, 43, 31, 71, 16, 56, 5, 45, 37, 77, 24, 64, 92, 20, 60, 22, 62, 35, 38, 78, 75, 88], [97.46720802223338], [16]))
    (3, ([85, 21, 1, 61, 10, 41, 50, 34, 74, 14, 32, 54, 72, 13, 53, 91, 6, 46, 27, 67, 89], [67.47749125997667], [16]))
    (4, ([86, 33, 4, 44, 73, 39, 79, 12, 29, 69, 52, 90], Float64[], Int64[])))

T best obj: 495.48786435193654
T best iteration: 171
T total iterations: 300
T best time [s]: 0.832
T total time [s]: 0.9126
