EADARP version e957-dirty
ARGS: ["--prepthreshold=1.125", "--only_single_s_visits=0", "--gamma=0.7", "--ifile=EADARP/instances/l1/a6-60.txt", "--odir=EADARP/out/l1-s0-g0.7", "--oname=a6-60_1.125_02"]
Settings:
--alns_gamma=0.025
--alns_segment_size=100
--alns_sigma1=10
--alns_sigma2=9
--alns_sigma3=3
--at_most_one_s=false
--gamma=0.7
--ifile=EADARP/instances/l1/a6-60.txt
--infeasible_arcs=EADARP/infeasible_arcs
--insert_charging_otf=true
--insert_cost_noise=0.014
--lns_init_temp_factor=0.0
--lns_temp_dec_factor=0.99
--log_all_sols_fname=
--mh_checkit=false
--mh_lfreq=0
--mh_lnewinc=true
--mh_tciter=-1
--mh_tctime=-1.0
--mh_titer=30000
--mh_tobj=-1.0
--mh_ttime=-1.0
--odir=EADARP/out/l1-s0-g0.7
--ofile=
--oname=a6-60_1.125_02
--only_single_s_visits=false
--prepthreshold=1.125
--repair_max_routes=0
--route_based_ops=0
--seed=1178594485
--tightened_windows=EADARP/tightened_windows
--use_milp_in_otf=0
--xcheck_isfeasible=false

EADARPInstance(EADARP/instances/l1/a6-60.txt, n=60, n_K=6, S=[135, 136, 137], Q=14.85, n_F=6, γ=0.7, T_plan=600.0, F=[129, 130, 131, 132, 133, 134])

T preprocessing time [s]: 3.16376
I       iter             best          obj_old          obj_new        time              method info
I          1        816.39112     100060.00000        816.39112      0.1682                 con 
I          2        797.23849        816.39112        797.23849      0.1878        drrr_15+rroi 
I          5        788.39500        797.23849        788.39500      0.3656        drrr_15+rrri 
I          8        770.73856        788.39500        770.73856      0.4359        drrr_15+rroi 
I          9        759.49051        770.73856        759.49051      0.4437        drrr_15+rroi 
I         10        753.76869        759.49051        753.76869      0.4608         drrr_15+rrg 
I         12        750.05670        753.76869        750.05670      0.4878        drrr_15+rrri 
I         17        743.61898        750.05670        743.61898      0.5666         drrr_15+rrg 
I         20        742.49906        743.61898        742.49906      0.6001        drrr_15+rroi 
I         29        741.82268        742.49906        741.82268      0.7123        drrr_15+rrri 
I         33        738.02130        741.82268        738.02130      0.7500         drrr_15+rrg 
I         35        728.26241        738.02130        728.26241      0.7586        drrr_15+rrri 
I         43        728.07674        728.26241        728.07674      0.7844        drrr_15+rrri 
I         54        727.00147        728.07674        727.00147      0.8380        drrr_15+rroi 
I         59        726.85406        727.00147        726.85406      0.8691        drrr_15+rroi 
I         65        724.44140        726.85406        724.44140      0.9066         drrr_15+rrg 
I         68        721.78937        724.44140        721.78937      0.9133        drrr_15+rroi 
I         75        717.30277        721.78937        717.30277      0.9365        drrr_15+rrri 
I         80        716.03822        717.30277        716.03822      0.9652         drrr_15+rrg 
I         90        715.93911        716.03822        715.93911      0.9792         drrr_15+rrg 
I        121        715.55486        715.93911        715.55486      1.0591        drrr_15+rrri 
I        134        715.45448        715.55486        715.45448      1.0942        drrr_15+rroi 
I        294        714.33492        715.45448        714.33492      1.3127         drrr_15+rrg 
I        303        714.11128        714.33492        714.11128      1.3263        drrr_15+rroi 
I        330        713.20543        714.11128        713.20543      1.3607        drrr_15+rrri 
I        336        713.19745        713.20543        713.19745      1.3710        drrr_15+rroi 
I        428        711.81558        713.19745        711.81558      1.5125         drrr_15+rrg 
I        431        711.80760        711.81558        711.80760      1.5334        drrr_15+rrri 
I        446        709.10681        711.80760        709.10681      1.6086        drrr_15+rroi 
I        463        709.04389        709.10681        709.04389      1.6570        drrr_15+rroi 
I        570        704.65939        709.04389        704.65939      1.8300         drrr_15+rrg 
I        573        704.55902        704.65939        704.55902      1.8339         drrr_15+rrg 
I        585        703.44197        704.55902        703.44197      1.8656         drrr_15+rrg 
I        709        702.67805        703.44197        702.67805      1.9918         drrr_15+rrg 
I       1097        702.46242        702.67805        702.46242      2.4537        drrr_15+rrri 
I       1282        700.39980        702.46242        700.39980      2.6516         drrr_15+rrg 
I       5632        700.37764        700.39980        700.37764      6.8583         drrr_15+rrg 
I       5917        699.80338        700.37764        699.80338      7.1103        drrr_15+rroi 
I       6221        699.45680        699.80338        699.45680      7.3949        drrr_15+rroi 
I       6778        699.44958        699.45680        699.44958      7.9023        drrr_15+rroi 
I       7175        695.08993        699.44958        695.08993      8.8735        drrr_15+rroi 
I       7198        695.05248        695.08993        695.05248      8.8932        drrr_15+rrri 
I       7243        694.98956        695.05248        694.98956      8.9282        drrr_15+rroi 
I       7372        693.49063        694.98956        693.49063      9.0552         drrr_15+rrg 
I      13617        693.00456        693.49063        693.00456     14.5921        drrr_15+rroi 
I      13621        693.00017        693.00456        693.00017     14.5965         drrr_15+rrg 
I      13647        692.89979        693.00017        692.89979     14.6224        drrr_15+rrri 
I      14294        692.24782        692.89979        692.24782     15.1667        drrr_15+rroi 
I      14354        692.18490        692.24782        692.18490     15.2093         drrr_15+rrg 
I      27160        691.69533        692.18490        691.69533     25.5376        drrr_15+rrri 
I      30000        691.69533        691.69533        694.19550     27.7668        drrr_15+rrri 

Method statistics
S  method    iter  succ  succ-rate%  tot-obj-gain  avg-obj-gain  rel-succ%  net-time  net-time%  brut-time  brut-time%
S  con          1     1   100.00000  -99243.60888  -99243.60888    1.01010   0.16811    0.60542    0.16811     0.60542
S  drrr_15  29999    49     0.16334    -124.69579      -0.00416   49.49495   0.91005    3.27748    0.91005     3.27748
S  rrg       9913    17     0.17149     -32.25554      -0.00325   17.17172  12.92385   46.54419   12.92385    46.54419
S  rroi     10121    19     0.18773     -62.63613      -0.00619   19.19192   7.02121   25.28630    7.02121    25.28630
S  rrri      9965    13     0.13046     -29.80412      -0.00299   13.13131   6.52086   23.48433    6.52086    23.48433
S  SUM/AVG  59999    99     0.16500  -99493.00046      -1.65824   20.00000  27.54407   99.19771   27.54407    99.19771

T best solution: EADARPSolution(t_routing=849.889, t_excess=217.114, obj_val=691.695, obj_val_valid=true,
    unserved_requests=Int64[], F_visited=[130, 134, 131, 129, 132, 133], S_visited=Int64[],
    (1, ([123, 58, 118, 38, 98, 51, 27, 7, 111, 87, 67, 18, 78, 23, 83, 26, 86, 6, 17, 66, 77, 135, 129], [74.05843438981395], [22]))
    (2, ([124, 55, 115, 14, 56, 116, 74, 11, 71, 15, 75, 36, 96, 21, 44, 81, 104, 135, 130], [39.602032075511545], [18]))
    (3, ([125, 8, 68, 43, 37, 103, 97, 46, 106, 39, 99, 48, 25, 85, 108, 3, 63, 135, 131], [18.30968197119825], [18]))
    (4, ([126, 12, 72, 1, 22, 61, 82, 40, 100, 5, 54, 65, 114, 30, 10, 90, 70, 41, 101, 32, 92, 135, 132], [58.40823735043362], [22]))
    (5, ([127, 57, 117, 49, 109, 20, 80, 45, 105, 33, 53, 93, 2, 113, 62, 52, 112, 28, 88, 135, 35, 34, 94, 95, 13, 73, 133], [110.81912865910985], [20]))
    (6, ([128, 60, 9, 120, 69, 16, 4, 47, 76, 64, 107, 29, 50, 89, 110, 31, 91, 19, 79, 59, 119, 42, 24, 102, 84, 135, 134], [62.69163732471199], [26])))

T best obj: 691.6953288519389
T best iteration: 27160
T total iterations: 30000
T best time [s]: 25.538
T total time [s]: 27.7668
