EADARP version e957-dirty
ARGS: ["--prepthreshold=1.250", "--only_single_s_visits=0", "--gamma=0.7", "--ifile=EADARP/instances/l1/a6-60.txt", "--odir=EADARP/out/l1-s0-g0.7", "--oname=a6-60_1.250_14"]
Settings:
--alns_gamma=0.025
--alns_segment_size=100
--alns_sigma1=10
--alns_sigma2=9
--alns_sigma3=3
--at_most_one_s=false
--gamma=0.7
--ifile=EADARP/instances/l1/a6-60.txt
--infeasible_arcs=EADARP/infeasible_arcs
--insert_charging_otf=true
--insert_cost_noise=0.014
--lns_init_temp_factor=0.0
--lns_temp_dec_factor=0.99
--log_all_sols_fname=
--mh_checkit=false
--mh_lfreq=0
--mh_lnewinc=true
--mh_tciter=-1
--mh_tctime=-1.0
--mh_titer=30000
--mh_tobj=-1.0
--mh_ttime=-1.0
--odir=EADARP/out/l1-s0-g0.7
--ofile=
--oname=a6-60_1.250_14
--only_single_s_visits=false
--prepthreshold=1.25
--repair_max_routes=0
--route_based_ops=0
--seed=1166075255
--tightened_windows=EADARP/tightened_windows
--use_milp_in_otf=0
--xcheck_isfeasible=false

EADARPInstance(EADARP/instances/l1/a6-60.txt, n=60, n_K=6, S=[135, 136, 137], Q=14.85, n_F=6, γ=0.7, T_plan=600.0, F=[129, 130, 131, 132, 133, 134])

T preprocessing time [s]: 3.14351
I       iter             best          obj_old          obj_new        time              method info
I          1        807.89808     100060.00000        807.89808      0.1530                 con 
I          2        801.18948        807.89808        801.18948      0.1950         drrr_15+rrg 
I          5        800.16450        801.18948        800.16450      0.2469        drrr_15+rroi 
I          9        800.05276        800.16450        800.05276      0.3195        drrr_15+rroi 
I         12        780.36926        800.05276        780.36926      0.3708         drrr_15+rrg 
I         14        778.42093        780.36926        778.42093      0.3958        drrr_15+rrri 
I         15        763.09443        778.42093        763.09443      0.4244        drrr_15+rroi 
I         16        761.28581        763.09443        761.28581      0.4301        drrr_15+rroi 
I         18        749.10499        761.28581        749.10499      0.4820        drrr_15+rrri 
I         20        748.88690        749.10499        748.88690      0.5214        drrr_15+rrri 
I         21        747.46139        748.88690        747.46139      0.5292        drrr_15+rroi 
I         22        737.19007        747.46139        737.19007      0.5369        drrr_15+rrri 
I         25        720.31408        737.19007        720.31408      0.5897         drrr_15+rrg 
I         26        715.11997        720.31408        715.11997      0.5964         drrr_15+rrg 
I         27        711.01786        715.11997        711.01786      0.6080        drrr_15+rroi 
I         29        708.56003        711.01786        708.56003      0.7978        drrr_15+rroi 
I         32        708.31578        708.56003        708.31578      0.8681        drrr_15+rroi 
I        139        708.12832        708.31578        708.12832      1.3173         drrr_15+rrg 
I        209        704.07197        708.12832        704.07197      1.4392         drrr_15+rrg 
I        246        703.89249        704.07197        703.89249      1.5065        drrr_15+rroi 
I        325        703.88451        703.89249        703.88451      1.6207        drrr_15+rroi 
I        559        701.71075        703.88451        701.71075      1.9410         drrr_15+rrg 
I        567        700.10583        701.71075        700.10583      1.9709         drrr_15+rrg 
I        605        699.92635        700.10583        699.92635      2.0172        drrr_15+rrri 
I        617        698.44789        699.92635        698.44789      2.0264        drrr_15+rroi 
I       1613        698.38048        698.44789        698.38048      3.0629        drrr_15+rrri 
I       8994        698.07056        698.38048        698.07056     10.3433         drrr_15+rrg 
I      21390        698.02448        698.07056        698.02448     20.5622         drrr_15+rrg 
I      21399        697.92410        698.02448        697.92410     20.5687        drrr_15+rroi 
I      30000        697.92410        697.92410        708.28074     27.7324         drrr_15+rrg 

Method statistics
S  method    iter  succ  succ-rate%  tot-obj-gain  avg-obj-gain  rel-succ%  net-time  net-time%  brut-time  brut-time%
S  con          1     1   100.00000  -99252.10192  -99252.10192    1.75439   0.15285    0.55116    0.15285     0.55116
S  drrr_15  29999    28     0.09334    -109.97398      -0.00367   49.12281   0.96620    3.48400    0.96620     3.48400
S  rrg       9814    10     0.10190     -56.84069      -0.00579   17.54386  13.95625   50.32452   13.95625    50.32452
S  rroi     10171    12     0.11798     -28.26784      -0.00278   21.05263   6.09686   21.98454    6.09686    21.98454
S  rrri     10014     6     0.05992     -24.86546      -0.00248   10.52632   6.34462   22.87791    6.34462    22.87791
S  SUM/AVG  59999    57     0.09500  -99472.04988      -1.65790   20.00000  27.51678   99.22213   27.51678    99.22213

T best solution: EADARPSolution(t_routing=869.687, t_excess=182.635, obj_val=697.924, obj_val_valid=true,
    unserved_requests=Int64[], F_visited=[131, 130, 133, 132, 129, 134], S_visited=Int64[],
    (1, ([123, 12, 72, 16, 4, 64, 76, 22, 82, 30, 10, 90, 70, 41, 101, 32, 92, 135, 129], [29.562546055802002], [18]))
    (2, ([124, 57, 117, 49, 109, 20, 80, 45, 105, 53, 33, 93, 113, 31, 91, 19, 79, 59, 119, 42, 24, 102, 84, 135, 130], [70.8284552097796], [24]))
    (3, ([125, 58, 118, 38, 98, 7, 47, 107, 67, 18, 78, 40, 100, 29, 50, 89, 110, 52, 112, 17, 6, 66, 77, 135, 131], [90.02407389172915], [24]))
    (4, ([126, 8, 68, 43, 37, 103, 97, 3, 21, 63, 81, 132], Float64[], Int64[]))
    (5, ([127, 55, 115, 14, 56, 116, 74, 11, 71, 1, 61, 23, 83, 26, 86, 5, 54, 65, 114, 136, 46, 106, 39, 99, 36, 48, 96, 25, 85, 108, 135, 133], [35.09312172567045, 72.58993069795088], [20, 31]))
    (6, ([128, 60, 9, 120, 69, 51, 27, 111, 87, 2, 62, 15, 75, 28, 88, 135, 35, 34, 94, 95, 13, 44, 104, 73, 134], [93.80146467539741], [16])))

T best obj: 697.9241005385481
T best iteration: 21399
T total iterations: 30000
T best time [s]: 20.569
T total time [s]: 27.7325
