EADARP version e957-dirty
ARGS: ["--prepthreshold=1.125", "--only_single_s_visits=0", "--gamma=0.7", "--ifile=EADARP/instances/l1/a6-60.txt", "--odir=EADARP/out/l1-s0-g0.7", "--oname=a6-60_1.125_13"]
Settings:
--alns_gamma=0.025
--alns_segment_size=100
--alns_sigma1=10
--alns_sigma2=9
--alns_sigma3=3
--at_most_one_s=false
--gamma=0.7
--ifile=EADARP/instances/l1/a6-60.txt
--infeasible_arcs=EADARP/infeasible_arcs
--insert_charging_otf=true
--insert_cost_noise=0.014
--lns_init_temp_factor=0.0
--lns_temp_dec_factor=0.99
--log_all_sols_fname=
--mh_checkit=false
--mh_lfreq=0
--mh_lnewinc=true
--mh_tciter=-1
--mh_tctime=-1.0
--mh_titer=30000
--mh_tobj=-1.0
--mh_ttime=-1.0
--odir=EADARP/out/l1-s0-g0.7
--ofile=
--oname=a6-60_1.125_13
--only_single_s_visits=false
--prepthreshold=1.125
--repair_max_routes=0
--route_based_ops=0
--seed=671754914
--tightened_windows=EADARP/tightened_windows
--use_milp_in_otf=0
--xcheck_isfeasible=false

EADARPInstance(EADARP/instances/l1/a6-60.txt, n=60, n_K=6, S=[135, 136, 137], Q=14.85, n_F=6, γ=0.7, T_plan=600.0, F=[129, 130, 131, 132, 133, 134])

T preprocessing time [s]: 3.02156
I       iter             best          obj_old          obj_new        time              method info
I          1        817.63845     100060.00000        817.63845      0.1426                 con 
I          5        807.48518        817.63845        807.48518      0.2074         drrr_15+rrg 
I          6        806.48118        807.48518        806.48118      0.2280        drrr_15+rrri 
I          8        790.25527        806.48118        790.25527      0.2573        drrr_15+rroi 
I          9        782.16644        790.25527        782.16644      0.2805         drrr_15+rrg 
I         10        772.40134        782.16644        772.40134      0.2972         drrr_15+rrg 
I         11        765.52308        772.40134        765.52308      0.3030        drrr_15+rrri 
I         12        763.55972        765.52308        763.55972      0.3136        drrr_15+rroi 
I         14        755.48529        763.55972        755.48529      0.3317        drrr_15+rroi 
I         23        741.12624        755.48529        741.12624      0.4021         drrr_15+rrg 
I         25        738.91363        741.12624        738.91363      0.4198        drrr_15+rrri 
I         29        733.65913        738.91363        733.65913      0.4544         drrr_15+rrg 
I         32        733.55875        733.65913        733.55875      0.4654         drrr_15+rrg 
I         59        731.79614        733.55875        731.79614      0.5808        drrr_15+rroi 
I         68        731.56875        731.79614        731.56875      0.6018        drrr_15+rroi 
I         76        729.31851        731.56875        729.31851      0.6334        drrr_15+rrri 
I         77        726.80990        729.31851        726.80990      0.6341        drrr_15+rroi 
I         91        726.19125        726.80990        726.19125      0.6676        drrr_15+rroi 
I        104        725.21367        726.19125        725.21367      0.7080        drrr_15+rrri 
I        108        724.09662        725.21367        724.09662      0.7268        drrr_15+rroi 
I        136        721.45525        724.09662        721.45525      0.8419        drrr_15+rroi 
I        156        720.14216        721.45525        720.14216      0.9044        drrr_15+rrri 
I        171        716.20393        720.14216        716.20393      0.9443        drrr_15+rrri 
I        206        713.94557        716.20393        713.94557      1.0168        drrr_15+rrri 
I       1177        710.61734        713.94557        710.61734      2.3832        drrr_15+rrri 
I       1206        710.55442        710.61734        710.55442      2.4398        drrr_15+rroi 
I       1275        709.99967        710.55442        709.99967      2.5092        drrr_15+rroi 
I       1408        708.53234        709.99967        708.53234      2.6439        drrr_15+rrri 
I       1434        708.43196        708.53234        708.43196      2.6738        drrr_15+rroi 
I      11089        707.93016        708.43196        707.93016     11.5052        drrr_15+rrri 
I      11093        706.18541        707.93016        706.18541     11.5092         drrr_15+rrg 
I      11214        703.58326        706.18541        703.58326     11.6016         drrr_15+rrg 
I      11260        703.48289        703.58326        703.48289     11.6415        drrr_15+rrri 
I      11310        701.28647        703.48289        701.28647     11.6802        drrr_15+rroi 
I      11324        701.24902        701.28647        701.24902     11.6916        drrr_15+rroi 
I      11342        701.18609        701.24902        701.18609     11.7045        drrr_15+rrri 
I      13083        700.21098        701.18609        700.21098     13.1106        drrr_15+rrri 
I      13084        700.13187        700.21098        700.13187     13.1112        drrr_15+rroi 
I      13116        700.03150        700.13187        700.03150     13.1396        drrr_15+rroi 
I      13258        700.00038        700.03150        700.00038     13.2428        drrr_15+rrri 
I      13261        699.90001        700.00038        699.90001     13.2472        drrr_15+rrri 
I      26944        699.49146        699.90001        699.49146     24.2215        drrr_15+rrri 
I      30000        699.49146        699.49146        730.71295     26.6581        drrr_15+rroi 

Method statistics
S  method    iter  succ  succ-rate%  tot-obj-gain  avg-obj-gain  rel-succ%  net-time  net-time%  brut-time  brut-time%
S  con          1     1   100.00000  -99242.36155  -99242.36155    1.20482   0.14249    0.53451    0.14249     0.53451
S  drrr_15  29999    41     0.13667    -118.14699      -0.00394   49.39759   0.90680    3.40159    0.90680     3.40159
S  rrg       9908     8     0.08074     -52.06802      -0.00526    9.63855  13.60818   51.04689   13.60818    51.04689
S  rroi     10094    16     0.15851     -38.27078      -0.00379   19.27711   5.47668   20.54408    5.47668    20.54408
S  rrri      9997    17     0.17005     -27.80819      -0.00278   20.48193   6.32192   23.71475    6.32192    23.71475
S  SUM/AVG  59999    83     0.13834  -99478.65553      -1.65801   20.00000  26.45607   99.24182   26.45607    99.24182

T best solution: EADARPSolution(t_routing=857.316, t_excess=226.019, obj_val=699.491, obj_val_valid=true,
    unserved_requests=Int64[], F_visited=[132, 131, 133, 129, 134, 130], S_visited=Int64[],
    (1, ([123, 58, 118, 38, 98, 40, 100, 29, 50, 89, 110, 52, 112, 28, 88, 135, 35, 34, 94, 95, 3, 21, 63, 81, 135, 129], [113.33102746833652, 1.5413739999412455], [16, 25]))
    (2, ([124, 60, 9, 120, 69, 51, 27, 7, 111, 87, 67, 2, 62, 137, 43, 37, 103, 97, 46, 106, 39, 99, 36, 48, 96, 25, 85, 108, 130], [82.17727999214154], [14]))
    (3, ([125, 12, 72, 16, 4, 47, 76, 64, 107, 8, 68, 15, 75, 6, 17, 66, 77, 13, 44, 104, 73, 135, 131], [45.5665568845602], [22]))
    (4, ([126, 57, 117, 49, 109, 20, 80, 45, 105, 53, 33, 93, 113, 31, 91, 19, 79, 59, 119, 42, 24, 102, 84, 135, 132], [70.8284552097796], [24]))
    (5, ([127, 18, 78, 23, 83, 26, 86, 5, 54, 65, 114, 133], Float64[], Int64[]))
    (6, ([128, 55, 115, 14, 56, 116, 74, 11, 71, 1, 22, 61, 82, 30, 10, 90, 70, 41, 101, 32, 92, 135, 134], [60.11773484498555], [22])))

T best obj: 699.4914603834372
T best iteration: 26944
T total iterations: 30000
T best time [s]: 24.221
T total time [s]: 26.6582
