EADARP version e957-dirty
ARGS: ["--prepthreshold=1.125", "--only_single_s_visits=0", "--gamma=0.7", "--ifile=EADARP/instances/l1/a6-60.txt", "--odir=EADARP/out/l1-s0-g0.7", "--oname=a6-60_1.125_14"]
Settings:
--alns_gamma=0.025
--alns_segment_size=100
--alns_sigma1=10
--alns_sigma2=9
--alns_sigma3=3
--at_most_one_s=false
--gamma=0.7
--ifile=EADARP/instances/l1/a6-60.txt
--infeasible_arcs=EADARP/infeasible_arcs
--insert_charging_otf=true
--insert_cost_noise=0.014
--lns_init_temp_factor=0.0
--lns_temp_dec_factor=0.99
--log_all_sols_fname=
--mh_checkit=false
--mh_lfreq=0
--mh_lnewinc=true
--mh_tciter=-1
--mh_tctime=-1.0
--mh_titer=30000
--mh_tobj=-1.0
--mh_ttime=-1.0
--odir=EADARP/out/l1-s0-g0.7
--ofile=
--oname=a6-60_1.125_14
--only_single_s_visits=false
--prepthreshold=1.125
--repair_max_routes=0
--route_based_ops=0
--seed=841800471
--tightened_windows=EADARP/tightened_windows
--use_milp_in_otf=0
--xcheck_isfeasible=false

EADARPInstance(EADARP/instances/l1/a6-60.txt, n=60, n_K=6, S=[135, 136, 137], Q=14.85, n_F=6, γ=0.7, T_plan=600.0, F=[129, 130, 131, 132, 133, 134])

T preprocessing time [s]: 3.54386
I       iter             best          obj_old          obj_new        time              method info
I          1        804.13831     100060.00000        804.13831      0.1657                 con 
I          2        783.11859        804.13831        783.11859      0.1874        drrr_15+rroi 
I          3        769.84549        783.11859        769.84549      0.2090        drrr_15+rrri 
I          7        769.70929        769.84549        769.70929      0.2649        drrr_15+rroi 
I          8        752.00506        769.70929        752.00506      0.3000        drrr_15+rrri 
I         10        747.39636        752.00506        747.39636      0.3426         drrr_15+rrg 
I         12        744.55486        747.39636        744.55486      0.3774        drrr_15+rroi 
I         16        739.32897        744.55486        739.32897      0.4339        drrr_15+rroi 
I         17        735.90830        739.32897        735.90830      0.4465         drrr_15+rrg 
I         18        734.15131        735.90830        734.15131      0.4567        drrr_15+rroi 
I         47        733.38045        734.15131        733.38045      0.5760         drrr_15+rrg 
I         48        723.75322        733.38045        723.75322      0.5825        drrr_15+rroi 
I         60        722.58434        723.75322        722.58434      0.6622        drrr_15+rrri 
I         63        719.31380        722.58434        719.31380      0.6763         drrr_15+rrg 
I         68        719.21342        719.31380        719.21342      0.7139         drrr_15+rrg 
I         77        718.78014        719.21342        718.78014      0.7700        drrr_15+rroi 
I        111        717.52938        718.78014        717.52938      0.9677         drrr_15+rrg 
I        123        716.93133        717.52938        716.93133      1.0161        drrr_15+rrri 
I        125        716.73962        716.93133        716.73962      1.0203         drrr_15+rrg 
I        129        715.68590        716.73962        715.68590      1.0269        drrr_15+rroi 
I        197        715.66592        715.68590        715.66592      1.1859         drrr_15+rrg 
I        231        714.88082        715.66592        714.88082      1.2511         drrr_15+rrg 
I        243        712.13732        714.88082        712.13732      1.2724         drrr_15+rrg 
I        257        711.14018        712.13732        711.14018      1.2882        drrr_15+rroi 
I        278        707.84729        711.14018        707.84729      1.3214        drrr_15+rrri 
I        280        707.74692        707.84729        707.74692      1.3263         drrr_15+rrg 
I       3356        707.30785        707.74692        707.30785      4.6877        drrr_15+rrri 
I       3547        707.11210        707.30785        707.11210      5.1000        drrr_15+rrri 
I       3581        707.01172        707.11210        707.01172      5.1322        drrr_15+rrri 
I       4068        706.78405        707.01172        706.78405      5.5690         drrr_15+rrg 
I       5093        706.52986        706.78405        706.52986      6.5355        drrr_15+rroi 
I       5129        706.04499        706.52986        706.04499      6.5644        drrr_15+rroi 
I       5190        705.98206        706.04499        705.98206      6.6223        drrr_15+rrri 
I       5479        704.43913        705.98206        704.43913      6.8921        drrr_15+rrri 
I       6309        704.42733        704.43913        704.42733      8.3293        drrr_15+rrri 
I       6318        703.98828        704.42733        703.98828      8.3377         drrr_15+rrg 
I       6627        703.85370        703.98828        703.85370      8.5985         drrr_15+rrg 
I       6679        703.21552        703.85370        703.21552      8.6582        drrr_15+rroi 
I       6694        703.11514        703.21552        703.11514      8.6698        drrr_15+rrri 
I       6742        702.19141        703.11514        702.19141      8.7262        drrr_15+rrri 
I       7178        701.60767        702.19141        701.60767      9.1388        drrr_15+rrri 
I      30000        701.60767        701.60767        701.67059     28.5841         drrr_15+rrg 

Method statistics
S  method    iter  succ  succ-rate%  tot-obj-gain  avg-obj-gain  rel-succ%  net-time  net-time%  brut-time  brut-time%
S  con          1     1   100.00000  -99255.86169  -99255.86169    1.23457   0.16563    0.57946    0.16563     0.57946
S  drrr_15  29999    40     0.13334    -102.53064      -0.00342   49.38272   0.95145    3.32858    0.95145     3.32858
S  rrg      10085    14     0.13882     -18.06388      -0.00179   17.28395  14.47952   50.65564   14.47952    50.65564
S  rroi      9990    12     0.12012     -44.46892      -0.00445   14.81481   6.21983   21.75966    6.21983    21.75966
S  rrri      9924    14     0.14107     -39.99784      -0.00403   17.28395   6.51698   22.79923    6.51698    22.79923
S  SUM/AVG  59999    81     0.13500  -99460.92298      -1.65771   20.00000  28.33341   99.12257   28.33341    99.12257

T best solution: EADARPSolution(t_routing=878.58, t_excess=170.691, obj_val=701.608, obj_val_valid=true,
    unserved_requests=Int64[], F_visited=[131, 132, 130, 133, 134, 129], S_visited=Int64[],
    (1, ([123, 55, 115, 56, 14, 116, 74, 23, 83, 26, 86, 6, 17, 66, 77, 13, 73, 135, 129], [30.955713685721552], [18]))
    (2, ([124, 12, 72, 16, 4, 64, 76, 136, 2, 62, 15, 75, 5, 54, 65, 114, 30, 10, 90, 70, 41, 101, 59, 119, 42, 24, 102, 84, 135, 130], [24.85372641484739, 71.15749413667129], [8, 29]))
    (3, ([125, 57, 117, 49, 109, 20, 80, 11, 71, 1, 22, 61, 82, 31, 91, 19, 79, 32, 92, 135, 131], [74.73361318048904], [20]))
    (4, ([126, 45, 105, 33, 18, 93, 78, 40, 100, 29, 50, 89, 110, 52, 112, 28, 88, 135, 35, 34, 94, 95, 3, 63, 132], [91.80402742456037], [18]))
    (5, ([127, 60, 9, 120, 69, 51, 27, 111, 87, 36, 96, 21, 44, 81, 104, 135, 133], [15.923914358343923], [16]))
    (6, ([128, 58, 118, 38, 98, 7, 47, 107, 67, 53, 8, 68, 113, 137, 43, 37, 103, 97, 46, 106, 39, 99, 48, 25, 85, 108, 134], [83.1512756170146], [14])))

T best obj: 701.6076670391819
T best iteration: 7178
T total iterations: 30000
T best time [s]: 9.139
T total time [s]: 28.5842
