EADARP version e957-dirty
ARGS: ["--prepthreshold=1.000", "--only_single_s_visits=0", "--gamma=0.7", "--ifile=EADARP/instances/l1/a6-60.txt", "--odir=EADARP/out/l1-s0-g0.7", "--oname=a6-60_1.000_18"]
Settings:
--alns_gamma=0.025
--alns_segment_size=100
--alns_sigma1=10
--alns_sigma2=9
--alns_sigma3=3
--at_most_one_s=false
--gamma=0.7
--ifile=EADARP/instances/l1/a6-60.txt
--infeasible_arcs=EADARP/infeasible_arcs
--insert_charging_otf=true
--insert_cost_noise=0.014
--lns_init_temp_factor=0.0
--lns_temp_dec_factor=0.99
--log_all_sols_fname=
--mh_checkit=false
--mh_lfreq=0
--mh_lnewinc=true
--mh_tciter=-1
--mh_tctime=-1.0
--mh_titer=30000
--mh_tobj=-1.0
--mh_ttime=-1.0
--odir=EADARP/out/l1-s0-g0.7
--ofile=
--oname=a6-60_1.000_18
--only_single_s_visits=false
--prepthreshold=1.0
--repair_max_routes=0
--route_based_ops=0
--seed=135059141
--tightened_windows=EADARP/tightened_windows
--use_milp_in_otf=0
--xcheck_isfeasible=false

EADARPInstance(EADARP/instances/l1/a6-60.txt, n=60, n_K=6, S=[135, 136, 137], Q=14.85, n_F=6, γ=0.7, T_plan=600.0, F=[129, 130, 131, 132, 133, 134])

T preprocessing time [s]: 3.32695
I       iter             best          obj_old          obj_new        time              method info
I          1        804.23869     100060.00000        804.23869      0.1734                 con 
I          2        782.33849        804.23869        782.33849      0.2021        drrr_15+rroi 
I          3        772.69586        782.33849        772.69586      0.2281         drrr_15+rrg 
I          4        751.72269        772.69586        751.72269      0.2698        drrr_15+rroi 
I          6        749.72660        751.72269        749.72660      0.2919        drrr_15+rrri 
I          8        746.16642        749.72660        746.16642      0.3176        drrr_15+rroi 
I         10        744.99931        746.16642        744.99931      0.3786        drrr_15+rrri 
I         12        738.14221        744.99931        738.14221      0.4000         drrr_15+rrg 
I         17        737.34849        738.14221        737.34849      0.6254        drrr_15+rroi 
I         21        734.63474        737.34849        734.63474      0.6547        drrr_15+rrri 
I         24        734.57182        734.63474        734.57182      0.6724         drrr_15+rrg 
I         27        733.11853        734.57182        733.11853      0.6871        drrr_15+rroi 
I         41        730.43965        733.11853        730.43965      0.7824        drrr_15+rrri 
I         43        723.91492        730.43965        723.91492      0.7980        drrr_15+rrri 
I         44        718.26705        723.91492        718.26705      0.8065        drrr_15+rrri 
I         47        718.20412        718.26705        718.20412      0.8138         drrr_15+rrg 
I         61        716.83640        718.20412        716.83640      0.8933        drrr_15+rroi 
I         70        714.79202        716.83640        714.79202      0.9200        drrr_15+rrri 
I        116        713.04509        714.79202        713.04509      1.1093        drrr_15+rroi 
I        117        706.94133        713.04509        706.94133      1.1107         drrr_15+rrg 
I        128        706.84095        706.94133        706.84095      1.1905         drrr_15+rrg 
I        345        706.73618        706.84095        706.73618      1.5933         drrr_15+rrg 
I        454        706.73596        706.73618        706.73596      1.7245         drrr_15+rrg 
I        467        705.66708        706.73596        705.66708      1.7509        drrr_15+rroi 
I        512        703.43383        705.66708        703.43383      1.8160        drrr_15+rroi 
I       4002        703.40483        703.43383        703.40483      5.6765        drrr_15+rrri 
I      14554        702.74983        703.40483        702.74983     15.4242         drrr_15+rrg 
I      14569        702.10192        702.74983        702.10192     15.4381        drrr_15+rrri 
I      30000        702.10192        702.10192        702.42643     28.2413        drrr_15+rroi 

Method statistics
S  method    iter  succ  succ-rate%  tot-obj-gain  avg-obj-gain  rel-succ%  net-time  net-time%  brut-time  brut-time%
S  con          1     1   100.00000  -99255.76131  -99255.76131    1.81818   0.17329    0.61359    0.17329     0.61359
S  drrr_15  29999    27     0.09000    -102.13677      -0.00340   49.09091   0.91861    3.25271    0.91861     3.25271
S  rrg       9915     9     0.09077     -23.58972      -0.00238   16.36364  13.53164   47.91416   13.53164    47.91416
S  rroi     10057     9     0.08949     -55.09733      -0.00548   16.36364   5.95035   21.06960    5.95035    21.06960
S  rrri     10027     9     0.08976     -23.44972      -0.00234   16.36364   7.42339   26.28546    7.42339    26.28546
S  SUM/AVG  59999    55     0.09167  -99460.03485      -1.65769   20.00000  27.99728   99.13552   27.99728    99.13552

T best solution: EADARPSolution(t_routing=870.699, t_excess=196.309, obj_val=702.102, obj_val_valid=true,
    unserved_requests=Int64[], F_visited=[133, 130, 134, 132, 131, 129], S_visited=Int64[],
    (1, ([123, 60, 9, 120, 69, 51, 111, 11, 71, 1, 22, 61, 82, 31, 91, 19, 79, 59, 119, 42, 24, 102, 84, 135, 129], [66.02422214796252], [24]))
    (2, ([124, 57, 117, 49, 109, 20, 80, 2, 62, 15, 75, 5, 54, 65, 114, 30, 10, 90, 70, 41, 101, 32, 92, 135, 130], [106.6933082611071], [24]))
    (3, ([125, 55, 115, 56, 14, 116, 74, 23, 83, 26, 86, 28, 88, 135, 35, 34, 94, 95, 21, 44, 81, 104, 131], [73.36372362922842], [14]))
    (4, ([126, 58, 118, 38, 98, 27, 7, 87, 67, 53, 8, 68, 113, 137, 43, 37, 103, 97, 46, 106, 39, 99, 36, 48, 96, 25, 85, 108, 132], [93.71158816342373], [14]))
    (5, ([127, 12, 72, 16, 4, 47, 76, 64, 107, 29, 50, 89, 110, 52, 112, 17, 6, 66, 77, 13, 73, 135, 133], [59.57449448115434], [22]))
    (6, ([128, 45, 105, 33, 18, 93, 78, 40, 100, 3, 63, 134], Float64[], Int64[])))

T best obj: 702.1019180296208
T best iteration: 14569
T total iterations: 30000
T best time [s]: 15.438
T total time [s]: 28.2414
