EADARP version e957-dirty
ARGS: ["--prepthreshold=1.125", "--only_single_s_visits=0", "--gamma=0.7", "--ifile=EADARP/instances/l1/a6-60.txt", "--odir=EADARP/out/l1-s0-g0.7", "--oname=a6-60_1.125_08"]
Settings:
--alns_gamma=0.025
--alns_segment_size=100
--alns_sigma1=10
--alns_sigma2=9
--alns_sigma3=3
--at_most_one_s=false
--gamma=0.7
--ifile=EADARP/instances/l1/a6-60.txt
--infeasible_arcs=EADARP/infeasible_arcs
--insert_charging_otf=true
--insert_cost_noise=0.014
--lns_init_temp_factor=0.0
--lns_temp_dec_factor=0.99
--log_all_sols_fname=
--mh_checkit=false
--mh_lfreq=0
--mh_lnewinc=true
--mh_tciter=-1
--mh_tctime=-1.0
--mh_titer=30000
--mh_tobj=-1.0
--mh_ttime=-1.0
--odir=EADARP/out/l1-s0-g0.7
--ofile=
--oname=a6-60_1.125_08
--only_single_s_visits=false
--prepthreshold=1.125
--repair_max_routes=0
--route_based_ops=0
--seed=1394276677
--tightened_windows=EADARP/tightened_windows
--use_milp_in_otf=0
--xcheck_isfeasible=false

EADARPInstance(EADARP/instances/l1/a6-60.txt, n=60, n_K=6, S=[135, 136, 137], Q=14.85, n_F=6, γ=0.7, T_plan=600.0, F=[129, 130, 131, 132, 133, 134])

T preprocessing time [s]: 2.80331
I       iter             best          obj_old          obj_new        time              method info
I          1        792.72512     100060.00000        792.72512      0.1276                 con 
I          3        789.79333        792.72512        789.79333      0.1630        drrr_15+rroi 
I          4        787.83126        789.79333        787.83126      0.1919         drrr_15+rrg 
I          6        777.22754        787.83126        777.22754      0.2227        drrr_15+rrri 
I          7        776.64066        777.22754        776.64066      0.2405        drrr_15+rrri 
I          8        762.15107        776.64066        762.15107      0.2714        drrr_15+rroi 
I          9        754.66051        762.15107        754.66051      0.2793        drrr_15+rroi 
I         11        752.37063        754.66051        752.37063      0.3092         drrr_15+rrg 
I         16        744.09649        752.37063        744.09649      0.3714         drrr_15+rrg 
I         17        738.82309        744.09649        738.82309      0.3915         drrr_15+rrg 
I         19        734.90525        738.82309        734.90525      0.4234        drrr_15+rroi 
I         25        732.68915        734.90525        732.68915      0.4934        drrr_15+rrri 
I         31        731.09613        732.68915        731.09613      0.5444        drrr_15+rrri 
I         33        726.79376        731.09613        726.79376      0.5592        drrr_15+rroi 
I         43        726.64239        726.79376        726.64239      0.6134         drrr_15+rrg 
I         44        722.11184        726.64239        722.11184      0.6188        drrr_15+rroi 
I         64        722.09555        722.11184        722.09555      0.7007         drrr_15+rrg 
I         79        717.38314        722.09555        717.38314      0.7436        drrr_15+rrri 
I        538        716.96308        717.38314        716.96308      1.4791        drrr_15+rrri 
I        545        715.51205        716.96308        715.51205      1.4841        drrr_15+rrri 
I        546        715.49577        715.51205        715.49577      1.4932        drrr_15+rrri 
I        556        713.46488        715.49577        713.46488      1.5189        drrr_15+rroi 
I        560        713.12846        713.46488        713.12846      1.5241        drrr_15+rrri 
I        567        709.87276        713.12846        709.87276      1.5334        drrr_15+rroi 
I        579        709.67700        709.87276        709.67700      1.5603        drrr_15+rroi 
I        629        708.20912        709.67700        708.20912      1.6248        drrr_15+rroi 
I        648        707.97566        708.20912        707.97566      1.6520        drrr_15+rroi 
I        670        707.87528        707.97566        707.87528      1.6772        drrr_15+rroi 
I       1403        706.97299        707.87528        706.97299      2.5237        drrr_15+rroi 
I      10926        706.92786        706.97299        706.92786     12.0138        drrr_15+rroi 
I      10959        706.34168        706.92786        706.34168     12.0474        drrr_15+rrri 
I      11005        706.00618        706.34168        706.00618     12.0814         drrr_15+rrg 
I      16539        705.42436        706.00618        705.42436     16.6698        drrr_15+rrri 
I      17652        703.77952        705.42436        703.77952     17.6011        drrr_15+rrri 
I      28624        701.69278        703.77952        701.69278     26.5409         drrr_15+rrg 
I      30000        701.69278        701.69278        726.69958     27.7291        drrr_15+rrri 

Method statistics
S  method    iter  succ  succ-rate%  tot-obj-gain  avg-obj-gain  rel-succ%  net-time  net-time%  brut-time  brut-time%
S  con          1     1   100.00000  -99267.27488  -99267.27488    1.44928   0.12756    0.46004    0.12756     0.46004
S  drrr_15  29999    34     0.11334     -91.03234      -0.00303   49.27536   1.09790    3.95936    1.09790     3.95936
S  rrg      10025     8     0.07980     -20.38939      -0.00203   11.59420  13.78296   49.70567   13.78296    49.70567
S  rroi      9911    14     0.14126     -45.89420      -0.00463   20.28986   5.81937   20.98646    5.81937    20.98646
S  rrri     10063    12     0.11925     -24.74875      -0.00246   17.39130   6.65700   24.00723    6.65700    24.00723
S  SUM/AVG  59999    69     0.11500  -99449.33956      -1.65752   20.00000  27.48479   99.11876   27.48479    99.11876

T best solution: EADARPSolution(t_routing=880.399, t_excess=165.575, obj_val=701.693, obj_val_valid=true,
    unserved_requests=Int64[], F_visited=[133, 132, 129, 130, 134, 131], S_visited=Int64[],
    (1, ([123, 60, 9, 120, 69, 47, 4, 107, 64, 8, 68, 15, 75, 28, 88, 135, 35, 34, 94, 95, 3, 63, 129], [61.37775853407972], [16]))
    (2, ([124, 57, 117, 49, 109, 43, 37, 103, 97, 6, 17, 66, 77, 13, 73, 135, 130], [22.178927274268386], [16]))
    (3, ([125, 20, 80, 45, 105, 53, 33, 93, 113, 31, 91, 19, 79, 59, 119, 42, 24, 102, 84, 135, 131], [42.20501147923731], [20]))
    (4, ([126, 55, 115, 14, 56, 116, 74, 11, 71, 1, 61, 23, 83, 26, 86, 5, 54, 65, 114, 30, 10, 90, 70, 41, 101, 32, 92, 135, 132], [110.06586454450516], [28]))
    (5, ([127, 12, 72, 16, 7, 76, 67, 18, 78, 22, 82, 40, 100, 29, 50, 89, 110, 136, 46, 106, 39, 99, 36, 96, 21, 44, 81, 104, 135, 133], [110.715984049133, 7.540501467435783], [18, 29]))
    (6, ([128, 58, 118, 38, 98, 27, 51, 111, 87, 2, 62, 52, 112, 48, 25, 85, 108, 135, 134], [40.31467438809645], [18])))

T best obj: 701.6927805307234
T best iteration: 28624
T total iterations: 30000
T best time [s]: 26.541
T total time [s]: 27.7292
