EADARP version e957-dirty
ARGS: ["--prepthreshold=1.250", "--only_single_s_visits=0", "--gamma=0.7", "--ifile=EADARP/instances/l1/a6-60.txt", "--odir=EADARP/out/l1-s0-g0.7", "--oname=a6-60_1.250_00"]
Settings:
--alns_gamma=0.025
--alns_segment_size=100
--alns_sigma1=10
--alns_sigma2=9
--alns_sigma3=3
--at_most_one_s=false
--gamma=0.7
--ifile=EADARP/instances/l1/a6-60.txt
--infeasible_arcs=EADARP/infeasible_arcs
--insert_charging_otf=true
--insert_cost_noise=0.014
--lns_init_temp_factor=0.0
--lns_temp_dec_factor=0.99
--log_all_sols_fname=
--mh_checkit=false
--mh_lfreq=0
--mh_lnewinc=true
--mh_tciter=-1
--mh_tctime=-1.0
--mh_titer=30000
--mh_tobj=-1.0
--mh_ttime=-1.0
--odir=EADARP/out/l1-s0-g0.7
--ofile=
--oname=a6-60_1.250_00
--only_single_s_visits=false
--prepthreshold=1.25
--repair_max_routes=0
--route_based_ops=0
--seed=1850612216
--tightened_windows=EADARP/tightened_windows
--use_milp_in_otf=0
--xcheck_isfeasible=false

EADARPInstance(EADARP/instances/l1/a6-60.txt, n=60, n_K=6, S=[135, 136, 137], Q=14.85, n_F=6, γ=0.7, T_plan=600.0, F=[129, 130, 131, 132, 133, 134])

T preprocessing time [s]: 3.0862
I       iter             best          obj_old          obj_new        time              method info
I          1        808.26348     100060.00000        808.26348      0.1390                 con 
I          2        804.00790        808.26348        804.00790      0.1799         drrr_15+rrg 
I          4        791.23083        804.00790        791.23083      0.2295        drrr_15+rroi 
I          7        783.48375        791.23083        783.48375      0.2886        drrr_15+rrri 
I          8        776.07334        783.48375        776.07334      0.3267         drrr_15+rrg 
I          9        762.88939        776.07334        762.88939      0.3419        drrr_15+rrri 
I         11        757.79815        762.88939        757.79815      0.3758        drrr_15+rrri 
I         12        748.45350        757.79815        748.45350      0.4082        drrr_15+rrri 
I         16        744.21038        748.45350        744.21038      0.4980         drrr_15+rrg 
I         23        737.25990        744.21038        737.25990      0.5640        drrr_15+rrri 
I         33        737.11745        737.25990        737.11745      0.6072        drrr_15+rrri 
I         37        736.52403        737.11745        736.52403      0.6247        drrr_15+rroi 
I         42        728.70635        736.52403        728.70635      0.6475        drrr_15+rroi 
I         55        728.14067        728.70635        728.14067      0.7338         drrr_15+rrg 
I         62        726.83265        728.14067        726.83265      0.7758         drrr_15+rrg 
I         70        721.92111        726.83265        721.92111      0.8279         drrr_15+rrg 
I         71        720.40628        721.92111        720.40628      0.8294         drrr_15+rrg 
I         75        720.15405        720.40628        720.15405      0.8422        drrr_15+rrri 
I         84        718.41646        720.15405        718.41646      0.8717        drrr_15+rrri 
I         88        716.68458        718.41646        716.68458      0.8795        drrr_15+rroi 
I         97        712.42131        716.68458        712.42131      0.8990        drrr_15+rrri 
I        119        711.78833        712.42131        711.78833      0.9635        drrr_15+rroi 
I        141        708.44779        711.78833        708.44779      1.0461        drrr_15+rroi 
I        143        706.04800        708.44779        706.04800      1.0492        drrr_15+rroi 
I        192        705.65197        706.04800        705.65197      1.2075        drrr_15+rroi 
I        194        705.50011        705.65197        705.50011      1.2139        drrr_15+rroi 
I        866        705.12796        705.50011        705.12796      2.1735        drrr_15+rrri 
I        878        704.78082        705.12796        704.78082      2.1891        drrr_15+rrri 
I        882        704.68045        704.78082        704.68045      2.1917        drrr_15+rroi 
I       1158        704.31784        704.68045        704.31784      2.4257        drrr_15+rrri 
I       1424        703.76203        704.31784        703.76203      2.6865        drrr_15+rroi 
I       1451        702.23010        703.76203        702.23010      2.7166        drrr_15+rrri 
I       1463        700.80342        702.23010        700.80342      2.7254        drrr_15+rroi 
I       1519        699.81430        700.80342        699.81430      2.7836        drrr_15+rrri 
I       3013        699.16232        699.81430        699.16232      4.3939        drrr_15+rroi 
I       3108        699.11232        699.16232        699.11232      4.4681         drrr_15+rrg 
I       3223        698.62301        699.11232        698.62301      4.5711        drrr_15+rrri 
I       3510        697.40899        698.62301        697.40899      4.8312         drrr_15+rrg 
I      30000        697.40899        697.40899        741.99422     25.9933         drrr_15+rrg 

Method statistics
S  method    iter  succ  succ-rate%  tot-obj-gain  avg-obj-gain  rel-succ%  net-time  net-time%  brut-time  brut-time%
S  con          1     1   100.00000  -99251.73652  -99251.73652    1.33333   0.13888    0.53428    0.13888     0.53428
S  drrr_15  29999    37     0.12334    -110.85449      -0.00370   49.33333   0.85478    3.28845    0.85478     3.28845
S  rrg      10144     9     0.08872     -25.47321      -0.00251   12.00000  12.56167   48.32620   12.56167    48.32620
S  rroi      9978    13     0.13029     -32.57609      -0.00326   17.33333   5.36023   20.62145    5.36023    20.62145
S  rrri      9877    15     0.15187     -52.80520      -0.00535   20.00000   6.86991   26.42935    6.86991    26.42935
S  SUM/AVG  59999    75     0.12500  -99473.44551      -1.65792   20.00000  25.78547   99.19973   25.78547    99.19973

T best solution: EADARPSolution(t_routing=857.655, t_excess=216.671, obj_val=697.409, obj_val_valid=true,
    unserved_requests=Int64[], F_visited=[134, 133, 130, 131, 129, 132], S_visited=Int64[],
    (1, ([123, 57, 117, 16, 4, 47, 76, 64, 107, 8, 68, 43, 37, 103, 97, 3, 63, 129], Float64[], Int64[]))
    (2, ([124, 55, 115, 33, 53, 93, 2, 113, 62, 15, 75, 6, 17, 66, 77, 13, 73, 135, 130], [45.29475188715754], [18]))
    (3, ([125, 60, 9, 120, 69, 58, 118, 14, 56, 116, 74, 11, 71, 31, 91, 19, 79, 59, 119, 42, 24, 102, 84, 135, 131], [55.01093035681331], [24]))
    (4, ([126, 49, 109, 20, 80, 45, 105, 26, 86, 5, 54, 65, 114, 30, 10, 90, 70, 41, 101, 32, 92, 135, 132], [92.68227601366932], [22]))
    (5, ([127, 12, 72, 1, 61, 23, 83, 29, 50, 89, 110, 52, 112, 28, 88, 135, 35, 34, 94, 95, 21, 44, 81, 104, 133], [107.30936059873338], [16]))
    (6, ([128, 38, 98, 51, 27, 7, 111, 87, 67, 18, 78, 22, 82, 40, 100, 46, 106, 39, 99, 36, 48, 96, 25, 85, 108, 135, 134], [72.47044676732511], [26])))

T best obj: 697.4089866195595
T best iteration: 3510
T total iterations: 30000
T best time [s]: 4.831
T total time [s]: 25.9935
