EADARP version e957-dirty
ARGS: ["--prepthreshold=1.250", "--only_single_s_visits=0", "--gamma=0.7", "--ifile=EADARP/instances/l1/a6-60.txt", "--odir=EADARP/out/l1-s0-g0.7", "--oname=a6-60_1.250_08"]
Settings:
--alns_gamma=0.025
--alns_segment_size=100
--alns_sigma1=10
--alns_sigma2=9
--alns_sigma3=3
--at_most_one_s=false
--gamma=0.7
--ifile=EADARP/instances/l1/a6-60.txt
--infeasible_arcs=EADARP/infeasible_arcs
--insert_charging_otf=true
--insert_cost_noise=0.014
--lns_init_temp_factor=0.0
--lns_temp_dec_factor=0.99
--log_all_sols_fname=
--mh_checkit=false
--mh_lfreq=0
--mh_lnewinc=true
--mh_tciter=-1
--mh_tctime=-1.0
--mh_titer=30000
--mh_tobj=-1.0
--mh_ttime=-1.0
--odir=EADARP/out/l1-s0-g0.7
--ofile=
--oname=a6-60_1.250_08
--only_single_s_visits=false
--prepthreshold=1.25
--repair_max_routes=0
--route_based_ops=0
--seed=452705271
--tightened_windows=EADARP/tightened_windows
--use_milp_in_otf=0
--xcheck_isfeasible=false

EADARPInstance(EADARP/instances/l1/a6-60.txt, n=60, n_K=6, S=[135, 136, 137], Q=14.85, n_F=6, γ=0.7, T_plan=600.0, F=[129, 130, 131, 132, 133, 134])

T preprocessing time [s]: 2.94725
I       iter             best          obj_old          obj_new        time              method info
I          1        795.00903     100060.00000        795.00903      0.1425                 con 
I          3        776.06757        795.00903        776.06757      0.1945         drrr_15+rrg 
I          5        768.40230        776.06757        768.40230      0.2361         drrr_15+rrg 
I          6        751.94687        768.40230        751.94687      0.2433         drrr_15+rrg 
I          8        742.80961        751.94687        742.80961      0.2843         drrr_15+rrg 
I         10        740.10835        742.80961        740.10835      0.3060         drrr_15+rrg 
I         12        737.87846        740.10835        737.87846      0.3304         drrr_15+rrg 
I         13        736.69939        737.87846        736.69939      0.3365        drrr_15+rroi 
I         28        734.88272        736.69939        734.88272      0.4442        drrr_15+rrri 
I         36        729.58541        734.88272        729.58541      0.4868        drrr_15+rrri 
I         44        728.21515        729.58541        728.21515      0.5155         drrr_15+rrg 
I         48        728.01181        728.21515        728.01181      0.5296        drrr_15+rroi 
I         50        724.81331        728.01181        724.81331      0.5402        drrr_15+rrri 
I         53        724.47781        724.81331        724.47781      0.5440        drrr_15+rroi 
I         56        722.92985        724.47781        722.92985      0.5857        drrr_15+rrri 
I         61        721.51426        722.92985        721.51426      0.6164        drrr_15+rroi 
I         68        718.09751        721.51426        718.09751      0.6726        drrr_15+rrri 
I         70        714.24744        718.09751        714.24744      0.6899         drrr_15+rrg 
I         74        711.74727        714.24744        711.74727      0.7339         drrr_15+rrg 
I         76        711.54720        711.74727        711.54720      0.7474         drrr_15+rrg 
I         84        709.40729        711.54720        709.40729      0.7637        drrr_15+rrri 
I         90        708.07301        709.40729        708.07301      0.7996         drrr_15+rrg 
I         96        706.95596        708.07301        706.95596      0.8211         drrr_15+rrg 
I        200        705.37073        706.95596        705.37073      1.2132        drrr_15+rroi 
I        251        704.29040        705.37073        704.29040      1.2989         drrr_15+rrg 
I        260        704.19002        704.29040        704.19002      1.3233        drrr_15+rrri 
I        336        703.52244        704.19002        703.52244      1.4380        drrr_15+rrri 
I        349        701.75704        703.52244        701.75704      1.4522        drrr_15+rrri 
I        350        701.52191        701.75704        701.52191      1.4528        drrr_15+rrri 
I        368        701.42154        701.52191        701.42154      1.4840        drrr_15+rroi 
I       2080        701.09863        701.42154        701.09863      3.2117        drrr_15+rrri 
I       3129        699.71533        701.09863        699.71533      4.3870        drrr_15+rrri 
I       3139        696.81012        699.71533        696.81012      4.4173        drrr_15+rrri 
I       3147        695.23954        696.81012        695.23954      4.4338        drrr_15+rrri 
I       3156        695.23155        695.23954        695.23155      4.4446        drrr_15+rroi 
I       3205        695.17661        695.23155        695.17661      4.5005        drrr_15+rrri 
I       3223        695.16863        695.17661        695.16863      4.5152        drrr_15+rrri 
I       7553        693.14873        695.16863        693.14873      9.2668         drrr_15+rrg 
I       7554        693.04835        693.14873        693.04835      9.2680         drrr_15+rrg 
I      30000        693.04835        693.04835        727.27687     27.6141        drrr_15+rroi 

Method statistics
S  method    iter  succ  succ-rate%  tot-obj-gain  avg-obj-gain  rel-succ%  net-time  net-time%  brut-time  brut-time%
S  con          1     1   100.00000  -99264.99097  -99264.99097    1.29870   0.14246    0.51589    0.14246     0.51589
S  drrr_15  29999    38     0.12667    -101.96068      -0.00340   49.35065   0.98732    3.57539    0.98732     3.57539
S  rrg      10078    15     0.14884     -70.70308      -0.00702   19.48052  13.15212   47.62802   13.15212    47.62802
S  rroi      9929     7     0.07050      -4.82709      -0.00049    9.09091   5.75794   20.85134    5.75794    20.85134
S  rrri      9992    16     0.16013     -26.43051      -0.00265   20.77922   7.31716   26.49779    7.31716    26.49779
S  SUM/AVG  59999    77     0.12834  -99468.91232      -1.65784   20.00000  27.35700   99.06843   27.35700    99.06843

T best solution: EADARPSolution(t_routing=860.885, t_excess=189.538, obj_val=693.048, obj_val_valid=true,
    unserved_requests=Int64[], F_visited=[132, 129, 131, 134, 130, 133], S_visited=Int64[],
    (1, ([123, 60, 9, 120, 69, 51, 111, 23, 83, 26, 86, 6, 17, 66, 77, 13, 73, 135, 129], [42.930011935734086], [18]))
    (2, ([124, 55, 115, 14, 56, 116, 74, 11, 71, 1, 61, 40, 100, 29, 50, 89, 110, 52, 112, 28, 88, 135, 35, 34, 94, 95, 3, 63, 135, 130], [113.33102746833652, 9.146964865409725], [22, 29]))
    (3, ([125, 58, 118, 38, 98, 27, 7, 87, 67, 18, 78, 22, 82, 31, 91, 19, 79, 59, 119, 42, 24, 102, 84, 135, 131], [67.43443856791338], [24]))
    (4, ([126, 57, 117, 49, 109, 20, 80, 5, 54, 65, 114, 30, 10, 90, 70, 41, 101, 32, 92, 135, 132], [62.06616581827298], [20]))
    (5, ([127, 45, 105, 33, 53, 93, 2, 113, 62, 15, 75, 36, 96, 21, 44, 81, 104, 135, 133], [36.88174796051943], [18]))
    (6, ([128, 12, 72, 16, 4, 47, 76, 64, 107, 8, 68, 43, 37, 103, 97, 46, 106, 39, 99, 48, 25, 85, 108, 135, 134], [43.09487236906665], [24])))

T best obj: 693.048354949825
T best iteration: 7554
T total iterations: 30000
T best time [s]: 9.268
T total time [s]: 27.6142
