EADARP version e957-dirty
ARGS: ["--prepthreshold=1.250", "--only_single_s_visits=0", "--gamma=0.7", "--ifile=EADARP/instances/l1/a6-60.txt", "--odir=EADARP/out/l1-s0-g0.7", "--oname=a6-60_1.250_19"]
Settings:
--alns_gamma=0.025
--alns_segment_size=100
--alns_sigma1=10
--alns_sigma2=9
--alns_sigma3=3
--at_most_one_s=false
--gamma=0.7
--ifile=EADARP/instances/l1/a6-60.txt
--infeasible_arcs=EADARP/infeasible_arcs
--insert_charging_otf=true
--insert_cost_noise=0.014
--lns_init_temp_factor=0.0
--lns_temp_dec_factor=0.99
--log_all_sols_fname=
--mh_checkit=false
--mh_lfreq=0
--mh_lnewinc=true
--mh_tciter=-1
--mh_tctime=-1.0
--mh_titer=30000
--mh_tobj=-1.0
--mh_ttime=-1.0
--odir=EADARP/out/l1-s0-g0.7
--ofile=
--oname=a6-60_1.250_19
--only_single_s_visits=false
--prepthreshold=1.25
--repair_max_routes=0
--route_based_ops=0
--seed=78263621
--tightened_windows=EADARP/tightened_windows
--use_milp_in_otf=0
--xcheck_isfeasible=false

EADARPInstance(EADARP/instances/l1/a6-60.txt, n=60, n_K=6, S=[135, 136, 137], Q=14.85, n_F=6, γ=0.7, T_plan=600.0, F=[129, 130, 131, 132, 133, 134])

T preprocessing time [s]: 2.61094
I       iter             best          obj_old          obj_new        time              method info
I          1        830.29169     100060.00000        830.29169      0.1155                 con 
I          2        809.19204        830.29169        809.19204      0.1280        drrr_15+rroi 
I          3        784.19880        809.19204        784.19880      0.1528        drrr_15+rrri 
I          5        760.80784        784.19880        760.80784      0.2131        drrr_15+rroi 
I         17        748.59443        760.80784        748.59443      0.3323        drrr_15+rroi 
I         19        740.94774        748.59443        740.94774      0.3461        drrr_15+rroi 
I         20        733.05725        740.94774        733.05725      0.3513        drrr_15+rrri 
I         22        725.77846        733.05725        725.77846      0.3567        drrr_15+rroi 
I         23        725.73457        725.77846        725.73457      0.3767        drrr_15+rroi 
I         24        715.75330        725.73457        715.75330      0.3858         drrr_15+rrg 
I         33        711.67116        715.75330        711.67116      0.4242         drrr_15+rrg 
I         62        710.60303        711.67116        710.60303      0.5722         drrr_15+rrg 
I         93        709.43401        710.60303        709.43401      0.6566        drrr_15+rroi 
I        436        709.11770        709.43401        709.11770      1.2255         drrr_15+rrg 
I        986        707.56036        709.11770        707.56036      1.8153        drrr_15+rrri 
I       1029        707.49744        707.56036        707.49744      1.8670        drrr_15+rroi 
I       2509        707.17300        707.49744        707.17300      3.4833        drrr_15+rroi 
I       4049        706.34559        707.17300        706.34559      5.1370         drrr_15+rrg 
I       4054        706.24521        706.34559        706.24521      5.1439        drrr_15+rroi 
I       4140        705.91859        706.24521        705.91859      5.2237        drrr_15+rrri 
I       4259        705.42636        705.91859        705.42636      5.3398        drrr_15+rroi 
I       4261        705.38891        705.42636        705.38891      5.3410        drrr_15+rrri 
I       4262        705.32598        705.38891        705.32598      5.3415        drrr_15+rrri 
I       4556        703.23884        705.32598        703.23884      5.5966         drrr_15+rrg 
I       4679        702.07835        703.23884        702.07835      5.7185        drrr_15+rrri 
I       5891        701.30244        702.07835        701.30244      6.8258        drrr_15+rrri 
I       5919        701.06374        701.30244        701.06374      6.8619        drrr_15+rrri 
I      12932        700.48842        701.06374        700.48842     13.3562         drrr_15+rrg 
I      12948        700.38805        700.48842        700.38805     13.3850        drrr_15+rrri 
I      12980        700.38006        700.38805        700.38006     13.4134         drrr_15+rrg 
I      30000        700.38006        700.38006        723.25642     27.2885         drrr_15+rrg 

Method statistics
S  method    iter  succ  succ-rate%  tot-obj-gain  avg-obj-gain  rel-succ%  net-time  net-time%  brut-time  brut-time%
S  con          1     1   100.00000  -99229.70831  -99229.70831    1.69492   0.11548    0.42316    0.11548     0.42316
S  drrr_15  29999    29     0.09667    -129.91163      -0.00433   49.15254   0.88448    3.24120    0.88448     3.24120
S  rrg       9997     8     0.08002     -18.94572      -0.00190   13.55932  13.75464   50.40412   13.75464    50.40412
S  rroi      9996    11     0.11004     -73.82239      -0.00739   18.64407   6.01039   22.02520    6.01039    22.02520
S  rrri     10006    10     0.09994     -37.14353      -0.00371   16.94915   6.31681   23.14806    6.31681    23.14806
S  SUM/AVG  59999    59     0.09833  -99489.53157      -1.65819   20.00000  27.08180   99.24175   27.08180    99.24175

T best solution: EADARPSolution(t_routing=870.661, t_excess=189.538, obj_val=700.38, obj_val_valid=true,
    unserved_requests=Int64[], F_visited=[133, 132, 129, 134, 131, 130], S_visited=Int64[],
    (1, ([123, 57, 117, 16, 4, 47, 76, 64, 107, 8, 68, 43, 37, 103, 97, 46, 106, 39, 99, 36, 96, 3, 63, 135, 129], [27.59794730438236], [24]))
    (2, ([124, 49, 109, 20, 80, 45, 105, 33, 53, 93, 2, 113, 62, 137, 15, 75, 5, 54, 65, 114, 30, 10, 90, 70, 41, 101, 32, 92, 135, 130], [3.354911549139979, 132.59439170704798], [14, 29]))
    (3, ([125, 58, 118, 38, 98, 27, 7, 87, 67, 18, 78, 22, 82, 52, 112, 28, 88, 135, 35, 34, 94, 95, 21, 44, 81, 104, 135, 131], [113.06580057703223, 11.669568646629584], [18, 27]))
    (4, ([126, 60, 9, 120, 69, 51, 111, 23, 83, 26, 86, 6, 17, 66, 77, 13, 73, 135, 132], [42.930011935734086], [18]))
    (5, ([127, 55, 115, 14, 56, 116, 74, 11, 71, 1, 61, 40, 100, 29, 50, 89, 110, 48, 25, 85, 108, 135, 133], [72.30147666059943], [22]))
    (6, ([128, 12, 72, 31, 91, 19, 79, 59, 119, 42, 24, 102, 84, 134], Float64[], Int64[])))

T best obj: 700.3800623161435
T best iteration: 12980
T total iterations: 30000
T best time [s]: 13.413
T total time [s]: 27.2887
