EADARP version e957-dirty
ARGS: ["--prepthreshold=1.125", "--only_single_s_visits=0", "--gamma=0.7", "--ifile=EADARP/instances/l1/a6-60.txt", "--odir=EADARP/out/l1-s0-g0.7", "--oname=a6-60_1.125_18"]
Settings:
--alns_gamma=0.025
--alns_segment_size=100
--alns_sigma1=10
--alns_sigma2=9
--alns_sigma3=3
--at_most_one_s=false
--gamma=0.7
--ifile=EADARP/instances/l1/a6-60.txt
--infeasible_arcs=EADARP/infeasible_arcs
--insert_charging_otf=true
--insert_cost_noise=0.014
--lns_init_temp_factor=0.0
--lns_temp_dec_factor=0.99
--log_all_sols_fname=
--mh_checkit=false
--mh_lfreq=0
--mh_lnewinc=true
--mh_tciter=-1
--mh_tctime=-1.0
--mh_titer=30000
--mh_tobj=-1.0
--mh_ttime=-1.0
--odir=EADARP/out/l1-s0-g0.7
--ofile=
--oname=a6-60_1.125_18
--only_single_s_visits=false
--prepthreshold=1.125
--repair_max_routes=0
--route_based_ops=0
--seed=64560593
--tightened_windows=EADARP/tightened_windows
--use_milp_in_otf=0
--xcheck_isfeasible=false

EADARPInstance(EADARP/instances/l1/a6-60.txt, n=60, n_K=6, S=[135, 136, 137], Q=14.85, n_F=6, γ=0.7, T_plan=600.0, F=[129, 130, 131, 132, 133, 134])

T preprocessing time [s]: 2.87784
I       iter             best          obj_old          obj_new        time              method info
I          1        796.55436     100060.00000        796.55436      0.1341                 con 
I          3        781.31910        796.55436        781.31910      0.1875        drrr_15+rroi 
I          9        772.36562        781.31910        772.36562      0.3035         drrr_15+rrg 
I         11        770.04426        772.36562        770.04426      0.3388        drrr_15+rrri 
I         12        768.24125        770.04426        768.24125      0.3435        drrr_15+rrri 
I         13        756.98411        768.24125        756.98411      0.3568        drrr_15+rrri 
I         15        746.78371        756.98411        746.78371      0.3739         drrr_15+rrg 
I         25        738.43893        746.78371        738.43893      0.4899        drrr_15+rroi 
I         38        737.36283        738.43893        737.36283      0.5566        drrr_15+rrri 
I         59        735.25458        737.36283        735.25458      0.6207        drrr_15+rroi 
I         63        731.96250        735.25458        731.96250      0.6310         drrr_15+rrg 
I         65        731.54531        731.96250        731.54531      0.6342        drrr_15+rrri 
I         70        729.00207        731.54531        729.00207      0.6456        drrr_15+rrri 
I         89        728.99408        729.00207        728.99408      0.7102        drrr_15+rroi 
I        112        727.37091        728.99408        727.37091      0.7642        drrr_15+rrri 
I        118        727.09943        727.37091        727.09943      0.7776         drrr_15+rrg 
I        119        726.07948        727.09943        726.07948      0.7789         drrr_15+rrg 
I        145        720.73937        726.07948        720.73937      0.8462        drrr_15+rrri 
I        162        719.13514        720.73937        719.13514      0.8900        drrr_15+rroi 
I        173        718.45696        719.13514        718.45696      0.9275         drrr_15+rrg 
I        175        717.34388        718.45696        717.34388      0.9424         drrr_15+rrg 
I        182        715.47291        717.34388        715.47291      0.9638        drrr_15+rrri 
I        238        714.64998        715.47291        714.64998      1.1292        drrr_15+rrri 
I        274        710.61064        714.64998        710.61064      1.1853         drrr_15+rrg 
I        714        710.31802        710.61064        710.31802      1.9577        drrr_15+rrri 
I        718        710.24465        710.31802        710.24465      1.9599        drrr_15+rrri 
I        732        709.71622        710.24465        709.71622      1.9763        drrr_15+rroi 
I        733        709.65330        709.71622        709.65330      1.9868         drrr_15+rrg 
I        751        709.06956        709.65330        709.06956      2.0200         drrr_15+rrg 
I        752        706.87400        709.06956        706.87400      2.0206        drrr_15+rrri 
I        765        705.67351        706.87400        705.67351      2.0316        drrr_15+rroi 
I        783        705.57313        705.67351        705.57313      2.0556        drrr_15+rroi 
I        801        705.51021        705.57313        705.51021      2.0717        drrr_15+rrri 
I        809        704.02535        705.51021        704.02535      2.0831        drrr_15+rroi 
I        816        703.92498        704.02535        703.92498      2.0899        drrr_15+rrri 
I        915        703.60716        703.92498        703.60716      2.2056         drrr_15+rrg 
I        918        703.36846        703.60716        703.36846      2.2161        drrr_15+rrri 
I        923        703.13333        703.36846        703.13333      2.2232        drrr_15+rrri 
I       2909        700.93165        703.13333        700.93165      4.1608        drrr_15+rrri 
I       3356        700.25966        700.93165        700.25966      4.5657        drrr_15+rrri 
I       4247        699.60060        700.25966        699.60060      5.3675        drrr_15+rroi 
I       4277        699.04388        699.60060        699.04388      5.3906        drrr_15+rrri 
I       4287        698.99130        699.04388        698.99130      5.4010        drrr_15+rroi 
I       4292        698.75260        698.99130        698.75260      5.4070        drrr_15+rrri 
I       4384        697.03454        698.75260        697.03454      5.4904        drrr_15+rrri 
I       4401        696.79584        697.03454        696.79584      5.5080         drrr_15+rrg 
I       4455        696.70958        696.79584        696.70958      5.5524         drrr_15+rrg 
I      30000        696.70958        696.70958        708.15155     27.1533        drrr_15+rroi 

Method statistics
S  method    iter  succ  succ-rate%  tot-obj-gain  avg-obj-gain  rel-succ%  net-time  net-time%  brut-time  brut-time%
S  con          1     1   100.00000  -99263.44564  -99263.44564    1.07527   0.13399    0.49347    0.13399     0.49347
S  drrr_15  29999    46     0.15334     -99.84478      -0.00333   49.46237   0.91561    3.37198    0.91561     3.37198
S  rrg       9916    13     0.13110     -30.85744      -0.00311   13.97849  14.01424   51.61148   14.01424    51.61148
S  rroi     10005    11     0.10995     -31.32629      -0.00313   11.82796   5.60083   20.62668    5.60083    20.62668
S  rrri     10078    22     0.21830     -37.66105      -0.00374   23.65591   6.21307   22.88142    6.21307    22.88142
S  SUM/AVG  59999    93     0.15500  -99463.13519      -1.65775   20.00000  26.87774   98.98503   26.87774    98.98503

T best solution: EADARPSolution(t_routing=866.313, t_excess=187.899, obj_val=696.71, obj_val_valid=true,
    unserved_requests=Int64[], F_visited=[134, 131, 129, 130, 132, 133], S_visited=Int64[],
    (1, ([123, 57, 117, 49, 109, 20, 80, 2, 62, 31, 91, 19, 79, 59, 119, 42, 24, 102, 84, 135, 129], [40.1239248469876], [20]))
    (2, ([124, 58, 118, 38, 98, 27, 7, 87, 67, 18, 78, 23, 83, 26, 86, 6, 17, 66, 77, 135, 130], [64.80943406996393], [20]))
    (3, ([125, 29, 50, 89, 110, 52, 112, 36, 96, 21, 44, 81, 104, 135, 131], [17.966809710381522], [14]))
    (4, ([126, 12, 72, 16, 4, 47, 76, 64, 107, 8, 68, 15, 75, 28, 88, 35, 34, 94, 95, 13, 73, 135, 132], [59.32519089113905], [22]))
    (5, ([127, 55, 115, 14, 56, 116, 74, 11, 71, 1, 22, 61, 82, 40, 100, 5, 54, 65, 114, 30, 10, 90, 70, 41, 101, 32, 92, 135, 133], [97.25529675308545], [28]))
    (6, ([128, 60, 9, 120, 69, 51, 111, 45, 105, 53, 33, 93, 113, 137, 43, 37, 103, 97, 46, 106, 39, 99, 48, 25, 85, 108, 3, 63, 135, 134], [90.11640738333368, 10.71601674334023], [14, 29])))

T best obj: 696.7095833584842
T best iteration: 4455
T total iterations: 30000
T best time [s]: 5.552
T total time [s]: 27.1533
