EADARP version e957-dirty
ARGS: ["--prepthreshold=1.250", "--only_single_s_visits=0", "--gamma=0.7", "--ifile=EADARP/instances/l1/a6-60.txt", "--odir=EADARP/out/l1-s0-g0.7", "--oname=a6-60_1.250_10"]
Settings:
--alns_gamma=0.025
--alns_segment_size=100
--alns_sigma1=10
--alns_sigma2=9
--alns_sigma3=3
--at_most_one_s=false
--gamma=0.7
--ifile=EADARP/instances/l1/a6-60.txt
--infeasible_arcs=EADARP/infeasible_arcs
--insert_charging_otf=true
--insert_cost_noise=0.014
--lns_init_temp_factor=0.0
--lns_temp_dec_factor=0.99
--log_all_sols_fname=
--mh_checkit=false
--mh_lfreq=0
--mh_lnewinc=true
--mh_tciter=-1
--mh_tctime=-1.0
--mh_titer=30000
--mh_tobj=-1.0
--mh_ttime=-1.0
--odir=EADARP/out/l1-s0-g0.7
--ofile=
--oname=a6-60_1.250_10
--only_single_s_visits=false
--prepthreshold=1.25
--repair_max_routes=0
--route_based_ops=0
--seed=1550764777
--tightened_windows=EADARP/tightened_windows
--use_milp_in_otf=0
--xcheck_isfeasible=false

EADARPInstance(EADARP/instances/l1/a6-60.txt, n=60, n_K=6, S=[135, 136, 137], Q=14.85, n_F=6, γ=0.7, T_plan=600.0, F=[129, 130, 131, 132, 133, 134])

T preprocessing time [s]: 3.05594
I       iter             best          obj_old          obj_new        time              method info
I          1        797.13070     100060.00000        797.13070      0.1461                 con 
I          5        779.24181        797.13070        779.24181      0.2322         drrr_15+rrg 
I          6        765.78091        779.24181        765.78091      0.2499         drrr_15+rrg 
I          8        757.92194        765.78091        757.92194      0.2739         drrr_15+rrg 
I         11        751.12766        757.92194        751.12766      0.3312         drrr_15+rrg 
I         12        740.64356        751.12766        740.64356      0.3429        drrr_15+rroi 
I         13        739.77410        740.64356        739.77410      0.3597        drrr_15+rroi 
I         24        736.42864        739.77410        736.42864      0.4662         drrr_15+rrg 
I         38        735.54742        736.42864        735.54742      0.5574        drrr_15+rrri 
I         61        732.32420        735.54742        732.32420      0.6495         drrr_15+rrg 
I         63        729.76145        732.32420        729.76145      0.6568        drrr_15+rroi 
I         93        726.85537        729.76145        726.85537      0.7686        drrr_15+rrri 
I         94        726.04054        726.85537        726.04054      0.7793        drrr_15+rroi 
I        105        725.74945        726.04054        725.74945      0.8307         drrr_15+rrg 
I        108        723.15313        725.74945        723.15313      0.8635        drrr_15+rrri 
I        112        722.56453        723.15313        722.56453      0.8829        drrr_15+rrri 
I        119        722.38214        722.56453        722.38214      0.9120        drrr_15+rrri 
I        125        720.92801        722.38214        720.92801      0.9269        drrr_15+rrri 
I        132        719.36172        720.92801        719.36172      0.9492         drrr_15+rrg 
I        139        718.37542        719.36172        718.37542      0.9724        drrr_15+rrri 
I        201        717.53326        718.37542        717.53326      1.1106        drrr_15+rrri 
I        214        717.43288        717.53326        717.43288      1.1622         drrr_15+rrg 
I        231        715.62344        717.43288        715.62344      1.1899        drrr_15+rroi 
I        233        708.61466        715.62344        708.61466      1.1920        drrr_15+rrri 
I        278        708.55544        708.61466        708.55544      1.2580         drrr_15+rrg 
I        299        708.50078        708.55544        708.50078      1.2940         drrr_15+rrg 
I        310        708.11245        708.50078        708.11245      1.3126         drrr_15+rrg 
I        348        707.93297        708.11245        707.93297      1.3842        drrr_15+rroi 
I        383        706.31745        707.93297        706.31745      1.4323         drrr_15+rrg 
I        389        703.88481        706.31745        703.88481      1.4385        drrr_15+rroi 
I        390        700.93857        703.88481        700.93857      1.4391        drrr_15+rrri 
I        403        700.83819        700.93857        700.83819      1.4662        drrr_15+rroi 
I        417        700.45379        700.83819        700.45379      1.4812        drrr_15+rrri 
I        430        700.14725        700.45379        700.14725      1.4998         drrr_15+rrg 
I        439        700.04688        700.14725        700.04688      1.5155        drrr_15+rroi 
I        441        697.72337        700.04688        697.72337      1.5211        drrr_15+rroi 
I        727        697.69395        697.72337        697.69395      2.0935        drrr_15+rrri 
I        730        696.39163        697.69395        696.39163      2.1021        drrr_15+rroi 
I        819        695.07036        696.39163        695.07036      2.2079         drrr_15+rrg 
I      14429        694.34409        695.07036        694.34409     14.6414        drrr_15+rroi 
I      14614        692.75886        694.34409        692.75886     14.7839        drrr_15+rroi 
I      30000        692.75886        692.75886        706.68261     27.4034        drrr_15+rroi 

Method statistics
S  method    iter  succ  succ-rate%  tot-obj-gain  avg-obj-gain  rel-succ%  net-time  net-time%  brut-time  brut-time%
S  con          1     1   100.00000  -99262.86930  -99262.86930    1.23457   0.14605    0.53297    0.14605     0.53297
S  drrr_15  29999    40     0.13334    -104.37183      -0.00348   49.38272   0.90105    3.28807    0.90105     3.28807
S  rrg      10128    15     0.14810     -58.27502      -0.00575   18.51852  13.94666   50.89368   13.94666    50.89368
S  rroi      9889    13     0.13146     -25.29078      -0.00256   16.04938   5.73018   20.91037    5.73018    20.91037
S  rrri      9982    12     0.12022     -20.80604      -0.00208   14.81481   6.47663   23.63430    6.47663    23.63430
S  SUM/AVG  59999    81     0.13500  -99471.61297      -1.65789   20.00000  27.20057   99.25940   27.20057    99.25940

T best solution: EADARPSolution(t_routing=857.493, t_excess=198.556, obj_val=692.759, obj_val_valid=true,
    unserved_requests=Int64[], F_visited=[134, 132, 130, 131, 129, 133], S_visited=Int64[],
    (1, ([123, 12, 72, 16, 4, 47, 76, 64, 107, 29, 50, 89, 110, 52, 112, 28, 88, 135, 35, 34, 94, 95, 13, 73, 129], [81.42789211448516], [18]))
    (2, ([124, 60, 9, 120, 69, 51, 111, 23, 83, 26, 86, 36, 96, 21, 44, 81, 104, 135, 130], [40.34436668417876], [18]))
    (3, ([125, 55, 115, 14, 56, 116, 74, 11, 71, 1, 22, 61, 82, 31, 91, 19, 79, 59, 119, 42, 24, 102, 84, 135, 131], [53.57334987150531], [24]))
    (4, ([126, 8, 68, 43, 37, 103, 97, 46, 106, 39, 99, 48, 25, 85, 108, 3, 63, 135, 132], [18.30968197119825], [18]))
    (5, ([127, 58, 118, 38, 98, 27, 7, 87, 67, 18, 78, 40, 100, 5, 54, 65, 114, 30, 10, 90, 70, 41, 101, 32, 92, 135, 133], [92.0958622871903], [26]))
    (6, ([128, 57, 117, 49, 109, 20, 80, 45, 105, 33, 53, 93, 2, 113, 62, 15, 75, 6, 17, 66, 77, 135, 134], [85.74210671400257], [22])))

T best obj: 692.7588646040851
T best iteration: 14614
T total iterations: 30000
T best time [s]: 14.784
T total time [s]: 27.4035
