EADARP version e957-dirty
ARGS: ["--prepthreshold=1.000", "--only_single_s_visits=0", "--gamma=0.7", "--ifile=EADARP/instances/l1/a6-60.txt", "--odir=EADARP/out/l1-s0-g0.7", "--oname=a6-60_1.000_04"]
Settings:
--alns_gamma=0.025
--alns_segment_size=100
--alns_sigma1=10
--alns_sigma2=9
--alns_sigma3=3
--at_most_one_s=false
--gamma=0.7
--ifile=EADARP/instances/l1/a6-60.txt
--infeasible_arcs=EADARP/infeasible_arcs
--insert_charging_otf=true
--insert_cost_noise=0.014
--lns_init_temp_factor=0.0
--lns_temp_dec_factor=0.99
--log_all_sols_fname=
--mh_checkit=false
--mh_lfreq=0
--mh_lnewinc=true
--mh_tciter=-1
--mh_tctime=-1.0
--mh_titer=30000
--mh_tobj=-1.0
--mh_ttime=-1.0
--odir=EADARP/out/l1-s0-g0.7
--ofile=
--oname=a6-60_1.000_04
--only_single_s_visits=false
--prepthreshold=1.0
--repair_max_routes=0
--route_based_ops=0
--seed=1433511856
--tightened_windows=EADARP/tightened_windows
--use_milp_in_otf=0
--xcheck_isfeasible=false

EADARPInstance(EADARP/instances/l1/a6-60.txt, n=60, n_K=6, S=[135, 136, 137], Q=14.85, n_F=6, γ=0.7, T_plan=600.0, F=[129, 130, 131, 132, 133, 134])

T preprocessing time [s]: 2.97465
I       iter             best          obj_old          obj_new        time              method info
I          1        797.92860     100060.00000        797.92860      0.1333                 con 
I          2        797.37402        797.92860        797.37402      0.1502         drrr_15+rrg 
I          3        795.69213        797.37402        795.69213      0.1728         drrr_15+rrg 
I          4        778.93518        795.69213        778.93518      0.1881        drrr_15+rrri 
I          5        773.30261        778.93518        773.30261      0.2157        drrr_15+rrri 
I          6        754.87502        773.30261        754.87502      0.2588        drrr_15+rrri 
I         11        753.99073        754.87502        753.99073      0.3684        drrr_15+rroi 
I         17        750.14614        753.99073        750.14614      0.4803        drrr_15+rrri 
I         20        749.23720        750.14614        749.23720      0.5095         drrr_15+rrg 
I         21        748.95366        749.23720        748.95366      0.5173        drrr_15+rroi 
I         23        747.11154        748.95366        747.11154      0.5535        drrr_15+rrri 
I         25        740.95646        747.11154        740.95646      0.5645        drrr_15+rrri 
I         28        734.14282        740.95646        734.14282      0.5987        drrr_15+rrri 
I         33        733.00836        734.14282        733.00836      0.6540         drrr_15+rrg 
I         34        721.52448        733.00836        721.52448      0.6620        drrr_15+rrri 
I         40        720.76791        721.52448        720.76791      0.7063        drrr_15+rroi 
I         42        720.70499        720.76791        720.70499      0.7176        drrr_15+rroi 
I         65        720.04673        720.70499        720.04673      0.8068        drrr_15+rroi 
I         69        719.74772        720.04673        719.74772      0.8277        drrr_15+rroi 
I         72        719.41206        719.74772        719.41206      0.8535         drrr_15+rrg 
I         96        718.57717        719.41206        718.57717      0.9247         drrr_15+rrg 
I         99        718.47680        718.57717        718.47680      0.9358        drrr_15+rrri 
I        100        716.95714        718.47680        716.95714      0.9365        drrr_15+rrri 
I        103        716.94100        716.95714        716.94100      0.9383        drrr_15+rrri 
I        113        715.36430        716.94100        715.36430      0.9658        drrr_15+rroi 
I        124        715.26392        715.36430        715.26392      0.9990         drrr_15+rrg 
I        152        713.99937        715.26392        713.99937      1.0569         drrr_15+rrg 
I        182        713.21829        713.99937        713.21829      1.1166        drrr_15+rroi 
I        183        712.74796        713.21829        712.74796      1.1193        drrr_15+rroi 
I        186        710.90112        712.74796        710.90112      1.1263         drrr_15+rrg 
I        188        710.88498        710.90112        710.88498      1.1304        drrr_15+rrri 
I        199        706.57810        710.88498        706.57810      1.1782        drrr_15+rrri 
I        206        705.54945        706.57810        705.54945      1.1969        drrr_15+rrri 
I        216        705.44907        705.54945        705.44907      1.2427         drrr_15+rrg 
I        221        704.97689        705.44907        704.97689      1.2477         drrr_15+rrg 
I        235        704.96891        704.97689        704.96891      1.2597         drrr_15+rrg 
I        291        704.95039        704.96891        704.95039      1.3693        drrr_15+rroi 
I        465        703.68413        704.95039        703.68413      1.6075        drrr_15+rroi 
I        941        702.38644        703.68413        702.38644      2.1132        drrr_15+rroi 
I        942        701.07505        702.38644        701.07505      2.1139        drrr_15+rroi 
I        947        701.06707        701.07505        701.06707      2.1225        drrr_15+rrri 
I       1012        701.05593        701.06707        701.05593      2.2031        drrr_15+rrri 
I       1014        700.50935        701.05593        700.50935      2.2059         drrr_15+rrg 
I       1027        700.50137        700.50935        700.50137      2.2150        drrr_15+rrri 
I       1066        700.08775        700.50137        700.08775      2.2504         drrr_15+rrg 
I       1069        699.49765        700.08775        699.49765      2.2571        drrr_15+rrri 
I       1131        698.30762        699.49765        698.30762      2.3176        drrr_15+rrri 
I       3762        698.00237        698.30762        698.00237      4.9873         drrr_15+rrg 
I       3764        697.39815        698.00237        697.39815      4.9893         drrr_15+rrg 
I       3768        697.39017        697.39815        697.39017      4.9922        drrr_15+rroi 
I      30000        697.39017        697.39017        713.55928     27.5074        drrr_15+rrri 

Method statistics
S  method    iter  succ  succ-rate%  tot-obj-gain  avg-obj-gain  rel-succ%  net-time  net-time%  brut-time  brut-time%
S  con          1     1   100.00000  -99262.07140  -99262.07140    1.01010   0.13322    0.48430    0.13322     0.48430
S  drrr_15  29999    49     0.16334    -100.53843      -0.00335   49.49495   0.93662    3.40496    0.93662     3.40496
S  rrg      10011    16     0.15982     -11.11240      -0.00111   16.16162  13.39850   48.70845   13.39850    48.70845
S  rroi      9933    14     0.14094      -9.67454      -0.00097   14.14141   6.33004   23.01200    6.33004    23.01200
S  rrri     10055    19     0.18896     -79.75149      -0.00793   19.19192   6.46954   23.51915    6.46954    23.51915
S  SUM/AVG  59999    99     0.16500  -99463.14827      -1.65775   20.00000  27.26793   99.12886   27.26793    99.12886

T best solution: EADARPSolution(t_routing=866.674, t_excess=189.538, obj_val=697.39, obj_val_valid=true,
    unserved_requests=Int64[], F_visited=[132, 133, 134, 129, 130, 131], S_visited=Int64[],
    (1, ([123, 58, 118, 38, 98, 27, 7, 87, 67, 18, 78, 22, 82, 31, 91, 19, 79, 59, 119, 42, 24, 102, 84, 135, 129], [67.43443856791338], [24]))
    (2, ([124, 12, 72, 16, 4, 47, 76, 64, 107, 26, 86, 5, 54, 65, 114, 30, 10, 90, 70, 41, 101, 32, 92, 135, 130], [67.8350566595048], [24]))
    (3, ([125, 8, 68, 15, 75, 36, 96, 21, 44, 81, 104, 131], Float64[], Int64[]))
    (4, ([126, 55, 115, 14, 56, 116, 74, 11, 71, 1, 61, 40, 100, 46, 106, 39, 99, 48, 25, 85, 108, 135, 132], [51.512995037877005], [22]))
    (5, ([127, 57, 117, 49, 109, 20, 80, 23, 83, 29, 50, 89, 110, 52, 112, 28, 88, 135, 35, 34, 94, 95, 3, 63, 135, 133], [113.33102746833652, 1.7987888057578258], [18, 25]))
    (6, ([128, 60, 9, 120, 69, 51, 111, 45, 105, 33, 53, 93, 2, 113, 62, 137, 43, 37, 103, 97, 6, 17, 66, 77, 13, 73, 134], [84.4210183636691], [16])))

T best obj: 697.3901657705161
T best iteration: 3768
T total iterations: 30000
T best time [s]: 4.992
T total time [s]: 27.5076
