EADARP version 2def-dirty
ARGS: --ifile=EADARP/instances/l1/a6-60.txt --odir=EADARP/out/a6-60 --oname=run19
Settings:
--alns_gamma=0.025
--alns_segment_size=100
--alns_sigma1=10
--alns_sigma2=9
--alns_sigma3=3
--at_most_one_s=false
--gamma=-1.0
--ifile=EADARP/instances/l1/a6-60.txt
--insert_charging_otf=true
--insert_cost_noise=0.014
--lns_init_temp_factor=0.0
--lns_temp_dec_factor=0.99
--mh_checkit=false
--mh_lfreq=0
--mh_lnewinc=true
--mh_tciter=-1
--mh_tctime=-1.0
--mh_titer=300
--mh_tobj=-1.0
--mh_ttime=-1.0
--odir=EADARP/out/a6-60
--oname=run19
--only_single_s_visits=true
--repair_max_routes=0
--seed=1399211450
--use_milp_in_otf=0
--xcheck_isfeasible=false

EADARPInstance(EADARP/instances/l1/a6-60.txt, n=60, n_K=6, S=[135, 136, 137], Q=14.85, n_F=6, γ=0.7, T_plan=600.0, F=[129, 130, 131, 132, 133, 134])

T preprocessing time [s]: 1.78458
I       iter             best          obj_old          obj_new        time              method info
I          1     100010.00000     100060.00000     100010.00000      0.1695                 con 
I          3     100008.00000     100010.00000     100008.00000      0.3253         drrr_15+rrg 
I          4     100007.00000     100008.00000     100007.00000      0.3567        drrr_15+rroi 
I         13     100006.00000     100007.00000     100006.00000      0.6640         drrr_15+rrg 
I         16     100005.00000     100006.00000     100005.00000      0.7048        drrr_15+rrri 
I         33     100004.00000     100005.00000     100004.00000      0.9741        drrr_15+rroi 
I         38     100003.00000     100004.00000     100003.00000      1.1011         drrr_15+rrg 
I         88     100002.00000     100003.00000     100002.00000      1.6976         drrr_15+rrg 
I        204     100001.00000     100002.00000     100001.00000      2.4515        drrr_15+rrri 
I        300     100001.00000     100001.00000     100001.00000      2.8654        drrr_15+rrri 

Method statistics
S  method    iter  succ  succ-rate%  tot-obj-gain  avg-obj-gain  rel-succ%  net-time  net-time%  brut-time  brut-time%
S  con          1     1   100.00000     -50.00000     -50.00000    5.88235   0.16946    5.91373    0.16946     5.91373
S  drrr_15    299     8     2.67559      -9.00000      -0.03010   47.05882   0.00416    0.14517    0.00416     0.14517
S  rrg         94     4     4.25532      -5.00000      -0.05319   23.52941   0.93334   32.57192    0.93334    32.57192
S  rroi        93     2     2.15054      -2.00000      -0.02151   11.76471   0.82388   28.75199    0.82388    28.75199
S  rrri       112     2     1.78571      -2.00000      -0.01786   11.76471   0.93277   32.55193    0.93277    32.55193
S  SUM/AVG    599    17     2.83806     -68.00000      -0.11352   20.00000   2.86360   99.93473    2.86360    99.93473

T best solution: EADARPSolution(t_routing=-1.0, t_excess=-1.0, obj_val=100001.0, obj_val_valid=true,
    unserved_requests=[21], F_visited=[130, 131, 133, 134, 129, 132], S_visited=[136, 137, 135],
    (1, ([123, 4, 16, 47, 107, 64, 76, 52, 112, 28, 88, 3, 63, 129], Float64[], Int64[]))
    (2, ([124, 60, 9, 120, 69, 58, 118, 45, 105, 53, 33, 113, 93, 15, 75, 5, 54, 65, 114, 30, 10, 90, 70, 41, 101, 137, 130], [122.66063878517281], [26]))
    (3, ([125, 57, 117, 49, 109, 12, 72, 51, 27, 7, 111, 87, 67, 18, 22, 78, 82, 40, 100, 29, 50, 89, 110, 135, 35, 34, 94, 95, 13, 44, 104, 73, 131], [151.86315522242165], [24]))
    (4, ([126, 55, 115, 56, 14, 116, 74, 2, 62, 31, 91, 19, 79, 42, 24, 102, 84, 132], Float64[], Int64[]))
    (5, ([127, 20, 38, 80, 98, 11, 71, 1, 61, 23, 83, 26, 86, 136, 46, 106, 6, 17, 66, 77, 32, 92, 59, 119, 133], [124.02960861965795], [14]))
    (6, ([128, 8, 68, 43, 37, 103, 97, 39, 99, 36, 48, 96, 25, 85, 108, 134], Float64[], Int64[])))

T best obj: 100001.0
T best iteration: 204
T total iterations: 300
T best time [s]: 2.451
T total time [s]: 2.8655
