EADARP version 2def-dirty
ARGS: --ifile=EADARP/instances/l1/a6-60.txt --odir=EADARP/out/a6-60 --oname=run100
Settings:
--alns_gamma=0.025
--alns_segment_size=100
--alns_sigma1=10
--alns_sigma2=9
--alns_sigma3=3
--at_most_one_s=false
--gamma=-1.0
--ifile=EADARP/instances/l1/a6-60.txt
--insert_charging_otf=true
--insert_cost_noise=0.014
--lns_init_temp_factor=0.0
--lns_temp_dec_factor=0.99
--mh_checkit=false
--mh_lfreq=0
--mh_lnewinc=true
--mh_tciter=-1
--mh_tctime=-1.0
--mh_titer=300
--mh_tobj=-1.0
--mh_ttime=-1.0
--odir=EADARP/out/a6-60
--oname=run100
--only_single_s_visits=true
--repair_max_routes=0
--seed=624083204
--use_milp_in_otf=0
--xcheck_isfeasible=false

EADARPInstance(EADARP/instances/l1/a6-60.txt, n=60, n_K=6, S=[135, 136, 137], Q=14.85, n_F=6, γ=0.7, T_plan=600.0, F=[129, 130, 131, 132, 133, 134])

T preprocessing time [s]: 1.79623
I       iter             best          obj_old          obj_new        time              method info
I          1     100010.00000     100060.00000     100010.00000      0.1692                 con 
I          2     100009.00000     100010.00000     100009.00000      0.2214        drrr_15+rrri 
I          5     100008.00000     100009.00000     100008.00000      0.3753         drrr_15+rrg 
I          8     100007.00000     100008.00000     100007.00000      0.4847        drrr_15+rrri 
I         17     100006.00000     100007.00000     100006.00000      0.7282        drrr_15+rroi 
I         25     100005.00000     100006.00000     100005.00000      0.8686        drrr_15+rroi 
I         26     100004.00000     100005.00000     100004.00000      0.8930        drrr_15+rrri 
I         46     100003.00000     100004.00000     100003.00000      1.1217        drrr_15+rroi 
I         50     100002.00000     100003.00000     100002.00000      1.2291        drrr_15+rroi 
I         68     100001.00000     100002.00000     100001.00000      1.5537        drrr_15+rroi 
I        300     100001.00000     100001.00000     100001.00000      2.9488         drrr_15+rrg 

Method statistics
S  method    iter  succ  succ-rate%  tot-obj-gain  avg-obj-gain  rel-succ%  net-time  net-time%  brut-time  brut-time%
S  con          1     1   100.00000     -50.00000     -50.00000    5.26316   0.16916    5.73641    0.16916     5.73641
S  drrr_15    299     9     3.01003      -9.00000      -0.03010   47.36842   0.00368    0.12473    0.00368     0.12473
S  rrg        108     1     0.92593      -1.00000      -0.00926    5.26316   1.06692   36.18161    1.06692    36.18161
S  rroi       104     5     4.80769      -5.00000      -0.04808   26.31579   0.68362   23.18288    0.68362    23.18288
S  rrri        87     3     3.44828      -3.00000      -0.03448   15.78947   1.02404   34.72726    1.02404    34.72726
S  SUM/AVG    599    19     3.17195     -68.00000      -0.11352   20.00000   2.94741   99.95288    2.94741    99.95288

T best solution: EADARPSolution(t_routing=-1.0, t_excess=-1.0, obj_val=100001.0, obj_val_valid=true,
    unserved_requests=[30], F_visited=[133, 134, 131, 130, 129, 132], S_visited=[136, 135, 137],
    (1, ([123, 20, 80, 16, 4, 47, 76, 64, 107, 53, 113, 22, 82, 26, 86, 136, 6, 17, 66, 77, 13, 73, 129], [116.23721189831686], [16]))
    (2, ([124, 57, 117, 49, 109, 12, 72, 51, 111, 45, 105, 33, 18, 93, 78, 40, 100, 15, 75, 5, 54, 65, 114, 137, 42, 24, 102, 84, 3, 63, 130], [141.13515345882746], [24]))
    (3, ([125, 52, 112, 28, 88, 46, 106, 10, 70, 41, 32, 101, 92, 131], Float64[], Int64[]))
    (4, ([126, 60, 9, 120, 69, 58, 38, 118, 98, 27, 7, 87, 67, 2, 1, 62, 61, 23, 83, 29, 50, 89, 110, 135, 35, 34, 94, 95, 21, 44, 81, 104, 132], [170.4284643017965], [24]))
    (5, ([127, 55, 115, 14, 56, 116, 74, 11, 71, 31, 91, 19, 79, 59, 119, 133], Float64[], Int64[]))
    (6, ([128, 8, 68, 43, 37, 103, 97, 39, 99, 36, 48, 96, 25, 85, 108, 134], Float64[], Int64[])))

T best obj: 100001.0
T best iteration: 68
T total iterations: 300
T best time [s]: 1.554
T total time [s]: 2.9488
