EADARP version 585c-dirty
ARGS: --ifile=EADARP/instances/l1/a6-60.txt --infeasible_arcs=EADARP/infeasible_arcs --gamma=0.7 --only_single_s_visits=false --odir=EADARP/out/a6-60 --oname=run11
Settings:
--alns_gamma=0.025
--alns_segment_size=100
--alns_sigma1=10
--alns_sigma2=9
--alns_sigma3=3
--at_most_one_s=false
--gamma=0.7
--ifile=EADARP/instances/l1/a6-60.txt
--infeasible_arcs=EADARP/infeasible_arcs
--insert_charging_otf=true
--insert_cost_noise=0.014
--lns_init_temp_factor=0.0
--lns_temp_dec_factor=0.99
--mh_checkit=false
--mh_lfreq=0
--mh_lnewinc=true
--mh_tciter=-1
--mh_tctime=-1.0
--mh_titer=30000
--mh_tobj=-1.0
--mh_ttime=-1.0
--odir=EADARP/out/a6-60
--oname=run11
--only_single_s_visits=false
--repair_max_routes=0
--seed=1505060142
--use_milp_in_otf=0
--xcheck_isfeasible=false

EADARPInstance(EADARP/instances/l1/a6-60.txt, n=60, n_K=6, S=[135, 136, 137], Q=14.85, n_F=6, γ=0.7, T_plan=600.0, F=[129, 130, 131, 132, 133, 134])

T preprocessing time [s]: 1.88346
I       iter             best          obj_old          obj_new        time              method info
I          1        792.62474     100060.00000        792.62474      0.1690                 con 
I          3        786.70194        792.62474        786.70194      0.2448         drrr_15+rrg 
I          7        771.20171        786.70194        771.20171      0.3751        drrr_15+rroi 
I          8        761.93790        771.20171        761.93790      0.3882        drrr_15+rrri 
I         10        753.57647        761.93790        753.57647      0.4293         drrr_15+rrg 
I         14        753.12816        753.57647        753.12816      0.5342        drrr_15+rrri 
I         15        750.03551        753.12816        750.03551      0.5525         drrr_15+rrg 
I         18        746.13378        750.03551        746.13378      0.6013        drrr_15+rrri 
I         25        744.75941        746.13378        744.75941      0.6979        drrr_15+rroi 
I         31        739.39213        744.75941        739.39213      0.7618        drrr_15+rroi 
I         32        736.89196        739.39213        736.89196      0.7853         drrr_15+rrg 
I         33        734.00980        736.89196        734.00980      0.7914        drrr_15+rroi 
I         38        733.90942        734.00980        733.90942      0.8326         drrr_15+rrg 
I         39        733.76105        733.90942        733.76105      0.8398        drrr_15+rroi 
I         43        730.13936        733.76105        730.13936      0.9091        drrr_15+rrri 
I         50        726.32714        730.13936        726.32714      1.0622        drrr_15+rrri 
I         51        722.52218        726.32714        722.52218      1.0791        drrr_15+rrri 
I         83        713.26975        722.52218        713.26975      1.2570        drrr_15+rrri 
I         93        711.98333        713.26975        711.98333      1.3246        drrr_15+rrri 
I         95        707.88506        711.98333        707.88506      1.3380        drrr_15+rrri 
I        100        707.78468        707.88506        707.78468      1.3548        drrr_15+rroi 
I        157        706.88608        707.78468        706.88608      1.5100        drrr_15+rroi 
I        228        706.78571        706.88608        706.78571      1.6479        drrr_15+rroi 
I        232        706.71941        706.78571        706.71941      1.6508        drrr_15+rrri 
I        266        706.70097        706.71941        706.70097      1.7037        drrr_15+rroi 
I        489        705.45672        706.70097        705.45672      2.0019         drrr_15+rrg 
I       2799        705.29818        705.45672        705.29818      3.5545         drrr_15+rrg 
I       3580        704.34336        705.29818        704.34336      4.0211        drrr_15+rrri 
I       3866        703.54038        704.34336        703.54038      4.1560        drrr_15+rrri 
I      15827        703.46996        703.54038        703.46996      8.5488        drrr_15+rroi 
I      15829        703.40704        703.46996        703.40704      8.5494         drrr_15+rrg 
I      15847        703.25518        703.40704        703.25518      8.5770        drrr_15+rrri 
I      15851        701.95696        703.25518        701.95696      8.5809        drrr_15+rrri 
I      18175        699.75673        701.95696        699.75673      9.5888        drrr_15+rroi 
I      20213        697.64551        699.75673        697.64551     10.3901         drrr_15+rrg 
I      20214        697.43073        697.64551        697.43073     10.3903        drrr_15+rrri 
I      20419        696.15625        697.43073        696.15625     10.4849         drrr_15+rrg 
I      30000        696.15625        696.15625        705.26468     13.6413        drrr_15+rrri 

Method statistics
S  method    iter  succ  succ-rate%  tot-obj-gain  avg-obj-gain  rel-succ%  net-time  net-time%  brut-time  brut-time%
S  con          1     1   100.00000  -99267.37526  -99267.37526    1.36986   0.16895    1.23848    0.16895     1.23848
S  drrr_15  29999    36     0.12000     -96.46850      -0.00322   49.31507   0.27303    2.00148    0.27303     2.00148
S  rrg       9948    10     0.10052     -24.82883      -0.00250   13.69863   5.42303   39.75438    5.42303    39.75438
S  rroi     10140    11     0.10848     -28.66085      -0.00283   15.06849   3.03256   22.23062    3.03256    22.23062
S  rrri      9911    15     0.15135     -42.97881      -0.00434   20.54795   4.67495   34.27049    4.67495    34.27049
S  SUM/AVG  59999    73     0.12167  -99460.31225      -1.65770   20.00000  13.57251   99.49544   13.57251    99.49544

T best solution: EADARPSolution(t_routing=859.238, t_excess=206.91, obj_val=696.156, obj_val_valid=true,
    unserved_requests=Int64[], F_visited=[134, 133, 131, 132, 129, 130], S_visited=Int64[],
    (1, ([123, 12, 72, 1, 22, 61, 82, 40, 100, 5, 54, 65, 114, 30, 10, 90, 70, 41, 101, 32, 92, 135, 129], [58.40823735043362], [22]))
    (2, ([124, 38, 98, 51, 27, 7, 111, 87, 67, 53, 8, 68, 113, 137, 15, 75, 36, 96, 21, 44, 81, 104, 130], [68.34721833421776], [14]))
    (3, ([125, 57, 117, 16, 4, 47, 76, 64, 107, 29, 50, 89, 110, 31, 91, 19, 79, 59, 119, 42, 24, 102, 84, 135, 131], [42.37217329099931], [24]))
    (4, ([126, 49, 109, 20, 80, 45, 105, 33, 18, 93, 78, 23, 83, 26, 86, 6, 17, 66, 77, 135, 132], [78.60870380753259], [20]))
    (5, ([127, 55, 115, 14, 56, 116, 74, 11, 71, 43, 37, 103, 97, 46, 106, 136, 39, 99, 48, 25, 85, 108, 3, 63, 135, 133], [6.600928082203206, 57.6225576126335], [16, 25]))
    (6, ([128, 60, 9, 120, 69, 58, 118, 2, 62, 52, 112, 28, 88, 35, 34, 94, 95, 13, 73, 135, 134], [61.27866914105096], [20])))

T best obj: 696.1562454438305
T best iteration: 20419
T total iterations: 30000
T best time [s]: 10.485
T total time [s]: 13.6413
