EADARP version 585c-dirty
ARGS: --ifile=EADARP/instances/l1/a6-60.txt --infeasible_arcs=EADARP/infeasible_arcs --gamma=0.7 --only_single_s_visits=false --odir=EADARP/out/a6-60 --oname=run15
Settings:
--alns_gamma=0.025
--alns_segment_size=100
--alns_sigma1=10
--alns_sigma2=9
--alns_sigma3=3
--at_most_one_s=false
--gamma=0.7
--ifile=EADARP/instances/l1/a6-60.txt
--infeasible_arcs=EADARP/infeasible_arcs
--insert_charging_otf=true
--insert_cost_noise=0.014
--lns_init_temp_factor=0.0
--lns_temp_dec_factor=0.99
--mh_checkit=false
--mh_lfreq=0
--mh_lnewinc=true
--mh_tciter=-1
--mh_tctime=-1.0
--mh_titer=30000
--mh_tobj=-1.0
--mh_ttime=-1.0
--odir=EADARP/out/a6-60
--oname=run15
--only_single_s_visits=false
--repair_max_routes=0
--seed=1191715470
--use_milp_in_otf=0
--xcheck_isfeasible=false

EADARPInstance(EADARP/instances/l1/a6-60.txt, n=60, n_K=6, S=[135, 136, 137], Q=14.85, n_F=6, γ=0.7, T_plan=600.0, F=[129, 130, 131, 132, 133, 134])

T preprocessing time [s]: 1.87724
I       iter             best          obj_old          obj_new        time              method info
I          1        804.99508     100060.00000        804.99508      0.1530                 con 
I          3        802.80959        804.99508        802.80959      0.2655         drrr_15+rrg 
I          4        785.82895        802.80959        785.82895      0.3379        drrr_15+rroi 
I          5        784.31937        785.82895        784.31937      0.3505         drrr_15+rrg 
I          6        784.21899        784.31937        784.21899      0.3963         drrr_15+rrg 
I          8        778.80807        784.21899        778.80807      0.4540        drrr_15+rroi 
I         10        777.48734        778.80807        777.48734      0.4978        drrr_15+rrri 
I         11        766.67380        777.48734        766.67380      0.5133         drrr_15+rrg 
I         12        751.63907        766.67380        751.63907      0.5778         drrr_15+rrg 
I         22        747.51509        751.63907        747.51509      0.7333        drrr_15+rrri 
I         23        741.64469        747.51509        741.64469      0.7349        drrr_15+rroi 
I         30        740.93747        741.64469        740.93747      0.8021        drrr_15+rrri 
I         31        734.32948        740.93747        734.32948      0.8051         drrr_15+rrg 
I         32        734.22910        734.32948        734.22910      0.8288        drrr_15+rroi 
I         35        729.16948        734.22910        729.16948      0.8546        drrr_15+rrri 
I         37        727.58191        729.16948        727.58191      0.8582        drrr_15+rrri 
I         41        724.53527        727.58191        724.53527      0.8809         drrr_15+rrg 
I         48        721.94995        724.53527        721.94995      0.9138         drrr_15+rrg 
I        147        721.47893        721.94995        721.47893      1.2139        drrr_15+rrri 
I        166        719.63235        721.47893        719.63235      1.2405        drrr_15+rrri 
I        175        717.29011        719.63235        717.29011      1.2845        drrr_15+rrri 
I        189        717.28342        717.29011        717.28342      1.3216        drrr_15+rrri 
I        220        716.79168        717.28342        716.79168      1.4787        drrr_15+rroi 
I        247        716.20185        716.79168        716.20185      1.5305        drrr_15+rrri 
I        263        716.13649        716.20185        716.13649      1.6003         drrr_15+rrg 
I        279        715.79321        716.13649        715.79321      1.6091         drrr_15+rrg 
I        314        714.75295        715.79321        714.75295      1.6557         drrr_15+rrg 
I        360        714.51309        714.75295        714.51309      1.7220        drrr_15+rrri 
I        392        710.46113        714.51309        710.46113      1.8022        drrr_15+rrri 
I        404        706.28330        710.46113        706.28330      1.8848        drrr_15+rrri 
I        510        704.76951        706.28330        704.76951      2.3211        drrr_15+rrri 
I        526        703.22300        704.76951        703.22300      2.3730        drrr_15+rroi 
I        534        703.12263        703.22300        703.12263      2.3887        drrr_15+rrri 
I        544        701.53740        703.12263        701.53740      2.3987        drrr_15+rrri 
I        596        700.90072        701.53740        700.90072      2.4831        drrr_15+rrri 
I        606        700.37535        700.90072        700.37535      2.5615         drrr_15+rrg 
I        611        700.03066        700.37535        700.03066      2.5865         drrr_15+rrg 
I        615        700.02267        700.03066        700.02267      2.6031         drrr_15+rrg 
I        638        699.87880        700.02267        699.87880      2.6925        drrr_15+rrri 
I        640        699.87082        699.87880        699.87082      2.6932        drrr_15+rrri 
I       1184        699.71974        699.87082        699.71974      3.2886        drrr_15+rroi 
I       1190        697.95713        699.71974        697.95713      3.2928        drrr_15+rrri 
I       1197        697.71281        697.95713        697.71281      3.2980        drrr_15+rroi 
I       1202        697.69870        697.71281        697.69870      3.3028        drrr_15+rroi 
I       1363        697.69870        697.69870        697.69870      3.5053         drrr_15+rrg 
I       1620        697.61244        697.69870        697.61244      3.7294         drrr_15+rrg 
I       6200        697.20832        697.61244        697.20832      5.9863        drrr_15+rrri 
I       6209        697.11593        697.20832        697.11593      5.9908        drrr_15+rroi 
I       6211        697.10794        697.11593        697.10794      5.9974        drrr_15+rrri 
I       7769        696.71437        697.10794        696.71437      6.7258        drrr_15+rrri 
I       7775        696.70639        696.71437        696.70639      6.7273         drrr_15+rrg 
I       7816        696.37205        696.70639        696.37205      6.7367        drrr_15+rrri 
I       9451        695.80239        696.37205        695.80239      7.2981         drrr_15+rrg 
I       9463        694.96785        695.80239        694.96785      7.3307         drrr_15+rrg 
I       9635        694.63351        694.96785        694.63351      7.4331         drrr_15+rrg 
I      10684        694.29640        694.63351        694.29640      7.9877        drrr_15+rroi 
I      10699        692.95907        694.29640        692.95907      8.0378         drrr_15+rrg 
I      30000        692.95907        692.95907        693.11093     14.3525        drrr_15+rroi 

Method statistics
S  method    iter  succ  succ-rate%  tot-obj-gain  avg-obj-gain  rel-succ%  net-time  net-time%  brut-time  brut-time%
S  con          1     1   100.00000  -99255.00492  -99255.00492    0.88496   0.15301    1.06605    0.15301     1.06605
S  drrr_15  29999    56     0.18667    -112.03601      -0.00373   49.55752   0.28745    2.00281    0.28745     2.00281
S  rrg      10003    21     0.20994     -47.38073      -0.00474   18.58407   5.53528   38.56648    5.53528    38.56648
S  rroi      9980    11     0.11022     -31.23960      -0.00313    9.73451   3.33551   23.23982    3.33551    23.23982
S  rrri     10016    24     0.23962     -33.41568      -0.00334   21.23894   4.97462   34.66010    4.97462    34.66010
S  SUM/AVG  59999   113     0.18834  -99479.07694      -1.65801   20.00000  14.28587   99.53526   14.28587    99.53526

T best solution: EADARPSolution(t_routing=854.451, t_excess=208.482, obj_val=692.959, obj_val_valid=true,
    unserved_requests=Int64[], F_visited=[131, 132, 130, 129, 133, 134], S_visited=Int64[],
    (1, ([123, 49, 109, 20, 80, 45, 105, 33, 53, 93, 2, 113, 62, 137, 43, 37, 103, 97, 46, 106, 39, 99, 36, 48, 96, 25, 85, 108, 129], [104.82545163206028], [14]))
    (2, ([124, 57, 117, 16, 4, 47, 76, 64, 107, 8, 68, 15, 75, 28, 88, 135, 35, 34, 94, 95, 3, 21, 63, 81, 130], [76.25740102000826], [16]))
    (3, ([125, 12, 72, 1, 61, 40, 100, 29, 50, 89, 110, 52, 112, 17, 6, 66, 77, 135, 131], [47.59275150508703], [18]))
    (4, ([126, 55, 115, 56, 14, 116, 74, 23, 83, 26, 86, 5, 54, 65, 114, 13, 44, 104, 73, 135, 132], [34.97544155576684], [20]))
    (5, ([127, 60, 9, 120, 69, 51, 111, 11, 71, 31, 91, 19, 79, 59, 119, 42, 24, 102, 84, 135, 133], [30.82145263880414], [20]))
    (6, ([128, 58, 118, 38, 98, 27, 7, 87, 67, 18, 78, 22, 82, 30, 10, 90, 70, 41, 101, 32, 92, 135, 134], [73.97882354139365], [22])))

T best obj: 692.9590684249833
T best iteration: 10699
T total iterations: 30000
T best time [s]: 8.038
T total time [s]: 14.3526
