EADARP version 585c-dirty
ARGS: --ifile=EADARP/instances/l1/a6-60.txt --infeasible_arcs=EADARP/infeasible_arcs --gamma=0.7 --only_single_s_visits=false --odir=EADARP/out/a6-60 --oname=run20
Settings:
--alns_gamma=0.025
--alns_segment_size=100
--alns_sigma1=10
--alns_sigma2=9
--alns_sigma3=3
--at_most_one_s=false
--gamma=0.7
--ifile=EADARP/instances/l1/a6-60.txt
--infeasible_arcs=EADARP/infeasible_arcs
--insert_charging_otf=true
--insert_cost_noise=0.014
--lns_init_temp_factor=0.0
--lns_temp_dec_factor=0.99
--mh_checkit=false
--mh_lfreq=0
--mh_lnewinc=true
--mh_tciter=-1
--mh_tctime=-1.0
--mh_titer=30000
--mh_tobj=-1.0
--mh_ttime=-1.0
--odir=EADARP/out/a6-60
--oname=run20
--only_single_s_visits=false
--repair_max_routes=0
--seed=82568928
--use_milp_in_otf=0
--xcheck_isfeasible=false

EADARPInstance(EADARP/instances/l1/a6-60.txt, n=60, n_K=6, S=[135, 136, 137], Q=14.85, n_F=6, γ=0.7, T_plan=600.0, F=[129, 130, 131, 132, 133, 134])

T preprocessing time [s]: 1.9316
I       iter             best          obj_old          obj_new        time              method info
I          1        808.32042     100060.00000        808.32042      0.1629                 con 
I          3        793.49723        808.32042        793.49723      0.2591        drrr_15+rrri 
I          4        788.77175        793.49723        788.77175      0.3038        drrr_15+rrri 
I          5        770.82026        788.77175        770.82026      0.3485         drrr_15+rrg 
I          8        749.88269        770.82026        749.88269      0.4283        drrr_15+rroi 
I          9        748.72719        749.88269        748.72719      0.4841        drrr_15+rrri 
I         10        741.75716        748.72719        741.75716      0.5067        drrr_15+rroi 
I         11        727.24422        741.75716        727.24422      0.5715        drrr_15+rroi 
I         15        724.12198        727.24422        724.12198      0.7388        drrr_15+rrri 
I         18        715.33630        724.12198        715.33630      0.7977        drrr_15+rroi 
I         23        714.07175        715.33630        714.07175      0.8873        drrr_15+rrri 
I         38        712.48652        714.07175        712.48652      1.0423        drrr_15+rrri 
I         39        709.58499        712.48652        709.58499      1.0482        drrr_15+rrri 
I         89        709.36533        709.58499        709.36533      1.3693         drrr_15+rrg 
I         96        709.26496        709.36533        709.26496      1.3871        drrr_15+rrri 
I        103        708.41894        709.26496        708.41894      1.3949        drrr_15+rroi 
I        114        708.40398        708.41894        708.40398      1.4216        drrr_15+rrri 
I        115        708.30360        708.40398        708.30360      1.4218        drrr_15+rroi 
I        119        707.82238        708.30360        707.82238      1.4571         drrr_15+rrg 
I        122        707.72201        707.82238        707.72201      1.4715         drrr_15+rrg 
I        840        707.20501        707.72201        707.20501      2.4267        drrr_15+rroi 
I        855        706.36064        707.20501        706.36064      2.4882        drrr_15+rrri 
I        861        706.09906        706.36064        706.09906      2.5005        drrr_15+rrri 
I        867        706.03613        706.09906        706.03613      2.5260        drrr_15+rroi 
I       1074        704.51805        706.03613        704.51805      2.8184        drrr_15+rroi 
I       1080        703.77241        704.51805        703.77241      2.8199        drrr_15+rrri 
I       1096        703.67203        703.77241        703.67203      2.8333         drrr_15+rrg 
I       1124        703.67203        703.67203        703.67203      2.8646        drrr_15+rrri 
I       1605        703.29352        703.67203        703.29352      3.2565        drrr_15+rroi 
I       1620        703.23060        703.29352        703.23060      3.2747        drrr_15+rrri 
I       1733        703.10358        703.23060        703.10358      3.3690        drrr_15+rroi 
I       2472        701.82651        703.10358        701.82651      3.7373        drrr_15+rrri 
I       2479        701.72613        701.82651        701.72613      3.7474        drrr_15+rroi 
I       2777        701.32355        701.72613        701.32355      3.9277         drrr_15+rrg 
I       2816        700.81009        701.32355        700.81009      3.9640        drrr_15+rrri 
I       3343        698.16607        700.81009        698.16607      4.3117         drrr_15+rrg 
I       3385        696.31282        698.16607        696.31282      4.3271         drrr_15+rrg 
I       3392        694.24388        696.31282        694.24388      4.3536        drrr_15+rrri 
I       3395        694.13552        694.24388        694.13552      4.3653        drrr_15+rrri 
I      30000        694.13552        694.13552        694.13552     14.0102        drrr_15+rroi 

Method statistics
S  method    iter  succ  succ-rate%  tot-obj-gain  avg-obj-gain  rel-succ%  net-time  net-time%  brut-time  brut-time%
S  con          1     1   100.00000  -99251.67958  -99251.67958    1.29870   0.16285    1.16235    0.16285     1.16235
S  drrr_15  29999    38     0.12667    -114.18490      -0.00381   49.35065   0.27403    1.95593    0.27403     1.95593
S  rrg       9990     8     0.08008     -23.75297      -0.00238   10.38961   5.60911   40.03570    5.60911    40.03570
S  rroi     10054    12     0.11936     -54.85653      -0.00546   15.58442   2.83278   20.21931    2.83278    20.21931
S  rrri      9955    18     0.18081     -35.57539      -0.00357   23.37662   5.04572   36.01444    5.04572    36.01444
S  SUM/AVG  59999    77     0.12834  -99480.04937      -1.65803   20.00000  13.92448   99.38774   13.92448    99.38774

T best solution: EADARPSolution(t_routing=859.701, t_excess=197.439, obj_val=694.136, obj_val_valid=true,
    unserved_requests=Int64[], F_visited=[132, 134, 133, 129, 131, 130], S_visited=Int64[],
    (1, ([123, 38, 98, 51, 27, 7, 111, 87, 67, 18, 78, 22, 82, 40, 100, 26, 86, 5, 54, 65, 114, 30, 10, 90, 70, 41, 101, 32, 92, 135, 129], [127.6643948520536], [30]))
    (2, ([124, 45, 105, 53, 33, 93, 113, 31, 91, 19, 79, 59, 119, 42, 24, 102, 84, 135, 130], [8.451910117368687], [18]))
    (3, ([125, 12, 72, 16, 4, 47, 76, 64, 107, 8, 68, 43, 37, 103, 97, 46, 106, 39, 99, 48, 25, 85, 108, 135, 131], [43.09487236906665], [24]))
    (4, ([126, 55, 115, 14, 56, 116, 74, 11, 71, 1, 61, 23, 83, 29, 50, 89, 110, 52, 112, 28, 88, 135, 35, 34, 94, 95, 3, 63, 135, 132], [113.33102746833652, 9.3562146013739], [22, 29]))
    (5, ([127, 60, 9, 120, 69, 58, 118, 2, 62, 137, 15, 75, 36, 96, 21, 44, 81, 104, 133], [49.904018045716214], [10]))
    (6, ([128, 57, 117, 49, 109, 20, 80, 6, 17, 66, 77, 13, 73, 135, 134], [21.89848672629431], [14])))

T best obj: 694.1355246853783
T best iteration: 3395
T total iterations: 30000
T best time [s]: 4.365
T total time [s]: 14.0103
