EADARP version 585c-dirty
ARGS: --ifile=EADARP/instances/l1/a6-60.txt --infeasible_arcs=EADARP/infeasible_arcs --gamma=0.7 --only_single_s_visits=false --odir=EADARP/out/a6-60 --oname=run56
Settings:
--alns_gamma=0.025
--alns_segment_size=100
--alns_sigma1=10
--alns_sigma2=9
--alns_sigma3=3
--at_most_one_s=false
--gamma=0.7
--ifile=EADARP/instances/l1/a6-60.txt
--infeasible_arcs=EADARP/infeasible_arcs
--insert_charging_otf=true
--insert_cost_noise=0.014
--lns_init_temp_factor=0.0
--lns_temp_dec_factor=0.99
--mh_checkit=false
--mh_lfreq=0
--mh_lnewinc=true
--mh_tciter=-1
--mh_tctime=-1.0
--mh_titer=30000
--mh_tobj=-1.0
--mh_ttime=-1.0
--odir=EADARP/out/a6-60
--oname=run56
--only_single_s_visits=false
--repair_max_routes=0
--seed=1700767437
--use_milp_in_otf=0
--xcheck_isfeasible=false

EADARPInstance(EADARP/instances/l1/a6-60.txt, n=60, n_K=6, S=[135, 136, 137], Q=14.85, n_F=6, γ=0.7, T_plan=600.0, F=[129, 130, 131, 132, 133, 134])

T preprocessing time [s]: 1.94779
I       iter             best          obj_old          obj_new        time              method info
I          1        823.79906     100060.00000        823.79906      0.1598                 con 
I          2        813.09450        823.79906        813.09450      0.2223         drrr_15+rrg 
I          3        804.22397        813.09450        804.22397      0.2589        drrr_15+rroi 
I          5        802.00198        804.22397        802.00198      0.2962         drrr_15+rrg 
I          6        780.71679        802.00198        780.71679      0.3142         drrr_15+rrg 
I          8        780.07369        780.71679        780.07369      0.4017         drrr_15+rrg 
I         11        776.96759        780.07369        776.96759      0.4512        drrr_15+rroi 
I         12        757.46331        776.96759        757.46331      0.4720        drrr_15+rroi 
I         13        757.45195        757.46331        757.45195      0.4928         drrr_15+rrg 
I         16        751.11241        757.45195        751.11241      0.5614         drrr_15+rrg 
I         20        747.83971        751.11241        747.83971      0.6197         drrr_15+rrg 
I         22        738.58390        747.83971        738.58390      0.6414        drrr_15+rroi 
I         23        725.72968        738.58390        725.72968      0.6666        drrr_15+rrri 
I         24        723.44250        725.72968        723.44250      0.6935        drrr_15+rroi 
I         25        717.53862        723.44250        717.53862      0.7278        drrr_15+rroi 
I         31        717.43825        717.53862        717.43825      0.8203        drrr_15+rroi 
I         34        714.80278        717.43825        714.80278      0.8733         drrr_15+rrg 
I         38        712.36740        714.80278        712.36740      0.9098        drrr_15+rroi 
I         67        708.73964        712.36740        708.73964      1.2381        drrr_15+rrri 
I         78        708.48948        708.73964        708.48948      1.3153        drrr_15+rroi 
I         81        707.06450        708.48948        707.06450      1.3269        drrr_15+rroi 
I        543        706.80151        707.06450        706.80151      2.2259        drrr_15+rrri 
I       1260        703.48499        706.80151        703.48499      3.0049        drrr_15+rroi 
I       2363        702.43313        703.48499        702.43313      3.8689        drrr_15+rrri 
I       2385        702.42514        702.43313        702.42514      3.9067        drrr_15+rrri 
I       2467        701.80510        702.42514        701.80510      3.9598        drrr_15+rrri 
I       2606        700.83155        701.80510        700.83155      4.0288        drrr_15+rrri 
I       2609        700.58723        700.83155        700.58723      4.0418        drrr_15+rroi 
I       2612        700.58723        700.58723        700.58723      4.0480        drrr_15+rroi 
I      30000        700.58723        700.58723        700.83155     14.4751        drrr_15+rrri 

Method statistics
S  method    iter  succ  succ-rate%  tot-obj-gain  avg-obj-gain  rel-succ%  net-time  net-time%  brut-time  brut-time%
S  con          1     1   100.00000  -99236.20094  -99236.20094    1.75439   0.15977    1.10375    0.15977     1.10375
S  drrr_15  29999    28     0.09334    -123.21183      -0.00411   49.12281   0.27171    1.87705    0.27171     1.87705
S  rrg      10023     8     0.07982     -47.11391      -0.00470   14.03509   6.04777   41.78030    6.04777    41.78030
S  rroi     10025    13     0.12968     -56.69953      -0.00566   22.80702   2.95595   20.42084    2.95595    20.42084
S  rrri      9951     7     0.07034     -19.39839      -0.00195   12.28070   4.95747   34.24812    4.95747    34.24812
S  SUM/AVG  59999    57     0.09500  -99482.62459      -1.65807   20.00000  14.39266   99.43006   14.39266    99.43006

T best solution: EADARPSolution(t_routing=868.284, t_excess=197.496, obj_val=700.587, obj_val_valid=true,
    unserved_requests=Int64[], F_visited=[132, 134, 131, 133, 130, 129], S_visited=Int64[],
    (1, ([123, 60, 9, 120, 69, 51, 111, 11, 71, 1, 61, 40, 100, 135, 43, 37, 103, 97, 46, 106, 39, 99, 36, 48, 96, 25, 85, 108, 3, 63, 135, 129], [90.22618815034954, 29.028189854072618], [14, 31]))
    (2, ([124, 12, 72, 16, 4, 47, 76, 64, 107, 18, 78, 22, 82, 30, 10, 90, 70, 41, 101, 42, 24, 102, 84, 135, 130], [46.31834118948135], [24]))
    (3, ([125, 8, 68, 15, 75, 28, 88, 35, 34, 94, 95, 21, 44, 81, 104, 135, 131], [40.033827860629536], [16]))
    (4, ([126, 57, 117, 49, 109, 20, 80, 45, 105, 33, 53, 93, 2, 113, 62, 31, 91, 19, 79, 59, 119, 135, 132], [58.58623168412439], [22]))
    (5, ([127, 55, 115, 56, 14, 116, 74, 23, 83, 29, 50, 89, 110, 52, 112, 17, 6, 66, 77, 32, 92, 135, 133], [68.56613283909341], [22]))
    (6, ([128, 58, 118, 38, 98, 27, 7, 87, 67, 26, 86, 5, 54, 65, 114, 13, 73, 135, 134], [49.525473473340654], [18])))

T best obj: 700.5872347910457
T best iteration: 2612
T total iterations: 30000
T best time [s]: 4.048
T total time [s]: 14.4752
