EADARP version 2def-dirty
ARGS: --ifile=EADARP/instances/l1/a6-60.txt --odir=EADARP/out/a6-60 --oname=run76
Settings:
--alns_gamma=0.025
--alns_segment_size=100
--alns_sigma1=10
--alns_sigma2=9
--alns_sigma3=3
--at_most_one_s=false
--gamma=-1.0
--ifile=EADARP/instances/l1/a6-60.txt
--insert_charging_otf=true
--insert_cost_noise=0.014
--lns_init_temp_factor=0.0
--lns_temp_dec_factor=0.99
--mh_checkit=false
--mh_lfreq=0
--mh_lnewinc=true
--mh_tciter=-1
--mh_tctime=-1.0
--mh_titer=300
--mh_tobj=-1.0
--mh_ttime=-1.0
--odir=EADARP/out/a6-60
--oname=run76
--only_single_s_visits=true
--repair_max_routes=0
--seed=1363640007
--use_milp_in_otf=0
--xcheck_isfeasible=false

EADARPInstance(EADARP/instances/l1/a6-60.txt, n=60, n_K=6, S=[135, 136, 137], Q=14.85, n_F=6, γ=0.7, T_plan=600.0, F=[129, 130, 131, 132, 133, 134])

T preprocessing time [s]: 1.76876
I       iter             best          obj_old          obj_new        time              method info
I          1     100010.00000     100060.00000     100010.00000      0.1996                 con 
I          6     100008.00000     100010.00000     100008.00000      0.4835        drrr_15+rrri 
I         15     100007.00000     100008.00000     100007.00000      0.9258         drrr_15+rrg 
I         17     100005.00000     100007.00000     100005.00000      0.9787        drrr_15+rrri 
I         80     100004.00000     100005.00000     100004.00000      1.8668        drrr_15+rroi 
I        145     100003.00000     100004.00000     100003.00000      2.4914        drrr_15+rrri 
I        300     100003.00000     100003.00000     100004.00000      3.2838         drrr_15+rrg 

Method statistics
S  method    iter  succ  succ-rate%  tot-obj-gain  avg-obj-gain  rel-succ%  net-time  net-time%  brut-time  brut-time%
S  con          1     1   100.00000     -50.00000     -50.00000    9.09091   0.19958    6.07756    0.19958     6.07756
S  drrr_15    299     5     1.67224      -7.00000      -0.02341   45.45455   0.00410    0.12497    0.00410     0.12497
S  rrg         97     1     1.03093      -1.00000      -0.01031    9.09091   1.09446   33.32828    1.09446    33.32828
S  rroi        95     1     1.05263      -1.00000      -0.01053    9.09091   0.96695   29.44553    0.96695    29.44553
S  rrri       107     3     2.80374      -5.00000      -0.04673   27.27273   1.01703   30.97038    1.01703    30.97038
S  SUM/AVG    599    11     1.83639     -64.00000      -0.10684   20.00000   3.28212   99.94672    3.28212    99.94672

T best solution: EADARPSolution(t_routing=-1.0, t_excess=-1.0, obj_val=100003.0, obj_val_valid=true,
    unserved_requests=[11, 31, 15], F_visited=[131, 133, 134, 130, 132, 129], S_visited=[135, 136, 137],
    (1, ([123, 8, 68, 43, 37, 103, 97, 39, 99, 48, 25, 85, 108, 129], Float64[], Int64[]))
    (2, ([124, 55, 115, 58, 118, 45, 105, 18, 78, 29, 50, 89, 110, 52, 112, 28, 88, 135, 59, 119, 42, 24, 102, 84, 130], [112.98614759008993], [18]))
    (3, ([125, 19, 79, 32, 92, 35, 34, 94, 95, 13, 73, 131], Float64[], Int64[]))
    (4, ([126, 12, 72, 16, 4, 47, 76, 64, 107, 40, 100, 46, 106, 3, 63, 132], Float64[], Int64[]))
    (5, ([127, 57, 117, 49, 109, 20, 80, 56, 14, 116, 74, 33, 53, 93, 113, 23, 83, 136, 6, 17, 66, 77, 36, 96, 21, 44, 81, 104, 133], [143.25191092073985], [18]))
    (6, ([128, 60, 9, 120, 69, 38, 98, 51, 27, 7, 111, 87, 67, 2, 1, 62, 22, 61, 82, 26, 86, 5, 54, 65, 114, 30, 10, 90, 70, 41, 101, 137, 134], [158.3973077155099], [32])))

T best obj: 100003.0
T best iteration: 145
T total iterations: 300
T best time [s]: 2.491
T total time [s]: 3.2839
