EADARP version 2def-dirty
ARGS: --ifile=EADARP/instances/l1/a6-60.txt --odir=EADARP/out/a6-60 --oname=run79
Settings:
--alns_gamma=0.025
--alns_segment_size=100
--alns_sigma1=10
--alns_sigma2=9
--alns_sigma3=3
--at_most_one_s=false
--gamma=-1.0
--ifile=EADARP/instances/l1/a6-60.txt
--insert_charging_otf=true
--insert_cost_noise=0.014
--lns_init_temp_factor=0.0
--lns_temp_dec_factor=0.99
--mh_checkit=false
--mh_lfreq=0
--mh_lnewinc=true
--mh_tciter=-1
--mh_tctime=-1.0
--mh_titer=300
--mh_tobj=-1.0
--mh_ttime=-1.0
--odir=EADARP/out/a6-60
--oname=run79
--only_single_s_visits=true
--repair_max_routes=0
--seed=1313462193
--use_milp_in_otf=0
--xcheck_isfeasible=false

EADARPInstance(EADARP/instances/l1/a6-60.txt, n=60, n_K=6, S=[135, 136, 137], Q=14.85, n_F=6, γ=0.7, T_plan=600.0, F=[129, 130, 131, 132, 133, 134])

T preprocessing time [s]: 1.77971
I       iter             best          obj_old          obj_new        time              method info
I          1     100011.00000     100060.00000     100011.00000      0.1704                 con 
I          2     100009.00000     100011.00000     100009.00000      0.2388        drrr_15+rrri 
I          3     100008.00000     100009.00000     100008.00000      0.2795        drrr_15+rrri 
I          4     100007.00000     100008.00000     100007.00000      0.3192        drrr_15+rrri 
I         19     100006.00000     100007.00000     100006.00000      0.7370        drrr_15+rrri 
I         27     100005.00000     100006.00000     100005.00000      0.9093        drrr_15+rrri 
I         35     100004.00000     100005.00000     100004.00000      1.0527        drrr_15+rroi 
I        120     100003.00000     100004.00000     100003.00000      1.8376        drrr_15+rrri 
I        149     100002.00000     100003.00000     100002.00000      2.1372         drrr_15+rrg 
I        239     100001.00000     100002.00000     100001.00000      2.7609        drrr_15+rrri 
I        273        744.02826     100001.00000        744.02826      2.8435         drrr_15+rrg 
I        274        742.88995        744.02826        742.88995      2.8439         drrr_15+rrg 
I        275        742.78957        742.88995        742.78957      2.8440        drrr_15+rrri 
I        300        742.78957        742.78957     100002.00000      2.8892        drrr_15+rrri 

Method statistics
S  method    iter  succ  succ-rate%  tot-obj-gain  avg-obj-gain  rel-succ%  net-time  net-time%  brut-time  brut-time%
S  con          1     1   100.00000     -49.00000     -49.00000    4.00000   0.17042    5.89831    0.17042     5.89831
S  drrr_15    299    12     4.01338  -99268.21043    -332.00070   48.00000   0.00392    0.13570    0.00392     0.13570
S  rrg        121     3     2.47934  -99259.11005    -820.32322   12.00000   1.04430   36.14409    1.04430    36.14409
S  rroi        84     1     1.19048      -1.00000      -0.01190    4.00000   0.72441   25.07257    0.72441    25.07257
S  rrri        94     8     8.51064      -8.10038      -0.08617   32.00000   0.94446   32.68864    0.94446    32.68864
S  SUM/AVG    599    25     4.17362 -198585.42085    -331.52825   20.00000   2.88752   99.93931    2.88752    99.93931

T best solution: EADARPSolution(t_routing=920.721, t_excess=208.994, obj_val=742.79, obj_val_valid=true,
    unserved_requests=Int64[], F_visited=[131, 130, 133, 129, 132, 134], S_visited=[135, 137, 136],
    (1, ([123, 55, 115, 2, 62, 31, 91, 19, 79, 59, 119, 42, 24, 102, 84, 129], Float64[], Int64[]))
    (2, ([124, 60, 9, 120, 69, 58, 38, 118, 98, 27, 7, 87, 67, 53, 113, 22, 82, 15, 75, 136, 35, 34, 94, 95, 13, 44, 104, 73, 130], [158.18175167283343], [20]))
    (3, ([125, 8, 68, 43, 37, 103, 97, 39, 99, 36, 48, 96, 25, 85, 108, 131], Float64[], Int64[]))
    (4, ([126, 57, 117, 16, 4, 47, 76, 107, 64, 3, 21, 63, 81, 132], Float64[], Int64[]))
    (5, ([127, 20, 80, 14, 56, 116, 74, 11, 71, 1, 61, 23, 83, 26, 86, 5, 54, 65, 114, 30, 10, 90, 70, 41, 101, 32, 92, 135, 133], [130.91591569705776], [28]))
    (6, ([128, 49, 109, 12, 72, 51, 111, 45, 105, 33, 18, 93, 78, 40, 100, 29, 50, 89, 110, 52, 112, 28, 88, 46, 106, 6, 17, 66, 77, 137, 134], [150.5027952169904], [30])))

T best obj: 742.7895734234178
T best iteration: 275
T total iterations: 300
T best time [s]: 2.844
T total time [s]: 2.8893
