EADARP version 2def-dirty
ARGS: --ifile=EADARP/instances/l1/a6-60.txt --odir=EADARP/out/a6-60 --oname=run84
Settings:
--alns_gamma=0.025
--alns_segment_size=100
--alns_sigma1=10
--alns_sigma2=9
--alns_sigma3=3
--at_most_one_s=false
--gamma=-1.0
--ifile=EADARP/instances/l1/a6-60.txt
--insert_charging_otf=true
--insert_cost_noise=0.014
--lns_init_temp_factor=0.0
--lns_temp_dec_factor=0.99
--mh_checkit=false
--mh_lfreq=0
--mh_lnewinc=true
--mh_tciter=-1
--mh_tctime=-1.0
--mh_titer=300
--mh_tobj=-1.0
--mh_ttime=-1.0
--odir=EADARP/out/a6-60
--oname=run84
--only_single_s_visits=true
--repair_max_routes=0
--seed=1457749547
--use_milp_in_otf=0
--xcheck_isfeasible=false

EADARPInstance(EADARP/instances/l1/a6-60.txt, n=60, n_K=6, S=[135, 136, 137], Q=14.85, n_F=6, γ=0.7, T_plan=600.0, F=[129, 130, 131, 132, 133, 134])

T preprocessing time [s]: 1.79206
I       iter             best          obj_old          obj_new        time              method info
I          1     100010.00000     100060.00000     100010.00000      0.1706                 con 
I          8     100007.00000     100010.00000     100007.00000      0.4910        drrr_15+rrri 
I         17     100005.00000     100007.00000     100005.00000      0.7509         drrr_15+rrg 
I         43     100004.00000     100005.00000     100004.00000      1.2996         drrr_15+rrg 
I         93     100002.00000     100004.00000     100002.00000      2.0681        drrr_15+rroi 
I        300     100002.00000     100002.00000     100002.00000      3.1711         drrr_15+rrg 

Method statistics
S  method    iter  succ  succ-rate%  tot-obj-gain  avg-obj-gain  rel-succ%  net-time  net-time%  brut-time  brut-time%
S  con          1     1   100.00000     -50.00000     -50.00000   11.11111   0.17060    5.37993    0.17060     5.37993
S  drrr_15    299     4     1.33779      -8.00000      -0.02676   44.44444   0.00397    0.12533    0.00397     0.12533
S  rrg        110     2     1.81818      -3.00000      -0.02727   22.22222   1.15744   36.49993    1.15744    36.49993
S  rroi        88     1     1.13636      -2.00000      -0.02273   11.11111   0.72557   22.88081    0.72557    22.88081
S  rrri       101     1     0.99010      -3.00000      -0.02970   11.11111   1.11181   35.06091    1.11181    35.06091
S  SUM/AVG    599     9     1.50250     -66.00000      -0.11018   20.00000   3.16940   99.94690    3.16940    99.94690

T best solution: EADARPSolution(t_routing=-1.0, t_excess=-1.0, obj_val=100002.0, obj_val_valid=true,
    unserved_requests=[30, 32], F_visited=[133, 132, 130, 131, 134, 129], S_visited=[136, 137, 135],
    (1, ([123, 49, 109, 12, 72, 51, 27, 7, 111, 87, 67, 53, 8, 68, 113, 15, 75, 5, 54, 65, 114, 37, 97, 6, 17, 39, 66, 77, 99, 136, 129], [142.188687878338], [30]))
    (2, ([124, 60, 9, 120, 69, 58, 118, 14, 56, 116, 74, 11, 71, 1, 22, 61, 82, 40, 100, 26, 86, 52, 112, 28, 88, 46, 106, 10, 70, 41, 101, 137, 130], [157.53290577047937], [32]))
    (3, ([125, 55, 115, 20, 80, 36, 48, 96, 25, 85, 108, 131], Float64[], Int64[]))
    (4, ([126, 47, 4, 107, 64, 2, 62, 31, 91, 19, 79, 59, 119, 42, 24, 102, 84, 132], Float64[], Int64[]))
    (5, ([127, 45, 105, 33, 18, 93, 78, 13, 44, 73, 104, 133], Float64[], Int64[]))
    (6, ([128, 57, 117, 38, 98, 16, 76, 23, 83, 29, 50, 89, 110, 43, 103, 135, 35, 34, 94, 95, 3, 21, 63, 81, 134], [133.5264295256822], [16])))

T best obj: 100002.0
T best iteration: 93
T total iterations: 300
T best time [s]: 2.068
T total time [s]: 3.1711
