EADARP version 2def-dirty
ARGS: --ifile=EADARP/instances/b1/a5-50.txt --odir=EADARP/out/a5-50 --oname=run13
Settings:
--alns_gamma=0.025
--alns_segment_size=100
--alns_sigma1=10
--alns_sigma2=9
--alns_sigma3=3
--at_most_one_s=false
--gamma=-1.0
--ifile=EADARP/instances/b1/a5-50.txt
--insert_charging_otf=true
--insert_cost_noise=0.014
--lns_init_temp_factor=0.0
--lns_temp_dec_factor=0.99
--mh_checkit=false
--mh_lfreq=0
--mh_lnewinc=true
--mh_tciter=-1
--mh_tctime=-1.0
--mh_titer=300
--mh_tobj=-1.0
--mh_ttime=-1.0
--odir=EADARP/out/a5-50
--oname=run13
--only_single_s_visits=true
--repair_max_routes=0
--seed=1779842282
--use_milp_in_otf=0
--xcheck_isfeasible=false

EADARPInstance(EADARP/instances/b1/a5-50.txt, n=50, n_K=5, S=[113, 114, 115], Q=14.85, n_F=5, γ=0.7, T_plan=600.0, F=[108, 109, 110, 111, 112])

T preprocessing time [s]: 1.22594
I       iter             best          obj_old          obj_new        time              method info
I          1     100006.00000     100050.00000     100006.00000      0.1209                 con 
I          3     100004.00000     100006.00000     100004.00000      0.1898        drrr_15+rrri 
I          7     100003.00000     100004.00000     100003.00000      0.2754        drrr_15+rroi 
I         23     100002.00000     100003.00000     100002.00000      0.6115         drrr_15+rrg 
I         33     100001.00000     100002.00000     100001.00000      0.7646        drrr_15+rroi 
I        159        627.40047     100001.00000        627.40047      1.4720        drrr_15+rrri 
I        212        625.25455        627.40047        625.25455      1.5394        drrr_15+rroi 
I        300        625.25455        625.25455     100004.00000      1.6279        drrr_15+rrri 

Method statistics
S  method    iter  succ  succ-rate%  tot-obj-gain  avg-obj-gain  rel-succ%  net-time  net-time%  brut-time  brut-time%
S  con          1     1   100.00000     -44.00000     -44.00000    7.69231   0.12085    7.42370    0.12085     7.42370
S  drrr_15    299     6     2.00669  -99380.74545    -332.37708   46.15385   0.00307    0.18884    0.00307     0.18884
S  rrg         99     1     1.01010      -1.00000      -0.01010    7.69231   0.45263   27.80393    0.45263    27.80393
S  rroi        96     3     3.12500      -4.14593      -0.04319   23.07692   0.38035   23.36380    0.38035    23.36380
S  rrri       104     2     1.92308  -99375.59953    -955.53461   15.38462   0.66973   41.13974    0.66973    41.13974
S  SUM/AVG    599    13     2.17028 -198805.49091    -331.89564   20.00000   1.62663   99.92001    1.62663    99.92001

T best solution: EADARPSolution(t_routing=798.744, t_excess=104.785, obj_val=625.255, obj_val_valid=true,
    unserved_requests=Int64[], F_visited=[112, 108, 109, 110, 111], S_visited=[113, 115, 114],
    (1, ([103, 34, 84, 49, 99, 8, 30, 2, 52, 58, 80, 33, 83, 29, 79, 37, 87, 39, 89, 1, 51, 47, 27, 97, 77, 6, 56, 18, 68, 19, 69, 17, 67, 113, 108], [130.34411133101705], [34]))
    (2, ([104, 22, 4, 54, 72, 11, 61, 38, 88, 16, 66, 3, 53, 109], Float64[], Int64[]))
    (3, ([105, 36, 41, 86, 91, 26, 76, 31, 46, 81, 96, 28, 78, 50, 100, 114, 24, 13, 63, 74, 5, 15, 55, 65, 14, 64, 110], [152.01251198548704], [16]))
    (4, ([106, 7, 57, 21, 71, 9, 59, 42, 92, 48, 98, 111], Float64[], Int64[]))
    (5, ([107, 43, 93, 25, 75, 44, 94, 23, 73, 35, 85, 32, 82, 45, 95, 10, 60, 20, 70, 12, 40, 62, 90, 115, 112], [123.22740943472648], [24])))

T best obj: 625.2545454172011
T best iteration: 212
T total iterations: 300
T best time [s]: 1.539
T total time [s]: 1.6279
