EADARP version 2def-dirty
ARGS: --ifile=EADARP/instances/b1/a5-50.txt --odir=EADARP/out/a5-50 --oname=run27
Settings:
--alns_gamma=0.025
--alns_segment_size=100
--alns_sigma1=10
--alns_sigma2=9
--alns_sigma3=3
--at_most_one_s=false
--gamma=-1.0
--ifile=EADARP/instances/b1/a5-50.txt
--insert_charging_otf=true
--insert_cost_noise=0.014
--lns_init_temp_factor=0.0
--lns_temp_dec_factor=0.99
--mh_checkit=false
--mh_lfreq=0
--mh_lnewinc=true
--mh_tciter=-1
--mh_tctime=-1.0
--mh_titer=300
--mh_tobj=-1.0
--mh_ttime=-1.0
--odir=EADARP/out/a5-50
--oname=run27
--only_single_s_visits=true
--repair_max_routes=0
--seed=465936746
--use_milp_in_otf=0
--xcheck_isfeasible=false

EADARPInstance(EADARP/instances/b1/a5-50.txt, n=50, n_K=5, S=[113, 114, 115], Q=14.85, n_F=5, γ=0.7, T_plan=600.0, F=[108, 109, 110, 111, 112])

T preprocessing time [s]: 1.2373
I       iter             best          obj_old          obj_new        time              method info
I          1     100006.00000     100050.00000     100006.00000      0.1093                 con 
I          3     100005.00000     100006.00000     100005.00000      0.1867        drrr_15+rrri 
I          4     100004.00000     100005.00000     100004.00000      0.2058         drrr_15+rrg 
I          5     100003.00000     100004.00000     100003.00000      0.2490        drrr_15+rroi 
I         24     100002.00000     100003.00000     100002.00000      0.6445        drrr_15+rroi 
I         87     100001.00000     100002.00000     100001.00000      1.0630        drrr_15+rrri 
I        262        631.22246     100001.00000        631.22246      1.7201        drrr_15+rroi 
I        280        629.76701        631.22246        629.76701      1.7527         drrr_15+rrg 
I        295        626.80900        629.76701        626.80900      1.7800         drrr_15+rrg 
I        300        626.80900        626.80900     100001.00000      1.8020         drrr_15+rrg 

Method statistics
S  method    iter  succ  succ-rate%  tot-obj-gain  avg-obj-gain  rel-succ%  net-time  net-time%  brut-time  brut-time%
S  con          1     1   100.00000     -44.00000     -44.00000    5.88235   0.10929    6.06513    0.10929     6.06513
S  drrr_15    299     8     2.67559  -99379.19100    -332.37188   47.05882   0.00327    0.18154    0.00327     0.18154
S  rrg        118     3     2.54237      -5.41346      -0.04588   17.64706   0.68429   37.97396    0.68429    37.97396
S  rroi        93     3     3.22581  -99371.77754   -1068.51374   17.64706   0.47571   26.39904    0.47571    26.39904
S  rrri        88     2     2.27273      -2.00000      -0.02273   11.76471   0.52796   29.29854    0.52796    29.29854
S  SUM/AVG    599    17     2.83806 -198802.38200    -331.89045   20.00000   1.80052   99.91821    1.80052    99.91821

T best solution: EADARPSolution(t_routing=787.595, t_excess=144.451, obj_val=626.809, obj_val_valid=true,
    unserved_requests=Int64[], F_visited=[112, 111, 108, 109, 110], S_visited=[114, 113, 115],
    (1, ([103, 34, 84, 49, 99, 8, 30, 2, 52, 58, 80, 29, 79, 31, 81, 23, 73, 35, 85, 32, 82, 45, 95, 18, 68, 12, 40, 62, 90, 113, 108], [133.319471138496], [30]))
    (2, ([104, 36, 41, 86, 91, 26, 33, 76, 83, 39, 89, 1, 51, 47, 27, 97, 7, 77, 6, 56, 57, 21, 71, 19, 69, 17, 67, 114, 14, 64, 109], [107.39955961487047], [28]))
    (3, ([105, 37, 87, 42, 92, 48, 98, 16, 66, 3, 53, 110], Float64[], Int64[]))
    (4, ([106, 9, 59, 24, 13, 63, 74, 5, 15, 55, 65, 111], Float64[], Int64[]))
    (5, ([107, 43, 93, 25, 75, 44, 94, 46, 96, 28, 78, 50, 100, 22, 4, 54, 72, 11, 61, 10, 60, 20, 70, 38, 88, 115, 112], [145.6350100201594], [26])))

T best obj: 626.8090012021382
T best iteration: 295
T total iterations: 300
T best time [s]: 1.780
T total time [s]: 1.8020
