EADARP version 2def-dirty
ARGS: --ifile=EADARP/instances/b1/a5-50.txt --odir=EADARP/out/a5-50 --oname=run23
Settings:
--alns_gamma=0.025
--alns_segment_size=100
--alns_sigma1=10
--alns_sigma2=9
--alns_sigma3=3
--at_most_one_s=false
--gamma=-1.0
--ifile=EADARP/instances/b1/a5-50.txt
--insert_charging_otf=true
--insert_cost_noise=0.014
--lns_init_temp_factor=0.0
--lns_temp_dec_factor=0.99
--mh_checkit=false
--mh_lfreq=0
--mh_lnewinc=true
--mh_tciter=-1
--mh_tctime=-1.0
--mh_titer=300
--mh_tobj=-1.0
--mh_ttime=-1.0
--odir=EADARP/out/a5-50
--oname=run23
--only_single_s_visits=true
--repair_max_routes=0
--seed=1196597349
--use_milp_in_otf=0
--xcheck_isfeasible=false

EADARPInstance(EADARP/instances/b1/a5-50.txt, n=50, n_K=5, S=[113, 114, 115], Q=14.85, n_F=5, γ=0.7, T_plan=600.0, F=[108, 109, 110, 111, 112])

T preprocessing time [s]: 1.25811
I       iter             best          obj_old          obj_new        time              method info
I          1     100006.00000     100050.00000     100006.00000      0.1113                 con 
I          2     100005.00000     100006.00000     100005.00000      0.1566        drrr_15+rroi 
I          4     100004.00000     100005.00000     100004.00000      0.2064        drrr_15+rroi 
I         29     100003.00000     100004.00000     100003.00000      0.4963         drrr_15+rrg 
I         54     100002.00000     100003.00000     100002.00000      0.8254        drrr_15+rrri 
I        148     100001.00000     100002.00000     100001.00000      1.3590         drrr_15+rrg 
I        300     100001.00000     100001.00000     100002.00000      1.8037        drrr_15+rroi 

Method statistics
S  method    iter  succ  succ-rate%  tot-obj-gain  avg-obj-gain  rel-succ%  net-time  net-time%  brut-time  brut-time%
S  con          1     1   100.00000     -44.00000     -44.00000    9.09091   0.11130    6.17050    0.11130     6.17050
S  drrr_15    299     5     1.67224      -5.00000      -0.01672   45.45455   0.00322    0.17859    0.00322     0.17859
S  rrg        104     2     1.92308      -2.00000      -0.01923   18.18182   0.56797   31.48787    0.56797    31.48787
S  rroi        89     2     2.24719      -2.00000      -0.02247   18.18182   0.44390   24.60979    0.44390    24.60979
S  rrri       106     1     0.94340      -1.00000      -0.00943    9.09091   0.67596   37.47503    0.67596    37.47503
S  SUM/AVG    599    11     1.83639     -54.00000      -0.09015   20.00000   1.80236   99.92178    1.80236    99.92178

T best solution: EADARPSolution(t_routing=-1.0, t_excess=-1.0, obj_val=100001.0, obj_val_valid=true,
    unserved_requests=[38], F_visited=[112, 108, 111, 110, 109], S_visited=[114, 113, 115],
    (1, ([103, 34, 84, 49, 99, 2, 52, 46, 96, 32, 82, 47, 27, 97, 77, 6, 56, 18, 7, 57, 68, 9, 59, 42, 92, 115, 108], [100.47846260661001], [26]))
    (2, ([104, 36, 41, 91, 86, 8, 30, 58, 80, 33, 83, 29, 79, 28, 78, 35, 1, 51, 85, 45, 95, 20, 70, 12, 40, 62, 90, 113, 109], [135.48475088500288], [28]))
    (3, ([105, 43, 93, 26, 76, 31, 81, 23, 73, 37, 87, 50, 4, 22, 100, 54, 72, 10, 11, 61, 60, 114, 48, 98, 16, 66, 3, 53, 110], [131.37237723145174], [22]))
    (4, ([106, 25, 75, 44, 94, 21, 19, 71, 69, 17, 67, 111], Float64[], Int64[]))
    (5, ([107, 39, 89, 24, 13, 63, 74, 5, 15, 55, 65, 14, 64, 112], Float64[], Int64[])))

T best obj: 100001.0
T best iteration: 148
T total iterations: 300
T best time [s]: 1.359
T total time [s]: 1.8038
