EADARP version 2def-dirty
ARGS: --ifile=EADARP/instances/b1/a5-50.txt --odir=EADARP/out/a5-50 --oname=run32
Settings:
--alns_gamma=0.025
--alns_segment_size=100
--alns_sigma1=10
--alns_sigma2=9
--alns_sigma3=3
--at_most_one_s=false
--gamma=-1.0
--ifile=EADARP/instances/b1/a5-50.txt
--insert_charging_otf=true
--insert_cost_noise=0.014
--lns_init_temp_factor=0.0
--lns_temp_dec_factor=0.99
--mh_checkit=false
--mh_lfreq=0
--mh_lnewinc=true
--mh_tciter=-1
--mh_tctime=-1.0
--mh_titer=300
--mh_tobj=-1.0
--mh_ttime=-1.0
--odir=EADARP/out/a5-50
--oname=run32
--only_single_s_visits=true
--repair_max_routes=0
--seed=834892031
--use_milp_in_otf=0
--xcheck_isfeasible=false

EADARPInstance(EADARP/instances/b1/a5-50.txt, n=50, n_K=5, S=[113, 114, 115], Q=14.85, n_F=5, γ=0.7, T_plan=600.0, F=[108, 109, 110, 111, 112])

T preprocessing time [s]: 1.24169
I       iter             best          obj_old          obj_new        time              method info
I          1     100004.00000     100050.00000     100004.00000      0.1242                 con 
I          8     100003.00000     100004.00000     100003.00000      0.3871         drrr_15+rrg 
I         30     100002.00000     100003.00000     100002.00000      0.7465         drrr_15+rrg 
I         66     100001.00000     100002.00000     100001.00000      1.0372         drrr_15+rrg 
I         99        617.91750     100001.00000        617.91750      1.1877        drrr_15+rrri 
I        100        611.33877        617.91750        611.33877      1.1878        drrr_15+rrri 
I        103        609.95506        611.33877        609.95506      1.1971        drrr_15+rroi 
I        106        606.62212        609.95506        606.62212      1.2046        drrr_15+rroi 
I        282        606.35241        606.62212        606.35241      1.4129        drrr_15+rroi 
I        300        606.35241        606.35241        606.35241      1.4354        drrr_15+rroi 

Method statistics
S  method    iter  succ  succ-rate%  tot-obj-gain  avg-obj-gain  rel-succ%  net-time  net-time%  brut-time  brut-time%
S  con          1     1   100.00000     -46.00000     -46.00000    5.88235   0.12418    8.65143    0.12418     8.65143
S  drrr_15    299     8     2.67559  -99397.64759    -332.43360   47.05882   0.00310    0.21574    0.00310     0.21574
S  rrg         89     3     3.37079      -3.00000      -0.03371   17.64706   0.59767   41.63767    0.59767    41.63767
S  rroi       101     3     2.97030      -4.98637      -0.04937   17.64706   0.30089   20.96199    0.30089    20.96199
S  rrri       109     2     1.83486  -99389.66123    -911.83175   11.76471   0.40822   28.43922    0.40822    28.43922
S  SUM/AVG    599    17     2.83806 -198841.29518    -331.95542   20.00000   1.43407   99.90606    1.43407    99.90606

T best solution: EADARPSolution(t_routing=757.78, t_excess=152.068, obj_val=606.352, obj_val_valid=true,
    unserved_requests=Int64[], F_visited=[112, 111, 109, 108, 110], S_visited=[113, 114, 115],
    (1, ([103, 36, 41, 86, 91, 23, 73, 37, 87, 50, 4, 22, 100, 54, 72, 11, 61, 7, 18, 57, 68, 9, 59, 42, 92, 115, 108], [101.64414025122672], [26]))
    (2, ([104, 43, 93, 25, 75, 44, 94, 33, 83, 29, 79, 46, 96, 32, 82, 45, 95, 10, 60, 20, 70, 12, 40, 62, 90, 114, 109], [125.46909991854443], [26]))
    (3, ([105, 39, 89, 38, 88, 48, 98, 16, 66, 3, 53, 110], Float64[], Int64[]))
    (4, ([106, 34, 84, 49, 99, 8, 30, 2, 52, 58, 80, 26, 76, 31, 81, 28, 78, 35, 1, 51, 85, 47, 27, 97, 77, 6, 56, 21, 71, 19, 69, 17, 67, 113, 111], [140.417343972861], [34]))
    (5, ([107, 24, 13, 63, 74, 5, 15, 55, 65, 14, 64, 112], Float64[], Int64[])))

T best obj: 606.352408048349
T best iteration: 282
T total iterations: 300
T best time [s]: 1.413
T total time [s]: 1.4354
