EADARP version 2def-dirty
ARGS: --ifile=EADARP/instances/b1/a5-50.txt --odir=EADARP/out/a5-50 --oname=run44
Settings:
--alns_gamma=0.025
--alns_segment_size=100
--alns_sigma1=10
--alns_sigma2=9
--alns_sigma3=3
--at_most_one_s=false
--gamma=-1.0
--ifile=EADARP/instances/b1/a5-50.txt
--insert_charging_otf=true
--insert_cost_noise=0.014
--lns_init_temp_factor=0.0
--lns_temp_dec_factor=0.99
--mh_checkit=false
--mh_lfreq=0
--mh_lnewinc=true
--mh_tciter=-1
--mh_tctime=-1.0
--mh_titer=300
--mh_tobj=-1.0
--mh_ttime=-1.0
--odir=EADARP/out/a5-50
--oname=run44
--only_single_s_visits=true
--repair_max_routes=0
--seed=449163628
--use_milp_in_otf=0
--xcheck_isfeasible=false

EADARPInstance(EADARP/instances/b1/a5-50.txt, n=50, n_K=5, S=[113, 114, 115], Q=14.85, n_F=5, γ=0.7, T_plan=600.0, F=[108, 109, 110, 111, 112])

T preprocessing time [s]: 1.25109
I       iter             best          obj_old          obj_new        time              method info
I          1     100005.00000     100050.00000     100005.00000      0.1068                 con 
I          7     100003.00000     100005.00000     100003.00000      0.2484         drrr_15+rrg 
I         78     100002.00000     100003.00000     100002.00000      1.0343         drrr_15+rrg 
I        167     100001.00000     100002.00000     100001.00000      1.5440        drrr_15+rroi 
I        300     100001.00000     100001.00000     100001.00000      1.9161        drrr_15+rroi 

Method statistics
S  method    iter  succ  succ-rate%  tot-obj-gain  avg-obj-gain  rel-succ%  net-time  net-time%  brut-time  brut-time%
S  con          1     1   100.00000     -45.00000     -45.00000   14.28571   0.10678    5.57262    0.10678     5.57262
S  drrr_15    299     3     1.00334      -4.00000      -0.01338   42.85714   0.00332    0.17344    0.00332     0.17344
S  rrg         98     2     2.04082      -3.00000      -0.03061   28.57143   0.62485   32.61083    0.62485    32.61083
S  rroi       105     1     0.95238      -1.00000      -0.00952   14.28571   0.61960   32.33700    0.61960    32.33700
S  rrri        96     0     0.00000       0.00000       0.00000    0.00000   0.56025   29.23959    0.56025    29.23959
S  SUM/AVG    599     7     1.16861     -53.00000      -0.08848   20.00000   1.91481   99.93348    1.91481    99.93348

T best solution: EADARPSolution(t_routing=-1.0, t_excess=-1.0, obj_val=100001.0, obj_val_valid=true,
    unserved_requests=[42], F_visited=[108, 110, 109, 111, 112], S_visited=[115, 113, 114],
    (1, ([103, 25, 75, 44, 94, 29, 79, 31, 81, 23, 73, 35, 1, 51, 85, 47, 27, 97, 77, 6, 56, 18, 68, 19, 69, 17, 67, 114, 108], [124.388535119953], [28]))
    (2, ([104, 43, 93, 37, 87, 24, 13, 63, 74, 109], Float64[], Int64[]))
    (3, ([105, 36, 41, 86, 91, 46, 96, 39, 89, 28, 78, 50, 4, 22, 100, 54, 72, 11, 61, 10, 60, 20, 70, 12, 40, 62, 90, 115, 110], [116.91831736182546], [28]))
    (4, ([106, 38, 88, 9, 59, 5, 15, 55, 65, 14, 64, 111], Float64[], Int64[]))
    (5, ([107, 34, 84, 49, 99, 8, 30, 2, 52, 58, 80, 26, 33, 76, 83, 32, 82, 45, 95, 7, 57, 21, 71, 113, 48, 98, 16, 66, 3, 53, 112], [111.54824672836503], [24])))

T best obj: 100001.0
T best iteration: 167
T total iterations: 300
T best time [s]: 1.544
T total time [s]: 1.9161
