EADARP version 2def-dirty
ARGS: --ifile=EADARP/instances/b1/a5-50.txt --odir=EADARP/out/a5-50 --oname=run46
Settings:
--alns_gamma=0.025
--alns_segment_size=100
--alns_sigma1=10
--alns_sigma2=9
--alns_sigma3=3
--at_most_one_s=false
--gamma=-1.0
--ifile=EADARP/instances/b1/a5-50.txt
--insert_charging_otf=true
--insert_cost_noise=0.014
--lns_init_temp_factor=0.0
--lns_temp_dec_factor=0.99
--mh_checkit=false
--mh_lfreq=0
--mh_lnewinc=true
--mh_tciter=-1
--mh_tctime=-1.0
--mh_titer=300
--mh_tobj=-1.0
--mh_ttime=-1.0
--odir=EADARP/out/a5-50
--oname=run46
--only_single_s_visits=true
--repair_max_routes=0
--seed=1787763640
--use_milp_in_otf=0
--xcheck_isfeasible=false

EADARPInstance(EADARP/instances/b1/a5-50.txt, n=50, n_K=5, S=[113, 114, 115], Q=14.85, n_F=5, γ=0.7, T_plan=600.0, F=[108, 109, 110, 111, 112])

T preprocessing time [s]: 1.24735
I       iter             best          obj_old          obj_new        time              method info
I          1     100004.00000     100050.00000     100004.00000      0.1108                 con 
I          5     100002.00000     100004.00000     100002.00000      0.2591        drrr_15+rrri 
I         28     100001.00000     100002.00000     100001.00000      0.5922        drrr_15+rrri 
I        300     100001.00000     100001.00000     100004.00000      1.7784        drrr_15+rroi 

Method statistics
S  method    iter  succ  succ-rate%  tot-obj-gain  avg-obj-gain  rel-succ%  net-time  net-time%  brut-time  brut-time%
S  con          1     1   100.00000     -46.00000     -46.00000   20.00000   0.11077    6.22822    0.11077     6.22822
S  drrr_15    299     2     0.66890      -3.00000      -0.01003   40.00000   0.00317    0.17802    0.00317     0.17802
S  rrg        107     0     0.00000       0.00000       0.00000    0.00000   0.61452   34.55383    0.61452    34.55383
S  rroi        99     0     0.00000       0.00000       0.00000    0.00000   0.43026   24.19321    0.43026    24.19321
S  rrri        93     2     2.15054      -3.00000      -0.03226   40.00000   0.61856   34.78074    0.61856    34.78074
S  SUM/AVG    599     5     0.83472     -52.00000      -0.08681   20.00000   1.77728   99.93402    1.77728    99.93402

T best solution: EADARPSolution(t_routing=-1.0, t_excess=-1.0, obj_val=100001.0, obj_val_valid=true,
    unserved_requests=[28], F_visited=[109, 110, 112, 111, 108], S_visited=[114, 115, 113],
    (1, ([103, 36, 41, 86, 91, 23, 73, 37, 87, 35, 1, 51, 85, 115, 12, 62, 9, 59, 5, 15, 55, 65, 14, 64, 108], [93.37001502354775], [14]))
    (2, ([104, 50, 100, 38, 88, 40, 90, 24, 13, 63, 74, 109], Float64[], Int64[]))
    (3, ([105, 34, 84, 49, 99, 8, 30, 2, 52, 58, 80, 26, 33, 76, 83, 39, 4, 89, 22, 54, 72, 11, 61, 10, 60, 7, 57, 21, 71, 113, 48, 98, 16, 66, 3, 53, 110], [126.17042848593157], [30]))
    (4, ([106, 45, 95, 18, 68, 42, 92, 111], Float64[], Int64[]))
    (5, ([107, 43, 93, 25, 75, 44, 94, 29, 79, 31, 46, 81, 96, 32, 82, 47, 27, 97, 77, 6, 56, 20, 70, 19, 69, 17, 67, 114, 112], [122.21047194050965], [28])))

T best obj: 100001.0
T best iteration: 28
T total iterations: 300
T best time [s]: 0.592
T total time [s]: 1.7785
