EADARP version 2def-dirty
ARGS: --ifile=EADARP/instances/b1/a5-50.txt --odir=EADARP/out/a5-50 --oname=run45
Settings:
--alns_gamma=0.025
--alns_segment_size=100
--alns_sigma1=10
--alns_sigma2=9
--alns_sigma3=3
--at_most_one_s=false
--gamma=-1.0
--ifile=EADARP/instances/b1/a5-50.txt
--insert_charging_otf=true
--insert_cost_noise=0.014
--lns_init_temp_factor=0.0
--lns_temp_dec_factor=0.99
--mh_checkit=false
--mh_lfreq=0
--mh_lnewinc=true
--mh_tciter=-1
--mh_tctime=-1.0
--mh_titer=300
--mh_tobj=-1.0
--mh_ttime=-1.0
--odir=EADARP/out/a5-50
--oname=run45
--only_single_s_visits=true
--repair_max_routes=0
--seed=1786072161
--use_milp_in_otf=0
--xcheck_isfeasible=false

EADARPInstance(EADARP/instances/b1/a5-50.txt, n=50, n_K=5, S=[113, 114, 115], Q=14.85, n_F=5, γ=0.7, T_plan=600.0, F=[108, 109, 110, 111, 112])

T preprocessing time [s]: 1.24825
I       iter             best          obj_old          obj_new        time              method info
I          1     100006.00000     100050.00000     100006.00000      0.1266                 con 
I          3     100005.00000     100006.00000     100005.00000      0.2119        drrr_15+rrri 
I          7     100003.00000     100005.00000     100003.00000      0.3315         drrr_15+rrg 
I         18     100002.00000     100003.00000     100002.00000      0.5188        drrr_15+rroi 
I         40     100001.00000     100002.00000     100001.00000      0.7206        drrr_15+rroi 
I        120        610.46544     100001.00000        610.46544      1.1708        drrr_15+rrri 
I        300        610.46544        610.46544        610.46544      1.3709        drrr_15+rrri 

Method statistics
S  method    iter  succ  succ-rate%  tot-obj-gain  avg-obj-gain  rel-succ%  net-time  net-time%  brut-time  brut-time%
S  con          1     1   100.00000     -44.00000     -44.00000    9.09091   0.12656    9.23120    0.12656     9.23120
S  drrr_15    299     5     1.67224  -99395.53456    -332.42654   45.45455   0.00299    0.21813    0.00299     0.21813
S  rrg        101     1     0.99010      -2.00000      -0.01980    9.09091   0.41479   30.25497    0.41479    30.25497
S  rroi       107     2     1.86916      -2.00000      -0.01869   18.18182   0.35901   26.18629    0.35901    26.18629
S  rrri        91     2     2.19780  -99391.53456   -1092.21467   18.18182   0.46646   34.02423    0.46646    34.02423
S  SUM/AVG    599    11     1.83639 -198835.06911    -331.94502   20.00000   1.36980   99.91482    1.36980    99.91482

T best solution: EADARPSolution(t_routing=769.345, t_excess=133.827, obj_val=610.465, obj_val_valid=true,
    unserved_requests=Int64[], F_visited=[110, 109, 111, 112, 108], S_visited=[114, 113, 115],
    (1, ([103, 4, 54, 18, 7, 57, 68, 9, 59, 42, 92, 108], Float64[], Int64[]))
    (2, ([104, 34, 84, 49, 99, 26, 76, 31, 81, 23, 73, 37, 87, 50, 22, 100, 72, 11, 61, 10, 60, 20, 70, 19, 69, 17, 67, 113, 109], [115.74767552728467], [28]))
    (3, ([105, 36, 41, 91, 86, 8, 30, 2, 52, 58, 80, 46, 96, 32, 82, 45, 95, 21, 71, 38, 12, 88, 40, 62, 90, 115, 110], [111.08962580867039], [26]))
    (4, ([106, 39, 89, 24, 13, 63, 74, 5, 15, 55, 65, 14, 64, 111], Float64[], Int64[]))
    (5, ([107, 43, 93, 25, 75, 44, 94, 33, 83, 29, 79, 28, 78, 35, 1, 51, 85, 47, 27, 97, 77, 6, 56, 114, 48, 98, 16, 66, 3, 53, 112], [140.51229220630822], [24])))

T best obj: 610.4654440928336
T best iteration: 120
T total iterations: 300
T best time [s]: 1.171
T total time [s]: 1.3710
