EADARP version 2def-dirty
ARGS: --ifile=EADARP/instances/b1/a5-50.txt --odir=EADARP/out/a5-50 --oname=run63
Settings:
--alns_gamma=0.025
--alns_segment_size=100
--alns_sigma1=10
--alns_sigma2=9
--alns_sigma3=3
--at_most_one_s=false
--gamma=-1.0
--ifile=EADARP/instances/b1/a5-50.txt
--insert_charging_otf=true
--insert_cost_noise=0.014
--lns_init_temp_factor=0.0
--lns_temp_dec_factor=0.99
--mh_checkit=false
--mh_lfreq=0
--mh_lnewinc=true
--mh_tciter=-1
--mh_tctime=-1.0
--mh_titer=300
--mh_tobj=-1.0
--mh_ttime=-1.0
--odir=EADARP/out/a5-50
--oname=run63
--only_single_s_visits=true
--repair_max_routes=0
--seed=1348132112
--use_milp_in_otf=0
--xcheck_isfeasible=false

EADARPInstance(EADARP/instances/b1/a5-50.txt, n=50, n_K=5, S=[113, 114, 115], Q=14.85, n_F=5, γ=0.7, T_plan=600.0, F=[108, 109, 110, 111, 112])

T preprocessing time [s]: 1.26558
I       iter             best          obj_old          obj_new        time              method info
I          1     100006.00000     100050.00000     100006.00000      0.0997                 con 
I          8     100005.00000     100006.00000     100005.00000      0.2742        drrr_15+rroi 
I         13     100004.00000     100005.00000     100004.00000      0.3775         drrr_15+rrg 
I         16     100003.00000     100004.00000     100003.00000      0.4212         drrr_15+rrg 
I         59     100002.00000     100003.00000     100002.00000      0.8678        drrr_15+rroi 
I        103     100001.00000     100002.00000     100001.00000      1.1487        drrr_15+rrri 
I        300     100001.00000     100001.00000     100002.00000      1.8327        drrr_15+rroi 

Method statistics
S  method    iter  succ  succ-rate%  tot-obj-gain  avg-obj-gain  rel-succ%  net-time  net-time%  brut-time  brut-time%
S  con          1     1   100.00000     -44.00000     -44.00000    9.09091   0.09965    5.43733    0.09965     5.43733
S  drrr_15    299     5     1.67224      -5.00000      -0.01672   45.45455   0.00329    0.17948    0.00329     0.17948
S  rrg         79     2     2.53165      -2.00000      -0.02532   18.18182   0.59175   32.28760    0.59175    32.28760
S  rroi       117     2     1.70940      -2.00000      -0.01709   18.18182   0.58954   32.16704    0.58954    32.16704
S  rrri       103     1     0.97087      -1.00000      -0.00971    9.09091   0.54710   29.85133    0.54710    29.85133
S  SUM/AVG    599    11     1.83639     -54.00000      -0.09015   20.00000   1.83132   99.92279    1.83132    99.92279

T best solution: EADARPSolution(t_routing=-1.0, t_excess=-1.0, obj_val=100001.0, obj_val_valid=true,
    unserved_requests=[23], F_visited=[111, 109, 112, 110, 108], S_visited=[113, 115, 114],
    (1, ([103, 34, 84, 49, 99, 26, 76, 35, 85, 32, 47, 82, 45, 97, 95, 10, 60, 20, 70, 38, 88, 115, 16, 66, 3, 53, 108], [110.20257344874989], [22]))
    (2, ([104, 43, 93, 25, 75, 44, 94, 33, 83, 29, 79, 31, 81, 39, 89, 28, 78, 114, 24, 13, 63, 74, 5, 15, 55, 65, 14, 64, 109], [145.73019459075172], [18]))
    (3, ([105, 2, 52, 19, 69, 9, 59, 42, 92, 48, 98, 110], Float64[], Int64[]))
    (4, ([106, 1, 51, 27, 77, 6, 56, 21, 71, 17, 67, 111], Float64[], Int64[]))
    (5, ([107, 36, 41, 91, 86, 8, 30, 58, 80, 46, 96, 37, 87, 50, 4, 22, 100, 54, 72, 11, 61, 7, 18, 57, 68, 12, 40, 62, 90, 113, 112], [134.3758756479248], [30])))

T best obj: 100001.0
T best iteration: 103
T total iterations: 300
T best time [s]: 1.149
T total time [s]: 1.8327
