EADARP version 2def-dirty
ARGS: --ifile=EADARP/instances/b1/a5-50.txt --odir=EADARP/out/a5-50 --oname=run65
Settings:
--alns_gamma=0.025
--alns_segment_size=100
--alns_sigma1=10
--alns_sigma2=9
--alns_sigma3=3
--at_most_one_s=false
--gamma=-1.0
--ifile=EADARP/instances/b1/a5-50.txt
--insert_charging_otf=true
--insert_cost_noise=0.014
--lns_init_temp_factor=0.0
--lns_temp_dec_factor=0.99
--mh_checkit=false
--mh_lfreq=0
--mh_lnewinc=true
--mh_tciter=-1
--mh_tctime=-1.0
--mh_titer=300
--mh_tobj=-1.0
--mh_ttime=-1.0
--odir=EADARP/out/a5-50
--oname=run65
--only_single_s_visits=true
--repair_max_routes=0
--seed=179369147
--use_milp_in_otf=0
--xcheck_isfeasible=false

EADARPInstance(EADARP/instances/b1/a5-50.txt, n=50, n_K=5, S=[113, 114, 115], Q=14.85, n_F=5, γ=0.7, T_plan=600.0, F=[108, 109, 110, 111, 112])

T preprocessing time [s]: 1.27327
I       iter             best          obj_old          obj_new        time              method info
I          1     100004.00000     100050.00000     100004.00000      0.1100                 con 
I         11     100003.00000     100004.00000     100003.00000      0.4040         drrr_15+rrg 
I         31     100002.00000     100003.00000     100002.00000      0.6971         drrr_15+rrg 
I         32     100001.00000     100002.00000     100001.00000      0.7029        drrr_15+rrri 
I        300     100001.00000     100001.00000     100005.00000      1.4873        drrr_15+rrri 

Method statistics
S  method    iter  succ  succ-rate%  tot-obj-gain  avg-obj-gain  rel-succ%  net-time  net-time%  brut-time  brut-time%
S  con          1     1   100.00000     -46.00000     -46.00000   14.28571   0.11000    7.39571    0.11000     7.39571
S  drrr_15    299     3     1.00334      -3.00000      -0.01003   42.85714   0.01029    0.69204    0.01029     0.69204
S  rrg        100     2     2.00000      -2.00000      -0.02000   28.57143   0.50351   33.85326    0.50351    33.85326
S  rroi        99     0     0.00000       0.00000       0.00000    0.00000   0.36573   24.58980    0.36573    24.58980
S  rrri       100     1     1.00000      -1.00000      -0.01000   14.28571   0.49661   33.38953    0.49661    33.38953
S  SUM/AVG    599     7     1.16861     -52.00000      -0.08681   20.00000   1.48615   99.92035    1.48615    99.92035

T best solution: EADARPSolution(t_routing=-1.0, t_excess=-1.0, obj_val=100001.0, obj_val_valid=true,
    unserved_requests=[16], F_visited=[108, 110, 111, 112, 109], S_visited=[114, 113, 115],
    (1, ([103, 36, 41, 86, 91, 46, 96, 39, 89, 28, 78, 22, 4, 54, 72, 11, 61, 10, 60, 7, 57, 21, 71, 38, 88, 9, 59, 113, 108], [125.18415104736198], [28]))
    (2, ([104, 33, 83, 12, 40, 62, 90, 48, 98, 109], Float64[], Int64[]))
    (3, ([105, 45, 95, 18, 68, 42, 92, 3, 53, 110], Float64[], Int64[]))
    (4, ([106, 34, 84, 49, 99, 8, 30, 2, 52, 58, 80, 29, 79, 35, 85, 32, 47, 82, 27, 97, 77, 6, 56, 20, 70, 19, 69, 17, 67, 114, 14, 64, 111], [112.56559554910457], [30]))
    (5, ([107, 43, 93, 25, 75, 44, 94, 26, 76, 31, 81, 23, 73, 37, 87, 50, 100, 1, 51, 115, 24, 13, 63, 74, 5, 15, 55, 65, 112], [147.31682167642927], [20])))

T best obj: 100001.0
T best iteration: 32
T total iterations: 300
T best time [s]: 0.703
T total time [s]: 1.4873
