EADARP version 2def-dirty
ARGS: --ifile=EADARP/instances/b1/a5-50.txt --odir=EADARP/out/a5-50 --oname=run61
Settings:
--alns_gamma=0.025
--alns_segment_size=100
--alns_sigma1=10
--alns_sigma2=9
--alns_sigma3=3
--at_most_one_s=false
--gamma=-1.0
--ifile=EADARP/instances/b1/a5-50.txt
--insert_charging_otf=true
--insert_cost_noise=0.014
--lns_init_temp_factor=0.0
--lns_temp_dec_factor=0.99
--mh_checkit=false
--mh_lfreq=0
--mh_lnewinc=true
--mh_tciter=-1
--mh_tctime=-1.0
--mh_titer=300
--mh_tobj=-1.0
--mh_ttime=-1.0
--odir=EADARP/out/a5-50
--oname=run61
--only_single_s_visits=true
--repair_max_routes=0
--seed=1112586130
--use_milp_in_otf=0
--xcheck_isfeasible=false

EADARPInstance(EADARP/instances/b1/a5-50.txt, n=50, n_K=5, S=[113, 114, 115], Q=14.85, n_F=5, γ=0.7, T_plan=600.0, F=[108, 109, 110, 111, 112])

T preprocessing time [s]: 1.23261
I       iter             best          obj_old          obj_new        time              method info
I          1     100004.00000     100050.00000     100004.00000      0.1209                 con 
I          7     100003.00000     100004.00000     100003.00000      0.3474        drrr_15+rrri 
I         13     100002.00000     100003.00000     100002.00000      0.4641         drrr_15+rrg 
I         19     100001.00000     100002.00000     100001.00000      0.5550        drrr_15+rrri 
I        282        614.12703     100001.00000        614.12703      1.6326        drrr_15+rroi 
I        300        614.12703        614.12703     100001.00000      1.6482         drrr_15+rrg 

Method statistics
S  method    iter  succ  succ-rate%  tot-obj-gain  avg-obj-gain  rel-succ%  net-time  net-time%  brut-time  brut-time%
S  con          1     1   100.00000     -46.00000     -46.00000   11.11111   0.12087    7.33306    0.12087     7.33306
S  drrr_15    299     4     1.33779  -99389.87297    -332.40760   44.44444   0.00314    0.19059    0.00314     0.19059
S  rrg        104     1     0.96154      -1.00000      -0.00962   11.11111   0.56155   34.06984    0.56155    34.06984
S  rroi        98     1     1.02041  -99386.87297   -1014.15176   11.11111   0.49445   29.99885    0.49445    29.99885
S  rrri        97     2     2.06186      -2.00000      -0.02062   22.22222   0.46694   28.32959    0.46694    28.32959
S  SUM/AVG    599     9     1.50250 -198825.74593    -331.92946   20.00000   1.64695   99.92193    1.64695    99.92193

T best solution: EADARPSolution(t_routing=766.67, t_excess=156.497, obj_val=614.127, obj_val_valid=true,
    unserved_requests=Int64[], F_visited=[112, 111, 108, 109, 110], S_visited=[113, 114, 115],
    (1, ([103, 43, 93, 25, 75, 44, 94, 33, 83, 29, 23, 79, 73, 37, 87, 50, 22, 100, 72, 10, 60, 38, 12, 88, 40, 62, 90, 113, 108], [123.49265849263438], [28]))
    (2, ([104, 21, 71, 9, 59, 42, 92, 24, 13, 63, 74, 109], Float64[], Int64[]))
    (3, ([105, 4, 54, 11, 61, 20, 70, 19, 69, 17, 67, 110], Float64[], Int64[]))
    (4, ([106, 36, 41, 86, 91, 28, 78, 35, 85, 32, 82, 45, 95, 18, 7, 57, 68, 115, 48, 98, 16, 66, 3, 53, 111], [111.76628738658745], [18]))
    (5, ([107, 34, 84, 49, 99, 8, 30, 2, 52, 58, 80, 26, 76, 31, 46, 81, 96, 39, 89, 1, 51, 47, 27, 97, 77, 6, 56, 114, 5, 15, 55, 65, 14, 64, 112], [130.8072221115049], [28])))

T best obj: 614.1270335256568
T best iteration: 282
T total iterations: 300
T best time [s]: 1.633
T total time [s]: 1.6482
