EADARP version 2def-dirty
ARGS: --ifile=EADARP/instances/b1/a5-50.txt --odir=EADARP/out/a5-50 --oname=run70
Settings:
--alns_gamma=0.025
--alns_segment_size=100
--alns_sigma1=10
--alns_sigma2=9
--alns_sigma3=3
--at_most_one_s=false
--gamma=-1.0
--ifile=EADARP/instances/b1/a5-50.txt
--insert_charging_otf=true
--insert_cost_noise=0.014
--lns_init_temp_factor=0.0
--lns_temp_dec_factor=0.99
--mh_checkit=false
--mh_lfreq=0
--mh_lnewinc=true
--mh_tciter=-1
--mh_tctime=-1.0
--mh_titer=300
--mh_tobj=-1.0
--mh_ttime=-1.0
--odir=EADARP/out/a5-50
--oname=run70
--only_single_s_visits=true
--repair_max_routes=0
--seed=1828349938
--use_milp_in_otf=0
--xcheck_isfeasible=false

EADARPInstance(EADARP/instances/b1/a5-50.txt, n=50, n_K=5, S=[113, 114, 115], Q=14.85, n_F=5, γ=0.7, T_plan=600.0, F=[108, 109, 110, 111, 112])

T preprocessing time [s]: 1.24784
I       iter             best          obj_old          obj_new        time              method info
I          1     100005.00000     100050.00000     100005.00000      0.1134                 con 
I         18     100004.00000     100005.00000     100004.00000      0.4193         drrr_15+rrg 
I         35     100003.00000     100004.00000     100003.00000      0.6221        drrr_15+rroi 
I         45     100002.00000     100003.00000     100002.00000      0.6904        drrr_15+rrri 
I         75     100001.00000     100002.00000     100001.00000      0.8824        drrr_15+rrri 
I        300     100001.00000     100001.00000     100003.00000      1.6767        drrr_15+rrri 

Method statistics
S  method    iter  succ  succ-rate%  tot-obj-gain  avg-obj-gain  rel-succ%  net-time  net-time%  brut-time  brut-time%
S  con          1     1   100.00000     -45.00000     -45.00000   11.11111   0.11333    6.75883    0.11333     6.75883
S  drrr_15    299     4     1.33779      -4.00000      -0.01338   44.44444   0.00304    0.18143    0.00304     0.18143
S  rrg        103     1     0.97087      -1.00000      -0.00971   11.11111   0.43659   26.03827    0.43659    26.03827
S  rroi        97     1     1.03093      -1.00000      -0.01031   11.11111   0.32127   19.16044    0.32127    19.16044
S  rrri        99     2     2.02020      -2.00000      -0.02020   22.22222   0.80126   47.78754    0.80126    47.78754
S  SUM/AVG    599     9     1.50250     -53.00000      -0.08848   20.00000   1.67548   99.92651    1.67548    99.92651

T best solution: EADARPSolution(t_routing=-1.0, t_excess=-1.0, obj_val=100001.0, obj_val_valid=true,
    unserved_requests=[20], F_visited=[110, 112, 109, 108, 111], S_visited=[115, 113, 114],
    (1, ([103, 29, 79, 6, 56, 17, 67, 48, 98, 16, 66, 3, 53, 108], Float64[], Int64[]))
    (2, ([104, 34, 84, 25, 75, 44, 94, 46, 96, 22, 4, 54, 72, 11, 61, 18, 68, 19, 69, 42, 92, 114, 109], [110.67452983673954], [22]))
    (3, ([105, 43, 93, 49, 99, 8, 30, 58, 80, 31, 81, 23, 73, 37, 87, 50, 100, 1, 51, 115, 24, 13, 63, 74, 5, 15, 55, 65, 14, 64, 110], [148.10742336229657], [20]))
    (4, ([106, 36, 41, 86, 91, 26, 33, 76, 83, 39, 89, 28, 78, 35, 85, 47, 45, 97, 95, 10, 60, 38, 12, 88, 40, 62, 90, 113, 111], [128.393572139382], [28]))
    (5, ([107, 2, 52, 32, 82, 27, 7, 77, 57, 21, 71, 9, 59, 112], Float64[], Int64[])))

T best obj: 100001.0
T best iteration: 75
T total iterations: 300
T best time [s]: 0.882
T total time [s]: 1.6767
