EADARP version 2def-dirty
ARGS: --ifile=EADARP/instances/b1/a5-50.txt --odir=EADARP/out/a5-50 --oname=run92
Settings:
--alns_gamma=0.025
--alns_segment_size=100
--alns_sigma1=10
--alns_sigma2=9
--alns_sigma3=3
--at_most_one_s=false
--gamma=-1.0
--ifile=EADARP/instances/b1/a5-50.txt
--insert_charging_otf=true
--insert_cost_noise=0.014
--lns_init_temp_factor=0.0
--lns_temp_dec_factor=0.99
--mh_checkit=false
--mh_lfreq=0
--mh_lnewinc=true
--mh_tciter=-1
--mh_tctime=-1.0
--mh_titer=300
--mh_tobj=-1.0
--mh_ttime=-1.0
--odir=EADARP/out/a5-50
--oname=run92
--only_single_s_visits=true
--repair_max_routes=0
--seed=1909427108
--use_milp_in_otf=0
--xcheck_isfeasible=false

EADARPInstance(EADARP/instances/b1/a5-50.txt, n=50, n_K=5, S=[113, 114, 115], Q=14.85, n_F=5, γ=0.7, T_plan=600.0, F=[108, 109, 110, 111, 112])

T preprocessing time [s]: 1.2675
I       iter             best          obj_old          obj_new        time              method info
I          1     100004.00000     100050.00000     100004.00000      0.1101                 con 
I         29     100003.00000     100004.00000     100003.00000      0.7046         drrr_15+rrg 
I         55     100002.00000     100003.00000     100002.00000      0.8806        drrr_15+rrri 
I         62     100001.00000     100002.00000     100001.00000      0.9075        drrr_15+rroi 
I        239        641.32583     100001.00000        641.32583      1.6249        drrr_15+rroi 
I        266        634.90847        641.32583        634.90847      1.7017        drrr_15+rrri 
I        272        620.13296        634.90847        620.13296      1.7191        drrr_15+rroi 
I        273        619.77614        620.13296        619.77614      1.7207         drrr_15+rrg 
I        288        606.09016        619.77614        606.09016      1.7428         drrr_15+rrg 
I        291        603.20259        606.09016        603.20259      1.7446        drrr_15+rroi 
I        292        600.78010        603.20259        600.78010      1.7461        drrr_15+rrri 
I        300        600.78010        600.78010     100002.00000      1.7606         drrr_15+rrg 

Method statistics
S  method    iter  succ  succ-rate%  tot-obj-gain  avg-obj-gain  rel-succ%  net-time  net-time%  brut-time  brut-time%
S  con          1     1   100.00000     -46.00000     -46.00000    4.76190   0.11012    6.25450    0.11012     6.25450
S  drrr_15    299    10     3.34448  -99403.21990    -332.45224   47.61905   0.00321    0.18216    0.00321     0.18216
S  rrg         92     3     3.26087     -15.04280      -0.16351   14.28571   0.55525   31.53701    0.55525    31.53701
S  rroi       115     4     3.47826  -99378.33725    -864.15945   19.04762   0.55008   31.24376    0.55008    31.24376
S  rrri        92     3     3.26087      -9.83986      -0.10695   14.28571   0.54058   30.70415    0.54058    30.70415
S  SUM/AVG    599    21     3.50584 -198852.43981    -331.97402   20.00000   1.75924   99.92159    1.75924    99.92159

T best solution: EADARPSolution(t_routing=767.382, t_excess=100.974, obj_val=600.78, obj_val_valid=true,
    unserved_requests=Int64[], F_visited=[110, 112, 108, 111, 109], S_visited=[114, 115, 113],
    (1, ([103, 29, 79, 37, 87, 21, 71, 48, 98, 16, 66, 3, 53, 108], Float64[], Int64[]))
    (2, ([104, 43, 93, 25, 75, 44, 94, 33, 83, 39, 89, 28, 78, 50, 100, 1, 51, 115, 24, 13, 63, 74, 5, 15, 55, 65, 14, 64, 109], [133.34682562296965], [18]))
    (3, ([105, 34, 84, 49, 99, 30, 8, 58, 80, 23, 73, 35, 85, 32, 82, 45, 95, 10, 60, 38, 88, 9, 59, 42, 92, 113, 110], [119.08349757873482], [26]))
    (4, ([106, 36, 41, 86, 91, 26, 76, 31, 46, 81, 96, 47, 27, 97, 77, 6, 56, 18, 7, 57, 68, 19, 69, 17, 67, 114, 111], [115.8028940935053], [26]))
    (5, ([107, 2, 52, 4, 22, 54, 72, 11, 61, 20, 70, 12, 40, 62, 90, 112], Float64[], Int64[])))

T best obj: 600.7800967418553
T best iteration: 292
T total iterations: 300
T best time [s]: 1.746
T total time [s]: 1.7606
