EADARP version 11bb-dirty
ARGS: --ifile=EADARP/instances/l1/a8-80.txt --infeasible_arcs=EADARP/infeasible_arcs --gamma=0.7 --only_single_s_visits=false --odir=EADARP/prunedArcs/a8-80 --oname=run10
Settings:
--alns_gamma=0.025
--alns_segment_size=100
--alns_sigma1=10
--alns_sigma2=9
--alns_sigma3=3
--at_most_one_s=false
--gamma=0.7
--ifile=EADARP/instances/l1/a8-80.txt
--infeasible_arcs=EADARP/infeasible_arcs
--insert_charging_otf=true
--insert_cost_noise=0.014
--lns_init_temp_factor=0.0
--lns_temp_dec_factor=0.99
--log_all_sols_fname=
--mh_checkit=false
--mh_lfreq=0
--mh_lnewinc=true
--mh_tciter=-1
--mh_tctime=-1.0
--mh_titer=30000
--mh_tobj=-1.0
--mh_ttime=-1.0
--odir=EADARP/prunedArcs/a8-80
--oname=run10
--only_single_s_visits=false
--repair_max_routes=0
--route_based_ops=0
--seed=2068852684
--tightened_windows=EADARP/tightened_windows
--use_milp_in_otf=0
--xcheck_isfeasible=false

EADARPInstance(EADARP/instances/l1/a8-80.txt, n=80, n_K=8, S=[179, 180, 181], Q=14.85, n_F=8, γ=0.7, T_plan=600.0, F=[171, 172, 173, 174, 175, 176, 177, 178])

T preprocessing time [s]: 3.125
I       iter             best          obj_old          obj_new        time              method info
I          1     100008.00000     100080.00000     100008.00000      0.1170                 con 
I          2     100006.00000     100008.00000     100006.00000      0.1170        drrr_15+rrri 
I          6     100005.00000     100006.00000     100005.00000      0.1170        drrr_15+rrri 
I          8     100004.00000     100005.00000     100004.00000      0.1330         drrr_15+rrg 
I         11     100002.00000     100004.00000     100002.00000      0.1330        drrr_15+rroi 
I         13     100001.00000     100002.00000     100001.00000      0.1330        drrr_15+rrri 
I         97       1059.63149     100001.00000       1059.63149      0.1800        drrr_15+rrri 
I        108       1057.10708       1059.63149       1057.10708      0.1800        drrr_15+rroi 
I        112       1056.10361       1057.10708       1056.10361      0.1800        drrr_15+rroi 
I        113       1053.81226       1056.10361       1053.81226      0.1800        drrr_15+rroi 
I        114       1053.39575       1053.81226       1053.39575      0.1800        drrr_15+rrri 
I        115       1052.95491       1053.39575       1052.95491      0.1800         drrr_15+rrg 
I        117       1052.26827       1052.95491       1052.26827      0.1800        drrr_15+rrri 
I        145       1040.81674       1052.26827       1040.81674      0.2010         drrr_15+rrg 
I        146       1037.73934       1040.81674       1037.73934      0.2010        drrr_15+rroi 
I        152       1037.28939       1037.73934       1037.28939      0.2010        drrr_15+rroi 
I        154       1037.06097       1037.28939       1037.06097      0.2010         drrr_15+rrg 
I        158       1034.98965       1037.06097       1034.98965      0.2110        drrr_15+rrri 
I        167       1031.27528       1034.98965       1031.27528      0.2110        drrr_15+rrri 
I        179       1028.80460       1031.27528       1028.80460      0.2110         drrr_15+rrg 
I      29285       1027.41563       1028.80460       1027.41563      7.8880         drrr_15+rrg 
I      29286       1021.33108       1027.41563       1021.33108      7.8880        drrr_15+rrri 
I      29287       1018.69812       1021.33108       1018.69812      7.8880        drrr_15+rrri 
I      29305       1016.03997       1018.69812       1016.03997      7.9040        drrr_15+rrri 
I      29330       1015.47487       1016.03997       1015.47487      7.9040         drrr_15+rrg 
I      29391       1015.08347       1015.47487       1015.08347      7.9230        drrr_15+rrri 
I      29394       1007.65920       1015.08347       1007.65920      7.9230        drrr_15+rroi 
I      29396        997.05567       1007.65920        997.05567      7.9230        drrr_15+rroi 
I      29398        996.60850        997.05567        996.60850      7.9230         drrr_15+rrg 
I      29419        995.12408        996.60850        995.12408      7.9350         drrr_15+rrg 
I      29420        994.93123        995.12408        994.93123      7.9350        drrr_15+rroi 
I      29643        993.87001        994.93123        993.87001      8.0290        drrr_15+rrri 
I      30000        993.87001        993.87001     100001.00000      8.0920        drrr_15+rrri 

Method statistics
S  method    iter  succ  succ-rate%  tot-obj-gain  avg-obj-gain  rel-succ%  net-time  net-time%  brut-time  brut-time%
S  con          1     1   100.00000     -72.00000     -72.00000    1.58730   0.11700    1.44587    0.11700     1.44587
S  drrr_15  29999    31     0.10334  -99014.12999      -3.30058   49.20635   0.43700    5.40040    0.43700     5.40040
S  rrg      10024     9     0.08978     -19.47711      -0.00194   14.28571   3.98700   49.27088    3.98700    49.27088
S  rroi     10009     9     0.08992     -29.56722      -0.00295   14.28571   1.68200   20.78594    1.68200    20.78594
S  rrri      9966    13     0.13044  -98965.08565      -9.93027   20.63492   1.79800   22.21950    1.79800    22.21950
S  SUM/AVG  59999    63     0.10500 -198100.25997      -3.30173   20.00000   8.02100   99.12259    8.02100    99.12259

T best solution: EADARPSolution(t_routing=1274.507, t_excess=151.96, obj_val=993.87, obj_val_valid=true,
    unserved_requests=Int64[], F_visited=[178, 172, 171, 175, 177, 176, 174, 173], S_visited=Int64[],
    (1, ([163, 30, 110, 51, 131, 20, 100, 26, 106, 74, 154, 27, 28, 107, 108, 17, 97, 18, 98, 181, 8, 88, 179, 171], [88.6115585743205, 0.2286999295461036], [20, 23]))
    (2, ([164, 69, 149, 31, 111, 40, 120, 77, 53, 133, 157, 54, 134, 5, 29, 85, 109, 47, 127, 61, 141, 181, 70, 150, 49, 4, 129, 84, 172], [118.11912706048487], [22]))
    (3, ([165, 33, 113, 73, 80, 153, 160, 59, 139, 65, 145, 181, 71, 46, 126, 151, 39, 37, 119, 117, 22, 102, 173], [62.514717936900055], [12]))
    (4, ([166, 58, 138, 38, 118, 16, 96, 72, 152, 75, 155, 42, 122, 181, 15, 95, 10, 90, 21, 101, 32, 112, 174], [92.12428480636154], [14]))
    (5, ([167, 76, 156, 55, 135, 25, 3, 105, 83, 12, 92, 23, 103, 62, 142, 179, 175], [21.567742595723807], [16]))
    (6, ([168, 63, 143, 34, 114, 56, 136, 2, 82, 180, 44, 124, 19, 99, 60, 140, 1, 81, 176], [44.90181022849356], [10]))
    (7, ([169, 6, 86, 64, 144, 13, 93, 48, 7, 128, 87, 9, 57, 89, 137, 179, 66, 146, 78, 158, 36, 116, 181, 24, 104, 179, 177], [43.34294408800787, 52.7766741181448, 4.8660588846212605], [16, 23, 26]))
    (8, ([170, 50, 68, 148, 130, 179, 67, 147, 52, 132, 11, 91, 35, 115, 45, 125, 14, 79, 94, 159, 41, 121, 43, 123, 179, 178], [1.1843412688881823, 96.26864279520937], [6, 25])))

T best obj: 993.8700134874805
T best iteration: 29643
T total iterations: 30000
T best time [s]: 8.029
T total time [s]: 8.0920
