EADARP version 11bb-dirty
ARGS: --ifile=EADARP/instances/l1/a8-80.txt --infeasible_arcs=EADARP/infeasible_arcs --gamma=0.7 --only_single_s_visits=false --odir=EADARP/prunedArcs/a8-80 --oname=run19
Settings:
--alns_gamma=0.025
--alns_segment_size=100
--alns_sigma1=10
--alns_sigma2=9
--alns_sigma3=3
--at_most_one_s=false
--gamma=0.7
--ifile=EADARP/instances/l1/a8-80.txt
--infeasible_arcs=EADARP/infeasible_arcs
--insert_charging_otf=true
--insert_cost_noise=0.014
--lns_init_temp_factor=0.0
--lns_temp_dec_factor=0.99
--log_all_sols_fname=
--mh_checkit=false
--mh_lfreq=0
--mh_lnewinc=true
--mh_tciter=-1
--mh_tctime=-1.0
--mh_titer=30000
--mh_tobj=-1.0
--mh_ttime=-1.0
--odir=EADARP/prunedArcs/a8-80
--oname=run19
--only_single_s_visits=false
--repair_max_routes=0
--route_based_ops=0
--seed=1184356668
--tightened_windows=EADARP/tightened_windows
--use_milp_in_otf=0
--xcheck_isfeasible=false

EADARPInstance(EADARP/instances/l1/a8-80.txt, n=80, n_K=8, S=[179, 180, 181], Q=14.85, n_F=8, γ=0.7, T_plan=600.0, F=[171, 172, 173, 174, 175, 176, 177, 178])

T preprocessing time [s]: 3.487
I       iter             best          obj_old          obj_new        time              method info
I          1     100007.00000     100080.00000     100007.00000      0.0950                 con 
I          3     100006.00000     100007.00000     100006.00000      0.1080        drrr_15+rrri 
I          7     100003.00000     100006.00000     100003.00000      0.1200         drrr_15+rrg 
I         17     100002.00000     100003.00000     100002.00000      0.1300        drrr_15+rrri 
I         20     100001.00000     100002.00000     100001.00000      0.1320        drrr_15+rroi 
I         27       1076.24139     100001.00000       1076.24139      0.1370        drrr_15+rroi 
I         28       1071.24594       1076.24139       1071.24594      0.1370        drrr_15+rroi 
I         31       1071.22985       1071.24594       1071.22985      0.1410        drrr_15+rroi 
I         37       1066.56543       1071.22985       1066.56543      0.1500        drrr_15+rrri 
I         39       1065.77392       1066.56543       1065.77392      0.1500        drrr_15+rrri 
I         40       1062.08083       1065.77392       1062.08083      0.1500        drrr_15+rroi 
I         41       1061.95190       1062.08083       1061.95190      0.1510         drrr_15+rrg 
I         43       1057.80496       1061.95190       1057.80496      0.1510         drrr_15+rrg 
I         47       1042.55429       1057.80496       1042.55429      0.1630        drrr_15+rroi 
I         58       1040.55564       1042.55429       1040.55564      0.1690        drrr_15+rrri 
I         59       1033.97938       1040.55564       1033.97938      0.1740        drrr_15+rrri 
I         68       1033.32852       1033.97938       1033.32852      0.1830        drrr_15+rrri 
I         71       1031.04986       1033.32852       1031.04986      0.1860         drrr_15+rrg 
I         72       1020.73362       1031.04986       1020.73362      0.1870         drrr_15+rrg 
I        128       1019.37674       1020.73362       1019.37674      0.2060        drrr_15+rrri 
I        157       1018.92891       1019.37674       1018.92891      0.2170        drrr_15+rroi 
I        167       1017.84965       1018.92891       1017.84965      0.2230        drrr_15+rrri 
I        258       1010.81307       1017.84965       1010.81307      0.2670         drrr_15+rrg 
I        265       1005.59623       1010.81307       1005.59623      0.2720         drrr_15+rrg 
I        271       1004.61628       1005.59623       1004.61628      0.2730        drrr_15+rrri 
I       6228       1003.66254       1004.61628       1003.66254      1.9600        drrr_15+rroi 
I       6230        998.51793       1003.66254        998.51793      1.9620        drrr_15+rroi 
I       6233        993.76022        998.51793        993.76022      1.9630         drrr_15+rrg 
I       6235        993.45863        993.76022        993.45863      1.9630         drrr_15+rrg 
I       6279        992.97433        993.45863        992.97433      1.9720        drrr_15+rrri 
I       6325        992.87345        992.97433        992.87345      1.9850         drrr_15+rrg 
I       6360        987.98416        992.87345        987.98416      1.9910        drrr_15+rroi 
I      30000        987.98416        987.98416        988.26707      8.9010        drrr_15+rrri 

Method statistics
S  method    iter  succ  succ-rate%  tot-obj-gain  avg-obj-gain  rel-succ%  net-time  net-time%  brut-time  brut-time%
S  con          1     1   100.00000     -73.00000     -73.00000    1.58730   0.09500    1.06730    0.09500     1.06730
S  drrr_15  29999    31     0.10334  -99019.01584      -3.30074   49.20635   0.65500    7.35876    0.65500     7.35876
S  rrg       9957    10     0.10043     -37.28437      -0.00374   15.87302   3.92400   44.08497    3.92400    44.08497
S  rroi      9959    10     0.10041  -98961.14937      -9.93686   15.87302   2.03400   22.85132    2.03400    22.85132
S  rrri     10083    11     0.10909     -20.58210      -0.00204   17.46032   2.04200   22.94124    2.04200    22.94124
S  SUM/AVG  59999    63     0.10500 -198111.03169      -3.30191   20.00000   8.75000   98.30357    8.75000    98.30357

T best solution: EADARPSolution(t_routing=1278.357, t_excess=116.866, obj_val=987.984, obj_val_valid=true,
    unserved_requests=Int64[], F_visited=[172, 173, 175, 171, 177, 176, 178, 174], S_visited=Int64[],
    (1, ([163, 76, 156, 30, 110, 63, 143, 55, 135, 74, 154, 27, 107, 79, 159, 180, 62, 142, 70, 150, 1, 81, 171], [93.61036208014184], [16]))
    (2, ([164, 40, 68, 120, 148, 2, 82, 25, 105, 47, 127, 44, 124, 57, 137, 60, 14, 140, 94, 180, 39, 119, 24, 104, 179, 172], [74.95833917392468, 13.092066969704572], [20, 25]))
    (3, ([165, 58, 138, 38, 50, 118, 130, 73, 153, 181, 11, 91, 45, 125, 12, 92, 21, 101, 32, 112, 173], [53.77307964896107], [10]))
    (4, ([166, 64, 144, 13, 93, 48, 7, 128, 87, 9, 89, 180, 66, 146, 41, 121, 49, 4, 129, 84, 174], [52.976170577250244], [12]))
    (5, ([167, 34, 114, 72, 77, 152, 157, 35, 115, 26, 106, 181, 15, 95, 10, 90, 8, 88, 175], [64.20693406961215], [12]))
    (6, ([168, 80, 160, 53, 133, 56, 59, 136, 139, 54, 134, 29, 109, 3, 83, 61, 141, 18, 98, 71, 46, 126, 151, 179, 176], [92.33136028070756], [24]))
    (7, ([169, 69, 149, 31, 111, 6, 86, 5, 85, 75, 155, 181, 19, 28, 99, 108, 23, 103, 37, 117, 22, 102, 177], [64.57236535997045], [12]))
    (8, ([170, 33, 113, 16, 96, 67, 147, 51, 131, 52, 132, 20, 100, 42, 122, 65, 145, 181, 17, 97, 78, 158, 36, 43, 123, 116, 179, 178], [40.13986401675491, 80.69635014696576], [18, 27])))

T best obj: 987.9841553933288
T best iteration: 6360
T total iterations: 30000
T best time [s]: 1.991
T total time [s]: 8.9010
