EADARP version 585c-dirty
ARGS: --ifile=EADARP/instances/l1/a8-80.txt --infeasible_arcs=EADARP/infeasible_arcs --gamma=0.7 --only_single_s_visits=false --odir=EADARP/prunedArcs/a8-80 --oname=run17
Settings:
--alns_gamma=0.025
--alns_segment_size=100
--alns_sigma1=10
--alns_sigma2=9
--alns_sigma3=3
--at_most_one_s=false
--gamma=0.7
--ifile=EADARP/instances/l1/a8-80.txt
--infeasible_arcs=EADARP/infeasible_arcs
--insert_charging_otf=true
--insert_cost_noise=0.014
--lns_init_temp_factor=0.0
--lns_temp_dec_factor=0.99
--mh_checkit=false
--mh_lfreq=0
--mh_lnewinc=true
--mh_tciter=-1
--mh_tctime=-1.0
--mh_titer=30000
--mh_tobj=-1.0
--mh_ttime=-1.0
--odir=EADARP/prunedArcs/a8-80
--oname=run17
--only_single_s_visits=false
--repair_max_routes=0
--seed=404186413
--use_milp_in_otf=0
--xcheck_isfeasible=false

EADARPInstance(EADARP/instances/l1/a8-80.txt, n=80, n_K=8, S=[179, 180, 181], Q=14.85, n_F=8, γ=0.7, T_plan=600.0, F=[171, 172, 173, 174, 175, 176, 177, 178])

T preprocessing time [s]: 2.96827
I       iter             best          obj_old          obj_new        time              method info
I          1     100006.00000     100080.00000     100006.00000      0.2094                 con 
I          4     100005.00000     100006.00000     100005.00000      0.3351         drrr_15+rrg 
I          6     100004.00000     100005.00000     100004.00000      0.4260        drrr_15+rrri 
I         19     100003.00000     100004.00000     100003.00000      0.7567        drrr_15+rroi 
I         37     100002.00000     100003.00000     100002.00000      1.0442         drrr_15+rrg 
I         42     100001.00000     100002.00000     100001.00000      1.1741         drrr_15+rrg 
I         85        970.86154     100001.00000        970.86154      1.7804        drrr_15+rrri 
I         89        969.84741        970.86154        969.84741      1.8203        drrr_15+rroi 
I         91        967.25928        969.84741        967.25928      1.8318        drrr_15+rroi 
I         94        966.83919        967.25928        966.83919      1.8624         drrr_15+rrg 
I        100        964.83001        966.83919        964.83001      1.8975         drrr_15+rrg 
I        102        964.61794        964.83001        964.61794      1.9198         drrr_15+rrg 
I        103        960.55956        964.61794        960.55956      1.9229         drrr_15+rrg 
I        104        958.22188        960.55956        958.22188      1.9280        drrr_15+rroi 
I        106        958.09052        958.22188        958.09052      1.9465        drrr_15+rroi 
I        108        955.91970        958.09052        955.91970      1.9643        drrr_15+rrri 
I        123        954.16862        955.91970        954.16862      2.0683        drrr_15+rrri 
I        127        946.42748        954.16862        946.42748      2.1019        drrr_15+rrri 
I        128        945.13875        946.42748        945.13875      2.1021        drrr_15+rroi 
I        130        944.00312        945.13875        944.00312      2.1054        drrr_15+rroi 
I        131        942.54916        944.00312        942.54916      2.1181         drrr_15+rrg 
I        133        941.77432        942.54916        941.77432      2.1308         drrr_15+rrg 
I        137        938.54489        941.77432        938.54489      2.1852        drrr_15+rrri 
I        139        933.77962        938.54489        933.77962      2.2037        drrr_15+rroi 
I        140        932.18157        933.77962        932.18157      2.2128         drrr_15+rrg 
I        145        931.86303        932.18157        931.86303      2.2585        drrr_15+rroi 
I        147        927.55877        931.86303        927.55877      2.2711        drrr_15+rrri 
I        148        925.45930        927.55877        925.45930      2.2938        drrr_15+rrri 
I        158        925.45118        925.45930        925.45118      2.4054        drrr_15+rrri 
I        173        925.14958        925.45118        925.14958      2.4645        drrr_15+rroi 
I        184        924.47762        925.14958        924.47762      2.4946        drrr_15+rroi 
I        188        922.26896        924.47762        922.26896      2.5052        drrr_15+rroi 
I        259        921.82793        922.26896        921.82793      2.6880        drrr_15+rrri 
I        269        919.21652        921.82793        919.21652      2.7147         drrr_15+rrg 
I        348        916.75911        919.21652        916.75911      2.8410         drrr_15+rrg 
I        364        915.73481        916.75911        915.73481      2.8726        drrr_15+rrri 
I        377        915.59146        915.73481        915.59146      2.9032         drrr_15+rrg 
I        378        915.48669        915.59146        915.48669      2.9033        drrr_15+rrri 
I        392        914.61027        915.48669        914.61027      2.9501        drrr_15+rroi 
I        396        914.54939        914.61027        914.54939      2.9524        drrr_15+rrri 
I        625        914.18381        914.54939        914.18381      3.2095        drrr_15+rrri 
I        626        913.83895        914.18381        913.83895      3.2112        drrr_15+rroi 
I        682        913.77808        913.83895        913.77808      3.4606        drrr_15+rroi 
I        685        913.58897        913.77808        913.58897      3.4627        drrr_15+rrri 
I        688        913.45947        913.58897        913.45947      3.4636         drrr_15+rrg 
I        784        906.77595        913.45947        906.77595      3.5430        drrr_15+rroi 
I        785        906.64460        906.77595        906.64460      3.5494        drrr_15+rrri 
I      11214        904.10854        906.64460        904.10854      7.8883        drrr_15+rrri 
I      11246        899.90683        904.10854        899.90683      7.9317        drrr_15+rrri 
I      11337        899.84595        899.90683        899.84595      8.0112        drrr_15+rrri 
I      11358        898.47693        899.84595        898.47693      8.0242        drrr_15+rrri 
I      30000        898.47693        898.47693        901.87440     13.4736        drrr_15+rrri 

Method statistics
S  method    iter  succ  succ-rate%  tot-obj-gain  avg-obj-gain  rel-succ%  net-time  net-time%  brut-time  brut-time%
S  con          1     1   100.00000     -74.00000     -74.00000    0.99010   0.20940    1.55412    0.20940     1.55412
S  drrr_15  29999    50     0.16667  -99107.52307      -3.30369   49.50495   0.35898    2.66430    0.35898     2.66430
S  rrg      10071    14     0.13901     -18.86825      -0.00187   13.86139   5.24672   38.94081    5.24672    38.94081
S  rroi      9980    16     0.16032     -25.72735      -0.00258   15.84158   3.16828   23.51473    3.16828    23.51473
S  rrri      9948    20     0.20105  -99062.92748      -9.95807   19.80198   4.41717   32.78390    4.41717    32.78390
S  SUM/AVG  59999   101     0.16834 -198289.04614      -3.30487   20.00000  13.40054   99.45787   13.40054    99.45787

T best solution: EADARPSolution(t_routing=1096.021, t_excess=305.844, obj_val=898.477, obj_val_valid=true,
    unserved_requests=Int64[], F_visited=[174, 175, 178, 171, 172, 176, 173, 177], S_visited=Int64[],
    (1, ([163, 80, 160, 73, 153, 52, 132, 42, 122, 65, 145, 181, 18, 98, 71, 46, 126, 151, 62, 142, 179, 70, 150, 1, 24, 104, 81, 171], [47.47225778972622, 8.531871183012832], [12, 21]))
    (2, ([164, 55, 135, 5, 85, 9, 57, 89, 137, 179, 12, 92, 23, 103, 39, 37, 119, 117, 22, 102, 4, 84, 179, 172], [41.31522464682541, 1.5279444609822173], [10, 23]))
    (3, ([165, 69, 149, 30, 50, 110, 63, 130, 143, 34, 114, 13, 93, 3, 47, 83, 127, 61, 141, 179, 173], [58.1286200728205], [20]))
    (4, ([166, 76, 156, 31, 16, 111, 96, 48, 7, 128, 87, 60, 17, 140, 97, 179, 174], [37.787178221876516], [16]))
    (5, ([167, 64, 144, 51, 131, 2, 82, 25, 105, 27, 28, 107, 108, 180, 36, 10, 116, 90, 21, 8, 101, 88, 175], [55.343014463259024], [14]))
    (6, ([168, 72, 77, 152, 157, 35, 29, 115, 109, 78, 41, 121, 158, 180, 49, 32, 129, 112, 176], [50.042897544864154], [14]))
    (7, ([169, 58, 138, 38, 118, 68, 6, 86, 148, 11, 91, 20, 100, 26, 75, 106, 155, 74, 154, 45, 125, 44, 124, 19, 99, 179, 177], [82.9650429933504], [26]))
    (8, ([170, 33, 40, 113, 120, 67, 53, 133, 147, 56, 59, 136, 54, 139, 134, 14, 79, 94, 159, 66, 146, 43, 123, 15, 95, 179, 178], [64.90729989356673], [26])))

T best obj: 898.4769290279197
T best iteration: 11358
T total iterations: 30000
T best time [s]: 8.024
T total time [s]: 13.4736
