EADARP version 585c-dirty
ARGS: --ifile=EADARP/instances/l1/a8-80.txt --infeasible_arcs=EADARP/infeasible_arcs --gamma=0.7 --only_single_s_visits=false --odir=EADARP/prunedArcs/a8-80 --oname=run24
Settings:
--alns_gamma=0.025
--alns_segment_size=100
--alns_sigma1=10
--alns_sigma2=9
--alns_sigma3=3
--at_most_one_s=false
--gamma=0.7
--ifile=EADARP/instances/l1/a8-80.txt
--infeasible_arcs=EADARP/infeasible_arcs
--insert_charging_otf=true
--insert_cost_noise=0.014
--lns_init_temp_factor=0.0
--lns_temp_dec_factor=0.99
--mh_checkit=false
--mh_lfreq=0
--mh_lnewinc=true
--mh_tciter=-1
--mh_tctime=-1.0
--mh_titer=30000
--mh_tobj=-1.0
--mh_ttime=-1.0
--odir=EADARP/prunedArcs/a8-80
--oname=run24
--only_single_s_visits=false
--repair_max_routes=0
--seed=662807430
--use_milp_in_otf=0
--xcheck_isfeasible=false

EADARPInstance(EADARP/instances/l1/a8-80.txt, n=80, n_K=8, S=[179, 180, 181], Q=14.85, n_F=8, γ=0.7, T_plan=600.0, F=[171, 172, 173, 174, 175, 176, 177, 178])

T preprocessing time [s]: 2.99749
I       iter             best          obj_old          obj_new        time              method info
I          1     100007.00000     100080.00000     100007.00000      0.2668                 con 
I          5     100004.00000     100007.00000     100004.00000      0.5292        drrr_15+rrri 
I         19     100003.00000     100004.00000     100003.00000      1.0326        drrr_15+rrri 
I         64     100002.00000     100003.00000     100002.00000      1.8180        drrr_15+rrri 
I         78     100001.00000     100002.00000     100001.00000      2.0381        drrr_15+rroi 
I        184        934.15739     100001.00000        934.15739      3.4894        drrr_15+rrri 
I        190        928.46040        934.15739        928.46040      3.5208        drrr_15+rrri 
I        195        922.31516        928.46040        922.31516      3.5388         drrr_15+rrg 
I        199        921.08543        922.31516        921.08543      3.5550         drrr_15+rrg 
I        201        920.78384        921.08543        920.78384      3.5563        drrr_15+rrri 
I        211        919.77772        920.78384        919.77772      3.5899        drrr_15+rroi 
I        238        917.92597        919.77772        917.92597      3.6727        drrr_15+rrri 
I        442        917.47467        917.92597        917.47467      3.9954         drrr_15+rrg 
I        476        915.20422        917.47467        915.20422      4.0396        drrr_15+rrri 
I        739        913.92005        915.20422        913.92005      4.3422        drrr_15+rroi 
I        748        913.45186        913.92005        913.45186      4.3784        drrr_15+rroi 
I        752        913.38052        913.45186        913.38052      4.3927        drrr_15+rrri 
I        756        912.91233        913.38052        912.91233      4.4008        drrr_15+rrri 
I        791        912.65956        912.91233        912.65956      4.4922        drrr_15+rrri 
I        878        912.49693        912.65956        912.49693      4.6186        drrr_15+rroi 
I        890        910.20083        912.49693        910.20083      4.6395        drrr_15+rrri 
I        901        909.73264        910.20083        909.73264      4.6471         drrr_15+rrg 
I       8745        905.43207        909.73264        905.43207      7.8453         drrr_15+rrg 
I       8753        903.86398        905.43207        903.86398      7.8600        drrr_15+rrri 
I       8776        903.39579        903.86398        903.39579      7.8800        drrr_15+rrri 
I       8856        901.21000        903.39579        901.21000      7.9311         drrr_15+rrg 
I       9001        899.64569        901.21000        899.64569      7.9979        drrr_15+rrri 
I       9012        899.50638        899.64569        899.50638      8.0071        drrr_15+rrri 
I       9694        897.90774        899.50638        897.90774      8.2599        drrr_15+rrri 
I      13088        895.97572        897.90774        895.97572      9.4532         drrr_15+rrg 
I      30000        895.97572        895.97572        904.53026     14.3682        drrr_15+rrri 

Method statistics
S  method    iter  succ  succ-rate%  tot-obj-gain  avg-obj-gain  rel-succ%  net-time  net-time%  brut-time  brut-time%
S  con          1     1   100.00000     -73.00000     -73.00000    1.69492   0.26673    1.85641    0.26673     1.85641
S  drrr_15  29999    29     0.09667  -99111.02428      -3.30381   49.15254   0.35916    2.49967    0.35916     2.49967
S  rrg      10041     7     0.06971     -16.71285      -0.00166   11.86441   5.20031   36.19298    5.20031    36.19298
S  rroi     10015     5     0.04993      -3.92110      -0.00039    8.47458   3.62780   25.24868    3.62780    25.24868
S  rrri      9943    17     0.17097  -99090.39033      -9.96584   28.81356   4.80622   33.45022    4.80622    33.45022
S  SUM/AVG  59999    59     0.09833 -198295.04856      -3.30497   20.00000  14.26022   99.24797   14.26022    99.24797

T best solution: EADARPSolution(t_routing=1103.817, t_excess=272.453, obj_val=895.976, obj_val_valid=true,
    unserved_requests=Int64[], F_visited=[178, 177, 173, 174, 176, 172, 175, 171], S_visited=Int64[],
    (1, ([163, 53, 133, 48, 25, 128, 105, 42, 122, 44, 124, 19, 99, 179, 78, 41, 121, 158, 37, 117, 22, 102, 4, 84, 179, 171], [80.45586079244089, 0.1130897187311287], [14, 25]))
    (2, ([164, 58, 138, 38, 50, 118, 130, 63, 143, 80, 160, 74, 154, 27, 28, 107, 108, 60, 17, 140, 97, 71, 151, 179, 172], [79.59595797557347], [24]))
    (3, ([165, 64, 73, 153, 51, 144, 131, 2, 82, 20, 100, 26, 106, 46, 126, 8, 88, 179, 173], [1.0563691428388724], [18]))
    (4, ([166, 76, 156, 31, 30, 111, 110, 34, 114, 13, 93, 3, 47, 83, 127, 61, 141, 179, 174], [59.49116938591322], [18]))
    (5, ([167, 77, 72, 55, 135, 157, 152, 75, 155, 65, 145, 181, 18, 98, 15, 95, 10, 90, 21, 24, 1, 104, 101, 81, 179, 175], [66.08205475897968, 1.1263127666320245], [12, 25]))
    (6, ([168, 33, 40, 113, 120, 67, 147, 56, 59, 136, 139, 54, 134, 14, 79, 94, 159, 66, 146, 36, 43, 123, 116, 179, 176], [69.50687331472376], [24]))
    (7, ([169, 52, 132, 35, 5, 85, 115, 45, 125, 179, 12, 92, 23, 103, 39, 62, 142, 119, 70, 150, 49, 32, 129, 112, 179, 177], [57.922834051154545, 8.709152035748335], [10, 25]))
    (8, ([170, 69, 149, 16, 96, 68, 6, 86, 148, 11, 91, 29, 109, 7, 87, 9, 57, 89, 137, 179, 178], [31.75686062105844], [20])))

T best obj: 895.9757192430906
T best iteration: 13088
T total iterations: 30000
T best time [s]: 9.453
T total time [s]: 14.3683
