EADARP version 585c-dirty
ARGS: --ifile=EADARP/instances/l1/a8-80.txt --infeasible_arcs=EADARP/infeasible_arcs --gamma=0.7 --only_single_s_visits=false --odir=EADARP/prunedArcs/a8-80 --oname=run6
Settings:
--alns_gamma=0.025
--alns_segment_size=100
--alns_sigma1=10
--alns_sigma2=9
--alns_sigma3=3
--at_most_one_s=false
--gamma=0.7
--ifile=EADARP/instances/l1/a8-80.txt
--infeasible_arcs=EADARP/infeasible_arcs
--insert_charging_otf=true
--insert_cost_noise=0.014
--lns_init_temp_factor=0.0
--lns_temp_dec_factor=0.99
--mh_checkit=false
--mh_lfreq=0
--mh_lnewinc=true
--mh_tciter=-1
--mh_tctime=-1.0
--mh_titer=30000
--mh_tobj=-1.0
--mh_ttime=-1.0
--odir=EADARP/prunedArcs/a8-80
--oname=run6
--only_single_s_visits=false
--repair_max_routes=0
--seed=688542334
--use_milp_in_otf=0
--xcheck_isfeasible=false

EADARPInstance(EADARP/instances/l1/a8-80.txt, n=80, n_K=8, S=[179, 180, 181], Q=14.85, n_F=8, γ=0.7, T_plan=600.0, F=[171, 172, 173, 174, 175, 176, 177, 178])

T preprocessing time [s]: 2.93035
I       iter             best          obj_old          obj_new        time              method info
I          1     100004.00000     100080.00000     100004.00000      0.2751                 con 
I         10     100003.00000     100004.00000     100003.00000      0.7223         drrr_15+rrg 
I         43     100002.00000     100003.00000     100002.00000      1.3162        drrr_15+rrri 
I         58     100001.00000     100002.00000     100001.00000      1.5652        drrr_15+rrri 
I        220        983.56026     100001.00000        983.56026      3.3936        drrr_15+rrri 
I        224        979.04417        983.56026        979.04417      3.4603        drrr_15+rrri 
I        226        976.04104        979.04417        976.04104      3.4965         drrr_15+rrg 
I        227        971.53959        976.04104        971.53959      3.5298         drrr_15+rrg 
I        229        964.38144        971.53959        964.38144      3.5825        drrr_15+rroi 
I        232        955.95398        964.38144        955.95398      3.6232        drrr_15+rroi 
I        238        949.34697        955.95398        949.34697      3.6638         drrr_15+rrg 
I        241        944.09969        949.34697        944.09969      3.6908        drrr_15+rrri 
I        242        934.27793        944.09969        934.27793      3.6973         drrr_15+rrg 
I        247        921.43483        934.27793        921.43483      3.7473         drrr_15+rrg 
I        252        920.10225        921.43483        920.10225      3.7660         drrr_15+rrg 
I        259        919.66974        920.10225        919.66974      3.8074        drrr_15+rrri 
I        302        919.04924        919.66974        919.04924      3.9624        drrr_15+rroi 
I        335        918.78617        919.04924        918.78617      4.1054         drrr_15+rrg 
I        338        918.71581        918.78617        918.71581      4.1099         drrr_15+rrg 
I        352        917.33098        918.71581        917.33098      4.1353         drrr_15+rrg 
I        355        915.21528        917.33098        915.21528      4.1571        drrr_15+rroi 
I        358        914.80917        915.21528        914.80917      4.1673        drrr_15+rrri 
I        665        910.39268        914.80917        910.39268      4.5422        drrr_15+rroi 
I        674        909.33518        910.39268        909.33518      4.5555        drrr_15+rrri 
I        679        908.86828        909.33518        908.86828      4.5594         drrr_15+rrg 
I        694        906.67667        908.86828        906.67667      4.5780        drrr_15+rroi 
I       4015        904.49485        906.67667        904.49485      6.2368        drrr_15+rrri 
I       4018        903.19860        904.49485        903.19860      6.2374        drrr_15+rroi 
I       4067        902.52943        903.19860        902.52943      6.2751         drrr_15+rrg 
I      24005        902.42023        902.52943        902.42023     12.3093        drrr_15+rrri 
I      24007        902.11863        902.42023        902.11863     12.3151         drrr_15+rrg 
I      24781        900.62497        902.11863        900.62497     12.5482        drrr_15+rrri 
I      30000        900.62497        900.62497     100002.00000     14.0875         drrr_15+rrg 

Method statistics
S  method    iter  succ  succ-rate%  tot-obj-gain  avg-obj-gain  rel-succ%  net-time  net-time%  brut-time  brut-time%
S  con          1     1   100.00000     -76.00000     -76.00000    1.58730   0.27509    1.95269    0.27509     1.95269
S  drrr_15  29999    31     0.10334  -99103.37503      -3.30356   49.20635   0.37271    2.64568    0.37271     2.64568
S  rrg       9974    13     0.13034     -42.26498      -0.00424   20.63492   5.39065   38.26541    5.39065    38.26541
S  rroi     10002     7     0.06999     -26.22615      -0.00262   11.11111   3.41450   24.23773    3.41450    24.23773
S  rrri     10023    11     0.10975  -99034.88390      -9.88076   17.46032   4.54607   32.27018    4.54607    32.27018
S  SUM/AVG  59999    63     0.10500 -198282.75006      -3.30477   20.00000  13.99902   99.37169   13.99902    99.37169

T best solution: EADARPSolution(t_routing=1132.434, t_excess=205.198, obj_val=900.625, obj_val_valid=true,
    unserved_requests=Int64[], F_visited=[178, 172, 171, 177, 174, 173, 176, 175], S_visited=Int64[],
    (1, ([163, 53, 133, 26, 75, 106, 155, 74, 154, 61, 141, 70, 150, 179, 4, 84, 171], [37.003914761821775], [14]))
    (2, ([164, 31, 30, 111, 110, 40, 120, 67, 147, 2, 82, 179, 28, 108, 14, 79, 94, 159, 66, 146, 78, 158, 36, 43, 123, 116, 179, 172], [35.94903275490615, 74.92414771988204], [12, 27]))
    (3, ([165, 77, 72, 55, 135, 157, 152, 48, 128, 181, 18, 98, 71, 46, 126, 151, 39, 119, 49, 129, 8, 24, 88, 104, 179, 173], [70.12928836512945, 8.822387503184908], [10, 25]))
    (4, ([166, 58, 138, 38, 50, 118, 130, 64, 34, 144, 114, 13, 93, 3, 47, 83, 127, 44, 124, 19, 99, 179, 174], [60.56725942393509], [22]))
    (5, ([167, 33, 113, 16, 68, 96, 6, 86, 148, 80, 160, 73, 153, 52, 132, 42, 122, 65, 145, 60, 17, 140, 97, 15, 95, 179, 175], [53.537154605121934], [26]))
    (6, ([168, 45, 125, 12, 92, 23, 103, 10, 90, 181, 21, 101, 32, 112, 176], [12.381189040267703], [10]))
    (7, ([169, 51, 131, 56, 59, 136, 139, 54, 134, 35, 5, 85, 115, 25, 105, 27, 107, 180, 41, 121, 62, 142, 37, 117, 22, 102, 1, 81, 177], [79.64888692262662], [18]))
    (8, ([170, 69, 149, 76, 156, 63, 143, 11, 91, 20, 29, 100, 109, 7, 87, 9, 57, 89, 137, 179, 178], [51.470649091368806], [20])))

T best obj: 900.6249693587988
T best iteration: 24781
T total iterations: 30000
T best time [s]: 12.548
T total time [s]: 14.0875
