EADARP version 585c-dirty
ARGS: --ifile=EADARP/instances/l1/a6-48.txt --infeasible_arcs=EADARP/infeasible_arcs --gamma=0.7 --only_single_s_visits=false --odir=EADARP/prunedArcs/a6-48 --oname=run19
Settings:
--alns_gamma=0.025
--alns_segment_size=100
--alns_sigma1=10
--alns_sigma2=9
--alns_sigma3=3
--at_most_one_s=false
--gamma=0.7
--ifile=EADARP/instances/l1/a6-48.txt
--infeasible_arcs=EADARP/infeasible_arcs
--insert_charging_otf=true
--insert_cost_noise=0.014
--lns_init_temp_factor=0.0
--lns_temp_dec_factor=0.99
--mh_checkit=false
--mh_lfreq=0
--mh_lnewinc=true
--mh_tciter=-1
--mh_tctime=-1.0
--mh_titer=30000
--mh_tobj=-1.0
--mh_ttime=-1.0
--odir=EADARP/prunedArcs/a6-48
--oname=run19
--only_single_s_visits=false
--repair_max_routes=0
--seed=1244297552
--use_milp_in_otf=0
--xcheck_isfeasible=false

EADARPInstance(EADARP/instances/l1/a6-48.txt, n=48, n_K=6, S=[111, 112, 113], Q=14.85, n_F=6, γ=0.7, T_plan=480.0, F=[105, 106, 107, 108, 109, 110])

T preprocessing time [s]: 0.96133
I       iter             best          obj_old          obj_new        time              method info
I          1     100010.00000     100048.00000     100010.00000      0.0931                 con 
I          3     100009.00000     100010.00000     100009.00000      0.1713        drrr_15+rrri 
I          5     100008.00000     100009.00000     100008.00000      0.2384         drrr_15+rrg 
I          8     100005.00000     100008.00000     100005.00000      0.4522        drrr_15+rrri 
I          9     100004.00000     100005.00000     100004.00000      0.4970        drrr_15+rroi 
I         17     100003.00000     100004.00000     100003.00000      0.7590        drrr_15+rroi 
I         50     100002.00000     100003.00000     100002.00000      1.3062        drrr_15+rrri 
I        160     100001.00000     100002.00000     100001.00000      2.2103        drrr_15+rrri 
I       1121        640.05624     100001.00000        640.05624      5.7958        drrr_15+rrri 
I       1132        639.57411        640.05624        639.57411      5.8561         drrr_15+rrg 
I       1137        638.74423        639.57411        638.74423      5.9173         drrr_15+rrg 
I       1138        635.82746        638.74423        635.82746      5.9251        drrr_15+rrri 
I       1141        633.37980        635.82746        633.37980      5.9571         drrr_15+rrg 
I       1143        617.24980        633.37980        617.24980      5.9574        drrr_15+rrri 
I       1145        606.21410        617.24980        606.21410      5.9609        drrr_15+rrri 
I       1148        605.91277        606.21410        605.91277      5.9638        drrr_15+rrri 
I       1151        602.49581        605.91277        602.49581      5.9643        drrr_15+rrri 
I      30000        602.49581        602.49581        602.49581     12.3284         drrr_15+rrg 

Method statistics
S  method    iter  succ  succ-rate%  tot-obj-gain  avg-obj-gain  rel-succ%  net-time  net-time%  brut-time  brut-time%
S  con          1     1   100.00000     -38.00000     -38.00000    3.03030   0.09309    0.75505    0.09309     0.75505
S  drrr_15  29999    16     0.05334  -99407.50419      -3.31369   48.48485   0.24523    1.98914    0.24523     1.98914
S  rrg      10002     4     0.03999      -4.75966      -0.00048   12.12121   4.64714   37.69466    4.64714    37.69466
S  rroi      9858     2     0.02029      -2.00000      -0.00020    6.06061   3.35671   27.22750    3.35671    27.22750
S  rrri     10139    10     0.09863  -99400.74453      -9.80380   30.30303   3.94093   31.96627    3.94093    31.96627
S  SUM/AVG  59999    33     0.05500 -198853.00839      -3.31427   20.00000  12.28309   99.63262   12.28309    99.63262

T best solution: EADARPSolution(t_routing=754.523, t_excess=146.415, obj_val=602.496, obj_val_valid=true,
    unserved_requests=Int64[], F_visited=[107, 105, 109, 110, 106, 108], S_visited=Int64[],
    (1, ([99, 48, 17, 65, 96, 37, 85, 41, 89, 13, 20, 61, 68, 47, 23, 71, 95, 21, 69, 111, 105], [51.21655990736242], [20]))
    (2, ([100, 34, 82, 3, 51, 1, 49, 112, 32, 80, 7, 10, 58, 55, 106], [43.39278551092154], [8]))
    (3, ([101, 28, 76, 44, 15, 63, 92, 38, 40, 88, 86, 8, 56, 2, 50, 45, 93, 111, 107], [19.896395146209723], [18]))
    (4, ([102, 29, 77, 26, 74, 5, 53, 11, 59, 46, 94, 16, 64, 42, 90, 111, 108], [49.884296617167706], [16]))
    (5, ([103, 33, 81, 30, 24, 78, 72, 43, 91, 6, 22, 54, 70, 35, 83, 4, 52, 18, 66, 111, 109], [32.985402648932485], [20]))
    (6, ([104, 9, 57, 12, 60, 39, 87, 19, 36, 31, 67, 84, 25, 79, 73, 14, 27, 62, 75, 111, 110], [71.14725259868577], [20])))

T best obj: 602.4958067637199
T best iteration: 1151
T total iterations: 30000
T best time [s]: 5.964
T total time [s]: 12.3284
