EADARP version 585c-dirty
ARGS: --ifile=EADARP/instances/l1/a6-48.txt --infeasible_arcs=EADARP/infeasible_arcs --gamma=0.7 --only_single_s_visits=false --odir=EADARP/prunedArcs/a6-48 --oname=run21
Settings:
--alns_gamma=0.025
--alns_segment_size=100
--alns_sigma1=10
--alns_sigma2=9
--alns_sigma3=3
--at_most_one_s=false
--gamma=0.7
--ifile=EADARP/instances/l1/a6-48.txt
--infeasible_arcs=EADARP/infeasible_arcs
--insert_charging_otf=true
--insert_cost_noise=0.014
--lns_init_temp_factor=0.0
--lns_temp_dec_factor=0.99
--mh_checkit=false
--mh_lfreq=0
--mh_lnewinc=true
--mh_tciter=-1
--mh_tctime=-1.0
--mh_titer=30000
--mh_tobj=-1.0
--mh_ttime=-1.0
--odir=EADARP/prunedArcs/a6-48
--oname=run21
--only_single_s_visits=false
--repair_max_routes=0
--seed=1741269262
--use_milp_in_otf=0
--xcheck_isfeasible=false

EADARPInstance(EADARP/instances/l1/a6-48.txt, n=48, n_K=6, S=[111, 112, 113], Q=14.85, n_F=6, γ=0.7, T_plan=480.0, F=[105, 106, 107, 108, 109, 110])

T preprocessing time [s]: 0.96012
I       iter             best          obj_old          obj_new        time              method info
I          1     100007.00000     100048.00000     100007.00000      0.0754                 con 
I          4     100005.00000     100007.00000     100005.00000      0.2279        drrr_15+rrri 
I          8     100004.00000     100005.00000     100004.00000      0.3395        drrr_15+rroi 
I         14     100003.00000     100004.00000     100003.00000      0.5543        drrr_15+rroi 
I         16     100002.00000     100003.00000     100002.00000      0.5943        drrr_15+rroi 
I        129     100001.00000     100002.00000     100001.00000      2.2282        drrr_15+rrri 
I        897        647.10247     100001.00000        647.10247      4.9037         drrr_15+rrg 
I        908        642.27436        647.10247        642.27436      4.9605        drrr_15+rrri 
I        909        642.06583        642.27436        642.06583      4.9607         drrr_15+rrg 
I        935        619.78280        642.06583        619.78280      5.0104        drrr_15+rrri 
I        944        619.43245        619.78280        619.43245      5.0137        drrr_15+rrri 
I        946        614.19597        619.43245        614.19597      5.0154        drrr_15+rroi 
I        950        613.84562        614.19597        613.84562      5.0255        drrr_15+rroi 
I        969        612.10787        613.84562        612.10787      5.0516        drrr_15+rrri 
I       1045        609.68749        612.10787        609.68749      5.1444        drrr_15+rroi 
I       1048        608.11902        609.68749        608.11902      5.1449        drrr_15+rroi 
I       1049        608.00175        608.11902        608.00175      5.1451         drrr_15+rrg 
I      30000        608.00175        608.00175        608.00175     11.7124        drrr_15+rroi 

Method statistics
S  method    iter  succ  succ-rate%  tot-obj-gain  avg-obj-gain  rel-succ%  net-time  net-time%  brut-time  brut-time%
S  con          1     1   100.00000     -41.00000     -41.00000    3.03030   0.07541    0.64387    0.07541     0.64387
S  drrr_15  29999    16     0.05334  -99398.99825      -3.31341   48.48485   0.24440    2.08666    0.24440     2.08666
S  rrg      10043     3     0.02987  -99354.22334      -9.89288    9.09091   4.20170   35.87386    4.20170    35.87386
S  rroi      9983     7     0.07012     -12.57569      -0.00126   21.21212   3.20688   27.38019    3.20688    27.38019
S  rrri      9973     6     0.06016     -32.19923      -0.00323   18.18182   3.91962   33.46553    3.91962    33.46553
S  SUM/AVG  59999    33     0.05500 -198838.99650      -3.31404   20.00000  11.64801   99.45011   11.64801    99.45011

T best solution: EADARPSolution(t_routing=757.609, t_excess=159.18, obj_val=608.002, obj_val_valid=true,
    unserved_requests=Int64[], F_visited=[107, 109, 110, 108, 106, 105], S_visited=Int64[],
    (1, ([99, 33, 81, 30, 24, 78, 72, 37, 85, 41, 89, 13, 20, 61, 68, 18, 66, 111, 105], [37.01300902446773], [18]))
    (2, ([100, 28, 76, 44, 15, 63, 92, 38, 40, 88, 86, 8, 56, 2, 50, 45, 93, 111, 106], [19.896395146209723], [18]))
    (3, ([101, 17, 48, 65, 96, 43, 91, 6, 22, 54, 70, 35, 83, 4, 52, 47, 23, 71, 95, 21, 69, 111, 107], [50.27518454500298], [22]))
    (4, ([102, 9, 57, 12, 60, 39, 87, 19, 36, 31, 67, 84, 25, 79, 73, 14, 27, 62, 75, 111, 108], [71.14725259868577], [20]))
    (5, ([103, 34, 82, 3, 51, 1, 49, 112, 32, 80, 7, 10, 58, 55, 109], [43.39278551092154], [8]))
    (6, ([104, 29, 77, 26, 74, 5, 53, 11, 59, 46, 94, 16, 64, 42, 90, 111, 110], [49.884296617167706], [16])))

T best obj: 608.0017500717215
T best iteration: 1049
T total iterations: 30000
T best time [s]: 5.145
T total time [s]: 11.7124
