EADARP version e957-dirty
ARGS: ["--prepthreshold=0.500", "--only_single_s_visits=0", "--gamma=0.7", "--ifile=EADARP/instances/l1/a6-48.txt", "--odir=EADARP/out/l1-s0-g0.7", "--oname=a6-48_0.500_18"]
Settings:
--alns_gamma=0.025
--alns_segment_size=100
--alns_sigma1=10
--alns_sigma2=9
--alns_sigma3=3
--at_most_one_s=false
--gamma=0.7
--ifile=EADARP/instances/l1/a6-48.txt
--infeasible_arcs=EADARP/infeasible_arcs
--insert_charging_otf=true
--insert_cost_noise=0.014
--lns_init_temp_factor=0.0
--lns_temp_dec_factor=0.99
--log_all_sols_fname=
--mh_checkit=false
--mh_lfreq=0
--mh_lnewinc=true
--mh_tciter=-1
--mh_tctime=-1.0
--mh_titer=30000
--mh_tobj=-1.0
--mh_ttime=-1.0
--odir=EADARP/out/l1-s0-g0.7
--ofile=
--oname=a6-48_0.500_18
--only_single_s_visits=false
--prepthreshold=0.5
--repair_max_routes=0
--route_based_ops=0
--seed=472668587
--tightened_windows=EADARP/tightened_windows
--use_milp_in_otf=0
--xcheck_isfeasible=false

EADARPInstance(EADARP/instances/l1/a6-48.txt, n=48, n_K=6, S=[111, 112, 113], Q=14.85, n_F=6, γ=0.7, T_plan=480.0, F=[105, 106, 107, 108, 109, 110])

T preprocessing time [s]: 2.19615
I       iter             best          obj_old          obj_new        time              method info
I          1        598.55200     100048.00000        598.55200      0.1156                 con 
I          2        583.35268        598.55200        583.35268      0.1546         drrr_15+rrg 
I          4        564.65509        583.35268        564.65509      0.2242         drrr_15+rrg 
I          6        563.41398        564.65509        563.41398      0.2582        drrr_15+rrri 
I          9        547.51923        563.41398        547.51923      0.3236        drrr_15+rrri 
I         45        542.71455        547.51923        542.71455      0.6656         drrr_15+rrg 
I         55        539.30400        542.71455        539.30400      0.7369        drrr_15+rroi 
I         72        538.45309        539.30400        538.45309      0.8032        drrr_15+rroi 
I         77        538.24456        538.45309        538.24456      0.8226         drrr_15+rrg 
I        105        536.20641        538.24456        536.20641      0.9030        drrr_15+rroi 
I        112        535.59208        536.20641        535.59208      0.9426         drrr_15+rrg 
I        115        531.77536        535.59208        531.77536      0.9545         drrr_15+rrg 
I        139        530.59769        531.77536        530.59769      1.0584        drrr_15+rrri 
I        156        529.79679        530.59769        529.79679      1.1154        drrr_15+rrri 
I        176        529.69290        529.79679        529.69290      1.1504        drrr_15+rrri 
I        179        528.37999        529.69290        528.37999      1.1571        drrr_15+rrri 
I        185        527.83456        528.37999        527.83456      1.1671         drrr_15+rrg 
I        192        527.11102        527.83456        527.11102      1.1980        drrr_15+rrri 
I        200        526.91357        527.11102        526.91357      1.2220         drrr_15+rrg 
I        205        526.75333        526.91357        526.75333      1.2375         drrr_15+rrg 
I        206        524.31374        526.75333        524.31374      1.2382        drrr_15+rrri 
I        208        524.01241        524.31374        524.01241      1.2408         drrr_15+rrg 
I        399        523.96801        524.01241        523.96801      1.5207        drrr_15+rrri 
I        402        523.75565        523.96801        523.75565      1.5232        drrr_15+rrri 
I        409        522.64462        523.75565        522.64462      1.5319        drrr_15+rroi 
I        439        520.32439        522.64462        520.32439      1.5807        drrr_15+rrri 
I        442        511.93016        520.32439        511.93016      1.5884        drrr_15+rrri 
I        443        511.13746        511.93016        511.13746      1.5919         drrr_15+rrg 
I        445        509.79561        511.13746        509.79561      1.5965         drrr_15+rrg 
I        912        509.58324        509.79561        509.58324      2.1887        drrr_15+rroi 
I        915        509.12746        509.58324        509.12746      2.1921         drrr_15+rrg 
I      30000        509.12746        509.12746        522.65271     27.4909        drrr_15+rrri 

Method statistics
S  method    iter  succ  succ-rate%  tot-obj-gain  avg-obj-gain  rel-succ%  net-time  net-time%  brut-time  brut-time%
S  con          1     1   100.00000  -99449.44800  -99449.44800    1.63934   0.11551    0.42019    0.11551     0.42019
S  drrr_15  29999    30     0.10000     -89.42454      -0.00298   49.18033   0.74855    2.72291    0.74855     2.72291
S  rrg      10029    13     0.12962     -47.13596      -0.00470   21.31148  13.87912   50.48599   13.87912    50.48599
S  rroi      9975     5     0.05013      -7.62300      -0.00076    8.19672   5.89449   21.44151    5.89449    21.44151
S  rrri      9995    12     0.12006     -34.66558      -0.00347   19.67213   6.64049   24.15514    6.64049    24.15514
S  SUM/AVG  59999    61     0.10167  -99628.29708      -1.66050   20.00000  27.27817   99.22573   27.27817    99.22573

T best solution: EADARPSolution(t_routing=645.162, t_excess=101.023, obj_val=509.127, obj_val_valid=true,
    unserved_requests=Int64[], F_visited=[107, 105, 108, 110, 109, 106], S_visited=Int64[],
    (1, ([99, 28, 76, 44, 15, 63, 92, 8, 56, 36, 31, 84, 25, 79, 73, 14, 62, 18, 66, 111, 105], [36.08036863204421], [20]))
    (2, ([100, 11, 59, 39, 87, 19, 67, 48, 96, 112, 41, 89, 32, 80, 7, 55, 106], [50.472048375150216], [10]))
    (3, ([101, 1, 5, 49, 53, 46, 94, 16, 64, 27, 75, 13, 20, 61, 68, 45, 93, 10, 58, 111, 107], [24.75914644566156], [20]))
    (4, ([102, 34, 29, 82, 77, 26, 74, 42, 90, 4, 52, 108], Float64[], Int64[]))
    (5, ([103, 12, 60, 2, 50, 17, 65, 37, 85, 47, 23, 71, 95, 21, 69, 109], Float64[], Int64[]))
    (6, ([104, 3, 51, 9, 57, 38, 40, 88, 86, 33, 81, 30, 24, 78, 72, 43, 91, 6, 22, 54, 70, 35, 83, 111, 110], [67.89199035097344], [24])))

T best obj: 509.12746424434863
T best iteration: 915
T total iterations: 30000
T best time [s]: 2.192
T total time [s]: 27.4910
