EADARP version e957-dirty
ARGS: ["--prepthreshold=0.500", "--only_single_s_visits=0", "--gamma=0.7", "--ifile=EADARP/instances/l1/a6-48.txt", "--odir=EADARP/out/l1-s0-g0.7", "--oname=a6-48_0.500_07"]
Settings:
--alns_gamma=0.025
--alns_segment_size=100
--alns_sigma1=10
--alns_sigma2=9
--alns_sigma3=3
--at_most_one_s=false
--gamma=0.7
--ifile=EADARP/instances/l1/a6-48.txt
--infeasible_arcs=EADARP/infeasible_arcs
--insert_charging_otf=true
--insert_cost_noise=0.014
--lns_init_temp_factor=0.0
--lns_temp_dec_factor=0.99
--log_all_sols_fname=
--mh_checkit=false
--mh_lfreq=0
--mh_lnewinc=true
--mh_tciter=-1
--mh_tctime=-1.0
--mh_titer=30000
--mh_tobj=-1.0
--mh_ttime=-1.0
--odir=EADARP/out/l1-s0-g0.7
--ofile=
--oname=a6-48_0.500_07
--only_single_s_visits=false
--prepthreshold=0.5
--repair_max_routes=0
--route_based_ops=0
--seed=333469772
--tightened_windows=EADARP/tightened_windows
--use_milp_in_otf=0
--xcheck_isfeasible=false

EADARPInstance(EADARP/instances/l1/a6-48.txt, n=48, n_K=6, S=[111, 112, 113], Q=14.85, n_F=6, γ=0.7, T_plan=480.0, F=[105, 106, 107, 108, 109, 110])

T preprocessing time [s]: 1.77847
I       iter             best          obj_old          obj_new        time              method info
I          1        574.60521     100048.00000        574.60521      0.1143                 con 
I          5        572.09525        574.60521        572.09525      0.2153        drrr_15+rrri 
I          8        559.34179        572.09525        559.34179      0.2725        drrr_15+rroi 
I         11        548.44984        559.34179        548.44984      0.3182        drrr_15+rroi 
I         22        547.38667        548.44984        547.38667      0.3963        drrr_15+rrri 
I         27        545.40844        547.38667        545.40844      0.4298         drrr_15+rrg 
I         30        541.75810        545.40844        541.75810      0.4645         drrr_15+rrg 
I         33        537.32593        541.75810        537.32593      0.4784        drrr_15+rrri 
I         46        533.14475        537.32593        533.14475      0.5508         drrr_15+rrg 
I         49        531.40092        533.14475        531.40092      0.5625        drrr_15+rroi 
I         68        531.39941        531.40092        531.39941      0.6191        drrr_15+rroi 
I         87        528.12820        531.39941        528.12820      0.6598        drrr_15+rrri 
I         90        527.91967        528.12820        527.91967      0.6737        drrr_15+rroi 
I         91        525.98036        527.91967        525.98036      0.6743        drrr_15+rrri 
I         97        522.61022        525.98036        522.61022      0.6971        drrr_15+rrri 
I        114        522.49294        522.61022        522.49294      0.7414        drrr_15+rroi 
I        158        522.49143        522.49294        522.49143      0.8568        drrr_15+rroi 
I        667        520.74846        522.49143        520.74846      1.7877        drrr_15+rroi 
I        779        520.64972        520.74846        520.64972      1.9115        drrr_15+rrri 
I       1600        520.31501        520.64972        520.31501      2.8122        drrr_15+rrri 
I       1604        519.91082        520.31501        519.91082      2.8152        drrr_15+rroi 
I       1611        519.79354        519.91082        519.79354      2.8216        drrr_15+rrri 
I       2330        518.99737        519.79354        518.99737      3.4781         drrr_15+rrg 
I       2413        518.91998        518.99737        518.91998      3.5769        drrr_15+rrri 
I       2422        518.91130        518.91998        518.91130      3.5850         drrr_15+rrg 
I       2466        517.57294        518.91130        517.57294      3.6435        drrr_15+rroi 
I       2535        510.18330        517.57294        510.18330      3.7123        drrr_15+rrri 
I       2648        510.18330        510.18330        510.18330      3.8095         drrr_15+rrg 
I       3168        509.22937        510.18330        509.22937      4.4102        drrr_15+rrri 
I       3237        509.02084        509.22937        509.02084      4.4899        drrr_15+rrri 
I      30000        509.02084        509.02084        509.02084     25.7669         drrr_15+rrg 

Method statistics
S  method    iter  succ  succ-rate%  tot-obj-gain  avg-obj-gain  rel-succ%  net-time  net-time%  brut-time  brut-time%
S  con          1     1   100.00000  -99473.39479  -99473.39479    1.69492   0.11421    0.44324    0.11421     0.44324
S  drrr_15  29999    29     0.09667     -65.58437      -0.00219   49.15254   0.76698    2.97657    0.76698     2.97657
S  rrg       9937     6     0.06038     -10.61460      -0.00107   10.16949  12.75331   49.49467   12.75331    49.49467
S  rroi     10132    10     0.09870     -29.20361      -0.00288   16.94915   5.61363   21.78610    5.61363    21.78610
S  rrri      9930    13     0.13092     -25.76616      -0.00259   22.03390   6.25510   24.27560    6.25510    24.27560
S  SUM/AVG  59999    59     0.09833  -99604.56353      -1.66010   20.00000  25.50323   98.97618   25.50323    98.97618

T best solution: EADARPSolution(t_routing=637.509, t_excess=123.557, obj_val=509.021, obj_val_valid=true,
    unserved_requests=Int64[], F_visited=[110, 109, 105, 106, 107, 108], S_visited=Int64[],
    (1, ([99, 28, 76, 44, 15, 63, 92, 8, 56, 36, 31, 84, 25, 79, 73, 14, 30, 78, 62, 18, 66, 111, 105], [41.5297583291493], [22]))
    (2, ([100, 11, 59, 39, 87, 19, 67, 48, 96, 112, 41, 89, 32, 80, 7, 55, 106], [50.472048375150216], [10]))
    (3, ([101, 12, 60, 2, 50, 37, 85, 47, 23, 71, 95, 21, 69, 107], Float64[], Int64[]))
    (4, ([102, 1, 5, 49, 53, 46, 94, 42, 24, 90, 17, 65, 72, 43, 91, 6, 22, 54, 70, 35, 83, 111, 108], [40.69927708632987], [22]))
    (5, ([103, 34, 29, 82, 77, 26, 74, 16, 64, 113, 27, 75, 13, 20, 61, 68, 45, 93, 10, 58, 109], [29.510987836926603], [10]))
    (6, ([104, 3, 51, 9, 57, 38, 40, 88, 86, 33, 81, 4, 52, 111, 110], [0.35960985747155144], [14])))

T best obj: 509.02084222745646
T best iteration: 3237
T total iterations: 30000
T best time [s]: 4.490
T total time [s]: 25.7670
