EADARP version e957-dirty
ARGS: ["--prepthreshold=0.375", "--only_single_s_visits=0", "--gamma=0.7", "--ifile=EADARP/instances/l1/a6-48.txt", "--odir=EADARP/out/l1-s0-g0.7", "--oname=a6-48_0.375_01"]
Settings:
--alns_gamma=0.025
--alns_segment_size=100
--alns_sigma1=10
--alns_sigma2=9
--alns_sigma3=3
--at_most_one_s=false
--gamma=0.7
--ifile=EADARP/instances/l1/a6-48.txt
--infeasible_arcs=EADARP/infeasible_arcs
--insert_charging_otf=true
--insert_cost_noise=0.014
--lns_init_temp_factor=0.0
--lns_temp_dec_factor=0.99
--log_all_sols_fname=
--mh_checkit=false
--mh_lfreq=0
--mh_lnewinc=true
--mh_tciter=-1
--mh_tctime=-1.0
--mh_titer=30000
--mh_tobj=-1.0
--mh_ttime=-1.0
--odir=EADARP/out/l1-s0-g0.7
--ofile=
--oname=a6-48_0.375_01
--only_single_s_visits=false
--prepthreshold=0.375
--repair_max_routes=0
--route_based_ops=0
--seed=2025655706
--tightened_windows=EADARP/tightened_windows
--use_milp_in_otf=0
--xcheck_isfeasible=false

EADARPInstance(EADARP/instances/l1/a6-48.txt, n=48, n_K=6, S=[111, 112, 113], Q=14.85, n_F=6, γ=0.7, T_plan=480.0, F=[105, 106, 107, 108, 109, 110])

T preprocessing time [s]: 2.31968
I       iter             best          obj_old          obj_new        time              method info
I          1        602.60478     100048.00000        602.60478      0.1228                 con 
I          3        599.76056        602.60478        599.76056      0.1985         drrr_15+rrg 
I          5        581.24542        599.76056        581.24542      0.2447        drrr_15+rrri 
I          6        565.18962        581.24542        565.18962      0.2688        drrr_15+rrri 
I          7        560.68504        565.18962        560.68504      0.2860        drrr_15+rrri 
I          8        555.09284        560.68504        555.09284      0.3122        drrr_15+rrri 
I         12        548.68140        555.09284        548.68140      0.3618        drrr_15+rroi 
I         16        548.00200        548.68140        548.00200      0.4189        drrr_15+rroi 
I         25        546.96316        548.00200        546.96316      0.4808         drrr_15+rrg 
I         26        545.96948        546.96316        545.96948      0.4815        drrr_15+rrri 
I         35        543.47177        545.96948        543.47177      0.5260        drrr_15+rrri 
I         37        543.12142        543.47177        543.12142      0.5600         drrr_15+rrg 
I         39        542.34904        543.12142        542.34904      0.5666         drrr_15+rrg 
I         43        537.30366        542.34904        537.30366      0.5888        drrr_15+rroi 
I         54        537.25465        537.30366        537.25465      0.6378         drrr_15+rrg 
I         66        536.95331        537.25465        536.95331      0.6802        drrr_15+rroi 
I         67        536.35980        536.95331        536.35980      0.6808        drrr_15+rrri 
I         86        535.43581        536.35980        535.43581      0.7266        drrr_15+rrri 
I        114        535.08546        535.43581        535.08546      0.7962         drrr_15+rrg 
I        118        527.39705        535.08546        527.39705      0.8050        drrr_15+rroi 
I        121        527.29317        527.39705        527.29317      0.8260         drrr_15+rrg 
I        137        524.46936        527.29317        524.46936      0.8961         drrr_15+rrg 
I        146        523.63049        524.46936        523.63049      0.9169        drrr_15+rrri 
I        191        522.68940        523.63049        522.68940      0.9910        drrr_15+rrri 
I        196        522.66623        522.68940        522.66623      1.0048         drrr_15+rrg 
I        284        522.64196        522.66623        522.64196      1.1476        drrr_15+rroi 
I        302        521.65389        522.64196        521.65389      1.1653        drrr_15+rroi 
I        330        521.55001        521.65389        521.55001      1.2204         drrr_15+rrg 
I        797        521.44996        521.55001        521.44996      1.8275        drrr_15+rrri 
I        870        520.53271        521.44996        520.53271      1.9370         drrr_15+rrg 
I       1412        518.79667        520.53271        518.79667      2.5678        drrr_15+rrri 
I       1491        517.56866        518.79667        517.56866      2.6513         drrr_15+rrg 
I       1493        516.52894        517.56866        516.52894      2.6534         drrr_15+rrg 
I       1527        515.61170        516.52894        515.61170      2.6790        drrr_15+rrri 
I       1615        513.15087        515.61170        513.15087      2.7580        drrr_15+rrri 
I       1629        512.80052        513.15087        512.80052      2.7738        drrr_15+rroi 
I      18474        511.49351        512.80052        511.49351     17.8307        drrr_15+rrri 
I      18598        509.55268        511.49351        509.55268     17.9398        drrr_15+rroi 
I      18609        509.44379        509.55268        509.44379     17.9477        drrr_15+rrri 
I      18633        509.23525        509.44379        509.23525     17.9762        drrr_15+rroi 
I      18634        509.23525        509.23525        509.23525     17.9768        drrr_15+rroi 
I      30000        509.23525        509.23525        511.38461     27.6082        drrr_15+rroi 

Method statistics
S  method    iter  succ  succ-rate%  tot-obj-gain  avg-obj-gain  rel-succ%  net-time  net-time%  brut-time  brut-time%
S  con          1     1   100.00000  -99445.39522  -99445.39522    1.23457   0.12269    0.44439    0.12269     0.44439
S  drrr_15  29999    40     0.13334     -93.36953      -0.00311   49.38272   0.74364    2.69353    0.74364     2.69353
S  rrg      10110    13     0.12859     -11.64489      -0.00115   16.04938  14.04198   50.86137   14.04198    50.86137
S  rroi      9970    11     0.11033     -23.63800      -0.00237   13.58025   6.03402   21.85577    6.03402    21.85577
S  rrri      9919    16     0.16131     -58.08664      -0.00586   19.75309   6.45235   23.37100    6.45235    23.37100
S  SUM/AVG  59999    81     0.13500  -99632.13428      -1.66056   20.00000  27.39467   99.22606   27.39467    99.22606

T best solution: EADARPSolution(t_routing=645.306, t_excess=101.023, obj_val=509.235, obj_val_valid=true,
    unserved_requests=Int64[], F_visited=[110, 106, 107, 105, 108, 109], S_visited=Int64[],
    (1, ([99, 3, 51, 9, 57, 38, 40, 88, 86, 33, 81, 30, 24, 78, 72, 37, 85, 47, 23, 71, 95, 21, 69, 111, 105], [54.297184132935286], [24]))
    (2, ([100, 28, 76, 44, 15, 63, 92, 16, 64, 27, 75, 13, 20, 61, 68, 45, 93, 10, 58, 111, 106], [23.252841193955735], [20]))
    (3, ([101, 34, 29, 82, 77, 26, 74, 42, 90, 4, 52, 107], Float64[], Int64[]))
    (4, ([102, 12, 60, 2, 50, 17, 65, 43, 91, 6, 22, 54, 70, 35, 83, 111, 108], [10.148705691676987], [16]))
    (5, ([103, 11, 59, 39, 87, 19, 67, 48, 96, 112, 41, 89, 32, 80, 7, 55, 109], [50.472048375150216], [10]))
    (6, ([104, 1, 5, 49, 53, 46, 94, 8, 56, 36, 31, 84, 25, 79, 73, 14, 62, 18, 66, 111, 110], [39.10178737361466], [20])))

T best obj: 509.235253079847
T best iteration: 18634
T total iterations: 30000
T best time [s]: 17.977
T total time [s]: 27.6083
