EADARP version e957-dirty
ARGS: ["--prepthreshold=0.500", "--only_single_s_visits=0", "--gamma=0.7", "--ifile=EADARP/instances/l1/a6-48.txt", "--odir=EADARP/out/l1-s0-g0.7", "--oname=a6-48_0.500_10"]
Settings:
--alns_gamma=0.025
--alns_segment_size=100
--alns_sigma1=10
--alns_sigma2=9
--alns_sigma3=3
--at_most_one_s=false
--gamma=0.7
--ifile=EADARP/instances/l1/a6-48.txt
--infeasible_arcs=EADARP/infeasible_arcs
--insert_charging_otf=true
--insert_cost_noise=0.014
--lns_init_temp_factor=0.0
--lns_temp_dec_factor=0.99
--log_all_sols_fname=
--mh_checkit=false
--mh_lfreq=0
--mh_lnewinc=true
--mh_tciter=-1
--mh_tctime=-1.0
--mh_titer=30000
--mh_tobj=-1.0
--mh_ttime=-1.0
--odir=EADARP/out/l1-s0-g0.7
--ofile=
--oname=a6-48_0.500_10
--only_single_s_visits=false
--prepthreshold=0.5
--repair_max_routes=0
--route_based_ops=0
--seed=431505440
--tightened_windows=EADARP/tightened_windows
--use_milp_in_otf=0
--xcheck_isfeasible=false

EADARPInstance(EADARP/instances/l1/a6-48.txt, n=48, n_K=6, S=[111, 112, 113], Q=14.85, n_F=6, γ=0.7, T_plan=480.0, F=[105, 106, 107, 108, 109, 110])

T preprocessing time [s]: 1.92747
I       iter             best          obj_old          obj_new        time              method info
I          1        574.39027     100048.00000        574.39027      0.1185                 con 
I          3        555.95076        574.39027        555.95076      0.1596        drrr_15+rrri 
I          5        555.50037        555.95076        555.50037      0.2460         drrr_15+rrg 
I         15        554.84894        555.50037        554.84894      0.3893         drrr_15+rrg 
I         24        554.67149        554.84894        554.67149      0.4672        drrr_15+rrri 
I         28        552.02499        554.67149        552.02499      0.4980        drrr_15+rrri 
I         30        549.88346        552.02499        549.88346      0.5103        drrr_15+rrri 
I         58        547.66365        549.88346        547.66365      0.8073        drrr_15+rrri 
I         76        547.54637        547.66365        547.54637      0.8809        drrr_15+rroi 
I        225        546.94306        547.54637        546.94306      1.2403         drrr_15+rrg 
I        229        546.29146        546.94306        546.29146      1.2600        drrr_15+rroi 
I        233        545.63664        546.29146        545.63664      1.2950         drrr_15+rrg 
I        239        545.10334        545.63664        545.10334      1.3172         drrr_15+rrg 
I        242        543.12521        545.10334        543.12521      1.3285         drrr_15+rrg 
I        243        542.43467        543.12521        542.43467      1.3358        drrr_15+rroi 
I        251        540.21769        542.43467        540.21769      1.3716        drrr_15+rrri 
I        253        537.94228        540.21769        537.94228      1.3806        drrr_15+rrri 
I        273        532.70562        537.94228        532.70562      1.4386        drrr_15+rroi 
I        277        532.60096        532.70562        532.60096      1.4500         drrr_15+rrg 
I        287        532.14673        532.60096        532.14673      1.4854         drrr_15+rrg 
I        587        530.24336        532.14673        530.24336      1.9681        drrr_15+rrri 
I        600        526.89128        530.24336        526.89128      2.0048         drrr_15+rrg 
I        602        526.68274        526.89128        526.68274      2.0088         drrr_15+rrg 
I       2337        525.78216        526.68274        525.78216      3.7647        drrr_15+rrri 
I       2346        524.68199        525.78216        524.68199      3.7740         drrr_15+rrg 
I       2355        523.21982        524.68199        523.21982      3.7816        drrr_15+rrri 
I       2365        523.06030        523.21982        523.06030      3.7889        drrr_15+rroi 
I       2380        522.70995        523.06030        522.70995      3.8033        drrr_15+rroi 
I       2441        517.66885        522.70995        517.66885      3.8593        drrr_15+rrri 
I       2480        517.54802        517.66885        517.54802      3.9059         drrr_15+rrg 
I       2489        511.91942        517.54802        511.91942      3.9158         drrr_15+rrg 
I      13872        511.65492        511.91942        511.65492     13.7655        drrr_15+rrri 
I      13957        511.16487        511.65492        511.16487     13.8520        drrr_15+rroi 
I      23502        510.35276        511.16487        510.35276     21.8216        drrr_15+rrri 
I      23507        510.00241        510.35276        510.00241     21.8289         drrr_15+rrg 
I      26305        508.77657        510.00241        508.77657     24.2240        drrr_15+rroi 
I      26328        508.21540        508.77657        508.21540     24.2451         drrr_15+rrg 
I      30000        508.21540        508.21540        508.51673     27.2656        drrr_15+rrri 

Method statistics
S  method    iter  succ  succ-rate%  tot-obj-gain  avg-obj-gain  rel-succ%  net-time  net-time%  brut-time  brut-time%
S  con          1     1   100.00000  -99473.60973  -99473.60973    1.36986   0.11838    0.43416    0.11838     0.43416
S  drrr_15  29999    36     0.12000     -66.17488      -0.00221   49.31507   0.72177    2.64718    0.72177     2.64718
S  rrg       9956    15     0.15066     -16.75201      -0.00168   20.54795  13.54557   49.68001   13.54557    49.68001
S  rroi     10030     8     0.07976      -8.92183      -0.00089   10.95890   6.11468   22.42631    6.11468    22.42631
S  rrri     10013    13     0.12983     -40.50105      -0.00404   17.80822   6.48078   23.76902    6.48078    23.76902
S  SUM/AVG  59999    73     0.12167  -99605.95948      -1.66013   20.00000  26.98117   98.95668   26.98117    98.95668

T best solution: EADARPSolution(t_routing=636.435, t_excess=123.557, obj_val=508.215, obj_val_valid=true,
    unserved_requests=Int64[], F_visited=[106, 105, 107, 110, 109, 108], S_visited=Int64[],
    (1, ([99, 3, 51, 9, 57, 38, 40, 88, 86, 33, 81, 4, 52, 111, 105], [0.35960985747155144], [14]))
    (2, ([100, 12, 60, 2, 50, 37, 85, 47, 23, 71, 95, 21, 69, 106], Float64[], Int64[]))
    (3, ([101, 28, 76, 44, 15, 63, 92, 8, 56, 36, 31, 84, 25, 79, 73, 14, 30, 78, 62, 18, 66, 111, 107], [41.5297583291493], [22]))
    (4, ([102, 34, 29, 82, 77, 26, 74, 42, 24, 90, 17, 65, 72, 43, 91, 6, 22, 54, 70, 35, 83, 111, 108], [44.377191003882324], [22]))
    (5, ([103, 11, 59, 39, 87, 19, 67, 48, 96, 112, 41, 89, 32, 80, 7, 55, 109], [50.472048375150216], [10]))
    (6, ([104, 1, 5, 49, 53, 46, 94, 16, 64, 27, 75, 13, 20, 61, 68, 45, 93, 10, 58, 111, 110], [24.75914644566156], [20])))

T best obj: 508.2153966221721
T best iteration: 26328
T total iterations: 30000
T best time [s]: 24.245
T total time [s]: 27.2656
