EADARP version 2def-dirty
ARGS: --ifile=EADARP/instances/l1/a6-48.txt --odir=EADARP/out/a6-48 --oname=run28
Settings:
--alns_gamma=0.025
--alns_segment_size=100
--alns_sigma1=10
--alns_sigma2=9
--alns_sigma3=3
--at_most_one_s=false
--gamma=-1.0
--ifile=EADARP/instances/l1/a6-48.txt
--insert_charging_otf=true
--insert_cost_noise=0.014
--lns_init_temp_factor=0.0
--lns_temp_dec_factor=0.99
--mh_checkit=false
--mh_lfreq=0
--mh_lnewinc=true
--mh_tciter=-1
--mh_tctime=-1.0
--mh_titer=300
--mh_tobj=-1.0
--mh_ttime=-1.0
--odir=EADARP/out/a6-48
--oname=run28
--only_single_s_visits=true
--repair_max_routes=0
--seed=942197657
--use_milp_in_otf=0
--xcheck_isfeasible=false

EADARPInstance(EADARP/instances/l1/a6-48.txt, n=48, n_K=6, S=[111, 112, 113], Q=14.85, n_F=6, γ=0.7, T_plan=480.0, F=[105, 106, 107, 108, 109, 110])

T preprocessing time [s]: 1.20596
I       iter             best          obj_old          obj_new        time              method info
I          1     100002.00000     100048.00000     100002.00000      0.1150                 con 
I          5     100001.00000     100002.00000     100001.00000      0.3519        drrr_15+rrri 
I         17        592.28068     100001.00000        592.28068      0.6959        drrr_15+rrri 
I         23        575.61122        592.28068        575.61122      0.8301        drrr_15+rrri 
I         47        564.90730        575.61122        564.90730      1.0366        drrr_15+rroi 
I         49        561.85761        564.90730        561.85761      1.0549         drrr_15+rrg 
I         58        554.96829        561.85761        554.96829      1.1279         drrr_15+rrg 
I         71        554.75870        554.96829        554.75870      1.2015        drrr_15+rrri 
I         95        552.37892        554.75870        552.37892      1.2823        drrr_15+rroi 
I        112        550.48518        552.37892        550.48518      1.3239         drrr_15+rrg 
I        124        550.47651        550.48518        550.47651      1.4205         drrr_15+rrg 
I        125        547.33722        550.47651        547.33722      1.4209         drrr_15+rrg 
I        136        537.75265        547.33722        537.75265      1.4479        drrr_15+rroi 
I        168        537.23962        537.75265        537.23962      1.5971        drrr_15+rrri 
I        300        537.23962        537.23962        549.02227      1.9451        drrr_15+rroi 

Method statistics
S  method    iter  succ  succ-rate%  tot-obj-gain  avg-obj-gain  rel-succ%  net-time  net-time%  brut-time  brut-time%
S  con          1     1   100.00000     -46.00000     -46.00000    3.70370   0.11499    5.91172    0.11499     5.91172
S  drrr_15    299    13     4.34783  -99464.76038    -332.65806   48.14815   0.00412    0.21199    0.00412     0.21199
S  rrg         88     5     5.68182     -14.98070      -0.17024   18.51852   0.71849   36.93757    0.71849    36.93757
S  rroi       109     3     2.75229     -22.66827      -0.20797   11.11111   0.62577   32.17127    0.62577    32.17127
S  rrri       102     5     4.90196  -99427.11141    -974.77560   18.51852   0.48018   24.68598    0.48018    24.68598
S  SUM/AVG    599    27     4.50751 -198975.52077    -332.17950   20.00000   1.94355   99.91853    1.94355    99.91853

T best solution: EADARPSolution(t_routing=662.615, t_excess=161.115, obj_val=537.24, obj_val_valid=true,
    unserved_requests=Int64[], F_visited=[110, 108, 107, 106, 109, 105], S_visited=[113, 112, 111],
    (1, ([99, 28, 76, 2, 50, 17, 65, 37, 85, 47, 23, 71, 95, 21, 69, 105], Float64[], Int64[]))
    (2, ([100, 11, 59, 39, 46, 87, 94, 42, 90, 30, 24, 78, 72, 41, 89, 32, 80, 113, 106], [50.99725048029683], [18]))
    (3, ([101, 1, 49, 22, 6, 54, 70, 35, 83, 107], Float64[], Int64[]))
    (4, ([102, 38, 40, 88, 86, 33, 81, 4, 52, 18, 66, 108], Float64[], Int64[]))
    (5, ([103, 3, 51, 9, 57, 12, 44, 60, 92, 16, 64, 19, 67, 48, 96, 112, 45, 93, 10, 7, 58, 55, 109], [94.54059984691787], [16]))
    (6, ([104, 34, 29, 82, 77, 26, 74, 5, 53, 15, 63, 8, 56, 36, 31, 84, 25, 79, 73, 14, 27, 43, 62, 91, 75, 13, 20, 61, 68, 111, 110], [80.1935771570691], [30])))

T best obj: 537.239617269988
T best iteration: 168
T total iterations: 300
T best time [s]: 1.597
T total time [s]: 1.9451
