EADARP version 2def-dirty
ARGS: --ifile=EADARP/instances/l1/a6-48.txt --odir=EADARP/out/a6-48 --oname=run20
Settings:
--alns_gamma=0.025
--alns_segment_size=100
--alns_sigma1=10
--alns_sigma2=9
--alns_sigma3=3
--at_most_one_s=false
--gamma=-1.0
--ifile=EADARP/instances/l1/a6-48.txt
--insert_charging_otf=true
--insert_cost_noise=0.014
--lns_init_temp_factor=0.0
--lns_temp_dec_factor=0.99
--mh_checkit=false
--mh_lfreq=0
--mh_lnewinc=true
--mh_tciter=-1
--mh_tctime=-1.0
--mh_titer=300
--mh_tobj=-1.0
--mh_ttime=-1.0
--odir=EADARP/out/a6-48
--oname=run20
--only_single_s_visits=true
--repair_max_routes=0
--seed=1729152639
--use_milp_in_otf=0
--xcheck_isfeasible=false

EADARPInstance(EADARP/instances/l1/a6-48.txt, n=48, n_K=6, S=[111, 112, 113], Q=14.85, n_F=6, γ=0.7, T_plan=480.0, F=[105, 106, 107, 108, 109, 110])

T preprocessing time [s]: 1.21229
I       iter             best          obj_old          obj_new        time              method info
I          1     100001.00000     100048.00000     100001.00000      0.1257                 con 
I         20        615.05464     100001.00000        615.05464      0.7634         drrr_15+rrg 
I         26        614.56217        615.05464        614.56217      0.8438         drrr_15+rrg 
I         57        613.71579        614.56217        613.71579      1.2041        drrr_15+rrri 
I         61        601.84879        613.71579        601.84879      1.2244        drrr_15+rrri 
I         65        590.34068        601.84879        590.34068      1.2859        drrr_15+rrri 
I         69        587.92728        590.34068        587.92728      1.3074        drrr_15+rroi 
I         97        587.67977        587.92728        587.67977      1.4704        drrr_15+rrri 
I        102        580.50279        587.67977        580.50279      1.5037         drrr_15+rrg 
I        105        576.47710        580.50279        576.47710      1.5125         drrr_15+rrg 
I        112        574.27527        576.47710        574.27527      1.5495         drrr_15+rrg 
I        144        573.09818        574.27527        573.09818      1.7617        drrr_15+rrri 
I        160        571.23385        573.09818        571.23385      1.8067        drrr_15+rrri 
I        178        571.11658        571.23385        571.11658      1.8724        drrr_15+rrri 
I        264        570.74407        571.11658        570.74407      2.0664        drrr_15+rrri 
I        288        569.67351        570.74407        569.67351      2.1233        drrr_15+rroi 
I        293        567.41395        569.67351        567.41395      2.1298         drrr_15+rrg 
I        294        559.15616        567.41395        559.15616      2.1300        drrr_15+rrri 
I        296        554.41821        559.15616        554.41821      2.1303        drrr_15+rroi 
I        299        553.75289        554.41821        553.75289      2.1346        drrr_15+rrri 
I        300        553.75289        553.75289        588.45951      2.1443        drrr_15+rrri 

Method statistics
S  method    iter  succ  succ-rate%  tot-obj-gain  avg-obj-gain  rel-succ%  net-time  net-time%  brut-time  brut-time%
S  con          1     1   100.00000     -47.00000     -47.00000    2.56410   0.12566    5.86023    0.12566     5.86023
S  drrr_15    299    19     6.35452  -99447.24711    -332.59949   48.71795   0.00611    0.28487    0.00611     0.28487
S  rrg        111     6     5.40541  -99402.10189    -895.51443   15.38462   0.74951   34.95397    0.74951    34.95397
S  rroi        78     3     3.84615      -8.22192      -0.10541    7.69231   0.45749   21.33518    0.45749    21.33518
S  rrri       110    10     9.09091     -36.92330      -0.33567   25.64103   0.80367   37.47962    0.80367    37.47962
S  SUM/AVG    599    39     6.51085 -198941.49422    -332.12269   20.00000   2.14244   99.91387    2.14244    99.91387

T best solution: EADARPSolution(t_routing=698.737, t_excess=118.801, obj_val=553.753, obj_val_valid=true,
    unserved_requests=Int64[], F_visited=[109, 107, 105, 108, 110, 106], S_visited=[113, 112, 111],
    (1, ([99, 34, 29, 82, 77, 5, 1, 49, 53, 46, 94, 8, 56, 36, 31, 84, 25, 79, 73, 14, 22, 62, 70, 35, 83, 111, 105], [79.96087755660248], [26]))
    (2, ([100, 11, 59, 33, 81, 30, 24, 78, 72, 37, 85, 4, 52, 106], Float64[], Int64[]))
    (3, ([101, 3, 51, 9, 57, 12, 60, 39, 87, 16, 64, 113, 47, 23, 71, 95, 45, 93, 10, 7, 58, 55, 107], [107.07500503202327], [12]))
    (4, ([102, 28, 76, 44, 15, 63, 92, 38, 40, 88, 86, 2, 50, 17, 65, 43, 91, 6, 54, 112, 18, 66, 108], [55.060432273618886], [20]))
    (5, ([103, 26, 74, 42, 90, 27, 75, 13, 20, 61, 68, 21, 69, 109], Float64[], Int64[]))
    (6, ([104, 19, 67, 48, 96, 41, 89, 32, 80, 110], Float64[], Int64[])))

T best obj: 553.7528886562495
T best iteration: 299
T total iterations: 300
T best time [s]: 2.135
T total time [s]: 2.1443
