EADARP version 585c-dirty
ARGS: --ifile=EADARP/instances/l1/a6-48.txt --infeasible_arcs=EADARP/infeasible_arcs --gamma=0.7 --only_single_s_visits=false --odir=EADARP/out/a6-48 --oname=run3
Settings:
--alns_gamma=0.025
--alns_segment_size=100
--alns_sigma1=10
--alns_sigma2=9
--alns_sigma3=3
--at_most_one_s=false
--gamma=0.7
--ifile=EADARP/instances/l1/a6-48.txt
--infeasible_arcs=EADARP/infeasible_arcs
--insert_charging_otf=true
--insert_cost_noise=0.014
--lns_init_temp_factor=0.0
--lns_temp_dec_factor=0.99
--mh_checkit=false
--mh_lfreq=0
--mh_lnewinc=true
--mh_tciter=-1
--mh_tctime=-1.0
--mh_titer=30000
--mh_tobj=-1.0
--mh_ttime=-1.0
--odir=EADARP/out/a6-48
--oname=run3
--only_single_s_visits=false
--repair_max_routes=0
--seed=789188592
--use_milp_in_otf=0
--xcheck_isfeasible=false

EADARPInstance(EADARP/instances/l1/a6-48.txt, n=48, n_K=6, S=[111, 112, 113], Q=14.85, n_F=6, γ=0.7, T_plan=480.0, F=[105, 106, 107, 108, 109, 110])

T preprocessing time [s]: 1.27491
I       iter             best          obj_old          obj_new        time              method info
I          1        591.82182     100048.00000        591.82182      0.0991                 con 
I          2        586.91396        591.82182        586.91396      0.1649        drrr_15+rrri 
I         12        575.65667        586.91396        575.65667      0.4286        drrr_15+rrri 
I         14        565.77106        575.65667        565.77106      0.4864        drrr_15+rroi 
I         15        554.66270        565.77106        554.66270      0.5072         drrr_15+rrg 
I         22        553.57034        554.66270        553.57034      0.6287         drrr_15+rrg 
I         23        552.71405        553.57034        552.71405      0.6631        drrr_15+rrri 
I         26        552.61843        552.71405        552.61843      0.7076        drrr_15+rroi 
I         27        547.52160        552.61843        547.52160      0.7184        drrr_15+rrri 
I         34        547.18701        547.52160        547.18701      0.7994        drrr_15+rrri 
I         36        545.92957        547.18701        545.92957      0.8303        drrr_15+rrri 
I         37        540.99170        545.92957        540.99170      0.8676         drrr_15+rrg 
I         44        540.71206        540.99170        540.71206      0.9785         drrr_15+rrg 
I         54        540.37747        540.71206        540.37747      1.1087        drrr_15+rrri 
I         61        533.48815        540.37747        533.48815      1.1432        drrr_15+rrri 
I         80        532.43339        533.48815        532.43339      1.2558        drrr_15+rroi 
I        109        527.86273        532.43339        527.86273      1.3843        drrr_15+rrri 
I        120        527.60756        527.86273        527.60756      1.4617        drrr_15+rrri 
I        124        526.11185        527.60756        526.11185      1.4865         drrr_15+rrg 
I        133        525.05240        526.11185        525.05240      1.5554        drrr_15+rroi 
I        182        524.87180        525.05240        524.87180      1.6974        drrr_15+rrri 
I        207        522.54847        524.87180        522.54847      1.7615        drrr_15+rroi 
I        672        521.75917        522.54847        521.75917      2.5320        drrr_15+rrri 
I      17057        521.17783        521.75917        521.17783      9.7698        drrr_15+rrri 
I      17081        520.73271        521.17783        520.73271      9.7930        drrr_15+rrri 
I      17108        520.23718        520.73271        520.23718      9.8281        drrr_15+rroi 
I      17122        520.16060        520.23718        520.16060      9.8470        drrr_15+rroi 
I      21690        519.98137        520.16060        519.98137     11.9834        drrr_15+rroi 
I      21846        519.33729        519.98137        519.33729     12.2101        drrr_15+rroi 
I      21850        516.25806        519.33729        516.25806     12.2146        drrr_15+rrri 
I      21857        515.21807        516.25806        515.21807     12.2439        drrr_15+rrri 
I      21859        515.07625        515.21807        515.07625     12.2461         drrr_15+rrg 
I      21860        514.86772        515.07625        514.86772     12.2464        drrr_15+rroi 
I      23094        514.64873        514.86772        514.64873     13.0279        drrr_15+rroi 
I      23095        513.75674        514.64873        513.75674     13.0284         drrr_15+rrg 
I      24744        513.51529        513.75674        513.51529     13.6832        drrr_15+rroi 
I      25065        512.90097        513.51529        512.90097     13.7959        drrr_15+rrri 
I      26136        511.56402        512.90097        511.56402     14.1726         drrr_15+rrg 
I      30000        511.56402        511.56402        522.63639     15.5677        drrr_15+rrri 

Method statistics
S  method    iter  succ  succ-rate%  tot-obj-gain  avg-obj-gain  rel-succ%  net-time  net-time%  brut-time  brut-time%
S  con          1     1   100.00000  -99456.17818  -99456.17818    1.33333   0.09911    0.63662    0.09911     0.63662
S  drrr_15  29999    37     0.12334     -80.25780      -0.00268   49.33333   0.22633    1.45383    0.22633     1.45383
S  rrg      10130     8     0.07897     -21.28470      -0.00210   10.66667   6.19233   39.77673    6.19233    39.77673
S  rroi     10046    12     0.11945     -16.48316      -0.00164   16.00000   4.05440   26.04363    4.05440    26.04363
S  rrri      9823    17     0.17306     -42.48994      -0.00433   22.66667   4.91754   31.58803    4.91754    31.58803
S  SUM/AVG  59999    75     0.12500  -99616.69378      -1.66031   20.00000  15.48971   99.49884   15.48971    99.49884

T best solution: EADARPSolution(t_routing=648.411, t_excess=101.023, obj_val=511.564, obj_val_valid=true,
    unserved_requests=Int64[], F_visited=[106, 108, 110, 109, 107, 105], S_visited=Int64[],
    (1, ([99, 28, 76, 44, 15, 63, 92, 8, 56, 36, 31, 84, 25, 79, 73, 14, 62, 41, 89, 32, 80, 111, 105], [55.24339244609965], [22]))
    (2, ([100, 46, 94, 42, 90, 27, 75, 13, 20, 61, 68, 45, 93, 10, 58, 111, 106], [10.879874774894398], [16]))
    (3, ([101, 1, 5, 49, 53, 11, 59, 39, 87, 19, 67, 48, 96, 6, 22, 54, 70, 35, 83, 4, 52, 111, 107], [48.27952648138684], [22]))
    (4, ([102, 34, 29, 82, 77, 26, 74, 16, 64, 7, 55, 111, 108], [1.958816191512789], [12]))
    (5, ([103, 12, 60, 2, 50, 17, 65, 37, 85, 47, 23, 71, 95, 21, 69, 109], Float64[], Int64[]))
    (6, ([104, 3, 51, 9, 57, 38, 40, 88, 86, 33, 81, 30, 24, 78, 72, 43, 91, 18, 66, 111, 110], [48.124043288059454], [20])))

T best obj: 511.56401911117223
T best iteration: 26136
T total iterations: 30000
T best time [s]: 14.173
T total time [s]: 15.5677
