EADARP version 585c-dirty
ARGS: --ifile=EADARP/instances/l1/a6-48.txt --infeasible_arcs=EADARP/infeasible_arcs --gamma=0.7 --only_single_s_visits=false --odir=EADARP/out/a6-48 --oname=run54
Settings:
--alns_gamma=0.025
--alns_segment_size=100
--alns_sigma1=10
--alns_sigma2=9
--alns_sigma3=3
--at_most_one_s=false
--gamma=0.7
--ifile=EADARP/instances/l1/a6-48.txt
--infeasible_arcs=EADARP/infeasible_arcs
--insert_charging_otf=true
--insert_cost_noise=0.014
--lns_init_temp_factor=0.0
--lns_temp_dec_factor=0.99
--mh_checkit=false
--mh_lfreq=0
--mh_lnewinc=true
--mh_tciter=-1
--mh_tctime=-1.0
--mh_titer=30000
--mh_tobj=-1.0
--mh_ttime=-1.0
--odir=EADARP/out/a6-48
--oname=run54
--only_single_s_visits=false
--repair_max_routes=0
--seed=2083597556
--use_milp_in_otf=0
--xcheck_isfeasible=false

EADARPInstance(EADARP/instances/l1/a6-48.txt, n=48, n_K=6, S=[111, 112, 113], Q=14.85, n_F=6, γ=0.7, T_plan=480.0, F=[105, 106, 107, 108, 109, 110])

T preprocessing time [s]: 1.24913
I       iter             best          obj_old          obj_new        time              method info
I          1        581.00118     100048.00000        581.00118      0.1056                 con 
I          2        577.47872        581.00118        577.47872      0.1579        drrr_15+rrri 
I          3        561.49236        577.47872        561.49236      0.1992         drrr_15+rrg 
I          4        558.18073        561.49236        558.18073      0.2395        drrr_15+rrri 
I          6        553.85507        558.18073        553.85507      0.3316        drrr_15+rrri 
I          8        552.99188        553.85507        552.99188      0.4102        drrr_15+rrri 
I         21        546.24073        552.99188        546.24073      0.6475        drrr_15+rrri 
I         35        543.07967        546.24073        543.07967      0.7769         drrr_15+rrg 
I         42        541.23052        543.07967        541.23052      0.8633        drrr_15+rroi 
I         49        541.13068        541.23052        541.13068      0.9376        drrr_15+rrri 
I         56        541.01341        541.13068        541.01341      0.9897         drrr_15+rrg 
I         77        539.62285        541.01341        539.62285      1.0795         drrr_15+rrg 
I         79        539.22481        539.62285        539.22481      1.1038         drrr_15+rrg 
I         82        534.39979        539.22481        534.39979      1.1198        drrr_15+rrri 
I        118        533.21807        534.39979        533.21807      1.2593        drrr_15+rrri 
I        125        533.12329        533.21807        533.12329      1.3044        drrr_15+rrri 
I        127        532.77294        533.12329        532.77294      1.3083         drrr_15+rrg 
I        135        532.56441        532.77294        532.56441      1.3358        drrr_15+rrri 
I        238        530.10280        532.56441        530.10280      1.5302         drrr_15+rrg 
I        279        528.62405        530.10280        528.62405      1.5745        drrr_15+rrri 
I        284        527.26327        528.62405        527.26327      1.5823        drrr_15+rrri 
I        392        527.18988        527.26327        527.18988      1.8175         drrr_15+rrg 
I        555        523.25178        527.18988        523.25178      2.0069        drrr_15+rroi 
I        557        523.04325        523.25178        523.04325      2.0294         drrr_15+rrg 
I        559        521.64871        523.04325        521.64871      2.0300        drrr_15+rroi 
I        599        521.34738        521.64871        521.34738      2.0891        drrr_15+rrri 
I        634        520.94523        521.34738        520.94523      2.1650        drrr_15+rroi 
I        639        520.21119        520.94523        520.21119      2.1665        drrr_15+rrri 
I        855        512.51391        520.21119        512.51391      2.4698         drrr_15+rrg 
I        857        512.30537        512.51391        512.30537      2.4722         drrr_15+rrg 
I       6926        509.12746        512.30537        509.12746      5.5696        drrr_15+rrri 
I      30000        509.12746        509.12746        509.12746     13.9746        drrr_15+rrri 

Method statistics
S  method    iter  succ  succ-rate%  tot-obj-gain  avg-obj-gain  rel-succ%  net-time  net-time%  brut-time  brut-time%
S  con          1     1   100.00000  -99466.99882  -99466.99882    1.63934   0.10562    0.75577    0.10562     0.75577
S  drrr_15  29999    30     0.10000     -71.87371      -0.00240   49.18033   0.21544    1.54163    0.21544     1.54163
S  rrg       9998    11     0.11002     -32.05299      -0.00321   18.03279   5.41195   38.72694    5.41195    38.72694
S  rroi      9953     4     0.04019      -7.58393      -0.00076    6.55738   3.20700   22.94871    3.20700    22.94871
S  rrri     10048    15     0.14928     -32.23679      -0.00321   24.59016   4.97790   35.62095    4.97790    35.62095
S  SUM/AVG  59999    61     0.10167  -99610.74625      -1.66021   20.00000  13.91790   99.59400   13.91790    99.59400

T best solution: EADARPSolution(t_routing=645.162, t_excess=101.023, obj_val=509.127, obj_val_valid=true,
    unserved_requests=Int64[], F_visited=[109, 110, 108, 105, 107, 106], S_visited=Int64[],
    (1, ([99, 28, 76, 44, 15, 63, 92, 8, 56, 36, 31, 84, 25, 79, 73, 14, 62, 18, 66, 111, 105], [36.08036863204421], [20]))
    (2, ([100, 11, 59, 39, 87, 19, 67, 48, 96, 112, 41, 89, 32, 80, 7, 55, 106], [50.472048375150216], [10]))
    (3, ([101, 12, 60, 2, 50, 17, 65, 37, 85, 47, 23, 71, 95, 21, 69, 107], Float64[], Int64[]))
    (4, ([102, 3, 51, 9, 57, 38, 40, 88, 86, 33, 81, 30, 24, 78, 72, 43, 91, 6, 22, 54, 70, 35, 83, 111, 108], [67.89199035097344], [24]))
    (5, ([103, 1, 5, 49, 53, 46, 94, 16, 64, 27, 75, 13, 20, 61, 68, 45, 93, 10, 58, 111, 109], [24.75914644566156], [20]))
    (6, ([104, 34, 29, 82, 77, 26, 74, 42, 90, 4, 52, 110], Float64[], Int64[])))

T best obj: 509.12746424434874
T best iteration: 6926
T total iterations: 30000
T best time [s]: 5.570
T total time [s]: 13.9746
