EADARP version 585c-dirty
ARGS: --ifile=EADARP/instances/l1/a6-48.txt --infeasible_arcs=EADARP/infeasible_arcs --gamma=0.7 --only_single_s_visits=false --odir=EADARP/out/a6-48 --oname=run51
Settings:
--alns_gamma=0.025
--alns_segment_size=100
--alns_sigma1=10
--alns_sigma2=9
--alns_sigma3=3
--at_most_one_s=false
--gamma=0.7
--ifile=EADARP/instances/l1/a6-48.txt
--infeasible_arcs=EADARP/infeasible_arcs
--insert_charging_otf=true
--insert_cost_noise=0.014
--lns_init_temp_factor=0.0
--lns_temp_dec_factor=0.99
--mh_checkit=false
--mh_lfreq=0
--mh_lnewinc=true
--mh_tciter=-1
--mh_tctime=-1.0
--mh_titer=30000
--mh_tobj=-1.0
--mh_ttime=-1.0
--odir=EADARP/out/a6-48
--oname=run51
--only_single_s_visits=false
--repair_max_routes=0
--seed=986004274
--use_milp_in_otf=0
--xcheck_isfeasible=false

EADARPInstance(EADARP/instances/l1/a6-48.txt, n=48, n_K=6, S=[111, 112, 113], Q=14.85, n_F=6, γ=0.7, T_plan=480.0, F=[105, 106, 107, 108, 109, 110])

T preprocessing time [s]: 1.19917
I       iter             best          obj_old          obj_new        time              method info
I          1        583.04187     100048.00000        583.04187      0.1288                 con 
I          2        576.79603        583.04187        576.79603      0.1732        drrr_15+rroi 
I          5        566.65343        576.79603        566.65343      0.3223        drrr_15+rrri 
I          7        565.63485        566.65343        565.63485      0.3995         drrr_15+rrg 
I          8        562.22040        565.63485        562.22040      0.4345        drrr_15+rrri 
I         12        558.99676        562.22040        558.99676      0.5675        drrr_15+rroi 
I         14        557.88207        558.99676        557.88207      0.6168         drrr_15+rrg 
I         15        554.27889        557.88207        554.27889      0.6260        drrr_15+rrri 
I         16        547.81327        554.27889        547.81327      0.6310        drrr_15+rrri 
I         30        546.83959        547.81327        546.83959      0.8041        drrr_15+rrri 
I         49        543.91645        546.83959        543.91645      0.9554         drrr_15+rrg 
I         56        543.88621        543.91645        543.88621      1.0255        drrr_15+rroi 
I         64        541.63846        543.88621        541.63846      1.0519        drrr_15+rroi 
I         66        541.46891        541.63846        541.46891      1.0591         drrr_15+rrg 
I         70        541.27985        541.46891        541.27985      1.0966        drrr_15+rrri 
I         75        539.01044        541.27985        539.01044      1.1515        drrr_15+rroi 
I         76        538.72533        539.01044        538.72533      1.1594         drrr_15+rrg 
I         78        534.71351        538.72533        534.71351      1.1807         drrr_15+rrg 
I        248        531.92150        534.71351        531.92150      1.6966         drrr_15+rrg 
I        249        529.11097        531.92150        529.11097      1.7013        drrr_15+rrri 
I        250        528.13737        529.11097        528.13737      1.7015        drrr_15+rrri 
I        268        527.65194        528.13737        527.65194      1.7529        drrr_15+rrri 
I        278        527.32794        527.65194        527.32794      1.7922         drrr_15+rrg 
I        279        525.78966        527.32794        525.78966      1.7924        drrr_15+rroi 
I        287        524.56851        525.78966        524.56851      1.8156        drrr_15+rrri 
I        288        521.18421        524.56851        521.18421      1.8282        drrr_15+rrri 
I        293        520.22930        521.18421        520.22930      1.8480         drrr_15+rrg 
I        308        519.87895        520.22930        519.87895      1.9208        drrr_15+rrri 
I        354        518.89289        519.87895        518.89289      2.0301         drrr_15+rrg 
I        371        518.83688        518.89289        518.83688      2.0598         drrr_15+rrg 
I       2133        518.42535        518.83688        518.42535      3.3526        drrr_15+rroi 
I       2143        518.41549        518.42535        518.41549      3.3663         drrr_15+rrg 
I       2150        517.65622        518.41549        517.65622      3.3740        drrr_15+rroi 
I       2156        517.43783        517.65622        517.43783      3.3757        drrr_15+rroi 
I       2196        515.98145        517.43783        515.98145      3.4073        drrr_15+rrri 
I       2199        514.77349        515.98145        514.77349      3.4104         drrr_15+rrg 
I       2204        513.30357        514.77349        513.30357      3.4171         drrr_15+rrg 
I       2208        512.74239        513.30357        512.74239      3.4182        drrr_15+rroi 
I       2252        511.85406        512.74239        511.85406      3.4459        drrr_15+rroi 
I       2253        510.83838        511.85406        510.83838      3.4461        drrr_15+rroi 
I       2856        510.00389        510.83838        510.00389      3.8604         drrr_15+rrg 
I      10777        509.21459        510.00389        509.21459      7.0556        drrr_15+rroi 
I      30000        509.21459        509.21459        536.51904     13.4981        drrr_15+rroi 

Method statistics
S  method    iter  succ  succ-rate%  tot-obj-gain  avg-obj-gain  rel-succ%  net-time  net-time%  brut-time  brut-time%
S  con          1     1   100.00000  -99464.95813  -99464.95813    1.20482   0.12876    0.95395    0.12876     0.95395
S  drrr_15  29999    41     0.13667     -73.82728      -0.00246   49.39759   0.21373    1.58339    0.21373     1.58339
S  rrg      10076    15     0.14887     -18.15812      -0.00180   18.07229   5.79497   42.93178    5.79497    42.93178
S  rroi      9833    13     0.13221     -20.19882      -0.00205   15.66265   3.01639   22.34682    3.01639    22.34682
S  rrri     10090    13     0.12884     -35.47033      -0.00352   15.66265   4.28853   31.77136    4.28853    31.77136
S  SUM/AVG  59999    83     0.13834  -99612.61269      -1.66024   20.00000  13.44238   99.58730   13.44238    99.58730

T best solution: EADARPSolution(t_routing=629.787, t_excess=147.498, obj_val=509.215, obj_val_valid=true,
    unserved_requests=Int64[], F_visited=[105, 107, 110, 109, 106, 108], S_visited=Int64[],
    (1, ([99, 11, 39, 59, 87, 19, 67, 48, 96, 112, 41, 89, 32, 80, 7, 10, 58, 55, 105], [53.158253086011], [10]))
    (2, ([100, 12, 60, 2, 50, 37, 85, 47, 23, 71, 95, 21, 69, 106], Float64[], Int64[]))
    (3, ([101, 34, 29, 82, 77, 26, 74, 42, 24, 90, 17, 65, 72, 43, 91, 6, 22, 54, 70, 35, 83, 111, 107], [44.377191003882324], [22]))
    (4, ([102, 1, 5, 49, 53, 46, 94, 16, 64, 14, 30, 78, 62, 18, 66, 111, 108], [18.91640683545836], [16]))
    (5, ([103, 3, 51, 9, 57, 38, 40, 88, 86, 33, 81, 4, 52, 111, 109], [0.35960985747155144], [14]))
    (6, ([104, 28, 76, 44, 15, 63, 92, 8, 56, 36, 31, 84, 25, 79, 73, 27, 75, 13, 20, 61, 68, 45, 93, 111, 110], [38.038253095211125], [24])))

T best obj: 509.2145863235633
T best iteration: 10777
T total iterations: 30000
T best time [s]: 7.056
T total time [s]: 13.4981
