EADARP version 2def-dirty
ARGS: --ifile=EADARP/instances/l1/a6-48.txt --odir=EADARP/out/a6-48 --oname=run67
Settings:
--alns_gamma=0.025
--alns_segment_size=100
--alns_sigma1=10
--alns_sigma2=9
--alns_sigma3=3
--at_most_one_s=false
--gamma=-1.0
--ifile=EADARP/instances/l1/a6-48.txt
--insert_charging_otf=true
--insert_cost_noise=0.014
--lns_init_temp_factor=0.0
--lns_temp_dec_factor=0.99
--mh_checkit=false
--mh_lfreq=0
--mh_lnewinc=true
--mh_tciter=-1
--mh_tctime=-1.0
--mh_titer=300
--mh_tobj=-1.0
--mh_ttime=-1.0
--odir=EADARP/out/a6-48
--oname=run67
--only_single_s_visits=true
--repair_max_routes=0
--seed=1353803569
--use_milp_in_otf=0
--xcheck_isfeasible=false

EADARPInstance(EADARP/instances/l1/a6-48.txt, n=48, n_K=6, S=[111, 112, 113], Q=14.85, n_F=6, γ=0.7, T_plan=480.0, F=[105, 106, 107, 108, 109, 110])

T preprocessing time [s]: 1.20717
I       iter             best          obj_old          obj_new        time              method info
I          1     100001.00000     100048.00000     100001.00000      0.1372                 con 
I        146        597.89175     100001.00000        597.89175      1.9858        drrr_15+rroi 
I        149        590.40094        597.89175        590.40094      1.9952        drrr_15+rroi 
I        159        590.30957        590.40094        590.30957      2.0371        drrr_15+rrri 
I        163        586.37087        590.30957        586.37087      2.0529        drrr_15+rroi 
I        173        575.38693        586.37087        575.38693      2.0782        drrr_15+rroi 
I        179        571.90679        575.38693        571.90679      2.0937        drrr_15+rroi 
I        184        570.90251        571.90679        570.90251      2.1032         drrr_15+rrg 
I        189        570.79390        570.90251        570.79390      2.1362         drrr_15+rrg 
I        190        567.84574        570.79390        567.84574      2.1363        drrr_15+rrri 
I        199        566.97699        567.84574        566.97699      2.1572        drrr_15+rroi 
I        209        566.85971        566.97699        566.85971      2.1737         drrr_15+rrg 
I        300        566.85971        566.85971        566.97699      2.3583        drrr_15+rrri 

Method statistics
S  method    iter  succ  succ-rate%  tot-obj-gain  avg-obj-gain  rel-succ%  net-time  net-time%  brut-time  brut-time%
S  con          1     1   100.00000     -47.00000     -47.00000    4.34783   0.13722    5.81867    0.13722     5.81867
S  drrr_15    299    11     3.67893  -99434.14029    -332.55565   47.82609   0.01205    0.51113    0.01205     0.51113
S  rrg        103     3     2.91262      -1.23016      -0.01194   13.04348   0.82559   35.00795    0.82559    35.00795
S  rroi       104     6     5.76923  -99429.87059    -956.05645   26.08696   0.69900   29.64027    0.69900    29.64027
S  rrri        92     2     2.17391      -3.03953      -0.03304    8.69565   0.68286   28.95577    0.68286    28.95577
S  SUM/AVG    599    23     3.83973 -198915.28057    -332.07893   20.00000   2.35673   99.93379    2.35673    99.93379

T best solution: EADARPSolution(t_routing=712.218, t_excess=130.785, obj_val=566.86, obj_val_valid=true,
    unserved_requests=Int64[], F_visited=[108, 106, 105, 107, 110, 109], S_visited=[112, 113, 111],
    (1, ([99, 11, 59, 33, 81, 30, 24, 78, 72, 43, 91, 18, 66, 45, 93, 105], Float64[], Int64[]))
    (2, ([100, 28, 76, 15, 63, 36, 31, 84, 79, 27, 75, 10, 58, 106], Float64[], Int64[]))
    (3, ([101, 12, 44, 60, 92, 46, 94, 42, 25, 90, 73, 14, 62, 111, 32, 80, 7, 55, 107], [95.22908985411135], [14]))
    (4, ([102, 34, 29, 82, 77, 26, 74, 5, 53, 39, 87, 38, 40, 88, 86, 112, 22, 70, 35, 83, 47, 23, 71, 95, 21, 69, 108], [82.4290605445764], [16]))
    (5, ([103, 1, 49, 8, 56, 2, 50, 17, 65, 37, 85, 4, 52, 109], Float64[], Int64[]))
    (6, ([104, 3, 51, 9, 57, 16, 64, 19, 67, 48, 6, 96, 54, 41, 89, 13, 20, 61, 68, 113, 110], [74.61468773967839], [20])))

T best obj: 566.8597136011572
T best iteration: 209
T total iterations: 300
T best time [s]: 2.174
T total time [s]: 2.3583
