EADARP version 2def-dirty
ARGS: --ifile=EADARP/instances/l1/a6-48.txt --odir=EADARP/out/a6-48 --oname=run63
Settings:
--alns_gamma=0.025
--alns_segment_size=100
--alns_sigma1=10
--alns_sigma2=9
--alns_sigma3=3
--at_most_one_s=false
--gamma=-1.0
--ifile=EADARP/instances/l1/a6-48.txt
--insert_charging_otf=true
--insert_cost_noise=0.014
--lns_init_temp_factor=0.0
--lns_temp_dec_factor=0.99
--mh_checkit=false
--mh_lfreq=0
--mh_lnewinc=true
--mh_tciter=-1
--mh_tctime=-1.0
--mh_titer=300
--mh_tobj=-1.0
--mh_ttime=-1.0
--odir=EADARP/out/a6-48
--oname=run63
--only_single_s_visits=true
--repair_max_routes=0
--seed=762852384
--use_milp_in_otf=0
--xcheck_isfeasible=false

EADARPInstance(EADARP/instances/l1/a6-48.txt, n=48, n_K=6, S=[111, 112, 113], Q=14.85, n_F=6, γ=0.7, T_plan=480.0, F=[105, 106, 107, 108, 109, 110])

T preprocessing time [s]: 1.2088
I       iter             best          obj_old          obj_new        time              method info
I          1     100001.00000     100048.00000     100001.00000      0.1459                 con 
I        141        584.85208     100001.00000        584.85208      2.7732        drrr_15+rrri 
I        142        584.64355        584.85208        584.64355      2.7823         drrr_15+rrg 
I        150        582.85648        584.64355        582.85648      2.8215        drrr_15+rroi 
I        158        579.41814        582.85648        579.41814      2.8595         drrr_15+rrg 
I        179        578.66573        579.41814        578.66573      2.9922        drrr_15+rroi 
I        180        576.89705        578.66573        576.89705      2.9974        drrr_15+rroi 
I        189        576.50154        576.89705        576.50154      3.0826        drrr_15+rroi 
I        194        575.24504        576.50154        575.24504      3.1153        drrr_15+rroi 
I        222        575.08347        575.24504        575.08347      3.2668        drrr_15+rroi 
I        233        574.60263        575.08347        574.60263      3.2964        drrr_15+rroi 
I        238        574.31925        574.60263        574.31925      3.3110         drrr_15+rrg 
I        248        573.43894        574.31925        573.43894      3.3352        drrr_15+rroi 
I        250        573.13760        573.43894        573.13760      3.3358         drrr_15+rrg 
I        271        569.22215        573.13760        569.22215      3.3714        drrr_15+rroi 
I        272        554.88626        569.22215        554.88626      3.3715        drrr_15+rrri 
I        300        554.88626        554.88626     100002.00000      3.4271         drrr_15+rrg 

Method statistics
S  method    iter  succ  succ-rate%  tot-obj-gain  avg-obj-gain  rel-succ%  net-time  net-time%  brut-time  brut-time%
S  con          1     1   100.00000     -47.00000     -47.00000    3.22581   0.14587    4.25631    0.14587     4.25631
S  drrr_15    299    15     5.01672  -99446.11374    -332.59570   48.38710   0.00361    0.10522    0.00361     0.10522
S  rrg         98     4     4.08163      -4.23158      -0.04318   12.90323   1.31939   38.49878    1.31939    38.49878
S  rroi        96     9     9.37500     -11.39836      -0.11873   29.03226   0.79382   23.16305    0.79382    23.16305
S  rrri       105     2     1.90476  -99430.48381    -946.95699    6.45161   1.16261   33.92407    1.16261    33.92407
S  SUM/AVG    599    31     5.17529 -198939.22749    -332.11891   20.00000   3.42530   99.94743    3.42530    99.94743

T best solution: EADARPSolution(t_routing=698.736, t_excess=123.337, obj_val=554.886, obj_val_valid=true,
    unserved_requests=Int64[], F_visited=[105, 108, 107, 109, 106, 110], S_visited=[112, 111, 113],
    (1, ([99, 3, 51, 9, 57, 39, 87, 113, 27, 75, 13, 20, 61, 68, 32, 80, 105], [75.33452278269512], [8]))
    (2, ([100, 34, 29, 82, 77, 5, 1, 49, 53, 12, 60, 8, 56, 2, 50, 17, 65, 41, 89, 112, 45, 93, 10, 7, 58, 55, 106], [90.16036255493846], [20]))
    (3, ([101, 26, 74, 42, 90, 4, 52, 18, 66, 107], Float64[], Int64[]))
    (4, ([102, 28, 76, 44, 15, 63, 92, 38, 40, 88, 86, 36, 31, 84, 25, 79, 73, 14, 43, 62, 91, 6, 22, 54, 70, 35, 83, 111, 108], [76.05080084835967], [28]))
    (5, ([103, 11, 59, 33, 81, 30, 24, 78, 72, 37, 85, 47, 23, 71, 95, 21, 69, 109], Float64[], Int64[]))
    (6, ([104, 46, 94, 16, 64, 19, 67, 48, 96, 110], Float64[], Int64[])))

T best obj: 554.8862557200579
T best iteration: 272
T total iterations: 300
T best time [s]: 3.372
T total time [s]: 3.4271
