EADARP version 2def-dirty
ARGS: --ifile=EADARP/instances/l1/a6-48.txt --odir=EADARP/out/a6-48 --oname=run74
Settings:
--alns_gamma=0.025
--alns_segment_size=100
--alns_sigma1=10
--alns_sigma2=9
--alns_sigma3=3
--at_most_one_s=false
--gamma=-1.0
--ifile=EADARP/instances/l1/a6-48.txt
--insert_charging_otf=true
--insert_cost_noise=0.014
--lns_init_temp_factor=0.0
--lns_temp_dec_factor=0.99
--mh_checkit=false
--mh_lfreq=0
--mh_lnewinc=true
--mh_tciter=-1
--mh_tctime=-1.0
--mh_titer=300
--mh_tobj=-1.0
--mh_ttime=-1.0
--odir=EADARP/out/a6-48
--oname=run74
--only_single_s_visits=true
--repair_max_routes=0
--seed=714850173
--use_milp_in_otf=0
--xcheck_isfeasible=false

EADARPInstance(EADARP/instances/l1/a6-48.txt, n=48, n_K=6, S=[111, 112, 113], Q=14.85, n_F=6, γ=0.7, T_plan=480.0, F=[105, 106, 107, 108, 109, 110])

T preprocessing time [s]: 1.22086
I       iter             best          obj_old          obj_new        time              method info
I          1     100001.00000     100048.00000     100001.00000      0.1393                 con 
I         13        613.02714     100001.00000        613.02714      0.6207        drrr_15+rrri 
I         20        609.34902        613.02714        609.34902      0.7772         drrr_15+rrg 
I         23        605.81313        609.34902        605.81313      0.8182         drrr_15+rrg 
I         25        604.73073        605.81313        604.73073      0.8608        drrr_15+rroi 
I         48        596.86025        604.73073        596.86025      1.0867        drrr_15+rrri 
I         55        593.18411        596.86025        593.18411      1.1351        drrr_15+rrri 
I         58        588.80834        593.18411        588.80834      1.1721        drrr_15+rrri 
I         74        587.25589        588.80834        587.25589      1.2943        drrr_15+rrri 
I         76        586.91727        587.25589        586.91727      1.3172         drrr_15+rrg 
I         81        580.58532        586.91727        580.58532      1.3482        drrr_15+rrri 
I         98        576.30918        580.58532        576.30918      1.4569         drrr_15+rrg 
I        105        575.79538        576.30918        575.79538      1.4834         drrr_15+rrg 
I        106        574.39151        575.79538        574.39151      1.4949         drrr_15+rrg 
I        117        574.04116        574.39151        574.04116      1.6018        drrr_15+rroi 
I        124        569.91290        574.04116        569.91290      1.6784        drrr_15+rroi 
I        128        569.80954        569.91290        569.80954      1.7244        drrr_15+rroi 
I        160        569.69673        569.80954        569.69673      1.7936        drrr_15+rroi 
I        167        565.17823        569.69673        565.17823      1.8387        drrr_15+rroi 
I        235        564.10406        565.17823        564.10406      2.0328        drrr_15+rrri 
I        246        555.62207        564.10406        555.62207      2.0534         drrr_15+rrg 
I        253        555.15687        555.62207        555.15687      2.0703         drrr_15+rrg 
I        259        552.42819        555.15687        552.42819      2.0916        drrr_15+rroi 
I        276        552.34298        552.42819        552.34298      2.1190         drrr_15+rrg 
I        300        552.34298        552.34298     100001.00000      2.1601        drrr_15+rrri 

Method statistics
S  method    iter  succ  succ-rate%  tot-obj-gain  avg-obj-gain  rel-succ%  net-time  net-time%  brut-time  brut-time%
S  con          1     1   100.00000     -47.00000     -47.00000    2.12766   0.13931    6.44922    0.13931     6.44922
S  drrr_15    299    23     7.69231  -99448.65702    -332.60420   48.93617   0.00331    0.15345    0.00331     0.15345
S  rrg        100     9     9.00000     -22.77884      -0.22779   19.14894   0.98236   45.47759    0.98236    45.47759
S  rroi       100     7     7.00000     -13.02435      -0.13024   14.89362   0.55841   25.85137    0.55841    25.85137
S  rrri        99     7     7.07071  -99412.85383   -1004.17024   14.89362   0.47478   21.97962    0.47478    21.97962
S  SUM/AVG    599    47     7.84641 -198944.31405    -332.12740   20.00000   2.15817   99.91126    2.15817    99.91126

T best solution: EADARPSolution(t_routing=685.86, t_excess=151.791, obj_val=552.343, obj_val_valid=true,
    unserved_requests=Int64[], F_visited=[107, 109, 106, 105, 110, 108], S_visited=[112, 113, 111],
    (1, ([99, 3, 51, 9, 57, 12, 60, 39, 87, 19, 36, 31, 67, 84, 25, 79, 73, 14, 27, 62, 75, 13, 20, 61, 68, 111, 105], [105.14755834579866], [26]))
    (2, ([100, 34, 29, 82, 77, 26, 74, 5, 53, 113, 8, 56, 2, 50, 37, 85, 47, 23, 71, 95, 21, 69, 106], [53.30795383109281], [10]))
    (3, ([101, 1, 49, 48, 96, 6, 22, 54, 70, 35, 83, 4, 52, 107], Float64[], Int64[]))
    (4, ([102, 38, 40, 88, 86, 43, 91, 18, 66, 45, 93, 108], Float64[], Int64[]))
    (5, ([103, 11, 59, 33, 81, 30, 24, 78, 72, 41, 89, 10, 58, 109], Float64[], Int64[]))
    (6, ([104, 28, 76, 44, 15, 63, 92, 16, 46, 64, 94, 42, 90, 17, 65, 112, 32, 80, 7, 55, 110], [84.74616683500082], [16])))

T best obj: 552.3429752220377
T best iteration: 276
T total iterations: 300
T best time [s]: 2.119
T total time [s]: 2.1601
