EADARP version 585c-dirty
ARGS: --ifile=EADARP/instances/l1/a6-48.txt --infeasible_arcs=EADARP/infeasible_arcs --gamma=0.7 --only_single_s_visits=false --odir=EADARP/out/a6-48 --oname=run86
Settings:
--alns_gamma=0.025
--alns_segment_size=100
--alns_sigma1=10
--alns_sigma2=9
--alns_sigma3=3
--at_most_one_s=false
--gamma=0.7
--ifile=EADARP/instances/l1/a6-48.txt
--infeasible_arcs=EADARP/infeasible_arcs
--insert_charging_otf=true
--insert_cost_noise=0.014
--lns_init_temp_factor=0.0
--lns_temp_dec_factor=0.99
--mh_checkit=false
--mh_lfreq=0
--mh_lnewinc=true
--mh_tciter=-1
--mh_tctime=-1.0
--mh_titer=30000
--mh_tobj=-1.0
--mh_ttime=-1.0
--odir=EADARP/out/a6-48
--oname=run86
--only_single_s_visits=false
--repair_max_routes=0
--seed=408509949
--use_milp_in_otf=0
--xcheck_isfeasible=false

EADARPInstance(EADARP/instances/l1/a6-48.txt, n=48, n_K=6, S=[111, 112, 113], Q=14.85, n_F=6, γ=0.7, T_plan=480.0, F=[105, 106, 107, 108, 109, 110])

T preprocessing time [s]: 1.31015
I       iter             best          obj_old          obj_new        time              method info
I          1        581.11845     100048.00000        581.11845      0.1289                 con 
I          4        581.08698        581.11845        581.08698      0.3200         drrr_15+rrg 
I          6        574.21219        581.08698        574.21219      0.4074        drrr_15+rrri 
I          7        573.04255        574.21219        573.04255      0.4459         drrr_15+rrg 
I         16        570.71283        573.04255        570.71283      0.6407        drrr_15+rrri 
I         17        569.84679        570.71283        569.84679      0.6627        drrr_15+rrri 
I         18        562.07135        569.84679        562.07135      0.6919        drrr_15+rroi 
I         19        560.71691        562.07135        560.71691      0.7148        drrr_15+rrri 
I         20        548.74389        560.71691        548.74389      0.7263        drrr_15+rroi 
I         21        546.72011        548.74389        546.72011      0.7469         drrr_15+rrg 
I         24        544.95661        546.72011        544.95661      0.7664        drrr_15+rroi 
I         37        543.23682        544.95661        543.23682      0.9013        drrr_15+rrri 
I         38        539.03807        543.23682        539.03807      0.9064        drrr_15+rrri 
I         64        536.02298        539.03807        536.02298      1.1054         drrr_15+rrg 
I         81        534.87414        536.02298        534.87414      1.2314         drrr_15+rrg 
I         83        532.72479        534.87414        532.72479      1.2334        drrr_15+rroi 
I         89        532.25986        532.72479        532.25986      1.2806        drrr_15+rroi 
I        101        530.91743        532.25986        530.91743      1.3350         drrr_15+rrg 
I        390        527.82326        530.91743        527.82326      1.9041         drrr_15+rrg 
I        394        525.66764        527.82326        525.66764      1.9220        drrr_15+rrri 
I        399        522.68643        525.66764        522.68643      1.9555         drrr_15+rrg 
I        442        519.06094        522.68643        519.06094      2.1125        drrr_15+rroi 
I        528        518.34321        519.06094        518.34321      2.2593        drrr_15+rroi 
I        532        517.92460        518.34321        517.92460      2.2605         drrr_15+rrg 
I        835        517.86878        517.92460        517.86878      2.6062        drrr_15+rroi 
I       1913        517.50149        517.86878        517.50149      3.3636         drrr_15+rrg 
I       1921        517.32405        517.50149        517.32405      3.3670        drrr_15+rrri 
I       1937        517.11552        517.32405        517.11552      3.3803        drrr_15+rroi 
I       2050        515.41630        517.11552        515.41630      3.4354        drrr_15+rroi 
I       2054        514.75098        515.41630        514.75098      3.4414        drrr_15+rrri 
I       2061        514.44239        514.75098        514.44239      3.4430        drrr_15+rroi 
I       2071        511.79584        514.44239        511.79584      3.4494        drrr_15+rroi 
I      30000        511.79584        511.79584        523.76154     13.1806        drrr_15+rroi 

Method statistics
S  method    iter  succ  succ-rate%  tot-obj-gain  avg-obj-gain  rel-succ%  net-time  net-time%  brut-time  brut-time%
S  con          1     1   100.00000  -99466.88155  -99466.88155    1.58730   0.12890    0.97796    0.12890     0.97796
S  drrr_15  29999    31     0.10334     -69.32261      -0.00231   49.20635   0.21436    1.62630    0.21436     1.62630
S  rrg       9974    10     0.10026     -15.59254      -0.00156   15.87302   5.57874   42.32526    5.57874    42.32526
S  rroi     10003    12     0.11996     -33.38817      -0.00334   19.04762   3.15166   23.91126    3.15166    23.91126
S  rrri     10022     9     0.08980     -20.34191      -0.00203   14.28571   4.04010   30.65173    4.04010    30.65173
S  SUM/AVG  59999    63     0.10500  -99605.52677      -1.66012   20.00000  13.11375   99.49251   13.11375    99.49251

T best solution: EADARPSolution(t_routing=636.617, t_excess=137.333, obj_val=511.796, obj_val_valid=true,
    unserved_requests=Int64[], F_visited=[107, 108, 106, 110, 109, 105], S_visited=Int64[],
    (1, ([99, 34, 29, 82, 77, 26, 74, 42, 24, 90, 17, 65, 72, 41, 89, 32, 80, 111, 105], [34.890867763594485], [18]))
    (2, ([100, 28, 76, 44, 15, 63, 92, 8, 56, 36, 31, 84, 25, 79, 73, 14, 30, 78, 62, 18, 66, 111, 106], [41.5297583291493], [22]))
    (3, ([101, 1, 5, 49, 53, 46, 94, 16, 64, 113, 27, 75, 13, 20, 61, 68, 45, 93, 10, 7, 58, 55, 107], [47.4991913258696], [10]))
    (4, ([102, 11, 59, 39, 87, 19, 67, 48, 96, 43, 91, 6, 22, 54, 70, 35, 83, 111, 108], [37.400375256365756], [18]))
    (5, ([103, 12, 60, 2, 50, 37, 85, 47, 23, 71, 95, 21, 69, 109], Float64[], Int64[]))
    (6, ([104, 3, 51, 9, 57, 38, 40, 88, 86, 33, 81, 4, 52, 111, 110], [0.35960985747155144], [14])))

T best obj: 511.79584159780495
T best iteration: 2071
T total iterations: 30000
T best time [s]: 3.449
T total time [s]: 13.1806
