EADARP version 585c-dirty
ARGS: --ifile=EADARP/instances/l1/a6-48.txt --infeasible_arcs=EADARP/infeasible_arcs --gamma=0.7 --only_single_s_visits=false --odir=EADARP/out/a6-48 --oname=run89
Settings:
--alns_gamma=0.025
--alns_segment_size=100
--alns_sigma1=10
--alns_sigma2=9
--alns_sigma3=3
--at_most_one_s=false
--gamma=0.7
--ifile=EADARP/instances/l1/a6-48.txt
--infeasible_arcs=EADARP/infeasible_arcs
--insert_charging_otf=true
--insert_cost_noise=0.014
--lns_init_temp_factor=0.0
--lns_temp_dec_factor=0.99
--mh_checkit=false
--mh_lfreq=0
--mh_lnewinc=true
--mh_tciter=-1
--mh_tctime=-1.0
--mh_titer=30000
--mh_tobj=-1.0
--mh_ttime=-1.0
--odir=EADARP/out/a6-48
--oname=run89
--only_single_s_visits=false
--repair_max_routes=0
--seed=1548476773
--use_milp_in_otf=0
--xcheck_isfeasible=false

EADARPInstance(EADARP/instances/l1/a6-48.txt, n=48, n_K=6, S=[111, 112, 113], Q=14.85, n_F=6, γ=0.7, T_plan=480.0, F=[105, 106, 107, 108, 109, 110])

T preprocessing time [s]: 1.21346
I       iter             best          obj_old          obj_new        time              method info
I          1        582.93251     100048.00000        582.93251      0.1210                 con 
I          3        582.38567        582.93251        582.38567      0.2501        drrr_15+rrri 
I          5        567.91075        582.38567        567.91075      0.3675        drrr_15+rroi 
I          6        560.10295        567.91075        560.10295      0.3884         drrr_15+rrg 
I         11        553.96863        560.10295        553.96863      0.4907         drrr_15+rrg 
I         13        553.85135        553.96863        553.85135      0.5226        drrr_15+rrri 
I         16        546.84462        553.85135        546.84462      0.5551        drrr_15+rroi 
I         17        545.66790        546.84462        545.66790      0.5679         drrr_15+rrg 
I         19        545.62327        545.66790        545.62327      0.5895        drrr_15+rroi 
I         23        544.78652        545.62327        544.78652      0.6203         drrr_15+rrg 
I         26        543.72708        544.78652        543.72708      0.6484        drrr_15+rrri 
I         37        542.62376        543.72708        542.62376      0.7062        drrr_15+rroi 
I         75        542.62108        542.62376        542.62108      0.8696         drrr_15+rrg 
I        101        541.57805        542.62108        541.57805      0.9474        drrr_15+rroi 
I        110        541.36221        541.57805        541.36221      0.9713        drrr_15+rroi 
I        130        536.20120        541.36221        536.20120      1.0307        drrr_15+rroi 
I        132        534.17287        536.20120        534.17287      1.0377        drrr_15+rrri 
I        133        532.53870        534.17287        532.53870      1.0380        drrr_15+rroi 
I        144        532.35089        532.53870        532.35089      1.0614        drrr_15+rrri 
I        176        532.03283        532.35089        532.03283      1.1445        drrr_15+rrri 
I        182        531.63658        532.03283        531.63658      1.1521        drrr_15+rroi 
I        199        531.42805        531.63658        531.42805      1.2128        drrr_15+rrri 
I        201        531.11777        531.42805        531.11777      1.2132        drrr_15+rroi 
I        225        529.17810        531.11777        529.17810      1.2604        drrr_15+rrri 
I        226        528.34333        529.17810        528.34333      1.2622         drrr_15+rrg 
I        229        527.92908        528.34333        527.92908      1.2670        drrr_15+rroi 
I        242        520.53214        527.92908        520.53214      1.3277        drrr_15+rrri 
I        246        519.50057        520.53214        519.50057      1.3429        drrr_15+rrri 
I        262        519.29204        519.50057        519.29204      1.3755         drrr_15+rrg 
I        635        513.63648        519.29204        513.63648      1.9283         drrr_15+rrg 
I        684        513.33471        513.63648        513.33471      2.0357        drrr_15+rroi 
I       1331        512.49241        513.33471        512.49241      2.9219        drrr_15+rrri 
I       1335        511.93124        512.49241        511.93124      2.9229        drrr_15+rrri 
I       1884        511.71225        511.93124        511.71225      3.4371        drrr_15+rroi 
I       1886        511.71225        511.71225        511.71225      3.4378        drrr_15+rrri 
I       1923        511.02879        511.71225        511.02879      3.5010         drrr_15+rrg 
I       1925        510.82026        511.02879        510.82026      3.5019         drrr_15+rrg 
I       3753        510.45994        510.82026        510.45994      4.4053        drrr_15+rroi 
I       3969        510.01482        510.45994        510.01482      4.4878        drrr_15+rrri 
I      30000        510.01482        510.01482        521.07575     13.2525         drrr_15+rrg 

Method statistics
S  method    iter  succ  succ-rate%  tot-obj-gain  avg-obj-gain  rel-succ%  net-time  net-time%  brut-time  brut-time%
S  con          1     1   100.00000  -99465.06749  -99465.06749    1.29870   0.12093    0.91252    0.12093     0.91252
S  drrr_15  29999    38     0.12667     -72.91770      -0.00243   49.35065   0.21976    1.65827    0.21976     1.65827
S  rrg       9921    10     0.10080     -23.54911      -0.00237   12.98701   5.57138   42.03994    5.57138    42.03994
S  rroi     10178    14     0.13755     -32.68552      -0.00321   18.18182   2.99057   22.56596    2.99057    22.56596
S  rrri      9900    14     0.14141     -16.68307      -0.00169   18.18182   4.29525   32.41062    4.29525    32.41062
S  SUM/AVG  59999    77     0.12834  -99610.90288      -1.66021   20.00000  13.19790   99.58731   13.19790    99.58731

T best solution: EADARPSolution(t_routing=643.334, t_excess=110.057, obj_val=510.015, obj_val_valid=true,
    unserved_requests=Int64[], F_visited=[106, 110, 109, 107, 105, 108], S_visited=Int64[],
    (1, ([99, 12, 60, 2, 50, 17, 65, 112, 41, 89, 32, 80, 7, 55, 105], [26.569698224171777], [8]))
    (2, ([100, 1, 5, 49, 53, 46, 94, 16, 64, 27, 75, 13, 20, 61, 68, 45, 93, 10, 58, 111, 106], [24.75914644566156], [20]))
    (3, ([101, 28, 76, 44, 15, 63, 92, 8, 56, 36, 31, 84, 25, 79, 73, 14, 43, 62, 91, 18, 66, 111, 107], [41.14541936733509], [22]))
    (4, ([102, 11, 59, 39, 87, 19, 67, 48, 96, 6, 22, 54, 70, 35, 83, 111, 108], [28.134815773964757], [16]))
    (5, ([103, 3, 51, 9, 57, 38, 40, 88, 86, 33, 81, 4, 52, 111, 109], [0.35960985747155144], [14]))
    (6, ([104, 34, 29, 82, 77, 26, 74, 42, 90, 30, 24, 78, 72, 37, 85, 47, 23, 71, 95, 21, 69, 111, 110], [36.365458415130256], [22])))

T best obj: 510.0148164598496
T best iteration: 3969
T total iterations: 30000
T best time [s]: 4.488
T total time [s]: 13.2526
