EADARP version 2def-dirty
ARGS: --ifile=EADARP/instances/l1/a6-48.txt --odir=EADARP/out/a6-48 --oname=run81
Settings:
--alns_gamma=0.025
--alns_segment_size=100
--alns_sigma1=10
--alns_sigma2=9
--alns_sigma3=3
--at_most_one_s=false
--gamma=-1.0
--ifile=EADARP/instances/l1/a6-48.txt
--insert_charging_otf=true
--insert_cost_noise=0.014
--lns_init_temp_factor=0.0
--lns_temp_dec_factor=0.99
--mh_checkit=false
--mh_lfreq=0
--mh_lnewinc=true
--mh_tciter=-1
--mh_tctime=-1.0
--mh_titer=300
--mh_tobj=-1.0
--mh_ttime=-1.0
--odir=EADARP/out/a6-48
--oname=run81
--only_single_s_visits=true
--repair_max_routes=0
--seed=1598168529
--use_milp_in_otf=0
--xcheck_isfeasible=false

EADARPInstance(EADARP/instances/l1/a6-48.txt, n=48, n_K=6, S=[111, 112, 113], Q=14.85, n_F=6, γ=0.7, T_plan=480.0, F=[105, 106, 107, 108, 109, 110])

T preprocessing time [s]: 1.22072
I       iter             best          obj_old          obj_new        time              method info
I          1     100001.00000     100048.00000     100001.00000      0.1260                 con 
I         15        578.29331     100001.00000        578.29331      0.6351        drrr_15+rroi 
I         17        571.03638        578.29331        571.03638      0.6922        drrr_15+rrri 
I         18        562.72213        571.03638        562.72213      0.7169        drrr_15+rroi 
I         23        553.01991        562.72213        553.01991      0.7903        drrr_15+rroi 
I         30        550.67583        553.01991        550.67583      0.8699        drrr_15+rroi 
I         48        550.57247        550.67583        550.57247      0.9967         drrr_15+rrg 
I         52        549.06187        550.57247        549.06187      1.0282        drrr_15+rroi 
I         67        545.47680        549.06187        545.47680      1.1559        drrr_15+rroi 
I        116        543.40067        545.47680        543.40067      1.3477        drrr_15+rroi 
I        153        541.00152        543.40067        541.00152      1.4465        drrr_15+rrri 
I        191        540.14139        541.00152        540.14139      1.5759        drrr_15+rroi 
I        300        540.14139        540.14139        560.21264      1.7452         drrr_15+rrg 

Method statistics
S  method    iter  succ  succ-rate%  tot-obj-gain  avg-obj-gain  rel-succ%  net-time  net-time%  brut-time  brut-time%
S  con          1     1   100.00000     -47.00000     -47.00000    4.34783   0.12597    7.21814    0.12597     7.21814
S  drrr_15    299    11     3.67893  -99460.85861    -332.64501   47.82609   0.00402    0.23029    0.00402     0.23029
S  rrg         92     1     1.08696      -0.10336      -0.00112    4.34783   0.49812   28.54277    0.49812    28.54277
S  rroi       108     8     7.40741  -99451.09918    -920.84351   34.78261   0.53672   30.75450    0.53672    30.75450
S  rrri        99     2     2.02020      -9.65608      -0.09754    8.69565   0.57885   33.16819    0.57885    33.16819
S  SUM/AVG    599    23     3.83973 -198968.71722    -332.16814   20.00000   1.74368   99.91389    1.74368    99.91389

T best solution: EADARPSolution(t_routing=676.875, t_excess=129.941, obj_val=540.141, obj_val_valid=true,
    unserved_requests=Int64[], F_visited=[105, 109, 106, 110, 107, 108], S_visited=[113, 111, 112],
    (1, ([99, 46, 94, 42, 90, 30, 24, 78, 72, 45, 93, 10, 58, 105], Float64[], Int64[]))
    (2, ([100, 38, 40, 88, 86, 33, 81, 37, 85, 47, 23, 71, 95, 21, 69, 106], Float64[], Int64[]))
    (3, ([101, 1, 49, 8, 56, 2, 50, 17, 65, 43, 91, 18, 66, 107], Float64[], Int64[]))
    (4, ([102, 28, 76, 15, 63, 48, 96, 112, 6, 22, 54, 70, 35, 83, 4, 52, 108], [10.995454499162337], [8]))
    (5, ([103, 3, 51, 9, 57, 12, 44, 60, 92, 16, 64, 113, 41, 89, 32, 80, 7, 55, 109], [94.60580510181042], [12]))
    (6, ([104, 34, 29, 82, 77, 26, 74, 5, 53, 11, 59, 39, 87, 19, 36, 31, 67, 84, 25, 79, 73, 14, 27, 62, 75, 13, 20, 61, 68, 111, 110], [99.44971779712868], [30])))

T best obj: 540.1413886769274
T best iteration: 191
T total iterations: 300
T best time [s]: 1.576
T total time [s]: 1.7452
