EADARP version 585c-dirty
ARGS: --ifile=EADARP/instances/l1/a6-48.txt --infeasible_arcs=EADARP/infeasible_arcs --gamma=0.7 --only_single_s_visits=false --odir=EADARP/out/a6-48 --oname=run92
Settings:
--alns_gamma=0.025
--alns_segment_size=100
--alns_sigma1=10
--alns_sigma2=9
--alns_sigma3=3
--at_most_one_s=false
--gamma=0.7
--ifile=EADARP/instances/l1/a6-48.txt
--infeasible_arcs=EADARP/infeasible_arcs
--insert_charging_otf=true
--insert_cost_noise=0.014
--lns_init_temp_factor=0.0
--lns_temp_dec_factor=0.99
--mh_checkit=false
--mh_lfreq=0
--mh_lnewinc=true
--mh_tciter=-1
--mh_tctime=-1.0
--mh_titer=30000
--mh_tobj=-1.0
--mh_ttime=-1.0
--odir=EADARP/out/a6-48
--oname=run92
--only_single_s_visits=false
--repair_max_routes=0
--seed=342006246
--use_milp_in_otf=0
--xcheck_isfeasible=false

EADARPInstance(EADARP/instances/l1/a6-48.txt, n=48, n_K=6, S=[111, 112, 113], Q=14.85, n_F=6, γ=0.7, T_plan=480.0, F=[105, 106, 107, 108, 109, 110])

T preprocessing time [s]: 1.28582
I       iter             best          obj_old          obj_new        time              method info
I          1        580.90992     100048.00000        580.90992      0.1015                 con 
I          2        571.62822        580.90992        571.62822      0.1481         drrr_15+rrg 
I          3        570.88132        571.62822        570.88132      0.1743        drrr_15+rroi 
I          5        567.50477        570.88132        567.50477      0.2457         drrr_15+rrg 
I          9        563.40233        567.50477        563.40233      0.3677        drrr_15+rroi 
I         17        552.66294        563.40233        552.66294      0.5230         drrr_15+rrg 
I         33        544.15283        552.66294        544.15283      0.7705        drrr_15+rroi 
I         47        543.74578        544.15283        543.74578      0.8616        drrr_15+rroi 
I         76        543.62851        543.74578        543.62851      1.0157        drrr_15+rroi 
I         78        542.86441        543.62851        542.86441      1.0194        drrr_15+rrri 
I         85        537.98221        542.86441        537.98221      1.1285        drrr_15+rrri 
I         89        537.33279        537.98221        537.33279      1.1475         drrr_15+rrg 
I         92        535.22554        537.33279        535.22554      1.1514        drrr_15+rrri 
I         94        535.13867        535.22554        535.13867      1.1657        drrr_15+rrri 
I        107        533.20176        535.13867        533.20176      1.2107         drrr_15+rrg 
I        120        532.74428        533.20176        532.74428      1.2478        drrr_15+rroi 
I        300        531.87136        532.74428        531.87136      1.7306         drrr_15+rrg 
I        304        530.51048        531.87136        530.51048      1.7579        drrr_15+rroi 
I        312        527.35545        530.51048        527.35545      1.8454         drrr_15+rrg 
I        326        525.45761        527.35545        525.45761      1.8781         drrr_15+rrg 
I        346        523.64979        525.45761        523.64979      1.9322         drrr_15+rrg 
I        528        521.46678        523.64979        521.46678      2.2733        drrr_15+rroi 
I        548        520.29961        521.46678        520.29961      2.2860        drrr_15+rrri 
I        619        519.96052        520.29961        519.96052      2.3628         drrr_15+rrg 
I        641        519.93735        519.96052        519.93735      2.3926        drrr_15+rrri 
I        749        518.47505        519.93735        518.47505      2.5489        drrr_15+rrri 
I        764        517.62267        518.47505        517.62267      2.5648         drrr_15+rrg 
I        765        517.42744        517.62267        517.42744      2.5652         drrr_15+rrg 
I        808        517.40427        517.42744        517.40427      2.6268        drrr_15+rrri 
I       1331        516.31646        517.40427        516.31646      3.0017        drrr_15+rrri 
I       1624        516.01733        516.31646        516.01733      3.2421         drrr_15+rrg 
I       1791        514.17491        516.01733        514.17491      3.3253        drrr_15+rroi 
I       1820        513.61396        514.17491        513.61396      3.3419        drrr_15+rroi 
I       1831        513.31509        513.61396        513.31509      3.3539        drrr_15+rroi 
I       1834        512.76316        513.31509        512.76316      3.3605         drrr_15+rrg 
I       1839        511.92564        512.76316        511.92564      3.3766         drrr_15+rrg 
I       1860        511.71711        511.92564        511.71711      3.4260        drrr_15+rroi 
I      26122        510.58077        511.71711        510.58077     11.9233        drrr_15+rroi 
I      30000        510.58077        510.58077        510.58077     13.1292         drrr_15+rrg 

Method statistics
S  method    iter  succ  succ-rate%  tot-obj-gain  avg-obj-gain  rel-succ%  net-time  net-time%  brut-time  brut-time%
S  con          1     1   100.00000  -99467.09008  -99467.09008    1.33333   0.10151    0.77314    0.10151     0.77314
S  drrr_15  29999    37     0.12334     -70.32914      -0.00234   49.33333   0.23322    1.77631    0.23322     1.77631
S  rrg      10041    15     0.14939     -36.79287      -0.00366   20.00000   5.51822   42.02991    5.51822    42.02991
S  rroi      9984    13     0.13021     -21.93224      -0.00220   17.33333   3.16241   24.08669    3.16241    24.08669
S  rrri      9974     9     0.09023     -11.60403      -0.00116   12.00000   4.05801   30.90813    4.05801    30.90813
S  SUM/AVG  59999    75     0.12500  -99607.74837      -1.66016   20.00000  13.07336   99.57419   13.07336    99.57419

T best solution: EADARPSolution(t_routing=647.1, t_excess=101.023, obj_val=510.581, obj_val_valid=true,
    unserved_requests=Int64[], F_visited=[107, 110, 106, 108, 109, 105], S_visited=Int64[],
    (1, ([99, 1, 5, 49, 53, 46, 94, 16, 64, 27, 75, 13, 20, 61, 68, 45, 93, 10, 58, 111, 105], [24.75914644566156], [20]))
    (2, ([100, 28, 76, 44, 15, 63, 92, 8, 56, 36, 31, 84, 25, 79, 73, 14, 62, 111, 106], [12.955884476445172], [18]))
    (3, ([101, 34, 29, 82, 77, 26, 74, 42, 90, 37, 85, 47, 23, 71, 95, 21, 69, 111, 107], [19.568353375808815], [18]))
    (4, ([102, 3, 51, 9, 57, 38, 40, 88, 86, 33, 81, 30, 24, 78, 72, 43, 91, 18, 66, 111, 108], [48.124043288059454], [20]))
    (5, ([103, 11, 59, 39, 87, 19, 67, 48, 96, 6, 22, 54, 70, 35, 83, 4, 52, 111, 109], [29.122828339940554], [18]))
    (6, ([104, 12, 60, 2, 50, 17, 65, 112, 41, 89, 32, 80, 7, 55, 110], [26.569698224171777], [8])))

T best obj: 510.58077395014345
T best iteration: 26122
T total iterations: 30000
T best time [s]: 11.923
T total time [s]: 13.1293
