EADARP version 2def-dirty
ARGS: --ifile=EADARP/instances/l1/a6-48.txt --odir=EADARP/out/a6-48 --oname=run94
Settings:
--alns_gamma=0.025
--alns_segment_size=100
--alns_sigma1=10
--alns_sigma2=9
--alns_sigma3=3
--at_most_one_s=false
--gamma=-1.0
--ifile=EADARP/instances/l1/a6-48.txt
--insert_charging_otf=true
--insert_cost_noise=0.014
--lns_init_temp_factor=0.0
--lns_temp_dec_factor=0.99
--mh_checkit=false
--mh_lfreq=0
--mh_lnewinc=true
--mh_tciter=-1
--mh_tctime=-1.0
--mh_titer=300
--mh_tobj=-1.0
--mh_ttime=-1.0
--odir=EADARP/out/a6-48
--oname=run94
--only_single_s_visits=true
--repair_max_routes=0
--seed=418338623
--use_milp_in_otf=0
--xcheck_isfeasible=false

EADARPInstance(EADARP/instances/l1/a6-48.txt, n=48, n_K=6, S=[111, 112, 113], Q=14.85, n_F=6, γ=0.7, T_plan=480.0, F=[105, 106, 107, 108, 109, 110])

T preprocessing time [s]: 1.23191
I       iter             best          obj_old          obj_new        time              method info
I          1     100002.00000     100048.00000     100002.00000      0.1315                 con 
I          8     100001.00000     100002.00000     100001.00000      0.4539         drrr_15+rrg 
I         60        559.69752     100001.00000        559.69752      1.3271        drrr_15+rroi 
I         71        558.88331        559.69752        558.88331      1.4873         drrr_15+rrg 
I         91        552.42882        558.88331        552.42882      1.6614        drrr_15+rroi 
I        111        550.60107        552.42882        550.60107      1.7606         drrr_15+rrg 
I        120        550.39254        550.60107        550.39254      1.7957         drrr_15+rrg 
I        127        542.90966        550.39254        542.90966      1.8156        drrr_15+rrri 
I        141        542.33171        542.90966        542.33171      1.8580        drrr_15+rrri 
I        148        540.07788        542.33171        540.07788      1.8794        drrr_15+rroi 
I        153        536.83129        540.07788        536.83129      1.9272         drrr_15+rrg 
I        190        533.62277        536.83129        533.62277      2.0469         drrr_15+rrg 
I        233        532.94964        533.62277        532.94964      2.1242         drrr_15+rrg 
I        240        530.84717        532.94964        530.84717      2.1322        drrr_15+rroi 
I        300        530.84717        530.84717        533.00722      2.2374        drrr_15+rroi 

Method statistics
S  method    iter  succ  succ-rate%  tot-obj-gain  avg-obj-gain  rel-succ%  net-time  net-time%  brut-time  brut-time%
S  con          1     1   100.00000     -46.00000     -46.00000    3.70370   0.13150    5.87732    0.13150     5.87732
S  drrr_15    299    13     4.34783  -99471.15283    -332.67944   48.14815   0.00429    0.19173    0.00429     0.19173
S  rrg         98     7     7.14286     -10.97873      -0.11203   25.92593   0.71781   32.08122    0.71781    32.08122
S  rroi       105     4     3.80952  -99452.11328    -947.16298   14.81481   0.75344   33.67388    0.75344    33.67388
S  rrri        96     2     2.08333      -8.06083      -0.08397    7.40741   0.62881   28.10344    0.62881    28.10344
S  SUM/AVG    599    27     4.50751 -198988.30567    -332.20084   20.00000   2.23585   99.92758    2.23585    99.92758

T best solution: EADARPSolution(t_routing=669.453, t_excess=115.03, obj_val=530.847, obj_val_valid=true,
    unserved_requests=Int64[], F_visited=[105, 110, 106, 109, 108, 107], S_visited=[112, 111, 113],
    (1, ([99, 34, 29, 82, 77, 26, 74, 5, 53, 39, 87, 19, 67, 48, 96, 43, 91, 6, 22, 54, 70, 35, 83, 4, 52, 111, 105], [82.34605560993661], [26]))
    (2, ([100, 38, 40, 88, 86, 36, 31, 84, 25, 79, 73, 113, 27, 75, 13, 20, 61, 68, 45, 93, 106], [13.733382964000059], [12]))
    (3, ([101, 46, 94, 42, 24, 90, 17, 65, 72, 18, 66, 107], Float64[], Int64[]))
    (4, ([102, 3, 51, 9, 57, 12, 44, 60, 92, 16, 64, 14, 30, 78, 62, 112, 32, 80, 7, 55, 108], [101.04908890676954], [16]))
    (5, ([103, 28, 76, 15, 63, 8, 56, 2, 50, 41, 89, 10, 58, 109], Float64[], Int64[]))
    (6, ([104, 1, 49, 11, 59, 33, 81, 37, 85, 47, 23, 71, 95, 21, 69, 110], Float64[], Int64[])))

T best obj: 530.8471653781849
T best iteration: 240
T total iterations: 300
T best time [s]: 2.132
T total time [s]: 2.2375
