EADARP version 585c-dirty
ARGS: --ifile=EADARP/instances/l1/a7-70.txt --infeasible_arcs=EADARP/infeasible_arcs --gamma=0.7 --only_single_s_visits=false --odir=EADARP/prunedArcs/a7-70 --oname=run17
Settings:
--alns_gamma=0.025
--alns_segment_size=100
--alns_sigma1=10
--alns_sigma2=9
--alns_sigma3=3
--at_most_one_s=false
--gamma=0.7
--ifile=EADARP/instances/l1/a7-70.txt
--infeasible_arcs=EADARP/infeasible_arcs
--insert_charging_otf=true
--insert_cost_noise=0.014
--lns_init_temp_factor=0.0
--lns_temp_dec_factor=0.99
--mh_checkit=false
--mh_lfreq=0
--mh_lnewinc=true
--mh_tciter=-1
--mh_tctime=-1.0
--mh_titer=30000
--mh_tobj=-1.0
--mh_ttime=-1.0
--odir=EADARP/prunedArcs/a7-70
--oname=run17
--only_single_s_visits=false
--repair_max_routes=0
--seed=1243075431
--use_milp_in_otf=0
--xcheck_isfeasible=false

EADARPInstance(EADARP/instances/l1/a7-70.txt, n=70, n_K=7, S=[157, 158, 159], Q=14.85, n_F=7, γ=0.7, T_plan=600.0, F=[150, 151, 152, 153, 154, 155, 156])

T preprocessing time [s]: 2.10457
I       iter             best          obj_old          obj_new        time              method info
I          1     100010.00000     100070.00000     100010.00000      0.2205                 con 
I          2     100006.00000     100010.00000     100006.00000      0.2710        drrr_15+rrri 
I          3     100005.00000     100006.00000     100005.00000      0.2969        drrr_15+rrri 
I         33     100004.00000     100005.00000     100004.00000      1.0604        drrr_15+rrri 
I         75     100003.00000     100004.00000     100003.00000      1.6987         drrr_15+rrg 
I        226     100002.00000     100003.00000     100002.00000      3.3067        drrr_15+rrri 
I        719     100001.00000     100002.00000     100001.00000      6.5410        drrr_15+rrri 
I       1331        945.14579     100001.00000        945.14579      8.4185         drrr_15+rrg 
I       1332        940.89612        945.14579        940.89612      8.4231        drrr_15+rrri 
I       1333        940.37673        940.89612        940.37673      8.4346        drrr_15+rrri 
I       1346        939.95044        940.37673        939.95044      8.4365        drrr_15+rrri 
I       1846        939.78761        939.95044        939.78761      8.7696        drrr_15+rroi 
I       1847        939.26823        939.78761        939.26823      8.7738         drrr_15+rrg 
I       1853        938.97374        939.26823        938.97374      8.7762        drrr_15+rrri 
I       1882        938.53551        938.97374        938.53551      8.7943        drrr_15+rrri 
I       1893        936.57446        938.53551        936.57446      8.8112        drrr_15+rroi 
I       6574        934.60158        936.57446        934.60158     10.3677        drrr_15+rrri 
I       6693        932.98985        934.60158        932.98985     10.4497        drrr_15+rrri 
I       6710        930.99858        932.98985        930.99858     10.4572        drrr_15+rrri 
I       6977        928.89388        930.99858        928.89388     10.5429        drrr_15+rrri 
I       6996        928.59940        928.89388        928.59940     10.5459         drrr_15+rrg 
I      30000        928.59940        928.59940        928.59940     15.4921        drrr_15+rrri 

Method statistics
S  method    iter  succ  succ-rate%  tot-obj-gain  avg-obj-gain  rel-succ%  net-time  net-time%  brut-time  brut-time%
S  con          1     1   100.00000     -60.00000     -60.00000    2.43902   0.22051    1.42336    0.22051     1.42336
S  drrr_15  29999    20     0.06667  -99081.40060      -3.30282   48.78049   0.34792    2.24578    0.34792     2.24578
S  rrg       9906     4     0.04038  -99057.66808      -9.99976    9.75610   5.86727   37.87257    5.86727    37.87257
S  rroi     10145     2     0.01971      -2.12388      -0.00021    4.87805   3.92315   25.32351    3.92315    25.32351
S  rrri      9948    14     0.14073     -21.60864      -0.00217   34.14634   5.07156   32.73639    5.07156    32.73639
S  SUM/AVG  59999    41     0.06833 -198222.80120      -3.30377   20.00000  15.43041   99.60160   15.43041    99.60160

T best solution: EADARPSolution(t_routing=1125.222, t_excess=338.732, obj_val=928.599, obj_val_valid=true,
    unserved_requests=Int64[], F_visited=[154, 153, 150, 155, 152, 156, 151], S_visited=Int64[],
    (1, ([143, 1, 71, 35, 16, 105, 86, 29, 99, 38, 108, 158, 17, 45, 87, 115, 55, 23, 125, 93, 3, 73, 157, 150], [74.99712105209058, 15.131881048007772], [12, 23]))
    (2, ([144, 50, 120, 14, 84, 5, 75, 57, 68, 127, 138, 22, 92, 27, 97, 7, 77, 65, 135, 37, 34, 104, 107, 157, 151], [111.56929199758589], [24]))
    (3, ([145, 67, 51, 121, 137, 2, 72, 70, 41, 140, 111, 62, 53, 132, 123, 59, 129, 33, 103, 157, 152], [61.38725895023018], [20]))
    (4, ([146, 25, 95, 44, 114, 11, 39, 81, 58, 109, 15, 128, 66, 85, 30, 136, 100, 157, 54, 49, 119, 124, 153], [85.08657404784249], [18]))
    (5, ([147, 9, 26, 79, 96, 64, 134, 21, 91, 32, 102, 18, 48, 118, 88, 157, 154], [34.59290139891038], [16]))
    (6, ([148, 42, 61, 112, 131, 69, 56, 126, 139, 40, 110, 63, 24, 133, 94, 157, 13, 28, 83, 98, 8, 78, 4, 74, 155], [71.23830132546269], [16]))
    (7, ([149, 47, 20, 90, 117, 43, 113, 158, 36, 31, 106, 101, 12, 82, 6, 10, 76, 80, 60, 130, 52, 19, 89, 122, 46, 116, 157, 156], [2.1103484657214637, 102.10806933666254], [8, 27])))

T best obj: 928.5993983462224
T best iteration: 6996
T total iterations: 30000
T best time [s]: 10.546
T total time [s]: 15.4921
