EADARP version 585c-dirty
ARGS: --ifile=EADARP/instances/l1/a7-70.txt --infeasible_arcs=EADARP/infeasible_arcs --gamma=0.7 --only_single_s_visits=false --odir=EADARP/prunedArcs/a7-70 --oname=run16
Settings:
--alns_gamma=0.025
--alns_segment_size=100
--alns_sigma1=10
--alns_sigma2=9
--alns_sigma3=3
--at_most_one_s=false
--gamma=0.7
--ifile=EADARP/instances/l1/a7-70.txt
--infeasible_arcs=EADARP/infeasible_arcs
--insert_charging_otf=true
--insert_cost_noise=0.014
--lns_init_temp_factor=0.0
--lns_temp_dec_factor=0.99
--mh_checkit=false
--mh_lfreq=0
--mh_lnewinc=true
--mh_tciter=-1
--mh_tctime=-1.0
--mh_titer=30000
--mh_tobj=-1.0
--mh_ttime=-1.0
--odir=EADARP/prunedArcs/a7-70
--oname=run16
--only_single_s_visits=false
--repair_max_routes=0
--seed=532515241
--use_milp_in_otf=0
--xcheck_isfeasible=false

EADARPInstance(EADARP/instances/l1/a7-70.txt, n=70, n_K=7, S=[157, 158, 159], Q=14.85, n_F=7, γ=0.7, T_plan=600.0, F=[150, 151, 152, 153, 154, 155, 156])

T preprocessing time [s]: 2.03858
I       iter             best          obj_old          obj_new        time              method info
I          1     100007.00000     100070.00000     100007.00000      0.2375                 con 
I          5     100006.00000     100007.00000     100006.00000      0.4901        drrr_15+rroi 
I         13     100005.00000     100006.00000     100005.00000      0.7622        drrr_15+rroi 
I         32     100004.00000     100005.00000     100004.00000      1.3747        drrr_15+rrri 
I         34     100003.00000     100004.00000     100003.00000      1.3964        drrr_15+rrri 
I         47     100002.00000     100003.00000     100002.00000      1.8072        drrr_15+rrri 
I        290     100001.00000     100002.00000     100001.00000      4.8278        drrr_15+rroi 
I        512        974.83652     100001.00000        974.83652      6.3042         drrr_15+rrg 
I        518        969.44695        974.83652        969.44695      6.3618        drrr_15+rrri 
I        523        965.72438        969.44695        965.72438      6.4175        drrr_15+rrri 
I        528        955.36801        965.72438        955.36801      6.4385        drrr_15+rroi 
I        545        954.94788        955.36801        954.94788      6.5320        drrr_15+rrri 
I        547        938.77337        954.94788        938.77337      6.5323        drrr_15+rrri 
I        556        938.50154        938.77337        938.50154      6.5504        drrr_15+rrri 
I        605        938.50154        938.50154        938.50154      6.6306        drrr_15+rrri 
I        664        937.47477        938.50154        937.47477      6.7089        drrr_15+rrri 
I        698        937.47477        937.47477        937.47477      6.7681        drrr_15+rrri 
I        710        936.34841        937.47477        936.34841      6.7839        drrr_15+rroi 
I       1767        932.83710        936.34841        932.83710      7.4523        drrr_15+rrri 
I      30000        932.83710        932.83710     100001.00000     14.5655        drrr_15+rrri 

Method statistics
S  method    iter  succ  succ-rate%  tot-obj-gain  avg-obj-gain  rel-succ%  net-time  net-time%  brut-time  brut-time%
S  con          1     1   100.00000     -63.00000     -63.00000    2.70270   0.23751    1.63063    0.23751     1.63063
S  drrr_15  29999    18     0.06000  -99074.16290      -3.30258   48.64865   0.33144    2.27550    0.33144     2.27550
S  rrg      10122     1     0.00988  -99026.16348      -9.78326    2.70270   5.76973   39.61229    5.76973    39.61229
S  rroi     10033     5     0.04984     -14.48273      -0.00144   13.51351   3.69656   25.37890    3.69656    25.37890
S  rrri      9844    12     0.12190     -33.51669      -0.00340   32.43243   4.46410   30.64844    4.46410    30.64844
S  SUM/AVG  59999    37     0.06167 -198211.32579      -3.30358   20.00000  14.49934   99.54577   14.49934    99.54577

T best solution: EADARPSolution(t_routing=1115.287, t_excess=385.486, obj_val=932.837, obj_val_valid=true,
    unserved_requests=Int64[], F_visited=[150, 152, 154, 151, 156, 153, 155], S_visited=Int64[],
    (1, ([143, 25, 95, 44, 114, 11, 39, 81, 58, 109, 15, 128, 66, 85, 30, 136, 100, 157, 54, 49, 119, 124, 150], [85.08657404784249], [18]))
    (2, ([144, 35, 16, 105, 86, 29, 99, 38, 108, 69, 56, 126, 139, 40, 110, 63, 24, 133, 94, 158, 17, 87, 55, 23, 125, 93, 3, 73, 151], [107.06307073718655], [20]))
    (3, ([145, 47, 20, 90, 117, 43, 113, 12, 82, 22, 92, 7, 77, 65, 135, 37, 34, 104, 107, 13, 28, 83, 98, 157, 152], [58.03080290123604], [24]))
    (4, ([146, 67, 51, 121, 137, 2, 72, 70, 41, 140, 111, 62, 60, 130, 53, 123, 132, 45, 115, 157, 153], [64.86635430931808], [20]))
    (5, ([147, 9, 26, 79, 96, 64, 134, 21, 91, 32, 102, 18, 48, 118, 88, 157, 154], [34.59290139891038], [16]))
    (6, ([148, 50, 120, 14, 84, 5, 75, 57, 68, 127, 138, 27, 10, 6, 97, 80, 76, 33, 103, 157, 155], [65.50751700130033], [20]))
    (7, ([149, 1, 71, 36, 31, 106, 101, 42, 61, 112, 131, 159, 19, 52, 59, 129, 89, 122, 46, 8, 116, 78, 4, 74, 157, 156], [119.59500062296581, 13.545250014211664], [12, 25])))

T best obj: 932.8371040851043
T best iteration: 1767
T total iterations: 30000
T best time [s]: 7.452
T total time [s]: 14.5655
