EADARP version 11bb-dirty
ARGS: --ifile=EADARP/instances/l2/a180-3600.txt --repair_max_routes=40 --mh_lfreq=1 --mh_checkit=true --only_single_s_visits=false --seed=1479419931 --mh_titer=300 --odir=EADARP/prunedArcs/a180-3600 --oname=run15
Settings:
--alns_gamma=0.025
--alns_segment_size=100
--alns_sigma1=10
--alns_sigma2=9
--alns_sigma3=3
--at_most_one_s=false
--gamma=-1.0
--ifile=EADARP/instances/l2/a180-3600.txt
--infeasible_arcs=EADARP/infeasible_arcs
--insert_charging_otf=true
--insert_cost_noise=0.014
--lns_init_temp_factor=0.0
--lns_temp_dec_factor=0.99
--log_all_sols_fname=
--mh_checkit=true
--mh_lfreq=1
--mh_lnewinc=true
--mh_tciter=-1
--mh_tctime=-1.0
--mh_titer=300
--mh_tobj=-1.0
--mh_ttime=-1.0
--odir=EADARP/prunedArcs/a180-3600
--oname=run15
--only_single_s_visits=false
--repair_max_routes=40
--route_based_ops=0
--seed=1479419931
--tightened_windows=EADARP/tightened_windows
--use_milp_in_otf=0
--xcheck_isfeasible=false

EADARPInstance(EADARP/instances/l2/a180-3600.txt, n=3600, n_K=180, S=[7563, 7564, 7565], Q=14.85, n_F=180, γ=0.7, T_plan=1200.0)

T preprocessing time [s]: 4.675
I       iter             best          obj_old          obj_new        time              method info
I          1      39330.06732     103600.00000      39330.06732     84.0490                 con 
I          2      39330.06732      39330.06732      39342.50525     85.2880        drrr_15+rrri 
I          3      39330.06732      39330.06732      39343.49176     86.3300        drrr_15+rroi 
I          4      39328.57499      39330.06732      39328.57499     88.7390         drrr_15+rrg 
I          5      39328.21769      39328.57499      39328.21769     89.9130        drrr_15+rrri 
I          6      39320.97777      39328.21769      39320.97777     91.1320        drrr_15+rrri 
I          7      39320.97777      39320.97777      39321.66140     93.4820         drrr_15+rrg 
I          8      39320.97777      39320.97777      39324.78104     94.6650        drrr_15+rroi 
I          9      39320.24489      39320.97777      39320.24489     97.3550         drrr_15+rrg 
I         10      39320.24489      39320.24489      39376.46014     98.4880        drrr_15+rroi 
I         11      39320.24489      39320.24489      39348.09347     99.7320        drrr_15+rrri 
I         12      39301.16075      39320.24489      39301.16075    100.8650        drrr_15+rrri 
I         13      39301.16075      39301.16075      39319.57453    102.1330        drrr_15+rrri 
I         14      39301.16075      39301.16075      39313.04411    103.2570        drrr_15+rrri 
I         15      39301.16075      39301.16075      39354.81069    104.3810        drrr_15+rrri 
I         16      39301.16075      39301.16075      39312.58631    105.5240        drrr_15+rrri 
I         17      39285.05198      39301.16075      39285.05198    106.7420        drrr_15+rrri 
I         18      39285.05198      39285.05198      39296.12303    107.8960        drrr_15+rroi 
I         19      39285.05198      39285.05198      39287.37596    109.0810        drrr_15+rroi 
I         20      39285.05198      39285.05198      39297.78843    110.1990        drrr_15+rroi 
I         21      39285.05198      39285.05198      39339.99932    111.3510        drrr_15+rroi 
I         22      39264.02081      39285.05198      39264.02081    113.6400         drrr_15+rrg 
I         23      39264.02081      39264.02081      39280.29252    114.9770        drrr_15+rrri 
I         24      39264.02081      39264.02081      39265.38007    116.1720        drrr_15+rroi 
I         25      39264.02081      39264.02081      39277.28936    118.5480         drrr_15+rrg 
I         26      39247.82504      39264.02081      39247.82504    120.9040         drrr_15+rrg 
I         27      39247.82504      39247.82504      39283.99110    121.9880        drrr_15+rroi 
I         28      39247.82504      39247.82504      39286.99334    123.1440        drrr_15+rroi 
I         29      39242.07225      39247.82504      39242.07225    125.8130         drrr_15+rrg 
I         30      39242.07225      39242.07225      39244.14491    126.8550        drrr_15+rroi 
I         31      39242.07225      39242.07225      39280.76517    128.0150        drrr_15+rrri 
I         32      39242.07225      39242.07225      39243.04126    130.3810         drrr_15+rrg 
I         33      39237.54374      39242.07225      39237.54374    131.4220        drrr_15+rroi 
I         34      39237.54374      39237.54374      39240.85384    133.9860         drrr_15+rrg 
I         35      39237.54374      39237.54374      39266.16218    135.0730        drrr_15+rrri 
I         36      39237.54374      39237.54374      39257.57328    136.2150        drrr_15+rroi 
I         37      39216.19222      39237.54374      39216.19222    138.8480         drrr_15+rrg 
I         38      39204.50127      39216.19222      39204.50127    140.1650        drrr_15+rrri 
I         39      39204.50127      39204.50127      39224.25161    141.4730        drrr_15+rroi 
I         40      39199.06125      39204.50127      39199.06125    142.7150        drrr_15+rroi 
I         41      39199.06125      39199.06125      39212.34192    145.0560         drrr_15+rrg 
I         42      39199.06125      39199.06125      39242.46603    146.2730        drrr_15+rrri 
I         43      39199.06125      39199.06125      39237.11401    147.3060        drrr_15+rrri 
I         44      39199.06125      39199.06125      39201.55264    148.3890        drrr_15+rroi 
I         45      39199.06125      39199.06125      39287.66189    150.7060         drrr_15+rrg 
I         46      39199.06125      39199.06125      39205.38600    151.7980        drrr_15+rrri 
I         47      39199.06125      39199.06125      39225.80170    152.8980        drrr_15+rroi 
I         48      39199.06125      39199.06125      39226.85721    154.0560        drrr_15+rroi 
I         49      39199.06125      39199.06125      39235.92732    155.2460        drrr_15+rroi 
I         50      39199.06125      39199.06125      39247.47120    156.4720        drrr_15+rroi 
I         51      39199.06125      39199.06125      39203.78215    159.0390         drrr_15+rrg 
I         52      39199.06125      39199.06125      39262.93957    161.2960         drrr_15+rrg 
I         53      39199.06125      39199.06125      39201.98661    162.4650        drrr_15+rroi 
I         54      39199.06125      39199.06125      39211.82714    163.7380        drrr_15+rroi 
I         55      39199.06125      39199.06125      39209.13368    166.3530         drrr_15+rrg 
I         56      39199.06125      39199.06125      39245.34975    167.5980        drrr_15+rrri 
I         57      39199.06125      39199.06125      39213.05916    168.6230        drrr_15+rroi 
I         58      39199.06125      39199.06125      39209.07104    169.8860        drrr_15+rrri 
I         59      39199.06125      39199.06125      39228.84235    171.0730        drrr_15+rroi 
I         60      39199.06125      39199.06125      39211.37510    172.2380        drrr_15+rrri 
I         61      39199.06125      39199.06125      39245.76679    173.3590        drrr_15+rrri 
I         62      39196.93111      39199.06125      39196.93111    175.8810         drrr_15+rrg 
I         63      39183.95677      39196.93111      39183.95677    177.1480        drrr_15+rroi 
I         64      39183.95677      39183.95677      39249.68288    178.1970        drrr_15+rroi 
I         65      39179.31889      39183.95677      39179.31889    179.3390        drrr_15+rroi 
I         66      39179.31889      39179.31889      39230.73095    180.3800        drrr_15+rroi 
I         67      39179.31889      39179.31889      39198.82051    181.5800        drrr_15+rroi 
I         68      39170.94958      39179.31889      39170.94958    182.6790        drrr_15+rrri 
I         69      39170.94958      39170.94958      39198.78442    183.8820        drrr_15+rrri 
I         70      39170.94958      39170.94958      39210.99572    184.9790        drrr_15+rroi 
I         71      39170.94958      39170.94958      39172.91835    187.4890         drrr_15+rrg 
I         72      39169.75326      39170.94958      39169.75326    190.0230         drrr_15+rrg 
I         73      39169.75326      39169.75326      39191.14861    191.1560        drrr_15+rroi 
I         74      39167.18790      39169.75326      39167.18790    192.4220        drrr_15+rroi 
I         75      39167.18790      39167.18790      39253.13370    194.8050         drrr_15+rrg 
I         76      39167.18790      39167.18790      39176.88748    196.0070        drrr_15+rrri 
I         77      39167.18790      39167.18790      39197.09245    197.2060        drrr_15+rroi 
I         78      39146.33092      39167.18790      39146.33092    199.7990         drrr_15+rrg 
I         79      39146.33092      39146.33092      39146.51357    200.9980        drrr_15+rroi 
I         80      39146.33092      39146.33092      39150.98974    203.3560         drrr_15+rrg 
I         81      39146.33092      39146.33092      39167.28824    204.6260        drrr_15+rrri 
I         82      39146.33092      39146.33092      39162.60467    205.7890        drrr_15+rrri 
I         83      39130.71629      39146.33092      39130.71629    206.8720        drrr_15+rroi 
I         84      39130.71629      39130.71629      39141.78439    209.2380         drrr_15+rrg 
I         85      39130.71629      39130.71629      39161.52771    211.9040         drrr_15+rrg 
I         86      39130.71629      39130.71629      39140.90056    214.1060         drrr_15+rrg 
I         87      39130.71629      39130.71629      39150.81147    215.3490        drrr_15+rrri 
I         88      39130.71629      39130.71629      39164.53402    217.9210         drrr_15+rrg 
I         89      39130.71629      39130.71629      39182.50432    220.0640         drrr_15+rrg 
I         90      39130.71629      39130.71629      39178.29176    221.1800        drrr_15+rrri 
I         91      39129.20602      39130.71629      39129.20602    222.2970        drrr_15+rrri 
I         92      39129.20602      39129.20602      39164.59623    223.2810        drrr_15+rroi 
I         93      39129.20602      39129.20602      39179.59315    224.5950        drrr_15+rrri 
I         94      39129.20602      39129.20602      39147.98666    225.8390        drrr_15+rrri 
I         95      39106.25535      39129.20602      39106.25535    226.9720        drrr_15+rrri 
I         96      39106.25535      39106.25535      39137.51759    229.5290         drrr_15+rrg 
I         97      39106.25535      39106.25535      39168.64010    230.7720        drrr_15+rrri 
I         98      39099.66721      39106.25535      39099.66721    231.9890        drrr_15+rroi 
I         99      39097.34094      39099.66721      39097.34094    233.2550        drrr_15+rroi 
I        100      39097.34094      39097.34094      39101.58716    235.3550         drrr_15+rrg 
I        101      39097.34094      39097.34094      39121.67834    236.4920        drrr_15+rroi 
I        102      39097.34094      39097.34094      39113.30639    237.6970        drrr_15+rroi 
I        103      39097.34094      39097.34094      39141.90746    239.7600         drrr_15+rrg 
I        104      39097.34094      39097.34094      39136.48932    240.8300        drrr_15+rrri 
I        105      39097.34094      39097.34094      39125.49931    241.9640        drrr_15+rrri 
I        106      39094.00279      39097.34094      39094.00279    243.2380        drrr_15+rrri 
I        107      39094.00279      39094.00279      39160.49033    245.7540         drrr_15+rrg 
I        108      39094.00279      39094.00279      39099.40164    246.9550        drrr_15+rroi 
I        109      39094.00279      39094.00279      39166.46095    249.2390         drrr_15+rrg 
I        110      39094.00279      39094.00279      39134.38623    250.2870        drrr_15+rroi 
I        111      39094.00279      39094.00279      39120.34456    252.4770         drrr_15+rrg 
I        112      39094.00279      39094.00279      39118.22607    253.5800        drrr_15+rrri 
I        113      39094.00279      39094.00279      39126.24127    256.0030         drrr_15+rrg 
I        114      39081.42373      39094.00279      39081.42373    257.2470        drrr_15+rrri 
I        115      39081.42373      39081.42373      39137.35325    259.7050         drrr_15+rrg 
I        116      39081.42373      39081.42373      39126.22122    262.1380         drrr_15+rrg 
I        117      39081.42373      39081.42373      39132.22256    264.6450         drrr_15+rrg 
I        118      39081.42373      39081.42373      39107.97952    265.8950        drrr_15+rroi 
I        119      39069.36902      39081.42373      39069.36902    267.0630        drrr_15+rrri 
I        120      39069.36902      39069.36902      39072.10039    269.7040         drrr_15+rrg 
I        121      39069.36902      39069.36902      39076.68859    270.8130        drrr_15+rrri 
I        122      39069.36902      39069.36902      39118.68576    273.9210         drrr_15+rrg 
I        123      39069.36902      39069.36902      39086.15103    275.2040        drrr_15+rrri 
I        124      39069.36902      39069.36902      39131.84565    276.3800        drrr_15+rroi 
I        125      39069.36902      39069.36902      39130.14923    278.9090         drrr_15+rrg 
I        126      39069.36902      39069.36902      39103.35751    281.4630         drrr_15+rrg 
I        127      39069.36902      39069.36902      39115.24164    283.6800         drrr_15+rrg 
I        128      39069.36902      39069.36902      39088.14667    284.8720        drrr_15+rrri 
I        129      39069.36902      39069.36902      39089.31357    287.0470         drrr_15+rrg 
I        130      39052.75782      39069.36902      39052.75782    288.3210        drrr_15+rroi 
I        131      39052.75782      39052.75782      39056.17363    289.5130        drrr_15+rrri 
I        132      39052.75782      39052.75782      39068.42006    290.7130        drrr_15+rrri 
I        133      39052.75782      39052.75782      39060.71262    291.8880        drrr_15+rrri 
I        134      39052.75782      39052.75782      39087.99013    294.2880         drrr_15+rrg 
I        135      39052.75782      39052.75782      39078.07026    295.3800        drrr_15+rrri 
I        136      39052.75782      39052.75782      39118.48716    296.4380        drrr_15+rrri 
I        137      39052.75782      39052.75782      39073.75339    298.7960         drrr_15+rrg 
I        138      39052.75782      39052.75782      39056.10293    301.5210         drrr_15+rrg 
I        139      39052.75782      39052.75782      39062.58513    302.5710        drrr_15+rrri 
I        140      39052.75782      39052.75782      39083.93735    303.8380        drrr_15+rrri 
I        141      39052.75782      39052.75782      39114.50678    305.7540         drrr_15+rrg 
I        142      39052.75782      39052.75782      39138.34026    307.9460         drrr_15+rrg 
I        143      39052.75782      39052.75782      39089.60382    309.0300        drrr_15+rrri 
I        144      39052.75782      39052.75782      39089.85847    311.2710         drrr_15+rrg 
I        145      39052.75782      39052.75782      39054.23060    313.3790         drrr_15+rrg 
I        146      39052.75782      39052.75782      39070.65518    314.5300        drrr_15+rrri 
I        147      39050.32736      39052.75782      39050.32736    315.8550        drrr_15+rroi 
I        148      39050.32736      39050.32736      39071.01555    317.9960         drrr_15+rrg 
I        149      39050.32736      39050.32736      39060.93058    320.0710         drrr_15+rrg 
I        150      39050.32736      39050.32736      39060.39286    321.2130        drrr_15+rroi 
I        151      39050.32736      39050.32736      39075.07171    322.3710        drrr_15+rrri 
I        152      39048.59415      39050.32736      39048.59415    324.8630         drrr_15+rrg 
I        153      39048.59415      39048.59415      39092.34214    325.9880        drrr_15+rrri 
I        154      39048.59415      39048.59415      39056.57349    327.2370        drrr_15+rrri 
I        155      39048.59415      39048.59415      39070.82280    328.6960        drrr_15+rroi 
I        156      39048.59415      39048.59415      39138.00745    329.8380        drrr_15+rrri 
I        157      39048.59415      39048.59415      39078.25752    330.9130        drrr_15+rroi 
I        158      39048.59415      39048.59415      39078.70132    332.1380        drrr_15+rrri 
I        159      39048.59415      39048.59415      39087.96712    334.5880         drrr_15+rrg 
I        160      39048.59415      39048.59415      39053.36109    336.9550         drrr_15+rrg 
I        161      39048.59415      39048.59415      39080.68583    338.2040        drrr_15+rrri 
I        162      39048.59415      39048.59415      39127.44408    340.1540         drrr_15+rrg 
I        163      39048.59415      39048.59415      39075.88766    341.2790        drrr_15+rrri 
I        164      39048.59415      39048.59415      39074.48127    343.5210         drrr_15+rrg 
I        165      39048.59415      39048.59415      39082.18464    345.5710         drrr_15+rrg 
I        166      39048.59415      39048.59415      39069.12806    346.8210        drrr_15+rroi 
I        167      39048.59415      39048.59415      39056.47615    349.1960         drrr_15+rrg 
I        168      39035.86448      39048.59415      39035.86448    350.3790        drrr_15+rrri 
I        169      39013.72892      39035.86448      39013.72892    352.4040         drrr_15+rrg 
I        170      39013.72892      39013.72892      39025.22558    353.7120        drrr_15+rroi 
I        171      39013.72892      39013.72892      39089.65196    355.7790         drrr_15+rrg 
I        172      39004.47138      39013.72892      39004.47138    357.7210         drrr_15+rrg 
I        173      38962.66222      39004.47138      38962.66222    359.5620         drrr_15+rrg 
I        174      38962.66222      38962.66222      38994.83530    360.6870        drrr_15+rrri 
I        175      38931.31213      38962.66222      38931.31213    361.8870        drrr_15+rrri 
I        176      38931.31213      38931.31213      38999.28906    364.0870         drrr_15+rrg 
I        177      38931.31213      38931.31213      39091.46687    366.4870         drrr_15+rrg 
I        178      38931.31213      38931.31213      38945.44945    368.5790         drrr_15+rrg 
I        179      38899.60913      38931.31213      38899.60913    370.0030        drrr_15+rroi 
I        180      38899.60913      38899.60913      38961.67725    371.1460        drrr_15+rrri 
I        181      38899.60913      38899.60913      38930.31511    372.3290        drrr_15+rrri 
I        182      38899.60913      38899.60913      38928.97977    373.5370        drrr_15+rroi 
I        183      38899.60913      38899.60913      38922.95995    374.7370        drrr_15+rroi 
I        184      38890.79913      38899.60913      38890.79913    375.9540        drrr_15+rroi 
I        185      38890.79913      38890.79913      38927.52488    378.3870         drrr_15+rrg 
I        186      38889.83140      38890.79913      38889.83140    380.5290         drrr_15+rrg 
I        187      38889.83140      38889.83140      38890.80249    381.8370        drrr_15+rroi 
I        188      38889.83140      38889.83140      38910.37532    382.9950        drrr_15+rroi 
I        189      38889.83140      38889.83140      38918.02460    384.3370        drrr_15+rroi 
I        190      38889.83140      38889.83140      38915.73365    385.6120        drrr_15+rrri 
I        191      38889.83140      38889.83140      38896.31819    386.7700        drrr_15+rroi 
I        192      38889.83140      38889.83140      38893.75402    388.0370        drrr_15+rrri 
I        193      38889.83140      38889.83140      38900.31381    389.2280        drrr_15+rrri 
I        194      38889.83140      38889.83140      38896.42230    390.5120        drrr_15+rroi 
I        195      38889.83140      38889.83140      38909.46342    391.9110        drrr_15+rroi 
I        196      38889.83140      38889.83140      38922.60851    394.2450         drrr_15+rrg 
I        197      38889.83140      38889.83140      38916.47241    395.5030        drrr_15+rroi 
I        198      38889.83140      38889.83140      38917.98455    396.8290        drrr_15+rrri 
I        199      38889.83140      38889.83140      38908.68227    398.0620        drrr_15+rrri 
I        200      38889.83140      38889.83140      38907.61860    400.7950         drrr_15+rrg 
I        201      38889.83140      38889.83140      38928.58610    401.9370        drrr_15+rrri 
I        202      38889.83140      38889.83140      38959.29568    403.0530        drrr_15+rrri 
I        203      38887.01085      38889.83140      38887.01085    404.2240        drrr_15+rroi 
I        204      38887.01085      38887.01085      38973.20562    406.2790         drrr_15+rrg 
I        205      38887.01085      38887.01085      38903.58277    408.4200         drrr_15+rrg 
I        206      38887.01085      38887.01085      38893.18333    410.4530         drrr_15+rrg 
I        207      38887.01085      38887.01085      38941.20539    411.6120        drrr_15+rroi 
I        208      38887.01085      38887.01085      38945.60705    412.7700        drrr_15+rrri 
I        209      38887.01085      38887.01085      38906.71419    414.0290        drrr_15+rroi 
I        210      38887.01085      38887.01085      38932.24318    415.2030        drrr_15+rrri 
I        211      38887.01085      38887.01085      38912.59906    417.8200         drrr_15+rrg 
I        212      38887.01085      38887.01085      38944.07013    418.9610        drrr_15+rrri 
I        213      38886.60583      38887.01085      38886.60583    421.0450         drrr_15+rrg 
I        214      38886.60583      38886.60583      38893.40468    422.1780        drrr_15+rroi 
I        215      38886.60583      38886.60583      38934.92999    423.2700        drrr_15+rroi 
I        216      38886.60583      38886.60583      38929.65613    424.3450        drrr_15+rrri 
I        217      38886.60583      38886.60583      38918.31812    426.5360         drrr_15+rrg 
I        218      38881.33390      38886.60583      38881.33390    427.7530        drrr_15+rrri 
I        219      38881.33390      38881.33390      38907.52250    428.9450        drrr_15+rrri 
I        220      38881.33390      38881.33390      38928.29208    431.1280         drrr_15+rrg 
I        221      38881.33390      38881.33390      38881.77844    433.3780         drrr_15+rrg 
I        222      38881.33390      38881.33390      38912.27448    434.6110        drrr_15+rrri 
I        223      38881.33390      38881.33390      38896.23340    435.8360        drrr_15+rroi 
I        224      38881.33390      38881.33390      38884.18327    437.1610        drrr_15+rrri 
I        225      38881.33390      38881.33390      38886.81141    438.3530        drrr_15+rroi 
I        226      38881.33390      38881.33390      38963.55576    440.3450         drrr_15+rrg 
I        227      38881.33390      38881.33390      38957.74706    442.5450         drrr_15+rrg 
I        228      38873.18027      38881.33390      38873.18027    443.6610        drrr_15+rrri 
I        229      38873.18027      38873.18027      38895.82672    444.8110        drrr_15+rrri 
I        230      38873.18027      38873.18027      38931.22992    446.8690         drrr_15+rrg 
I        231      38852.35871      38873.18027      38852.35871    449.4440         drrr_15+rrg 
I        232      38852.35871      38852.35871      38874.75466    450.6030        drrr_15+rrri 
I        233      38852.35871      38852.35871      38862.49229    451.7860        drrr_15+rrri 
I        234      38836.00519      38852.35871      38836.00519    452.7860        drrr_15+rroi 
I        235      38805.70050      38836.00519      38805.70050    455.0940         drrr_15+rrg 
I        236      38805.70050      38805.70050      38823.73666    456.9690         drrr_15+rrg 
I        237      38805.06882      38805.70050      38805.06882    458.0690        drrr_15+rrri 
I        238      38805.06882      38805.06882      38806.45866    459.2190        drrr_15+rroi 
I        239      38805.06882      38805.06882      38852.15528    460.3030        drrr_15+rrri 
I        240      38805.06882      38805.06882      38892.97339    462.4690         drrr_15+rrg 
I        241      38805.06882      38805.06882      38844.63637    464.3700         drrr_15+rrg 
I        242      38805.06882      38805.06882      38834.35428    465.6360        drrr_15+rrri 
I        243      38805.06882      38805.06882      38829.43746    466.8030        drrr_15+rrri 
I        244      38805.06882      38805.06882      38858.67337    469.0530         drrr_15+rrg 
I        245      38805.06882      38805.06882      38861.44736    470.2360        drrr_15+rrri 
I        246      38801.20957      38805.06882      38801.20957    472.4940         drrr_15+rrg 
I        247      38801.20957      38801.20957      38852.25909    473.5860        drrr_15+rrri 
I        248      38770.35800      38801.20957      38770.35800    474.8530        drrr_15+rroi 
I        249      38770.35800      38770.35800      38780.53758    476.0610        drrr_15+rroi 
I        250      38757.96354      38770.35800      38757.96354    477.2360        drrr_15+rroi 
I        251      38757.96354      38757.96354      38767.46428    478.9530         drrr_15+rrg 
I        252      38757.96354      38757.96354      38803.27942    480.9940         drrr_15+rrg 
I        253      38757.96354      38757.96354      38781.60561    482.0440        drrr_15+rrri 
I        254      38757.96354      38757.96354      38776.76091    484.4280         drrr_15+rrg 
I        255      38757.96354      38757.96354      38835.12318    485.4940        drrr_15+rroi 
I        256      38757.96354      38757.96354      38784.01281    486.6940        drrr_15+rrri 
I        257      38757.96354      38757.96354      38814.48205    488.8610         drrr_15+rrg 
I        258      38742.75050      38757.96354      38742.75050    490.0270        drrr_15+rrri 
I        259      38733.92037      38742.75050      38733.92037    491.1600        drrr_15+rrri 
I        260      38733.92037      38733.92037      38814.52112    493.1940         drrr_15+rrg 
I        261      38708.74074      38733.92037      38708.74074    494.3770        drrr_15+rrri 
I        262      38708.74074      38708.74074      38727.12885    495.6440        drrr_15+rrri 
I        263      38708.74074      38708.74074      38801.78942    497.7360         drrr_15+rrg 
I        264      38708.74074      38708.74074      38712.68846    499.0020        drrr_15+rrri 
I        265      38708.74074      38708.74074      38797.18402    501.2190         drrr_15+rrg 
I        266      38708.74074      38708.74074      38745.27137    503.1190         drrr_15+rrg 
I        267      38708.74074      38708.74074      38711.87491    504.2690        drrr_15+rrri 
I        268      38708.74074      38708.74074      38742.76550    506.5520         drrr_15+rrg 
I        269      38708.74074      38708.74074      38719.19074    507.5520        drrr_15+rroi 
I        270      38708.74074      38708.74074      38709.39363    508.7350        drrr_15+rroi 
I        271      38708.74074      38708.74074      38746.44523    509.8270        drrr_15+rroi 
I        272      38708.74074      38708.74074      38731.30605    511.1190        drrr_15+rrri 
I        273      38708.74074      38708.74074      38730.35729    512.3270        drrr_15+rroi 
I        274      38708.74074      38708.74074      38732.39378    513.3520        drrr_15+rroi 
I        275      38705.92995      38708.74074      38705.92995    514.4770        drrr_15+rroi 
I        276      38705.92995      38705.92995      38709.91346    515.6690        drrr_15+rroi 
I        277      38704.72829      38705.92995      38704.72829    516.8440        drrr_15+rrri 
I        278      38704.72829      38704.72829      38722.07560    517.9690        drrr_15+rroi 
I        279      38704.72829      38704.72829      38712.13294    519.2190        drrr_15+rroi 
I        280      38699.60442      38704.72829      38699.60442    520.4430        drrr_15+rroi 
I        281      38693.16885      38699.60442      38693.16885    521.6270        drrr_15+rrri 
I        282      38693.16885      38693.16885      38704.65891    522.8440        drrr_15+rroi 
I        283      38689.83943      38693.16885      38689.83943    524.7680         drrr_15+rrg 
I        284      38689.83943      38689.83943      38694.25708    526.1100        drrr_15+rrri 
I        285      38686.78678      38689.83943      38686.78678    527.3270        drrr_15+rroi 
I        286      38686.78678      38686.78678      38699.04993    528.5770        drrr_15+rroi 
I        287      38686.78678      38686.78678      38712.11680    529.7350        drrr_15+rrri 
I        288      38686.78678      38686.78678      38770.35837    531.6350         drrr_15+rrg 
I        289      38686.78678      38686.78678      38719.38720    534.1180         drrr_15+rrg 
I        290      38686.78678      38686.78678      38706.46085    535.3930        drrr_15+rroi 
I        291      38673.41985      38686.78678      38673.41985    536.5520        drrr_15+rroi 
I        292      38673.41985      38673.41985      38838.87676    538.2770         drrr_15+rrg 
I        293      38671.35736      38673.41985      38671.35736    539.4430        drrr_15+rrri 
I        294      38671.35736      38671.35736      38698.04681    540.7180        drrr_15+rroi 
I        295      38671.35736      38671.35736      38683.72505    541.9600        drrr_15+rrri 
I        296      38669.94289      38671.35736      38669.94289    542.9200        drrr_15+rrri 
I        297      38669.94289      38669.94289      38718.30244    545.8020         drrr_15+rrg 
I        298      38669.94289      38669.94289      38674.44526    547.0100        drrr_15+rrri 
I        299      38669.94289      38669.94289      38675.28386    548.1020        drrr_15+rrri 
I        300      38669.94289      38669.94289      38676.36446    549.2350        drrr_15+rroi 

Method statistics
S  method    iter  succ  succ-rate%  tot-obj-gain  avg-obj-gain  rel-succ%  net-time  net-time%  brut-time  brut-time%
S  con          1     1   100.00000  -64269.93268  -64269.93268    0.80000  83.44800   15.19350   83.44800    15.19350
S  drrr_15    299    62    20.73579    -660.12443      -2.20777   49.60000   0.50100    0.09122    0.50100     0.09122
S  rrg        101    19    18.81188    -225.36304      -2.23132   15.20000 159.19800   28.98541  159.19800    28.98541
S  rroi        92    20    21.73913    -201.00414      -2.18483   16.00000  44.59700    8.11984   44.59700     8.11984
S  rrri       106    23    21.69811    -233.75726      -2.20526   18.40000  50.60400    9.21354   50.60400     9.21354
S  SUM/AVG    599   125    20.86811  -65590.18155    -109.49947   20.00000 338.34800   61.60350  338.34800    61.60350

T best solution: EADARPSolution(t_routing=46697.177, t_excess=14588.242, obj_val=38669.943, obj_val_valid=true,
    unserved_requests=Int64[])

T best obj: 38669.942886849996
T best iteration: 296
T total iterations: 300
T best time [s]: 542.918
T total time [s]: 549.2350
