EADARP version 11bb-dirty
ARGS: --ifile=EADARP/instances/l2/a180-3600.txt --repair_max_routes=40 --mh_lfreq=1 --mh_checkit=true --only_single_s_visits=false --seed=1479419931 --mh_titer=300 --odir=EADARP/prunedArcs/a180-3600 --oname=run17
Settings:
--alns_gamma=0.025
--alns_segment_size=100
--alns_sigma1=10
--alns_sigma2=9
--alns_sigma3=3
--at_most_one_s=false
--gamma=-1.0
--ifile=EADARP/instances/l2/a180-3600.txt
--infeasible_arcs=EADARP/infeasible_arcs
--insert_charging_otf=true
--insert_cost_noise=0.014
--lns_init_temp_factor=0.0
--lns_temp_dec_factor=0.99
--log_all_sols_fname=
--mh_checkit=true
--mh_lfreq=1
--mh_lnewinc=true
--mh_tciter=-1
--mh_tctime=-1.0
--mh_titer=300
--mh_tobj=-1.0
--mh_ttime=-1.0
--odir=EADARP/prunedArcs/a180-3600
--oname=run17
--only_single_s_visits=false
--repair_max_routes=40
--route_based_ops=0
--seed=1479419931
--tightened_windows=EADARP/tightened_windows
--use_milp_in_otf=0
--xcheck_isfeasible=false

EADARPInstance(EADARP/instances/l2/a180-3600.txt, n=3600, n_K=180, S=[7563, 7564, 7565], Q=14.85, n_F=180, γ=0.7, T_plan=1200.0)

T preprocessing time [s]: 7.763
I       iter             best          obj_old          obj_new        time              method info
I          1      39092.11474     103600.00000      39092.11474     77.3290                 con 
I          2      39092.11474      39092.11474      39148.47295     78.5380        drrr_15+rroi 
I          3      39092.11474      39092.11474      39103.50572     79.6200        drrr_15+rrri 
I          4      39092.11474      39092.11474      39102.11804     80.7070        drrr_15+rrri 
I          5      39092.11474      39092.11474      39112.14451     81.8940        drrr_15+rrri 
I          6      39092.11474      39092.11474      39103.75063     83.4040        drrr_15+rrri 
I          7      39092.11474      39092.11474      39143.59524     84.4220        drrr_15+rrri 
I          8      39063.71184      39092.11474      39063.71184     86.7920         drrr_15+rrg 
I          9      39063.71184      39063.71184      39095.15041     89.2030         drrr_15+rrg 
I         10      39063.71184      39063.71184      39108.40843     91.3170         drrr_15+rrg 
I         11      39063.71184      39063.71184      39072.51571     92.4620        drrr_15+rrri 
I         12      39063.71184      39063.71184      39101.75008     93.6090        drrr_15+rrri 
I         13      39063.71184      39063.71184      39078.45287     95.9740         drrr_15+rrg 
I         14      39063.71184      39063.71184      39101.01450     97.1940        drrr_15+rroi 
I         15      39063.71184      39063.71184      39085.18356     98.3520        drrr_15+rroi 
I         16      39055.45925      39063.71184      39055.45925     99.3830        drrr_15+rrri 
I         17      39053.89483      39055.45925      39053.89483    100.4160        drrr_15+rroi 
I         18      39053.89483      39053.89483      39085.00358    101.5260        drrr_15+rrri 
I         19      39053.89483      39053.89483      39110.75137    102.6290        drrr_15+rrri 
I         20      39053.89483      39053.89483      39077.88869    103.7820        drrr_15+rrri 
I         21      39051.67603      39053.89483      39051.67603    104.9780        drrr_15+rrri 
I         22      39051.67603      39051.67603      39076.00279    106.1150        drrr_15+rroi 
I         23      39051.67603      39051.67603      39067.22316    108.5470         drrr_15+rrg 
I         24      39051.67603      39051.67603      39055.22968    109.6020        drrr_15+rrri 
I         25      39051.67603      39051.67603      39058.22791    110.6530        drrr_15+rrri 
I         26      39051.67603      39051.67603      39109.27515    111.8160        drrr_15+rroi 
I         27      39010.72462      39051.67603      39010.72462    113.7200         drrr_15+rrg 
I         28      39010.72462      39010.72462      39019.06540    114.8920        drrr_15+rroi 
I         29      39010.72462      39010.72462      39016.16168    116.0230        drrr_15+rrri 
I         30      39010.72462      39010.72462      39052.19091    117.0730        drrr_15+rrri 
I         31      39010.72462      39010.72462      39011.59909    118.4290        drrr_15+rroi 
I         32      39009.37166      39010.72462      39009.37166    119.5520        drrr_15+rroi 
I         33      38989.82528      39009.37166      38989.82528    122.1940         drrr_15+rrg 
I         34      38989.82528      38989.82528      39002.81525    123.3560        drrr_15+rrri 
I         35      38989.82528      38989.82528      38993.80448    124.4430        drrr_15+rroi 
I         36      38980.24777      38989.82528      38980.24777    125.6580        drrr_15+rrri 
I         37      38980.24777      38980.24777      39010.71551    126.8350        drrr_15+rroi 
I         38      38980.24777      38980.24777      39020.73941    129.1320         drrr_15+rrg 
I         39      38978.49942      38980.24777      38978.49942    130.3640        drrr_15+rroi 
I         40      38976.28414      38978.49942      38976.28414    131.5400        drrr_15+rroi 
I         41      38939.44910      38976.28414      38939.44910    132.7570        drrr_15+rrri 
I         42      38939.44910      38939.44910      38951.63449    133.8390        drrr_15+rroi 
I         43      38939.44910      38939.44910      38978.57390    135.1050        drrr_15+rroi 
I         44      38939.44910      38939.44910      39009.88714    137.1160         drrr_15+rrg 
I         45      38939.44910      38939.44910      38971.15114    138.2180        drrr_15+rroi 
I         46      38939.44910      38939.44910      38959.89188    139.4800        drrr_15+rroi 
I         47      38939.44910      38939.44910      38994.48560    140.7080        drrr_15+rroi 
I         48      38939.44910      38939.44910      38998.52368    141.8970        drrr_15+rrri 
I         49      38939.44910      38939.44910      38984.34247    144.2510         drrr_15+rrg 
I         50      38939.44910      38939.44910      38995.53930    146.4240         drrr_15+rrg 
I         51      38939.44910      38939.44910      38960.96821    147.5420        drrr_15+rroi 
I         52      38939.44910      38939.44910      39016.01142    148.8000        drrr_15+rroi 
I         53      38927.50041      38939.44910      38927.50041    151.4830         drrr_15+rrg 
I         54      38927.50041      38927.50041      38947.70301    152.5910        drrr_15+rroi 
I         55      38927.50041      38927.50041      38970.70827    153.7310        drrr_15+rrri 
I         56      38893.73215      38927.50041      38893.73215    154.8710        drrr_15+rrri 
I         57      38893.73215      38893.73215      38945.78787    155.9500        drrr_15+rroi 
I         58      38893.73215      38893.73215      38945.74722    157.0730        drrr_15+rrri 
I         59      38893.73215      38893.73215      38923.65938    158.2760        drrr_15+rrri 
I         60      38893.73215      38893.73215      38917.17120    159.4440        drrr_15+rrri 
I         61      38893.73215      38893.73215      38966.80484    160.6360        drrr_15+rrri 
I         62      38893.73215      38893.73215      38918.10865    161.7330        drrr_15+rrri 
I         63      38893.73215      38893.73215      38938.46523    164.1850         drrr_15+rrg 
I         64      38893.73215      38893.73215      38898.85855    165.2240        drrr_15+rroi 
I         65      38893.73215      38893.73215      38948.02300    166.3210        drrr_15+rrri 
I         66      38884.69140      38893.73215      38884.69140    168.7070         drrr_15+rrg 
I         67      38884.69140      38884.69140      38948.19402    169.9000        drrr_15+rrri 
I         68      38884.69140      38884.69140      38893.09404    171.9570         drrr_15+rrg 
I         69      38884.69140      38884.69140      38906.75856    173.1080        drrr_15+rroi 
I         70      38884.69140      38884.69140      38888.54833    174.3080        drrr_15+rroi 
I         71      38884.69140      38884.69140      38923.53376    176.2610         drrr_15+rrg 
I         72      38884.69140      38884.69140      38919.33417    177.3570        drrr_15+rroi 
I         73      38884.69140      38884.69140      38931.12193    178.8760        drrr_15+rrri 
I         74      38884.59780      38884.69140      38884.59780    180.8930         drrr_15+rrg 
I         75      38880.31401      38884.59780      38880.31401    182.0840        drrr_15+rroi 
I         76      38880.31401      38880.31401      38934.89489    183.2830        drrr_15+rrri 
I         77      38880.19957      38880.31401      38880.19957    184.5430        drrr_15+rrri 
I         78      38880.19957      38880.19957      38938.81488    185.6720        drrr_15+rroi 
I         79      38880.19957      38880.19957      38893.74064    188.0990         drrr_15+rrg 
I         80      38871.28828      38880.19957      38871.28828    189.2420        drrr_15+rrri 
I         81      38871.28828      38871.28828      38916.45450    190.3880        drrr_15+rroi 
I         82      38871.28828      38871.28828      38914.71731    191.5280        drrr_15+rrri 
I         83      38871.28828      38871.28828      38890.65923    193.6290         drrr_15+rrg 
I         84      38871.28828      38871.28828      38921.97120    194.7080        drrr_15+rrri 
I         85      38871.28828      38871.28828      38895.08424    196.8900         drrr_15+rrg 
I         86      38871.28828      38871.28828      38895.09008    198.0330        drrr_15+rrri 
I         87      38871.28828      38871.28828      38890.61239    199.1790        drrr_15+rroi 
I         88      38865.90875      38871.28828      38865.90875    201.5120         drrr_15+rrg 
I         89      38849.45748      38865.90875      38849.45748    203.6680         drrr_15+rrg 
I         90      38849.45748      38849.45748      38912.10425    206.0540         drrr_15+rrg 
I         91      38849.45748      38849.45748      38946.03073    207.0550        drrr_15+rroi 
I         92      38849.45748      38849.45748      38951.48926    209.1310         drrr_15+rrg 
I         93      38844.71954      38849.45748      38844.71954    210.3170        drrr_15+rroi 
I         94      38844.71954      38844.71954      38901.80289    212.4570         drrr_15+rrg 
I         95      38844.71954      38844.71954      38873.86335    213.6170        drrr_15+rrri 
I         96      38844.71954      38844.71954      38856.66016    215.6360         drrr_15+rrg 
I         97      38844.71954      38844.71954      38869.88345    216.6680        drrr_15+rrri 
I         98      38844.71954      38844.71954      38904.10943    217.9930        drrr_15+rroi 
I         99      38844.71954      38844.71954      38882.69191    220.1270         drrr_15+rrg 
I        100      38844.71954      38844.71954      38865.07466    221.4010        drrr_15+rrri 
I        101      38844.71954      38844.71954      38887.11033    222.6510        drrr_15+rroi 
I        102      38844.71954      38844.71954      38878.32412    223.8990        drrr_15+rroi 
I        103      38839.07921      38844.71954      38839.07921    225.9220         drrr_15+rrg 
I        104      38839.07921      38839.07921      38858.16888    228.0590         drrr_15+rrg 
I        105      38830.20794      38839.07921      38830.20794    229.2680        drrr_15+rrri 
I        106      38830.20794      38830.20794      38840.15722    231.2580         drrr_15+rrg 
I        107      38810.76308      38830.20794      38810.76308    232.4240        drrr_15+rrri 
I        108      38810.76308      38810.76308      38819.81182    234.5100         drrr_15+rrg 
I        109      38810.76308      38810.76308      38841.56297    237.0170         drrr_15+rrg 
I        110      38810.76308      38810.76308      38847.33154    238.2260        drrr_15+rrri 
I        111      38810.76308      38810.76308      38832.63171    240.1630         drrr_15+rrg 
I        112      38802.36166      38810.76308      38802.36166    242.2930         drrr_15+rrg 
I        113      38802.36166      38802.36166      38805.24477    243.4680        drrr_15+rrri 
I        114      38802.36166      38802.36166      38855.35212    245.4540         drrr_15+rrg 
I        115      38802.36166      38802.36166      38838.30322    246.6170        drrr_15+rrri 
I        116      38802.36166      38802.36166      38880.49092    248.4620         drrr_15+rrg 
I        117      38802.36166      38802.36166      38821.24046    250.6380         drrr_15+rrg 
I        118      38802.36166      38802.36166      38830.84909    251.8710        drrr_15+rrri 
I        119      38802.36166      38802.36166      38831.22699    254.2740         drrr_15+rrg 
I        120      38802.36166      38802.36166      38819.18521    255.3510        drrr_15+rrri 
I        121      38802.36166      38802.36166      38890.69957    257.6220         drrr_15+rrg 
I        122      38791.81710      38802.36166      38791.81710    258.6300        drrr_15+rroi 
I        123      38791.81710      38791.81710      38796.74688    261.1830         drrr_15+rrg 
I        124      38791.81710      38791.81710      38824.62541    262.4740        drrr_15+rrri 
I        125      38791.81710      38791.81710      38857.81461    264.5660         drrr_15+rrg 
I        126      38791.81710      38791.81710      38917.58457    266.7340         drrr_15+rrg 
I        127      38791.81710      38791.81710      38811.26342    267.8390        drrr_15+rroi 
I        128      38791.81710      38791.81710      38804.26351    268.9670        drrr_15+rrri 
I        129      38791.81710      38791.81710      38794.66498    270.0840        drrr_15+rroi 
I        130      38775.50394      38791.81710      38775.50394    271.9480         drrr_15+rrg 
I        131      38775.50394      38775.50394      38815.26706    274.3170         drrr_15+rrg 
I        132      38775.50394      38775.50394      38821.29555    275.5370        drrr_15+rroi 
I        133      38775.50394      38775.50394      38803.46045    276.7450        drrr_15+rrri 
I        134      38775.50394      38775.50394      38811.82414    277.8250        drrr_15+rrri 
I        135      38775.50394      38775.50394      38812.19581    279.0750        drrr_15+rrri 
I        136      38732.58203      38775.50394      38732.58203    280.9540         drrr_15+rrg 
I        137      38732.58203      38732.58203      38748.54664    282.0710        drrr_15+rrri 
I        138      38732.58203      38732.58203      38746.36042    283.2090        drrr_15+rrri 
I        139      38732.58203      38732.58203      38790.29338    285.4370         drrr_15+rrg 
I        140      38732.58203      38732.58203      38775.64070    286.5540        drrr_15+rroi 
I        141      38732.58203      38732.58203      38743.04511    287.6750        drrr_15+rrri 
I        142      38732.58203      38732.58203      38781.28054    290.1610         drrr_15+rrg 
I        143      38732.58203      38732.58203      38769.61876    291.2590        drrr_15+rrri 
I        144      38732.58203      38732.58203      38744.30560    293.2040         drrr_15+rrg 
I        145      38732.58203      38732.58203      38759.49556    294.4090        drrr_15+rroi 
I        146      38732.58203      38732.58203      38741.61021    295.6990        drrr_15+rrri 
I        147      38732.58203      38732.58203      38775.31618    297.9660         drrr_15+rrg 
I        148      38697.33761      38732.58203      38697.33761    299.0980        drrr_15+rrri 
I        149      38697.33761      38697.33761      38726.43637    301.4740         drrr_15+rrg 
I        150      38697.33761      38697.33761      38753.69246    302.6750        drrr_15+rrri 
I        151      38697.33761      38697.33761      38763.69224    304.4960         drrr_15+rrg 
I        152      38697.33761      38697.33761      38735.14343    305.6190        drrr_15+rrri 
I        153      38697.06060      38697.33761      38697.06060    306.8270        drrr_15+rrri 
I        154      38697.06060      38697.06060      38718.25227    307.9410        drrr_15+rroi 
I        155      38697.06060      38697.06060      38769.84783    310.0930         drrr_15+rrg 
I        156      38697.06060      38697.06060      38725.62287    311.1220        drrr_15+rrri 
I        157      38697.06060      38697.06060      38718.20027    313.4510         drrr_15+rrg 
I        158      38697.06060      38697.06060      38761.95157    315.6700         drrr_15+rrg 
I        159      38697.06060      38697.06060      38711.48590    316.7920        drrr_15+rrri 
I        160      38697.06060      38697.06060      38713.48827    318.8700         drrr_15+rrg 
I        161      38697.06060      38697.06060      38739.19220    320.1550        drrr_15+rrri 
I        162      38697.06060      38697.06060      38764.65808    321.2660        drrr_15+rrri 
I        163      38697.06060      38697.06060      38764.52874    323.4860         drrr_15+rrg 
I        164      38697.06060      38697.06060      38737.78609    324.5820        drrr_15+rrri 
I        165      38697.06060      38697.06060      38742.65982    325.7290        drrr_15+rroi 
I        166      38697.06060      38697.06060      38717.01298    328.0650         drrr_15+rrg 
I        167      38697.06060      38697.06060      38705.02731    329.8150         drrr_15+rrg 
I        168      38697.06060      38697.06060      38774.06067    330.7530        drrr_15+rrri 
I        169      38697.06060      38697.06060      38699.60107    331.8490        drrr_15+rrri 
I        170      38697.06060      38697.06060      38729.05372    334.1480         drrr_15+rrg 
I        171      38697.06060      38697.06060      38745.32818    335.3560        drrr_15+rrri 
I        172      38681.06242      38697.06060      38681.06242    336.7040        drrr_15+rroi 
I        173      38681.06242      38681.06242      38729.06596    338.9400         drrr_15+rrg 
I        174      38681.06242      38681.06242      38702.55879    340.1570        drrr_15+rrri 
I        175      38681.06242      38681.06242      38728.84347    342.4000         drrr_15+rrg 
I        176      38681.06242      38681.06242      38713.16261    343.4960        drrr_15+rroi 
I        177      38678.47912      38681.06242      38678.47912    345.6700         drrr_15+rrg 
I        178      38678.47912      38678.47912      38698.65506    346.9660        drrr_15+rrri 
I        179      38678.47912      38678.47912      38691.75928    348.1260        drrr_15+rroi 
I        180      38678.47912      38678.47912      38680.29597    349.0940        drrr_15+rrri 
I        181      38676.19928      38678.47912      38676.19928    350.2430        drrr_15+rrri 
I        182      38676.19928      38676.19928      38708.79598    352.8490         drrr_15+rrg 
I        183      38676.19928      38676.19928      38720.52919    354.1320        drrr_15+rrri 
I        184      38676.19928      38676.19928      38699.12485    355.2920        drrr_15+rroi 
I        185      38672.14360      38676.19928      38672.14360    356.3910        drrr_15+rroi 
I        186      38672.14360      38672.14360      38711.29372    357.6990        drrr_15+rrri 
I        187      38672.14360      38672.14360      38692.61508    358.8800        drrr_15+rroi 
I        188      38672.14360      38672.14360      38718.98320    360.0770        drrr_15+rrri 
I        189      38672.14360      38672.14360      38700.23811    361.2000        drrr_15+rroi 
I        190      38672.14360      38672.14360      38702.05793    362.3030        drrr_15+rroi 
I        191      38672.14360      38672.14360      38684.37405    363.5380        drrr_15+rrri 
I        192      38672.14360      38672.14360      38735.79469    364.4860        drrr_15+rroi 
I        193      38672.14360      38672.14360      38729.12210    365.5990        drrr_15+rroi 
I        194      38669.81995      38672.14360      38669.81995    366.8790        drrr_15+rroi 
I        195      38669.81995      38669.81995      38713.86596    369.4410         drrr_15+rrg 
I        196      38669.81995      38669.81995      38714.40202    370.6700        drrr_15+rrri 
I        197      38669.81995      38669.81995      38678.53246    371.7590        drrr_15+rroi 
I        198      38669.81995      38669.81995      38695.73640    372.8490        drrr_15+rroi 
I        199      38669.81995      38669.81995      38686.00633    374.7970         drrr_15+rrg 
I        200      38669.81995      38669.81995      38707.34921    375.8400        drrr_15+rrri 
I        201      38669.81995      38669.81995      38686.84876    376.9560        drrr_15+rrri 
I        202      38656.93417      38669.81995      38656.93417    378.1690        drrr_15+rroi 
I        203      38656.93417      38656.93417      38688.67495    379.3760        drrr_15+rroi 
I        204      38656.93417      38656.93417      38706.70192    380.5310        drrr_15+rrri 
I        205      38654.16599      38656.93417      38654.16599    382.7490         drrr_15+rrg 
I        206      38654.16599      38654.16599      38679.39759    383.8350        drrr_15+rrri 
I        207      38654.16599      38654.16599      38655.19643    384.9620        drrr_15+rrri 
I        208      38654.16599      38654.16599      38725.72799    386.9940         drrr_15+rrg 
I        209      38654.16599      38654.16599      38696.39880    388.9630         drrr_15+rrg 
I        210      38654.16599      38654.16599      38684.12380    391.0080         drrr_15+rrg 
I        211      38632.86915      38654.16599      38632.86915    392.2230        drrr_15+rroi 
I        212      38632.86915      38632.86915      38634.25614    394.1310         drrr_15+rrg 
I        213      38632.86915      38632.86915      38663.29805    396.0590         drrr_15+rrg 
I        214      38632.86915      38632.86915      38688.77958    397.1260        drrr_15+rroi 
I        215      38632.86915      38632.86915      38649.75874    398.2440        drrr_15+rrri 
I        216      38632.86915      38632.86915      38636.94250    399.4170        drrr_15+rroi 
I        217      38632.86915      38632.86915      38665.70187    400.5740        drrr_15+rrri 
I        218      38632.86915      38632.86915      38694.88320    401.7220        drrr_15+rrri 
I        219      38632.86915      38632.86915      38675.40303    402.9180        drrr_15+rrri 
I        220      38632.86915      38632.86915      38666.25488    405.0240         drrr_15+rrg 
I        221      38632.86915      38632.86915      38675.72308    407.0630         drrr_15+rrg 
I        222      38611.52481      38632.86915      38611.52481    409.5660         drrr_15+rrg 
I        223      38611.52481      38611.52481      38635.55569    410.7080        drrr_15+rrri 
I        224      38611.52481      38611.52481      38677.09387    412.6500         drrr_15+rrg 
I        225      38611.52481      38611.52481      38636.23107    413.6550        drrr_15+rrri 
I        226      38611.52481      38611.52481      38623.55080    414.7740        drrr_15+rroi 
I        227      38611.52481      38611.52481      38667.05996    416.8280         drrr_15+rrg 
I        228      38611.52481      38611.52481      38651.66038    419.2100         drrr_15+rrg 
I        229      38611.52481      38611.52481      38617.84105    420.2490        drrr_15+rrri 
I        230      38611.52481      38611.52481      38644.62016    421.3370        drrr_15+rroi 
I        231      38611.52481      38611.52481      38616.15842    422.3870        drrr_15+rroi 
I        232      38611.52481      38611.52481      38619.01203    423.4620        drrr_15+rroi 
I        233      38611.52481      38611.52481      38613.39185    424.6580        drrr_15+rrri 
I        234      38611.52481      38611.52481      38657.94001    425.7910        drrr_15+rrri 
I        235      38611.52481      38611.52481      38676.44797    427.0020        drrr_15+rrri 
I        236      38611.52481      38611.52481      38653.70642    428.1390        drrr_15+rrri 
I        237      38611.52481      38611.52481      38646.22561    429.3130        drrr_15+rrri 
I        238      38611.52481      38611.52481      38633.37490    430.4730        drrr_15+rroi 
I        239      38603.92971      38611.52481      38603.92971    431.6240        drrr_15+rroi 
I        240      38603.92971      38603.92971      38607.96967    433.4270         drrr_15+rrg 
I        241      38603.92971      38603.92971      38614.85923    434.5240        drrr_15+rrri 
I        242      38603.92971      38603.92971      38624.92588    435.7110        drrr_15+rrri 
I        243      38603.92971      38603.92971      38652.26709    436.8470        drrr_15+rroi 
I        244      38603.92971      38603.92971      38611.50532    438.1600        drrr_15+rrri 
I        245      38603.92971      38603.92971      38616.63453    439.3570        drrr_15+rrri 
I        246      38603.92971      38603.92971      38627.35113    440.4070        drrr_15+rrri 
I        247      38603.92971      38603.92971      38655.23643    441.3870        drrr_15+rrri 
I        248      38599.78310      38603.92971      38599.78310    443.2080         drrr_15+rrg 
I        249      38599.78310      38599.78310      38647.73768    444.2760        drrr_15+rrri 
I        250      38599.78310      38599.78310      38650.30436    446.2410         drrr_15+rrg 
I        251      38599.78310      38599.78310      38638.26722    447.3430        drrr_15+rroi 
I        252      38599.78310      38599.78310      38619.50486    448.4380        drrr_15+rroi 
I        253      38599.78310      38599.78310      38605.15005    449.5110        drrr_15+rroi 
I        254      38599.78310      38599.78310      38626.59804    450.7690        drrr_15+rrri 
I        255      38599.78310      38599.78310      38618.80735    451.7210        drrr_15+rrri 
I        256      38599.78310      38599.78310      38629.04216    452.7970        drrr_15+rrri 
I        257      38599.78310      38599.78310      38604.38972    453.9600        drrr_15+rrri 
I        258      38589.68228      38599.78310      38589.68228    455.1740        drrr_15+rroi 
I        259      38589.68228      38589.68228      38622.45375    456.2670        drrr_15+rroi 
I        260      38589.68228      38589.68228      38609.09036    457.2500        drrr_15+rroi 
I        261      38589.68228      38589.68228      38627.22577    458.7230        drrr_15+rrri 
I        262      38589.68228      38589.68228      38656.30453    459.7810        drrr_15+rroi 
I        263      38589.68228      38589.68228      38598.50102    460.8560        drrr_15+rroi 
I        264      38589.68228      38589.68228      38591.45691    462.0520        drrr_15+rrri 
I        265      38586.20483      38589.68228      38586.20483    463.2140        drrr_15+rrri 
I        266      38586.20483      38586.20483      38612.46382    464.3230        drrr_15+rrri 
I        267      38586.20483      38586.20483      38664.09779    466.2190         drrr_15+rrg 
I        268      38586.20483      38586.20483      38662.98179    467.7970         drrr_15+rrg 
I        269      38586.20483      38586.20483      38611.60066    468.9170        drrr_15+rrri 
I        270      38586.20483      38586.20483      38599.32129    469.9720        drrr_15+rroi 
I        271      38586.20483      38586.20483      38636.99724    472.4110         drrr_15+rrg 
I        272      38572.49955      38586.20483      38572.49955    474.4150         drrr_15+rrg 
I        273      38572.49955      38572.49955      38574.27194    475.4890        drrr_15+rrri 
I        274      38572.49955      38572.49955      38598.14789    477.4790         drrr_15+rrg 
I        275      38572.49955      38572.49955      38626.79399    478.5850        drrr_15+rroi 
I        276      38572.49955      38572.49955      38607.46169    479.6800        drrr_15+rrri 
I        277      38572.49955      38572.49955      38615.76881    480.7550        drrr_15+rroi 
I        278      38572.49955      38572.49955      38611.97491    481.8460        drrr_15+rrri 
I        279      38569.24327      38572.49955      38569.24327    483.0520        drrr_15+rroi 
I        280      38564.33930      38569.24327      38564.33930    484.1590        drrr_15+rroi 
I        281      38564.33930      38564.33930      38574.28473    485.2690        drrr_15+rroi 
I        282      38564.33930      38564.33930      38608.46829    486.2900        drrr_15+rroi 
I        283      38564.33930      38564.33930      38589.19283    487.4520        drrr_15+rroi 
I        284      38564.33930      38564.33930      38566.54139    489.5020         drrr_15+rrg 
I        285      38564.33930      38564.33930      38591.34022    490.6230        drrr_15+rroi 
I        286      38564.33930      38564.33930      38601.39571    491.6700        drrr_15+rroi 
I        287      38564.33930      38564.33930      38581.75561    493.4480         drrr_15+rrg 
I        288      38564.33930      38564.33930      38597.95901    494.4390        drrr_15+rroi 
I        289      38564.33930      38564.33930      38612.09063    496.2830         drrr_15+rrg 
I        290      38564.33930      38564.33930      38618.56110    497.3540        drrr_15+rrri 
I        291      38564.33930      38564.33930      38566.88771    498.5880        drrr_15+rrri 
I        292      38564.33930      38564.33930      38613.26617    500.7170         drrr_15+rrg 
I        293      38564.33930      38564.33930      38569.99955    501.9230        drrr_15+rrri 
I        294      38564.33930      38564.33930      38598.77189    503.0460        drrr_15+rrri 
I        295      38564.33930      38564.33930      38589.28514    504.1220        drrr_15+rrri 
I        296      38564.33930      38564.33930      38608.08139    505.8130         drrr_15+rrg 
I        297      38564.33930      38564.33930      38615.16094    506.8350        drrr_15+rrri 
I        298      38564.33930      38564.33930      38588.82168    507.9540        drrr_15+rroi 
I        299      38547.88468      38564.33930      38547.88468    510.0950         drrr_15+rrg 
I        300      38547.88468      38547.88468      38572.03417    511.1140        drrr_15+rroi 

Method statistics
S  method    iter  succ  succ-rate%  tot-obj-gain  avg-obj-gain  rel-succ%  net-time  net-time%  brut-time  brut-time%
S  con          1     1   100.00000  -64507.88526  -64507.88526    1.05263  76.67800   15.00213   76.67800    15.00213
S  drrr_15    299    47    15.71906    -544.23006      -1.82017   49.47368   0.82300    0.16102    0.82300     0.16102
S  rrg         91    18    19.78022    -266.09368      -2.92411   18.94737 130.84500   25.59996  130.84500    25.59996
S  rroi        89    16    17.97753    -108.86359      -1.22319   16.84211  38.15900    7.46585   38.15900     7.46585
S  rrri       119    13    10.92437    -169.27278      -1.42246   13.68421  52.47100   10.26601   52.47100    10.26601
S  SUM/AVG    599    95    15.85977  -65596.34537    -109.50976   20.00000 298.97600   58.49497  298.97600    58.49497

T best solution: EADARPSolution(t_routing=46439.41, t_excess=14873.309, obj_val=38547.885, obj_val_valid=true,
    unserved_requests=Int64[])

T best obj: 38547.88468374853
T best iteration: 299
T total iterations: 300
T best time [s]: 510.095
T total time [s]: 511.1140
