EADARP version 2def-dirty
ARGS: --ifile=EADARP/instances/b1/a2-24.txt --odir=EADARP/out/a2-24 --oname=run20
Settings:
--alns_gamma=0.025
--alns_segment_size=100
--alns_sigma1=10
--alns_sigma2=9
--alns_sigma3=3
--at_most_one_s=false
--gamma=-1.0
--ifile=EADARP/instances/b1/a2-24.txt
--insert_charging_otf=true
--insert_cost_noise=0.014
--lns_init_temp_factor=0.0
--lns_temp_dec_factor=0.99
--mh_checkit=false
--mh_lfreq=0
--mh_lnewinc=true
--mh_tciter=-1
--mh_tctime=-1.0
--mh_titer=300
--mh_tobj=-1.0
--mh_ttime=-1.0
--odir=EADARP/out/a2-24
--oname=run20
--only_single_s_visits=true
--repair_max_routes=0
--seed=943000572
--use_milp_in_otf=0
--xcheck_isfeasible=false

EADARPInstance(EADARP/instances/b1/a2-24.txt, n=24, n_K=2, S=[55, 56, 57], Q=14.85, n_F=2, γ=0.7, T_plan=720.0, F=[53, 54])

T preprocessing time [s]: 0.26253
I       iter             best          obj_old          obj_new        time              method info
I          1     100002.00000     100024.00000     100002.00000      0.0435                 con 
I          2     100001.00000     100002.00000     100001.00000      0.0510        drrr_15+rrri 
I          5        379.82627     100001.00000        379.82627      0.0619        drrr_15+rrri 
I         12        374.76430        379.82627        374.76430      0.0755         drrr_15+rrg 
I         25        364.07070        374.76430        364.07070      0.0841         drrr_15+rrg 
I         50        363.55981        364.07070        363.55981      0.0992        drrr_15+rroi 
I         52        363.01660        363.55981        363.01660      0.0996        drrr_15+rroi 
I         66        362.76160        363.01660        362.76160      0.1056        drrr_15+rroi 
I         68        361.88147        362.76160        361.88147      0.1058        drrr_15+rrri 
I        300        361.88147        361.88147     100001.00000      0.1638        drrr_15+rrri 

Method statistics
S  method    iter  succ  succ-rate%  tot-obj-gain  avg-obj-gain  rel-succ%  net-time  net-time%  brut-time  brut-time%
S  con          1     1   100.00000     -22.00000     -22.00000    5.88235   0.04345   26.52282    0.04345    26.52282
S  drrr_15    299     8     2.67559  -99640.11853    -333.24454   47.05882   0.00125    0.76356    0.00125     0.76356
S  rrg         86     2     2.32558     -15.75556      -0.18320   11.76471   0.03930   23.98898    0.03930    23.98898
S  rroi       105     3     2.85714      -1.30910      -0.01247   17.64706   0.02728   16.65347    0.02728    16.65347
S  rrri       108     3     2.77778  -99623.05386    -922.43568   17.64706   0.05200   31.73923    0.05200    31.73923
S  SUM/AVG    599    17     2.83806 -199302.23705    -332.72494   20.00000   0.16329   99.66806    0.16329    99.66806

T best solution: EADARPSolution(t_routing=452.764, t_excess=89.235, obj_val=361.881, obj_val_valid=true,
    unserved_requests=Int64[], F_visited=[54, 53], S_visited=[57, 56, 55],
    (1, ([51, 7, 31, 10, 18, 34, 42, 2, 26, 15, 39, 6, 30, 16, 13, 40, 37, 23, 47, 14, 38, 3, 27, 57, 53], [139.952232818893], [24]))
    (2, ([52, 17, 41, 19, 43, 22, 46, 11, 35, 56, 5, 29, 4, 21, 20, 28, 45, 44, 1, 25, 12, 8, 36, 32, 24, 9, 48, 33, 55, 54], [85.43755490386182, 65.37385770309471], [10, 29])))

T best obj: 361.8814731724983
T best iteration: 68
T total iterations: 300
T best time [s]: 0.106
T total time [s]: 0.1638
