EADARP version 2def-dirty
ARGS: --ifile=EADARP/instances/b1/a2-24.txt --odir=EADARP/out/a2-24 --oname=run24
Settings:
--alns_gamma=0.025
--alns_segment_size=100
--alns_sigma1=10
--alns_sigma2=9
--alns_sigma3=3
--at_most_one_s=false
--gamma=-1.0
--ifile=EADARP/instances/b1/a2-24.txt
--insert_charging_otf=true
--insert_cost_noise=0.014
--lns_init_temp_factor=0.0
--lns_temp_dec_factor=0.99
--mh_checkit=false
--mh_lfreq=0
--mh_lnewinc=true
--mh_tciter=-1
--mh_tctime=-1.0
--mh_titer=300
--mh_tobj=-1.0
--mh_ttime=-1.0
--odir=EADARP/out/a2-24
--oname=run24
--only_single_s_visits=true
--repair_max_routes=0
--seed=1149061605
--use_milp_in_otf=0
--xcheck_isfeasible=false

EADARPInstance(EADARP/instances/b1/a2-24.txt, n=24, n_K=2, S=[55, 56, 57], Q=14.85, n_F=2, γ=0.7, T_plan=720.0, F=[53, 54])

T preprocessing time [s]: 0.29715
I       iter             best          obj_old          obj_new        time              method info
I          1     100002.00000     100024.00000     100002.00000      0.0302                 con 
I          2        373.18780     100002.00000        373.18780      0.0381        drrr_15+rroi 
I         31        372.49162        373.18780        372.49162      0.1168        drrr_15+rroi 
I         38        365.34449        372.49162        365.34449      0.1231         drrr_15+rrg 
I         52        363.13919        365.34449        363.13919      0.1333        drrr_15+rroi 
I        225        363.04376        363.13919        363.04376      0.1737        drrr_15+rroi 
I        300        363.04376        363.04376     100002.00000      0.1869         drrr_15+rrg 

Method statistics
S  method    iter  succ  succ-rate%  tot-obj-gain  avg-obj-gain  rel-succ%  net-time  net-time%  brut-time  brut-time%
S  con          1     1   100.00000     -22.00000     -22.00000    9.09091   0.03015   16.13220    0.03015    16.13220
S  drrr_15    299     5     1.67224  -99638.95624    -333.24066   45.45455   0.00122    0.65205    0.00122     0.65205
S  rrg         95     1     1.05263      -7.14713      -0.07523    9.09091   0.05778   30.91362    0.05778    30.91362
S  rroi       107     4     3.73832  -99631.80911    -931.13840   36.36364   0.03193   17.08412    0.03193    17.08412
S  rrri        97     0     0.00000       0.00000       0.00000    0.00000   0.06533   34.95321    0.06533    34.95321
S  SUM/AVG    599    11     1.83639 -199299.91249    -332.72106   20.00000   0.18642   99.73520    0.18642    99.73520

T best solution: EADARPSolution(t_routing=455.7, t_excess=85.075, obj_val=363.044, obj_val_valid=true,
    unserved_requests=Int64[], F_visited=[54, 53], S_visited=[55, 57, 56],
    (1, ([51, 7, 31, 11, 35, 10, 34, 5, 29, 57, 4, 21, 20, 28, 45, 44, 1, 25, 12, 8, 36, 32, 24, 9, 48, 33, 56, 53], [64.58372020502841, 69.33167531513232], [10, 27]))
    (2, ([52, 17, 41, 19, 43, 22, 46, 18, 2, 42, 26, 15, 39, 6, 30, 16, 13, 40, 37, 23, 47, 14, 38, 3, 27, 55, 54], [159.78446014800642], [26])))

T best obj: 363.04375700093254
T best iteration: 225
T total iterations: 300
T best time [s]: 0.174
T total time [s]: 0.1869
