EADARP version 2def-dirty
ARGS: --ifile=EADARP/instances/b1/a2-24.txt --odir=EADARP/out/a2-24 --oname=run38
Settings:
--alns_gamma=0.025
--alns_segment_size=100
--alns_sigma1=10
--alns_sigma2=9
--alns_sigma3=3
--at_most_one_s=false
--gamma=-1.0
--ifile=EADARP/instances/b1/a2-24.txt
--insert_charging_otf=true
--insert_cost_noise=0.014
--lns_init_temp_factor=0.0
--lns_temp_dec_factor=0.99
--mh_checkit=false
--mh_lfreq=0
--mh_lnewinc=true
--mh_tciter=-1
--mh_tctime=-1.0
--mh_titer=300
--mh_tobj=-1.0
--mh_ttime=-1.0
--odir=EADARP/out/a2-24
--oname=run38
--only_single_s_visits=true
--repair_max_routes=0
--seed=111620750
--use_milp_in_otf=0
--xcheck_isfeasible=false

EADARPInstance(EADARP/instances/b1/a2-24.txt, n=24, n_K=2, S=[55, 56, 57], Q=14.85, n_F=2, γ=0.7, T_plan=720.0, F=[53, 54])

T preprocessing time [s]: 0.27691
I       iter             best          obj_old          obj_new        time              method info
I          1     100002.00000     100024.00000     100002.00000      0.0284                 con 
I          2     100001.00000     100002.00000     100001.00000      0.0285        drrr_15+rrri 
I         19        373.57707     100001.00000        373.57707      0.0591        drrr_15+rroi 
I         24        364.16390        373.57707        364.16390      0.0632        drrr_15+rroi 
I         31        363.89117        364.16390        363.89117      0.0660        drrr_15+rrri 
I         77        358.11906        363.89117        358.11906      0.1008        drrr_15+rroi 
I        105        357.20513        358.11906        357.20513      0.1114        drrr_15+rrri 
I        108        356.69771        357.20513        356.69771      0.1117        drrr_15+rrri 
I        235        353.43722        356.69771        353.43722      0.1384        drrr_15+rroi 
I        272        353.18222        353.43722        353.18222      0.1453        drrr_15+rrri 
I        300        353.18222        353.18222     100001.00000      0.1516        drrr_15+rroi 

Method statistics
S  method    iter  succ  succ-rate%  tot-obj-gain  avg-obj-gain  rel-succ%  net-time  net-time%  brut-time  brut-time%
S  con          1     1   100.00000     -22.00000     -22.00000    5.26316   0.02833   18.68240    0.02833    18.68240
S  drrr_15    299     9     3.01003  -99648.81778    -333.27364   47.36842   0.00121    0.79782    0.00121     0.79782
S  rrg         90     0     0.00000       0.00000       0.00000    0.00000   0.05249   34.60869    0.05249    34.60869
S  rroi        98     4     4.08163  -99645.86870   -1016.79458   21.05263   0.02925   19.28890    0.02925    19.28890
S  rrri       111     5     4.50450      -2.94908      -0.02657   26.31579   0.03979   26.23327    0.03979    26.23327
S  SUM/AVG    599    19     3.17195 -199319.63556    -332.75398   20.00000   0.15107   99.61107    0.15107    99.61107

T best solution: EADARPSolution(t_routing=442.551, t_excess=85.075, obj_val=353.182, obj_val_valid=true,
    unserved_requests=Int64[], F_visited=[53, 54], S_visited=[57, 56, 55],
    (1, ([51, 17, 41, 19, 43, 22, 46, 18, 2, 42, 26, 15, 39, 6, 30, 16, 13, 40, 37, 23, 47, 14, 38, 3, 27, 57, 53], [159.85576277085042], [26]))
    (2, ([52, 7, 31, 11, 35, 10, 34, 56, 5, 29, 4, 21, 20, 28, 45, 44, 1, 25, 12, 8, 36, 32, 24, 9, 48, 33, 55, 54], [49.02004759338547, 71.67532603434756], [8, 27])))

T best obj: 353.1822175487448
T best iteration: 272
T total iterations: 300
T best time [s]: 0.145
T total time [s]: 0.1517
