EADARP version 2def-dirty
ARGS: --ifile=EADARP/instances/b1/a2-24.txt --odir=EADARP/out/a2-24 --oname=run4
Settings:
--alns_gamma=0.025
--alns_segment_size=100
--alns_sigma1=10
--alns_sigma2=9
--alns_sigma3=3
--at_most_one_s=false
--gamma=-1.0
--ifile=EADARP/instances/b1/a2-24.txt
--insert_charging_otf=true
--insert_cost_noise=0.014
--lns_init_temp_factor=0.0
--lns_temp_dec_factor=0.99
--mh_checkit=false
--mh_lfreq=0
--mh_lnewinc=true
--mh_tciter=-1
--mh_tctime=-1.0
--mh_titer=300
--mh_tobj=-1.0
--mh_ttime=-1.0
--odir=EADARP/out/a2-24
--oname=run4
--only_single_s_visits=true
--repair_max_routes=0
--seed=2096833007
--use_milp_in_otf=0
--xcheck_isfeasible=false

EADARPInstance(EADARP/instances/b1/a2-24.txt, n=24, n_K=2, S=[55, 56, 57], Q=14.85, n_F=2, γ=0.7, T_plan=720.0, F=[53, 54])

T preprocessing time [s]: 0.2641
I       iter             best          obj_old          obj_new        time              method info
I          1     100002.00000     100024.00000     100002.00000      0.0310                 con 
I          4     100001.00000     100002.00000     100001.00000      0.0357        drrr_15+rrri 
I         19        384.27464     100001.00000        384.27464      0.0722         drrr_15+rrg 
I         27        381.07067        384.27464        381.07067      0.0764        drrr_15+rrri 
I         31        380.82174        381.07067        380.82174      0.0817        drrr_15+rroi 
I         32        375.42461        380.82174        375.42461      0.0820         drrr_15+rrg 
I        188        374.76430        375.42461        374.76430      0.1425        drrr_15+rrri 
I        223        373.89007        374.76430        373.89007      0.1580        drrr_15+rroi 
I        227        372.21412        373.89007        372.21412      0.1586         drrr_15+rrg 
I        272        353.18222        372.21412        353.18222      0.1655         drrr_15+rrg 
I        300        353.18222        353.18222     100001.00000      0.1695        drrr_15+rrri 

Method statistics
S  method    iter  succ  succ-rate%  tot-obj-gain  avg-obj-gain  rel-succ%  net-time  net-time%  brut-time  brut-time%
S  con          1     1   100.00000     -22.00000     -22.00000    5.26316   0.03100   18.28563    0.03100    18.28563
S  drrr_15    299     9     3.01003  -99648.81778    -333.27364   47.36842   0.00124    0.73169    0.00124     0.73169
S  rrg        102     4     3.92157  -99642.83034    -976.89049   21.05263   0.06914   40.77914    0.06914    40.77914
S  rroi        98     2     2.04082      -1.12316      -0.01146   10.52632   0.01751   10.32817    0.01751    10.32817
S  rrri        99     3     3.03030      -4.86429      -0.04913   15.78947   0.05008   29.53646    0.05008    29.53646
S  SUM/AVG    599    19     3.17195 -199319.63556    -332.75398   20.00000   0.16896   99.66109    0.16896    99.66109

T best solution: EADARPSolution(t_routing=442.551, t_excess=85.075, obj_val=353.182, obj_val_valid=true,
    unserved_requests=Int64[], F_visited=[53, 54], S_visited=[56, 55, 57],
    (1, ([51, 7, 31, 11, 35, 10, 34, 56, 5, 29, 4, 21, 20, 28, 45, 44, 1, 25, 12, 8, 36, 32, 24, 9, 48, 33, 55, 53], [49.02004759338547, 71.67532603434756], [8, 27]))
    (2, ([52, 17, 41, 19, 43, 22, 46, 18, 2, 42, 26, 15, 39, 6, 30, 16, 13, 40, 37, 23, 47, 14, 38, 3, 27, 57, 54], [159.85576277085042], [26])))

T best obj: 353.1822175487448
T best iteration: 272
T total iterations: 300
T best time [s]: 0.165
T total time [s]: 0.1695
