EADARP version 2def-dirty
ARGS: --ifile=EADARP/instances/b1/a2-24.txt --odir=EADARP/out/a2-24 --oname=run46
Settings:
--alns_gamma=0.025
--alns_segment_size=100
--alns_sigma1=10
--alns_sigma2=9
--alns_sigma3=3
--at_most_one_s=false
--gamma=-1.0
--ifile=EADARP/instances/b1/a2-24.txt
--insert_charging_otf=true
--insert_cost_noise=0.014
--lns_init_temp_factor=0.0
--lns_temp_dec_factor=0.99
--mh_checkit=false
--mh_lfreq=0
--mh_lnewinc=true
--mh_tciter=-1
--mh_tctime=-1.0
--mh_titer=300
--mh_tobj=-1.0
--mh_ttime=-1.0
--odir=EADARP/out/a2-24
--oname=run46
--only_single_s_visits=true
--repair_max_routes=0
--seed=882607590
--use_milp_in_otf=0
--xcheck_isfeasible=false

EADARPInstance(EADARP/instances/b1/a2-24.txt, n=24, n_K=2, S=[55, 56, 57], Q=14.85, n_F=2, γ=0.7, T_plan=720.0, F=[53, 54])

T preprocessing time [s]: 0.27263
I       iter             best          obj_old          obj_new        time              method info
I          1     100002.00000     100024.00000     100002.00000      0.0283                 con 
I          2        373.31793     100002.00000        373.31793      0.0378        drrr_15+rrri 
I          5        370.21481        373.31793        370.21481      0.0476        drrr_15+rroi 
I         16        370.09661        370.21481        370.09661      0.0657        drrr_15+rroi 
I         44        369.39620        370.09661        369.39620      0.0902         drrr_15+rrg 
I         92        365.34449        369.39620        365.34449      0.1090        drrr_15+rroi 
I        100        363.04376        365.34449        363.04376      0.1100        drrr_15+rroi 
I        143        362.07136        363.04376        362.07136      0.1203        drrr_15+rroi 
I        152        357.20513        362.07136        357.20513      0.1214        drrr_15+rrri 
I        203        353.18222        357.20513        353.18222      0.1294        drrr_15+rroi 
I        300        353.18222        353.18222     100002.00000      0.1432         drrr_15+rrg 

Method statistics
S  method    iter  succ  succ-rate%  tot-obj-gain  avg-obj-gain  rel-succ%  net-time  net-time%  brut-time  brut-time%
S  con          1     1   100.00000     -22.00000     -22.00000    5.26316   0.02832   19.76645    0.02832    19.76645
S  drrr_15    299     9     3.01003  -99648.81778    -333.27364   47.36842   0.00122    0.85299    0.00122     0.85299
S  rrg         95     1     1.05263      -0.70040      -0.00737    5.26316   0.03846   26.85004    0.03846    26.85004
S  rroi        99     6     6.06061     -14.56908      -0.14716   31.57895   0.02465   17.20681    0.02465    17.20681
S  rrri       105     2     1.90476  -99633.54830    -948.89094   10.52632   0.05003   34.92259    0.05003    34.92259
S  SUM/AVG    599    19     3.17195 -199319.63556    -332.75398   20.00000   0.14267   99.59889    0.14267    99.59889

T best solution: EADARPSolution(t_routing=442.551, t_excess=85.075, obj_val=353.182, obj_val_valid=true,
    unserved_requests=Int64[], F_visited=[54, 53], S_visited=[57, 56, 55],
    (1, ([51, 7, 31, 11, 35, 10, 34, 56, 5, 29, 4, 21, 20, 28, 45, 44, 1, 25, 12, 8, 36, 32, 24, 9, 48, 33, 55, 53], [49.02004759338547, 71.67532603434756], [8, 27]))
    (2, ([52, 17, 41, 19, 43, 22, 46, 18, 2, 42, 26, 15, 39, 6, 30, 16, 13, 40, 37, 23, 47, 14, 38, 3, 27, 57, 54], [159.85576277085042], [26])))

T best obj: 353.1822175487448
T best iteration: 203
T total iterations: 300
T best time [s]: 0.129
T total time [s]: 0.1432
