EADARP version 2def-dirty
ARGS: --ifile=EADARP/instances/b1/a2-24.txt --odir=EADARP/out/a2-24 --oname=run53
Settings:
--alns_gamma=0.025
--alns_segment_size=100
--alns_sigma1=10
--alns_sigma2=9
--alns_sigma3=3
--at_most_one_s=false
--gamma=-1.0
--ifile=EADARP/instances/b1/a2-24.txt
--insert_charging_otf=true
--insert_cost_noise=0.014
--lns_init_temp_factor=0.0
--lns_temp_dec_factor=0.99
--mh_checkit=false
--mh_lfreq=0
--mh_lnewinc=true
--mh_tciter=-1
--mh_tctime=-1.0
--mh_titer=300
--mh_tobj=-1.0
--mh_ttime=-1.0
--odir=EADARP/out/a2-24
--oname=run53
--only_single_s_visits=true
--repair_max_routes=0
--seed=657893158
--use_milp_in_otf=0
--xcheck_isfeasible=false

EADARPInstance(EADARP/instances/b1/a2-24.txt, n=24, n_K=2, S=[55, 56, 57], Q=14.85, n_F=2, γ=0.7, T_plan=720.0, F=[53, 54])

T preprocessing time [s]: 0.27094
I       iter             best          obj_old          obj_new        time              method info
I          1     100002.00000     100024.00000     100002.00000      0.0285                 con 
I          4     100001.00000     100002.00000     100001.00000      0.0490        drrr_15+rrri 
I         36        391.53879     100001.00000        391.53879      0.0921        drrr_15+rroi 
I         40        378.29417        391.53879        378.29417      0.0941        drrr_15+rrri 
I         41        377.22814        378.29417        377.22814      0.0967        drrr_15+rroi 
I         50        371.08619        377.22814        371.08619      0.1022         drrr_15+rrg 
I         56        366.37549        371.08619        366.37549      0.1054         drrr_15+rrg 
I         88        357.20513        366.37549        357.20513      0.1193        drrr_15+rroi 
I        111        353.18222        357.20513        353.18222      0.1225        drrr_15+rroi 
I        300        353.18222        353.18222     100001.00000      0.1560        drrr_15+rrri 

Method statistics
S  method    iter  succ  succ-rate%  tot-obj-gain  avg-obj-gain  rel-succ%  net-time  net-time%  brut-time  brut-time%
S  con          1     1   100.00000     -22.00000     -22.00000    5.88235   0.02847   18.24937    0.02847    18.24937
S  drrr_15    299     8     2.67559  -99648.81778    -333.27364   47.05882   0.00123    0.78917    0.00123     0.78917
S  rrg        103     2     1.94175     -10.85264      -0.10537   11.76471   0.05643   36.16925    0.05643    36.16925
S  rroi       100     4     4.00000  -99623.72052    -996.23721   23.52941   0.01557    9.97697    0.01557     9.97697
S  rrri        96     2     2.08333     -14.24462      -0.14838   11.76471   0.05374   34.44435    0.05374    34.44435
S  SUM/AVG    599    17     2.83806 -199319.63556    -332.75398   20.00000   0.15543   99.62910    0.15543    99.62910

T best solution: EADARPSolution(t_routing=442.551, t_excess=85.075, obj_val=353.182, obj_val_valid=true,
    unserved_requests=Int64[], F_visited=[54, 53], S_visited=[57, 56, 55],
    (1, ([51, 17, 41, 19, 43, 22, 46, 18, 2, 42, 26, 15, 39, 6, 30, 16, 13, 40, 37, 23, 47, 14, 38, 3, 27, 57, 53], [159.85576277085042], [26]))
    (2, ([52, 7, 31, 11, 35, 10, 34, 56, 5, 29, 4, 21, 20, 28, 45, 44, 1, 25, 12, 8, 36, 32, 24, 9, 48, 33, 55, 54], [49.02004759338547, 71.67532603434756], [8, 27])))

T best obj: 353.1822175487448
T best iteration: 111
T total iterations: 300
T best time [s]: 0.122
T total time [s]: 0.1560
