EADARP version 2def-dirty
ARGS: --ifile=EADARP/instances/b1/a2-24.txt --odir=EADARP/out/a2-24 --oname=run56
Settings:
--alns_gamma=0.025
--alns_segment_size=100
--alns_sigma1=10
--alns_sigma2=9
--alns_sigma3=3
--at_most_one_s=false
--gamma=-1.0
--ifile=EADARP/instances/b1/a2-24.txt
--insert_charging_otf=true
--insert_cost_noise=0.014
--lns_init_temp_factor=0.0
--lns_temp_dec_factor=0.99
--mh_checkit=false
--mh_lfreq=0
--mh_lnewinc=true
--mh_tciter=-1
--mh_tctime=-1.0
--mh_titer=300
--mh_tobj=-1.0
--mh_ttime=-1.0
--odir=EADARP/out/a2-24
--oname=run56
--only_single_s_visits=true
--repair_max_routes=0
--seed=404208170
--use_milp_in_otf=0
--xcheck_isfeasible=false

EADARPInstance(EADARP/instances/b1/a2-24.txt, n=24, n_K=2, S=[55, 56, 57], Q=14.85, n_F=2, γ=0.7, T_plan=720.0, F=[53, 54])

T preprocessing time [s]: 0.28123
I       iter             best          obj_old          obj_new        time              method info
I          1     100002.00000     100024.00000     100002.00000      0.0346                 con 
I          5     100001.00000     100002.00000     100001.00000      0.0524         drrr_15+rrg 
I         39        381.92602     100001.00000        381.92602      0.0997         drrr_15+rrg 
I        100        376.23040        381.92602        376.23040      0.1208        drrr_15+rroi 
I        181        375.53422        376.23040        375.53422      0.1458         drrr_15+rrg 
I        229        365.82634        375.53422        365.82634      0.1522        drrr_15+rroi 
I        235        365.34449        365.82634        365.34449      0.1555        drrr_15+rroi 
I        300        365.34449        365.34449     100001.00000      0.1717         drrr_15+rrg 

Method statistics
S  method    iter  succ  succ-rate%  tot-obj-gain  avg-obj-gain  rel-succ%  net-time  net-time%  brut-time  brut-time%
S  con          1     1   100.00000     -22.00000     -22.00000    7.69231   0.03460   20.14710    0.03460    20.14710
S  drrr_15    299     6     2.00669  -99636.65551    -333.23296   46.15385   0.00127    0.73676    0.00127     0.73676
S  rrg        101     3     2.97030  -99620.77016    -986.34426   23.07692   0.06037   35.15175    0.06037    35.15175
S  rroi       102     3     2.94118     -15.88535      -0.15574   23.07692   0.02600   15.13695    0.02600    15.13695
S  rrri        96     0     0.00000       0.00000       0.00000    0.00000   0.04876   28.39375    0.04876    28.39375
S  SUM/AVG    599    13     2.17028 -199295.31103    -332.71337   20.00000   0.17099   99.56630    0.17099    99.56630

T best solution: EADARPSolution(t_routing=462.007, t_excess=75.358, obj_val=365.344, obj_val_valid=true,
    unserved_requests=Int64[], F_visited=[54, 53], S_visited=[55, 57, 56],
    (1, ([51, 7, 31, 11, 35, 10, 34, 5, 29, 57, 4, 21, 28, 45, 14, 38, 3, 27, 12, 8, 36, 32, 24, 9, 48, 33, 56, 53], [75.73303080612936, 69.33167531513232], [10, 27]))
    (2, ([52, 17, 41, 19, 43, 22, 46, 18, 2, 42, 26, 15, 39, 6, 30, 16, 13, 40, 37, 20, 44, 1, 23, 25, 47, 55, 54], [154.94190224769056], [26])))

T best obj: 365.3444858061524
T best iteration: 235
T total iterations: 300
T best time [s]: 0.155
T total time [s]: 0.1717
