EADARP version 2def-dirty
ARGS: --ifile=EADARP/instances/b1/a2-24.txt --odir=EADARP/out/a2-24 --oname=run66
Settings:
--alns_gamma=0.025
--alns_segment_size=100
--alns_sigma1=10
--alns_sigma2=9
--alns_sigma3=3
--at_most_one_s=false
--gamma=-1.0
--ifile=EADARP/instances/b1/a2-24.txt
--insert_charging_otf=true
--insert_cost_noise=0.014
--lns_init_temp_factor=0.0
--lns_temp_dec_factor=0.99
--mh_checkit=false
--mh_lfreq=0
--mh_lnewinc=true
--mh_tciter=-1
--mh_tctime=-1.0
--mh_titer=300
--mh_tobj=-1.0
--mh_ttime=-1.0
--odir=EADARP/out/a2-24
--oname=run66
--only_single_s_visits=true
--repair_max_routes=0
--seed=1770911602
--use_milp_in_otf=0
--xcheck_isfeasible=false

EADARPInstance(EADARP/instances/b1/a2-24.txt, n=24, n_K=2, S=[55, 56, 57], Q=14.85, n_F=2, γ=0.7, T_plan=720.0, F=[53, 54])

T preprocessing time [s]: 0.26822
I       iter             best          obj_old          obj_new        time              method info
I          1     100002.00000     100024.00000     100002.00000      0.0291                 con 
I         10     100001.00000     100002.00000     100001.00000      0.0650        drrr_15+rrri 
I         43        383.89383     100001.00000        383.89383      0.1093        drrr_15+rrri 
I         46        374.57584        383.89383        374.57584      0.1095        drrr_15+rrri 
I         99        368.99090        374.57584        368.99090      0.1271        drrr_15+rroi 
I        102        367.36577        368.99090        367.36577      0.1276         drrr_15+rrg 
I        105        359.61770        367.36577        359.61770      0.1278        drrr_15+rroi 
I        126        353.18222        359.61770        353.18222      0.1365        drrr_15+rroi 
I        300        353.18222        353.18222     100003.00000      0.1840        drrr_15+rrri 

Method statistics
S  method    iter  succ  succ-rate%  tot-obj-gain  avg-obj-gain  rel-succ%  net-time  net-time%  brut-time  brut-time%
S  con          1     1   100.00000     -22.00000     -22.00000    6.66667   0.02904   15.78011    0.02904    15.78011
S  drrr_15    299     7     2.34114  -99648.81778    -333.27364   46.66667   0.00125    0.67880    0.00125     0.67880
S  rrg         96     1     1.04167      -1.62513      -0.01693    6.66667   0.07822   42.50000    0.07822    42.50000
S  rroi       110     3     2.72727     -19.76849      -0.17971   20.00000   0.03135   17.03122    0.03135    17.03122
S  rrri        93     3     3.22581  -99627.42416   -1071.26263   20.00000   0.04353   23.65222    0.04353    23.65222
S  SUM/AVG    599    15     2.50417 -199319.63556    -332.75398   20.00000   0.18339   99.64234    0.18339    99.64234

T best solution: EADARPSolution(t_routing=442.551, t_excess=85.075, obj_val=353.182, obj_val_valid=true,
    unserved_requests=Int64[], F_visited=[53, 54], S_visited=[57, 56, 55],
    (1, ([51, 17, 41, 19, 43, 22, 46, 18, 2, 42, 26, 15, 39, 6, 30, 16, 13, 40, 37, 23, 47, 14, 38, 3, 27, 57, 53], [159.85576277085042], [26]))
    (2, ([52, 7, 31, 11, 35, 10, 34, 56, 5, 29, 4, 21, 20, 28, 45, 44, 1, 25, 12, 8, 36, 32, 24, 9, 48, 33, 55, 54], [49.02004759338547, 71.67532603434756], [8, 27])))

T best obj: 353.1822175487448
T best iteration: 126
T total iterations: 300
T best time [s]: 0.137
T total time [s]: 0.1840
