EADARP version 2def-dirty
ARGS: --ifile=EADARP/instances/b1/a2-24.txt --odir=EADARP/out/a2-24 --oname=run63
Settings:
--alns_gamma=0.025
--alns_segment_size=100
--alns_sigma1=10
--alns_sigma2=9
--alns_sigma3=3
--at_most_one_s=false
--gamma=-1.0
--ifile=EADARP/instances/b1/a2-24.txt
--insert_charging_otf=true
--insert_cost_noise=0.014
--lns_init_temp_factor=0.0
--lns_temp_dec_factor=0.99
--mh_checkit=false
--mh_lfreq=0
--mh_lnewinc=true
--mh_tciter=-1
--mh_tctime=-1.0
--mh_titer=300
--mh_tobj=-1.0
--mh_ttime=-1.0
--odir=EADARP/out/a2-24
--oname=run63
--only_single_s_visits=true
--repair_max_routes=0
--seed=1101915778
--use_milp_in_otf=0
--xcheck_isfeasible=false

EADARPInstance(EADARP/instances/b1/a2-24.txt, n=24, n_K=2, S=[55, 56, 57], Q=14.85, n_F=2, γ=0.7, T_plan=720.0, F=[53, 54])

T preprocessing time [s]: 0.2619
I       iter             best          obj_old          obj_new        time              method info
I          1     100002.00000     100024.00000     100002.00000      0.0301                 con 
I         13     100001.00000     100002.00000     100001.00000      0.0663        drrr_15+rroi 
I         17        381.46350     100001.00000        381.46350      0.0691        drrr_15+rroi 
I         30        380.91656        381.46350        380.91656      0.0831        drrr_15+rroi 
I         34        367.51124        380.91656        367.51124      0.0854        drrr_15+rroi 
I         48        363.04376        367.51124        363.04376      0.0913        drrr_15+rroi 
I        144        362.32635        363.04376        362.32635      0.1145        drrr_15+rroi 
I        175        354.31735        362.32635        354.31735      0.1215        drrr_15+rroi 
I        176        354.06235        354.31735        354.06235      0.1216        drrr_15+rrri 
I        191        353.18222        354.06235        353.18222      0.1259        drrr_15+rroi 
I        300        353.18222        353.18222     100001.00000      0.1548         drrr_15+rrg 

Method statistics
S  method    iter  succ  succ-rate%  tot-obj-gain  avg-obj-gain  rel-succ%  net-time  net-time%  brut-time  brut-time%
S  con          1     1   100.00000     -22.00000     -22.00000    5.26316   0.03007   19.41953    0.03007    19.41953
S  drrr_15    299     9     3.01003  -99648.81778    -333.27364   47.36842   0.00119    0.77084    0.00119     0.77084
S  rrg        101     0     0.00000       0.00000       0.00000    0.00000   0.05848   37.76232    0.05848    37.76232
S  rroi        95     8     8.42105  -99648.56278   -1048.93224   42.10526   0.01868   12.06210    0.01868    12.06210
S  rrri       103     1     0.97087      -0.25500      -0.00248    5.26316   0.04585   29.60340    0.04585    29.60340
S  SUM/AVG    599    19     3.17195 -199319.63556    -332.75398   20.00000   0.15427   99.61820    0.15427    99.61820

T best solution: EADARPSolution(t_routing=442.551, t_excess=85.075, obj_val=353.182, obj_val_valid=true,
    unserved_requests=Int64[], F_visited=[54, 53], S_visited=[57, 56, 55],
    (1, ([51, 17, 41, 19, 43, 22, 46, 18, 2, 42, 26, 15, 39, 6, 30, 16, 13, 40, 37, 23, 47, 14, 38, 3, 27, 57, 53], [159.85576277085042], [26]))
    (2, ([52, 7, 31, 11, 35, 10, 34, 56, 5, 29, 4, 21, 20, 28, 45, 44, 1, 25, 12, 8, 36, 32, 24, 9, 48, 33, 55, 54], [49.02004759338547, 71.67532603434756], [8, 27])))

T best obj: 353.1822175487448
T best iteration: 191
T total iterations: 300
T best time [s]: 0.126
T total time [s]: 0.1549
