EADARP version 2def-dirty
ARGS: --ifile=EADARP/instances/b1/a2-24.txt --odir=EADARP/out/a2-24 --oname=run74
Settings:
--alns_gamma=0.025
--alns_segment_size=100
--alns_sigma1=10
--alns_sigma2=9
--alns_sigma3=3
--at_most_one_s=false
--gamma=-1.0
--ifile=EADARP/instances/b1/a2-24.txt
--insert_charging_otf=true
--insert_cost_noise=0.014
--lns_init_temp_factor=0.0
--lns_temp_dec_factor=0.99
--mh_checkit=false
--mh_lfreq=0
--mh_lnewinc=true
--mh_tciter=-1
--mh_tctime=-1.0
--mh_titer=300
--mh_tobj=-1.0
--mh_ttime=-1.0
--odir=EADARP/out/a2-24
--oname=run74
--only_single_s_visits=true
--repair_max_routes=0
--seed=2127079001
--use_milp_in_otf=0
--xcheck_isfeasible=false

EADARPInstance(EADARP/instances/b1/a2-24.txt, n=24, n_K=2, S=[55, 56, 57], Q=14.85, n_F=2, γ=0.7, T_plan=720.0, F=[53, 54])

T preprocessing time [s]: 0.26167
I       iter             best          obj_old          obj_new        time              method info
I          1     100002.00000     100024.00000     100002.00000      0.0295                 con 
I          3        376.44907     100002.00000        376.44907      0.0362        drrr_15+rroi 
I         16        362.07136        376.44907        362.07136      0.0522        drrr_15+rroi 
I         48        353.43722        362.07136        353.43722      0.0724        drrr_15+rroi 
I        196        353.18222        353.43722        353.18222      0.1435         drrr_15+rrg 
I        300        353.18222        353.18222     100002.00000      0.1612        drrr_15+rroi 

Method statistics
S  method    iter  succ  succ-rate%  tot-obj-gain  avg-obj-gain  rel-succ%  net-time  net-time%  brut-time  brut-time%
S  con          1     1   100.00000     -22.00000     -22.00000   11.11111   0.02945   18.26506    0.02945    18.26506
S  drrr_15    299     4     1.33779  -99648.81778    -333.27364   44.44444   0.00123    0.76098    0.00123     0.76098
S  rrg        108     1     0.92593      -0.25500      -0.00236   11.11111   0.05983   37.11128    0.05983    37.11128
S  rroi        93     3     3.22581  -99648.56278   -1071.48992   33.33333   0.02067   12.81825    0.02067    12.81825
S  rrri        98     0     0.00000       0.00000       0.00000    0.00000   0.04949   30.69913    0.04949    30.69913
S  SUM/AVG    599     9     1.50250 -199319.63556    -332.75398   20.00000   0.16067   99.65470    0.16067    99.65470

T best solution: EADARPSolution(t_routing=442.551, t_excess=85.075, obj_val=353.182, obj_val_valid=true,
    unserved_requests=Int64[], F_visited=[54, 53], S_visited=[56, 55, 57],
    (1, ([51, 7, 31, 11, 35, 10, 34, 56, 5, 29, 4, 21, 20, 28, 45, 44, 1, 25, 12, 8, 36, 32, 24, 9, 48, 33, 55, 53], [49.02004759338547, 71.67532603434756], [8, 27]))
    (2, ([52, 17, 41, 19, 43, 22, 46, 18, 2, 42, 26, 15, 39, 6, 30, 16, 13, 40, 37, 23, 47, 14, 38, 3, 27, 57, 54], [159.85576277085042], [26])))

T best obj: 353.1822175487448
T best iteration: 196
T total iterations: 300
T best time [s]: 0.144
T total time [s]: 0.1612
