EADARP version 2def-dirty
ARGS: --ifile=EADARP/instances/b1/a2-24.txt --odir=EADARP/out/a2-24 --oname=run81
Settings:
--alns_gamma=0.025
--alns_segment_size=100
--alns_sigma1=10
--alns_sigma2=9
--alns_sigma3=3
--at_most_one_s=false
--gamma=-1.0
--ifile=EADARP/instances/b1/a2-24.txt
--insert_charging_otf=true
--insert_cost_noise=0.014
--lns_init_temp_factor=0.0
--lns_temp_dec_factor=0.99
--mh_checkit=false
--mh_lfreq=0
--mh_lnewinc=true
--mh_tciter=-1
--mh_tctime=-1.0
--mh_titer=300
--mh_tobj=-1.0
--mh_ttime=-1.0
--odir=EADARP/out/a2-24
--oname=run81
--only_single_s_visits=true
--repair_max_routes=0
--seed=1029472425
--use_milp_in_otf=0
--xcheck_isfeasible=false

EADARPInstance(EADARP/instances/b1/a2-24.txt, n=24, n_K=2, S=[55, 56, 57], Q=14.85, n_F=2, γ=0.7, T_plan=720.0, F=[53, 54])

T preprocessing time [s]: 0.26353
I       iter             best          obj_old          obj_new        time              method info
I          1     100002.00000     100024.00000     100002.00000      0.0302                 con 
I          5     100001.00000     100002.00000     100001.00000      0.0466         drrr_15+rrg 
I          9        392.77818     100001.00000        392.77818      0.0518        drrr_15+rroi 
I         17        381.46350        392.77818        381.46350      0.0692        drrr_15+rroi 
I         23        369.77484        381.46350        369.77484      0.0784        drrr_15+rroi 
I         33        367.53307        369.77484        367.53307      0.0825        drrr_15+rroi 
I         69        363.04376        367.53307        363.04376      0.0965        drrr_15+rroi 
I        160        362.07136        363.04376        362.07136      0.1166        drrr_15+rroi 
I        198        361.13776        362.07136        361.13776      0.1289        drrr_15+rroi 
I        300        361.13776        361.13776     100002.00000      0.1591         drrr_15+rrg 

Method statistics
S  method    iter  succ  succ-rate%  tot-obj-gain  avg-obj-gain  rel-succ%  net-time  net-time%  brut-time  brut-time%
S  con          1     1   100.00000     -22.00000     -22.00000    5.88235   0.03020   18.97741    0.03020    18.97741
S  drrr_15    299     8     2.67559  -99640.86224    -333.24703   47.05882   0.00118    0.74181    0.00118     0.74181
S  rrg         86     1     1.16279      -1.00000      -0.01163    5.88235   0.05172   32.49685    0.05172    32.49685
S  rroi       110     7     6.36364  -99639.86224    -905.81693   41.17647   0.03185   20.00908    0.03185    20.00908
S  rrri       103     0     0.00000       0.00000       0.00000    0.00000   0.04362   27.40530    0.04362    27.40530
S  SUM/AVG    599    17     2.83806 -199303.72449    -332.72742   20.00000   0.15857   99.63044    0.15857    99.63044

T best solution: EADARPSolution(t_routing=451.772, t_excess=89.235, obj_val=361.138, obj_val_valid=true,
    unserved_requests=Int64[], F_visited=[54, 53], S_visited=[57, 56, 55],
    (1, ([51, 17, 41, 19, 43, 22, 46, 56, 5, 29, 4, 21, 20, 28, 45, 44, 1, 25, 12, 8, 36, 32, 24, 9, 48, 33, 55, 53], [65.94933682995867, 71.67532603434756], [8, 27]))
    (2, ([52, 7, 31, 11, 35, 10, 18, 34, 42, 2, 26, 15, 39, 6, 30, 16, 13, 40, 37, 23, 47, 14, 38, 3, 27, 57, 54], [152.14736110736146], [26])))

T best obj: 361.13775708186193
T best iteration: 198
T total iterations: 300
T best time [s]: 0.129
T total time [s]: 0.1592
