EADARP version 2def-dirty
ARGS: --ifile=EADARP/instances/b1/a2-24.txt --odir=EADARP/out/a2-24 --oname=run84
Settings:
--alns_gamma=0.025
--alns_segment_size=100
--alns_sigma1=10
--alns_sigma2=9
--alns_sigma3=3
--at_most_one_s=false
--gamma=-1.0
--ifile=EADARP/instances/b1/a2-24.txt
--insert_charging_otf=true
--insert_cost_noise=0.014
--lns_init_temp_factor=0.0
--lns_temp_dec_factor=0.99
--mh_checkit=false
--mh_lfreq=0
--mh_lnewinc=true
--mh_tciter=-1
--mh_tctime=-1.0
--mh_titer=300
--mh_tobj=-1.0
--mh_ttime=-1.0
--odir=EADARP/out/a2-24
--oname=run84
--only_single_s_visits=true
--repair_max_routes=0
--seed=30326847
--use_milp_in_otf=0
--xcheck_isfeasible=false

EADARPInstance(EADARP/instances/b1/a2-24.txt, n=24, n_K=2, S=[55, 56, 57], Q=14.85, n_F=2, γ=0.7, T_plan=720.0, F=[53, 54])

T preprocessing time [s]: 0.26231
I       iter             best          obj_old          obj_new        time              method info
I          1     100002.00000     100024.00000     100002.00000      0.0222                 con 
I          3     100001.00000     100002.00000     100001.00000      0.0311        drrr_15+rrri 
I         41        383.16433     100001.00000        383.16433      0.0875        drrr_15+rroi 
I         46        379.59057        383.16433        379.59057      0.0881        drrr_15+rroi 
I        101        376.93081        379.59057        376.93081      0.1064         drrr_15+rrg 
I        128        375.53422        376.93081        375.53422      0.1127         drrr_15+rrg 
I        300        375.53422        375.53422     100002.00000      0.1607        drrr_15+rrri 

Method statistics
S  method    iter  succ  succ-rate%  tot-obj-gain  avg-obj-gain  rel-succ%  net-time  net-time%  brut-time  brut-time%
S  con          1     1   100.00000     -22.00000     -22.00000    9.09091   0.02214   13.77672    0.02214    13.77672
S  drrr_15    299     5     1.67224  -99626.46578    -333.19888   45.45455   0.00121    0.75484    0.00121     0.75484
S  rrg         97     2     2.06186      -4.05635      -0.04182   18.18182   0.06070   37.77123    0.06070    37.77123
S  rroi       102     2     1.96078  -99621.40943    -976.68048   18.18182   0.02795   17.39085    0.02795    17.39085
S  rrri       100     1     1.00000      -1.00000      -0.01000    9.09091   0.04816   29.97048    0.04816    29.97048
S  SUM/AVG    599    11     1.83639 -199274.93155    -332.67935   20.00000   0.16017   99.66412    0.16017    99.66412

T best solution: EADARPSolution(t_routing=475.505, t_excess=75.622, obj_val=375.534, obj_val_valid=true,
    unserved_requests=Int64[], F_visited=[53, 54], S_visited=[55, 56, 57],
    (1, ([51, 17, 41, 19, 43, 22, 46, 11, 35, 10, 34, 5, 29, 13, 37, 4, 21, 20, 28, 45, 44, 1, 25, 3, 27, 57, 53], [171.3122521956376], [26]))
    (2, ([52, 7, 31, 18, 2, 42, 26, 15, 39, 6, 30, 16, 40, 55, 23, 47, 14, 38, 12, 8, 36, 32, 24, 9, 48, 33, 56, 54], [74.15014857319665, 68.04261306542506], [14, 27])))

T best obj: 375.53422334364967
T best iteration: 128
T total iterations: 300
T best time [s]: 0.113
T total time [s]: 0.1607
