EADARP version 2def-dirty
ARGS: --ifile=EADARP/instances/b1/a2-24.txt --odir=EADARP/out/a2-24 --oname=run8
Settings:
--alns_gamma=0.025
--alns_segment_size=100
--alns_sigma1=10
--alns_sigma2=9
--alns_sigma3=3
--at_most_one_s=false
--gamma=-1.0
--ifile=EADARP/instances/b1/a2-24.txt
--insert_charging_otf=true
--insert_cost_noise=0.014
--lns_init_temp_factor=0.0
--lns_temp_dec_factor=0.99
--mh_checkit=false
--mh_lfreq=0
--mh_lnewinc=true
--mh_tciter=-1
--mh_tctime=-1.0
--mh_titer=300
--mh_tobj=-1.0
--mh_ttime=-1.0
--odir=EADARP/out/a2-24
--oname=run8
--only_single_s_visits=true
--repair_max_routes=0
--seed=231220355
--use_milp_in_otf=0
--xcheck_isfeasible=false

EADARPInstance(EADARP/instances/b1/a2-24.txt, n=24, n_K=2, S=[55, 56, 57], Q=14.85, n_F=2, γ=0.7, T_plan=720.0, F=[53, 54])

T preprocessing time [s]: 0.26418
I       iter             best          obj_old          obj_new        time              method info
I          1     100002.00000     100024.00000     100002.00000      0.0550                 con 
I          4     100001.00000     100002.00000     100001.00000      0.0662        drrr_15+rrri 
I         16        396.21875     100001.00000        396.21875      0.0924        drrr_15+rroi 
I         18        391.89630        396.21875        391.89630      0.0940         drrr_15+rrg 
I         27        366.31182        391.89630        366.31182      0.1158         drrr_15+rrg 
I         39        364.14617        366.31182        364.14617      0.1214        drrr_15+rroi 
I         40        361.05201        364.14617        361.05201      0.1240        drrr_15+rrri 
I         73        354.31735        361.05201        354.31735      0.1479        drrr_15+rroi 
I         96        353.18222        354.31735        353.18222      0.1549         drrr_15+rrg 
I        300        353.18222        353.18222     100002.00000      0.1925        drrr_15+rroi 

Method statistics
S  method    iter  succ  succ-rate%  tot-obj-gain  avg-obj-gain  rel-succ%  net-time  net-time%  brut-time  brut-time%
S  con          1     1   100.00000     -22.00000     -22.00000    5.88235   0.05493   28.53597    0.05493    28.53597
S  drrr_15    299     8     2.67559  -99648.81778    -333.27364   47.05882   0.00121    0.62717    0.00121     0.62717
S  rrg        106     3     2.83019     -31.04205      -0.29285   17.64706   0.06573   34.14446    0.06573    34.14446
S  rroi        94     3     3.19149  -99613.68157   -1059.72002   17.64706   0.02001   10.39536    0.02001    10.39536
S  rrri        99     2     2.02020      -4.09416      -0.04136   11.76471   0.05006   26.00178    0.05006    26.00178
S  SUM/AVG    599    17     2.83806 -199319.63556    -332.75398   20.00000   0.19194   99.70474    0.19194    99.70474

T best solution: EADARPSolution(t_routing=442.551, t_excess=85.075, obj_val=353.182, obj_val_valid=true,
    unserved_requests=Int64[], F_visited=[53, 54], S_visited=[56, 55, 57],
    (1, ([51, 17, 41, 19, 43, 22, 46, 18, 2, 42, 26, 15, 39, 6, 30, 16, 13, 40, 37, 23, 47, 14, 38, 3, 27, 57, 53], [159.85576277085042], [26]))
    (2, ([52, 7, 31, 11, 35, 10, 34, 56, 5, 29, 4, 21, 20, 28, 45, 44, 1, 25, 12, 8, 36, 32, 24, 9, 48, 33, 55, 54], [49.02004759338547, 71.67532603434756], [8, 27])))

T best obj: 353.1822175487448
T best iteration: 96
T total iterations: 300
T best time [s]: 0.155
T total time [s]: 0.1925
