EADARP version 2def-dirty
ARGS: --ifile=EADARP/instances/b1/a2-24.txt --odir=EADARP/out/a2-24 --oname=run90
Settings:
--alns_gamma=0.025
--alns_segment_size=100
--alns_sigma1=10
--alns_sigma2=9
--alns_sigma3=3
--at_most_one_s=false
--gamma=-1.0
--ifile=EADARP/instances/b1/a2-24.txt
--insert_charging_otf=true
--insert_cost_noise=0.014
--lns_init_temp_factor=0.0
--lns_temp_dec_factor=0.99
--mh_checkit=false
--mh_lfreq=0
--mh_lnewinc=true
--mh_tciter=-1
--mh_tctime=-1.0
--mh_titer=300
--mh_tobj=-1.0
--mh_ttime=-1.0
--odir=EADARP/out/a2-24
--oname=run90
--only_single_s_visits=true
--repair_max_routes=0
--seed=1386574152
--use_milp_in_otf=0
--xcheck_isfeasible=false

EADARPInstance(EADARP/instances/b1/a2-24.txt, n=24, n_K=2, S=[55, 56, 57], Q=14.85, n_F=2, γ=0.7, T_plan=720.0, F=[53, 54])

T preprocessing time [s]: 0.25656
I       iter             best          obj_old          obj_new        time              method info
I          1     100002.00000     100024.00000     100002.00000      0.0285                 con 
I          2     100001.00000     100002.00000     100001.00000      0.0299        drrr_15+rroi 
I         13        390.63345     100001.00000        390.63345      0.0601        drrr_15+rroi 
I         20        390.13250        390.63345        390.13250      0.0648        drrr_15+rrri 
I         33        382.37762        390.13250        382.37762      0.0810        drrr_15+rroi 
I         38        381.32390        382.37762        381.32390      0.0819        drrr_15+rroi 
I         44        375.42461        381.32390        375.42461      0.0844        drrr_15+rroi 
I        234        361.88147        375.42461        361.88147      0.1477         drrr_15+rrg 
I        300        361.88147        361.88147     100001.00000      0.1621         drrr_15+rrg 

Method statistics
S  method    iter  succ  succ-rate%  tot-obj-gain  avg-obj-gain  rel-succ%  net-time  net-time%  brut-time  brut-time%
S  con          1     1   100.00000     -22.00000     -22.00000    6.66667   0.02844   17.54056    0.02844    17.54056
S  drrr_15    299     7     2.34114  -99640.11853    -333.24454   46.66667   0.00125    0.77020    0.00125     0.77020
S  rrg        102     1     0.98039     -13.54314      -0.13278    6.66667   0.06714   41.40698    0.06714    41.40698
S  rroi        93     5     5.37634  -99626.07444   -1071.24811   33.33333   0.03217   19.84234    0.03217    19.84234
S  rrri       104     1     0.96154      -0.50095      -0.00482    6.66667   0.03258   20.09143    0.03258    20.09143
S  SUM/AVG    599    15     2.50417 -199302.23705    -332.72494   20.00000   0.16158   99.65151    0.16158    99.65151

T best solution: EADARPSolution(t_routing=452.764, t_excess=89.235, obj_val=361.881, obj_val_valid=true,
    unserved_requests=Int64[], F_visited=[53, 54], S_visited=[57, 56, 55],
    (1, ([51, 17, 41, 19, 43, 22, 46, 11, 35, 56, 5, 29, 4, 21, 20, 28, 45, 44, 1, 25, 12, 8, 36, 32, 24, 9, 48, 33, 55, 53], [85.43755490386182, 65.37385770309471], [10, 29]))
    (2, ([52, 7, 31, 10, 18, 34, 42, 2, 26, 15, 39, 6, 30, 16, 13, 40, 37, 23, 47, 14, 38, 3, 27, 57, 54], [139.952232818893], [24])))

T best obj: 361.8814731724983
T best iteration: 234
T total iterations: 300
T best time [s]: 0.148
T total time [s]: 0.1621
