EADARP version 585c-dirty
ARGS: --ifile=EADARP/instances/l1/a7-84.txt --infeasible_arcs=EADARP/infeasible_arcs --gamma=0.7 --only_single_s_visits=false --odir=EADARP/out/a7-84 --oname=run13
Settings:
--alns_gamma=0.025
--alns_segment_size=100
--alns_sigma1=10
--alns_sigma2=9
--alns_sigma3=3
--at_most_one_s=false
--gamma=0.7
--ifile=EADARP/instances/l1/a7-84.txt
--infeasible_arcs=EADARP/infeasible_arcs
--insert_charging_otf=true
--insert_cost_noise=0.014
--lns_init_temp_factor=0.0
--lns_temp_dec_factor=0.99
--mh_checkit=false
--mh_lfreq=0
--mh_lnewinc=true
--mh_tciter=-1
--mh_tctime=-1.0
--mh_titer=30000
--mh_tobj=-1.0
--mh_ttime=-1.0
--odir=EADARP/out/a7-84
--oname=run13
--only_single_s_visits=false
--repair_max_routes=0
--seed=1543915231
--use_milp_in_otf=0
--xcheck_isfeasible=false

EADARPInstance(EADARP/instances/l1/a7-84.txt, n=84, n_K=7, S=[185, 186, 187], Q=14.85, n_F=7, γ=0.7, T_plan=720.0, F=[178, 179, 180, 181, 182, 183, 184])

T preprocessing time [s]: 3.55091
I       iter             best          obj_old          obj_new        time              method info
I          1       1010.77452     100084.00000       1010.77452      0.3180                 con 
I          2       1007.76266       1010.77452       1007.76266      0.4043        drrr_15+rroi 
I          4       1003.08152       1007.76266       1003.08152      0.5346        drrr_15+rroi 
I          7       1000.62548       1003.08152       1000.62548      0.6739        drrr_15+rrri 
I          8       1000.44127       1000.62548       1000.44127      0.6859        drrr_15+rroi 
I          9        998.11494       1000.44127        998.11494      0.7219        drrr_15+rrri 
I         10        991.44118        998.11494        991.44118      0.7769        drrr_15+rrri 
I         11        990.18705        991.44118        990.18705      0.8238         drrr_15+rrg 
I         12        987.70249        990.18705        987.70249      0.8525         drrr_15+rrg 
I         13        981.59523        987.70249        981.59523      0.8655        drrr_15+rroi 
I         15        981.53072        981.59523        981.53072      0.9387         drrr_15+rrg 
I         17        977.30392        981.53072        977.30392      0.9816        drrr_15+rrri 
I         19        976.13497        977.30392        976.13497      1.0028        drrr_15+rrri 
I         21        967.32908        976.13497        967.32908      1.0348        drrr_15+rroi 
I         24        966.76963        967.32908        966.76963      1.1381        drrr_15+rrri 
I         26        962.94941        966.76963        962.94941      1.1572        drrr_15+rrri 
I         27        959.76610        962.94941        959.76610      1.1651        drrr_15+rroi 
I         32        954.09784        959.76610        954.09784      1.2288        drrr_15+rroi 
I         36        953.70323        954.09784        953.70323      1.2848        drrr_15+rroi 
I         38        950.43611        953.70323        950.43611      1.3065         drrr_15+rrg 
I         72        949.86704        950.43611        949.86704      1.6858        drrr_15+rroi 
I         87        949.52051        949.86704        949.52051      1.7636        drrr_15+rroi 
I        346        949.38387        949.52051        949.38387      2.3919        drrr_15+rroi 
I        371        949.13043        949.38387        949.13043      2.4681         drrr_15+rrg 
I        386        948.18734        949.13043        948.18734      2.4859        drrr_15+rrri 
I        387        947.85025        948.18734        947.85025      2.4862        drrr_15+rrri 
I        414        946.82561        947.85025        946.82561      2.5749        drrr_15+rroi 
I        433        946.35105        946.82561        946.35105      2.6481        drrr_15+rrri 
I        434        946.24162        946.35105        946.24162      2.6677        drrr_15+rrri 
I        441        944.92228        946.24162        944.92228      2.6873         drrr_15+rrg 
I        443        944.77397        944.92228        944.77397      2.6893         drrr_15+rrg 
I        453        943.47652        944.77397        943.47652      2.7189        drrr_15+rroi 
I        469        940.62005        943.47652        940.62005      2.7511        drrr_15+rroi 
I        478        940.51062        940.62005        940.51062      2.7701        drrr_15+rroi 
I        490        939.99789        940.51062        939.99789      2.7973        drrr_15+rroi 
I        512        938.25618        939.99789        938.25618      2.8337         drrr_15+rrg 
I        517        937.17673        938.25618        937.17673      2.8545         drrr_15+rrg 
I        522        936.94633        937.17673        936.94633      2.8657         drrr_15+rrg 
I        523        936.83690        936.94633        936.83690      2.8674        drrr_15+rrri 
I        527        936.06073        936.83690        936.06073      2.8838        drrr_15+rroi 
I        532        931.40511        936.06073        931.40511      2.8862         drrr_15+rrg 
I        535        930.53345        931.40511        930.53345      2.8874        drrr_15+rroi 
I        537        930.53345        930.53345        930.53345      2.8893        drrr_15+rrri 
I        570        928.45345        930.53345        928.45345      2.9262        drrr_15+rrri 
I       2880        925.51508        928.45345        925.51508      4.7893        drrr_15+rrri 
I       2882        924.57590        925.51508        924.57590      4.7962        drrr_15+rrri 
I       2883        924.46647        924.57590        924.46647      4.7965        drrr_15+rroi 
I       2884        924.41266        924.46647        924.41266      4.7993        drrr_15+rrri 
I       2885        924.16007        924.41266        924.16007      4.7996        drrr_15+rrri 
I       2886        923.19047        924.16007        923.19047      4.8002         drrr_15+rrg 
I       2888        923.08104        923.19047        923.08104      4.8251        drrr_15+rrri 
I       2954        921.65859        923.08104        921.65859      4.8832        drrr_15+rrri 
I       3106        920.62768        921.65859        920.62768      5.0254        drrr_15+rrri 
I       3114        919.58798        920.62768        919.58798      5.0301         drrr_15+rrg 
I       3124        919.47855        919.58798        919.47855      5.0348         drrr_15+rrg 
I       3444        915.57875        919.47855        915.57875      5.2964         drrr_15+rrg 
I       3565        911.72178        915.57875        911.72178      5.3798         drrr_15+rrg 
I       3570        910.23720        911.72178        910.23720      5.3816        drrr_15+rrri 
I       9273        908.51004        910.23720        908.51004      8.6835         drrr_15+rrg 
I      20312        906.30522        908.51004        906.30522     13.8884        drrr_15+rrri 
I      30000        906.30522        906.30522        906.30522     17.9981         drrr_15+rrg 

Method statistics
S  method    iter  succ  succ-rate%  tot-obj-gain  avg-obj-gain  rel-succ%  net-time  net-time%  brut-time  brut-time%
S  con          1     1   100.00000  -99073.22548  -99073.22548    0.84034   0.31798    1.76675    0.31798     1.76675
S  drrr_15  29999    59     0.19667    -104.46930      -0.00348   49.57983   0.38358    2.13124    0.38358     2.13124
S  rrg       9987    17     0.17022     -28.10127      -0.00281   14.28571   7.56396   42.02625    7.56396    42.02625
S  rroi      9942    19     0.19111     -40.64675      -0.00409   15.96639   3.86489   21.47379    3.86489    21.47379
S  rrri     10070    23     0.22840     -35.72128      -0.00355   19.32773   5.78186   32.12472    5.78186    32.12472
S  SUM/AVG  59999   119     0.19834  -99282.16409      -1.65473   20.00000  17.91229   99.52276   17.91229    99.52276

T best solution: EADARPSolution(t_routing=1116.254, t_excess=276.459, obj_val=906.305, obj_val_valid=true,
    unserved_requests=Int64[], F_visited=[184, 182, 179, 183, 180, 181, 178], S_visited=Int64[],
    (1, ([171, 81, 165, 16, 68, 100, 152, 46, 130, 69, 153, 40, 124, 13, 97, 48, 42, 132, 126, 29, 113, 19, 103, 185, 178], [121.42545995832967], [24]))
    (2, ([172, 44, 128, 49, 133, 60, 12, 144, 96, 83, 167, 24, 108, 15, 99, 30, 114, 26, 110, 14, 62, 98, 146, 4, 88, 77, 32, 161, 116, 185, 179], [88.4336441801237], [30]))
    (3, ([173, 17, 101, 57, 141, 25, 39, 109, 123, 54, 8, 138, 92, 28, 50, 112, 134, 27, 6, 90, 111, 59, 53, 137, 143, 41, 125, 186, 2, 86, 1, 85, 22, 64, 106, 148, 185, 180], [82.63644858091965, 47.94409207706531], [28, 37]))
    (4, ([174, 79, 163, 31, 115, 52, 136, 61, 145, 45, 66, 36, 129, 150, 120, 23, 82, 107, 63, 166, 147, 71, 5, 89, 155, 3, 87, 186, 34, 118, 181], [93.22130517060607], [28]))
    (5, ([175, 7, 38, 122, 91, 43, 127, 78, 162, 75, 159, 20, 51, 104, 135, 182], Float64[], Int64[]))
    (6, ([176, 65, 149, 76, 58, 160, 47, 142, 131, 9, 93, 11, 95, 10, 94, 72, 74, 156, 158, 21, 105, 37, 121, 185, 183], [54.740630397528136], [24]))
    (7, ([177, 35, 119, 55, 139, 84, 168, 18, 102, 70, 154, 56, 73, 140, 157, 67, 33, 151, 80, 117, 164, 185, 184], [65.30146755604001], [22])))

T best obj: 906.3052151505652
T best iteration: 20312
T total iterations: 30000
T best time [s]: 13.888
T total time [s]: 17.9982
