EADARP version 585c-dirty
ARGS: --ifile=EADARP/instances/l1/a7-84.txt --infeasible_arcs=EADARP/infeasible_arcs --gamma=0.7 --only_single_s_visits=false --odir=EADARP/out/a7-84 --oname=run11
Settings:
--alns_gamma=0.025
--alns_segment_size=100
--alns_sigma1=10
--alns_sigma2=9
--alns_sigma3=3
--at_most_one_s=false
--gamma=0.7
--ifile=EADARP/instances/l1/a7-84.txt
--infeasible_arcs=EADARP/infeasible_arcs
--insert_charging_otf=true
--insert_cost_noise=0.014
--lns_init_temp_factor=0.0
--lns_temp_dec_factor=0.99
--mh_checkit=false
--mh_lfreq=0
--mh_lnewinc=true
--mh_tciter=-1
--mh_tctime=-1.0
--mh_titer=30000
--mh_tobj=-1.0
--mh_ttime=-1.0
--odir=EADARP/out/a7-84
--oname=run11
--only_single_s_visits=false
--repair_max_routes=0
--seed=135891682
--use_milp_in_otf=0
--xcheck_isfeasible=false

EADARPInstance(EADARP/instances/l1/a7-84.txt, n=84, n_K=7, S=[185, 186, 187], Q=14.85, n_F=7, γ=0.7, T_plan=720.0, F=[178, 179, 180, 181, 182, 183, 184])

T preprocessing time [s]: 3.64734
I       iter             best          obj_old          obj_new        time              method info
I          1       1082.77151     100084.00000       1082.77151      0.3098                 con 
I          2       1075.63955       1082.77151       1075.63955      0.3791        drrr_15+rroi 
I          3       1052.87618       1075.63955       1052.87618      0.4212        drrr_15+rroi 
I          4       1052.18164       1052.87618       1052.18164      0.4777        drrr_15+rrri 
I          6       1040.10204       1052.18164       1040.10204      0.5970        drrr_15+rrri 
I          9       1037.13282       1040.10204       1037.13282      0.8009         drrr_15+rrg 
I         10       1036.69288       1037.13282       1036.69288      0.8204        drrr_15+rroi 
I         12       1018.19964       1036.69288       1018.19964      0.9200        drrr_15+rrri 
I         14       1010.39237       1018.19964       1010.39237      0.9889        drrr_15+rroi 
I         15       1009.63215       1010.39237       1009.63215      0.9973        drrr_15+rroi 
I         17       1005.55419       1009.63215       1005.55419      1.0500        drrr_15+rroi 
I         18       1001.23160       1005.55419       1001.23160      1.0658        drrr_15+rroi 
I         19       1000.13077       1001.23160       1000.13077      1.0790        drrr_15+rrri 
I         21        995.35503       1000.13077        995.35503      1.1315         drrr_15+rrg 
I         22        995.20073        995.35503        995.20073      1.1536        drrr_15+rrri 
I         23        994.73246        995.20073        994.73246      1.1980        drrr_15+rrri 
I         24        984.15544        994.73246        984.15544      1.2218        drrr_15+rrri 
I         25        980.38868        984.15544        980.38868      1.2575         drrr_15+rrg 
I         27        977.80651        980.38868        977.80651      1.3356        drrr_15+rroi 
I         28        976.46051        977.80651        976.46051      1.3832         drrr_15+rrg 
I         30        975.48015        976.46051        975.48015      1.4710         drrr_15+rrg 
I         35        972.33179        975.48015        972.33179      1.5541        drrr_15+rroi 
I         41        972.22236        972.33179        972.22236      1.6293        drrr_15+rrri 
I         42        969.71243        972.22236        969.71243      1.6295        drrr_15+rroi 
I         51        969.03045        969.71243        969.03045      1.7187        drrr_15+rroi 
I         68        961.72233        969.03045        961.72233      1.8198        drrr_15+rrri 
I         69        957.15850        961.72233        957.15850      1.8496        drrr_15+rroi 
I         83        955.43166        957.15850        955.43166      1.9636        drrr_15+rrri 
I        102        954.49443        955.43166        954.49443      2.0454        drrr_15+rrri 
I        103        953.66804        954.49443        953.66804      2.0486         drrr_15+rrg 
I        105        950.30215        953.66804        950.30215      2.0612        drrr_15+rroi 
I        107        948.20701        950.30215        948.20701      2.0677        drrr_15+rroi 
I        114        947.88954        948.20701        947.88954      2.1215        drrr_15+rrri 
I        121        945.58780        947.88954        945.58780      2.1307        drrr_15+rroi 
I        126        945.56098        945.58780        945.56098      2.1546         drrr_15+rrg 
I        127        945.27580        945.56098        945.27580      2.1564        drrr_15+rroi 
I        136        943.94002        945.27580        943.94002      2.1929        drrr_15+rrri 
I        140        942.97155        943.94002        942.97155      2.2121        drrr_15+rrri 
I        143        942.63706        942.97155        942.63706      2.2167        drrr_15+rroi 
I        145        937.82980        942.63706        937.82980      2.2278         drrr_15+rrg 
I        148        932.92918        937.82980        932.92918      2.2420        drrr_15+rrri 
I        164        932.14077        932.92918        932.14077      2.2956         drrr_15+rrg 
I        184        929.88492        932.14077        929.88492      2.3923         drrr_15+rrg 
I        185        927.08690        929.88492        927.08690      2.3939        drrr_15+rroi 
I        189        926.34461        927.08690        926.34461      2.4265         drrr_15+rrg 
I        207        924.62019        926.34461        924.62019      2.4911        drrr_15+rrri 
I        232        923.34429        924.62019        923.34429      2.5614         drrr_15+rrg 
I        249        922.54164        923.34429        922.54164      2.6245        drrr_15+rroi 
I        257        922.15610        922.54164        922.15610      2.6593        drrr_15+rrri 
I        408        922.06081        922.15610        922.06081      2.9650        drrr_15+rroi 
I        409        920.09041        922.06081        920.09041      2.9653        drrr_15+rrri 
I        412        919.82161        920.09041        919.82161      2.9677        drrr_15+rroi 
I        563        919.10980        919.82161        919.10980      3.1050        drrr_15+rroi 
I        573        917.82330        919.10980        917.82330      3.1163        drrr_15+rrri 
I        594        917.72631        917.82330        917.72631      3.1499         drrr_15+rrg 
I        772        917.24799        917.72631        917.24799      3.4216         drrr_15+rrg 
I        776        916.93784        917.24799        916.93784      3.4324        drrr_15+rroi 
I        812        916.43962        916.93784        916.43962      3.4733        drrr_15+rroi 
I        834        916.33020        916.43962        916.33020      3.4894         drrr_15+rrg 
I       1811        915.16533        916.33020        915.16533      4.2968         drrr_15+rrg 
I       8727        914.78876        915.16533        914.78876      8.1187        drrr_15+rrri 
I       8739        914.67933        914.78876        914.67933      8.1221         drrr_15+rrg 
I      16191        913.85925        914.67933        913.85925     11.7546         drrr_15+rrg 
I      19405        913.39081        913.85925        913.39081     13.2187        drrr_15+rrri 
I      19450        913.39081        913.39081        913.39081     13.2363         drrr_15+rrg 
I      21304        907.73122        913.39081        907.73122     14.0999        drrr_15+rroi 
I      30000        907.73122        907.73122        913.65732     17.8650        drrr_15+rroi 

Method statistics
S  method    iter  succ  succ-rate%  tot-obj-gain  avg-obj-gain  rel-succ%  net-time  net-time%  brut-time  brut-time%
S  con          1     1   100.00000  -99001.22849  -99001.22849    0.76336   0.30973    1.73371    0.30973     1.73371
S  drrr_15  29999    65     0.21667    -175.04029      -0.00583   49.61832   0.39633    2.21845    0.39633     2.21845
S  rrg      10121    19     0.18773     -27.34011      -0.00270   14.50382   7.59375   42.50621    7.59375    42.50621
S  rroi      9867    25     0.25337     -80.31656      -0.00814   19.08397   4.20177   23.51953    4.20177    23.51953
S  rrri     10011    21     0.20977     -67.38362      -0.00673   16.03053   5.27980   29.55381    5.27980    29.55381
S  SUM/AVG  59999   131     0.21834  -99351.30907      -1.65588   20.00000  17.78137   99.53171   17.78137    99.53171

T best solution: EADARPSolution(t_routing=1129.882, t_excess=241.28, obj_val=907.731, obj_val_valid=true,
    unserved_requests=Int64[], F_visited=[184, 180, 178, 181, 179, 182, 183], S_visited=Int64[],
    (1, ([171, 7, 38, 122, 91, 54, 8, 138, 92, 30, 114, 63, 147, 70, 154, 56, 73, 140, 157, 20, 104, 185, 178], [45.94095204508574], [22]))
    (2, ([172, 79, 163, 31, 115, 16, 100, 9, 93, 27, 6, 90, 111, 48, 132, 64, 148, 185, 179], [59.32223402920339], [18]))
    (3, ([173, 81, 165, 68, 83, 167, 152, 28, 50, 112, 134, 26, 110, 29, 113, 2, 86, 77, 32, 116, 161, 187, 51, 135, 34, 118, 185, 180], [62.02650923019894, 14.020287673720864], [22, 27]))
    (4, ([174, 65, 149, 76, 17, 160, 101, 57, 141, 25, 39, 109, 123, 69, 153, 40, 124, 43, 127, 78, 162, 23, 82, 107, 166, 71, 5, 89, 155, 3, 87, 19, 103, 185, 181], [105.75102358182549], [34]))
    (5, ([175, 24, 108, 15, 99, 187, 66, 45, 36, 129, 150, 120, 42, 126, 72, 74, 156, 158, 21, 67, 105, 151, 22, 37, 106, 121, 185, 182], [24.847332406333184, 59.84670441862602], [6, 27]))
    (6, ([176, 44, 128, 49, 133, 60, 12, 144, 96, 55, 139, 52, 136, 61, 145, 13, 97, 11, 95, 10, 94, 59, 53, 137, 143, 41, 125, 75, 159, 185, 183], [114.6906104643653], [30]))
    (7, ([177, 35, 119, 58, 47, 142, 131, 84, 168, 18, 102, 46, 130, 14, 62, 98, 146, 4, 88, 1, 85, 33, 80, 117, 164, 185, 184], [76.43606190260942], [26])))

T best obj: 907.7312192557836
T best iteration: 21304
T total iterations: 30000
T best time [s]: 14.100
T total time [s]: 17.8650
