EADARP version 2def-dirty
ARGS: --ifile=EADARP/instances/l1/a7-84.txt --odir=EADARP/out/a7-84 --oname=run21
Settings:
--alns_gamma=0.025
--alns_segment_size=100
--alns_sigma1=10
--alns_sigma2=9
--alns_sigma3=3
--at_most_one_s=false
--gamma=-1.0
--ifile=EADARP/instances/l1/a7-84.txt
--insert_charging_otf=true
--insert_cost_noise=0.014
--lns_init_temp_factor=0.0
--lns_temp_dec_factor=0.99
--mh_checkit=false
--mh_lfreq=0
--mh_lnewinc=true
--mh_tciter=-1
--mh_tctime=-1.0
--mh_titer=300
--mh_tobj=-1.0
--mh_ttime=-1.0
--odir=EADARP/out/a7-84
--oname=run21
--only_single_s_visits=true
--repair_max_routes=0
--seed=1821116002
--use_milp_in_otf=0
--xcheck_isfeasible=false

EADARPInstance(EADARP/instances/l1/a7-84.txt, n=84, n_K=7, S=[185, 186, 187], Q=14.85, n_F=7, γ=0.7, T_plan=720.0, F=[178, 179, 180, 181, 182, 183, 184])

T preprocessing time [s]: 3.44965
I       iter             best          obj_old          obj_new        time              method info
I          1     100016.00000     100084.00000     100016.00000      0.3283                 con 
I          5     100015.00000     100016.00000     100015.00000      0.6565         drrr_15+rrg 
I         10     100014.00000     100015.00000     100014.00000      0.9373        drrr_15+rroi 
I         12     100013.00000     100014.00000     100013.00000      0.9885         drrr_15+rrg 
I         43     100012.00000     100013.00000     100012.00000      1.6881        drrr_15+rroi 
I         48     100011.00000     100012.00000     100011.00000      1.8410        drrr_15+rrri 
I         59     100010.00000     100011.00000     100010.00000      2.1438         drrr_15+rrg 
I         60     100009.00000     100010.00000     100009.00000      2.1538         drrr_15+rrg 
I         96     100008.00000     100009.00000     100008.00000      2.5009        drrr_15+rrri 
I        102     100007.00000     100008.00000     100007.00000      2.5806         drrr_15+rrg 
I        111     100006.00000     100007.00000     100006.00000      2.6747         drrr_15+rrg 
I        266     100005.00000     100006.00000     100005.00000      3.6886        drrr_15+rroi 
I        277     100004.00000     100005.00000     100004.00000      3.7469         drrr_15+rrg 
I        300     100004.00000     100004.00000     100005.00000      3.8800        drrr_15+rroi 

Method statistics
S  method    iter  succ  succ-rate%  tot-obj-gain  avg-obj-gain  rel-succ%  net-time  net-time%  brut-time  brut-time%
S  con          1     1   100.00000     -68.00000     -68.00000    4.00000   0.32831    8.46168    0.32831     8.46168
S  drrr_15    299    12     4.01338     -12.00000      -0.04013   48.00000   0.00451    0.11624    0.00451     0.11624
S  rrg         94     7     7.44681      -7.00000      -0.07447   28.00000   1.30783   33.70726    1.30783    33.70726
S  rroi       102     3     2.94118      -3.00000      -0.02941   12.00000   0.96271   24.81224    0.96271    24.81224
S  rrri       103     2     1.94175      -2.00000      -0.01942    8.00000   1.27487   32.85778    1.27487    32.85778
S  SUM/AVG    599    25     4.17362     -92.00000      -0.15359   20.00000   3.87824   99.95520    3.87824    99.95520

T best solution: EADARPSolution(t_routing=-1.0, t_excess=-1.0, obj_val=100004.0, obj_val_valid=true,
    unserved_requests=[34, 48, 73, 29], F_visited=[183, 181, 178, 184, 180, 182, 179], S_visited=[186, 187, 185],
    (1, ([171, 44, 128, 49, 79, 133, 60, 12, 163, 144, 96, 17, 101, 57, 141, 84, 168, 18, 102, 46, 130, 15, 99, 30, 114, 13, 97, 14, 98, 187, 21, 67, 105, 151, 22, 37, 106, 121, 178], [216.3106476085031], [30]))
    (2, ([172, 55, 139, 16, 68, 100, 152, 28, 50, 134, 112, 9, 93, 27, 6, 90, 111, 62, 146, 42, 53, 126, 137, 23, 82, 107, 63, 166, 147, 71, 56, 140, 155, 185, 179], [167.9714737788467], [34]))
    (3, ([173, 24, 108, 2, 86, 77, 32, 116, 161, 51, 20, 135, 104, 180], Float64[], Int64[]))
    (4, ([174, 38, 7, 122, 91, 43, 11, 95, 127, 4, 88, 1, 85, 33, 80, 117, 164, 181], Float64[], Int64[]))
    (5, ([175, 35, 119, 76, 58, 160, 47, 142, 131, 31, 115, 39, 52, 123, 136, 40, 61, 124, 145, 45, 66, 36, 129, 150, 120, 10, 94, 59, 143, 41, 125, 75, 159, 70, 154, 5, 89, 186, 182], [185.16039542314573], [38]))
    (6, ([176, 81, 25, 165, 109, 54, 8, 138, 92, 78, 162, 3, 87, 19, 103, 183], Float64[], Int64[]))
    (7, ([177, 65, 149, 83, 167, 26, 69, 153, 110, 72, 74, 156, 158, 64, 148, 184], Float64[], Int64[])))

T best obj: 100004.0
T best iteration: 277
T total iterations: 300
T best time [s]: 3.747
T total time [s]: 3.8800
