EADARP version 585c-dirty
ARGS: --ifile=EADARP/instances/l1/a7-84.txt --infeasible_arcs=EADARP/infeasible_arcs --gamma=0.7 --only_single_s_visits=false --odir=EADARP/out/a7-84 --oname=run25
Settings:
--alns_gamma=0.025
--alns_segment_size=100
--alns_sigma1=10
--alns_sigma2=9
--alns_sigma3=3
--at_most_one_s=false
--gamma=0.7
--ifile=EADARP/instances/l1/a7-84.txt
--infeasible_arcs=EADARP/infeasible_arcs
--insert_charging_otf=true
--insert_cost_noise=0.014
--lns_init_temp_factor=0.0
--lns_temp_dec_factor=0.99
--mh_checkit=false
--mh_lfreq=0
--mh_lnewinc=true
--mh_tciter=-1
--mh_tctime=-1.0
--mh_titer=30000
--mh_tobj=-1.0
--mh_ttime=-1.0
--odir=EADARP/out/a7-84
--oname=run25
--only_single_s_visits=false
--repair_max_routes=0
--seed=197400936
--use_milp_in_otf=0
--xcheck_isfeasible=false

EADARPInstance(EADARP/instances/l1/a7-84.txt, n=84, n_K=7, S=[185, 186, 187], Q=14.85, n_F=7, γ=0.7, T_plan=720.0, F=[178, 179, 180, 181, 182, 183, 184])

T preprocessing time [s]: 3.60252
I       iter             best          obj_old          obj_new        time              method info
I          1       1027.11877     100084.00000       1027.11877      0.3383                 con 
I          2       1017.79319       1027.11877       1017.79319      0.4230         drrr_15+rrg 
I          5       1007.89431       1017.79319       1007.89431      0.5266        drrr_15+rroi 
I          9        999.09062       1007.89431        999.09062      0.6848         drrr_15+rrg 
I         11        994.73803        999.09062        994.73803      0.7164        drrr_15+rroi 
I         13        977.88757        994.73803        977.88757      0.7669        drrr_15+rrri 
I         14        971.29384        977.88757        971.29384      0.7810         drrr_15+rrg 
I         16        970.83612        971.29384        970.83612      0.8423        drrr_15+rrri 
I         21        968.97227        970.83612        968.97227      0.9240        drrr_15+rrri 
I         25        967.93141        968.97227        967.93141      0.9797        drrr_15+rroi 
I         30        967.42597        967.93141        967.42597      1.0256         drrr_15+rrg 
I         33        967.19207        967.42597        967.19207      1.0423         drrr_15+rrg 
I         35        964.97266        967.19207        964.97266      1.0689        drrr_15+rroi 
I         37        961.68941        964.97266        961.68941      1.1201         drrr_15+rrg 
I         41        961.57998        961.68941        961.57998      1.2118        drrr_15+rrri 
I         45        961.57998        961.57998        961.57998      1.2443         drrr_15+rrg 
I         62        960.96785        961.57998        960.96785      1.3298         drrr_15+rrg 
I         64        958.17672        960.96785        958.17672      1.3443        drrr_15+rrri 
I         65        957.83774        958.17672        957.83774      1.3548        drrr_15+rrri 
I         66        956.00434        957.83774        956.00434      1.3624        drrr_15+rrri 
I         68        955.52769        956.00434        955.52769      1.3847        drrr_15+rroi 
I         71        955.51082        955.52769        955.51082      1.4174         drrr_15+rrg 
I         79        946.11316        955.51082        946.11316      1.4943        drrr_15+rroi 
I         82        940.37412        946.11316        940.37412      1.5703         drrr_15+rrg 
I         86        938.16123        940.37412        938.16123      1.6041        drrr_15+rroi 
I         93        936.31855        938.16123        936.31855      1.6821         drrr_15+rrg 
I         96        933.52053        936.31855        933.52053      1.7052         drrr_15+rrg 
I        103        933.46672        933.52053        933.46672      1.7282        drrr_15+rroi 
I        106        933.35729        933.46672        933.35729      1.7496         drrr_15+rrg 
I        778        932.70432        933.35729        932.70432      2.6909        drrr_15+rrri 
I        981        929.47478        932.70432        929.47478      3.0866        drrr_15+rroi 
I        987        925.30640        929.47478        925.30640      3.0988         drrr_15+rrg 
I        994        923.18934        925.30640        923.18934      3.1302        drrr_15+rrri 
I       1026        923.07992        923.18934        923.07992      3.2072        drrr_15+rroi 
I       1052        922.81174        923.07992        922.81174      3.2593        drrr_15+rroi 
I       1127        921.78197        922.81174        921.78197      3.3959        drrr_15+rrri 
I       1226        920.44513        921.78197        920.44513      3.4732        drrr_15+rroi 
I       1235        920.19467        920.44513        920.19467      3.4850        drrr_15+rrri 
I       1236        920.08524        920.19467        920.08524      3.4906         drrr_15+rrg 
I       2372        918.13285        920.08524        918.13285      4.4342        drrr_15+rrri 
I       2398        917.13455        918.13285        917.13455      4.4532         drrr_15+rrg 
I       2491        916.31637        917.13455        916.31637      4.5499        drrr_15+rrri 
I       2918        913.25463        916.31637        913.25463      4.7861         drrr_15+rrg 
I      17770        912.64504        913.25463        912.64504     12.1083         drrr_15+rrg 
I      18026        911.30186        912.64504        911.30186     12.2385        drrr_15+rrri 
I      18027        909.42888        911.30186        909.42888     12.2391         drrr_15+rrg 
I      18092        908.07796        909.42888        908.07796     12.2638         drrr_15+rrg 
I      30000        908.07796        908.07796        932.65705     17.3689        drrr_15+rrri 

Method statistics
S  method    iter  succ  succ-rate%  tot-obj-gain  avg-obj-gain  rel-succ%  net-time  net-time%  brut-time  brut-time%
S  con          1     1   100.00000  -99056.88123  -99056.88123    1.07527   0.33828    1.94764    0.33828     1.94764
S  drrr_15  29999    46     0.15334    -119.04081      -0.00397   49.46237   0.35763    2.05900    0.35763     2.05900
S  rrg       9952    20     0.20096     -52.03512      -0.00523   21.50538   7.28658   41.95179    7.28658    41.95179
S  rroi     10059    12     0.11930     -34.59671      -0.00344   12.90323   4.13673   23.81685    4.13673    23.81685
S  rrri      9988    14     0.14017     -32.40899      -0.00324   15.05376   5.15777   29.69536    5.15777    29.69536
S  SUM/AVG  59999    93     0.15500  -99294.96286      -1.65494   20.00000  17.27698   99.47064   17.27698    99.47064

T best solution: EADARPSolution(t_routing=1127.822, t_excess=248.845, obj_val=908.078, obj_val_valid=true,
    unserved_requests=Int64[], F_visited=[181, 184, 180, 179, 183, 182, 178], S_visited=Int64[],
    (1, ([171, 24, 108, 15, 99, 70, 154, 56, 73, 140, 157, 67, 151, 80, 37, 164, 121, 185, 178], [41.171813442427535], [18]))
    (2, ([172, 65, 149, 76, 58, 160, 47, 142, 131, 9, 93, 23, 75, 159, 107, 63, 147, 21, 105, 22, 64, 106, 148, 185, 179], [49.03194088785189], [24]))
    (3, ([173, 35, 119, 55, 139, 84, 168, 18, 102, 30, 114, 26, 110, 14, 62, 98, 146, 42, 126, 72, 74, 156, 158, 187, 51, 20, 135, 104, 185, 180], [117.40852952079365, 0.07352368059233459], [24, 29]))
    (4, ([174, 44, 128, 49, 133, 60, 12, 144, 96, 68, 83, 167, 152, 46, 130, 69, 153, 40, 124, 27, 6, 90, 111, 29, 113, 186, 2, 86, 1, 85, 33, 117, 185, 181], [27.382647127782743, 101.56615744675082], [26, 33]))
    (5, ([175, 81, 165, 16, 100, 52, 136, 61, 145, 45, 66, 36, 129, 150, 120, 82, 166, 71, 5, 89, 155, 3, 87, 19, 103, 185, 182], [73.81455703019637], [26]))
    (6, ([176, 7, 38, 122, 91, 17, 101, 57, 141, 25, 39, 109, 123, 54, 8, 138, 92, 28, 50, 112, 134, 13, 97, 48, 132, 4, 88, 77, 32, 161, 116, 185, 183], [113.23271611755632], [32]))
    (7, ([177, 79, 163, 31, 115, 11, 43, 95, 127, 78, 162, 10, 94, 59, 53, 137, 143, 41, 125, 34, 118, 185, 184], [37.1405187653075], [22])))

T best obj: 908.0779554969536
T best iteration: 18092
T total iterations: 30000
T best time [s]: 12.264
T total time [s]: 17.3689
