EADARP version 2def-dirty
ARGS: --ifile=EADARP/instances/l1/a7-84.txt --odir=EADARP/out/a7-84 --oname=run2
Settings:
--alns_gamma=0.025
--alns_segment_size=100
--alns_sigma1=10
--alns_sigma2=9
--alns_sigma3=3
--at_most_one_s=false
--gamma=-1.0
--ifile=EADARP/instances/l1/a7-84.txt
--insert_charging_otf=true
--insert_cost_noise=0.014
--lns_init_temp_factor=0.0
--lns_temp_dec_factor=0.99
--mh_checkit=false
--mh_lfreq=0
--mh_lnewinc=true
--mh_tciter=-1
--mh_tctime=-1.0
--mh_titer=300
--mh_tobj=-1.0
--mh_ttime=-1.0
--odir=EADARP/out/a7-84
--oname=run2
--only_single_s_visits=true
--repair_max_routes=0
--seed=428616631
--use_milp_in_otf=0
--xcheck_isfeasible=false

EADARPInstance(EADARP/instances/l1/a7-84.txt, n=84, n_K=7, S=[185, 186, 187], Q=14.85, n_F=7, γ=0.7, T_plan=720.0, F=[178, 179, 180, 181, 182, 183, 184])

T preprocessing time [s]: 3.5076
I       iter             best          obj_old          obj_new        time              method info
I          1     100014.00000     100084.00000     100014.00000      0.3143                 con 
I          2     100013.00000     100014.00000     100013.00000      0.3744        drrr_15+rrri 
I         14     100012.00000     100013.00000     100012.00000      0.9403        drrr_15+rroi 
I         29     100011.00000     100012.00000     100011.00000      1.4070        drrr_15+rrri 
I         66     100010.00000     100011.00000     100010.00000      2.1188        drrr_15+rrri 
I         77     100009.00000     100010.00000     100009.00000      2.3150        drrr_15+rrri 
I         87     100008.00000     100009.00000     100008.00000      2.5736        drrr_15+rrri 
I        159     100007.00000     100008.00000     100007.00000      3.5729        drrr_15+rroi 
I        172     100006.00000     100007.00000     100006.00000      3.7054        drrr_15+rrri 
I        273     100005.00000     100006.00000     100005.00000      4.5875         drrr_15+rrg 
I        300     100005.00000     100005.00000     100005.00000      4.7761        drrr_15+rrri 

Method statistics
S  method    iter  succ  succ-rate%  tot-obj-gain  avg-obj-gain  rel-succ%  net-time  net-time%  brut-time  brut-time%
S  con          1     1   100.00000     -70.00000     -70.00000    5.26316   0.31425    6.57965    0.31425     6.57965
S  drrr_15    299     9     3.01003      -9.00000      -0.03010   47.36842   0.00453    0.09477    0.00453     0.09477
S  rrg         81     1     1.23457      -1.00000      -0.01235    5.26316   1.40063   29.32567    1.40063    29.32567
S  rroi       109     2     1.83486      -2.00000      -0.01835   10.52632   1.44707   30.29784    1.44707    30.29784
S  rrri       109     6     5.50459      -6.00000      -0.05505   31.57895   1.60796   33.66662    1.60796    33.66662
S  SUM/AVG    599    19     3.17195     -88.00000      -0.14691   20.00000   4.77444   99.96454    4.77444    99.96454

T best solution: EADARPSolution(t_routing=-1.0, t_excess=-1.0, obj_val=100005.0, obj_val_valid=true,
    unserved_requests=[21, 37, 62, 73, 80], F_visited=[183, 178, 179, 180, 184, 181, 182], S_visited=[186, 187, 185],
    (1, ([171, 65, 149, 76, 17, 160, 101, 18, 102, 70, 154, 51, 20, 135, 104, 178], Float64[], Int64[]))
    (2, ([172, 35, 119, 58, 38, 122, 47, 142, 131, 57, 141, 25, 39, 109, 123, 54, 138, 24, 108, 15, 99, 30, 114, 26, 110, 14, 66, 98, 36, 150, 120, 10, 94, 59, 53, 143, 137, 82, 166, 187, 179], [179.64556055493205], [40]))
    (3, ([173, 55, 139, 9, 93, 43, 127, 4, 88, 2, 86, 77, 1, 85, 32, 161, 116, 180], Float64[], Int64[]))
    (4, ([174, 7, 79, 91, 163, 12, 96, 16, 68, 100, 152, 46, 40, 130, 61, 124, 145, 13, 97, 48, 42, 132, 126, 72, 74, 156, 158, 56, 140, 185, 181], [173.97611135285607], [30]))
    (5, ([175, 52, 136, 11, 95, 23, 75, 159, 107, 63, 147, 71, 5, 89, 155, 182], Float64[], Int64[]))
    (6, ([176, 81, 165, 69, 153, 29, 41, 125, 113, 3, 87, 19, 33, 103, 117, 183], Float64[], Int64[]))
    (7, ([177, 44, 128, 49, 133, 60, 144, 31, 115, 84, 168, 83, 167, 8, 92, 28, 50, 134, 112, 27, 6, 90, 111, 45, 129, 78, 162, 186, 67, 151, 22, 64, 106, 148, 34, 118, 184], [204.10102638972154], [28])))

T best obj: 100005.0
T best iteration: 273
T total iterations: 300
T best time [s]: 4.587
T total time [s]: 4.7761
