EADARP version 585c-dirty
ARGS: --ifile=EADARP/instances/l1/a7-84.txt --infeasible_arcs=EADARP/infeasible_arcs --gamma=0.7 --only_single_s_visits=false --odir=EADARP/out/a7-84 --oname=run35
Settings:
--alns_gamma=0.025
--alns_segment_size=100
--alns_sigma1=10
--alns_sigma2=9
--alns_sigma3=3
--at_most_one_s=false
--gamma=0.7
--ifile=EADARP/instances/l1/a7-84.txt
--infeasible_arcs=EADARP/infeasible_arcs
--insert_charging_otf=true
--insert_cost_noise=0.014
--lns_init_temp_factor=0.0
--lns_temp_dec_factor=0.99
--mh_checkit=false
--mh_lfreq=0
--mh_lnewinc=true
--mh_tciter=-1
--mh_tctime=-1.0
--mh_titer=30000
--mh_tobj=-1.0
--mh_ttime=-1.0
--odir=EADARP/out/a7-84
--oname=run35
--only_single_s_visits=false
--repair_max_routes=0
--seed=1935933507
--use_milp_in_otf=0
--xcheck_isfeasible=false

EADARPInstance(EADARP/instances/l1/a7-84.txt, n=84, n_K=7, S=[185, 186, 187], Q=14.85, n_F=7, γ=0.7, T_plan=720.0, F=[178, 179, 180, 181, 182, 183, 184])

T preprocessing time [s]: 3.68921
I       iter             best          obj_old          obj_new        time              method info
I          1        968.71798     100084.00000        968.71798      0.3172                 con 
I          2        960.61275        968.71798        960.61275      0.4299         drrr_15+rrg 
I          3        959.33515        960.61275        959.33515      0.4852        drrr_15+rrri 
I          7        959.19828        959.33515        959.19828      0.6387         drrr_15+rrg 
I          9        953.48498        959.19828        953.48498      0.7124         drrr_15+rrg 
I         13        947.22431        953.48498        947.22431      0.8115        drrr_15+rrri 
I         18        946.18345        947.22431        946.18345      0.9585         drrr_15+rrg 
I         25        941.12520        946.18345        941.12520      1.0424        drrr_15+rroi 
I         28        939.51463        941.12520        939.51463      1.0696        drrr_15+rroi 
I         38        939.34913        939.51463        939.34913      1.1700        drrr_15+rroi 
I         45        935.87694        939.34913        935.87694      1.2523        drrr_15+rrri 
I         49        935.23989        935.87694        935.23989      1.3071         drrr_15+rrg 
I         58        933.59967        935.23989        933.59967      1.3648        drrr_15+rrri 
I         62        928.24396        933.59967        928.24396      1.4269        drrr_15+rrri 
I         64        924.08285        928.24396        924.08285      1.4406         drrr_15+rrg 
I         80        920.63363        924.08285        920.63363      1.5879        drrr_15+rroi 
I        110        915.54816        920.63363        915.54816      1.7279        drrr_15+rroi 
I        134        915.20515        915.54816        915.20515      1.8696        drrr_15+rroi 
I        139        914.81906        915.20515        914.81906      1.8867         drrr_15+rrg 
I        144        914.76268        914.81906        914.76268      1.9335        drrr_15+rroi 
I        163        914.10183        914.76268        914.10183      2.0208         drrr_15+rrg 
I        173        913.32264        914.10183        913.32264      2.0752        drrr_15+rroi 
I        247        913.32082        913.32264        913.32082      2.2376        drrr_15+rroi 
I        480        910.60808        913.32082        910.60808      2.5575         drrr_15+rrg 
I        586        909.68420        910.60808        909.68420      2.7491         drrr_15+rrg 
I        626        908.60085        909.68420        908.60085      2.8369         drrr_15+rrg 
I        631        908.49142        908.60085        908.49142      2.8387        drrr_15+rrri 
I        902        908.20520        908.49142        908.20520      3.1356        drrr_15+rrri 
I       1630        906.62756        908.20520        906.62756      3.7516        drrr_15+rrri 
I       1632        906.62756        906.62756        906.62756      3.7549        drrr_15+rroi 
I       2220        906.44783        906.62756        906.44783      4.3968        drrr_15+rrri 
I       4977        904.24803        906.44783        904.24803      6.2170        drrr_15+rrri 
I       5002        904.12612        904.24803        904.12612      6.2477        drrr_15+rrri 
I       5007        900.69493        904.12612        900.69493      6.2719        drrr_15+rroi 
I       5041        898.24646        900.69493        898.24646      6.3492         drrr_15+rrg 
I       5104        898.05261        898.24646        898.05261      6.4170        drrr_15+rroi 
I       5115        897.94319        898.05261        897.94319      6.4216         drrr_15+rrg 
I       5209        894.42532        897.94319        894.42532      6.4944        drrr_15+rrri 
I       6688        892.31857        894.42532        892.31857      7.4158        drrr_15+rroi 
I       6740        892.20914        892.31857        892.20914      7.4817         drrr_15+rrg 
I      30000        892.20914        892.20914        907.80000     17.9920         drrr_15+rrg 

Method statistics
S  method    iter  succ  succ-rate%  tot-obj-gain  avg-obj-gain  rel-succ%  net-time  net-time%  brut-time  brut-time%
S  con          1     1   100.00000  -99115.28202  -99115.28202    1.26582   0.31719    1.76296    0.31719     1.76296
S  drrr_15  29999    39     0.13000     -76.50884      -0.00255   49.36709   0.35493    1.97269    0.35493     1.97269
S  rrg       9985    14     0.14021     -28.22867      -0.00283   17.72152   7.50499   41.71280    7.50499    41.71280
S  rroi     10021    13     0.12973     -22.28120      -0.00222   16.45570   3.91485   21.75877    3.91485    21.75877
S  rrri      9993    12     0.12008     -25.99897      -0.00260   15.18987   5.83088   32.40809    5.83088    32.40809
S  SUM/AVG  59999    79     0.13167  -99268.29970      -1.65450   20.00000  17.92283   99.61531   17.92283    99.61531

T best solution: EADARPSolution(t_routing=1094.124, t_excess=286.464, obj_val=892.209, obj_val_valid=true,
    unserved_requests=Int64[], F_visited=[182, 181, 184, 183, 178, 180, 179], S_visited=Int64[],
    (1, ([171, 35, 119, 55, 139, 84, 168, 18, 102, 46, 130, 69, 153, 40, 124, 43, 11, 95, 127, 78, 162, 10, 94, 72, 74, 156, 158, 187, 64, 148, 178], [115.69879618122415], [28]))
    (2, ([172, 7, 38, 122, 91, 17, 101, 57, 141, 25, 39, 109, 123, 54, 8, 138, 92, 187, 13, 97, 41, 125, 34, 118, 179], [56.72343891192846], [18]))
    (3, ([173, 79, 163, 31, 115, 48, 42, 132, 126, 29, 113, 186, 2, 86, 77, 32, 161, 116, 21, 67, 105, 151, 22, 37, 106, 121, 185, 180], [38.36535411128581, 54.39632754563377], [12, 27]))
    (4, ([174, 24, 108, 15, 99, 30, 114, 26, 110, 14, 62, 98, 146, 4, 88, 1, 85, 33, 80, 117, 164, 185, 181], [39.94880729530866], [22]))
    (5, ([175, 65, 149, 76, 58, 160, 47, 142, 131, 52, 136, 61, 145, 45, 66, 36, 129, 150, 120, 82, 75, 159, 166, 71, 5, 89, 155, 3, 87, 19, 103, 185, 182], [77.5036342475245], [32]))
    (6, ([176, 81, 165, 16, 68, 100, 152, 28, 50, 134, 112, 9, 93, 27, 6, 90, 111, 59, 53, 143, 137, 23, 107, 63, 147, 70, 154, 56, 73, 140, 157, 185, 183], [127.43314043442616], [32]))
    (7, ([177, 44, 128, 49, 133, 60, 12, 144, 96, 83, 167, 20, 51, 104, 135, 185, 184], [17.05479316261008], [16])))

T best obj: 892.2091408182388
T best iteration: 6740
T total iterations: 30000
T best time [s]: 7.482
T total time [s]: 17.9920
