EADARP version 2def-dirty
ARGS: --ifile=EADARP/instances/l1/a7-84.txt --odir=EADARP/out/a7-84 --oname=run30
Settings:
--alns_gamma=0.025
--alns_segment_size=100
--alns_sigma1=10
--alns_sigma2=9
--alns_sigma3=3
--at_most_one_s=false
--gamma=-1.0
--ifile=EADARP/instances/l1/a7-84.txt
--insert_charging_otf=true
--insert_cost_noise=0.014
--lns_init_temp_factor=0.0
--lns_temp_dec_factor=0.99
--mh_checkit=false
--mh_lfreq=0
--mh_lnewinc=true
--mh_tciter=-1
--mh_tctime=-1.0
--mh_titer=300
--mh_tobj=-1.0
--mh_ttime=-1.0
--odir=EADARP/out/a7-84
--oname=run30
--only_single_s_visits=true
--repair_max_routes=0
--seed=2009169871
--use_milp_in_otf=0
--xcheck_isfeasible=false

EADARPInstance(EADARP/instances/l1/a7-84.txt, n=84, n_K=7, S=[185, 186, 187], Q=14.85, n_F=7, γ=0.7, T_plan=720.0, F=[178, 179, 180, 181, 182, 183, 184])

T preprocessing time [s]: 3.46176
I       iter             best          obj_old          obj_new        time              method info
I          1     100015.00000     100084.00000     100015.00000      0.2896                 con 
I          3     100014.00000     100015.00000     100014.00000      0.4076        drrr_15+rroi 
I          4     100013.00000     100014.00000     100013.00000      0.4798        drrr_15+rroi 
I          5     100012.00000     100013.00000     100012.00000      0.5158         drrr_15+rrg 
I         12     100011.00000     100012.00000     100011.00000      0.7780         drrr_15+rrg 
I        100     100010.00000     100011.00000     100010.00000      1.9983        drrr_15+rrri 
I        134     100009.00000     100010.00000     100009.00000      2.3606         drrr_15+rrg 
I        146     100008.00000     100009.00000     100008.00000      2.5282        drrr_15+rrri 
I        268     100007.00000     100008.00000     100007.00000      3.3332         drrr_15+rrg 
I        281     100006.00000     100007.00000     100006.00000      3.4864         drrr_15+rrg 
I        300     100006.00000     100006.00000     100009.00000      3.5712        drrr_15+rrri 

Method statistics
S  method    iter  succ  succ-rate%  tot-obj-gain  avg-obj-gain  rel-succ%  net-time  net-time%  brut-time  brut-time%
S  con          1     1   100.00000     -69.00000     -69.00000    5.26316   0.28957    8.10857    0.28957     8.10857
S  drrr_15    299     9     3.01003      -9.00000      -0.03010   47.36842   0.00523    0.14633    0.00523     0.14633
S  rrg        104     5     4.80769      -5.00000      -0.04808   26.31579   1.27455   35.68983    1.27455    35.68983
S  rroi       110     2     1.81818      -2.00000      -0.01818   10.52632   1.00652   28.18437    1.00652    28.18437
S  rrri        85     2     2.35294      -2.00000      -0.02353   10.52632   0.99370   27.82548    0.99370    27.82548
S  SUM/AVG    599    19     3.17195     -87.00000      -0.14524   20.00000   3.56956   99.95458    3.56956    99.95458

T best solution: EADARPSolution(t_routing=-1.0, t_excess=-1.0, obj_val=100006.0, obj_val_valid=true,
    unserved_requests=[22, 34, 48, 80, 82, 15], F_visited=[180, 183, 184, 178, 179, 182, 181], S_visited=[185, 186, 187],
    (1, ([171, 44, 128, 35, 119, 76, 58, 160, 47, 142, 131, 31, 115, 54, 138, 52, 136, 61, 145, 30, 114, 26, 110, 14, 62, 98, 146, 187, 21, 105, 33, 117, 51, 20, 135, 104, 178], [186.76192370248472], [28]))
    (2, ([172, 24, 108, 43, 127, 4, 88, 77, 1, 85, 32, 161, 116, 67, 151, 179], Float64[], Int64[]))
    (3, ([173, 57, 141, 25, 39, 109, 123, 72, 74, 156, 158, 180], Float64[], Int64[]))
    (4, ([174, 81, 165, 16, 68, 100, 152, 28, 50, 112, 134, 6, 27, 90, 111, 66, 45, 36, 129, 150, 120, 42, 53, 126, 29, 137, 75, 113, 159, 56, 73, 140, 157, 185, 181], [142.28741414406014], [34]))
    (5, ([175, 49, 79, 133, 60, 12, 163, 144, 96, 55, 139, 84, 8, 168, 92, 46, 130, 69, 153, 40, 124, 9, 93, 10, 94, 59, 143, 41, 125, 23, 107, 63, 147, 71, 5, 89, 155, 186, 182], [166.01740623199103], [38]))
    (6, ([176, 7, 38, 122, 91, 17, 101, 18, 102, 70, 154, 64, 37, 148, 121, 183], Float64[], Int64[]))
    (7, ([177, 65, 149, 83, 167, 13, 97, 11, 95, 78, 162, 2, 86, 3, 87, 19, 103, 184], Float64[], Int64[])))

T best obj: 100006.0
T best iteration: 281
T total iterations: 300
T best time [s]: 3.486
T total time [s]: 3.5712
