EADARP version 585c-dirty
ARGS: --ifile=EADARP/instances/l1/a7-84.txt --infeasible_arcs=EADARP/infeasible_arcs --gamma=0.7 --only_single_s_visits=false --odir=EADARP/out/a7-84 --oname=run37
Settings:
--alns_gamma=0.025
--alns_segment_size=100
--alns_sigma1=10
--alns_sigma2=9
--alns_sigma3=3
--at_most_one_s=false
--gamma=0.7
--ifile=EADARP/instances/l1/a7-84.txt
--infeasible_arcs=EADARP/infeasible_arcs
--insert_charging_otf=true
--insert_cost_noise=0.014
--lns_init_temp_factor=0.0
--lns_temp_dec_factor=0.99
--mh_checkit=false
--mh_lfreq=0
--mh_lnewinc=true
--mh_tciter=-1
--mh_tctime=-1.0
--mh_titer=30000
--mh_tobj=-1.0
--mh_ttime=-1.0
--odir=EADARP/out/a7-84
--oname=run37
--only_single_s_visits=false
--repair_max_routes=0
--seed=292421285
--use_milp_in_otf=0
--xcheck_isfeasible=false

EADARPInstance(EADARP/instances/l1/a7-84.txt, n=84, n_K=7, S=[185, 186, 187], Q=14.85, n_F=7, γ=0.7, T_plan=720.0, F=[178, 179, 180, 181, 182, 183, 184])

T preprocessing time [s]: 3.6607
I       iter             best          obj_old          obj_new        time              method info
I          1       1047.01925     100084.00000       1047.01925      0.3415                 con 
I          2       1013.62708       1047.01925       1013.62708      0.3830        drrr_15+rrri 
I          4       1004.47330       1013.62708       1004.47330      0.5164        drrr_15+rrri 
I          6       1001.88340       1004.47330       1001.88340      0.6148        drrr_15+rroi 
I          7        994.64068       1001.88340        994.64068      0.6559        drrr_15+rrri 
I         10        991.79237        994.64068        991.79237      0.7529        drrr_15+rroi 
I         11        990.15625        991.79237        990.15625      0.7808         drrr_15+rrg 
I         12        987.58568        990.15625        987.58568      0.7929        drrr_15+rroi 
I         26        985.45356        987.58568        985.45356      1.1076        drrr_15+rrri 
I         33        985.29399        985.45356        985.29399      1.2085         drrr_15+rrg 
I         37        982.98340        985.29399        982.98340      1.2463        drrr_15+rrri 
I         39        979.40694        982.98340        979.40694      1.2578         drrr_15+rrg 
I         40        975.80496        979.40694        975.80496      1.2786        drrr_15+rroi 
I         41        971.02014        975.80496        971.02014      1.2976        drrr_15+rrri 
I         42        959.89665        971.02014        959.89665      1.3167         drrr_15+rrg 
I         43        955.75144        959.89665        955.75144      1.3397        drrr_15+rroi 
I         47        955.04723        955.75144        955.04723      1.4189        drrr_15+rrri 
I         48        954.90984        955.04723        954.90984      1.4287        drrr_15+rrri 
I         51        949.76823        954.90984        949.76823      1.5253        drrr_15+rrri 
I         52        942.51135        949.76823        942.51135      1.5456        drrr_15+rrri 
I         53        942.17152        942.51135        942.17152      1.5616        drrr_15+rroi 
I         55        939.65406        942.17152        939.65406      1.5896         drrr_15+rrg 
I         61        939.54052        939.65406        939.54052      1.7087         drrr_15+rrg 
I         64        934.15558        939.54052        934.15558      1.7581        drrr_15+rrri 
I         66        931.34880        934.15558        931.34880      1.7925        drrr_15+rrri 
I         70        931.12431        931.34880        931.12431      1.8248        drrr_15+rroi 
I         89        928.40771        931.12431        928.40771      1.9123         drrr_15+rrg 
I        107        927.42252        928.40771        927.42252      1.9682        drrr_15+rroi 
I        124        920.81999        927.42252        920.81999      2.0552        drrr_15+rrri 
I        139        920.64059        920.81999        920.64059      2.1230        drrr_15+rrri 
I        156        916.96365        920.64059        916.96365      2.1824        drrr_15+rrri 
I        192        916.40373        916.96365        916.40373      2.4488        drrr_15+rroi 
I        194        912.43131        916.40373        912.43131      2.4494        drrr_15+rrri 
I        568        909.99067        912.43131        909.99067      3.0796        drrr_15+rrri 
I        665        908.39344        909.99067        908.39344      3.2177        drrr_15+rrri 
I        671        907.04395        908.39344        907.04395      3.2222         drrr_15+rrg 
I        882        906.74502        907.04395        906.74502      3.4011        drrr_15+rroi 
I        890        902.07786        906.74502        902.07786      3.4414        drrr_15+rroi 
I       2626        901.54281        902.07786        901.54281      4.8307        drrr_15+rroi 
I       2635        900.58464        901.54281        900.58464      4.8393        drrr_15+rroi 
I       2745        900.31743        900.58464        900.31743      4.9243         drrr_15+rrg 
I       2838        899.39355        900.31743        899.39355      5.0724         drrr_15+rrg 
I       8223        898.88266        899.39355        898.88266      8.1734        drrr_15+rroi 
I      30000        898.88266        898.88266        898.88266     18.1409        drrr_15+rrri 

Method statistics
S  method    iter  succ  succ-rate%  tot-obj-gain  avg-obj-gain  rel-succ%  net-time  net-time%  brut-time  brut-time%
S  con          1     1   100.00000  -99036.98075  -99036.98075    1.17647   0.34144    1.88214    0.34144     1.88214
S  drrr_15  29999    42     0.14000    -148.13659      -0.00494   49.41176   0.36830    2.03023    0.36830     2.03023
S  rrg       9996    10     0.10004     -24.38382      -0.00244   11.76471   7.29040   40.18757    7.29040    40.18757
S  rroi      9920    14     0.14113     -24.83561      -0.00250   16.47059   4.13302   22.78285    4.13302    22.78285
S  rrri     10083    18     0.17852     -98.91716      -0.00981   21.17647   5.93707   32.72751    5.93707    32.72751
S  SUM/AVG  59999    85     0.14167  -99333.25393      -1.65558   20.00000  18.07023   99.61031   18.07023    99.61031

T best solution: EADARPSolution(t_routing=1111.678, t_excess=260.497, obj_val=898.883, obj_val_valid=true,
    unserved_requests=Int64[], F_visited=[180, 179, 182, 184, 181, 178, 183], S_visited=Int64[],
    (1, ([171, 7, 38, 122, 91, 17, 101, 57, 141, 25, 39, 109, 123, 54, 138, 27, 6, 90, 111, 29, 113, 2, 86, 185, 178], [48.32103877178339], [24]))
    (2, ([172, 35, 119, 55, 139, 84, 168, 18, 102, 30, 114, 26, 110, 14, 62, 98, 146, 42, 126, 72, 74, 156, 158, 187, 64, 148, 34, 118, 185, 179], [116.42344060108007, 14.223673905806516], [24, 29]))
    (3, ([173, 24, 108, 15, 99, 45, 66, 36, 129, 150, 120, 77, 32, 161, 116, 21, 67, 105, 151, 22, 37, 106, 121, 185, 180], [53.333741640949164], [24]))
    (4, ([174, 44, 128, 49, 133, 60, 12, 144, 96, 83, 167, 8, 92, 46, 130, 69, 153, 40, 124, 78, 162, 10, 94, 59, 53, 137, 143, 41, 125, 75, 159, 185, 181], [113.47217515292176], [32]))
    (5, ([175, 79, 163, 31, 115, 48, 132, 70, 154, 56, 73, 140, 157, 20, 51, 104, 135, 185, 182], [41.8410836093519], [18]))
    (6, ([176, 65, 149, 76, 58, 160, 47, 142, 131, 52, 136, 61, 145, 13, 97, 11, 95, 23, 82, 107, 63, 166, 147, 71, 5, 89, 155, 3, 87, 19, 103, 185, 183], [96.5752028013731], [32]))
    (7, ([177, 81, 165, 16, 68, 100, 152, 28, 50, 134, 112, 9, 93, 43, 127, 4, 88, 1, 85, 33, 80, 117, 164, 185, 184], [60.48758939646114], [24])))

T best obj: 898.8826606551836
T best iteration: 8223
T total iterations: 30000
T best time [s]: 8.173
T total time [s]: 18.1409
