EADARP version 2def-dirty
ARGS: --ifile=EADARP/instances/l1/a7-84.txt --odir=EADARP/out/a7-84 --oname=run47
Settings:
--alns_gamma=0.025
--alns_segment_size=100
--alns_sigma1=10
--alns_sigma2=9
--alns_sigma3=3
--at_most_one_s=false
--gamma=-1.0
--ifile=EADARP/instances/l1/a7-84.txt
--insert_charging_otf=true
--insert_cost_noise=0.014
--lns_init_temp_factor=0.0
--lns_temp_dec_factor=0.99
--mh_checkit=false
--mh_lfreq=0
--mh_lnewinc=true
--mh_tciter=-1
--mh_tctime=-1.0
--mh_titer=300
--mh_tobj=-1.0
--mh_ttime=-1.0
--odir=EADARP/out/a7-84
--oname=run47
--only_single_s_visits=true
--repair_max_routes=0
--seed=83227638
--use_milp_in_otf=0
--xcheck_isfeasible=false

EADARPInstance(EADARP/instances/l1/a7-84.txt, n=84, n_K=7, S=[185, 186, 187], Q=14.85, n_F=7, γ=0.7, T_plan=720.0, F=[178, 179, 180, 181, 182, 183, 184])

T preprocessing time [s]: 3.4755
I       iter             best          obj_old          obj_new        time              method info
I          1     100018.00000     100084.00000     100018.00000      0.2983                 con 
I          2     100016.00000     100018.00000     100016.00000      0.3961        drrr_15+rroi 
I          4     100015.00000     100016.00000     100015.00000      0.5216         drrr_15+rrg 
I          7     100014.00000     100015.00000     100014.00000      0.7986         drrr_15+rrg 
I          8     100013.00000     100014.00000     100013.00000      0.8341         drrr_15+rrg 
I         10     100012.00000     100013.00000     100012.00000      0.9519         drrr_15+rrg 
I         44     100010.00000     100012.00000     100010.00000      1.6967        drrr_15+rroi 
I         62     100009.00000     100010.00000     100009.00000      2.2924         drrr_15+rrg 
I        120     100008.00000     100009.00000     100008.00000      3.5129        drrr_15+rrri 
I        223     100007.00000     100008.00000     100007.00000      4.4000         drrr_15+rrg 
I        300     100007.00000     100007.00000     100008.00000      4.8593        drrr_15+rrri 

Method statistics
S  method    iter  succ  succ-rate%  tot-obj-gain  avg-obj-gain  rel-succ%  net-time  net-time%  brut-time  brut-time%
S  con          1     1   100.00000     -66.00000     -66.00000    5.26316   0.29825    6.13782    0.29825     6.13782
S  drrr_15    299     9     3.01003     -11.00000      -0.03679   47.36842   0.00551    0.11330    0.00551     0.11330
S  rrg         85     6     7.05882      -6.00000      -0.07059   31.57895   1.72365   35.47121    1.72365    35.47121
S  rroi       111     2     1.80180      -4.00000      -0.03604   10.52632   1.25639   25.85540    1.25639    25.85540
S  rrri       103     1     0.97087      -1.00000      -0.00971    5.26316   1.57381   32.38761    1.57381    32.38761
S  SUM/AVG    599    19     3.17195     -88.00000      -0.14691   20.00000   4.85761   99.96535    4.85761    99.96535

T best solution: EADARPSolution(t_routing=-1.0, t_excess=-1.0, obj_val=100007.0, obj_val_valid=true,
    unserved_requests=[21, 30, 34, 48, 62, 73, 37], F_visited=[180, 182, 181, 178, 183, 179, 184], S_visited=[185, 186, 187],
    (1, ([171, 7, 38, 122, 91, 75, 159, 56, 3, 87, 140, 20, 51, 104, 135, 178], Float64[], Int64[]))
    (2, ([172, 35, 119, 58, 47, 142, 131, 84, 168, 18, 102, 70, 154, 179], Float64[], Int64[]))
    (3, ([173, 55, 139, 52, 136, 13, 97, 41, 125, 19, 103, 180], Float64[], Int64[]))
    (4, ([174, 60, 12, 144, 96, 16, 100, 54, 8, 138, 92, 46, 130, 69, 153, 11, 9, 93, 43, 95, 127, 42, 53, 126, 137, 23, 82, 107, 63, 166, 147, 71, 5, 89, 155, 186, 181], [166.36359923920966], [36]))
    (5, ([175, 65, 149, 76, 17, 160, 101, 81, 165, 68, 83, 167, 24, 152, 108, 28, 50, 112, 134, 6, 26, 110, 90, 14, 98, 36, 78, 120, 162, 10, 94, 59, 143, 29, 113, 72, 74, 156, 158, 187, 182], [171.54650350441244], [40]))
    (6, ([176, 44, 128, 49, 79, 163, 133, 31, 115, 57, 141, 25, 39, 109, 123, 40, 61, 124, 145, 27, 111, 185, 2, 86, 77, 1, 85, 32, 161, 116, 67, 151, 22, 64, 106, 148, 183], [178.43084365985945], [22]))
    (7, ([177, 15, 99, 45, 66, 129, 150, 4, 88, 33, 80, 117, 164, 184], Float64[], Int64[])))

T best obj: 100007.0
T best iteration: 223
T total iterations: 300
T best time [s]: 4.400
T total time [s]: 4.8593
