EADARP version 585c-dirty
ARGS: --ifile=EADARP/instances/l1/a7-84.txt --infeasible_arcs=EADARP/infeasible_arcs --gamma=0.7 --only_single_s_visits=false --odir=EADARP/out/a7-84 --oname=run40
Settings:
--alns_gamma=0.025
--alns_segment_size=100
--alns_sigma1=10
--alns_sigma2=9
--alns_sigma3=3
--at_most_one_s=false
--gamma=0.7
--ifile=EADARP/instances/l1/a7-84.txt
--infeasible_arcs=EADARP/infeasible_arcs
--insert_charging_otf=true
--insert_cost_noise=0.014
--lns_init_temp_factor=0.0
--lns_temp_dec_factor=0.99
--mh_checkit=false
--mh_lfreq=0
--mh_lnewinc=true
--mh_tciter=-1
--mh_tctime=-1.0
--mh_titer=30000
--mh_tobj=-1.0
--mh_ttime=-1.0
--odir=EADARP/out/a7-84
--oname=run40
--only_single_s_visits=false
--repair_max_routes=0
--seed=991445794
--use_milp_in_otf=0
--xcheck_isfeasible=false

EADARPInstance(EADARP/instances/l1/a7-84.txt, n=84, n_K=7, S=[185, 186, 187], Q=14.85, n_F=7, γ=0.7, T_plan=720.0, F=[178, 179, 180, 181, 182, 183, 184])

T preprocessing time [s]: 3.62106
I       iter             best          obj_old          obj_new        time              method info
I          1       1003.20991     100084.00000       1003.20991      0.3326                 con 
I          2        986.96186       1003.20991        986.96186      0.4316        drrr_15+rrri 
I          4        986.74470        986.96186        986.74470      0.5592         drrr_15+rrg 
I          5        986.36179        986.74470        986.36179      0.6067        drrr_15+rrri 
I          6        975.65760        986.36179        975.65760      0.6625        drrr_15+rrri 
I         10        974.13357        975.65760        974.13357      0.7843        drrr_15+rrri 
I         13        971.65289        974.13357        971.65289      0.8903         drrr_15+rrg 
I         19        971.64469        971.65289        971.64469      0.9673        drrr_15+rroi 
I         25        968.36927        971.64469        968.36927      1.0628         drrr_15+rrg 
I         32        963.16160        968.36927        963.16160      1.1400        drrr_15+rrri 
I         43        962.51438        963.16160        962.51438      1.2601        drrr_15+rroi 
I         44        961.93617        962.51438        961.93617      1.2730         drrr_15+rrg 
I         46        959.08573        961.93617        959.08573      1.2933        drrr_15+rroi 
I         47        958.66715        959.08573        958.66715      1.3260         drrr_15+rrg 
I         48        947.85326        958.66715        947.85326      1.3300        drrr_15+rroi 
I         50        941.14023        947.85326        941.14023      1.3529        drrr_15+rrri 
I         53        940.09684        941.14023        940.09684      1.4151        drrr_15+rrri 
I         54        939.98741        940.09684        939.98741      1.4273        drrr_15+rrri 
I         57        937.89974        939.98741        937.89974      1.5046        drrr_15+rrri 
I         58        932.67021        937.89974        932.67021      1.5139        drrr_15+rroi 
I         60        932.15743        932.67021        932.15743      1.5542        drrr_15+rrri 
I         68        931.86100        932.15743        931.86100      1.7388        drrr_15+rrri 
I         73        931.75158        931.86100        931.75158      1.7692        drrr_15+rroi 
I         74        931.41175        931.75158        931.41175      1.7793        drrr_15+rrri 
I         86        930.28371        931.41175        930.28371      1.8407        drrr_15+rroi 
I         90        925.45931        930.28371        925.45931      1.8609         drrr_15+rrg 
I        113        925.10212        925.45931        925.10212      1.9510        drrr_15+rrri 
I        137        923.35467        925.10212        923.35467      2.0362        drrr_15+rrri 
I        577        922.12928        923.35467        922.12928      2.7552         drrr_15+rrg 
I        596        921.93572        922.12928        921.93572      2.7858         drrr_15+rrg 
I        604        919.95546        921.93572        919.95546      2.8138        drrr_15+rrri 
I        614        919.79222        919.95546        919.79222      2.8410        drrr_15+rroi 
I        723        918.71298        919.79222        918.71298      2.9900        drrr_15+rroi 
I        727        918.32744        918.71298        918.32744      3.0125        drrr_15+rrri 
I        770        918.22619        918.32744        918.22619      3.0596         drrr_15+rrg 
I        779        917.29400        918.22619        917.29400      3.0902        drrr_15+rrri 
I        780        916.17169        917.29400        916.17169      3.0905        drrr_15+rrri 
I        784        914.82219        916.17169        914.82219      3.0933        drrr_15+rroi 
I        801        912.38582        914.82219        912.38582      3.1319        drrr_15+rroi 
I        813        910.97524        912.38582        910.97524      3.1604         drrr_15+rrg 
I        817        910.77360        910.97524        910.77360      3.1625        drrr_15+rrri 
I        839        910.66417        910.77360        910.66417      3.2063        drrr_15+rroi 
I        849        910.47022        910.66417        910.47022      3.2132         drrr_15+rrg 
I        920        910.20005        910.47022        910.20005      3.3050         drrr_15+rrg 
I        921        908.86797        910.20005        908.86797      3.3053        drrr_15+rrri 
I       9311        907.97437        908.86797        907.97437      8.3342         drrr_15+rrg 
I       9331        906.65919        907.97437        906.65919      8.3514        drrr_15+rroi 
I      11273        904.80896        906.65919        904.80896      9.4799        drrr_15+rrri 
I      11277        904.65602        904.80896        904.65602      9.4814         drrr_15+rrg 
I      11285        904.54659        904.65602        904.54659      9.4844        drrr_15+rrri 
I      13619        903.30845        904.54659        903.30845     10.6431        drrr_15+rroi 
I      13621        902.96863        903.30845        902.96863     10.6465         drrr_15+rrg 
I      13623        902.81534        902.96863        902.81534     10.6471        drrr_15+rrri 
I      13674        900.01019        902.81534        900.01019     10.6766         drrr_15+rrg 
I      13693        899.61558        900.01019        899.61558     10.7035         drrr_15+rrg 
I      17570        898.48285        899.61558        898.48285     12.5225         drrr_15+rrg 
I      17589        897.47318        898.48285        897.47318     12.5299        drrr_15+rrri 
I      17593        897.45643        897.47318        897.45643     12.5317         drrr_15+rrg 
I      17605        897.13335        897.45643        897.13335     12.5361        drrr_15+rroi 
I      30000        897.13335        897.13335        897.13335     17.9271        drrr_15+rroi 

Method statistics
S  method    iter  succ  succ-rate%  tot-obj-gain  avg-obj-gain  rel-succ%  net-time  net-time%  brut-time  brut-time%
S  con          1     1   100.00000  -99080.79009  -99080.79009    0.85470   0.33258    1.85516    0.33258     1.85516
S  drrr_15  29999    58     0.19334    -106.07655      -0.00354   49.57265   0.39931    2.22739    0.39931     2.22739
S  rrg      10055    19     0.18896     -20.92496      -0.00208   16.23932   7.75461   43.25636    7.75461    43.25636
S  rroi      9928    15     0.15109     -28.80093      -0.00290   12.82051   3.81233   21.26575    3.81233    21.26575
S  rrri     10016    24     0.23962     -56.35067      -0.00563   20.51282   5.55671   30.99618    5.55671    30.99618
S  SUM/AVG  59999   117     0.19500  -99292.94320      -1.65491   20.00000  17.85553   99.60083   17.85553    99.60083

T best solution: EADARPSolution(t_routing=1105.971, t_excess=270.621, obj_val=897.133, obj_val_valid=true,
    unserved_requests=Int64[], F_visited=[179, 181, 182, 183, 180, 184, 178], S_visited=Int64[],
    (1, ([171, 44, 128, 49, 133, 60, 12, 144, 96, 68, 83, 167, 152, 42, 126, 29, 113, 2, 86, 77, 32, 161, 116, 185, 178], [69.15997633834009], [24]))
    (2, ([172, 35, 119, 55, 139, 9, 93, 10, 94, 72, 74, 156, 158, 21, 67, 105, 151, 22, 37, 106, 121, 185, 179], [57.65567931379187], [22]))
    (3, ([173, 7, 38, 122, 91, 17, 101, 57, 141, 25, 39, 109, 123, 54, 8, 138, 92, 28, 50, 112, 134, 27, 6, 90, 111, 59, 53, 137, 143, 41, 125, 3, 87, 19, 103, 185, 180], [119.72125546907019], [36]))
    (4, ([174, 24, 108, 15, 99, 30, 114, 26, 110, 14, 62, 98, 146, 4, 88, 1, 85, 33, 80, 117, 164, 185, 181], [39.94880729530866], [22]))
    (5, ([175, 81, 165, 16, 100, 52, 136, 61, 145, 45, 66, 36, 129, 150, 120, 23, 82, 107, 63, 166, 147, 71, 5, 89, 155, 185, 182], [73.27384782876346], [26]))
    (6, ([176, 65, 149, 76, 58, 160, 47, 142, 131, 84, 168, 18, 102, 46, 130, 69, 153, 40, 124, 13, 97, 48, 132, 70, 154, 187, 64, 148, 34, 118, 183], [136.36999581586187], [26]))
    (7, ([177, 79, 163, 31, 115, 11, 43, 95, 127, 78, 162, 75, 159, 56, 73, 140, 157, 20, 51, 104, 135, 185, 184], [42.841164134529045], [22])))

T best obj: 897.1333540455593
T best iteration: 17605
T total iterations: 30000
T best time [s]: 12.536
T total time [s]: 17.9271
