EADARP version 2def-dirty
ARGS: --ifile=EADARP/instances/l1/a7-84.txt --odir=EADARP/out/a7-84 --oname=run55
Settings:
--alns_gamma=0.025
--alns_segment_size=100
--alns_sigma1=10
--alns_sigma2=9
--alns_sigma3=3
--at_most_one_s=false
--gamma=-1.0
--ifile=EADARP/instances/l1/a7-84.txt
--insert_charging_otf=true
--insert_cost_noise=0.014
--lns_init_temp_factor=0.0
--lns_temp_dec_factor=0.99
--mh_checkit=false
--mh_lfreq=0
--mh_lnewinc=true
--mh_tciter=-1
--mh_tctime=-1.0
--mh_titer=300
--mh_tobj=-1.0
--mh_ttime=-1.0
--odir=EADARP/out/a7-84
--oname=run55
--only_single_s_visits=true
--repair_max_routes=0
--seed=71600844
--use_milp_in_otf=0
--xcheck_isfeasible=false

EADARPInstance(EADARP/instances/l1/a7-84.txt, n=84, n_K=7, S=[185, 186, 187], Q=14.85, n_F=7, γ=0.7, T_plan=720.0, F=[178, 179, 180, 181, 182, 183, 184])

T preprocessing time [s]: 3.51002
I       iter             best          obj_old          obj_new        time              method info
I          1     100016.00000     100084.00000     100016.00000      0.2869                 con 
I          2     100014.00000     100016.00000     100014.00000      0.3672         drrr_15+rrg 
I          6     100013.00000     100014.00000     100013.00000      0.5818        drrr_15+rroi 
I         10     100012.00000     100013.00000     100012.00000      0.7040        drrr_15+rrri 
I         50     100011.00000     100012.00000     100011.00000      1.5220        drrr_15+rrri 
I         64     100010.00000     100011.00000     100010.00000      1.9742        drrr_15+rrri 
I         66     100009.00000     100010.00000     100009.00000      2.0279        drrr_15+rrri 
I        133     100008.00000     100009.00000     100008.00000      3.0506        drrr_15+rroi 
I        156     100006.00000     100008.00000     100006.00000      3.4480         drrr_15+rrg 
I        172     100005.00000     100006.00000     100005.00000      3.5931        drrr_15+rrri 
I        218     100004.00000     100005.00000     100004.00000      3.9546        drrr_15+rroi 
I        300     100004.00000     100004.00000     100007.00000      4.3530        drrr_15+rroi 

Method statistics
S  method    iter  succ  succ-rate%  tot-obj-gain  avg-obj-gain  rel-succ%  net-time  net-time%  brut-time  brut-time%
S  con          1     1   100.00000     -68.00000     -68.00000    4.76190   0.28685    6.58965    0.28685     6.58965
S  drrr_15    299    10     3.34448     -12.00000      -0.04013   47.61905   0.00542    0.12452    0.00542     0.12452
S  rrg         98     2     2.04082      -4.00000      -0.04082    9.52381   1.39468   32.03951    1.39468    32.03951
S  rroi        99     3     3.03030      -3.00000      -0.03030   14.28571   1.30259   29.92399    1.30259    29.92399
S  rrri       102     5     4.90196      -5.00000      -0.04902   23.80952   1.36179   31.28397    1.36179    31.28397
S  SUM/AVG    599    21     3.50584     -92.00000      -0.15359   20.00000   4.35134   99.96165    4.35134    99.96165

T best solution: EADARPSolution(t_routing=-1.0, t_excess=-1.0, obj_val=100004.0, obj_val_valid=true,
    unserved_requests=[48, 73, 37, 34], F_visited=[180, 182, 181, 178, 179, 183, 184], S_visited=[186, 187, 185],
    (1, ([171, 7, 38, 122, 91, 17, 55, 101, 139, 84, 168, 18, 102, 30, 69, 153, 114, 26, 110, 14, 62, 98, 146, 42, 126, 29, 113, 72, 74, 156, 158, 56, 140, 3, 87, 186, 178], [150.51012172319267], [36]))
    (2, ([172, 15, 99, 36, 78, 120, 162, 2, 86, 1, 85, 33, 80, 117, 164, 179], Float64[], Int64[]))
    (3, ([173, 24, 108, 9, 93, 11, 95, 23, 82, 107, 63, 166, 147, 71, 5, 89, 155, 180], Float64[], Int64[]))
    (4, ([174, 65, 149, 76, 58, 160, 47, 142, 131, 57, 141, 25, 39, 109, 123, 54, 8, 138, 92, 28, 50, 112, 134, 27, 6, 90, 111, 45, 66, 129, 150, 10, 94, 59, 53, 143, 137, 75, 159, 70, 154, 187, 181], [190.80399934016128], [42]))
    (5, ([175, 43, 127, 4, 88, 77, 32, 161, 116, 51, 20, 135, 104, 182], Float64[], Int64[]))
    (6, ([176, 44, 128, 49, 79, 133, 60, 12, 163, 144, 96, 31, 115, 81, 165, 16, 68, 100, 152, 46, 40, 130, 61, 124, 145, 13, 97, 185, 21, 67, 105, 151, 22, 64, 106, 148, 183], [224.91892238665326], [28]))
    (7, ([177, 35, 119, 83, 167, 52, 136, 41, 125, 19, 103, 184], Float64[], Int64[])))

T best obj: 100004.0
T best iteration: 218
T total iterations: 300
T best time [s]: 3.955
T total time [s]: 4.3530
