EADARP version 2def-dirty
ARGS: --ifile=EADARP/instances/l1/a7-84.txt --odir=EADARP/out/a7-84 --oname=run5
Settings:
--alns_gamma=0.025
--alns_segment_size=100
--alns_sigma1=10
--alns_sigma2=9
--alns_sigma3=3
--at_most_one_s=false
--gamma=-1.0
--ifile=EADARP/instances/l1/a7-84.txt
--insert_charging_otf=true
--insert_cost_noise=0.014
--lns_init_temp_factor=0.0
--lns_temp_dec_factor=0.99
--mh_checkit=false
--mh_lfreq=0
--mh_lnewinc=true
--mh_tciter=-1
--mh_tctime=-1.0
--mh_titer=300
--mh_tobj=-1.0
--mh_ttime=-1.0
--odir=EADARP/out/a7-84
--oname=run5
--only_single_s_visits=true
--repair_max_routes=0
--seed=1669607361
--use_milp_in_otf=0
--xcheck_isfeasible=false

EADARPInstance(EADARP/instances/l1/a7-84.txt, n=84, n_K=7, S=[185, 186, 187], Q=14.85, n_F=7, γ=0.7, T_plan=720.0, F=[178, 179, 180, 181, 182, 183, 184])

T preprocessing time [s]: 3.45197
I       iter             best          obj_old          obj_new        time              method info
I          1     100014.00000     100084.00000     100014.00000      0.3436                 con 
I          4     100013.00000     100014.00000     100013.00000      0.6759        drrr_15+rroi 
I         11     100012.00000     100013.00000     100012.00000      1.0273        drrr_15+rrri 
I         13     100010.00000     100012.00000     100010.00000      1.1537        drrr_15+rrri 
I         20     100009.00000     100010.00000     100009.00000      1.4002         drrr_15+rrg 
I         46     100008.00000     100009.00000     100008.00000      2.2070        drrr_15+rrri 
I        103     100007.00000     100008.00000     100007.00000      2.9325        drrr_15+rrri 
I        109     100006.00000     100007.00000     100006.00000      3.0032        drrr_15+rroi 
I        300     100006.00000     100006.00000     100008.00000      4.2456        drrr_15+rrri 

Method statistics
S  method    iter  succ  succ-rate%  tot-obj-gain  avg-obj-gain  rel-succ%  net-time  net-time%  brut-time  brut-time%
S  con          1     1   100.00000     -70.00000     -70.00000    6.66667   0.34355    8.09175    0.34355     8.09175
S  drrr_15    299     7     2.34114      -8.00000      -0.02676   46.66667   0.00629    0.14821    0.00629     0.14821
S  rrg         97     1     1.03093      -1.00000      -0.01031    6.66667   1.25360   29.52648    1.25360    29.52648
S  rroi        94     2     2.12766      -2.00000      -0.02128   13.33333   1.02190   24.06933    1.02190    24.06933
S  rrri       108     4     3.70370      -5.00000      -0.04630   26.66667   1.61874   38.12674    1.61874    38.12674
S  SUM/AVG    599    15     2.50417     -86.00000      -0.14357   20.00000   4.24408   99.96250    4.24408    99.96250

T best solution: EADARPSolution(t_routing=-1.0, t_excess=-1.0, obj_val=100006.0, obj_val_valid=true,
    unserved_requests=[23, 73, 21, 22, 80, 34], F_visited=[184, 180, 179, 183, 182, 181, 178], S_visited=[187, 186, 185],
    (1, ([171, 44, 128, 49, 79, 133, 60, 12, 163, 144, 96, 81, 165, 16, 68, 100, 152, 46, 40, 130, 61, 124, 145, 13, 97, 48, 132, 59, 143, 185, 20, 51, 104, 135, 178], [207.19619393066654], [30]))
    (2, ([172, 52, 136, 6, 90, 63, 147, 70, 71, 154, 56, 140, 155, 179], Float64[], Int64[]))
    (3, ([173, 83, 167, 43, 127, 4, 88, 77, 1, 85, 32, 161, 116, 64, 148, 180], Float64[], Int64[]))
    (4, ([174, 24, 108, 15, 99, 45, 66, 36, 129, 150, 120, 82, 75, 159, 166, 5, 89, 181], Float64[], Int64[]))
    (5, ([175, 65, 149, 76, 160, 31, 115, 57, 141, 25, 39, 109, 123, 54, 8, 138, 92, 30, 69, 26, 114, 153, 110, 62, 146, 42, 53, 126, 137, 41, 125, 72, 74, 156, 158, 187, 182], [181.52111326948713], [36]))
    (6, ([176, 38, 122, 55, 139, 9, 93, 11, 95, 10, 94, 29, 113, 2, 86, 183], Float64[], Int64[]))
    (7, ([177, 35, 119, 7, 58, 91, 47, 142, 131, 17, 101, 84, 168, 18, 102, 28, 50, 112, 27, 134, 14, 111, 98, 78, 162, 186, 3, 87, 19, 33, 103, 67, 117, 151, 37, 121, 184], [178.15387862693015], [26])))

T best obj: 100006.0
T best iteration: 109
T total iterations: 300
T best time [s]: 3.003
T total time [s]: 4.2457
