EADARP version 2def-dirty
ARGS: --ifile=EADARP/instances/l1/a7-84.txt --odir=EADARP/out/a7-84 --oname=run60
Settings:
--alns_gamma=0.025
--alns_segment_size=100
--alns_sigma1=10
--alns_sigma2=9
--alns_sigma3=3
--at_most_one_s=false
--gamma=-1.0
--ifile=EADARP/instances/l1/a7-84.txt
--insert_charging_otf=true
--insert_cost_noise=0.014
--lns_init_temp_factor=0.0
--lns_temp_dec_factor=0.99
--mh_checkit=false
--mh_lfreq=0
--mh_lnewinc=true
--mh_tciter=-1
--mh_tctime=-1.0
--mh_titer=300
--mh_tobj=-1.0
--mh_ttime=-1.0
--odir=EADARP/out/a7-84
--oname=run60
--only_single_s_visits=true
--repair_max_routes=0
--seed=2131893095
--use_milp_in_otf=0
--xcheck_isfeasible=false

EADARPInstance(EADARP/instances/l1/a7-84.txt, n=84, n_K=7, S=[185, 186, 187], Q=14.85, n_F=7, γ=0.7, T_plan=720.0, F=[178, 179, 180, 181, 182, 183, 184])

T preprocessing time [s]: 3.4635
I       iter             best          obj_old          obj_new        time              method info
I          1     100017.00000     100084.00000     100017.00000      0.2804                 con 
I          4     100016.00000     100017.00000     100016.00000      0.4747         drrr_15+rrg 
I          8     100015.00000     100016.00000     100015.00000      0.6944        drrr_15+rroi 
I         15     100014.00000     100015.00000     100014.00000      0.9908        drrr_15+rroi 
I         17     100013.00000     100014.00000     100013.00000      1.0337        drrr_15+rrri 
I         38     100012.00000     100013.00000     100012.00000      1.6084         drrr_15+rrg 
I         59     100011.00000     100012.00000     100011.00000      2.0688        drrr_15+rroi 
I         62     100010.00000     100011.00000     100010.00000      2.1775        drrr_15+rrri 
I         86     100009.00000     100010.00000     100009.00000      2.6129         drrr_15+rrg 
I        104     100008.00000     100009.00000     100008.00000      2.8722        drrr_15+rroi 
I        123     100006.00000     100008.00000     100006.00000      3.2001        drrr_15+rrri 
I        150     100005.00000     100006.00000     100005.00000      3.5872        drrr_15+rroi 
I        300     100005.00000     100005.00000     100006.00000      4.2049        drrr_15+rrri 

Method statistics
S  method    iter  succ  succ-rate%  tot-obj-gain  avg-obj-gain  rel-succ%  net-time  net-time%  brut-time  brut-time%
S  con          1     1   100.00000     -67.00000     -67.00000    4.34783   0.28033    6.66679    0.28033     6.66679
S  drrr_15    299    11     3.67893     -12.00000      -0.04013   47.82609   0.00457    0.10864    0.00457     0.10864
S  rrg         93     3     3.22581      -3.00000      -0.03226   13.04348   1.22397   29.10825    1.22397    29.10825
S  rroi        91     5     5.49451      -5.00000      -0.05495   21.73913   1.04998   24.97042    1.04998    24.97042
S  rrri       115     3     2.60870      -4.00000      -0.03478   13.04348   1.64437   39.10602    1.64437    39.10602
S  SUM/AVG    599    23     3.83973     -91.00000      -0.15192   20.00000   4.20322   99.96013    4.20322    99.96013

T best solution: EADARPSolution(t_routing=-1.0, t_excess=-1.0, obj_val=100005.0, obj_val_valid=true,
    unserved_requests=[39, 82, 73, 37, 64], F_visited=[184, 180, 181, 182, 179, 183, 178], S_visited=[187, 186, 185],
    (1, ([171, 2, 86, 1, 85, 33, 80, 117, 164, 20, 51, 104, 135, 178], Float64[], Int64[]))
    (2, ([172, 7, 38, 122, 91, 27, 6, 90, 111, 59, 143, 41, 125, 19, 103, 179], Float64[], Int64[]))
    (3, ([173, 65, 149, 76, 17, 160, 101, 57, 141, 25, 109, 54, 8, 138, 92, 46, 130, 40, 124, 9, 93, 11, 95, 66, 45, 36, 129, 150, 120, 42, 53, 126, 137, 23, 75, 159, 107, 63, 147, 5, 89, 185, 180], [181.3132565918254], [42]))
    (4, ([174, 52, 136, 61, 145, 70, 71, 154, 56, 140, 155, 3, 87, 181], Float64[], Int64[]))
    (5, ([175, 35, 119, 58, 47, 142, 131, 31, 115, 81, 165, 16, 68, 100, 152, 28, 50, 112, 134, 13, 43, 97, 127, 78, 162, 187, 21, 67, 105, 151, 22, 106, 34, 118, 182], [184.50246106870316], [26]))
    (6, ([176, 44, 128, 49, 79, 133, 60, 12, 163, 144, 96, 55, 139, 84, 168, 18, 102, 24, 108, 15, 99, 30, 114, 26, 110, 48, 10, 132, 94, 29, 113, 72, 74, 156, 158, 186, 183], [182.37826148579256], [36]))
    (7, ([177, 83, 167, 69, 153, 14, 62, 98, 146, 4, 88, 77, 32, 161, 116, 184], Float64[], Int64[])))

T best obj: 100005.0
T best iteration: 150
T total iterations: 300
T best time [s]: 3.587
T total time [s]: 4.2049
