EADARP version 2def-dirty
ARGS: --ifile=EADARP/instances/l1/a7-84.txt --odir=EADARP/out/a7-84 --oname=run70
Settings:
--alns_gamma=0.025
--alns_segment_size=100
--alns_sigma1=10
--alns_sigma2=9
--alns_sigma3=3
--at_most_one_s=false
--gamma=-1.0
--ifile=EADARP/instances/l1/a7-84.txt
--insert_charging_otf=true
--insert_cost_noise=0.014
--lns_init_temp_factor=0.0
--lns_temp_dec_factor=0.99
--mh_checkit=false
--mh_lfreq=0
--mh_lnewinc=true
--mh_tciter=-1
--mh_tctime=-1.0
--mh_titer=300
--mh_tobj=-1.0
--mh_ttime=-1.0
--odir=EADARP/out/a7-84
--oname=run70
--only_single_s_visits=true
--repair_max_routes=0
--seed=1922166465
--use_milp_in_otf=0
--xcheck_isfeasible=false

EADARPInstance(EADARP/instances/l1/a7-84.txt, n=84, n_K=7, S=[185, 186, 187], Q=14.85, n_F=7, γ=0.7, T_plan=720.0, F=[178, 179, 180, 181, 182, 183, 184])

T preprocessing time [s]: 3.47776
I       iter             best          obj_old          obj_new        time              method info
I          1     100016.00000     100084.00000     100016.00000      0.2866                 con 
I          2     100015.00000     100016.00000     100015.00000      0.4052        drrr_15+rrri 
I          5     100014.00000     100015.00000     100014.00000      0.5843        drrr_15+rrri 
I          8     100013.00000     100014.00000     100013.00000      0.7283        drrr_15+rroi 
I         10     100012.00000     100013.00000     100012.00000      0.8178         drrr_15+rrg 
I         24     100011.00000     100012.00000     100011.00000      1.2684        drrr_15+rrri 
I         42     100010.00000     100011.00000     100010.00000      1.8067        drrr_15+rroi 
I         47     100009.00000     100010.00000     100009.00000      1.9366        drrr_15+rroi 
I        127     100008.00000     100009.00000     100008.00000      3.0453        drrr_15+rrri 
I        225     100007.00000     100008.00000     100007.00000      3.8995        drrr_15+rroi 
I        226     100006.00000     100007.00000     100006.00000      3.9072        drrr_15+rrri 
I        300     100006.00000     100006.00000     100007.00000      4.3429        drrr_15+rrri 

Method statistics
S  method    iter  succ  succ-rate%  tot-obj-gain  avg-obj-gain  rel-succ%  net-time  net-time%  brut-time  brut-time%
S  con          1     1   100.00000     -68.00000     -68.00000    4.76190   0.28661    6.59940    0.28661     6.59940
S  drrr_15    299    10     3.34448     -10.00000      -0.03344   47.61905   0.00540    0.12442    0.00540     0.12442
S  rrg         96     1     1.04167      -1.00000      -0.01042    4.76190   1.49153   34.34366    1.49153    34.34366
S  rroi        94     4     4.25532      -4.00000      -0.04255   19.04762   1.13964   26.24111    1.13964    26.24111
S  rrri       109     5     4.58716      -5.00000      -0.04587   23.80952   1.41797   32.64982    1.41797    32.64982
S  SUM/AVG    599    21     3.50584     -88.00000      -0.14691   20.00000   4.34116   99.95841    4.34116    99.95841

T best solution: EADARPSolution(t_routing=-1.0, t_excess=-1.0, obj_val=100006.0, obj_val_valid=true,
    unserved_requests=[34, 80, 21, 73, 37, 4], F_visited=[184, 182, 178, 181, 179, 183, 180], S_visited=[186, 187, 185],
    (1, ([171, 7, 38, 122, 91, 26, 69, 153, 110, 29, 113, 3, 87, 19, 33, 103, 117, 178], Float64[], Int64[]))
    (2, ([172, 2, 86, 77, 1, 85, 32, 161, 116, 67, 151, 22, 64, 106, 148, 179], Float64[], Int64[]))
    (3, ([173, 49, 79, 133, 60, 163, 12, 144, 96, 55, 139, 84, 168, 18, 102, 46, 130, 40, 124, 9, 93, 27, 6, 90, 111, 66, 45, 36, 129, 150, 120, 82, 166, 70, 154, 56, 140, 186, 180], [163.4986965672344], [38]))
    (4, ([174, 83, 167, 61, 145, 20, 51, 104, 135, 181], Float64[], Int64[]))
    (5, ([175, 35, 119, 58, 47, 142, 131, 31, 115, 52, 136, 8, 92, 15, 99, 30, 13, 114, 97, 14, 62, 98, 146, 10, 94, 59, 53, 137, 143, 41, 125, 72, 74, 156, 158, 187, 182], [187.58250118789417], [36]))
    (6, ([176, 65, 149, 76, 17, 160, 101, 81, 165, 16, 68, 100, 152, 28, 50, 134, 112, 11, 43, 95, 127, 78, 162, 48, 42, 132, 126, 23, 75, 159, 107, 63, 147, 71, 5, 89, 155, 185, 183], [171.95176870359455], [38]))
    (7, ([177, 44, 128, 57, 141, 25, 39, 109, 123, 54, 138, 24, 108, 184], Float64[], Int64[])))

T best obj: 100006.0
T best iteration: 226
T total iterations: 300
T best time [s]: 3.907
T total time [s]: 4.3430
