EADARP version 2def-dirty
ARGS: --ifile=EADARP/instances/l1/a7-84.txt --odir=EADARP/out/a7-84 --oname=run86
Settings:
--alns_gamma=0.025
--alns_segment_size=100
--alns_sigma1=10
--alns_sigma2=9
--alns_sigma3=3
--at_most_one_s=false
--gamma=-1.0
--ifile=EADARP/instances/l1/a7-84.txt
--insert_charging_otf=true
--insert_cost_noise=0.014
--lns_init_temp_factor=0.0
--lns_temp_dec_factor=0.99
--mh_checkit=false
--mh_lfreq=0
--mh_lnewinc=true
--mh_tciter=-1
--mh_tctime=-1.0
--mh_titer=300
--mh_tobj=-1.0
--mh_ttime=-1.0
--odir=EADARP/out/a7-84
--oname=run86
--only_single_s_visits=true
--repair_max_routes=0
--seed=910627721
--use_milp_in_otf=0
--xcheck_isfeasible=false

EADARPInstance(EADARP/instances/l1/a7-84.txt, n=84, n_K=7, S=[185, 186, 187], Q=14.85, n_F=7, γ=0.7, T_plan=720.0, F=[178, 179, 180, 181, 182, 183, 184])

T preprocessing time [s]: 3.48605
I       iter             best          obj_old          obj_new        time              method info
I          1     100014.00000     100084.00000     100014.00000      0.2752                 con 
I          4     100013.00000     100014.00000     100013.00000      0.5168         drrr_15+rrg 
I          7     100012.00000     100013.00000     100012.00000      0.7348         drrr_15+rrg 
I         10     100011.00000     100012.00000     100011.00000      0.8881        drrr_15+rroi 
I         11     100010.00000     100011.00000     100010.00000      0.9373         drrr_15+rrg 
I         19     100008.00000     100010.00000     100008.00000      1.3095        drrr_15+rroi 
I         33     100007.00000     100008.00000     100007.00000      1.7421        drrr_15+rrri 
I         44     100006.00000     100007.00000     100006.00000      1.9826        drrr_15+rroi 
I        218     100005.00000     100006.00000     100005.00000      3.2587        drrr_15+rrri 
I        300     100005.00000     100005.00000     100005.00000      3.6370        drrr_15+rrri 

Method statistics
S  method    iter  succ  succ-rate%  tot-obj-gain  avg-obj-gain  rel-succ%  net-time  net-time%  brut-time  brut-time%
S  con          1     1   100.00000     -70.00000     -70.00000    5.88235   0.27514    7.56479    0.27514     7.56479
S  drrr_15    299     8     2.67559      -9.00000      -0.03010   47.05882   0.00438    0.12031    0.00438     0.12031
S  rrg         87     3     3.44828      -3.00000      -0.03448   17.64706   1.10814   30.46806    1.10814    30.46806
S  rroi        99     3     3.03030      -4.00000      -0.04040   17.64706   1.04533   28.74107    1.04533    28.74107
S  rrri       113     2     1.76991      -2.00000      -0.01770   11.76471   1.20248   33.06186    1.20248    33.06186
S  SUM/AVG    599    17     2.83806     -88.00000      -0.14691   20.00000   3.63545   99.95609    3.63545    99.95609

T best solution: EADARPSolution(t_routing=-1.0, t_excess=-1.0, obj_val=100005.0, obj_val_valid=true,
    unserved_requests=[80, 48, 37, 73, 16], F_visited=[181, 184, 183, 180, 182, 179, 178], S_visited=[186, 187, 185],
    (1, ([171, 58, 47, 142, 131, 31, 115, 41, 125, 4, 88, 2, 86, 178], Float64[], Int64[]))
    (2, ([172, 79, 163, 11, 9, 93, 95, 23, 82, 107, 166, 5, 89, 20, 104, 179], Float64[], Int64[]))
    (3, ([173, 44, 128, 49, 133, 60, 12, 144, 96, 55, 139, 84, 168, 18, 102, 46, 130, 15, 99, 30, 114, 26, 110, 14, 62, 98, 146, 187, 21, 67, 105, 151, 22, 106, 34, 118, 180], [203.14675215188512], [28]))
    (4, ([174, 7, 38, 122, 91, 52, 136, 69, 153, 40, 124, 77, 1, 85, 32, 161, 116, 181], Float64[], Int64[]))
    (5, ([175, 35, 119, 57, 141, 25, 39, 109, 123, 54, 8, 138, 92, 28, 50, 112, 134, 27, 6, 90, 111, 66, 45, 36, 129, 150, 120, 42, 126, 29, 113, 72, 74, 156, 158, 186, 182], [177.94654636002556], [36]))
    (6, ([176, 3, 87, 19, 33, 103, 117, 64, 51, 148, 135, 183], Float64[], Int64[]))
    (7, ([177, 65, 149, 76, 17, 160, 101, 81, 165, 68, 83, 167, 24, 152, 108, 61, 145, 13, 43, 97, 127, 78, 162, 10, 94, 59, 53, 143, 137, 75, 159, 63, 147, 70, 71, 154, 56, 140, 155, 185, 184], [160.6856194193792], [40])))

T best obj: 100005.0
T best iteration: 218
T total iterations: 300
T best time [s]: 3.259
T total time [s]: 3.6371
