EADARP version 585c-dirty
ARGS: --ifile=EADARP/instances/l1/a7-84.txt --infeasible_arcs=EADARP/infeasible_arcs --gamma=0.7 --only_single_s_visits=false --odir=EADARP/out/a7-84 --oname=run83
Settings:
--alns_gamma=0.025
--alns_segment_size=100
--alns_sigma1=10
--alns_sigma2=9
--alns_sigma3=3
--at_most_one_s=false
--gamma=0.7
--ifile=EADARP/instances/l1/a7-84.txt
--infeasible_arcs=EADARP/infeasible_arcs
--insert_charging_otf=true
--insert_cost_noise=0.014
--lns_init_temp_factor=0.0
--lns_temp_dec_factor=0.99
--mh_checkit=false
--mh_lfreq=0
--mh_lnewinc=true
--mh_tciter=-1
--mh_tctime=-1.0
--mh_titer=30000
--mh_tobj=-1.0
--mh_ttime=-1.0
--odir=EADARP/out/a7-84
--oname=run83
--only_single_s_visits=false
--repair_max_routes=0
--seed=2112719442
--use_milp_in_otf=0
--xcheck_isfeasible=false

EADARPInstance(EADARP/instances/l1/a7-84.txt, n=84, n_K=7, S=[185, 186, 187], Q=14.85, n_F=7, γ=0.7, T_plan=720.0, F=[178, 179, 180, 181, 182, 183, 184])

T preprocessing time [s]: 3.66308
I       iter             best          obj_old          obj_new        time              method info
I          1        999.22846     100084.00000        999.22846      0.3521                 con 
I          2        998.94256        999.22846        998.94256      0.4425         drrr_15+rrg 
I          3        986.23153        998.94256        986.23153      0.4882        drrr_15+rrri 
I          4        971.95020        986.23153        971.95020      0.5552        drrr_15+rroi 
I          5        970.49005        971.95020        970.49005      0.5873        drrr_15+rroi 
I          6        965.93250        970.49005        965.93250      0.6603         drrr_15+rrg 
I         13        963.61057        965.93250        963.61057      0.8908         drrr_15+rrg 
I         17        961.23006        963.61057        961.23006      0.9827        drrr_15+rroi 
I         20        956.91576        961.23006        956.91576      1.0324         drrr_15+rrg 
I         28        956.60829        956.91576        956.60829      1.1936         drrr_15+rrg 
I         29        954.80123        956.60829        954.80123      1.2213         drrr_15+rrg 
I         38        952.63044        954.80123        952.63044      1.3260        drrr_15+rroi 
I         40        951.28162        952.63044        951.28162      1.3496        drrr_15+rroi 
I         46        945.63192        951.28162        945.63192      1.4175         drrr_15+rrg 
I         47        944.42567        945.63192        944.42567      1.4433         drrr_15+rrg 
I         49        944.17378        944.42567        944.17378      1.4707        drrr_15+rroi 
I         52        934.68882        944.17378        934.68882      1.4859        drrr_15+rroi 
I         61        934.08110        934.68882        934.08110      1.5389        drrr_15+rrri 
I         69        933.43725        934.08110        933.43725      1.5603        drrr_15+rroi 
I         77        931.62075        933.43725        931.62075      1.6162        drrr_15+rrri 
I         80        929.84483        931.62075        929.84483      1.6354        drrr_15+rroi 
I         82        926.44125        929.84483        926.44125      1.6476        drrr_15+rrri 
I         95        922.96095        926.44125        922.96095      1.7029        drrr_15+rroi 
I        181        922.88504        922.96095        922.88504      1.9775         drrr_15+rrg 
I        199        919.11584        922.88504        919.11584      2.0486        drrr_15+rroi 
I        204        915.20317        919.11584        915.20317      2.0590        drrr_15+rrri 
I        205        914.60550        915.20317        914.60550      2.0596         drrr_15+rrg 
I        211        911.81529        914.60550        911.81529      2.0761         drrr_15+rrg 
I        212        911.70586        911.81529        911.70586      2.0845         drrr_15+rrg 
I        236        911.56220        911.70586        911.56220      2.1553        drrr_15+rroi 
I        242        911.50839        911.56220        911.50839      2.1783        drrr_15+rrri 
I        249        911.39896        911.50839        911.39896      2.2224        drrr_15+rrri 
I        643        911.34301        911.39896        911.34301      2.9472        drrr_15+rrri 
I        647        907.82732        911.34301        907.82732      2.9564        drrr_15+rroi 
I        657        907.59765        907.82732        907.59765      2.9871         drrr_15+rrg 
I       1707        906.68424        907.59765        906.68424      3.8890        drrr_15+rrri 
I       1709        905.79458        906.68424        905.79458      3.8903         drrr_15+rrg 
I       1730        905.68516        905.79458        905.68516      3.9296        drrr_15+rrri 
I       1744        904.21082        905.68516        904.21082      3.9471        drrr_15+rrri 
I       1770        904.14439        904.21082        904.14439      3.9648        drrr_15+rrri 
I       1777        903.98115        904.14439        903.98115      3.9676        drrr_15+rrri 
I       2827        903.23884        903.98115        903.23884      4.6688        drrr_15+rrri 
I       2887        901.88791        903.23884        901.88791      4.7065        drrr_15+rrri 
I       2936        901.88791        901.88791        901.88791      4.7527         drrr_15+rrg 
I      17847        901.28317        901.88791        901.28317     12.2943        drrr_15+rrri 
I      17883        900.57850        901.28317        900.57850     12.3220         drrr_15+rrg 
I      30000        900.57850        900.57850        908.32668     17.7605         drrr_15+rrg 

Method statistics
S  method    iter  succ  succ-rate%  tot-obj-gain  avg-obj-gain  rel-succ%  net-time  net-time%  brut-time  brut-time%
S  con          1     1   100.00000  -99084.77154  -99084.77154    1.09890   0.35209    1.98245    0.35209     1.98245
S  drrr_15  29999    45     0.15001     -98.64996      -0.00329   49.45055   0.35727    2.01158    0.35727     2.01158
S  rrg      10047    16     0.15925     -25.84736      -0.00257   17.58242   7.66396   43.15169    7.66396    43.15169
S  rroi      9965    13     0.13046     -44.70708      -0.00449   14.28571   3.83451   21.59008    3.83451    21.59008
S  rrri      9987    16     0.16021     -28.09552      -0.00281   17.58242   5.47887   30.84862    5.47887    30.84862
S  SUM/AVG  59999    91     0.15167  -99282.07145      -1.65473   20.00000  17.68669   99.58442   17.68669    99.58442

T best solution: EADARPSolution(t_routing=1114.804, t_excess=257.902, obj_val=900.579, obj_val_valid=true,
    unserved_requests=Int64[], F_visited=[180, 183, 181, 178, 182, 184, 179], S_visited=Int64[],
    (1, ([171, 44, 128, 49, 133, 60, 12, 144, 96, 55, 139, 84, 168, 18, 102, 46, 130, 69, 153, 40, 124, 78, 162, 75, 159, 187, 21, 67, 105, 151, 22, 37, 106, 121, 185, 178], [106.0360272590255, 39.13277319494219], [26, 35]))
    (2, ([172, 65, 149, 76, 58, 160, 47, 142, 131, 52, 136, 61, 145, 30, 114, 26, 110, 14, 62, 98, 146, 42, 126, 29, 113, 72, 74, 156, 158, 187, 64, 148, 185, 179], [116.98512176388272, 28.457279253963513], [30, 33]))
    (3, ([173, 24, 108, 43, 127, 1, 85, 33, 80, 117, 164, 20, 51, 104, 135, 185, 180], [10.535668787242516], [16]))
    (4, ([174, 7, 38, 122, 91, 17, 101, 57, 141, 25, 39, 109, 123, 54, 8, 138, 92, 15, 99, 45, 66, 36, 129, 150, 120, 23, 82, 107, 166, 71, 5, 89, 155, 2, 86, 3, 87, 19, 103, 185, 181], [129.45581811947392], [40]))
    (5, ([175, 35, 119, 83, 167, 13, 97, 11, 95, 10, 94, 63, 147, 70, 154, 56, 73, 140, 157, 185, 182], [42.654394786157724], [20]))
    (6, ([176, 79, 163, 31, 115, 9, 93, 27, 6, 90, 111, 59, 53, 137, 143, 41, 125, 34, 118, 185, 183], [27.5863499242351], [20]))
    (7, ([177, 81, 165, 16, 68, 100, 152, 28, 50, 134, 112, 48, 132, 4, 88, 77, 32, 161, 116, 185, 184], [46.960687243593746], [20])))

T best obj: 900.5785028695144
T best iteration: 17883
T total iterations: 30000
T best time [s]: 12.322
T total time [s]: 17.7605
