EADARP version 2def-dirty
ARGS: --ifile=EADARP/instances/l1/a7-84.txt --odir=EADARP/out/a7-84 --oname=run93
Settings:
--alns_gamma=0.025
--alns_segment_size=100
--alns_sigma1=10
--alns_sigma2=9
--alns_sigma3=3
--at_most_one_s=false
--gamma=-1.0
--ifile=EADARP/instances/l1/a7-84.txt
--insert_charging_otf=true
--insert_cost_noise=0.014
--lns_init_temp_factor=0.0
--lns_temp_dec_factor=0.99
--mh_checkit=false
--mh_lfreq=0
--mh_lnewinc=true
--mh_tciter=-1
--mh_tctime=-1.0
--mh_titer=300
--mh_tobj=-1.0
--mh_ttime=-1.0
--odir=EADARP/out/a7-84
--oname=run93
--only_single_s_visits=true
--repair_max_routes=0
--seed=1639505417
--use_milp_in_otf=0
--xcheck_isfeasible=false

EADARPInstance(EADARP/instances/l1/a7-84.txt, n=84, n_K=7, S=[185, 186, 187], Q=14.85, n_F=7, γ=0.7, T_plan=720.0, F=[178, 179, 180, 181, 182, 183, 184])

T preprocessing time [s]: 3.51927
I       iter             best          obj_old          obj_new        time              method info
I          1     100015.00000     100084.00000     100015.00000      0.2877                 con 
I          4     100014.00000     100015.00000     100014.00000      0.4202        drrr_15+rroi 
I         11     100013.00000     100014.00000     100013.00000      0.6979        drrr_15+rroi 
I         27     100012.00000     100013.00000     100012.00000      1.2455         drrr_15+rrg 
I         32     100011.00000     100012.00000     100011.00000      1.3976        drrr_15+rroi 
I         33     100010.00000     100011.00000     100010.00000      1.4228        drrr_15+rroi 
I         34     100009.00000     100010.00000     100009.00000      1.4593         drrr_15+rrg 
I         37     100008.00000     100009.00000     100008.00000      1.5774        drrr_15+rrri 
I         39     100007.00000     100008.00000     100007.00000      1.6309        drrr_15+rroi 
I         60     100006.00000     100007.00000     100006.00000      1.9709         drrr_15+rrg 
I         65     100005.00000     100006.00000     100005.00000      2.0498         drrr_15+rrg 
I        300     100005.00000     100005.00000     100008.00000      3.3259        drrr_15+rrri 

Method statistics
S  method    iter  succ  succ-rate%  tot-obj-gain  avg-obj-gain  rel-succ%  net-time  net-time%  brut-time  brut-time%
S  con          1     1   100.00000     -69.00000     -69.00000    4.76190   0.28763    8.64806    0.28763     8.64806
S  drrr_15    299    10     3.34448     -10.00000      -0.03344   47.61905   0.00438    0.13183    0.00438     0.13183
S  rrg        119     4     3.36134      -4.00000      -0.03361   19.04762   1.39280   41.87646    1.39280    41.87646
S  rroi        82     5     6.09756      -5.00000      -0.06098   23.80952   0.66201   19.90439    0.66201    19.90439
S  rrri        98     1     1.02041      -1.00000      -0.01020    4.76190   0.97760   29.39312    0.97760    29.39312
S  SUM/AVG    599    21     3.50584     -89.00000      -0.14858   20.00000   3.32443   99.95385    3.32443    99.95385

T best solution: EADARPSolution(t_routing=-1.0, t_excess=-1.0, obj_val=100005.0, obj_val_valid=true,
    unserved_requests=[20, 21, 51, 64, 82], F_visited=[181, 182, 178, 180, 179, 184, 183], S_visited=[187, 185, 186],
    (1, ([171, 43, 127, 78, 162, 67, 33, 151, 80, 117, 164, 178], Float64[], Int64[]))
    (2, ([172, 44, 128, 49, 79, 133, 60, 12, 163, 144, 96, 17, 55, 101, 139, 84, 168, 18, 102, 46, 130, 40, 61, 124, 145, 13, 97, 48, 42, 132, 126, 63, 147, 70, 154, 187, 179], [188.945670965295], [36]))
    (3, ([173, 81, 165, 69, 153, 14, 62, 98, 146, 4, 88, 77, 1, 85, 32, 161, 116, 180], Float64[], Int64[]))
    (4, ([174, 83, 167, 24, 108, 15, 99, 71, 5, 89, 155, 3, 87, 19, 103, 181], Float64[], Int64[]))
    (5, ([175, 65, 149, 57, 141, 25, 39, 109, 123, 54, 8, 138, 92, 30, 114, 26, 110, 59, 53, 143, 137, 23, 75, 159, 107, 72, 74, 156, 158, 56, 73, 140, 157, 185, 182], [137.4033556174393], [34]))
    (6, ([176, 35, 119, 76, 58, 160, 47, 142, 131, 31, 115, 16, 68, 100, 152, 28, 50, 134, 112, 9, 93, 27, 6, 90, 111, 66, 45, 36, 129, 150, 120, 10, 94, 29, 41, 125, 113, 186, 34, 118, 183], [180.33934032367077], [38]))
    (7, ([177, 38, 7, 122, 91, 52, 136, 11, 95, 2, 86, 22, 37, 106, 121, 184], Float64[], Int64[])))

T best obj: 100005.0
T best iteration: 65
T total iterations: 300
T best time [s]: 2.050
T total time [s]: 3.3260
