EADARP version 2def-dirty
ARGS: --ifile=EADARP/instances/b1/a2-16.txt --odir=EADARP/out/a2-16 --oname=run27
Settings:
--alns_gamma=0.025
--alns_segment_size=100
--alns_sigma1=10
--alns_sigma2=9
--alns_sigma3=3
--at_most_one_s=false
--gamma=-1.0
--ifile=EADARP/instances/b1/a2-16.txt
--insert_charging_otf=true
--insert_cost_noise=0.014
--lns_init_temp_factor=0.0
--lns_temp_dec_factor=0.99
--mh_checkit=false
--mh_lfreq=0
--mh_lnewinc=true
--mh_tciter=-1
--mh_tctime=-1.0
--mh_titer=300
--mh_tobj=-1.0
--mh_ttime=-1.0
--odir=EADARP/out/a2-16
--oname=run27
--only_single_s_visits=true
--repair_max_routes=0
--seed=2064814821
--use_milp_in_otf=0
--xcheck_isfeasible=false

EADARPInstance(EADARP/instances/b1/a2-16.txt, n=16, n_K=2, S=[39, 40, 41], Q=14.85, n_F=2, γ=0.7, T_plan=480.0, F=[37, 38])

T preprocessing time [s]: 0.12829
I       iter             best          obj_old          obj_new        time              method info
I          1        247.74627     100016.00000        247.74627      0.0174                 con 
I         15        245.35366        247.74627        245.35366      0.0234        drrr_15+rroi 
I         17        243.34146        245.35366        243.34146      0.0250         drrr_15+rrg 
I         27        242.91393        243.34146        242.91393      0.0288        drrr_15+rrri 
I        300        242.91393        242.91393        247.74627      0.0563        drrr_15+rroi 

Method statistics
S  method    iter  succ  succ-rate%  tot-obj-gain  avg-obj-gain  rel-succ%  net-time  net-time%  brut-time  brut-time%
S  con          1     1   100.00000  -99768.25373  -99768.25373   14.28571   0.01739   30.86634    0.01739    30.86634
S  drrr_15    299     3     1.00334      -4.83233      -0.01616   42.85714   0.00068    1.19901    0.00068     1.19901
S  rrg         98     1     1.02041      -2.01220      -0.02053   14.28571   0.02135   37.88781    0.02135    37.88781
S  rroi        94     1     1.06383      -2.39261      -0.02545   14.28571   0.00519    9.20753    0.00519     9.20753
S  rrri       107     1     0.93458      -0.42752      -0.00400   14.28571   0.01140   20.22457    0.01140    20.22457
S  SUM/AVG    599     7     1.16861  -99777.91840    -166.57415   20.00000   0.05601   99.38526    0.05601    99.38526

T best solution: EADARPSolution(t_routing=306.643, t_excess=51.727, obj_val=242.914, obj_val_valid=true,
    unserved_requests=Int64[], F_visited=[37, 38], S_visited=[39, 40, 41],
    (1, ([35, 12, 6, 28, 22, 4, 11, 27, 20, 14, 30, 15, 31, 39, 7, 16, 23, 32, 37], [67.87426600313981], [14]))
    (2, ([36, 10, 26, 5, 21, 3, 19, 40, 13, 29, 9, 8, 25, 24, 2, 18, 1, 17, 41, 38], [11.256631142264814, 65.51191487779846], [8, 19])))

T best obj: 242.91393418512783
T best iteration: 27
T total iterations: 300
T best time [s]: 0.029
T total time [s]: 0.0564
