EADARP version 2def-dirty
ARGS: --ifile=EADARP/instances/b1/a2-16.txt --odir=EADARP/out/a2-16 --oname=run33
Settings:
--alns_gamma=0.025
--alns_segment_size=100
--alns_sigma1=10
--alns_sigma2=9
--alns_sigma3=3
--at_most_one_s=false
--gamma=-1.0
--ifile=EADARP/instances/b1/a2-16.txt
--insert_charging_otf=true
--insert_cost_noise=0.014
--lns_init_temp_factor=0.0
--lns_temp_dec_factor=0.99
--mh_checkit=false
--mh_lfreq=0
--mh_lnewinc=true
--mh_tciter=-1
--mh_tctime=-1.0
--mh_titer=300
--mh_tobj=-1.0
--mh_ttime=-1.0
--odir=EADARP/out/a2-16
--oname=run33
--only_single_s_visits=true
--repair_max_routes=0
--seed=565552292
--use_milp_in_otf=0
--xcheck_isfeasible=false

EADARPInstance(EADARP/instances/b1/a2-16.txt, n=16, n_K=2, S=[39, 40, 41], Q=14.85, n_F=2, γ=0.7, T_plan=480.0, F=[37, 38])

T preprocessing time [s]: 0.13641
I       iter             best          obj_old          obj_new        time              method info
I          1        247.74627     100016.00000        247.74627      0.0178                 con 
I          8        244.57123        247.74627        244.57123      0.0247        drrr_15+rroi 
I         10        244.03532        244.57123        244.03532      0.0273        drrr_15+rrri 
I         14        243.06320        244.03532        243.06320      0.0277         drrr_15+rrg 
I        139        242.91393        243.06320        242.91393      0.0428        drrr_15+rroi 
I        300        242.91393        242.91393     100001.00000      0.0683         drrr_15+rrg 

Method statistics
S  method    iter  succ  succ-rate%  tot-obj-gain  avg-obj-gain  rel-succ%  net-time  net-time%  brut-time  brut-time%
S  con          1     1   100.00000  -99768.25373  -99768.25373   11.11111   0.01779   26.02855    0.01779    26.02855
S  drrr_15    299     4     1.33779      -4.83233      -0.01616   44.44444   0.00065    0.95400    0.00065     0.95400
S  rrg        115     1     0.86957      -0.97212      -0.00845   11.11111   0.03397   49.70334    0.03397    49.70334
S  rroi       100     2     2.00000      -3.32430      -0.03324   22.22222   0.00413    6.03860    0.00413     6.03860
S  rrri        84     1     1.19048      -0.53591      -0.00638   11.11111   0.01141   16.69230    0.01141    16.69230
S  SUM/AVG    599     9     1.50250  -99777.91840    -166.57415   20.00000   0.06795   99.41679    0.06795    99.41679

T best solution: EADARPSolution(t_routing=306.643, t_excess=51.727, obj_val=242.914, obj_val_valid=true,
    unserved_requests=Int64[], F_visited=[37, 38], S_visited=[39, 40, 41],
    (1, ([35, 12, 6, 28, 22, 4, 11, 27, 20, 14, 30, 15, 31, 39, 7, 16, 23, 32, 37], [67.87426600313981], [14]))
    (2, ([36, 10, 26, 5, 21, 3, 19, 40, 13, 29, 9, 8, 25, 24, 2, 18, 1, 17, 41, 38], [11.256631142264814, 65.51191487779846], [8, 19])))

T best obj: 242.91393418512783
T best iteration: 139
T total iterations: 300
T best time [s]: 0.043
T total time [s]: 0.0684
