EADARP version 2def-dirty
ARGS: --ifile=EADARP/instances/b1/a2-16.txt --odir=EADARP/out/a2-16 --oname=run35
Settings:
--alns_gamma=0.025
--alns_segment_size=100
--alns_sigma1=10
--alns_sigma2=9
--alns_sigma3=3
--at_most_one_s=false
--gamma=-1.0
--ifile=EADARP/instances/b1/a2-16.txt
--insert_charging_otf=true
--insert_cost_noise=0.014
--lns_init_temp_factor=0.0
--lns_temp_dec_factor=0.99
--mh_checkit=false
--mh_lfreq=0
--mh_lnewinc=true
--mh_tciter=-1
--mh_tctime=-1.0
--mh_titer=300
--mh_tobj=-1.0
--mh_ttime=-1.0
--odir=EADARP/out/a2-16
--oname=run35
--only_single_s_visits=true
--repair_max_routes=0
--seed=1233578113
--use_milp_in_otf=0
--xcheck_isfeasible=false

EADARPInstance(EADARP/instances/b1/a2-16.txt, n=16, n_K=2, S=[39, 40, 41], Q=14.85, n_F=2, γ=0.7, T_plan=480.0, F=[37, 38])

T preprocessing time [s]: 0.11748
I       iter             best          obj_old          obj_new        time              method info
I          1        245.35366     100016.00000        245.35366      0.0178                 con 
I         16        243.06320        245.35366        243.06320      0.0264        drrr_15+rrri 
I         72        242.91393        243.06320        242.91393      0.0321        drrr_15+rroi 
I        300        242.91393        242.91393        252.30852      0.0697        drrr_15+rroi 

Method statistics
S  method    iter  succ  succ-rate%  tot-obj-gain  avg-obj-gain  rel-succ%  net-time  net-time%  brut-time  brut-time%
S  con          1     1   100.00000  -99770.64634  -99770.64634   20.00000   0.01773   25.41382    0.01773    25.41382
S  drrr_15    299     2     0.66890      -2.43972      -0.00816   40.00000   0.00065    0.93700    0.00065     0.93700
S  rrg        103     0     0.00000       0.00000       0.00000    0.00000   0.03353   48.05253    0.03353    48.05253
S  rroi        94     1     1.06383      -0.14926      -0.00159   20.00000   0.00521    7.46456    0.00521     7.46456
S  rrri       102     1     0.98039      -2.29046      -0.02246   20.00000   0.01230   17.62736    0.01230    17.62736
S  SUM/AVG    599     5     0.83472  -99775.52579    -166.57016   20.00000   0.06942   99.49528    0.06942    99.49528

T best solution: EADARPSolution(t_routing=306.643, t_excess=51.727, obj_val=242.914, obj_val_valid=true,
    unserved_requests=Int64[], F_visited=[38, 37], S_visited=[39, 40, 41],
    (1, ([35, 10, 26, 5, 21, 3, 19, 40, 13, 29, 9, 8, 25, 24, 2, 18, 1, 17, 41, 37], [11.256631142264814, 65.51191487779846], [8, 19]))
    (2, ([36, 12, 6, 28, 22, 4, 11, 27, 20, 14, 30, 15, 31, 39, 7, 16, 23, 32, 38], [67.87426600313981], [14])))

T best obj: 242.91393418512783
T best iteration: 72
T total iterations: 300
T best time [s]: 0.032
T total time [s]: 0.0698
