EADARP version 2def-dirty
ARGS: --ifile=EADARP/instances/b1/a2-16.txt --odir=EADARP/out/a2-16 --oname=run38
Settings:
--alns_gamma=0.025
--alns_segment_size=100
--alns_sigma1=10
--alns_sigma2=9
--alns_sigma3=3
--at_most_one_s=false
--gamma=-1.0
--ifile=EADARP/instances/b1/a2-16.txt
--insert_charging_otf=true
--insert_cost_noise=0.014
--lns_init_temp_factor=0.0
--lns_temp_dec_factor=0.99
--mh_checkit=false
--mh_lfreq=0
--mh_lnewinc=true
--mh_tciter=-1
--mh_tctime=-1.0
--mh_titer=300
--mh_tobj=-1.0
--mh_ttime=-1.0
--odir=EADARP/out/a2-16
--oname=run38
--only_single_s_visits=true
--repair_max_routes=0
--seed=430974541
--use_milp_in_otf=0
--xcheck_isfeasible=false

EADARPInstance(EADARP/instances/b1/a2-16.txt, n=16, n_K=2, S=[39, 40, 41], Q=14.85, n_F=2, γ=0.7, T_plan=480.0, F=[37, 38])

T preprocessing time [s]: 0.1181
I       iter             best          obj_old          obj_new        time              method info
I          1        245.35366     100016.00000        245.35366      0.0387                 con 
I          8        244.57123        245.35366        244.57123      0.0441        drrr_15+rroi 
I         17        244.03532        244.57123        244.03532      0.0473         drrr_15+rrg 
I         22        242.91393        244.03532        242.91393      0.0490        drrr_15+rroi 
I        220        241.86908        242.91393        241.86908      0.0683        drrr_15+rrri 
I        300        241.86908        241.86908     100001.00000      0.0762        drrr_15+rrri 

Method statistics
S  method    iter  succ  succ-rate%  tot-obj-gain  avg-obj-gain  rel-succ%  net-time  net-time%  brut-time  brut-time%
S  con          1     1   100.00000  -99770.64634  -99770.64634   11.11111   0.03864   50.69242    0.03864    50.69242
S  drrr_15    299     4     1.33779      -3.48458      -0.01165   44.44444   0.00066    0.86838    0.00066     0.86838
S  rrg         96     1     1.04167      -0.53591      -0.00558   11.11111   0.01885   24.73372    0.01885    24.73372
S  rroi       110     2     1.81818      -1.90381      -0.01731   22.22222   0.00716    9.39886    0.00716     9.39886
S  rrri        93     1     1.07527      -1.04485      -0.01123   11.11111   0.01050   13.77171    0.01050    13.77171
S  SUM/AVG    599     9     1.50250  -99777.61550    -166.57365   20.00000   0.07581   99.46509    0.07581    99.46509

T best solution: EADARPSolution(t_routing=305.25, t_excess=51.727, obj_val=241.869, obj_val_valid=true,
    unserved_requests=Int64[], F_visited=[37, 38], S_visited=[39, 41, 40],
    (1, ([35, 12, 6, 28, 22, 4, 11, 27, 20, 3, 19, 13, 29, 9, 8, 25, 24, 41, 7, 16, 23, 32, 40, 37], [63.53670563817565, 30.634791935548428], [18, 23]))
    (2, ([36, 10, 26, 5, 21, 14, 30, 15, 31, 2, 18, 1, 17, 39, 38], [49.07817654764124], [14])))

T best obj: 241.86908075874948
T best iteration: 220
T total iterations: 300
T best time [s]: 0.068
T total time [s]: 0.0762
