EADARP version 2def-dirty
ARGS: --ifile=EADARP/instances/b1/a2-16.txt --odir=EADARP/out/a2-16 --oname=run41
Settings:
--alns_gamma=0.025
--alns_segment_size=100
--alns_sigma1=10
--alns_sigma2=9
--alns_sigma3=3
--at_most_one_s=false
--gamma=-1.0
--ifile=EADARP/instances/b1/a2-16.txt
--insert_charging_otf=true
--insert_cost_noise=0.014
--lns_init_temp_factor=0.0
--lns_temp_dec_factor=0.99
--mh_checkit=false
--mh_lfreq=0
--mh_lnewinc=true
--mh_tciter=-1
--mh_tctime=-1.0
--mh_titer=300
--mh_tobj=-1.0
--mh_ttime=-1.0
--odir=EADARP/out/a2-16
--oname=run41
--only_single_s_visits=true
--repair_max_routes=0
--seed=436263324
--use_milp_in_otf=0
--xcheck_isfeasible=false

EADARPInstance(EADARP/instances/b1/a2-16.txt, n=16, n_K=2, S=[39, 40, 41], Q=14.85, n_F=2, γ=0.7, T_plan=480.0, F=[37, 38])

T preprocessing time [s]: 0.11696
I       iter             best          obj_old          obj_new        time              method info
I          1        245.35366     100016.00000        245.35366      0.0175                 con 
I         18        243.78262        245.35366        243.78262      0.0236         drrr_15+rrg 
I         28        243.34146        243.78262        243.34146      0.0276         drrr_15+rrg 
I         87        243.06320        243.34146        243.06320      0.0340         drrr_15+rrg 
I        112        242.91393        243.06320        242.91393      0.0360        drrr_15+rroi 
I        164        240.66372        242.91393        240.66372      0.0425        drrr_15+rrri 
I        300        240.66372        240.66372     100001.00000      0.0584        drrr_15+rrri 

Method statistics
S  method    iter  succ  succ-rate%  tot-obj-gain  avg-obj-gain  rel-succ%  net-time  net-time%  brut-time  brut-time%
S  con          1     1   100.00000  -99770.64634  -99770.64634    9.09091   0.01746   29.88843    0.01746    29.88843
S  drrr_15    299     5     1.67224      -4.68994      -0.01569   45.45455   0.00069    1.18181    0.00069     1.18181
S  rrg         86     3     3.48837      -2.29046      -0.02663   27.27273   0.01702   29.13960    0.01702    29.13960
S  rroi       114     1     0.87719      -0.14926      -0.00131    9.09091   0.00812   13.90421    0.00812    13.90421
S  rrri        99     1     1.01010      -2.25022      -0.02273    9.09091   0.01467   25.11304    0.01467    25.11304
S  SUM/AVG    599    11     1.83639  -99780.02623    -166.57767   20.00000   0.05797   99.22709    0.05797    99.22709

T best solution: EADARPSolution(t_routing=303.643, t_excess=51.727, obj_val=240.664, obj_val_valid=true,
    unserved_requests=Int64[], F_visited=[38, 37], S_visited=[39, 40, 41],
    (1, ([35, 12, 6, 28, 22, 4, 11, 27, 20, 3, 19, 13, 29, 9, 8, 25, 24, 2, 18, 40, 1, 17, 41, 37], [36.77682754201507, 65.51191487779846], [20, 23]))
    (2, ([36, 10, 26, 5, 21, 14, 30, 15, 31, 7, 16, 23, 32, 39, 38], [39.35377922333975], [14])))

T best obj: 240.66371640009046
T best iteration: 164
T total iterations: 300
T best time [s]: 0.043
T total time [s]: 0.0584
