EADARP version 2def-dirty
ARGS: --ifile=EADARP/instances/b1/a2-16.txt --odir=EADARP/out/a2-16 --oname=run5
Settings:
--alns_gamma=0.025
--alns_segment_size=100
--alns_sigma1=10
--alns_sigma2=9
--alns_sigma3=3
--at_most_one_s=false
--gamma=-1.0
--ifile=EADARP/instances/b1/a2-16.txt
--insert_charging_otf=true
--insert_cost_noise=0.014
--lns_init_temp_factor=0.0
--lns_temp_dec_factor=0.99
--mh_checkit=false
--mh_lfreq=0
--mh_lnewinc=true
--mh_tciter=-1
--mh_tctime=-1.0
--mh_titer=300
--mh_tobj=-1.0
--mh_ttime=-1.0
--odir=EADARP/out/a2-16
--oname=run5
--only_single_s_visits=true
--repair_max_routes=0
--seed=199895308
--use_milp_in_otf=0
--xcheck_isfeasible=false

EADARPInstance(EADARP/instances/b1/a2-16.txt, n=16, n_K=2, S=[39, 40, 41], Q=14.85, n_F=2, γ=0.7, T_plan=480.0, F=[37, 38])

T preprocessing time [s]: 0.11782
I       iter             best          obj_old          obj_new        time              method info
I          1        247.74627     100016.00000        247.74627      0.0178                 con 
I         10        243.06320        247.74627        243.06320      0.0237         drrr_15+rrg 
I         55        242.91393        243.06320        242.91393      0.0325        drrr_15+rroi 
I        206        242.06944        242.91393        242.06944      0.0501        drrr_15+rrri 
I        300        242.06944        242.06944        245.35366      0.0579        drrr_15+rroi 

Method statistics
S  method    iter  succ  succ-rate%  tot-obj-gain  avg-obj-gain  rel-succ%  net-time  net-time%  brut-time  brut-time%
S  con          1     1   100.00000  -99768.25373  -99768.25373   14.28571   0.01774   30.63068    0.01774    30.63068
S  drrr_15    299     3     1.00334      -5.67683      -0.01899   42.85714   0.00069    1.18744    0.00069     1.18744
S  rrg        105     1     0.95238      -4.68307      -0.04460   14.28571   0.02145   37.02724    0.02145    37.02724
S  rroi       109     1     0.91743      -0.14926      -0.00137   14.28571   0.00715   12.34035    0.00715    12.34035
S  rrri        85     1     1.17647      -0.84450      -0.00994   14.28571   0.01049   18.11046    0.01049    18.11046
S  SUM/AVG    599     7     1.16861  -99779.60739    -166.57697   20.00000   0.05752   99.29618    0.05752    99.29618

T best solution: EADARPSolution(t_routing=305.517, t_excess=51.727, obj_val=242.069, obj_val_valid=true,
    unserved_requests=Int64[], F_visited=[38, 37], S_visited=[41, 39, 40],
    (1, ([35, 10, 26, 5, 21, 14, 30, 15, 31, 2, 18, 1, 17, 41, 37], [49.0782518679929], [14]))
    (2, ([36, 12, 6, 28, 22, 4, 11, 27, 20, 3, 19, 13, 29, 9, 8, 25, 24, 39, 7, 16, 23, 32, 40, 38], [63.26963776785931, 31.168927676181106], [18, 23])))

T best obj: 242.06943815175046
T best iteration: 206
T total iterations: 300
T best time [s]: 0.050
T total time [s]: 0.0579
