EADARP version 2def-dirty
ARGS: --ifile=EADARP/instances/b1/a2-16.txt --odir=EADARP/out/a2-16 --oname=run51
Settings:
--alns_gamma=0.025
--alns_segment_size=100
--alns_sigma1=10
--alns_sigma2=9
--alns_sigma3=3
--at_most_one_s=false
--gamma=-1.0
--ifile=EADARP/instances/b1/a2-16.txt
--insert_charging_otf=true
--insert_cost_noise=0.014
--lns_init_temp_factor=0.0
--lns_temp_dec_factor=0.99
--mh_checkit=false
--mh_lfreq=0
--mh_lnewinc=true
--mh_tciter=-1
--mh_tctime=-1.0
--mh_titer=300
--mh_tobj=-1.0
--mh_ttime=-1.0
--odir=EADARP/out/a2-16
--oname=run51
--only_single_s_visits=true
--repair_max_routes=0
--seed=1626188184
--use_milp_in_otf=0
--xcheck_isfeasible=false

EADARPInstance(EADARP/instances/b1/a2-16.txt, n=16, n_K=2, S=[39, 40, 41], Q=14.85, n_F=2, γ=0.7, T_plan=480.0, F=[37, 38])

T preprocessing time [s]: 0.12831
I       iter             best          obj_old          obj_new        time              method info
I          1        245.35366     100016.00000        245.35366      0.0179                 con 
I         30        244.03532        245.35366        244.03532      0.0293         drrr_15+rrg 
I         34        243.06320        244.03532        243.06320      0.0298         drrr_15+rrg 
I        199        240.66372        243.06320        240.66372      0.0470        drrr_15+rrri 
I        300        240.66372        240.66372     100001.00000      0.0584         drrr_15+rrg 

Method statistics
S  method    iter  succ  succ-rate%  tot-obj-gain  avg-obj-gain  rel-succ%  net-time  net-time%  brut-time  brut-time%
S  con          1     1   100.00000  -99770.64634  -99770.64634   14.28571   0.01784   30.52051    0.01784    30.52051
S  drrr_15    299     3     1.00334      -4.68994      -0.01569   42.85714   0.00065    1.10555    0.00065     1.10555
S  rrg        108     2     1.85185      -2.29046      -0.02121   28.57143   0.02313   39.57010    0.02313    39.57010
S  rroi        84     0     0.00000       0.00000       0.00000    0.00000   0.00356    6.09113    0.00356     6.09113
S  rrri       107     1     0.93458      -2.39948      -0.02243   14.28571   0.01288   22.03266    0.01288    22.03266
S  SUM/AVG    599     7     1.16861  -99780.02623    -166.57767   20.00000   0.05805   99.31994    0.05805    99.31994

T best solution: EADARPSolution(t_routing=303.643, t_excess=51.727, obj_val=240.664, obj_val_valid=true,
    unserved_requests=Int64[], F_visited=[38, 37], S_visited=[39, 40, 41],
    (1, ([35, 12, 6, 28, 22, 4, 11, 27, 20, 3, 19, 13, 29, 9, 8, 25, 24, 2, 18, 40, 1, 17, 41, 37], [36.77682754201507, 65.51191487779846], [20, 23]))
    (2, ([36, 10, 26, 5, 21, 14, 30, 15, 31, 7, 16, 23, 32, 39, 38], [39.35377922333975], [14])))

T best obj: 240.66371640009046
T best iteration: 199
T total iterations: 300
T best time [s]: 0.047
T total time [s]: 0.0584
