EADARP version 2def-dirty
ARGS: --ifile=EADARP/instances/b1/a2-16.txt --odir=EADARP/out/a2-16 --oname=run54
Settings:
--alns_gamma=0.025
--alns_segment_size=100
--alns_sigma1=10
--alns_sigma2=9
--alns_sigma3=3
--at_most_one_s=false
--gamma=-1.0
--ifile=EADARP/instances/b1/a2-16.txt
--insert_charging_otf=true
--insert_cost_noise=0.014
--lns_init_temp_factor=0.0
--lns_temp_dec_factor=0.99
--mh_checkit=false
--mh_lfreq=0
--mh_lnewinc=true
--mh_tciter=-1
--mh_tctime=-1.0
--mh_titer=300
--mh_tobj=-1.0
--mh_ttime=-1.0
--odir=EADARP/out/a2-16
--oname=run54
--only_single_s_visits=true
--repair_max_routes=0
--seed=115530487
--use_milp_in_otf=0
--xcheck_isfeasible=false

EADARPInstance(EADARP/instances/b1/a2-16.txt, n=16, n_K=2, S=[39, 40, 41], Q=14.85, n_F=2, γ=0.7, T_plan=480.0, F=[37, 38])

T preprocessing time [s]: 0.11783
I       iter             best          obj_old          obj_new        time              method info
I          1        245.35366     100016.00000        245.35366      0.0179                 con 
I          6        243.34146        245.35366        243.34146      0.0219         drrr_15+rrg 
I         29        242.91393        243.34146        242.91393      0.0297        drrr_15+rroi 
I        263        240.66372        242.91393        240.66372      0.0673        drrr_15+rrri 
I        300        240.66372        240.66372        254.87664      0.0705        drrr_15+rrri 

Method statistics
S  method    iter  succ  succ-rate%  tot-obj-gain  avg-obj-gain  rel-succ%  net-time  net-time%  brut-time  brut-time%
S  con          1     1   100.00000  -99770.64634  -99770.64634   14.28571   0.01784   25.28959    0.01784    25.28959
S  drrr_15    299     3     1.00334      -4.68994      -0.01569   42.85714   0.00065    0.92853    0.00065     0.92853
S  rrg         84     1     1.19048      -2.01220      -0.02395   14.28571   0.01803   25.55595    0.01803    25.55595
S  rroi        97     1     1.03093      -0.42752      -0.00441   14.28571   0.00657    9.31569    0.00657     9.31569
S  rrri       118     1     0.84746      -2.25022      -0.01907   14.28571   0.02707   38.37584    0.02707    38.37584
S  SUM/AVG    599     7     1.16861  -99780.02623    -166.57767   20.00000   0.07016   99.46560    0.07016    99.46560

T best solution: EADARPSolution(t_routing=303.643, t_excess=51.727, obj_val=240.664, obj_val_valid=true,
    unserved_requests=Int64[], F_visited=[38, 37], S_visited=[39, 40, 41],
    (1, ([35, 10, 26, 5, 21, 14, 30, 15, 31, 7, 16, 23, 32, 39, 37], [39.35377922333975], [14]))
    (2, ([36, 12, 6, 28, 22, 4, 11, 27, 20, 3, 19, 13, 29, 9, 8, 25, 24, 2, 18, 40, 1, 17, 41, 38], [36.77682754201507, 65.51191487779846], [20, 23])))

T best obj: 240.66371640009046
T best iteration: 263
T total iterations: 300
T best time [s]: 0.067
T total time [s]: 0.0705
