EADARP version 2def-dirty
ARGS: --ifile=EADARP/instances/b1/a2-16.txt --odir=EADARP/out/a2-16 --oname=run62
Settings:
--alns_gamma=0.025
--alns_segment_size=100
--alns_sigma1=10
--alns_sigma2=9
--alns_sigma3=3
--at_most_one_s=false
--gamma=-1.0
--ifile=EADARP/instances/b1/a2-16.txt
--insert_charging_otf=true
--insert_cost_noise=0.014
--lns_init_temp_factor=0.0
--lns_temp_dec_factor=0.99
--mh_checkit=false
--mh_lfreq=0
--mh_lnewinc=true
--mh_tciter=-1
--mh_tctime=-1.0
--mh_titer=300
--mh_tobj=-1.0
--mh_ttime=-1.0
--odir=EADARP/out/a2-16
--oname=run62
--only_single_s_visits=true
--repair_max_routes=0
--seed=2074655096
--use_milp_in_otf=0
--xcheck_isfeasible=false

EADARPInstance(EADARP/instances/b1/a2-16.txt, n=16, n_K=2, S=[39, 40, 41], Q=14.85, n_F=2, γ=0.7, T_plan=480.0, F=[37, 38])

T preprocessing time [s]: 0.11736
I       iter             best          obj_old          obj_new        time              method info
I          1        247.74627     100016.00000        247.74627      0.0176                 con 
I          4        243.78262        247.74627        243.78262      0.0180        drrr_15+rrri 
I         50        243.34146        243.78262        243.34146      0.0361        drrr_15+rrri 
I         56        243.06320        243.34146        243.06320      0.0366         drrr_15+rrg 
I        183        242.91393        243.06320        242.91393      0.0482        drrr_15+rroi 
I        202        242.06944        242.91393        242.06944      0.0503        drrr_15+rrri 
I        300        242.06944        242.06944     100001.00000      0.0592         drrr_15+rrg 

Method statistics
S  method    iter  succ  succ-rate%  tot-obj-gain  avg-obj-gain  rel-succ%  net-time  net-time%  brut-time  brut-time%
S  con          1     1   100.00000  -99768.25373  -99768.25373    9.09091   0.01761   29.75492    0.01761    29.75492
S  drrr_15    299     5     1.67224      -5.67683      -0.01899   45.45455   0.00065    1.10454    0.00065     1.10454
S  rrg         95     1     1.05263      -0.27826      -0.00293    9.09091   0.01904   32.17267    0.01904    32.17267
S  rroi        88     1     1.13636      -0.14926      -0.00170    9.09091   0.00611   10.32637    0.00611    10.32637
S  rrri       116     3     2.58621      -5.24931      -0.04525   27.27273   0.01540   26.01310    0.01540    26.01310
S  SUM/AVG    599    11     1.83639  -99779.60739    -166.57697   20.00000   0.05882   99.37160    0.05882    99.37160

T best solution: EADARPSolution(t_routing=305.517, t_excess=51.727, obj_val=242.069, obj_val_valid=true,
    unserved_requests=Int64[], F_visited=[38, 37], S_visited=[41, 39, 40],
    (1, ([35, 12, 6, 28, 22, 4, 11, 27, 20, 3, 19, 13, 29, 9, 8, 25, 24, 39, 7, 16, 23, 32, 40, 37], [63.26963776785931, 31.168927676181106], [18, 23]))
    (2, ([36, 10, 26, 5, 21, 14, 30, 15, 31, 2, 18, 1, 17, 41, 38], [49.0782518679929], [14])))

T best obj: 242.06943815175046
T best iteration: 202
T total iterations: 300
T best time [s]: 0.050
T total time [s]: 0.0592
