EADARP version 2def-dirty
ARGS: --ifile=EADARP/instances/b1/a2-16.txt --odir=EADARP/out/a2-16 --oname=run60
Settings:
--alns_gamma=0.025
--alns_segment_size=100
--alns_sigma1=10
--alns_sigma2=9
--alns_sigma3=3
--at_most_one_s=false
--gamma=-1.0
--ifile=EADARP/instances/b1/a2-16.txt
--insert_charging_otf=true
--insert_cost_noise=0.014
--lns_init_temp_factor=0.0
--lns_temp_dec_factor=0.99
--mh_checkit=false
--mh_lfreq=0
--mh_lnewinc=true
--mh_tciter=-1
--mh_tctime=-1.0
--mh_titer=300
--mh_tobj=-1.0
--mh_ttime=-1.0
--odir=EADARP/out/a2-16
--oname=run60
--only_single_s_visits=true
--repair_max_routes=0
--seed=2057253959
--use_milp_in_otf=0
--xcheck_isfeasible=false

EADARPInstance(EADARP/instances/b1/a2-16.txt, n=16, n_K=2, S=[39, 40, 41], Q=14.85, n_F=2, γ=0.7, T_plan=480.0, F=[37, 38])

T preprocessing time [s]: 0.118
I       iter             best          obj_old          obj_new        time              method info
I          1        245.35366     100016.00000        245.35366      0.0348                 con 
I          3        245.11680        245.35366        245.11680      0.0350        drrr_15+rrri 
I         10        244.03532        245.11680        244.03532      0.0406         drrr_15+rrg 
I         30        243.06320        244.03532        243.06320      0.0462         drrr_15+rrg 
I         77        242.06944        243.06320        242.06944      0.0513        drrr_15+rrri 
I        287        240.66372        242.06944        240.66372      0.0738        drrr_15+rrri 
I        300        240.66372        240.66372     100001.00000      0.0751        drrr_15+rrri 

Method statistics
S  method    iter  succ  succ-rate%  tot-obj-gain  avg-obj-gain  rel-succ%  net-time  net-time%  brut-time  brut-time%
S  con          1     1   100.00000  -99770.64634  -99770.64634    9.09091   0.03483   46.35197    0.03483    46.35197
S  drrr_15    299     5     1.67224      -4.68994      -0.01569   45.45455   0.00068    0.91133    0.00068     0.91133
S  rrg        105     2     1.90476      -2.05360      -0.01956   18.18182   0.02261   30.08888    0.02261    30.08888
S  rroi       102     0     0.00000       0.00000       0.00000    0.00000   0.00560    7.45661    0.00560     7.45661
S  rrri        92     3     3.26087      -2.63634      -0.02866   27.27273   0.01101   14.64764    0.01101    14.64764
S  SUM/AVG    599    11     1.83639  -99780.02623    -166.57767   20.00000   0.07473   99.45644    0.07473    99.45644

T best solution: EADARPSolution(t_routing=303.643, t_excess=51.727, obj_val=240.664, obj_val_valid=true,
    unserved_requests=Int64[], F_visited=[37, 38], S_visited=[40, 41, 39],
    (1, ([35, 12, 6, 28, 22, 4, 11, 27, 20, 3, 19, 13, 29, 9, 8, 25, 24, 2, 18, 40, 1, 17, 41, 37], [36.77682754201507, 65.51191487779846], [20, 23]))
    (2, ([36, 10, 26, 5, 21, 14, 30, 15, 31, 7, 16, 23, 32, 39, 38], [39.35377922333975], [14])))

T best obj: 240.66371640009046
T best iteration: 287
T total iterations: 300
T best time [s]: 0.074
T total time [s]: 0.0751
