EADARP version 2def-dirty
ARGS: --ifile=EADARP/instances/b1/a2-16.txt --odir=EADARP/out/a2-16 --oname=run79
Settings:
--alns_gamma=0.025
--alns_segment_size=100
--alns_sigma1=10
--alns_sigma2=9
--alns_sigma3=3
--at_most_one_s=false
--gamma=-1.0
--ifile=EADARP/instances/b1/a2-16.txt
--insert_charging_otf=true
--insert_cost_noise=0.014
--lns_init_temp_factor=0.0
--lns_temp_dec_factor=0.99
--mh_checkit=false
--mh_lfreq=0
--mh_lnewinc=true
--mh_tciter=-1
--mh_tctime=-1.0
--mh_titer=300
--mh_tobj=-1.0
--mh_ttime=-1.0
--odir=EADARP/out/a2-16
--oname=run79
--only_single_s_visits=true
--repair_max_routes=0
--seed=931386556
--use_milp_in_otf=0
--xcheck_isfeasible=false

EADARPInstance(EADARP/instances/b1/a2-16.txt, n=16, n_K=2, S=[39, 40, 41], Q=14.85, n_F=2, γ=0.7, T_plan=480.0, F=[37, 38])

T preprocessing time [s]: 0.1174
I       iter             best          obj_old          obj_new        time              method info
I          1        245.35366     100016.00000        245.35366      0.0178                 con 
I         18        243.06320        245.35366        243.06320      0.0269         drrr_15+rrg 
I         52        242.91393        243.06320        242.91393      0.0318        drrr_15+rrri 
I        101        242.06944        242.91393        242.06944      0.0376        drrr_15+rrri 
I        184        241.86908        242.06944        241.86908      0.0465        drrr_15+rrri 
I        193        240.66372        241.86908        240.66372      0.0469        drrr_15+rrri 
I        300        240.66372        240.66372     100001.00000      0.0566         drrr_15+rrg 

Method statistics
S  method    iter  succ  succ-rate%  tot-obj-gain  avg-obj-gain  rel-succ%  net-time  net-time%  brut-time  brut-time%
S  con          1     1   100.00000  -99770.64634  -99770.64634    9.09091   0.01776   31.35265    0.01776    31.35265
S  drrr_15    299     5     1.67224      -4.68994      -0.01569   45.45455   0.00067    1.18024    0.00067     1.18024
S  rrg         98     1     1.02041      -2.29046      -0.02337    9.09091   0.02121   37.43823    0.02121    37.43823
S  rroi        87     0     0.00000       0.00000       0.00000    0.00000   0.00363    6.40548    0.00363     6.40548
S  rrri       114     4     3.50877      -2.39948      -0.02105   36.36364   0.01295   22.86365    0.01295    22.86365
S  SUM/AVG    599    11     1.83639  -99780.02623    -166.57767   20.00000   0.05621   99.24025    0.05621    99.24025

T best solution: EADARPSolution(t_routing=303.643, t_excess=51.727, obj_val=240.664, obj_val_valid=true,
    unserved_requests=Int64[], F_visited=[37, 38], S_visited=[39, 40, 41],
    (1, ([35, 12, 6, 28, 22, 4, 11, 27, 20, 3, 19, 13, 29, 9, 8, 25, 24, 2, 18, 40, 1, 17, 41, 37], [36.77682754201507, 65.51191487779846], [20, 23]))
    (2, ([36, 10, 26, 5, 21, 14, 30, 15, 31, 7, 16, 23, 32, 39, 38], [39.35377922333975], [14])))

T best obj: 240.66371640009046
T best iteration: 193
T total iterations: 300
T best time [s]: 0.047
T total time [s]: 0.0566
