EADARP version 2def-dirty
ARGS: --ifile=EADARP/instances/b1/a2-16.txt --odir=EADARP/out/a2-16 --oname=run82
Settings:
--alns_gamma=0.025
--alns_segment_size=100
--alns_sigma1=10
--alns_sigma2=9
--alns_sigma3=3
--at_most_one_s=false
--gamma=-1.0
--ifile=EADARP/instances/b1/a2-16.txt
--insert_charging_otf=true
--insert_cost_noise=0.014
--lns_init_temp_factor=0.0
--lns_temp_dec_factor=0.99
--mh_checkit=false
--mh_lfreq=0
--mh_lnewinc=true
--mh_tciter=-1
--mh_tctime=-1.0
--mh_titer=300
--mh_tobj=-1.0
--mh_ttime=-1.0
--odir=EADARP/out/a2-16
--oname=run82
--only_single_s_visits=true
--repair_max_routes=0
--seed=1792837475
--use_milp_in_otf=0
--xcheck_isfeasible=false

EADARPInstance(EADARP/instances/b1/a2-16.txt, n=16, n_K=2, S=[39, 40, 41], Q=14.85, n_F=2, γ=0.7, T_plan=480.0, F=[37, 38])

T preprocessing time [s]: 0.12747
I       iter             best          obj_old          obj_new        time              method info
I          1        247.74627     100016.00000        247.74627      0.0176                 con 
I          3        245.35366        247.74627        245.35366      0.0200        drrr_15+rroi 
I         28        244.03532        245.35366        244.03532      0.0258        drrr_15+rrri 
I         36        243.06320        244.03532        243.06320      0.0265         drrr_15+rrg 
I         64        242.91393        243.06320        242.91393      0.0315        drrr_15+rrri 
I         69        240.66372        242.91393        240.66372      0.0319        drrr_15+rrri 
I        300        240.66372        240.66372        260.79390      0.0550        drrr_15+rrri 

Method statistics
S  method    iter  succ  succ-rate%  tot-obj-gain  avg-obj-gain  rel-succ%  net-time  net-time%  brut-time  brut-time%
S  con          1     1   100.00000  -99768.25373  -99768.25373    9.09091   0.01756   31.88912    0.01756    31.88912
S  drrr_15    299     5     1.67224      -7.08255      -0.02369   45.45455   0.00066    1.19131    0.00066     1.19131
S  rrg         89     1     1.12360      -0.97212      -0.01092    9.09091   0.01940   35.23701    0.01940    35.23701
S  rroi       108     1     0.92593      -2.39261      -0.02215    9.09091   0.00450    8.17939    0.00450     8.17939
S  rrri       102     3     2.94118      -3.71782      -0.03645   27.27273   0.01255   22.79861    0.01255    22.79861
S  SUM/AVG    599    11     1.83639  -99782.41884    -166.58167   20.00000   0.05467   99.29543    0.05467    99.29543

T best solution: EADARPSolution(t_routing=303.643, t_excess=51.727, obj_val=240.664, obj_val_valid=true,
    unserved_requests=Int64[], F_visited=[37, 38], S_visited=[39, 40, 41],
    (1, ([35, 10, 26, 5, 21, 14, 30, 15, 31, 7, 16, 23, 32, 39, 37], [39.35377922333975], [14]))
    (2, ([36, 12, 6, 28, 22, 4, 11, 27, 20, 3, 19, 13, 29, 9, 8, 25, 24, 2, 18, 40, 1, 17, 41, 38], [36.77682754201507, 65.51191487779846], [20, 23])))

T best obj: 240.66371640009046
T best iteration: 69
T total iterations: 300
T best time [s]: 0.032
T total time [s]: 0.0551
