EADARP version ecec-dirty
ARGS: --ifile=EADARP/instances/random/r8-96-00000.txt  --gamma=0.7 --only_single_s_visits=false --odir=EADARP/solutions/random/r8-96-00000 --oname=run19
Settings:
--alns_gamma=0.025
--alns_segment_size=100
--alns_sigma1=10
--alns_sigma2=9
--alns_sigma3=3
--at_most_one_s=false
--gamma=0.7
--ifile=EADARP/instances/random/r8-96-00000.txt
--infeasible_arcs=EADARP/infeasible_arcs
--insert_charging_otf=true
--insert_cost_noise=0.014
--lns_init_temp_factor=0.0
--lns_temp_dec_factor=0.99
--log_all_sols_fname=
--mh_checkit=false
--mh_lfreq=0
--mh_lnewinc=true
--mh_tciter=-1
--mh_tctime=-1.0
--mh_titer=30000
--mh_tobj=-1.0
--mh_ttime=-1.0
--odir=EADARP/solutions/random/r8-96-00000
--ofile=
--oname=run19
--only_single_s_visits=false
--prepthreshold=0.1
--repair_max_routes=0
--route_based_ops=0
--seed=347242467
--tightened_windows=EADARP/tightened_windows
--use_milp_in_otf=0
--xcheck_isfeasible=false

EADARPInstance(EADARP/instances/random/r8-96-00000.txt, n=96, n_K=8, S=[209, 210, 211], Q=14.85, n_F=8, γ=0.7, T_plan=720.0, F=[201, 202, 203, 204, 205, 206, 207, 208])

Percentage of arcs removed: 74.09537072392803%
Minimum Degree: 10
T preprocessing time [s]: 19.359
I       iter             best          obj_old          obj_new        time              method info
I          1       1218.43526     100096.00000       1218.43526      1.1590                 con 
I          2       1209.39108       1218.43526       1209.39108      1.2980         drrr_15+rrg 
I          5       1201.53917       1209.39108       1201.53917      1.7150        drrr_15+rroi 
I          6       1198.91450       1201.53917       1198.91450      1.8500        drrr_15+rrri 
I          7       1195.72778       1198.91450       1195.72778      1.9950        drrr_15+rrri 
I          8       1195.56185       1195.72778       1195.56185      2.0540        drrr_15+rrri 
I          9       1182.73658       1195.56185       1182.73658      2.1690         drrr_15+rrg 
I         10       1161.88262       1182.73658       1161.88262      2.2880        drrr_15+rrri 
I         12       1148.58547       1161.88262       1148.58547      2.5360        drrr_15+rroi 
I         13       1146.80703       1148.58547       1146.80703      2.5950         drrr_15+rrg 
I         16       1129.88090       1146.80703       1129.88090      2.8320        drrr_15+rrri 
I         18       1119.49329       1129.88090       1119.49329      2.9140        drrr_15+rroi 
I         19       1107.89239       1119.49329       1107.89239      2.9560        drrr_15+rroi 
I         21       1093.70588       1107.89239       1093.70588      3.1410        drrr_15+rrri 
I         22       1082.23659       1093.70588       1082.23659      3.2610        drrr_15+rroi 
I         23       1075.20997       1082.23659       1075.20997      3.2950        drrr_15+rrri 
I         32       1072.71007       1075.20997       1072.71007      3.9930         drrr_15+rrg 
I         35       1072.00851       1072.71007       1072.00851      4.1810        drrr_15+rrri 
I         36       1070.77555       1072.00851       1070.77555      4.1920        drrr_15+rroi 
I         47       1070.46042       1070.77555       1070.46042      4.5000         drrr_15+rrg 
I         50       1070.29077       1070.46042       1070.29077      4.5630        drrr_15+rrri 
I         68       1066.35575       1070.29077       1066.35575      5.0370        drrr_15+rrri 
I         83       1062.23213       1066.35575       1062.23213      5.2220         drrr_15+rrg 
I         96       1059.47882       1062.23213       1059.47882      5.3430        drrr_15+rrri 
I        146       1059.31157       1059.47882       1059.31157      5.8450        drrr_15+rroi 
I        148       1057.91709       1059.31157       1057.91709      5.8500         drrr_15+rrg 
I        156       1057.82267       1057.91709       1057.82267      5.8980        drrr_15+rroi 
I        223       1057.67964       1057.82267       1057.67964      6.4530        drrr_15+rrri 
I        281       1056.99249       1057.67964       1056.99249      6.8270        drrr_15+rroi 
I        303       1055.26070       1056.99249       1055.26070      7.0590        drrr_15+rrri 
I        319       1053.44154       1055.26070       1053.44154      7.2730        drrr_15+rroi 
I        353       1052.45891       1053.44154       1052.45891      7.5940         drrr_15+rrg 
I        382       1052.02684       1052.45891       1052.02684      7.7540        drrr_15+rroi 
I        392       1050.66180       1052.02684       1050.66180      7.8090        drrr_15+rrri 
I        400       1048.33953       1050.66180       1048.33953      7.8750        drrr_15+rroi 
I        416       1047.96942       1048.33953       1047.96942      7.9910         drrr_15+rrg 
I        469       1047.36009       1047.96942       1047.36009      8.3060        drrr_15+rroi 
I        483       1047.11423       1047.36009       1047.11423      8.3830         drrr_15+rrg 
I        551       1046.51448       1047.11423       1046.51448      8.6630        drrr_15+rrri 
I        563       1046.14154       1046.51448       1046.14154      8.7660        drrr_15+rrri 
I        576       1039.64879       1046.14154       1039.64879      8.8420         drrr_15+rrg 
I        578       1038.81262       1039.64879       1038.81262      8.8580        drrr_15+rroi 
I        581       1038.46365       1038.81262       1038.46365      8.8740         drrr_15+rrg 
I        618       1036.27921       1038.46365       1036.27921      9.1140        drrr_15+rroi 
I        670       1033.28494       1036.27921       1033.28494      9.4360        drrr_15+rrri 
I        715       1032.47596       1033.28494       1032.47596      9.7480         drrr_15+rrg 
I       1499       1031.34152       1032.47596       1031.34152     12.7940         drrr_15+rrg 
I       1612       1031.09667       1031.34152       1031.09667     13.2010         drrr_15+rrg 
I       1615       1030.69490       1031.09667       1030.69490     13.2150        drrr_15+rrri 
I       1624       1029.81143       1030.69490       1029.81143     13.2700        drrr_15+rrri 
I       1631       1029.62832       1029.81143       1029.62832     13.2930        drrr_15+rroi 
I       1658       1029.16647       1029.62832       1029.16647     13.4520        drrr_15+rrri 
I       1747       1028.81934       1029.16647       1028.81934     13.9010         drrr_15+rrg 
I       1926       1028.34706       1028.81934       1028.34706     14.6500         drrr_15+rrg 
I       4349       1026.59019       1028.34706       1026.59019     21.4290        drrr_15+rroi 
I       4360       1026.21396       1026.59019       1026.21396     21.4840         drrr_15+rrg 
I       4371       1025.05462       1026.21396       1025.05462     21.5980        drrr_15+rroi 
I       4498       1024.99336       1025.05462       1024.99336     22.2150        drrr_15+rrri 
I       6838       1024.00108       1024.99336       1024.00108     28.4080        drrr_15+rrri 
I       6843       1023.94033       1024.00108       1023.94033     28.4180        drrr_15+rroi 
I       6867       1023.77308       1023.94033       1023.77308     28.4660        drrr_15+rroi 
I       7085       1023.37631       1023.77308       1023.37631     28.9840         drrr_15+rrg 
I       7121       1023.37631       1023.37631       1023.37631     29.0690        drrr_15+rrri 
I       7355       1023.34628       1023.37631       1023.34628     29.5990        drrr_15+rroi 
I       7434       1022.72334       1023.34628       1022.72334     29.7310         drrr_15+rrg 
I       7439       1022.72334       1022.72334       1022.72334     29.7620        drrr_15+rrri 
I       7491       1022.62771       1022.72334       1022.62771     29.8870         drrr_15+rrg 
I      30000       1022.62771       1022.62771       1033.58427     77.5700         drrr_15+rrg 

Method statistics
S  method    iter  succ  succ-rate%  tot-obj-gain  avg-obj-gain  rel-succ%  net-time  net-time%  brut-time  brut-time%
S  con          1     1   100.00000  -98877.56474  -98877.56474    0.75188   1.15900    1.49413    1.15900     1.49413
S  drrr_15  29999    66     0.22001    -195.80755      -0.00653   49.62406   2.24700    2.89674    2.24700     2.89674
S  rrg       9907    21     0.21197     -44.92059      -0.00453   15.78947  32.76101   42.23412   32.76101    42.23412
S  rroi      9861    21     0.21296     -68.34941      -0.00693   15.78947  19.17200   24.71574   19.17200    24.71574
S  rrri     10231    24     0.23458     -82.53754      -0.00807   18.04511  21.72899   28.01211   21.72899    28.01211
S  SUM/AVG  59999   133     0.22167  -99269.17985      -1.65451   20.00000  77.06800   99.35284   77.06800    99.35284

T best solution: EADARPSolution(t_routing=1248.608, t_excess=344.687, obj_val=1022.628, obj_val_valid=true,
    unserved_requests=Int64[], F_visited=[208, 203, 205, 206, 204, 202, 201, 207], S_visited=Int64[],
    (1, ([193, 37, 49, 133, 145, 82, 178, 64, 74, 46, 160, 142, 170, 72, 77, 168, 173, 27, 22, 123, 118, 209, 201], [49.00977549385482], [22]))
    (2, ([194, 6, 102, 66, 162, 21, 117, 52, 76, 172, 148, 29, 125, 62, 32, 128, 158, 57, 153, 86, 36, 182, 132, 209, 202], [64.7135899863098], [24]))
    (3, ([195, 67, 163, 78, 174, 43, 9, 139, 105, 19, 115, 93, 189, 85, 181, 55, 48, 151, 58, 144, 154, 18, 114, 34, 130, 209, 203], [72.20303656903346], [26]))
    (4, ([196, 71, 73, 167, 169, 84, 20, 180, 75, 116, 171, 83, 40, 179, 136, 210, 30, 126, 50, 146, 12, 108, 54, 150, 204], [59.519951338573655], [16]))
    (5, ([197, 70, 60, 156, 166, 65, 161, 15, 111, 2, 23, 59, 98, 56, 119, 155, 152, 4, 61, 100, 157, 11, 107, 16, 112, 209, 205], [81.77529214008852], [26]))
    (6, ([198, 51, 147, 41, 17, 137, 113, 33, 129, 63, 159, 96, 192, 79, 175, 13, 109, 69, 44, 140, 165, 211, 94, 190, 209, 206], [90.29880043132539, 13.12665791294913], [22, 25]))
    (7, ([199, 87, 183, 1, 97, 39, 135, 47, 143, 8, 14, 88, 104, 110, 184, 68, 164, 7, 103, 209, 91, 187, 38, 134, 31, 127, 207], [45.88011900775926], [20]))
    (8, ([200, 81, 177, 95, 92, 191, 188, 35, 42, 131, 138, 53, 149, 90, 25, 186, 121, 26, 80, 122, 176, 24, 5, 101, 120, 3, 99, 89, 185, 10, 28, 124, 45, 106, 141, 209, 208], [124.08059247216441], [36])))

T best obj: 1022.6277053598714
T best iteration: 7491
T total iterations: 30000
T best time [s]: 29.887
T total time [s]: 77.5700
