EADARP version ecec-dirty
ARGS: --ifile=EADARP/instances/random/r8-96-00000.txt  --gamma=0.7 --only_single_s_visits=false --odir=EADARP/solutions/random/r8-96-00000 --oname=run27
Settings:
--alns_gamma=0.025
--alns_segment_size=100
--alns_sigma1=10
--alns_sigma2=9
--alns_sigma3=3
--at_most_one_s=false
--gamma=0.7
--ifile=EADARP/instances/random/r8-96-00000.txt
--infeasible_arcs=EADARP/infeasible_arcs
--insert_charging_otf=true
--insert_cost_noise=0.014
--lns_init_temp_factor=0.0
--lns_temp_dec_factor=0.99
--log_all_sols_fname=
--mh_checkit=false
--mh_lfreq=0
--mh_lnewinc=true
--mh_tciter=-1
--mh_tctime=-1.0
--mh_titer=30000
--mh_tobj=-1.0
--mh_ttime=-1.0
--odir=EADARP/solutions/random/r8-96-00000
--ofile=
--oname=run27
--only_single_s_visits=false
--prepthreshold=0.1
--repair_max_routes=0
--route_based_ops=0
--seed=484380361
--tightened_windows=EADARP/tightened_windows
--use_milp_in_otf=0
--xcheck_isfeasible=false

EADARPInstance(EADARP/instances/random/r8-96-00000.txt, n=96, n_K=8, S=[209, 210, 211], Q=14.85, n_F=8, γ=0.7, T_plan=720.0, F=[201, 202, 203, 204, 205, 206, 207, 208])

Percentage of arcs removed: 74.09537072392803%
Minimum Degree: 10
T preprocessing time [s]: 21.569
I       iter             best          obj_old          obj_new        time              method info
I          1       1193.31201     100096.00000       1193.31201      1.0720                 con 
I          3       1190.13589       1193.31201       1190.13589      1.3530        drrr_15+rrri 
I          4       1179.18567       1190.13589       1179.18567      1.4730         drrr_15+rrg 
I          5       1162.73378       1179.18567       1162.73378      1.5380        drrr_15+rroi 
I          6       1144.70175       1162.73378       1144.70175      1.6300        drrr_15+rroi 
I          7       1136.75369       1144.70175       1136.75369      1.8460        drrr_15+rroi 
I         11       1135.13503       1136.75369       1135.13503      2.3420        drrr_15+rrri 
I         13       1127.41684       1135.13503       1127.41684      2.4840        drrr_15+rrri 
I         17       1123.96952       1127.41684       1123.96952      2.7080        drrr_15+rrri 
I         19       1120.81547       1123.96952       1120.81547      2.7850        drrr_15+rroi 
I         20       1115.71200       1120.81547       1115.71200      2.7970         drrr_15+rrg 
I         21       1103.64645       1115.71200       1103.64645      2.9250         drrr_15+rrg 
I         23       1091.16933       1103.64645       1091.16933      3.0190         drrr_15+rrg 
I         24       1089.84765       1091.16933       1089.84765      3.0660        drrr_15+rroi 
I         27       1081.01539       1089.84765       1081.01539      3.1840        drrr_15+rrri 
I         28       1079.32225       1081.01539       1079.32225      3.2400        drrr_15+rroi 
I         33       1078.44833       1079.32225       1078.44833      3.5870        drrr_15+rrri 
I         46       1077.18301       1078.44833       1077.18301      4.1700        drrr_15+rroi 
I         66       1074.39708       1077.18301       1074.39708      4.4580        drrr_15+rroi 
I         68       1071.59563       1074.39708       1071.59563      4.5430        drrr_15+rrri 
I         84       1071.20257       1071.59563       1071.20257      4.7400        drrr_15+rroi 
I         92       1068.44089       1071.20257       1068.44089      4.9500        drrr_15+rrri 
I         93       1067.72941       1068.44089       1067.72941      4.9690        drrr_15+rroi 
I        103       1067.63500       1067.72941       1067.63500      5.2660        drrr_15+rrri 
I        112       1063.75949       1067.63500       1063.75949      5.4070        drrr_15+rroi 
I        118       1063.45977       1063.75949       1063.45977      5.5830        drrr_15+rrri 
I        120       1062.77287       1063.45977       1062.77287      5.6180        drrr_15+rrri 
I        125       1061.94327       1062.77287       1061.94327      5.7350        drrr_15+rrri 
I        137       1061.21959       1061.94327       1061.21959      6.0560        drrr_15+rrri 
I        152       1059.49475       1061.21959       1059.49475      6.3140         drrr_15+rrg 
I        164       1059.06595       1059.49475       1059.06595      6.5840         drrr_15+rrg 
I        165       1053.71906       1059.06595       1053.71906      6.5860        drrr_15+rrri 
I        168       1053.46937       1053.71906       1053.46937      6.6490         drrr_15+rrg 
I        199       1052.36638       1053.46937       1052.36638      7.0450        drrr_15+rrri 
I        202       1050.58634       1052.36638       1050.58634      7.0780        drrr_15+rroi 
I        223       1050.46402       1050.58634       1050.46402      7.2760        drrr_15+rroi 
I        244       1048.88491       1050.46402       1048.88491      7.6330        drrr_15+rroi 
I        258       1048.58744       1048.88491       1048.58744      7.7850         drrr_15+rrg 
I        276       1047.51706       1048.58744       1047.51706      7.9650        drrr_15+rroi 
I        277       1047.39475       1047.51706       1047.39475      7.9740        drrr_15+rrri 
I        280       1044.58620       1047.39475       1044.58620      8.0170        drrr_15+rrri 
I        287       1043.97837       1044.58620       1043.97837      8.1770        drrr_15+rrri 
I        312       1043.85606       1043.97837       1043.85606      8.5650        drrr_15+rroi 
I        353       1043.43318       1043.85606       1043.43318      8.8850         drrr_15+rrg 
I        365       1043.32822       1043.43318       1043.32822      8.9430        drrr_15+rrri 
I        370       1043.21414       1043.32822       1043.21414      8.9760        drrr_15+rrri 
I        378       1042.69093       1043.21414       1042.69093      9.0160         drrr_15+rrg 
I        381       1041.95697       1042.69093       1041.95697      9.0250        drrr_15+rrri 
I        392       1040.91435       1041.95697       1040.91435      9.0920         drrr_15+rrg 
I        410       1040.50510       1040.91435       1040.50510      9.2630        drrr_15+rroi 
I        414       1040.28506       1040.50510       1040.28506      9.2900        drrr_15+rrri 
I        417       1038.25927       1040.28506       1038.25927      9.3130        drrr_15+rroi 
I        424       1037.62998       1038.25927       1037.62998      9.3560         drrr_15+rrg 
I        439       1037.53557       1037.62998       1037.53557      9.4880        drrr_15+rrri 
I        461       1035.28514       1037.53557       1035.28514      9.6250        drrr_15+rroi 
I       1156       1033.78579       1035.28514       1033.78579     13.1920        drrr_15+rrri 
I       2817       1033.46934       1033.78579       1033.46934     18.5670         drrr_15+rrg 
I       2822       1032.26838       1033.46934       1032.26838     18.5820        drrr_15+rroi 
I       2842       1031.50010       1032.26838       1031.50010     18.6360        drrr_15+rrri 
I       2892       1026.15456       1031.50010       1026.15456     18.8070        drrr_15+rroi 
I       4553       1025.41159       1026.15456       1025.41159     23.1950        drrr_15+rrri 
I       4559       1024.51311       1025.41159       1024.51311     23.2740        drrr_15+rrri 
I       4615       1024.29307       1024.51311       1024.29307     23.4460         drrr_15+rrg 
I       7189       1022.41569       1024.29307       1022.41569     29.8010         drrr_15+rrg 
I       7266       1021.74170       1022.41569       1021.74170     30.0280         drrr_15+rrg 
I       7313       1021.59533       1021.74170       1021.59533     30.1830        drrr_15+rroi 
I       7374       1021.50092       1021.59533       1021.50092     30.3270         drrr_15+rrg 
I       7534       1020.67470       1021.50092       1020.67470     30.7280        drrr_15+rroi 
I      10272       1018.65548       1020.67470       1018.65548     37.5350        drrr_15+rroi 
I      10275       1017.94461       1018.65548       1017.94461     37.5510         drrr_15+rrg 
I      10330       1017.16392       1017.94461       1017.16392     37.7990         drrr_15+rrg 
I      10476       1016.07349       1017.16392       1016.07349     38.3270        drrr_15+rroi 
I      10539       1015.85345       1016.07349       1015.85345     38.5240         drrr_15+rrg 
I      14674       1015.00483       1015.85345       1015.00483     48.4820         drrr_15+rrg 
I      14706       1014.85532       1015.00483       1014.85532     48.5410        drrr_15+rrri 
I      14859       1013.63926       1014.85532       1013.63926     48.9410         drrr_15+rrg 
I      14882       1013.54485       1013.63926       1013.54485     49.0020        drrr_15+rroi 
I      30000       1013.54485       1013.54485       1030.56690     83.3040        drrr_15+rroi 

Method statistics
S  method    iter  succ  succ-rate%  tot-obj-gain  avg-obj-gain  rel-succ%  net-time  net-time%  brut-time  brut-time%
S  con          1     1   100.00000  -98902.68799  -98902.68799    0.65359   1.07200    1.28685    1.07200     1.28685
S  drrr_15  29999    76     0.25334    -179.76717      -0.00599   49.67320   2.52500    3.03107    2.52500     3.03107
S  rrg      10058    22     0.21873     -52.87371      -0.00526   14.37908  36.10901   43.34607   36.10901    43.34607
S  rroi      9903    26     0.26255     -77.71493      -0.00785   16.99346  20.06900   24.09128   20.06900    24.09128
S  rrri     10038    28     0.27894     -49.17852      -0.00490   18.30065  22.90200   27.49207   22.90200    27.49207
S  SUM/AVG  59999   153     0.25500  -99262.22232      -1.65440   20.00000  82.67700   99.24734   82.67700    99.24734

T best solution: EADARPSolution(t_routing=1241.986, t_excess=328.222, obj_val=1013.545, obj_val_valid=true,
    unserved_requests=Int64[], F_visited=[204, 202, 206, 207, 201, 203, 205, 208], S_visited=Int64[],
    (1, ([193, 6, 102, 66, 162, 52, 76, 172, 148, 72, 77, 168, 173, 12, 108, 54, 150, 209, 201], [25.66718388064011], [18]))
    (2, ([194, 37, 49, 133, 145, 82, 178, 75, 8, 14, 171, 104, 88, 110, 184, 68, 164, 62, 158, 57, 153, 86, 36, 182, 132, 209, 202], [78.92530445897751], [26]))
    (3, ([195, 71, 73, 167, 60, 70, 169, 156, 166, 43, 9, 139, 105, 19, 115, 93, 189, 29, 125, 96, 192, 79, 175, 11, 10, 107, 45, 106, 141, 209, 203], [131.02122949134903], [30]))
    (4, ([196, 81, 177, 95, 92, 191, 188, 21, 117, 84, 20, 180, 116, 53, 149, 63, 159, 90, 25, 186, 121, 26, 80, 122, 176, 24, 120, 3, 99, 89, 185, 38, 134, 22, 118, 209, 204], [105.23997251109869], [36]))
    (5, ([197, 87, 183, 35, 42, 131, 138, 83, 40, 179, 136, 30, 126, 50, 146, 4, 100, 18, 114, 28, 124, 16, 112, 209, 205], [55.064504748749385], [24]))
    (6, ([198, 67, 163, 78, 174, 65, 161, 23, 119, 5, 101, 32, 128, 94, 190, 209, 206], [32.36607517303146], [16]))
    (7, ([199, 51, 147, 41, 17, 137, 113, 33, 129, 211, 64, 74, 46, 160, 142, 170, 27, 91, 123, 187, 31, 127, 207], [51.94841092778076], [10]))
    (8, ([200, 1, 97, 39, 135, 47, 143, 15, 111, 2, 59, 98, 56, 155, 85, 152, 181, 55, 48, 151, 58, 144, 154, 61, 7, 103, 157, 13, 109, 69, 44, 140, 165, 34, 130, 209, 208], [113.75320897578223], [36])))

T best obj: 1013.544846986834
T best iteration: 14882
T total iterations: 30000
T best time [s]: 49.002
T total time [s]: 83.3040
