EADARP version ecec-dirty
ARGS: --ifile=EADARP/instances/random/r8-96-00000.txt  --gamma=0.7 --only_single_s_visits=false --odir=EADARP/solutions/random/r8-96-00000 --oname=run20
Settings:
--alns_gamma=0.025
--alns_segment_size=100
--alns_sigma1=10
--alns_sigma2=9
--alns_sigma3=3
--at_most_one_s=false
--gamma=0.7
--ifile=EADARP/instances/random/r8-96-00000.txt
--infeasible_arcs=EADARP/infeasible_arcs
--insert_charging_otf=true
--insert_cost_noise=0.014
--lns_init_temp_factor=0.0
--lns_temp_dec_factor=0.99
--log_all_sols_fname=
--mh_checkit=false
--mh_lfreq=0
--mh_lnewinc=true
--mh_tciter=-1
--mh_tctime=-1.0
--mh_titer=30000
--mh_tobj=-1.0
--mh_ttime=-1.0
--odir=EADARP/solutions/random/r8-96-00000
--ofile=
--oname=run20
--only_single_s_visits=false
--prepthreshold=0.1
--repair_max_routes=0
--route_based_ops=0
--seed=229700839
--tightened_windows=EADARP/tightened_windows
--use_milp_in_otf=0
--xcheck_isfeasible=false

EADARPInstance(EADARP/instances/random/r8-96-00000.txt, n=96, n_K=8, S=[209, 210, 211], Q=14.85, n_F=8, γ=0.7, T_plan=720.0, F=[201, 202, 203, 204, 205, 206, 207, 208])

Percentage of arcs removed: 74.09537072392803%
Minimum Degree: 10
T preprocessing time [s]: 18.875
I       iter             best          obj_old          obj_new        time              method info
I          1       1217.27923     100096.00000       1217.27923      0.9520                 con 
I          2       1207.70191       1217.27923       1207.70191      1.0790         drrr_15+rrg 
I          3       1206.15629       1207.70191       1206.15629      1.2240         drrr_15+rrg 
I          4       1200.10745       1206.15629       1200.10745      1.3870        drrr_15+rroi 
I          5       1178.92972       1200.10745       1178.92972      1.5530        drrr_15+rroi 
I          7       1176.94286       1178.92972       1176.94286      1.8150         drrr_15+rrg 
I          8       1160.39261       1176.94286       1160.39261      1.9570         drrr_15+rrg 
I          9       1156.33439       1160.39261       1156.33439      2.0260        drrr_15+rroi 
I         11       1142.60385       1156.33439       1142.60385      2.2040        drrr_15+rrri 
I         12       1141.15413       1142.60385       1141.15413      2.3010        drrr_15+rrri 
I         13       1130.86529       1141.15413       1130.86529      2.3400         drrr_15+rrg 
I         17       1129.92423       1130.86529       1129.92423      2.6110         drrr_15+rrg 
I         18       1124.97840       1129.92423       1124.97840      2.6570         drrr_15+rrg 
I         19       1113.78531       1124.97840       1113.78531      2.7030         drrr_15+rrg 
I         22       1107.61286       1113.78531       1107.61286      2.8020        drrr_15+rroi 
I         23       1107.24826       1107.61286       1107.24826      2.8310        drrr_15+rroi 
I         24       1104.96219       1107.24826       1104.96219      2.8530        drrr_15+rrri 
I         30       1098.72345       1104.96219       1098.72345      3.0780         drrr_15+rrg 
I         32       1096.80575       1098.72345       1096.80575      3.1640        drrr_15+rrri 
I         34       1095.94371       1096.80575       1095.94371      3.2560        drrr_15+rrri 
I         35       1095.86893       1095.94371       1095.86893      3.3090        drrr_15+rroi 
I         36       1093.37933       1095.86893       1093.37933      3.4220         drrr_15+rrg 
I         39       1092.65082       1093.37933       1092.65082      3.6100        drrr_15+rrri 
I         42       1092.46915       1092.65082       1092.46915      3.6980        drrr_15+rroi 
I         43       1089.32435       1092.46915       1089.32435      3.7540         drrr_15+rrg 
I         44       1081.77318       1089.32435       1081.77318      3.8090        drrr_15+rrri 
I         47       1079.28288       1081.77318       1079.28288      3.9060         drrr_15+rrg 
I         56       1078.87449       1079.28288       1078.87449      4.2730        drrr_15+rrri 
I         59       1077.18571       1078.87449       1077.18571      4.3700         drrr_15+rrg 
I         64       1076.80358       1077.18571       1076.80358      4.4400        drrr_15+rrri 
I         78       1074.32070       1076.80358       1074.32070      4.6690        drrr_15+rrri 
I         89       1073.41536       1074.32070       1073.41536      4.8370         drrr_15+rrg 
I        122       1072.78911       1073.41536       1072.78911      5.2070        drrr_15+rroi 
I        140       1072.59966       1072.78911       1072.59966      5.4020        drrr_15+rroi 
I        207       1067.27614       1072.59966       1067.27614      6.0340        drrr_15+rrri 
I        221       1067.04164       1067.27614       1067.04164      6.1700         drrr_15+rrg 
I        225       1066.18833       1067.04164       1066.18833      6.2060         drrr_15+rrg 
I        227       1065.24818       1066.18833       1065.24818      6.2170        drrr_15+rrri 
I        234       1064.89000       1065.24818       1064.89000      6.2840         drrr_15+rrg 
I        244       1064.19950       1064.89000       1064.19950      6.4280         drrr_15+rrg 
I        253       1059.50005       1064.19950       1059.50005      6.4800        drrr_15+rroi 
I        259       1058.82544       1059.50005       1058.82544      6.8390        drrr_15+rroi 
I        274       1058.81477       1058.82544       1058.81477      6.9800         drrr_15+rrg 
I        275       1058.51318       1058.81477       1058.51318      6.9820        drrr_15+rrri 
I        284       1057.28788       1058.51318       1057.28788      7.0520         drrr_15+rrg 
I        297       1055.78852       1057.28788       1055.78852      7.1320         drrr_15+rrg 
I        423       1053.14056       1055.78852       1053.14056      7.8340        drrr_15+rrri 
I        451       1050.34406       1053.14056       1050.34406      7.9870         drrr_15+rrg 
I       1484       1049.35268       1050.34406       1049.35268     11.8320        drrr_15+rroi 
I       1517       1047.00363       1049.35268       1047.00363     12.1130        drrr_15+rroi 
I       1525       1046.10603       1047.00363       1046.10603     12.1920         drrr_15+rrg 
I       1553       1040.96668       1046.10603       1040.96668     12.5090        drrr_15+rroi 
I       1624       1039.97459       1040.96668       1039.97459     12.7760         drrr_15+rrg 
I       2441       1033.45625       1039.97459       1033.45625     15.2690        drrr_15+rroi 
I       2451       1025.90805       1033.45625       1025.90805     15.3300        drrr_15+rrri 
I       3134       1025.29817       1025.90805       1025.29817     17.4590        drrr_15+rroi 
I       4474       1024.87967       1025.29817       1024.87967     21.9300        drrr_15+rroi 
I       4925       1024.53722       1024.87967       1024.53722     23.4870        drrr_15+rrri 
I       4970       1024.31719       1024.53722       1024.31719     23.6460        drrr_15+rrri 
I       7148       1023.59444       1024.31719       1023.59444     29.4080        drrr_15+rrri 
I       7161       1021.86721       1023.59444       1021.86721     29.4430        drrr_15+rrri 
I       8285       1021.66402       1021.86721       1021.66402     32.3750         drrr_15+rrg 
I      11783       1021.44072       1021.66402       1021.44072     40.3370        drrr_15+rrri 
I      11787       1021.40431       1021.44072       1021.40431     40.3430        drrr_15+rrri 
I      11796       1020.48977       1021.40431       1020.48977     40.3640         drrr_15+rrg 
I      11803       1020.18062       1020.48977       1020.18062     40.3770        drrr_15+rrri 
I      11804       1019.93432       1020.18062       1019.93432     40.3790        drrr_15+rroi 
I      11810       1017.68390       1019.93432       1017.68390     40.3900        drrr_15+rrri 
I      11831       1017.04999       1017.68390       1017.04999     40.4620        drrr_15+rrri 
I      11843       1016.82995       1017.04999       1016.82995     40.4790         drrr_15+rrg 
I      11871       1016.64744       1016.82995       1016.64744     40.5610        drrr_15+rroi 
I      12969       1015.14808       1016.64744       1015.14808     43.1910        drrr_15+rrri 
I      15678       1014.90230       1015.14808       1014.90230     49.2470        drrr_15+rrri 
I      15795       1014.61899       1014.90230       1014.61899     49.5570         drrr_15+rrg 
I      15980       1013.88354       1014.61899       1013.88354     49.9090        drrr_15+rrri 
I      30000       1013.88354       1013.88354       1023.86185     79.3560        drrr_15+rrri 

Method statistics
S  method    iter  succ  succ-rate%  tot-obj-gain  avg-obj-gain  rel-succ%  net-time  net-time%  brut-time  brut-time%
S  con          1     1   100.00000  -98878.72077  -98878.72077    0.67114   0.95200    1.19966    0.95200     1.19966
S  drrr_15  29999    74     0.24667    -203.39569      -0.00678   49.66443   2.43600    3.06971    2.43600     3.06971
S  rrg      10088    28     0.27756     -85.16552      -0.00844   18.79195  34.58899   43.58711   34.58899    43.58711
S  rroi     10067    19     0.18874     -60.72336      -0.00603   12.75168  19.33801   24.36868   19.33801    24.36868
S  rrri      9844    27     0.27428     -57.50681      -0.00584   18.12081  21.44500   27.02379   21.44500    27.02379
S  SUM/AVG  59999   149     0.24834  -99285.51215      -1.65479   20.00000  78.76000   99.24895   78.76000    99.24895

T best solution: EADARPSolution(t_routing=1238.468, t_excess=340.131, obj_val=1013.884, obj_val_valid=true,
    unserved_requests=Int64[], F_visited=[202, 206, 205, 203, 201, 207, 204, 208], S_visited=Int64[],
    (1, ([193, 51, 147, 41, 17, 137, 113, 42, 138, 211, 64, 74, 46, 160, 142, 170, 27, 91, 123, 187, 31, 127, 201], [63.20310877162358], [10]))
    (2, ([194, 87, 183, 1, 97, 39, 135, 47, 143, 8, 14, 88, 104, 110, 184, 68, 164, 24, 120, 62, 3, 99, 158, 13, 109, 38, 134, 22, 118, 209, 202], [67.55877301838136], [30]))
    (3, ([195, 21, 117, 84, 20, 180, 75, 116, 171, 83, 40, 179, 136, 23, 59, 56, 119, 155, 85, 152, 181, 79, 175, 57, 153, 209, 203], [66.61275216653085], [26]))
    (4, ([196, 81, 177, 95, 92, 191, 188, 52, 76, 172, 148, 90, 25, 186, 121, 26, 80, 122, 176, 5, 101, 32, 128, 89, 185, 10, 28, 124, 45, 106, 141, 209, 204], [102.29292464447812], [32]))
    (5, ([197, 6, 102, 66, 35, 162, 131, 53, 149, 19, 115, 93, 189, 72, 77, 168, 173, 4, 100, 18, 114, 34, 130, 86, 36, 182, 132, 209, 205], [82.59563654280248], [28]))
    (6, ([198, 37, 49, 133, 145, 82, 178, 63, 159, 210, 30, 126, 50, 146, 12, 108, 54, 150, 206], [59.504569849352926], [10]))
    (7, ([199, 67, 163, 78, 174, 65, 161, 15, 111, 2, 98, 55, 48, 151, 58, 144, 154, 61, 7, 103, 157, 11, 107, 16, 112, 209, 207], [63.064468871096366], [26]))
    (8, ([200, 71, 73, 167, 60, 70, 169, 156, 166, 33, 129, 9, 43, 139, 105, 29, 125, 96, 192, 69, 44, 140, 165, 211, 94, 190, 208], [85.63534237851727], [24])))

T best obj: 1013.8835381559586
T best iteration: 15980
T total iterations: 30000
T best time [s]: 49.909
T total time [s]: 79.3560
