EADARP version ecec-dirty
ARGS: --ifile=EADARP/instances/random/r8-96-00000.txt  --gamma=0.7 --only_single_s_visits=false --odir=EADARP/solutions/random/r8-96-00000 --oname=run26
Settings:
--alns_gamma=0.025
--alns_segment_size=100
--alns_sigma1=10
--alns_sigma2=9
--alns_sigma3=3
--at_most_one_s=false
--gamma=0.7
--ifile=EADARP/instances/random/r8-96-00000.txt
--infeasible_arcs=EADARP/infeasible_arcs
--insert_charging_otf=true
--insert_cost_noise=0.014
--lns_init_temp_factor=0.0
--lns_temp_dec_factor=0.99
--log_all_sols_fname=
--mh_checkit=false
--mh_lfreq=0
--mh_lnewinc=true
--mh_tciter=-1
--mh_tctime=-1.0
--mh_titer=30000
--mh_tobj=-1.0
--mh_ttime=-1.0
--odir=EADARP/solutions/random/r8-96-00000
--ofile=
--oname=run26
--only_single_s_visits=false
--prepthreshold=0.1
--repair_max_routes=0
--route_based_ops=0
--seed=1905455743
--tightened_windows=EADARP/tightened_windows
--use_milp_in_otf=0
--xcheck_isfeasible=false

EADARPInstance(EADARP/instances/random/r8-96-00000.txt, n=96, n_K=8, S=[209, 210, 211], Q=14.85, n_F=8, γ=0.7, T_plan=720.0, F=[201, 202, 203, 204, 205, 206, 207, 208])

Percentage of arcs removed: 74.09537072392803%
Minimum Degree: 10
T preprocessing time [s]: 17.427
I       iter             best          obj_old          obj_new        time              method info
I          1       1188.13691     100096.00000       1188.13691      0.9020                 con 
I          4       1176.32498       1188.13691       1176.32498      1.1200        drrr_15+rroi 
I          5       1163.66182       1176.32498       1163.66182      1.1890         drrr_15+rrg 
I          6       1153.86778       1163.66182       1153.86778      1.2710        drrr_15+rrri 
I          8       1148.98063       1153.86778       1148.98063      1.4360         drrr_15+rrg 
I         14       1147.10836       1148.98063       1147.10836      1.8860        drrr_15+rrri 
I         25       1145.81552       1147.10836       1145.81552      2.3890        drrr_15+rroi 
I         29       1122.40108       1145.81552       1122.40108      2.5050        drrr_15+rroi 
I         30       1102.17119       1122.40108       1102.17119      2.5790         drrr_15+rrg 
I         31       1100.10516       1102.17119       1100.10516      2.6200        drrr_15+rrri 
I         32       1096.69507       1100.10516       1096.69507      2.6520         drrr_15+rrg 
I         35       1090.39032       1096.69507       1090.39032      2.8300         drrr_15+rrg 
I         38       1090.02682       1090.39032       1090.02682      3.0060        drrr_15+rroi 
I         41       1086.76242       1090.02682       1086.76242      3.1050        drrr_15+rrri 
I         48       1085.69424       1086.76242       1085.69424      3.3770        drrr_15+rrri 
I         51       1084.72352       1085.69424       1084.72352      3.4430        drrr_15+rroi 
I         60       1079.69419       1084.72352       1079.69419      3.6410        drrr_15+rroi 
I         61       1074.98547       1079.69419       1074.98547      3.6610         drrr_15+rrg 
I         66       1073.92403       1074.98547       1073.92403      3.8060         drrr_15+rrg 
I         69       1073.69603       1073.92403       1073.69603      3.8700        drrr_15+rroi 
I         70       1071.98380       1073.69603       1071.98380      3.9360         drrr_15+rrg 
I         72       1069.74706       1071.98380       1069.74706      3.9970        drrr_15+rrri 
I         78       1067.80506       1069.74706       1067.80506      4.1840        drrr_15+rrri 
I         81       1067.78537       1067.80506       1067.78537      4.2330         drrr_15+rrg 
I         84       1064.88637       1067.78537       1064.88637      4.2940        drrr_15+rroi 
I         92       1064.56053       1064.88637       1064.56053      4.4210        drrr_15+rrri 
I         93       1063.23337       1064.56053       1063.23337      4.4530        drrr_15+rroi 
I        100       1059.66459       1063.23337       1059.66459      4.6120        drrr_15+rrri 
I        171       1059.38360       1059.66459       1059.38360      5.3570        drrr_15+rroi 
I        186       1059.28919       1059.38360       1059.28919      5.4790        drrr_15+rroi 
I        190       1058.18967       1059.28919       1058.18967      5.5320         drrr_15+rrg 
I        191       1057.19280       1058.18967       1057.19280      5.5390         drrr_15+rrg 
I        204       1056.26577       1057.19280       1056.26577      5.7530         drrr_15+rrg 
I        227       1056.18178       1056.26577       1056.18178      6.0720        drrr_15+rrri 
I        250       1055.53435       1056.18178       1055.53435      6.5310        drrr_15+rrri 
I        251       1054.62790       1055.53435       1054.62790      6.5350        drrr_15+rrri 
I        254       1054.23328       1054.62790       1054.23328      6.5510        drrr_15+rrri 
I        295       1053.99169       1054.23328       1053.99169      6.8610        drrr_15+rrri 
I        302       1053.89909       1053.99169       1053.89909      6.9030         drrr_15+rrg 
I        307       1053.15666       1053.89909       1053.15666      6.9360        drrr_15+rrri 
I        308       1050.60279       1053.15666       1050.60279      6.9560         drrr_15+rrg 
I        319       1050.43110       1050.60279       1050.43110      7.0500         drrr_15+rrg 
I        322       1047.04410       1050.43110       1047.04410      7.1170        drrr_15+rrri 
I        325       1046.89476       1047.04410       1046.89476      7.1470         drrr_15+rrg 
I        328       1046.43598       1046.89476       1046.43598      7.1640        drrr_15+rrri 
I        333       1046.21594       1046.43598       1046.21594      7.1890        drrr_15+rrri 
I        375       1046.19659       1046.21594       1046.19659      7.4440        drrr_15+rrri 
I        387       1043.34057       1046.19659       1043.34057      7.5010         drrr_15+rrg 
I        457       1042.02216       1043.34057       1042.02216      7.7950         drrr_15+rrg 
I        511       1041.77881       1042.02216       1041.77881      8.2290        drrr_15+rrri 
I        525       1041.05628       1041.77881       1041.05628      8.4160        drrr_15+rroi 
I        595       1041.04584       1041.05628       1041.04584      8.8720        drrr_15+rroi 
I        648       1040.95143       1041.04584       1040.95143      9.1870        drrr_15+rrri 
I        710       1040.90568       1040.95143       1040.90568      9.4820        drrr_15+rroi 
I        763       1039.76292       1040.90568       1039.76292      9.6540        drrr_15+rrri 
I        767       1039.66152       1039.76292       1039.66152      9.6760        drrr_15+rrri 
I        786       1038.73449       1039.66152       1038.73449      9.7220        drrr_15+rrri 
I       2140       1037.98836       1038.73449       1037.98836     14.2160         drrr_15+rrg 
I       2145       1036.84008       1037.98836       1036.84008     14.2370        drrr_15+rroi 
I       2159       1036.63361       1036.84008       1036.63361     14.3040        drrr_15+rrri 
I       2214       1036.52876       1036.63361       1036.52876     14.4920        drrr_15+rrri 
I      10238       1032.86854       1036.52876       1032.86854     33.7790        drrr_15+rroi 
I      17222       1032.85077       1032.86854       1032.85077     49.1390        drrr_15+rroi 
I      17232       1030.41300       1032.85077       1030.41300     49.1760        drrr_15+rroi 
I      17276       1030.30814       1030.41300       1030.30814     49.3120         drrr_15+rrg 
I      17327       1029.28613       1030.30814       1029.28613     49.4290        drrr_15+rroi 
I      17329       1028.80553       1029.28613       1028.80553     49.4780        drrr_15+rroi 
I      17333       1028.71111       1028.80553       1028.71111     49.4810        drrr_15+rroi 
I      17352       1028.56913       1028.71111       1028.56913     49.5260        drrr_15+rrri 
I      17353       1026.54223       1028.56913       1026.54223     49.5270        drrr_15+rroi 
I      17360       1025.38211       1026.54223       1025.38211     49.5400         drrr_15+rrg 
I      17435       1025.27725       1025.38211       1025.27725     49.7120         drrr_15+rrg 
I      17505       1025.18283       1025.27725       1025.18283     49.8780        drrr_15+rroi 
I      17602       1024.62085       1025.18283       1024.62085     50.0930         drrr_15+rrg 
I      17884       1024.10942       1024.62085       1024.10942     50.7670        drrr_15+rrri 
I      18076       1023.86780       1024.10942       1023.86780     51.2040        drrr_15+rroi 
I      18101       1022.04062       1023.86780       1022.04062     51.2830        drrr_15+rroi 
I      18144       1021.94621       1022.04062       1021.94621     51.3870        drrr_15+rrri 
I      18586       1021.93661       1021.94621       1021.93661     52.3400        drrr_15+rroi 
I      18597       1021.39572       1021.93661       1021.39572     52.3590        drrr_15+rrri 
I      19664       1021.20646       1021.39572       1021.20646     54.6530         drrr_15+rrg 
I      19768       1021.16390       1021.20646       1021.16390     54.9000        drrr_15+rroi 
I      21317       1020.96997       1021.16390       1020.96997     58.3630        drrr_15+rroi 
I      21435       1020.35128       1020.96997       1020.35128     58.6810        drrr_15+rroi 
I      21686       1020.20623       1020.35128       1020.20623     59.3660        drrr_15+rrri 
I      21688       1019.79310       1020.20623       1019.79310     59.3720         drrr_15+rrg 
I      21722       1018.36470       1019.79310       1018.36470     59.4620        drrr_15+rrri 
I      21858       1017.70449       1018.36470       1017.70449     59.8010         drrr_15+rrg 
I      22585       1017.12673       1017.70449       1017.12673     61.9060        drrr_15+rrri 
I      30000       1017.12673       1017.12673       1033.06526     79.3810         drrr_15+rrg 

Method statistics
S  method    iter  succ  succ-rate%  tot-obj-gain  avg-obj-gain  rel-succ%  net-time  net-time%  brut-time  brut-time%
S  con          1     1   100.00000  -98907.86309  -98907.86309    0.56497   0.90200    1.13629    0.90200     1.13629
S  drrr_15  29999    88     0.29334    -171.01019      -0.00570   49.71751   2.28400    2.87726    2.28400     2.87726
S  rrg       9996    26     0.26010     -69.10301      -0.00691   14.68927  34.71601   43.73339   34.71601    43.73339
S  rroi     10020    29     0.28942     -62.40701      -0.00623   16.38418  19.85398   25.01100   19.85398    25.01100
S  rrri      9983    33     0.33056     -39.50017      -0.00396   18.64407  21.12901   26.61722   21.12901    26.61722
S  SUM/AVG  59999   177     0.29500  -99249.88346      -1.65419   20.00000  78.88500   99.37517   78.88500    99.37517

T best solution: EADARPSolution(t_routing=1245.672, t_excess=331.491, obj_val=1017.127, obj_val_valid=true,
    unserved_requests=Int64[], F_visited=[208, 202, 201, 206, 203, 207, 204, 205], S_visited=Int64[],
    (1, ([193, 21, 117, 84, 20, 180, 116, 8, 14, 88, 104, 110, 184, 29, 125, 96, 192, 69, 44, 140, 165, 34, 130, 86, 36, 182, 132, 209, 201], [69.69084436442895], [28]))
    (2, ([194, 81, 177, 92, 95, 39, 191, 188, 135, 47, 143, 19, 115, 93, 189, 5, 101, 32, 128, 211, 18, 114, 94, 190, 202], [74.44429306251635], [20]))
    (3, ([195, 6, 102, 66, 35, 162, 131, 82, 178, 64, 74, 46, 160, 142, 170, 4, 100, 28, 124, 16, 112, 209, 203], [40.10277862789357], [22]))
    (4, ([196, 87, 183, 1, 97, 65, 161, 23, 119, 26, 80, 122, 176, 62, 158, 13, 109, 38, 134, 22, 118, 209, 204], [45.7661275190643], [22]))
    (5, ([197, 51, 147, 41, 17, 137, 113, 42, 138, 53, 149, 63, 159, 90, 25, 121, 186, 68, 164, 24, 120, 3, 99, 89, 185, 11, 10, 107, 45, 106, 141, 209, 205], [139.7460266336295], [32]))
    (6, ([198, 71, 73, 167, 60, 70, 169, 156, 166, 43, 9, 139, 105, 15, 111, 2, 59, 98, 56, 155, 85, 152, 181, 55, 48, 151, 58, 144, 154, 61, 7, 103, 157, 79, 175, 57, 153, 209, 206], [143.05784049156952], [38]))
    (7, ([199, 37, 49, 133, 145, 52, 76, 172, 148, 72, 77, 168, 173, 27, 91, 123, 187, 31, 127, 209, 207], [40.840356823021686], [20]))
    (8, ([200, 67, 163, 78, 174, 33, 129, 75, 171, 83, 40, 179, 136, 30, 126, 50, 146, 12, 108, 54, 150, 209, 208], [44.023650901539355], [22])))

T best obj: 1017.1267285040401
T best iteration: 22585
T total iterations: 30000
T best time [s]: 61.906
T total time [s]: 79.3810
