EADARP version ecec-dirty
ARGS: --ifile=EADARP/instances/random/r8-96-00000.txt  --gamma=0.7 --only_single_s_visits=false --odir=EADARP/solutions/random/r8-96-00000 --oname=run24
Settings:
--alns_gamma=0.025
--alns_segment_size=100
--alns_sigma1=10
--alns_sigma2=9
--alns_sigma3=3
--at_most_one_s=false
--gamma=0.7
--ifile=EADARP/instances/random/r8-96-00000.txt
--infeasible_arcs=EADARP/infeasible_arcs
--insert_charging_otf=true
--insert_cost_noise=0.014
--lns_init_temp_factor=0.0
--lns_temp_dec_factor=0.99
--log_all_sols_fname=
--mh_checkit=false
--mh_lfreq=0
--mh_lnewinc=true
--mh_tciter=-1
--mh_tctime=-1.0
--mh_titer=30000
--mh_tobj=-1.0
--mh_ttime=-1.0
--odir=EADARP/solutions/random/r8-96-00000
--ofile=
--oname=run24
--only_single_s_visits=false
--prepthreshold=0.1
--repair_max_routes=0
--route_based_ops=0
--seed=1382385583
--tightened_windows=EADARP/tightened_windows
--use_milp_in_otf=0
--xcheck_isfeasible=false

EADARPInstance(EADARP/instances/random/r8-96-00000.txt, n=96, n_K=8, S=[209, 210, 211], Q=14.85, n_F=8, γ=0.7, T_plan=720.0, F=[201, 202, 203, 204, 205, 206, 207, 208])

Percentage of arcs removed: 74.09537072392803%
Minimum Degree: 10
T preprocessing time [s]: 19.734
I       iter             best          obj_old          obj_new        time              method info
I          1       1195.43528     100096.00000       1195.43528      1.2750                 con 
I          3       1180.87596       1195.43528       1180.87596      1.5890        drrr_15+rrri 
I          4       1171.32304       1180.87596       1171.32304      1.7920        drrr_15+rroi 
I          5       1155.45459       1171.32304       1155.45459      1.8780         drrr_15+rrg 
I          6       1151.48401       1155.45459       1151.48401      1.9290        drrr_15+rroi 
I          8       1145.28348       1151.48401       1145.28348      2.1700         drrr_15+rrg 
I          9       1136.01312       1145.28348       1136.01312      2.2680        drrr_15+rrri 
I         10       1135.80810       1136.01312       1135.80810      2.4440        drrr_15+rroi 
I         13       1135.04885       1135.80810       1135.04885      2.6080        drrr_15+rroi 
I         15       1131.34147       1135.04885       1131.34147      2.8040        drrr_15+rrri 
I         17       1129.78057       1131.34147       1129.78057      2.9420         drrr_15+rrg 
I         19       1127.27083       1129.78057       1127.27083      3.0980        drrr_15+rrri 
I         21       1119.87785       1127.27083       1119.87785      3.1810        drrr_15+rrri 
I         23       1115.39056       1119.87785       1115.39056      3.3260        drrr_15+rrri 
I         24       1111.31723       1115.39056       1111.31723      3.3680        drrr_15+rroi 
I         25       1110.08634       1111.31723       1110.08634      3.4520        drrr_15+rroi 
I         28       1104.46321       1110.08634       1104.46321      3.6720        drrr_15+rroi 
I         30       1100.44117       1104.46321       1100.44117      3.9180        drrr_15+rrri 
I         31       1099.52526       1100.44117       1099.52526      3.9960         drrr_15+rrg 
I         33       1097.61224       1099.52526       1097.61224      4.1480        drrr_15+rroi 
I         35       1094.23621       1097.61224       1094.23621      4.2450        drrr_15+rroi 
I         36       1093.88907       1094.23621       1093.88907      4.2690         drrr_15+rrg 
I         40       1087.01339       1093.88907       1087.01339      4.4370         drrr_15+rrg 
I         41       1085.95004       1087.01339       1085.95004      4.4450        drrr_15+rroi 
I         47       1084.88685       1085.95004       1084.88685      4.5500         drrr_15+rrg 
I         54       1084.21749       1084.88685       1084.21749      4.6720        drrr_15+rrri 
I         79       1079.75674       1084.21749       1079.75674      5.0780        drrr_15+rrri 
I        103       1079.01760       1079.75674       1079.01760      5.6130         drrr_15+rrg 
I        135       1078.77532       1079.01760       1078.77532      6.0380        drrr_15+rroi 
I        154       1075.49958       1078.77532       1075.49958      6.1520         drrr_15+rrg 
I        164       1075.00859       1075.49958       1075.00859      6.2980        drrr_15+rroi 
I        190       1074.47919       1075.00859       1074.47919      6.5400        drrr_15+rrri 
I        201       1073.56667       1074.47919       1073.56667      6.6390        drrr_15+rrri 
I        203       1072.93111       1073.56667       1072.93111      6.6520        drrr_15+rroi 
I        208       1071.89177       1072.93111       1071.89177      6.7010        drrr_15+rrri 
I        228       1071.66377       1071.89177       1071.66377      6.8630         drrr_15+rrg 
I        239       1071.55891       1071.66377       1071.55891      6.9140         drrr_15+rrg 
I        275       1070.42295       1071.55891       1070.42295      7.1360         drrr_15+rrg 
I        450       1068.03510       1070.42295       1068.03510      8.1920        drrr_15+rroi 
I        462       1067.58088       1068.03510       1067.58088      8.2590        drrr_15+rroi 
I        473       1066.31765       1067.58088       1066.31765      8.3880        drrr_15+rrri 
I        477       1061.34370       1066.31765       1061.34370      8.4180         drrr_15+rrg 
I        484       1059.60385       1061.34370       1059.60385      8.4380         drrr_15+rrg 
I        491       1059.50965       1059.60385       1059.50965      8.4980        drrr_15+rroi 
I        497       1057.14382       1059.50965       1057.14382      8.5340         drrr_15+rrg 
I        498       1056.64738       1057.14382       1056.64738      8.5480         drrr_15+rrg 
I        559       1056.41417       1056.64738       1056.41417      8.8840        drrr_15+rroi 
I        574       1055.42208       1056.41417       1055.42208      8.9790        drrr_15+rroi 
I        845       1053.48517       1055.42208       1053.48517     10.0880        drrr_15+rrri 
I        865       1053.00858       1053.48517       1053.00858     10.2580         drrr_15+rrg 
I        886       1052.57063       1053.00858       1052.57063     10.4110        drrr_15+rroi 
I        929       1052.03820       1052.57063       1052.03820     10.6100        drrr_15+rroi 
I        980       1050.27292       1052.03820       1050.27292     10.8520        drrr_15+rroi 
I       1048       1049.62696       1050.27292       1049.62696     11.3090        drrr_15+rroi 
I       1094       1047.48169       1049.62696       1047.48169     11.7470        drrr_15+rroi 
I       1146       1046.79785       1047.48169       1046.79785     12.1320         drrr_15+rrg 
I       1181       1046.23967       1046.79785       1046.23967     12.3680        drrr_15+rroi 
I       1279       1045.79403       1046.23967       1045.79403     12.8230        drrr_15+rrri 
I       1302       1044.80194       1045.79403       1044.80194     13.0120         drrr_15+rrg 
I       1387       1043.32984       1044.80194       1043.32984     13.3680         drrr_15+rrg 
I       1388       1042.40151       1043.32984       1042.40151     13.3720         drrr_15+rrg 
I       1429       1042.38968       1042.40151       1042.38968     13.5220        drrr_15+rroi 
I       1660       1040.41638       1042.38968       1040.41638     14.3780        drrr_15+rroi 
I       1694       1040.21171       1040.41638       1040.21171     14.7640        drrr_15+rrri 
I       1731       1040.00747       1040.21171       1040.00747     14.9820        drrr_15+rrri 
I       1739       1039.99564       1040.00747       1039.99564     15.0330         drrr_15+rrg 
I       2395       1039.83090       1039.99564       1039.83090     17.4030        drrr_15+rrri 
I       2424       1039.61086       1039.83090       1039.61086     17.5480         drrr_15+rrg 
I       2429       1039.60295       1039.61086       1039.60295     17.5540        drrr_15+rrri 
I       2448       1038.36383       1039.60295       1038.36383     17.5980        drrr_15+rrri 
I       2465       1038.25887       1038.36383       1038.25887     17.6780         drrr_15+rrg 
I       2486       1037.66647       1038.25887       1037.66647     17.7480        drrr_15+rrri 
I       2532       1037.45040       1037.66647       1037.45040     17.8630        drrr_15+rrri 
I       2646       1037.44093       1037.45040       1037.44093     18.2120        drrr_15+rrri 
I       3159       1036.21832       1037.44093       1036.21832     19.7310        drrr_15+rrri 
I       5422       1031.96852       1036.21832       1031.96852     25.5730         drrr_15+rrg 
I       5441       1031.87411       1031.96852       1031.87411     25.6530         drrr_15+rrg 
I       5455       1030.72159       1031.87411       1030.72159     25.6960         drrr_15+rrg 
I       5477       1030.50552       1030.72159       1030.50552     25.8080        drrr_15+rrri 
I       5484       1030.31445       1030.50552       1030.31445     25.8230        drrr_15+rroi 
I       5491       1029.66659       1030.31445       1029.66659     25.8380        drrr_15+rrri 
I       5676       1029.14764       1029.66659       1029.14764     26.2780         drrr_15+rrg 
I       5708       1027.01308       1029.14764       1027.01308     26.3790        drrr_15+rrri 
I      10828       1026.88627       1027.01308       1026.88627     38.1140        drrr_15+rroi 
I      10833       1024.75054       1026.88627       1024.75054     38.1210        drrr_15+rrri 
I      10848       1023.99573       1024.75054       1023.99573     38.1620        drrr_15+rrri 
I      10857       1023.76773       1023.99573       1023.76773     38.2020         drrr_15+rrg 
I      11027       1023.55165       1023.76773       1023.55165     38.6160         drrr_15+rrg 
I      11568       1022.06159       1023.55165       1022.06159     39.7760         drrr_15+rrg 
I      11756       1021.84551       1022.06159       1021.84551     40.1940        drrr_15+rroi 
I      30000       1021.84551       1021.84551       1041.83663     78.8310        drrr_15+rroi 

Method statistics
S  method    iter  succ  succ-rate%  tot-obj-gain  avg-obj-gain  rel-succ%  net-time  net-time%  brut-time  brut-time%
S  con          1     1   100.00000  -98900.56472  -98900.56472    0.55866   1.27500    1.61738    1.27500     1.61738
S  drrr_15  29999    89     0.29668    -173.58976      -0.00579   49.72067   2.25900    2.86562    2.25900     2.86562
S  rrg       9983    31     0.31053     -60.73113      -0.00608   17.31844  33.88799   42.98816   33.88799    42.98816
S  rroi     10012    29     0.28965     -45.90210      -0.00458   16.20112  19.34900   24.54491   19.34900    24.54491
S  rrri     10004    29     0.28988     -66.95653      -0.00669   16.20112  21.53301   27.31541   21.53301    27.31541
S  SUM/AVG  59999   179     0.29834  -99247.74425      -1.65416   20.00000  78.30400   99.33149   78.30400    99.33149

T best solution: EADARPSolution(t_routing=1260.734, t_excess=305.18, obj_val=1021.846, obj_val_valid=true,
    unserved_requests=Int64[], F_visited=[204, 201, 206, 205, 202, 203, 207, 208], S_visited=Int64[],
    (1, ([193, 71, 73, 167, 169, 47, 143, 8, 14, 88, 104, 110, 184, 68, 164, 62, 158, 86, 36, 182, 132, 54, 150, 209, 201], [47.32735404619899], [24]))
    (2, ([194, 67, 163, 78, 174, 43, 9, 139, 105, 75, 171, 64, 74, 46, 160, 142, 170, 90, 25, 186, 121, 26, 80, 122, 176, 24, 120, 3, 99, 209, 202], [75.81583793525353], [30]))
    (3, ([195, 6, 102, 66, 162, 21, 117, 52, 76, 172, 148, 29, 125, 96, 192, 79, 175, 57, 153, 91, 187, 38, 134, 209, 203], [69.0384133469913], [24]))
    (4, ([196, 87, 183, 1, 97, 35, 42, 131, 138, 83, 40, 179, 136, 2, 59, 98, 56, 155, 152, 12, 108, 61, 7, 103, 157, 11, 10, 107, 45, 106, 141, 209, 204], [131.2987474879085], [32]))
    (5, ([197, 37, 49, 133, 145, 82, 33, 129, 178, 63, 159, 210, 30, 126, 50, 146, 27, 22, 123, 118, 31, 127, 205], [68.8222254463192], [12]))
    (6, ([198, 81, 177, 92, 95, 39, 191, 188, 135, 84, 20, 180, 116, 53, 149, 19, 115, 93, 189, 85, 181, 55, 48, 151, 58, 144, 154, 18, 114, 34, 130, 209, 206], [107.91378893649906], [32]))
    (7, ([199, 70, 60, 156, 166, 65, 161, 15, 111, 23, 119, 5, 101, 32, 128, 89, 185, 13, 109, 69, 44, 140, 165, 211, 94, 190, 209, 207], [90.29880043132539, 3.7982917303568375], [24, 27]))
    (8, ([200, 51, 147, 41, 17, 137, 113, 72, 77, 168, 173, 4, 100, 28, 124, 16, 112, 209, 208], [18.420513162614878], [18])))

T best obj: 1021.84551486929
T best iteration: 11756
T total iterations: 30000
T best time [s]: 40.194
T total time [s]: 78.8310
