EADARP version ecec-dirty
ARGS: --ifile=EADARP/instances/random/r8-96-00000.txt  --gamma=0.7 --only_single_s_visits=false --odir=EADARP/solutions/random/r8-96-00000 --oname=run23
Settings:
--alns_gamma=0.025
--alns_segment_size=100
--alns_sigma1=10
--alns_sigma2=9
--alns_sigma3=3
--at_most_one_s=false
--gamma=0.7
--ifile=EADARP/instances/random/r8-96-00000.txt
--infeasible_arcs=EADARP/infeasible_arcs
--insert_charging_otf=true
--insert_cost_noise=0.014
--lns_init_temp_factor=0.0
--lns_temp_dec_factor=0.99
--log_all_sols_fname=
--mh_checkit=false
--mh_lfreq=0
--mh_lnewinc=true
--mh_tciter=-1
--mh_tctime=-1.0
--mh_titer=30000
--mh_tobj=-1.0
--mh_ttime=-1.0
--odir=EADARP/solutions/random/r8-96-00000
--ofile=
--oname=run23
--only_single_s_visits=false
--prepthreshold=0.1
--repair_max_routes=0
--route_based_ops=0
--seed=692076919
--tightened_windows=EADARP/tightened_windows
--use_milp_in_otf=0
--xcheck_isfeasible=false

EADARPInstance(EADARP/instances/random/r8-96-00000.txt, n=96, n_K=8, S=[209, 210, 211], Q=14.85, n_F=8, γ=0.7, T_plan=720.0, F=[201, 202, 203, 204, 205, 206, 207, 208])

Percentage of arcs removed: 74.09537072392803%
Minimum Degree: 10
T preprocessing time [s]: 19.133
I       iter             best          obj_old          obj_new        time              method info
I          1       1190.85724     100096.00000       1190.85724      0.9690                 con 
I          4       1179.79250       1190.85724       1179.79250      1.3370        drrr_15+rrri 
I          7       1175.41310       1179.79250       1175.41310      1.7130        drrr_15+rroi 
I          8       1174.95006       1175.41310       1174.95006      1.8000        drrr_15+rrri 
I          9       1168.51525       1174.95006       1168.51525      1.8250        drrr_15+rrri 
I         10       1151.01772       1168.51525       1151.01772      1.9000        drrr_15+rroi 
I         11       1144.13348       1151.01772       1144.13348      2.0150        drrr_15+rrri 
I         12       1131.01174       1144.13348       1131.01174      2.0770        drrr_15+rrri 
I         13       1130.75958       1131.01174       1130.75958      2.1670         drrr_15+rrg 
I         14       1124.89330       1130.75958       1124.89330      2.2450        drrr_15+rrri 
I         16       1123.97526       1124.89330       1123.97526      2.3600        drrr_15+rrri 
I         18       1123.80320       1123.97526       1123.80320      2.5970        drrr_15+rroi 
I         23       1122.55171       1123.80320       1122.55171      3.0260         drrr_15+rrg 
I         25       1117.01558       1122.55171       1117.01558      3.0510        drrr_15+rroi 
I         26       1111.80929       1117.01558       1111.80929      3.0950        drrr_15+rrri 
I         27       1108.34803       1111.80929       1108.34803      3.2450        drrr_15+rroi 
I         36       1106.49410       1108.34803       1106.49410      3.8830         drrr_15+rrg 
I         44       1106.26375       1106.49410       1106.26375      4.1460        drrr_15+rrri 
I         52       1105.67196       1106.26375       1105.67196      4.2970        drrr_15+rrri 
I         53       1104.50647       1105.67196       1104.50647      4.2970        drrr_15+rroi 
I         68       1100.43895       1104.50647       1100.43895      4.6590         drrr_15+rrg 
I         71       1099.31136       1100.43895       1099.31136      4.7320         drrr_15+rrg 
I         73       1099.15403       1099.31136       1099.15403      4.7860         drrr_15+rrg 
I         79       1096.97514       1099.15403       1096.97514      4.9050        drrr_15+rroi 
I        107       1095.25078       1096.97514       1095.25078      5.4210        drrr_15+rrri 
I        109       1094.90827       1095.25078       1094.90827      5.4660        drrr_15+rrri 
I        112       1092.24674       1094.90827       1092.24674      5.5070        drrr_15+rroi 
I        115       1091.52723       1092.24674       1091.52723      5.5490        drrr_15+rroi 
I        136       1090.93845       1091.52723       1090.93845      5.8190        drrr_15+rrri 
I        137       1086.97787       1090.93845       1086.97787      5.8670         drrr_15+rrg 
I        140       1085.00766       1086.97787       1085.00766      5.9220        drrr_15+rrri 
I        142       1083.54610       1085.00766       1083.54610      5.9710         drrr_15+rrg 
I        144       1078.36207       1083.54610       1078.36207      6.0530         drrr_15+rrg 
I        148       1077.13677       1078.36207       1077.13677      6.2350         drrr_15+rrg 
I        154       1076.47410       1077.13677       1076.47410      6.3870        drrr_15+rroi 
I        156       1075.00722       1076.47410       1075.00722      6.4190        drrr_15+rrri 
I        192       1074.92083       1075.00722       1074.92083      6.8450         drrr_15+rrg 
I        202       1073.19889       1074.92083       1073.19889      6.9490        drrr_15+rrri 
I        204       1071.47166       1073.19889       1071.47166      6.9810        drrr_15+rrri 
I        233       1071.26384       1071.47166       1071.26384      7.3590        drrr_15+rroi 
I        403       1067.17936       1071.26384       1067.17936      8.5450         drrr_15+rrg 
I        406       1065.98167       1067.17936       1065.98167      8.6080        drrr_15+rrri 
I        422       1063.75371       1065.98167       1063.75371      8.7550        drrr_15+rrri 
I        452       1063.33083       1063.75371       1063.33083      8.9690        drrr_15+rrri 
I        754       1056.58446       1063.33083       1056.58446     10.2450         drrr_15+rrg 
I        755       1056.23231       1056.58446       1056.23231     10.2650         drrr_15+rrg 
I        766       1055.32800       1056.23231       1055.32800     10.3010        drrr_15+rroi 
I        794       1054.26674       1055.32800       1054.26674     10.3980         drrr_15+rrg 
I        806       1053.98174       1054.26674       1053.98174     10.4660        drrr_15+rroi 
I        844       1053.95946       1053.98174       1053.95946     10.6420        drrr_15+rroi 
I        854       1053.49768       1053.95946       1053.49768     10.6820         drrr_15+rrg 
I        915       1049.93937       1053.49768       1049.93937     10.8510        drrr_15+rroi 
I        935       1049.79287       1049.93937       1049.79287     11.0220        drrr_15+rrri 
I        949       1048.51942       1049.79287       1048.51942     11.0800         drrr_15+rrg 
I       4900       1048.19114       1048.51942       1048.19114     22.1260        drrr_15+rroi 
I       4909       1046.78421       1048.19114       1046.78421     22.1700        drrr_15+rroi 
I       5025       1046.77974       1046.78421       1046.77974     22.5500        drrr_15+rrri 
I       5083       1046.48166       1046.77974       1046.48166     22.6850         drrr_15+rrg 
I       5091       1046.48166       1046.48166       1046.48166     22.7150        drrr_15+rroi 
I       5092       1046.37919       1046.48166       1046.37919     22.7150        drrr_15+rrri 
I       5119       1045.57030       1046.37919       1045.57030     22.8150        drrr_15+rrri 
I       5189       1044.30670       1045.57030       1044.30670     23.0390        drrr_15+rroi 
I       5227       1044.18897       1044.30670       1044.18897     23.1550         drrr_15+rrg 
I       5343       1043.90269       1044.18897       1043.90269     23.4770        drrr_15+rrri 
I       5363       1042.68441       1043.90269       1042.68441     23.5780        drrr_15+rroi 
I       6852       1042.27597       1042.68441       1042.27597     27.5130        drrr_15+rrri 
I       7491       1041.95047       1042.27597       1041.95047     29.0830        drrr_15+rroi 
I       7601       1041.59760       1041.95047       1041.59760     29.4010        drrr_15+rrri 
I       7795       1040.74100       1041.59760       1040.74100     29.8650        drrr_15+rroi 
I       7823       1038.78303       1040.74100       1038.78303     29.9250        drrr_15+rroi 
I       7826       1037.79094       1038.78303       1037.79094     29.9310         drrr_15+rrg 
I       7858       1036.85617       1037.79094       1036.85617     30.0100         drrr_15+rrg 
I       9102       1031.07894       1036.85617       1031.07894     32.8660        drrr_15+rrri 
I       9507       1030.75666       1031.07894       1030.75666     33.9110        drrr_15+rrri 
I       9564       1029.81729       1030.75666       1029.81729     34.0170        drrr_15+rroi 
I       9756       1029.26598       1029.81729       1029.26598     34.4770        drrr_15+rrri 
I      11005       1028.73280       1029.26598       1028.73280     37.4850        drrr_15+rroi 
I      13944       1027.99481       1028.73280       1027.99481     44.0110        drrr_15+rrri 
I      14166       1027.49684       1027.99481       1027.49684     44.5260        drrr_15+rroi 
I      14197       1026.50475       1027.49684       1026.50475     44.5870        drrr_15+rrri 
I      14216       1026.36047       1026.50475       1026.36047     44.6190        drrr_15+rrri 
I      14320       1026.28868       1026.36047       1026.28868     44.8650         drrr_15+rrg 
I      14360       1025.37691       1026.28868       1025.37691     44.9590        drrr_15+rrri 
I      14373       1023.50760       1025.37691       1023.50760     45.0110        drrr_15+rroi 
I      14393       1021.27593       1023.50760       1021.27593     45.0510        drrr_15+rroi 
I      30000       1021.27593       1021.27593       1031.44487     78.6510        drrr_15+rroi 

Method statistics
S  method    iter  succ  succ-rate%  tot-obj-gain  avg-obj-gain  rel-succ%  net-time  net-time%  brut-time  brut-time%
S  con          1     1   100.00000  -98905.14276  -98905.14276    0.59172   0.96900    1.23203    0.96900     1.23203
S  drrr_15  29999    84     0.28001    -169.58131      -0.00565   49.70414   2.38800    3.03620    2.38800     3.03620
S  rrg       9969    22     0.22068     -37.02182      -0.00371   13.01775  33.60699   42.72926   33.60699    42.72926
S  rroi     10044    28     0.27877     -56.84083      -0.00566   16.56805  19.77700   25.14526   19.77700    25.14526
S  rrri      9986    34     0.34048     -75.71865      -0.00758   20.11834  21.27401   27.04862   21.27401    27.04862
S  SUM/AVG  59999   169     0.28167  -99244.30538      -1.65410   20.00000  78.01500   99.19137   78.01500    99.19137

T best solution: EADARPSolution(t_routing=1253.377, t_excess=324.973, obj_val=1021.276, obj_val_valid=true,
    unserved_requests=Int64[], F_visited=[207, 205, 203, 204, 202, 206, 208, 201], S_visited=Int64[],
    (1, ([193, 81, 177, 95, 92, 191, 188, 19, 115, 93, 189, 56, 80, 176, 152, 12, 108, 54, 150, 209, 201], [46.47200112347461], [20]))
    (2, ([194, 87, 183, 1, 97, 35, 42, 131, 138, 33, 129, 53, 149, 63, 159, 69, 44, 140, 165, 211, 94, 190, 202], [86.88631316190374], [20]))
    (3, ([195, 51, 147, 41, 17, 113, 137, 21, 117, 52, 76, 172, 148, 72, 77, 168, 173, 4, 100, 18, 114, 28, 124, 16, 112, 209, 203], [75.64556591584177], [26]))
    (4, ([196, 6, 102, 66, 162, 75, 171, 83, 40, 179, 136, 30, 126, 50, 146, 27, 91, 123, 187, 31, 127, 209, 204], [35.72811437924638], [22]))
    (5, ([197, 70, 60, 156, 166, 39, 135, 84, 20, 180, 116, 64, 74, 46, 160, 142, 170, 90, 25, 186, 121, 26, 122, 5, 101, 32, 128, 89, 185, 13, 109, 38, 134, 22, 118, 209, 205], [119.20677078006644], [36]))
    (6, ([198, 37, 49, 133, 145, 82, 178, 43, 139, 8, 14, 88, 104, 110, 184, 68, 164, 96, 192, 79, 175, 57, 153, 34, 130, 209, 206], [98.20365439645221], [26]))
    (7, ([199, 67, 163, 78, 174, 65, 9, 161, 105, 29, 125, 24, 120, 62, 3, 99, 158, 86, 36, 182, 132, 209, 207], [39.30231228866816], [22]))
    (8, ([200, 71, 73, 167, 169, 47, 143, 15, 111, 23, 2, 59, 98, 119, 155, 85, 181, 55, 48, 151, 58, 144, 154, 61, 7, 103, 157, 11, 10, 107, 45, 106, 141, 209, 208], [103.93217759213772], [34])))

T best obj: 1021.2759306545975
T best iteration: 14393
T total iterations: 30000
T best time [s]: 45.051
T total time [s]: 78.6510
