EADARP version ecec-dirty
ARGS: --ifile=EADARP/instances/random/r8-96-00000.txt  --gamma=0.7 --only_single_s_visits=false --odir=EADARP/solutions/random/r8-96-00000 --oname=run31
Settings:
--alns_gamma=0.025
--alns_segment_size=100
--alns_sigma1=10
--alns_sigma2=9
--alns_sigma3=3
--at_most_one_s=false
--gamma=0.7
--ifile=EADARP/instances/random/r8-96-00000.txt
--infeasible_arcs=EADARP/infeasible_arcs
--insert_charging_otf=true
--insert_cost_noise=0.014
--lns_init_temp_factor=0.0
--lns_temp_dec_factor=0.99
--log_all_sols_fname=
--mh_checkit=false
--mh_lfreq=0
--mh_lnewinc=true
--mh_tciter=-1
--mh_tctime=-1.0
--mh_titer=30000
--mh_tobj=-1.0
--mh_ttime=-1.0
--odir=EADARP/solutions/random/r8-96-00000
--ofile=
--oname=run31
--only_single_s_visits=false
--prepthreshold=0.1
--repair_max_routes=0
--route_based_ops=0
--seed=1599252913
--tightened_windows=EADARP/tightened_windows
--use_milp_in_otf=0
--xcheck_isfeasible=false

EADARPInstance(EADARP/instances/random/r8-96-00000.txt, n=96, n_K=8, S=[209, 210, 211], Q=14.85, n_F=8, γ=0.7, T_plan=720.0, F=[201, 202, 203, 204, 205, 206, 207, 208])

Percentage of arcs removed: 74.09537072392803%
Minimum Degree: 10
T preprocessing time [s]: 16.518
I       iter             best          obj_old          obj_new        time              method info
I          1       1206.87723     100096.00000       1206.87723      0.9070                 con 
I          5       1200.99715       1206.87723       1200.99715      1.2940        drrr_15+rrri 
I          7       1183.63936       1200.99715       1183.63936      1.4040        drrr_15+rroi 
I          8       1182.68460       1183.63936       1182.68460      1.4350        drrr_15+rrri 
I          9       1176.53523       1182.68460       1176.53523      1.5150        drrr_15+rrri 
I         10       1176.48250       1176.53523       1176.48250      1.5540        drrr_15+rroi 
I         11       1175.00029       1176.48250       1175.00029      1.6240         drrr_15+rrg 
I         12       1172.14959       1175.00029       1172.14959      1.7320         drrr_15+rrg 
I         13       1168.67505       1172.14959       1168.67505      1.7660         drrr_15+rrg 
I         16       1162.38363       1168.67505       1162.38363      2.0440         drrr_15+rrg 
I         17       1160.89228       1162.38363       1160.89228      2.0930        drrr_15+rroi 
I         19       1146.52353       1160.89228       1146.52353      2.2520         drrr_15+rrg 
I         23       1118.15156       1146.52353       1118.15156      2.5690        drrr_15+rrri 
I         25       1116.37786       1118.15156       1116.37786      2.7180        drrr_15+rrri 
I         28       1115.30614       1116.37786       1115.30614      2.8600        drrr_15+rrri 
I         29       1110.21990       1115.30614       1110.21990      2.9320         drrr_15+rrg 
I         32       1109.80346       1110.21990       1109.80346      3.0480        drrr_15+rrri 
I         33       1103.98529       1109.80346       1103.98529      3.0970        drrr_15+rroi 
I         34       1100.47988       1103.98529       1100.47988      3.1590        drrr_15+rrri 
I         39       1091.63412       1100.47988       1091.63412      3.3610        drrr_15+rrri 
I         42       1079.53180       1091.63412       1079.53180      3.4940        drrr_15+rrri 
I         44       1077.67616       1079.53180       1077.67616      3.5240        drrr_15+rroi 
I         52       1074.05809       1077.67616       1074.05809      3.7870         drrr_15+rrg 
I         55       1074.04626       1074.05809       1074.04626      3.8560         drrr_15+rrg 
I         60       1073.99255       1074.04626       1073.99255      3.9210        drrr_15+rrri 
I         62       1072.46743       1073.99255       1072.46743      3.9590         drrr_15+rrg 
I         64       1071.65581       1072.46743       1071.65581      3.9710        drrr_15+rroi 
I         65       1070.84683       1071.65581       1070.84683      3.9840         drrr_15+rrg 
I         66       1070.46932       1070.84683       1070.46932      3.9920        drrr_15+rrri 
I         68       1068.07773       1070.46932       1068.07773      4.0220        drrr_15+rroi 
I         94       1067.70478       1068.07773       1067.70478      4.4260        drrr_15+rrri 
I        104       1067.56175       1067.70478       1067.56175      4.5090         drrr_15+rrg 
I        119       1064.58634       1067.56175       1064.58634      4.6200        drrr_15+rroi 
I        134       1061.87606       1064.58634       1061.87606      5.1170        drrr_15+rroi 
I        156       1058.81049       1061.87606       1058.81049      5.4760        drrr_15+rroi 
I        174       1057.68997       1058.81049       1057.68997      5.5870         drrr_15+rrg 
I        176       1057.27825       1057.68997       1057.27825      5.5900        drrr_15+rroi 
I        204       1052.82003       1057.27825       1052.82003      5.8660        drrr_15+rrri 
I        209       1052.33174       1052.82003       1052.33174      5.9380        drrr_15+rrri 
I        213       1049.52255       1052.33174       1049.52255      6.0040        drrr_15+rroi 
I        218       1048.23616       1049.52255       1048.23616      6.1000        drrr_15+rrri 
I        220       1046.41347       1048.23616       1046.41347      6.1790        drrr_15+rrri 
I        223       1045.68047       1046.41347       1045.68047      6.2280        drrr_15+rroi 
I        236       1044.23093       1045.68047       1044.23093      6.3980        drrr_15+rrri 
I        238       1043.55357       1044.23093       1043.55357      6.4090        drrr_15+rrri 
I        255       1040.99029       1043.55357       1040.99029      6.5750        drrr_15+rrri 
I        262       1039.24513       1040.99029       1039.24513      6.6070         drrr_15+rrg 
I        425       1039.22062       1039.24513       1039.22062      7.4060         drrr_15+rrg 
I        472       1039.07759       1039.22062       1039.07759      7.7120        drrr_15+rroi 
I        520       1038.53043       1039.07759       1038.53043      7.9410         drrr_15+rrg 
I        555       1038.39451       1038.53043       1038.39451      8.1050        drrr_15+rroi 
I        581       1037.88651       1038.39451       1037.88651      9.0610        drrr_15+rrri 
I        585       1035.92153       1037.88651       1035.92153      9.0850        drrr_15+rroi 
I        630       1034.14031       1035.92153       1034.14031      9.3120         drrr_15+rrg 
I        635       1033.57807       1034.14031       1033.57807      9.3240        drrr_15+rrri 
I        644       1033.00442       1033.57807       1033.00442      9.3450        drrr_15+rroi 
I        669       1032.36145       1033.00442       1032.36145      9.4200        drrr_15+rroi 
I        677       1032.14142       1032.36145       1032.14142      9.5100        drrr_15+rrri 
I        730       1031.97417       1032.14142       1031.97417      9.8870        drrr_15+rroi 
I        867       1030.99333       1031.97417       1030.99333     10.5390        drrr_15+rrri 
I        939       1030.52105       1030.99333       1030.52105     10.7660         drrr_15+rrg 
I       1520       1029.95001       1030.52105       1029.95001     13.2710        drrr_15+rrri 
I       1614       1029.86058       1029.95001       1029.86058     13.6650         drrr_15+rrg 
I       1861       1029.51259       1029.86058       1029.51259     14.3530        drrr_15+rroi 
I       2140       1028.37191       1029.51259       1028.37191     15.1620        drrr_15+rrri 
I       2143       1027.32452       1028.37191       1027.32452     15.1690        drrr_15+rrri 
I       2613       1025.32473       1027.32452       1025.32473     16.2920         drrr_15+rrg 
I       3292       1024.76655       1025.32473       1024.76655     18.0960        drrr_15+rrri 
I       3821       1024.66164       1024.76655       1024.66164     19.2660        drrr_15+rrri 
I       3914       1022.47262       1024.66164       1022.47262     19.4650        drrr_15+rroi 
I      30000       1022.47262       1022.47262       1022.47262     73.1190        drrr_15+rrri 

Method statistics
S  method    iter  succ  succ-rate%  tot-obj-gain  avg-obj-gain  rel-succ%  net-time  net-time%  brut-time  brut-time%
S  con          1     1   100.00000  -98889.12277  -98889.12277    0.71942   0.90700    1.24044    0.90700     1.24044
S  drrr_15  29999    69     0.23001    -184.40461      -0.00615   49.64029   2.09200    2.86109    2.09200     2.86109
S  rrg       9935    19     0.19124     -47.44098      -0.00478   13.66906  32.55101   44.51785   32.55101    44.51785
S  rroi     10065    21     0.20864     -48.64886      -0.00483   15.10791  17.31699   23.68330   17.31699    23.68330
S  rrri      9999    29     0.29003     -88.31477      -0.00883   20.86331  19.73500   26.99024   19.73500    26.99024
S  SUM/AVG  59999   139     0.23167  -99257.93199      -1.65433   20.00000  72.60200   99.29293   72.60200    99.29293

T best solution: EADARPSolution(t_routing=1261.692, t_excess=304.815, obj_val=1022.473, obj_val_valid=true,
    unserved_requests=Int64[], F_visited=[201, 205, 203, 202, 208, 204, 206, 207], S_visited=Int64[],
    (1, ([193, 37, 49, 133, 145, 82, 178, 75, 8, 14, 171, 104, 88, 110, 184, 68, 164, 96, 192, 79, 175, 57, 153, 209, 201], [77.77502621077869], [24]))
    (2, ([194, 70, 60, 156, 166, 43, 9, 139, 105, 15, 111, 23, 119, 5, 101, 32, 128, 89, 185, 38, 134, 22, 118, 209, 202], [54.05067310988774], [24]))
    (3, ([195, 51, 147, 41, 17, 137, 113, 33, 129, 53, 149, 63, 159, 29, 125, 210, 62, 158, 13, 109, 69, 44, 140, 165, 34, 130, 86, 36, 182, 132, 54, 150, 209, 203], [104.4057780861612, 47.85185255843166], [16, 33]))
    (4, ([196, 87, 183, 1, 97, 35, 42, 131, 138, 83, 40, 179, 136, 30, 126, 50, 146, 12, 108, 211, 18, 114, 94, 190, 204], [92.4909510257275], [20]))
    (5, ([197, 67, 163, 78, 174, 65, 161, 2, 59, 98, 56, 155, 152, 27, 91, 123, 187, 31, 127, 209, 205], [40.43313403667477], [20]))
    (6, ([198, 81, 177, 92, 95, 39, 191, 188, 135, 84, 180, 19, 115, 93, 189, 85, 181, 55, 48, 151, 58, 144, 154, 61, 7, 103, 157, 11, 10, 107, 45, 106, 141, 209, 206], [115.99210699186114], [34]))
    (7, ([199, 6, 102, 66, 162, 21, 117, 52, 76, 172, 148, 90, 25, 186, 121, 26, 80, 122, 176, 24, 120, 3, 99, 209, 207], [45.134529678475374], [24]))
    (8, ([200, 71, 73, 167, 169, 47, 143, 20, 116, 64, 74, 46, 160, 142, 170, 72, 77, 168, 173, 4, 100, 28, 124, 16, 112, 209, 208], [35.557771095977586], [26])))

T best obj: 1022.4726189066562
T best iteration: 3914
T total iterations: 30000
T best time [s]: 19.465
T total time [s]: 73.1190
