EADARP version ecec-dirty
ARGS: --ifile=EADARP/instances/random/r8-96-00000.txt  --gamma=0.7 --only_single_s_visits=false --odir=EADARP/solutions/random/r8-96-00000 --oname=run37
Settings:
--alns_gamma=0.025
--alns_segment_size=100
--alns_sigma1=10
--alns_sigma2=9
--alns_sigma3=3
--at_most_one_s=false
--gamma=0.7
--ifile=EADARP/instances/random/r8-96-00000.txt
--infeasible_arcs=EADARP/infeasible_arcs
--insert_charging_otf=true
--insert_cost_noise=0.014
--lns_init_temp_factor=0.0
--lns_temp_dec_factor=0.99
--log_all_sols_fname=
--mh_checkit=false
--mh_lfreq=0
--mh_lnewinc=true
--mh_tciter=-1
--mh_tctime=-1.0
--mh_titer=30000
--mh_tobj=-1.0
--mh_ttime=-1.0
--odir=EADARP/solutions/random/r8-96-00000
--ofile=
--oname=run37
--only_single_s_visits=false
--prepthreshold=0.1
--repair_max_routes=0
--route_based_ops=0
--seed=181089165
--tightened_windows=EADARP/tightened_windows
--use_milp_in_otf=0
--xcheck_isfeasible=false

EADARPInstance(EADARP/instances/random/r8-96-00000.txt, n=96, n_K=8, S=[209, 210, 211], Q=14.85, n_F=8, γ=0.7, T_plan=720.0, F=[201, 202, 203, 204, 205, 206, 207, 208])

Percentage of arcs removed: 74.09537072392803%
Minimum Degree: 10
T preprocessing time [s]: 16.796
I       iter             best          obj_old          obj_new        time              method info
I          1       1193.14266     100096.00000       1193.14266      0.9360                 con 
I          2       1184.07871       1193.14266       1184.07871      1.0710         drrr_15+rrg 
I          5       1165.42476       1184.07871       1165.42476      1.4050         drrr_15+rrg 
I          9       1163.99420       1165.42476       1163.99420      1.6730        drrr_15+rroi 
I         10       1157.09228       1163.99420       1157.09228      1.7780        drrr_15+rroi 
I         11       1149.26313       1157.09228       1149.26313      1.8210        drrr_15+rrri 
I         15       1132.48145       1149.26313       1132.48145      2.0180        drrr_15+rrri 
I         19       1131.43241       1132.48145       1131.43241      2.2580        drrr_15+rroi 
I         20       1111.84428       1131.43241       1111.84428      2.3210        drrr_15+rroi 
I         27       1109.99980       1111.84428       1109.99980      2.5990        drrr_15+rroi 
I         35       1109.17857       1109.99980       1109.17857      2.7730        drrr_15+rroi 
I         36       1108.05330       1109.17857       1108.05330      2.8030        drrr_15+rroi 
I         39       1107.63132       1108.05330       1107.63132      2.9620        drrr_15+rrri 
I         44       1100.84628       1107.63132       1100.84628      3.3110        drrr_15+rroi 
I         48       1100.57409       1100.84628       1100.57409      3.4120        drrr_15+rroi 
I         50       1097.95316       1100.57409       1097.95316      3.5300        drrr_15+rroi 
I         53       1094.57851       1097.95316       1094.57851      3.5970        drrr_15+rroi 
I         57       1093.42594       1094.57851       1093.42594      3.9600         drrr_15+rrg 
I         66       1085.47285       1093.42594       1085.47285      4.7090         drrr_15+rrg 
I         74       1081.42650       1085.47285       1081.42650      4.8560         drrr_15+rrg 
I         76       1077.68585       1081.42650       1077.68585      4.8960        drrr_15+rrri 
I         78       1077.02425       1077.68585       1077.02425      4.9380         drrr_15+rrg 
I         83       1064.66798       1077.02425       1064.66798      5.1100        drrr_15+rroi 
I         84       1057.59556       1064.66798       1057.59556      5.1840         drrr_15+rrg 
I         86       1056.89202       1057.59556       1056.89202      5.2840         drrr_15+rrg 
I         88       1056.43943       1056.89202       1056.43943      5.3800        drrr_15+rroi 
I         90       1054.10182       1056.43943       1054.10182      5.4170        drrr_15+rrri 
I        102       1050.94652       1054.10182       1050.94652      5.7460        drrr_15+rroi 
I        112       1050.31782       1050.94652       1050.31782      5.8870        drrr_15+rroi 
I        125       1050.07196       1050.31782       1050.07196      6.0330         drrr_15+rrg 
I        138       1049.85588       1050.07196       1049.85588      6.1700        drrr_15+rrri 
I        154       1049.61716       1049.85588       1049.61716      6.2820        drrr_15+rroi 
I        187       1049.25367       1049.61716       1049.25367      6.6050        drrr_15+rroi 
I        227       1049.02567       1049.25367       1049.02567      6.8600        drrr_15+rrri 
I        906       1045.68452       1049.02567       1045.68452      9.6870         drrr_15+rrg 
I        950       1045.31441       1045.68452       1045.31441      9.8120         drrr_15+rrg 
I        957       1043.70850       1045.31441       1043.70850      9.8300        drrr_15+rroi 
I        967       1043.09916       1043.70850       1043.09916      9.8460         drrr_15+rrg 
I        975       1042.60028       1043.09916       1042.60028      9.8670        drrr_15+rrri 
I        992       1042.55335       1042.60028       1042.55335      9.9640         drrr_15+rrg 
I       1019       1042.30750       1042.55335       1042.30750     10.0770        drrr_15+rrri 
I       1356       1042.24908       1042.30750       1042.24908     11.2530         drrr_15+rrg 
I       1636       1041.68113       1042.24908       1041.68113     12.1520         drrr_15+rrg 
I       1655       1040.30217       1041.68113       1040.30217     12.2540        drrr_15+rroi 
I       1673       1036.96354       1040.30217       1036.96354     12.2910         drrr_15+rrg 
I       1770       1036.09506       1036.96354       1036.09506     12.6940         drrr_15+rrg 
I       1798       1035.50356       1036.09506       1035.50356     12.8580        drrr_15+rroi 
I       1835       1035.28748       1035.50356       1035.28748     13.0620        drrr_15+rrri 
I       1844       1035.08554       1035.28748       1035.08554     13.1040        drrr_15+rroi 
I       1847       1034.85754       1035.08554       1034.85754     13.1500        drrr_15+rroi 
I       1848       1031.42532       1034.85754       1031.42532     13.1530        drrr_15+rroi 
I       1873       1031.19732       1031.42532       1031.19732     13.4150         drrr_15+rrg 
I       1884       1029.89393       1031.19732       1029.89393     13.4480        drrr_15+rrri 
I       1886       1028.14746       1029.89393       1028.14746     13.4550        drrr_15+rroi 
I       1993       1027.93139       1028.14746       1027.93139     13.8150         drrr_15+rrg 
I       2000       1027.88572       1027.93139       1027.88572     13.8410        drrr_15+rroi 
I       2159       1027.49312       1027.88572       1027.49312     14.4490        drrr_15+rroi 
I       2258       1027.18834       1027.49312       1027.18834     14.7250        drrr_15+rrri 
I       2380       1026.91026       1027.18834       1026.91026     15.1550         drrr_15+rrg 
I       3776       1026.76815       1026.91026       1026.76815     19.1470         drrr_15+rrg 
I       4083       1026.65365       1026.76815       1026.65365     19.9940        drrr_15+rrri 
I      11015       1023.34834       1026.65365       1023.34834     37.3880        drrr_15+rrri 
I      11310       1023.34834       1023.34834       1023.34834     38.1510        drrr_15+rrri 
I      19706       1022.29553       1023.34834       1022.29553     56.8020        drrr_15+rroi 
I      19717       1022.29553       1022.29553       1022.29553     56.8180        drrr_15+rroi 
I      23215       1022.29299       1022.29553       1022.29299     64.5210         drrr_15+rrg 
I      23249       1021.55754       1022.29299       1021.55754     64.6010        drrr_15+rrri 
I      30000       1021.55754       1021.55754       1027.45954     79.8770        drrr_15+rroi 

Method statistics
S  method    iter  succ  succ-rate%  tot-obj-gain  avg-obj-gain  rel-succ%  net-time  net-time%  brut-time  brut-time%
S  con          1     1   100.00000  -98902.85734  -98902.85734    0.75188   0.93600    1.17180    0.93600     1.17180
S  drrr_15  29999    66     0.22001    -171.58512      -0.00572   49.62406   2.33101    2.91824    2.33101     2.91824
S  rrg      10000    22     0.22000     -59.62113      -0.00596   16.54135  34.62800   43.35166   34.62800    43.35166
S  rroi     10054    28     0.27850     -73.68460      -0.00733   21.05263  19.81900   24.81189   19.81900    24.81189
S  rrri      9945    16     0.16088     -38.27939      -0.00385   12.03008  21.45200   26.85629   21.45200    26.85629
S  SUM/AVG  59999   133     0.22167  -99246.02758      -1.65413   20.00000  79.16600   99.10988   79.16600    99.10988

T best solution: EADARPSolution(t_routing=1259.827, t_excess=306.75, obj_val=1021.558, obj_val_valid=true,
    unserved_requests=Int64[], F_visited=[203, 201, 208, 202, 204, 207, 206, 205], S_visited=Int64[],
    (1, ([193, 71, 73, 167, 60, 70, 169, 156, 166, 65, 161, 15, 111, 52, 76, 172, 148, 72, 77, 168, 173, 61, 157, 11, 10, 107, 45, 106, 141, 209, 201], [111.8723371577534], [30]))
    (2, ([194, 6, 102, 66, 162, 64, 74, 46, 160, 142, 170, 90, 25, 186, 121, 26, 80, 122, 176, 24, 120, 62, 3, 99, 158, 86, 182, 209, 202], [66.8350856580038], [28]))
    (3, ([195, 51, 147, 41, 17, 137, 113, 33, 129, 53, 149, 29, 125, 96, 192, 7, 103, 209, 91, 187, 38, 134, 31, 127, 203], [85.34165725849776], [18]))
    (4, ([196, 87, 183, 35, 42, 131, 138, 82, 178, 63, 159, 23, 2, 59, 98, 119, 155, 85, 181, 55, 48, 151, 58, 144, 154, 28, 124, 27, 22, 123, 118, 209, 204], [117.55328782036979], [32]))
    (5, ([197, 1, 97, 39, 135, 47, 143, 8, 14, 88, 104, 110, 184, 68, 164, 79, 175, 57, 153, 36, 132, 16, 112, 209, 205], [51.81051732479581], [24]))
    (6, ([198, 81, 177, 95, 92, 191, 188, 21, 117, 84, 20, 180, 75, 116, 171, 83, 40, 179, 136, 30, 126, 50, 146, 4, 100, 18, 114, 34, 130, 209, 206], [66.61034856895829], [30]))
    (7, ([199, 67, 163, 78, 174, 43, 9, 139, 105, 19, 115, 93, 189, 5, 101, 32, 128, 89, 185, 13, 109, 69, 44, 140, 165, 211, 94, 190, 209, 207], [90.29880043132539, 6.113308223598566], [26, 29]))
    (8, ([200, 37, 49, 133, 145, 56, 152, 12, 108, 54, 150, 209, 208], [15.391362220662007], [12])))

T best obj: 1021.5575396079889
T best iteration: 23249
T total iterations: 30000
T best time [s]: 64.601
T total time [s]: 79.8770
