EADARP version ecec-dirty
ARGS: --ifile=EADARP/instances/random/r8-96-00000.txt  --gamma=0.7 --only_single_s_visits=false --odir=EADARP/solutions/random/r8-96-00000 --oname=run36
Settings:
--alns_gamma=0.025
--alns_segment_size=100
--alns_sigma1=10
--alns_sigma2=9
--alns_sigma3=3
--at_most_one_s=false
--gamma=0.7
--ifile=EADARP/instances/random/r8-96-00000.txt
--infeasible_arcs=EADARP/infeasible_arcs
--insert_charging_otf=true
--insert_cost_noise=0.014
--lns_init_temp_factor=0.0
--lns_temp_dec_factor=0.99
--log_all_sols_fname=
--mh_checkit=false
--mh_lfreq=0
--mh_lnewinc=true
--mh_tciter=-1
--mh_tctime=-1.0
--mh_titer=30000
--mh_tobj=-1.0
--mh_ttime=-1.0
--odir=EADARP/solutions/random/r8-96-00000
--ofile=
--oname=run36
--only_single_s_visits=false
--prepthreshold=0.1
--repair_max_routes=0
--route_based_ops=0
--seed=611213579
--tightened_windows=EADARP/tightened_windows
--use_milp_in_otf=0
--xcheck_isfeasible=false

EADARPInstance(EADARP/instances/random/r8-96-00000.txt, n=96, n_K=8, S=[209, 210, 211], Q=14.85, n_F=8, γ=0.7, T_plan=720.0, F=[201, 202, 203, 204, 205, 206, 207, 208])

Percentage of arcs removed: 74.09537072392803%
Minimum Degree: 10
T preprocessing time [s]: 16.821
I       iter             best          obj_old          obj_new        time              method info
I          1       1179.80215     100096.00000       1179.80215      0.9360                 con 
I          2       1179.29237       1179.80215       1179.29237      1.0660        drrr_15+rroi 
I          3       1172.97498       1179.29237       1172.97498      1.1720        drrr_15+rroi 
I          4       1165.79733       1172.97498       1165.79733      1.2930        drrr_15+rroi 
I          5       1159.86118       1165.79733       1159.86118      1.5190         drrr_15+rrg 
I          8       1157.12259       1159.86118       1157.12259      1.7780        drrr_15+rroi 
I          9       1155.85293       1157.12259       1155.85293      1.8520         drrr_15+rrg 
I         10       1149.05965       1155.85293       1149.05965      1.9100        drrr_15+rroi 
I         12       1148.55385       1149.05965       1148.55385      2.0610        drrr_15+rroi 
I         13       1139.93482       1148.55385       1139.93482      2.2750         drrr_15+rrg 
I         14       1131.50926       1139.93482       1131.50926      2.3830        drrr_15+rrri 
I         19       1126.14404       1131.50926       1126.14404      2.8750        drrr_15+rroi 
I         21       1125.44006       1126.14404       1125.44006      2.9840        drrr_15+rroi 
I         26       1123.98987       1125.44006       1123.98987      3.1570         drrr_15+rrg 
I         27       1120.50807       1123.98987       1120.50807      3.1950        drrr_15+rrri 
I         29       1119.38134       1120.50807       1119.38134      3.3250        drrr_15+rroi 
I         32       1116.39657       1119.38134       1116.39657      3.4750         drrr_15+rrg 
I         33       1111.89144       1116.39657       1111.89144      3.5500        drrr_15+rrri 
I         35       1107.55012       1111.89144       1107.55012      3.6600        drrr_15+rroi 
I         37       1100.25019       1107.55012       1100.25019      3.7520        drrr_15+rroi 
I         40       1096.28774       1100.25019       1096.28774      3.9650        drrr_15+rroi 
I         45       1090.63599       1096.28774       1090.63599      4.1650        drrr_15+rroi 
I         46       1090.00157       1090.63599       1090.00157      4.2050        drrr_15+rroi 
I         58       1089.04383       1090.00157       1089.04383      4.4470        drrr_15+rroi 
I         70       1088.05174       1089.04383       1088.05174      4.6440        drrr_15+rroi 
I         71       1083.83358       1088.05174       1083.83358      4.6600        drrr_15+rroi 
I         73       1083.16967       1083.83358       1083.16967      4.7020         drrr_15+rrg 
I         77       1079.78655       1083.16967       1079.78655      4.7760        drrr_15+rrri 
I         81       1077.49222       1079.78655       1077.49222      4.8140        drrr_15+rroi 
I         85       1077.04916       1077.49222       1077.04916      4.9160        drrr_15+rroi 
I         89       1076.90613       1077.04916       1076.90613      5.0510        drrr_15+rrri 
I         96       1076.71783       1076.90613       1076.71783      5.2560        drrr_15+rroi 
I        113       1074.61744       1076.71783       1074.61744      5.4140         drrr_15+rrg 
I        139       1067.68782       1074.61744       1067.68782      5.7990        drrr_15+rroi 
I        151       1067.20321       1067.68782       1067.20321      5.9390         drrr_15+rrg 
I        153       1066.07795       1067.20321       1066.07795      5.9840        drrr_15+rrri 
I        176       1064.73085       1066.07795       1064.73085      6.2890        drrr_15+rrri 
I        215       1062.95426       1064.73085       1062.95426      6.5920        drrr_15+rrri 
I        235       1061.94689       1062.95426       1061.94689      6.7380        drrr_15+rrri 
I        270       1060.16023       1061.94689       1060.16023      7.0180        drrr_15+rrri 
I        273       1059.05955       1060.16023       1059.05955      7.0550        drrr_15+rrri 
I        296       1056.95106       1059.05955       1056.95106      7.2210         drrr_15+rrg 
I        313       1055.18835       1056.95106       1055.18835      7.3110        drrr_15+rroi 
I        329       1054.98590       1055.18835       1054.98590      7.4670        drrr_15+rroi 
I        344       1054.26507       1054.98590       1054.26507      7.6090        drrr_15+rrri 
I        345       1052.27349       1054.26507       1052.27349      7.6200         drrr_15+rrg 
I        456       1050.64395       1052.27349       1050.64395      8.2510        drrr_15+rroi 
I        460       1049.41865       1050.64395       1049.41865      8.3290        drrr_15+rroi 
I        599       1048.99877       1049.41865       1048.99877      8.9060         drrr_15+rrg 
I        612       1046.30155       1048.99877       1046.30155      8.9590        drrr_15+rroi 
I        637       1045.45640       1046.30155       1045.45640      9.1030        drrr_15+rroi 
I        639       1044.23110       1045.45640       1044.23110      9.1070         drrr_15+rrg 
I        652       1044.10747       1044.23110       1044.10747      9.1620        drrr_15+rroi 
I       1211       1040.57088       1044.10747       1040.57088     11.2320        drrr_15+rrri 
I       1219       1039.65337       1040.57088       1039.65337     11.2590        drrr_15+rroi 
I       1250       1039.49000       1039.65337       1039.49000     11.3910        drrr_15+rroi 
I       1282       1039.47266       1039.49000       1039.47266     11.4690        drrr_15+rroi 
I       1284       1038.60386       1039.47266       1038.60386     11.4770         drrr_15+rrg 
I       1321       1037.59650       1038.60386       1037.59650     11.7100        drrr_15+rrri 
I       1470       1035.96273       1037.59650       1035.96273     12.2960         drrr_15+rrg 
I       1791       1035.56855       1035.96273       1035.56855     13.2580        drrr_15+rroi 
I       1836       1035.46369       1035.56855       1035.46369     13.4240        drrr_15+rroi 
I       2046       1032.52947       1035.46369       1032.52947     14.1920        drrr_15+rrri 
I       2063       1032.18587       1032.52947       1032.18587     14.2830        drrr_15+rroi 
I       2104       1031.63698       1032.18587       1031.63698     14.3840         drrr_15+rrg 
I       3274       1028.81497       1031.63698       1028.81497     17.4720        drrr_15+rrri 
I       3617       1024.98996       1028.81497       1024.98996     18.3470        drrr_15+rroi 
I      30000       1024.98996       1024.98996       1028.25551     73.6330        drrr_15+rrri 

Method statistics
S  method    iter  succ  succ-rate%  tot-obj-gain  avg-obj-gain  rel-succ%  net-time  net-time%  brut-time  brut-time%
S  con          1     1   100.00000  -98916.19785  -98916.19785    0.75188   0.93600    1.27117    0.93600     1.27117
S  drrr_15  29999    66     0.22001    -154.81218      -0.00516   49.62406   2.10001    2.85199    2.10001     2.85199
S  rrg       9943    15     0.15086     -32.30542      -0.00325   11.27820  32.17499   43.69643   32.17499    43.69643
S  rroi      9924    35     0.35268     -83.40345      -0.00840   26.31579  18.48900   25.10966   18.48900    25.10966
S  rrri     10132    16     0.15792     -39.10331      -0.00386   12.03008  19.45601   26.42295   19.45601    26.42295
S  SUM/AVG  59999   133     0.22167  -99225.82222      -1.65379   20.00000  73.15600   99.35219   73.15600    99.35219

T best solution: EADARPSolution(t_routing=1257.728, t_excess=326.777, obj_val=1024.99, obj_val_valid=true,
    unserved_requests=Int64[], F_visited=[207, 204, 205, 201, 208, 202, 206, 203], S_visited=Int64[],
    (1, ([193, 35, 42, 131, 138, 83, 40, 179, 136, 30, 126, 50, 146, 12, 108, 54, 150, 209, 201], [44.222221269003676], [18]))
    (2, ([194, 51, 147, 41, 17, 137, 113, 33, 129, 14, 64, 110, 160, 5, 101, 32, 128, 89, 185, 11, 10, 107, 45, 106, 141, 209, 202], [93.09289948620099], [26]))
    (3, ([195, 71, 73, 167, 60, 70, 169, 156, 166, 65, 161, 15, 111, 23, 59, 56, 119, 155, 85, 152, 181, 62, 158, 86, 182, 209, 203], [80.90903577007985], [26]))
    (4, ([196, 87, 183, 1, 92, 95, 97, 191, 188, 82, 178, 63, 159, 210, 2, 98, 55, 48, 151, 58, 144, 154, 61, 157, 13, 109, 69, 44, 140, 165, 211, 94, 190, 204], [29.933227406148816, 90.29880043132539], [14, 31]))
    (5, ([197, 6, 102, 66, 162, 75, 8, 171, 104, 88, 184, 74, 46, 170, 142, 72, 77, 168, 173, 4, 100, 18, 114, 34, 130, 36, 132, 16, 112, 209, 205], [59.9899049373504], [30]))
    (6, ([198, 81, 177, 49, 39, 145, 135, 47, 143, 20, 84, 180, 116, 53, 149, 19, 115, 93, 189, 68, 164, 7, 103, 209, 206], [63.07355792197963], [24]))
    (7, ([199, 21, 117, 52, 76, 172, 148, 90, 25, 186, 121, 26, 80, 122, 176, 24, 120, 3, 99, 209, 28, 124, 27, 22, 123, 118, 31, 127, 207], [82.93646678206218], [20]))
    (8, ([200, 37, 67, 133, 163, 78, 174, 43, 9, 139, 105, 29, 125, 96, 192, 79, 175, 57, 153, 91, 187, 38, 134, 209, 208], [65.2716546434218], [24])))

T best obj: 1024.9899645991
T best iteration: 3617
T total iterations: 30000
T best time [s]: 18.347
T total time [s]: 73.6330
