EADARP version ecec-dirty
ARGS: --ifile=EADARP/instances/random/r8-96-00000.txt  --gamma=0.7 --only_single_s_visits=false --odir=EADARP/solutions/random/r8-96-00000 --oname=run54
Settings:
--alns_gamma=0.025
--alns_segment_size=100
--alns_sigma1=10
--alns_sigma2=9
--alns_sigma3=3
--at_most_one_s=false
--gamma=0.7
--ifile=EADARP/instances/random/r8-96-00000.txt
--infeasible_arcs=EADARP/infeasible_arcs
--insert_charging_otf=true
--insert_cost_noise=0.014
--lns_init_temp_factor=0.0
--lns_temp_dec_factor=0.99
--log_all_sols_fname=
--mh_checkit=false
--mh_lfreq=0
--mh_lnewinc=true
--mh_tciter=-1
--mh_tctime=-1.0
--mh_titer=30000
--mh_tobj=-1.0
--mh_ttime=-1.0
--odir=EADARP/solutions/random/r8-96-00000
--ofile=
--oname=run54
--only_single_s_visits=false
--prepthreshold=0.1
--repair_max_routes=0
--route_based_ops=0
--seed=240590074
--tightened_windows=EADARP/tightened_windows
--use_milp_in_otf=0
--xcheck_isfeasible=false

EADARPInstance(EADARP/instances/random/r8-96-00000.txt, n=96, n_K=8, S=[209, 210, 211], Q=14.85, n_F=8, γ=0.7, T_plan=720.0, F=[201, 202, 203, 204, 205, 206, 207, 208])

Percentage of arcs removed: 74.09537072392803%
Minimum Degree: 10
T preprocessing time [s]: 17.847
I       iter             best          obj_old          obj_new        time              method info
I          1       1194.88573     100096.00000       1194.88573      0.9150                 con 
I          2       1185.81547       1194.88573       1185.81547      1.0950         drrr_15+rrg 
I          3       1177.51021       1185.81547       1177.51021      1.1670        drrr_15+rrri 
I          5       1167.60959       1177.51021       1167.60959      1.3690         drrr_15+rrg 
I          7       1165.05286       1167.60959       1165.05286      1.5090        drrr_15+rrri 
I          8       1160.73412       1165.05286       1160.73412      1.5700        drrr_15+rroi 
I          9       1152.73210       1160.73412       1152.73210      1.6320        drrr_15+rrri 
I         10       1148.38422       1152.73210       1148.38422      1.6760         drrr_15+rrg 
I         11       1146.67143       1148.38422       1146.67143      1.7510        drrr_15+rroi 
I         14       1145.27656       1146.67143       1145.27656      2.0520         drrr_15+rrg 
I         15       1143.84530       1145.27656       1143.84530      2.0930         drrr_15+rrg 
I         20       1138.36395       1143.84530       1138.36395      2.3990        drrr_15+rrri 
I         21       1125.19246       1138.36395       1125.19246      2.4540        drrr_15+rroi 
I         27       1124.63226       1125.19246       1124.63226      2.7520        drrr_15+rrri 
I         28       1107.43883       1124.63226       1107.43883      2.7610        drrr_15+rroi 
I         39       1105.87753       1107.43883       1105.87753      3.0730         drrr_15+rrg 
I         40       1103.63872       1105.87753       1103.63872      3.1200        drrr_15+rroi 
I         41       1092.53178       1103.63872       1092.53178      3.1370        drrr_15+rrri 
I         42       1089.21459       1092.53178       1089.21459      3.1730         drrr_15+rrg 
I         48       1085.71227       1089.21459       1085.71227      3.4670        drrr_15+rroi 
I         49       1080.53951       1085.71227       1080.53951      3.5070        drrr_15+rrri 
I         63       1078.12005       1080.53951       1078.12005      3.9310        drrr_15+rroi 
I         67       1076.84686       1078.12005       1076.84686      4.0070        drrr_15+rroi 
I         71       1075.54849       1076.84686       1075.54849      4.0730        drrr_15+rroi 
I         74       1074.82808       1075.54849       1074.82808      4.1490        drrr_15+rroi 
I         75       1073.67912       1074.82808       1073.67912      4.1630         drrr_15+rrg 
I         83       1072.11854       1073.67912       1072.11854      4.2980         drrr_15+rrg 
I         92       1070.13668       1072.11854       1070.13668      4.4980         drrr_15+rrg 
I         97       1061.73746       1070.13668       1061.73746      4.5770        drrr_15+rroi 
I        133       1053.56576       1061.73746       1053.56576      5.1710        drrr_15+rrri 
I        142       1053.33860       1053.56576       1053.33860      5.3530        drrr_15+rrri 
I        158       1051.82465       1053.33860       1051.82465      5.5710        drrr_15+rroi 
I        182       1050.67637       1051.82465       1050.67637      6.0070        drrr_15+rrri 
I        216       1049.94812       1050.67637       1049.94812      6.3030         drrr_15+rrg 
I        225       1049.53453       1049.94812       1049.53453      6.3630        drrr_15+rroi 
I        253       1048.84346       1049.53453       1048.84346      6.5820        drrr_15+rroi 
I        259       1048.56255       1048.84346       1048.56255      6.6310        drrr_15+rroi 
I        302       1048.42987       1048.56255       1048.42987      7.0000        drrr_15+rroi 
I        303       1046.94845       1048.42987       1046.94845      7.0000        drrr_15+rrri 
I        614       1045.99693       1046.94845       1045.99693      8.5650        drrr_15+rroi 
I        641       1044.90527       1045.99693       1044.90527      8.7090         drrr_15+rrg 
I        770       1042.69304       1044.90527       1042.69304      9.4260        drrr_15+rroi 
I        782       1040.08343       1042.69304       1040.08343      9.4940         drrr_15+rrg 
I        789       1038.60201       1040.08343       1038.60201      9.5270        drrr_15+rroi 
I        805       1038.45419       1038.60201       1038.45419      9.6340         drrr_15+rrg 
I        842       1036.08681       1038.45419       1036.08681      9.9500        drrr_15+rrri 
I        855       1033.71241       1036.08681       1033.71241      9.9870        drrr_15+rrri 
I        883       1033.50545       1033.71241       1033.50545     10.0890         drrr_15+rrg 
I        973       1033.35564       1033.50545       1033.35564     10.4050        drrr_15+rrri 
I       1830       1033.03052       1033.35564       1033.03052     13.1570         drrr_15+rrg 
I       2096       1032.88072       1033.03052       1032.88072     13.9890        drrr_15+rroi 
I       2391       1029.63643       1032.88072       1029.63643     14.9370        drrr_15+rroi 
I       2394       1028.78249       1029.63643       1028.78249     14.9480         drrr_15+rrg 
I       6783       1027.37971       1028.78249       1027.37971     25.6310        drrr_15+rrri 
I       6976       1026.55855       1027.37971       1026.55855     26.1330        drrr_15+rrri 
I       7853       1021.28106       1026.55855       1021.28106     28.1980        drrr_15+rrri 
I       7866       1020.97946       1021.28106       1020.97946     28.2570        drrr_15+rroi 
I       7886       1020.42711       1020.97946       1020.42711     28.3120        drrr_15+rrri 
I       7895       1017.39830       1020.42711       1017.39830     28.3170        drrr_15+rroi 
I       7973       1017.09671       1017.39830       1017.09671     28.5370        drrr_15+rroi 
I      30000       1017.09671       1017.09671       1019.69125     73.4460        drrr_15+rroi 

Method statistics
S  method    iter  succ  succ-rate%  tot-obj-gain  avg-obj-gain  rel-succ%  net-time  net-time%  brut-time  brut-time%
S  con          1     1   100.00000  -98901.11427  -98901.11427    0.84034   0.91500    1.24581    0.91500     1.24581
S  drrr_15  29999    59     0.19667    -177.78903      -0.00593   49.57983   1.98900    2.70812    1.98900     2.70812
S  rrg      10095    17     0.16840     -41.67815      -0.00413   14.28571  32.48600   44.23114   32.48600    44.23114
S  rroi     10135    24     0.23680     -70.95171      -0.00700   20.16807  18.72200   25.49083   18.72200    25.49083
S  rrri      9769    18     0.18426     -65.15917      -0.00667   15.12605  18.94300   25.79174   18.94300    25.79174
S  SUM/AVG  59999   119     0.19834  -99256.69232      -1.65431   20.00000  73.05500   99.46764   73.05500    99.46764

T best solution: EADARPSolution(t_routing=1240.187, t_excess=347.825, obj_val=1017.097, obj_val_valid=true,
    unserved_requests=Int64[], F_visited=[201, 208, 206, 203, 204, 207, 205, 202], S_visited=Int64[],
    (1, ([193, 6, 102, 66, 162, 64, 74, 46, 160, 142, 170, 27, 22, 123, 118, 31, 127, 209, 201], [9.540936556220782], [18]))
    (2, ([194, 87, 183, 1, 97, 39, 135, 84, 180, 75, 8, 14, 171, 104, 88, 110, 184, 68, 164, 96, 192, 69, 28, 124, 165, 211, 94, 190, 202], [81.09441489960977], [26]))
    (3, ([195, 70, 60, 156, 166, 33, 129, 72, 77, 168, 173, 12, 108, 54, 150, 209, 203], [11.225027932271688], [16]))
    (4, ([196, 51, 147, 41, 17, 137, 113, 43, 9, 139, 105, 15, 111, 2, 98, 55, 48, 151, 58, 144, 154, 18, 114, 34, 130, 86, 182, 209, 204], [82.60761479976615], [28]))
    (5, ([197, 67, 163, 78, 174, 65, 21, 161, 117, 52, 76, 172, 148, 90, 25, 186, 121, 26, 80, 122, 176, 24, 5, 101, 120, 3, 99, 89, 185, 13, 109, 44, 140, 91, 187, 38, 134, 209, 205], [111.6485087465191], [38]))
    (6, ([198, 71, 73, 167, 169, 47, 143, 20, 116, 53, 149, 19, 115, 93, 189, 29, 125, 50, 146, 4, 61, 100, 157, 11, 10, 107, 45, 106, 141, 209, 206], [136.62123920210774], [30]))
    (7, ([199, 81, 177, 95, 92, 191, 188, 35, 42, 131, 138, 83, 40, 179, 136, 23, 59, 56, 119, 155, 85, 152, 181, 62, 32, 128, 158, 7, 103, 209, 207], [109.84449367192839], [30]))
    (8, ([200, 37, 49, 133, 145, 82, 178, 63, 159, 30, 126, 79, 175, 57, 153, 36, 132, 16, 112, 209, 208], [49.60518458316467], [20])))

T best obj: 1017.0967060117114
T best iteration: 7973
T total iterations: 30000
T best time [s]: 28.537
T total time [s]: 73.4460
