EADARP version ecec-dirty
ARGS: --ifile=EADARP/instances/random/r8-96-00000.txt  --gamma=0.7 --only_single_s_visits=false --odir=EADARP/solutions/random/r8-96-00000 --oname=run78
Settings:
--alns_gamma=0.025
--alns_segment_size=100
--alns_sigma1=10
--alns_sigma2=9
--alns_sigma3=3
--at_most_one_s=false
--gamma=0.7
--ifile=EADARP/instances/random/r8-96-00000.txt
--infeasible_arcs=EADARP/infeasible_arcs
--insert_charging_otf=true
--insert_cost_noise=0.014
--lns_init_temp_factor=0.0
--lns_temp_dec_factor=0.99
--log_all_sols_fname=
--mh_checkit=false
--mh_lfreq=0
--mh_lnewinc=true
--mh_tciter=-1
--mh_tctime=-1.0
--mh_titer=30000
--mh_tobj=-1.0
--mh_ttime=-1.0
--odir=EADARP/solutions/random/r8-96-00000
--ofile=
--oname=run78
--only_single_s_visits=false
--prepthreshold=0.1
--repair_max_routes=0
--route_based_ops=0
--seed=922006021
--tightened_windows=EADARP/tightened_windows
--use_milp_in_otf=0
--xcheck_isfeasible=false

EADARPInstance(EADARP/instances/random/r8-96-00000.txt, n=96, n_K=8, S=[209, 210, 211], Q=14.85, n_F=8, γ=0.7, T_plan=720.0, F=[201, 202, 203, 204, 205, 206, 207, 208])

Percentage of arcs removed: 74.09537072392803%
Minimum Degree: 10
T preprocessing time [s]: 20.256
I       iter             best          obj_old          obj_new        time              method info
I          1       1199.64902     100096.00000       1199.64902      1.1340                 con 
I          2       1195.46858       1199.64902       1195.46858      1.2550        drrr_15+rroi 
I          3       1180.36244       1195.46858       1180.36244      1.4000         drrr_15+rrg 
I          6       1168.39176       1180.36244       1168.39176      1.7170        drrr_15+rrri 
I          7       1160.81125       1168.39176       1160.81125      1.8340         drrr_15+rrg 
I          8       1157.10521       1160.81125       1157.10521      1.8950         drrr_15+rrg 
I         10       1154.56034       1157.10521       1154.56034      2.0480        drrr_15+rrri 
I         11       1150.88162       1154.56034       1150.88162      2.1280        drrr_15+rroi 
I         14       1149.57523       1150.88162       1149.57523      2.2810        drrr_15+rrri 
I         20       1137.98237       1149.57523       1137.98237      2.5570        drrr_15+rroi 
I         22       1136.99448       1137.98237       1136.99448      2.6300         drrr_15+rrg 
I         24       1136.74862       1136.99448       1136.74862      2.7380        drrr_15+rrri 
I         25       1136.59825       1136.74862       1136.59825      2.7590        drrr_15+rrri 
I         26       1134.03846       1136.59825       1134.03846      2.7700        drrr_15+rroi 
I         27       1133.08325       1134.03846       1133.08325      2.8240         drrr_15+rrg 
I         29       1107.59642       1133.08325       1107.59642      2.9420        drrr_15+rroi 
I         44       1104.05832       1107.59642       1104.05832      3.4050        drrr_15+rrri 
I         45       1088.03911       1104.05832       1088.03911      3.4190         drrr_15+rrg 
I         50       1087.90972       1088.03911       1087.90972      3.5400        drrr_15+rroi 
I         55       1083.34698       1087.90972       1083.34698      3.6790         drrr_15+rrg 
I         56       1080.15212       1083.34698       1080.15212      3.7130         drrr_15+rrg 
I         58       1079.36971       1080.15212       1079.36971      3.7550        drrr_15+rroi 
I         76       1079.17910       1079.36971       1079.17910      4.2040         drrr_15+rrg 
I         79       1078.94871       1079.17910       1078.94871      4.2450         drrr_15+rrg 
I         85       1076.10098       1078.94871       1076.10098      4.3100        drrr_15+rroi 
I         89       1074.88074       1076.10098       1074.88074      4.3580        drrr_15+rrri 
I         91       1073.05356       1074.88074       1073.05356      4.3690        drrr_15+rroi 
I        100       1069.27310       1073.05356       1069.27310      4.4650        drrr_15+rroi 
I        115       1069.06860       1069.27310       1069.06860      4.6880         drrr_15+rrg 
I        130       1066.91693       1069.06860       1066.91693      4.8180        drrr_15+rrri 
I        160       1066.77286       1066.91693       1066.77286      4.9970        drrr_15+rroi 
I        170       1064.29432       1066.77286       1064.29432      5.0830        drrr_15+rroi 
I        205       1062.38313       1064.29432       1062.38313      5.3300        drrr_15+rrri 
I        228       1062.27827       1062.38313       1062.27827      5.4380         drrr_15+rrg 
I        421       1061.49426       1062.27827       1061.49426      6.5220         drrr_15+rrg 
I        531       1061.40405       1061.49426       1061.40405      7.3000        drrr_15+rroi 
I        533       1060.67711       1061.40405       1060.67711      7.3210         drrr_15+rrg 
I        549       1060.47540       1060.67711       1060.47540      7.5900        drrr_15+rrri 
I        551       1060.25933       1060.47540       1060.25933      7.6520         drrr_15+rrg 
I        554       1060.20040       1060.25933       1060.20040      7.7080        drrr_15+rroi 
I        589       1059.83029       1060.20040       1059.83029      8.0580        drrr_15+rrri 
I        603       1059.74025       1059.83029       1059.74025      8.1620        drrr_15+rroi 
I        632       1059.30677       1059.74025       1059.30677      8.3410        drrr_15+rroi 
I        643       1059.30677       1059.30677       1059.30677      8.4720         drrr_15+rrg 
I        649       1059.09069       1059.30677       1059.09069      8.4970         drrr_15+rrg 
I        654       1057.71782       1059.09069       1057.71782      8.5210        drrr_15+rrri 
I        658       1057.10849       1057.71782       1057.10849      8.5580         drrr_15+rrg 
I        660       1057.07871       1057.10849       1057.07871      8.5880        drrr_15+rrri 
I        685       1056.53774       1057.07871       1056.53774      8.7910         drrr_15+rrg 
I        753       1053.82730       1056.53774       1053.82730      9.0380         drrr_15+rrg 
I        799       1051.58636       1053.82730       1051.58636      9.2690        drrr_15+rrri 
I        801       1051.33961       1051.58636       1051.33961      9.3070        drrr_15+rrri 
I        987       1051.31834       1051.33961       1051.31834     10.1300         drrr_15+rrg 
I       1019       1050.16833       1051.31834       1050.16833     10.3000        drrr_15+rrri 
I       1060       1049.67581       1050.16833       1049.67581     10.4650        drrr_15+rroi 
I       1084       1049.27594       1049.67581       1049.27594     10.6680        drrr_15+rroi 
I       1110       1047.90985       1049.27594       1047.90985     10.7720        drrr_15+rroi 
I       1139       1047.50210       1047.90985       1047.50210     10.8970        drrr_15+rrri 
I       1360       1047.34539       1047.50210       1047.34539     11.8280        drrr_15+rrri 
I       2248       1046.75752       1047.34539       1046.75752     14.8240        drrr_15+rroi 
I       2638       1045.95105       1046.75752       1045.95105     16.0750         drrr_15+rrg 
I       2692       1045.27181       1045.95105       1045.27181     16.2100        drrr_15+rroi 
I       2694       1045.16695       1045.27181       1045.16695     16.2120        drrr_15+rrri 
I       2709       1043.76922       1045.16695       1043.76922     16.2770        drrr_15+rroi 
I       2904       1043.21104       1043.76922       1043.21104     16.9330        drrr_15+rroi 
I       4372       1042.89176       1043.21104       1042.89176     20.9000         drrr_15+rrg 
I       4408       1040.47230       1042.89176       1040.47230     21.1280        drrr_15+rrri 
I       4647       1039.77150       1040.47230       1039.77150     21.8890         drrr_15+rrg 
I       4690       1039.61545       1039.77150       1039.61545     21.9890        drrr_15+rroi 
I       4696       1039.39938       1039.61545       1039.39938     22.0210        drrr_15+rroi 
I       4699       1034.16960       1039.39938       1034.16960     22.0270        drrr_15+rrri 
I       4958       1033.46745       1034.16960       1033.46745     22.8300        drrr_15+rrri 
I       4985       1032.90128       1033.46745       1032.90128     22.9140        drrr_15+rrri 
I       8962       1032.50756       1032.90128       1032.50756     32.9540        drrr_15+rroi 
I      11032       1032.21372       1032.50756       1032.21372     37.7320         drrr_15+rrg 
I      11802       1031.48166       1032.21372       1031.48166     39.4780        drrr_15+rrri 
I      17626       1024.37229       1031.48166       1024.37229     52.7840        drrr_15+rroi 
I      19792       1024.37229       1024.37229       1024.37229     58.0430        drrr_15+rroi 
I      21109       1024.26532       1024.37229       1024.26532     60.8310        drrr_15+rroi 
I      25832       1024.05286       1024.26532       1024.05286     70.6450        drrr_15+rroi 
I      25847       1023.82486       1024.05286       1023.82486     70.6790         drrr_15+rrg 
I      30000       1023.82486       1023.82486       1033.05661     79.2840         drrr_15+rrg 

Method statistics
S  method    iter  succ  succ-rate%  tot-obj-gain  avg-obj-gain  rel-succ%  net-time  net-time%  brut-time  brut-time%
S  con          1     1   100.00000  -98896.35098  -98896.35098    0.62112   1.13400    1.43030    1.13400     1.43030
S  drrr_15  29999    80     0.26668    -175.82416      -0.00586   49.68944   2.39800    3.02457    2.39800     3.02457
S  rrg      10033    26     0.25914     -61.01649      -0.00608   16.14907  34.93800   44.06690   34.93800    44.06690
S  rroi      9943    30     0.30172     -73.83721      -0.00743   18.63354  18.63800   23.50790   18.63800    23.50790
S  rrri     10023    24     0.23945     -40.97045      -0.00409   14.90683  21.59600   27.23878   21.59600    27.23878
S  SUM/AVG  59999   161     0.26834  -99247.99930      -1.65416   20.00000  78.70400   99.26845   78.70400    99.26845

T best solution: EADARPSolution(t_routing=1243.037, t_excess=366.19, obj_val=1023.825, obj_val_valid=true,
    unserved_requests=Int64[], F_visited=[205, 204, 203, 202, 206, 207, 208, 201], S_visited=Int64[],
    (1, ([193, 21, 117, 84, 20, 180, 75, 116, 171, 83, 40, 179, 136, 30, 126, 50, 146, 12, 108, 54, 150, 209, 201], [39.9453357111844], [22]))
    (2, ([194, 37, 49, 133, 145, 64, 74, 46, 160, 142, 170, 90, 25, 186, 121, 26, 80, 122, 176, 24, 120, 3, 99, 89, 185, 91, 187, 38, 134, 209, 202], [76.49193571064261], [30]))
    (3, ([195, 51, 147, 41, 17, 137, 113, 42, 138, 53, 149, 29, 125, 69, 28, 124, 165, 211, 94, 190, 203], [98.34467114017788], [18]))
    (4, ([196, 81, 177, 92, 95, 39, 191, 188, 135, 47, 143, 52, 76, 172, 148, 72, 77, 168, 173, 4, 100, 18, 114, 34, 130, 36, 132, 16, 112, 209, 204], [65.91524544073854], [30]))
    (5, ([197, 67, 163, 78, 174, 43, 9, 139, 105, 8, 14, 88, 104, 110, 184, 68, 164, 27, 22, 123, 118, 210, 31, 127, 205], [54.93868997521387], [22]))
    (6, ([198, 6, 102, 66, 35, 162, 131, 82, 178, 63, 159, 96, 192, 79, 175, 11, 10, 107, 45, 106, 141, 209, 206], [79.25345383018393], [22]))
    (7, ([199, 87, 183, 1, 97, 65, 161, 15, 111, 2, 23, 59, 98, 56, 119, 155, 152, 5, 101, 62, 32, 128, 158, 57, 153, 86, 182, 209, 207], [87.20063605176966], [28]))
    (8, ([200, 71, 73, 167, 60, 70, 169, 156, 166, 33, 129, 19, 115, 93, 189, 85, 181, 55, 48, 151, 58, 144, 154, 61, 7, 103, 157, 13, 109, 44, 140, 209, 208], [92.94664561512245], [32])))

T best obj: 1023.8248561938329
T best iteration: 25847
T total iterations: 30000
T best time [s]: 70.679
T total time [s]: 79.2840
