EADARP version ecec-dirty
ARGS: --ifile=EADARP/instances/random/r8-96-00000.txt  --gamma=0.7 --only_single_s_visits=false --odir=EADARP/solutions/random/r8-96-00000 --oname=run81
Settings:
--alns_gamma=0.025
--alns_segment_size=100
--alns_sigma1=10
--alns_sigma2=9
--alns_sigma3=3
--at_most_one_s=false
--gamma=0.7
--ifile=EADARP/instances/random/r8-96-00000.txt
--infeasible_arcs=EADARP/infeasible_arcs
--insert_charging_otf=true
--insert_cost_noise=0.014
--lns_init_temp_factor=0.0
--lns_temp_dec_factor=0.99
--log_all_sols_fname=
--mh_checkit=false
--mh_lfreq=0
--mh_lnewinc=true
--mh_tciter=-1
--mh_tctime=-1.0
--mh_titer=30000
--mh_tobj=-1.0
--mh_ttime=-1.0
--odir=EADARP/solutions/random/r8-96-00000
--ofile=
--oname=run81
--only_single_s_visits=false
--prepthreshold=0.1
--repair_max_routes=0
--route_based_ops=0
--seed=1011965315
--tightened_windows=EADARP/tightened_windows
--use_milp_in_otf=0
--xcheck_isfeasible=false

EADARPInstance(EADARP/instances/random/r8-96-00000.txt, n=96, n_K=8, S=[209, 210, 211], Q=14.85, n_F=8, γ=0.7, T_plan=720.0, F=[201, 202, 203, 204, 205, 206, 207, 208])

Percentage of arcs removed: 74.09537072392803%
Minimum Degree: 10
T preprocessing time [s]: 18.952
I       iter             best          obj_old          obj_new        time              method info
I          1       1210.22403     100096.00000       1210.22403      1.0610                 con 
I          2       1209.57060       1210.22403       1209.57060      1.1810        drrr_15+rroi 
I          4       1197.82266       1209.57060       1197.82266      1.3930        drrr_15+rroi 
I          5       1171.49782       1197.82266       1171.49782      1.4890        drrr_15+rrri 
I          7       1170.72039       1171.49782       1170.72039      1.6310        drrr_15+rroi 
I          8       1167.66449       1170.72039       1167.66449      1.7260        drrr_15+rrri 
I         11       1167.54235       1167.66449       1167.54235      2.0750        drrr_15+rrri 
I         14       1162.80410       1167.54235       1162.80410      2.3260        drrr_15+rroi 
I         15       1142.44588       1162.80410       1142.44588      2.3820        drrr_15+rrri 
I         18       1141.98901       1142.44588       1141.98901      2.7290         drrr_15+rrg 
I         20       1129.67715       1141.98901       1129.67715      3.0420         drrr_15+rrg 
I         23       1125.12800       1129.67715       1125.12800      3.2690        drrr_15+rroi 
I         27       1121.12416       1125.12800       1121.12416      3.7430         drrr_15+rrg 
I         28       1121.06594       1121.12416       1121.06594      3.7910        drrr_15+rroi 
I         35       1120.77179       1121.06594       1120.77179      4.2420        drrr_15+rroi 
I         36       1119.97509       1120.77179       1119.97509      4.2780         drrr_15+rrg 
I         38       1118.50967       1119.97509       1118.50967      4.3560         drrr_15+rrg 
I         40       1113.95624       1118.50967       1113.95624      4.4100         drrr_15+rrg 
I         41       1110.63406       1113.95624       1110.63406      4.4140        drrr_15+rrri 
I         46       1109.20266       1110.63406       1109.20266      4.6610        drrr_15+rroi 
I         49       1107.20897       1109.20266       1107.20897      4.6980         drrr_15+rrg 
I         55       1106.68629       1107.20897       1106.68629      4.8420        drrr_15+rroi 
I         91       1104.95906       1106.68629       1104.95906      5.3920        drrr_15+rroi 
I        114       1101.17574       1104.95906       1101.17574      5.7800        drrr_15+rroi 
I        127       1100.76046       1101.17574       1100.76046      5.9310         drrr_15+rrg 
I        131       1095.56904       1100.76046       1095.56904      6.0480         drrr_15+rrg 
I        148       1092.85738       1095.56904       1092.85738      6.3030        drrr_15+rrri 
I        149       1091.45450       1092.85738       1091.45450      6.3030        drrr_15+rroi 
I        151       1090.91083       1091.45450       1090.91083      6.3340        drrr_15+rrri 
I        152       1090.49849       1090.91083       1090.49849      6.3360         drrr_15+rrg 
I        153       1090.01570       1090.49849       1090.01570      6.3600        drrr_15+rrri 
I        155       1086.70537       1090.01570       1086.70537      6.4280        drrr_15+rrri 
I        157       1074.48869       1086.70537       1074.48869      6.4870        drrr_15+rroi 
I        161       1074.28948       1074.48869       1074.28948      6.5790        drrr_15+rrri 
I        192       1072.91164       1074.28948       1072.91164      6.9120        drrr_15+rrri 
I        245       1072.81839       1072.91164       1072.81839      7.3480        drrr_15+rroi 
I        254       1070.55055       1072.81839       1070.55055      7.3920         drrr_15+rrg 
I        256       1069.87968       1070.55055       1069.87968      7.3950        drrr_15+rrri 
I        262       1068.51360       1069.87968       1068.51360      7.4440         drrr_15+rrg 
I        301       1067.54892       1068.51360       1067.54892      7.8980        drrr_15+rrri 
I        302       1066.85413       1067.54892       1066.85413      7.9020        drrr_15+rrri 
I        337       1064.72718       1066.85413       1064.72718      8.2000         drrr_15+rrg 
I        392       1064.69803       1064.72718       1064.69803      8.4750        drrr_15+rrri 
I        418       1062.99896       1064.69803       1062.99896      8.6050         drrr_15+rrg 
I        433       1062.90571       1062.99896       1062.90571      8.6770        drrr_15+rrri 
I        443       1061.40635       1062.90571       1061.40635      8.7070        drrr_15+rrri 
I        444       1060.12847       1061.40635       1060.12847      8.7070        drrr_15+rrri 
I        451       1058.94788       1060.12847       1058.94788      8.7690         drrr_15+rrg 
I        452       1052.97457       1058.94788       1052.97457      8.7740        drrr_15+rroi 
I        521       1052.36469       1052.97457       1052.36469      9.1910         drrr_15+rrg 
I        951       1050.30973       1052.36469       1050.30973     11.0810        drrr_15+rrri 
I       1047       1046.58697       1050.30973       1046.58697     11.3220        drrr_15+rroi 
I       1241       1046.11468       1046.58697       1046.11468     12.0090        drrr_15+rroi 
I       1264       1044.14423       1046.11468       1044.14423     12.0470        drrr_15+rrri 
I       1290       1041.64763       1044.14423       1041.64763     12.1560         drrr_15+rrg 
I       1298       1040.76946       1041.64763       1040.76946     12.1770         drrr_15+rrg 
I       1315       1040.42233       1040.76946       1040.42233     12.2770        drrr_15+rrri 
I       1520       1039.88821       1040.42233       1039.88821     12.9610        drrr_15+rroi 
I       1522       1039.50905       1039.88821       1039.50905     12.9640         drrr_15+rrg 
I       1699       1039.30515       1039.50905       1039.30515     13.5690        drrr_15+rrri 
I       1856       1032.56592       1039.30515       1032.56592     14.2130        drrr_15+rrri 
I       2100       1032.00194       1032.56592       1032.00194     15.4820        drrr_15+rroi 
I       2103       1030.77664       1032.00194       1030.77664     15.5070         drrr_15+rrg 
I       2120       1028.94815       1030.77664       1028.94815     15.5740        drrr_15+rrri 
I       2232       1028.20308       1028.94815       1028.20308     16.1820         drrr_15+rrg 
I       2321       1027.59320       1028.20308       1027.59320     16.6580         drrr_15+rrg 
I       2599       1026.03002       1027.59320       1026.03002     17.6240        drrr_15+rrri 
I       2602       1025.43377       1026.03002       1025.43377     17.6620        drrr_15+rrri 
I       2637       1025.33936       1025.43377       1025.33936     17.8070        drrr_15+rrri 
I       2778       1024.52517       1025.33936       1024.52517     18.1820         drrr_15+rrg 
I       3060       1024.43673       1024.52517       1024.43673     19.0710        drrr_15+rrri 
I       3530       1022.79792       1024.43673       1022.79792     20.5260        drrr_15+rrri 
I       3947       1022.16307       1022.79792       1022.16307     21.8320        drrr_15+rroi 
I       3982       1020.54086       1022.16307       1020.54086     21.9540         drrr_15+rrg 
I       3983       1019.82060       1020.54086       1019.82060     21.9580        drrr_15+rroi 
I       4084       1019.21072       1019.82060       1019.21072     22.2620        drrr_15+rrri 
I       5283       1019.18572       1019.21072       1019.18572     25.9580         drrr_15+rrg 
I       5319       1019.09130       1019.18572       1019.09130     26.0790         drrr_15+rrg 
I       5349       1018.82856       1019.09130       1018.82856     26.1670         drrr_15+rrg 
I       5351       1018.48142       1018.82856       1018.48142     26.1820        drrr_15+rroi 
I       5466       1018.30871       1018.48142       1018.30871     26.5070         drrr_15+rrg 
I      21610       1018.21181       1018.30871       1018.21181     62.4070        drrr_15+rroi 
I      21684       1017.58262       1018.21181       1017.58262     62.5780        drrr_15+rrri 
I      21715       1017.24596       1017.58262       1017.24596     62.6270         drrr_15+rrg 
I      30000       1017.24596       1017.24596       1027.65603     80.9780        drrr_15+rrri 

Method statistics
S  method    iter  succ  succ-rate%  tot-obj-gain  avg-obj-gain  rel-succ%  net-time  net-time%  brut-time  brut-time%
S  con          1     1   100.00000  -98885.77597  -98885.77597    0.59880   1.06100    1.31023    1.06100     1.31023
S  drrr_15  29999    83     0.27668    -192.97807      -0.00643   49.70060   2.26201    2.79336    2.26201     2.79336
S  rrg      10047    29     0.28864     -50.51338      -0.00503   17.36527  35.30799   43.60195   35.30799    43.60195
S  rroi     10064    23     0.22854     -57.06161      -0.00567   13.77246  20.02400   24.72770   20.02400    24.72770
S  rrri      9888    31     0.31351     -85.40308      -0.00864   18.56287  21.78700   26.90484   21.78700    26.90484
S  SUM/AVG  59999   167     0.27834  -99271.73211      -1.65456   20.00000  80.44200   99.33809   80.44200    99.33809

T best solution: EADARPSolution(t_routing=1254.697, t_excess=304.894, obj_val=1017.246, obj_val_valid=true,
    unserved_requests=Int64[], F_visited=[208, 203, 201, 206, 205, 207, 204, 202], S_visited=Int64[],
    (1, ([193, 51, 147, 41, 17, 137, 113, 43, 9, 139, 105, 15, 111, 23, 119, 211, 5, 101, 32, 128, 89, 185, 13, 109, 69, 44, 140, 165, 34, 130, 86, 182, 209, 201], [20.195707878208808, 96.15821810521936], [16, 33]))
    (2, ([194, 71, 73, 167, 60, 70, 169, 156, 166, 33, 129, 53, 149, 210, 30, 126, 50, 146, 12, 108, 54, 150, 202], [64.33509531828507], [14]))
    (3, ([195, 81, 177, 95, 92, 191, 188, 19, 115, 93, 189, 68, 164, 7, 103, 209, 18, 114, 94, 190, 203], [45.88034346435166], [16]))
    (4, ([196, 1, 97, 39, 135, 47, 143, 52, 76, 172, 148, 29, 125, 96, 192, 79, 175, 57, 153, 36, 132, 16, 112, 209, 204], [77.78392773407958], [24]))
    (5, ([197, 6, 102, 66, 162, 8, 104, 88, 184, 74, 46, 142, 170, 27, 91, 123, 187, 31, 127, 209, 205], [29.18845744732582], [20]))
    (6, ([198, 67, 163, 78, 174, 65, 21, 161, 20, 117, 84, 180, 75, 116, 171, 83, 40, 179, 136, 2, 59, 98, 56, 155, 85, 152, 181, 55, 48, 151, 58, 144, 154, 28, 124, 209, 206], [104.14316519538694], [36]))
    (7, ([199, 37, 49, 133, 145, 14, 64, 110, 160, 72, 77, 168, 173, 4, 61, 100, 157, 38, 134, 22, 118, 209, 207], [38.406316294982936], [22]))
    (8, ([200, 87, 183, 35, 42, 131, 138, 82, 178, 63, 159, 90, 25, 186, 121, 26, 80, 122, 176, 24, 120, 62, 3, 99, 158, 11, 10, 107, 45, 106, 141, 209, 208], [130.6053364441418], [32])))

T best obj: 1017.2459630058845
T best iteration: 21715
T total iterations: 30000
T best time [s]: 62.627
T total time [s]: 80.9780
