EADARP version ecec-dirty
ARGS: --ifile=EADARP/instances/random/r8-96-00000.txt  --gamma=0.7 --only_single_s_visits=false --odir=EADARP/solutions/random/r8-96-00000 --oname=run91
Settings:
--alns_gamma=0.025
--alns_segment_size=100
--alns_sigma1=10
--alns_sigma2=9
--alns_sigma3=3
--at_most_one_s=false
--gamma=0.7
--ifile=EADARP/instances/random/r8-96-00000.txt
--infeasible_arcs=EADARP/infeasible_arcs
--insert_charging_otf=true
--insert_cost_noise=0.014
--lns_init_temp_factor=0.0
--lns_temp_dec_factor=0.99
--log_all_sols_fname=
--mh_checkit=false
--mh_lfreq=0
--mh_lnewinc=true
--mh_tciter=-1
--mh_tctime=-1.0
--mh_titer=30000
--mh_tobj=-1.0
--mh_ttime=-1.0
--odir=EADARP/solutions/random/r8-96-00000
--ofile=
--oname=run91
--only_single_s_visits=false
--prepthreshold=0.1
--repair_max_routes=0
--route_based_ops=0
--seed=220009400
--tightened_windows=EADARP/tightened_windows
--use_milp_in_otf=0
--xcheck_isfeasible=false

EADARPInstance(EADARP/instances/random/r8-96-00000.txt, n=96, n_K=8, S=[209, 210, 211], Q=14.85, n_F=8, γ=0.7, T_plan=720.0, F=[201, 202, 203, 204, 205, 206, 207, 208])

Percentage of arcs removed: 74.09537072392803%
Minimum Degree: 10
T preprocessing time [s]: 18.917
I       iter             best          obj_old          obj_new        time              method info
I          1       1210.22403     100096.00000       1210.22403      0.9730                 con 
I          2       1207.86245       1210.22403       1207.86245      1.0900         drrr_15+rrg 
I          3       1200.70072       1207.86245       1200.70072      1.1840        drrr_15+rrri 
I          4       1197.29639       1200.70072       1197.29639      1.2860         drrr_15+rrg 
I          5       1187.41015       1197.29639       1187.41015      1.3920         drrr_15+rrg 
I          6       1183.15183       1187.41015       1183.15183      1.5470        drrr_15+rroi 
I          7       1157.53259       1183.15183       1157.53259      1.6330         drrr_15+rrg 
I          9       1151.42035       1157.53259       1151.42035      1.7860        drrr_15+rrri 
I         10       1141.65757       1151.42035       1141.65757      1.8860         drrr_15+rrg 
I         11       1129.38002       1141.65757       1129.38002      1.9290         drrr_15+rrg 
I         13       1125.99201       1129.38002       1125.99201      2.1000        drrr_15+rrri 
I         14       1124.30139       1125.99201       1124.30139      2.1860         drrr_15+rrg 
I         20       1123.98500       1124.30139       1123.98500      2.4670        drrr_15+rroi 
I         21       1117.90299       1123.98500       1117.90299      2.4880        drrr_15+rroi 
I         22       1106.65875       1117.90299       1106.65875      2.5410        drrr_15+rrri 
I         25       1106.28251       1106.65875       1106.28251      2.6760        drrr_15+rrri 
I         27       1104.17932       1106.28251       1104.17932      2.7930        drrr_15+rroi 
I         38       1102.01730       1104.17932       1102.01730      3.4560         drrr_15+rrg 
I         39       1098.70640       1102.01730       1098.70640      3.5200         drrr_15+rrg 
I         41       1098.56929       1098.70640       1098.56929      3.6060        drrr_15+rroi 
I         43       1094.38325       1098.56929       1094.38325      3.6680        drrr_15+rrri 
I         45       1094.29006       1094.38325       1094.29006      3.7420        drrr_15+rroi 
I         48       1088.24020       1094.29006       1088.24020      3.8250        drrr_15+rroi 
I         58       1087.43378       1088.24020       1087.43378      4.1290        drrr_15+rrri 
I         61       1087.18447       1087.43378       1087.18447      4.2070        drrr_15+rrri 
I         66       1084.28364       1087.18447       1084.28364      4.2730        drrr_15+rroi 
I         80       1084.04046       1084.28364       1084.04046      4.7580        drrr_15+rrri 
I         81       1082.91126       1084.04046       1082.91126      4.7760        drrr_15+rrri 
I         83       1080.68476       1082.91126       1080.68476      4.7990        drrr_15+rrri 
I         87       1080.68128       1080.68476       1080.68128      4.8580        drrr_15+rrri 
I         88       1080.28113       1080.68128       1080.28113      4.8740         drrr_15+rrg 
I         89       1077.30168       1080.28113       1077.30168      4.9070        drrr_15+rrri 
I         92       1071.16835       1077.30168       1071.16835      4.9810        drrr_15+rrri 
I        145       1071.14764       1071.16835       1071.14764      5.5290        drrr_15+rrri 
I        153       1070.36948       1071.14764       1070.36948      5.5710        drrr_15+rrri 
I        170       1070.27506       1070.36948       1070.27506      5.7680         drrr_15+rrg 
I        175       1068.52990       1070.27506       1068.52990      5.7960        drrr_15+rrri 
I        223       1067.97172       1068.52990       1067.97172      6.1580         drrr_15+rrg 
I        237       1064.31150       1067.97172       1064.31150      6.3570        drrr_15+rroi 
I        267       1062.06965       1064.31150       1062.06965      6.5790         drrr_15+rrg 
I        320       1061.91354       1062.06965       1061.91354      7.0040        drrr_15+rrri 
I        344       1058.81195       1061.91354       1058.81195      7.1130         drrr_15+rrg 
I        347       1055.73073       1058.81195       1055.73073      7.1620        drrr_15+rroi 
I        354       1054.66867       1055.73073       1054.66867      7.2230        drrr_15+rrri 
I        356       1051.46968       1054.66867       1051.46968      7.2390        drrr_15+rroi 
I        358       1051.32530       1051.46968       1051.32530      7.2530        drrr_15+rrri 
I        367       1050.33321       1051.32530       1050.33321      7.3590         drrr_15+rrg 
I        606       1047.31253       1050.33321       1047.31253      8.6970        drrr_15+rrri 
I        619       1046.32890       1047.31253       1046.32890      8.7970        drrr_15+rrri 
I        628       1044.48563       1046.32890       1044.48563      8.8510        drrr_15+rroi 
I        660       1043.49354       1044.48563       1043.49354      9.0680        drrr_15+rrri 
I        663       1043.39912       1043.49354       1043.39912      9.0800        drrr_15+rroi 
I        705       1041.18698       1043.39912       1041.18698      9.2500         drrr_15+rrg 
I        744       1041.15199       1041.18698       1041.15199      9.3620         drrr_15+rrg 
I        837       1041.05758       1041.15199       1041.05758      9.7530        drrr_15+rroi 
I        999       1040.42385       1041.05758       1040.42385     10.3680        drrr_15+rroi 
I       1057       1040.37383       1040.42385       1040.37383     10.6480        drrr_15+rrri 
I       1067       1035.70893       1040.37383       1035.70893     10.6800        drrr_15+rrri 
I       1084       1034.25948       1035.70893       1034.25948     10.7600        drrr_15+rroi 
I       1091       1034.09788       1034.25948       1034.09788     10.7800        drrr_15+rroi 
I       1097       1033.63794       1034.09788       1033.63794     10.8800        drrr_15+rroi 
I       1151       1033.46504       1033.63794       1033.46504     11.1760        drrr_15+rroi 
I       1156       1033.29780       1033.46504       1033.29780     11.2240        drrr_15+rroi 
I       1282       1032.51963       1033.29780       1032.51963     11.8660         drrr_15+rrg 
I       1464       1032.19011       1032.51963       1032.19011     12.5750        drrr_15+rrri 
I       1472       1032.09569       1032.19011       1032.09569     12.6470        drrr_15+rrri 
I       1545       1031.86769       1032.09569       1031.86769     12.9110        drrr_15+rroi 
I       3221       1029.11184       1031.86769       1029.11184     18.1760        drrr_15+rrri 
I       3244       1028.21416       1029.11184       1028.21416     18.2270        drrr_15+rrri 
I       3282       1028.11975       1028.21416       1028.11975     18.3510         drrr_15+rrg 
I       7905       1027.02385       1028.11975       1027.02385     29.0060        drrr_15+rrri 
I       8280       1026.42668       1027.02385       1026.42668     29.9560         drrr_15+rrg 
I       8305       1025.49553       1026.42668       1025.49553     30.0460        drrr_15+rroi 
I       8386       1025.40111       1025.49553       1025.40111     30.2380        drrr_15+rroi 
I       8576       1025.03864       1025.40111       1025.03864     30.7020         drrr_15+rrg 
I       8609       1024.94423       1025.03864       1024.94423     30.7960        drrr_15+rrri 
I      12003       1024.76076       1024.94423       1024.76076     38.6360        drrr_15+rrri 
I      12031       1024.36581       1024.76076       1024.36581     38.6890        drrr_15+rrri 
I      12048       1024.13781       1024.36581       1024.13781     38.7210        drrr_15+rrri 
I      30000       1024.13781       1024.13781       1039.96204     76.7560        drrr_15+rrri 

Method statistics
S  method    iter  succ  succ-rate%  tot-obj-gain  avg-obj-gain  rel-succ%  net-time  net-time%  brut-time  brut-time%
S  con          1     1   100.00000  -98885.77597  -98885.77597    0.63694   0.97300    1.26765    0.97300     1.26765
S  drrr_15  29999    78     0.26001    -186.08622      -0.00620   49.68153   2.15500    2.80760    2.15500     2.80760
S  rrg      10036    21     0.20925     -81.94289      -0.00816   13.37580  33.69800   43.90276   33.69800    43.90276
S  rroi     10144    23     0.22674     -38.21187      -0.00377   14.64968  18.97800   24.72510   18.97800    24.72510
S  rrri      9819    34     0.34627     -65.93146      -0.00671   21.65605  20.35200   26.51519   20.35200    26.51519
S  SUM/AVG  59999   157     0.26167  -99257.94841      -1.65433   20.00000  76.15600   99.21830   76.15600    99.21830

T best solution: EADARPSolution(t_routing=1262.538, t_excess=308.937, obj_val=1024.138, obj_val_valid=true,
    unserved_requests=Int64[], F_visited=[202, 205, 208, 203, 204, 207, 206, 201], S_visited=Int64[],
    (1, ([193, 67, 163, 78, 174, 43, 9, 139, 105, 75, 8, 171, 104, 88, 184, 40, 136, 30, 126, 50, 146, 27, 22, 123, 118, 209, 201], [63.372312281926376], [26]))
    (2, ([194, 71, 73, 167, 169, 47, 143, 19, 115, 93, 189, 18, 114, 94, 190, 209, 202], [24.523031639931794], [16]))
    (3, ([195, 51, 147, 41, 17, 137, 113, 33, 129, 68, 164, 62, 158, 13, 109, 69, 44, 140, 165, 34, 130, 86, 36, 182, 132, 209, 203], [81.8147259114634], [26]))
    (4, ([196, 37, 49, 133, 145, 14, 64, 74, 110, 46, 160, 170, 142, 72, 77, 168, 173, 12, 108, 54, 150, 209, 204], [46.389761989100414], [22]))
    (5, ([197, 70, 60, 156, 166, 65, 161, 15, 111, 2, 59, 98, 56, 155, 85, 152, 181, 55, 48, 151, 58, 144, 154, 4, 61, 100, 157, 79, 175, 57, 153, 209, 205], [128.0491819953899], [32]))
    (6, ([198, 87, 183, 1, 97, 39, 135, 52, 76, 172, 148, 90, 25, 186, 121, 5, 101, 32, 128, 89, 185, 11, 10, 107, 45, 106, 141, 209, 206], [88.63922503483002], [28]))
    (7, ([199, 81, 177, 95, 92, 191, 188, 21, 117, 84, 20, 180, 116, 53, 83, 149, 179, 23, 119, 26, 80, 122, 176, 24, 120, 3, 99, 28, 124, 16, 112, 209, 207], [86.28212834529215], [32]))
    (8, ([200, 6, 102, 66, 162, 35, 42, 131, 138, 82, 178, 63, 159, 29, 125, 96, 192, 7, 103, 209, 91, 187, 38, 134, 31, 127, 208], [95.46775366758914], [20])))

T best obj: 1024.1378100560155
T best iteration: 12048
T total iterations: 30000
T best time [s]: 38.721
T total time [s]: 76.7560
