EADARP version ecec-dirty
ARGS: --ifile=EADARP/instances/random/r8-96-00000.txt  --gamma=0.7 --only_single_s_visits=false --odir=EADARP/solutions/random/r8-96-00000 --oname=run96
Settings:
--alns_gamma=0.025
--alns_segment_size=100
--alns_sigma1=10
--alns_sigma2=9
--alns_sigma3=3
--at_most_one_s=false
--gamma=0.7
--ifile=EADARP/instances/random/r8-96-00000.txt
--infeasible_arcs=EADARP/infeasible_arcs
--insert_charging_otf=true
--insert_cost_noise=0.014
--lns_init_temp_factor=0.0
--lns_temp_dec_factor=0.99
--log_all_sols_fname=
--mh_checkit=false
--mh_lfreq=0
--mh_lnewinc=true
--mh_tciter=-1
--mh_tctime=-1.0
--mh_titer=30000
--mh_tobj=-1.0
--mh_ttime=-1.0
--odir=EADARP/solutions/random/r8-96-00000
--ofile=
--oname=run96
--only_single_s_visits=false
--prepthreshold=0.1
--repair_max_routes=0
--route_based_ops=0
--seed=260118994
--tightened_windows=EADARP/tightened_windows
--use_milp_in_otf=0
--xcheck_isfeasible=false

EADARPInstance(EADARP/instances/random/r8-96-00000.txt, n=96, n_K=8, S=[209, 210, 211], Q=14.85, n_F=8, γ=0.7, T_plan=720.0, F=[201, 202, 203, 204, 205, 206, 207, 208])

Percentage of arcs removed: 74.09537072392803%
Minimum Degree: 10
T preprocessing time [s]: 17.864
I       iter             best          obj_old          obj_new        time              method info
I          1       1197.41627     100096.00000       1197.41627      0.9090                 con 
I          4       1187.77857       1197.41627       1187.77857      1.2840        drrr_15+rroi 
I          5       1180.68501       1187.77857       1180.68501      1.3640         drrr_15+rrg 
I          7       1162.65580       1180.68501       1162.65580      1.6140         drrr_15+rrg 
I          8       1156.60594       1162.65580       1156.60594      1.8140        drrr_15+rroi 
I         11       1152.54687       1156.60594       1152.54687      2.0340        drrr_15+rroi 
I         13       1140.60683       1152.54687       1140.60683      2.1940        drrr_15+rroi 
I         17       1138.45757       1140.60683       1138.45757      2.4940         drrr_15+rrg 
I         24       1135.36748       1138.45757       1135.36748      2.7960        drrr_15+rrri 
I         26       1130.22877       1135.36748       1130.22877      2.9270        drrr_15+rroi 
I         28       1126.44881       1130.22877       1126.44881      3.0440        drrr_15+rroi 
I         35       1116.52104       1126.44881       1116.52104      3.4000         drrr_15+rrg 
I         47       1116.42978       1116.52104       1116.42978      3.9440        drrr_15+rrri 
I         49       1114.90507       1116.42978       1114.90507      3.9760         drrr_15+rrg 
I         51       1112.98731       1114.90507       1112.98731      4.0640         drrr_15+rrg 
I         61       1105.25941       1112.98731       1105.25941      4.2460        drrr_15+rroi 
I         69       1103.31187       1105.25941       1103.31187      4.3740        drrr_15+rrri 
I         74       1100.84477       1103.31187       1100.84477      4.5240         drrr_15+rrg 
I         76       1096.58459       1100.84477       1096.58459      4.5980        drrr_15+rroi 
I         82       1095.30339       1096.58459       1095.30339      4.7140        drrr_15+rroi 
I         94       1089.60373       1095.30339       1089.60373      4.9640         drrr_15+rrg 
I        101       1083.69020       1089.60373       1083.69020      5.1650         drrr_15+rrg 
I        110       1080.33871       1083.69020       1080.33871      5.2920        drrr_15+rroi 
I        119       1078.32088       1080.33871       1078.32088      5.4610         drrr_15+rrg 
I        121       1078.17988       1078.32088       1078.17988      5.4710         drrr_15+rrg 
I        128       1077.89957       1078.17988       1077.89957      5.5640        drrr_15+rroi 
I        145       1075.93179       1077.89957       1075.93179      5.8540        drrr_15+rroi 
I        166       1074.97742       1075.93179       1074.97742      6.0930         drrr_15+rrg 
I        211       1074.63734       1074.97742       1074.63734      6.3950        drrr_15+rroi 
I        237       1074.42126       1074.63734       1074.42126      6.5640         drrr_15+rrg 
I        347       1074.31641       1074.42126       1074.31641      7.0540         drrr_15+rrg 
I        437       1072.95570       1074.31641       1072.95570      7.5130        drrr_15+rrri 
I        481       1072.07833       1072.95570       1072.07833      7.7460        drrr_15+rrri 
I        812       1071.97347       1072.07833       1071.97347      9.2240         drrr_15+rrg 
I        858       1069.10404       1071.97347       1069.10404      9.3750        drrr_15+rrri 
I        983       1069.00739       1069.10404       1069.00739      9.9840        drrr_15+rroi 
I       1032       1067.88778       1069.00739       1067.88778     10.2840         drrr_15+rrg 
I       1057       1067.67171       1067.88778       1067.67171     10.4480        drrr_15+rroi 
I       1146       1067.58230       1067.67171       1067.58230     10.7950        drrr_15+rrri 
I       1151       1061.79063       1067.58230       1061.79063     10.8610        drrr_15+rrri 
I       2260       1056.76767       1061.79063       1056.76767     14.9240        drrr_15+rroi 
I       2265       1056.30880       1056.76767       1056.30880     14.9460        drrr_15+rroi 
I       2267       1056.30815       1056.30880       1056.30815     14.9490         drrr_15+rrg 
I       2268       1052.95276       1056.30815       1052.95276     14.9570        drrr_15+rroi 
I       2276       1051.19514       1052.95276       1051.19514     14.9950         drrr_15+rrg 
I       2283       1050.52510       1051.19514       1050.52510     15.0240         drrr_15+rrg 
I       2355       1049.92316       1050.52510       1049.92316     15.3160         drrr_15+rrg 
I       2490       1049.61044       1049.92316       1049.61044     15.7140        drrr_15+rroi 
I       4753       1048.85672       1049.61044       1048.85672     21.6100        drrr_15+rrri 
I       4938       1048.29061       1048.85672       1048.29061     22.0110        drrr_15+rroi 
I       5154       1046.80375       1048.29061       1046.80375     22.5640         drrr_15+rrg 
I       5156       1045.64539       1046.80375       1045.64539     22.5680        drrr_15+rrri 
I       5217       1045.48553       1045.64539       1045.48553     22.6890         drrr_15+rrg 
I       5220       1045.10644       1045.48553       1045.10644     22.6980        drrr_15+rrri 
I       5317       1044.49710       1045.10644       1044.49710     22.8920        drrr_15+rrri 
I       6428       1044.03840       1044.49710       1044.03840     25.4070        drrr_15+rroi 
I       6492       1042.20651       1044.03840       1042.20651     25.5540        drrr_15+rroi 
I       6584       1040.69361       1042.20651       1040.69361     25.8350        drrr_15+rroi 
I       6637       1037.82032       1040.69361       1037.82032     25.9600         drrr_15+rrg 
I       6743       1034.97258       1037.82032       1034.97258     26.2640        drrr_15+rroi 
I       9836       1034.84000       1034.97258       1034.84000     33.4610        drrr_15+rroi 
I      11416       1033.33549       1034.84000       1033.33549     37.3540        drrr_15+rroi 
I      11440       1032.74681       1033.33549       1032.74681     37.4150        drrr_15+rroi 
I      11559       1031.75472       1032.74681       1031.75472     37.7640         drrr_15+rrg 
I      12949       1031.51428       1031.75472       1031.51428     40.9930         drrr_15+rrg 
I      13156       1030.34604       1031.51428       1030.34604     41.4540        drrr_15+rrri 
I      13516       1030.09251       1030.34604       1030.09251     42.3410        drrr_15+rrri 
I      13955       1030.06584       1030.09251       1030.06584     43.2210         drrr_15+rrg 
I      13986       1029.41905       1030.06584       1029.41905     43.3490         drrr_15+rrg 
I      14052       1029.26897       1029.41905       1029.26897     43.5040        drrr_15+rroi 
I      14312       1028.83181       1029.26897       1028.83181     44.0640        drrr_15+rrri 
I      14361       1028.48350       1028.83181       1028.48350     44.1790         drrr_15+rrg 
I      15655       1028.33128       1028.48350       1028.33128     47.2440         drrr_15+rrg 
I      15810       1027.10598       1028.33128       1027.10598     47.6980        drrr_15+rroi 
I      30000       1027.10598       1027.10598       1033.86865     79.6440         drrr_15+rrg 

Method statistics
S  method    iter  succ  succ-rate%  tot-obj-gain  avg-obj-gain  rel-succ%  net-time  net-time%  brut-time  brut-time%
S  con          1     1   100.00000  -98898.58373  -98898.58373    0.68027   0.90900    1.14133    0.90900     1.14133
S  drrr_15  29999    73     0.24334    -170.31029      -0.00568   49.65986   2.28900    2.87404    2.28900     2.87404
S  rrg       9960    29     0.29116     -69.33795      -0.00696   19.72789  34.19401   42.93356   34.19401    42.93356
S  rroi     10004    29     0.28988     -80.09543      -0.00801   19.72789  20.15000   25.30008   20.15000    25.30008
S  rrri     10035    15     0.14948     -20.87692      -0.00208   10.20408  21.44500   26.92607   21.44500    26.92607
S  SUM/AVG  59999   147     0.24500  -99239.20431      -1.65401   20.00000  78.98700   99.17508   78.98700    99.17508

T best solution: EADARPSolution(t_routing=1265.251, t_excess=312.67, obj_val=1027.106, obj_val_valid=true,
    unserved_requests=Int64[], F_visited=[201, 206, 205, 203, 204, 207, 208, 202], S_visited=Int64[],
    (1, ([193, 6, 102, 66, 35, 162, 131, 33, 129, 9, 43, 139, 105, 29, 125, 77, 173, 27, 22, 123, 118, 210, 31, 127, 201], [72.80927348196803], [22]))
    (2, ([194, 71, 73, 167, 169, 47, 143, 20, 75, 116, 171, 83, 40, 179, 136, 210, 30, 126, 50, 146, 12, 108, 54, 150, 202], [61.275092821809736], [16]))
    (3, ([195, 67, 163, 82, 178, 64, 74, 46, 160, 142, 170, 4, 100, 28, 124, 16, 112, 209, 203], [6.463259876711288], [18]))
    (4, ([196, 81, 177, 95, 92, 191, 188, 21, 117, 84, 180, 19, 115, 93, 189, 85, 181, 55, 48, 151, 58, 144, 154, 61, 7, 103, 157, 13, 109, 69, 44, 140, 165, 34, 130, 209, 204], [117.51711819758401], [36]))
    (5, ([197, 87, 183, 1, 97, 39, 135, 52, 76, 172, 148, 72, 168, 5, 101, 32, 128, 89, 185, 11, 10, 107, 45, 106, 141, 209, 205], [75.98370960305544], [26]))
    (6, ([198, 37, 49, 133, 145, 8, 14, 88, 104, 110, 184, 18, 114, 94, 190, 209, 206], [31.542392795419357], [16]))
    (7, ([199, 70, 60, 156, 166, 78, 174, 65, 161, 15, 111, 2, 23, 59, 98, 56, 119, 155, 152, 68, 164, 96, 192, 210, 79, 175, 57, 153, 86, 36, 182, 132, 209, 207], [29.467030767373757, 86.05542879842938], [24, 33]))
    (8, ([200, 51, 147, 41, 17, 137, 113, 42, 138, 53, 149, 63, 159, 90, 25, 186, 121, 26, 80, 122, 176, 24, 120, 62, 3, 158, 99, 91, 187, 38, 134, 209, 208], [136.1380507636154], [32])))

T best obj: 1027.105977951855
T best iteration: 15810
T total iterations: 30000
T best time [s]: 47.698
T total time [s]: 79.6440
