EADARP version c9cc1-dirty
ARGS: ["--mh_ttime=900", "--mh_lfreq=1", "--only_single_s_visits=0", "--gamma=0.7", "--mh_checkit=true", "--ifile=EADARP/instances/l2/a220-4400.txt", "--odir=EADARP/out/l2-s0-g0.7", "--oname=a220-4400_45"]
Settings:
--alns_gamma=0.025
--alns_segment_size=100
--alns_sigma1=10
--alns_sigma2=9
--alns_sigma3=3
--at_most_one_s=false
--gamma=0.7
--ifile=EADARP/instances/l2/a220-4400.txt
--infeasible_arcs=EADARP/infeasible_arcs
--insert_charging_otf=true
--insert_cost_noise=0.014
--lns_init_temp_factor=0.0
--lns_temp_dec_factor=0.99
--log_all_sols_fname=
--mh_checkit=true
--mh_lfreq=1
--mh_lnewinc=true
--mh_tciter=-1
--mh_tctime=-1.0
--mh_titer=30000
--mh_tobj=-1.0
--mh_ttime=900.0
--odir=EADARP/out/l2-s0-g0.7
--oname=a220-4400_45
--only_single_s_visits=false
--repair_max_routes=0
--route_based_ops=0
--seed=455050564
--tightened_windows=EADARP/tightened_windows
--use_milp_in_otf=0
--xcheck_isfeasible=false

EADARPInstance(EADARP/instances/l2/a220-4400.txt, n=4400, n_K=220, S=[9243, 9244, 9245], Q=14.85, n_F=220, γ=0.7, T_plan=1200.0)

T preprocessing time [s]: 19.65669
I       iter             best          obj_old          obj_new        time              method info
I          1      42656.94855     104400.00000      42656.94855   3371.9950                 con 

Method statistics
S  method    iter  succ  succ-rate%  tot-obj-gain  avg-obj-gain  rel-succ%  net-time  net-time%  brut-time  brut-time%
S  con          1     1   100.00000  -61743.05145  -61743.05145  100.000003369.93130   99.93880 3369.93130    99.93880
S  drrr_15      0     0         NaN       0.00000           NaN    0.00000   0.00000    0.00000    0.00000     0.00000
S  rrg          0     0         NaN       0.00000           NaN    0.00000   0.00000    0.00000    0.00000     0.00000
S  rroi         0     0         NaN       0.00000           NaN    0.00000   0.00000    0.00000    0.00000     0.00000
S  rrri         0     0         NaN       0.00000           NaN    0.00000   0.00000    0.00000    0.00000     0.00000
S  SUM/AVG      1     1   100.00000  -61743.05145  -61743.05145   20.000003369.93130   99.93880 3369.93130    99.93880

T best solution: EADARPSolution(t_routing=48113.961, t_excess=26285.912, obj_val=42656.949, obj_val_valid=true,
    unserved_requests=Int64[])

T best obj: 42656.948545835796
T best iteration: 1
T total iterations: 1
T best time [s]: 3369.931
T total time [s]: 3371.9951
