EADARP version ecec-dirty
ARGS: --ifile=EADARP/instances/random/r7-84-00000.txt  --gamma=0.7 --only_single_s_visits=false --odir=EADARP/solutions/random/r7-84-00000 --oname=run16
Settings:
--alns_gamma=0.025
--alns_segment_size=100
--alns_sigma1=10
--alns_sigma2=9
--alns_sigma3=3
--at_most_one_s=false
--gamma=0.7
--ifile=EADARP/instances/random/r7-84-00000.txt
--infeasible_arcs=EADARP/infeasible_arcs
--insert_charging_otf=true
--insert_cost_noise=0.014
--lns_init_temp_factor=0.0
--lns_temp_dec_factor=0.99
--log_all_sols_fname=
--mh_checkit=false
--mh_lfreq=0
--mh_lnewinc=true
--mh_tciter=-1
--mh_tctime=-1.0
--mh_titer=30000
--mh_tobj=-1.0
--mh_ttime=-1.0
--odir=EADARP/solutions/random/r7-84-00000
--ofile=
--oname=run16
--only_single_s_visits=false
--prepthreshold=0.1
--repair_max_routes=0
--route_based_ops=0
--seed=1648765704
--tightened_windows=EADARP/tightened_windows
--use_milp_in_otf=0
--xcheck_isfeasible=false

EADARPInstance(EADARP/instances/random/r7-84-00000.txt, n=84, n_K=7, S=[183, 184, 185], Q=14.85, n_F=7, γ=0.7, T_plan=720.0, F=[176, 177, 178, 179, 180, 181, 182])

Percentage of arcs removed: 74.25566106647187%
Minimum Degree: 11
T preprocessing time [s]: 4.859
I       iter             best          obj_old          obj_new        time              method info
I          1       1029.23673     100084.00000       1029.23673      0.2230                 con 
I          2       1023.56797       1029.23673       1023.56797      0.2380         drrr_15+rrg 
I          4       1023.10727       1023.56797       1023.10727      0.2860        drrr_15+rroi 
I          5       1019.93370       1023.10727       1019.93370      0.3030         drrr_15+rrg 
I          6       1015.34479       1019.93370       1015.34479      0.3340         drrr_15+rrg 
I          8       1013.18831       1015.34479       1013.18831      0.3650         drrr_15+rrg 
I          9       1006.63639       1013.18831       1006.63639      0.3810        drrr_15+rrri 
I         10       1001.23634       1006.63639       1001.23634      0.4140         drrr_15+rrg 
I         17        988.20064       1001.23634        988.20064      0.5240        drrr_15+rrri 
I         18        981.31779        988.20064        981.31779      0.5240        drrr_15+rroi 
I         21        974.36582        981.31779        974.36582      0.5720        drrr_15+rroi 
I         35        972.79137        974.36582        972.79137      0.6830        drrr_15+rroi 
I         42        969.90793        972.79137        969.90793      0.7330         drrr_15+rrg 
I         45        969.16804        969.90793        969.16804      0.7460        drrr_15+rrri 
I         53        964.47353        969.16804        964.47353      0.7780        drrr_15+rrri 
I         70        962.61874        964.47353        962.61874      0.8410        drrr_15+rroi 
I         86        962.37840        962.61874        962.37840      0.9370         drrr_15+rrg 
I         91        960.48187        962.37840        960.48187      0.9560         drrr_15+rrg 
I        109        957.36169        960.48187        957.36169      1.0000        drrr_15+rroi 
I        110        956.03048        957.36169        956.03048      1.0000        drrr_15+rroi 
I        117        955.77271        956.03048        955.77271      1.0170        drrr_15+rrri 
I        184        954.73755        955.77271        954.73755      1.1390        drrr_15+rroi 
I        194        953.26673        954.73755        953.26673      1.1750        drrr_15+rrri 
I        197        950.94192        953.26673        950.94192      1.1890        drrr_15+rroi 
I        199        950.30839        950.94192        950.30839      1.1930         drrr_15+rrg 
I        260        950.27787        950.30839        950.27787      1.3730        drrr_15+rrri 
I        261        950.19263        950.27787        950.19263      1.3730        drrr_15+rrri 
I        299        947.18924        950.19263        947.18924      1.4300        drrr_15+rrri 
I        319        946.87539        947.18924        946.87539      1.4610         drrr_15+rrg 
I        351        946.61610        946.87539        946.61610      1.5240        drrr_15+rrri 
I        360        945.74541        946.61610        945.74541      1.5240        drrr_15+rrri 
I        363        945.36480        945.74541        945.36480      1.5240        drrr_15+rroi 
I        404        945.28182        945.36480        945.28182      1.5870         drrr_15+rrg 
I        419        944.19627        945.28182        944.19627      1.6190        drrr_15+rroi 
I        483        944.11103        944.19627        944.11103      1.6820        drrr_15+rroi 
I        660        943.94485        944.11103        943.94485      1.8830        drrr_15+rrri 
I        669        943.61438        943.94485        943.61438      1.8880        drrr_15+rroi 
I        694        942.57765        943.61438        942.57765      1.9350         drrr_15+rrg 
I        702        941.87105        942.57765        941.87105      1.9500        drrr_15+rroi 
I        725        940.75674        941.87105        940.75674      1.9820        drrr_15+rroi 
I        745        937.36272        940.75674        937.36272      2.0140         drrr_15+rrg 
I        767        935.87720        937.36272        935.87720      2.0450        drrr_15+rrri 
I        845        935.32560        935.87720        935.32560      2.1550        drrr_15+rroi 
I       1091        935.28745        935.32560        935.28745      2.4060         drrr_15+rrg 
I       1287        934.44809        935.28745        934.44809      2.6120        drrr_15+rroi 
I       1551        933.85302        934.44809        933.85302      2.9270        drrr_15+rrri 
I       1555        933.43063        933.85302        933.43063      2.9270        drrr_15+rrri 
I       1605        932.94639        933.43063        932.94639      2.9900         drrr_15+rrg 
I       1607        932.82648        932.94639        932.82648      2.9970        drrr_15+rroi 
I       1641        932.70822        932.82648        932.70822      3.0370        drrr_15+rroi 
I       1673        932.64713        932.70822        932.64713      3.0720         drrr_15+rrg 
I       1685        932.38892        932.64713        932.38892      3.0760        drrr_15+rroi 
I       1721        931.65285        932.38892        931.65285      3.1150        drrr_15+rrri 
I       1779        931.56761        931.65285        931.56761      3.1790        drrr_15+rroi 
I       1790        928.89529        931.56761        928.89529      3.1970         drrr_15+rrg 
I       2313        927.80268        928.89529        927.80268      3.7330        drrr_15+rroi 
I       2315        927.13739        927.80268        927.13739      3.7330        drrr_15+rrri 
I       2339        926.26037        927.13739        926.26037      3.7530         drrr_15+rrg 
I       2405        926.17514        926.26037        926.17514      3.8300        drrr_15+rrri 
I       2433        924.76671        926.17514        924.76671      3.8600         drrr_15+rrg 
I       6360        924.33188        924.76671        924.33188      7.7730        drrr_15+rrri 
I       6412        924.07259        924.33188        924.07259      7.8260        drrr_15+rroi 
I       6510        923.71318        924.07259        923.71318      7.9070        drrr_15+rrri 
I       6514        923.33506        923.71318        923.33506      7.9090        drrr_15+rroi 
I       7332        922.83791        923.33506        922.83791      8.5930        drrr_15+rrri 
I       7372        922.43317        922.83791        922.43317      8.6500        drrr_15+rroi 
I       7391        922.15034        922.43317        922.15034      8.6690         drrr_15+rrg 
I      20551        921.64181        922.15034        921.64181     20.4450         drrr_15+rrg 
I      20617        921.57196        921.64181        921.57196     20.5080        drrr_15+rrri 
I      21031        919.72908        921.57196        919.72908     20.9090        drrr_15+rroi 
I      21032        918.56007        919.72908        918.56007     20.9100        drrr_15+rrri 
I      30000        918.56007        918.56007        947.01262     28.9710         drrr_15+rrg 

Method statistics
S  method    iter  succ  succ-rate%  tot-obj-gain  avg-obj-gain  rel-succ%  net-time  net-time%  brut-time  brut-time%
S  con          1     1   100.00000  -99054.76327  -99054.76327    0.70922   0.22300    0.76974    0.22300     0.76974
S  drrr_15  29999    70     0.23334    -110.67666      -0.00369   49.64539   0.85000    2.93397    0.85000     2.93397
S  rrg       9949    21     0.21108     -37.80184      -0.00380   14.89362  13.45800   46.45334   13.45800    46.45334
S  rroi      9972    26     0.26073     -35.18908      -0.00353   18.43972   6.60799   22.80899    6.60799    22.80899
S  rrri     10078    23     0.22822     -37.68574      -0.00374   16.31206   7.65401   26.41956    7.65401    26.41956
S  SUM/AVG  59999   141     0.23500  -99276.11659      -1.65463   20.00000  28.79300   99.38560   28.79300    99.38560

T best solution: EADARPSolution(t_routing=1146.306, t_excess=235.321, obj_val=918.56, obj_val_valid=true,
    unserved_requests=Int64[], F_visited=[180, 182, 179, 176, 178, 181, 177], S_visited=Int64[],
    (1, ([169, 36, 17, 101, 120, 29, 113, 64, 148, 15, 33, 117, 99, 20, 3, 87, 57, 104, 141, 10, 94, 83, 1, 85, 167, 184, 21, 105, 35, 119, 2, 86, 183, 176], [113.37104577117606, 8.864106139768666], [26, 33]))
    (2, ([170, 69, 153, 23, 107, 42, 126, 14, 98, 177], Float64[], Int64[]))
    (3, ([171, 52, 63, 136, 147, 9, 93, 28, 112, 55, 139, 18, 102, 71, 155, 12, 96, 5, 89, 31, 115, 82, 166, 183, 178], [46.482260340047546], [24]))
    (4, ([172, 44, 128, 30, 114, 32, 49, 133, 116, 59, 143, 77, 62, 161, 146, 76, 47, 160, 131, 6, 90, 183, 179], [39.03121006644722], [22]))
    (5, ([173, 38, 58, 122, 142, 67, 151, 185, 60, 41, 144, 125, 45, 129, 13, 97, 68, 152, 184, 24, 108, 79, 163, 54, 138, 19, 103, 75, 4, 88, 159, 70, 154, 183, 180], [55.37652644054428, 12.644104535897267, 65.67733296580263], [8, 19, 34]))
    (6, ([174, 39, 123, 61, 145, 43, 84, 11, 127, 168, 95, 22, 106, 74, 158, 27, 26, 111, 110, 7, 91, 53, 137, 40, 124, 50, 72, 134, 156, 37, 121, 25, 109, 183, 181], [147.73438528847308], [34]))
    (7, ([175, 73, 65, 157, 149, 8, 92, 66, 34, 150, 46, 118, 130, 48, 132, 80, 164, 81, 56, 140, 165, 78, 162, 184, 51, 135, 16, 100, 182], [101.07856157976599], [24])))

T best obj: 918.5600725033736
T best iteration: 21032
T total iterations: 30000
T best time [s]: 20.910
T total time [s]: 28.9710
