EADARP version ecec-dirty
ARGS: --ifile=EADARP/instances/random/r7-84-00000.txt  --gamma=0.7 --only_single_s_visits=false --odir=EADARP/solutions/random/r7-84-00000 --oname=run24
Settings:
--alns_gamma=0.025
--alns_segment_size=100
--alns_sigma1=10
--alns_sigma2=9
--alns_sigma3=3
--at_most_one_s=false
--gamma=0.7
--ifile=EADARP/instances/random/r7-84-00000.txt
--infeasible_arcs=EADARP/infeasible_arcs
--insert_charging_otf=true
--insert_cost_noise=0.014
--lns_init_temp_factor=0.0
--lns_temp_dec_factor=0.99
--log_all_sols_fname=
--mh_checkit=false
--mh_lfreq=0
--mh_lnewinc=true
--mh_tciter=-1
--mh_tctime=-1.0
--mh_titer=30000
--mh_tobj=-1.0
--mh_ttime=-1.0
--odir=EADARP/solutions/random/r7-84-00000
--ofile=
--oname=run24
--only_single_s_visits=false
--prepthreshold=0.1
--repair_max_routes=0
--route_based_ops=0
--seed=2077593312
--tightened_windows=EADARP/tightened_windows
--use_milp_in_otf=0
--xcheck_isfeasible=false

EADARPInstance(EADARP/instances/random/r7-84-00000.txt, n=84, n_K=7, S=[183, 184, 185], Q=14.85, n_F=7, γ=0.7, T_plan=720.0, F=[176, 177, 178, 179, 180, 181, 182])

Percentage of arcs removed: 74.25566106647187%
Minimum Degree: 11
T preprocessing time [s]: 4.991
I       iter             best          obj_old          obj_new        time              method info
I          1       1045.58394     100084.00000       1045.58394      0.2510                 con 
I          3       1025.65665       1045.58394       1025.65665      0.2930        drrr_15+rrri 
I          4       1022.61516       1025.65665       1022.61516      0.3380         drrr_15+rrg 
I          5       1017.57524       1022.61516       1017.57524      0.3580         drrr_15+rrg 
I         10       1016.70932       1017.57524       1016.70932      0.4360        drrr_15+rrri 
I         13       1010.14804       1016.70932       1010.14804      0.4550        drrr_15+rroi 
I         16       1009.66823       1010.14804       1009.66823      0.5030        drrr_15+rroi 
I         23       1002.88118       1009.66823       1002.88118      0.5500        drrr_15+rroi 
I         25        999.93719       1002.88118        999.93719      0.5740         drrr_15+rrg 
I         30        991.94082        999.93719        991.94082      0.5980        drrr_15+rroi 
I         45        990.94063        991.94082        990.94063      0.6730         drrr_15+rrg 
I         50        982.46539        990.94063        982.46539      0.7090        drrr_15+rroi 
I         57        981.21255        982.46539        981.21255      0.7410        drrr_15+rrri 
I         60        980.42834        981.21255        980.42834      0.7570         drrr_15+rrg 
I         61        978.17360        980.42834        978.17360      0.7730         drrr_15+rrg 
I         68        977.74888        978.17360        977.74888      0.8160        drrr_15+rroi 
I         74        976.94326        977.74888        976.94326      0.8570        drrr_15+rroi 
I         79        976.06306        976.94326        976.06306      0.8740        drrr_15+rrri 
I        101        971.51630        976.06306        971.51630      0.9830        drrr_15+rrri 
I        109        969.20950        971.51630        969.20950      1.0130        drrr_15+rrri 
I        113        968.55152        969.20950        968.55152      1.0170        drrr_15+rroi 
I        115        966.67494        968.55152        966.67494      1.0170        drrr_15+rroi 
I        123        964.62820        966.67494        964.62820      1.0920         drrr_15+rrg 
I        127        962.37335        964.62820        962.37335      1.1240         drrr_15+rrg 
I        141        960.27413        962.37335        960.27413      1.1580        drrr_15+rroi 
I        159        959.16266        960.27413        959.16266      1.2200         drrr_15+rrg 
I        161        958.82540        959.16266        958.82540      1.2200        drrr_15+rrri 
I        174        958.70738        958.82540        958.70738      1.2660         drrr_15+rrg 
I        185        958.22313        958.70738        958.22313      1.2840        drrr_15+rrri 
I        192        956.19248        958.22313        956.19248      1.2840        drrr_15+rrri 
I        207        954.14572        956.19248        954.14572      1.3600        drrr_15+rroi 
I        355        953.92451        954.14572        953.92451      1.6180         drrr_15+rrg 
I        361        953.69502        953.92451        953.69502      1.6320        drrr_15+rroi 
I        364        953.41397        953.69502        953.41397      1.6320         drrr_15+rrg 
I        374        950.79104        953.41397        950.79104      1.6490        drrr_15+rroi 
I       1033        950.39862        950.79104        950.39862      2.4400        drrr_15+rroi 
I       1178        950.15324        950.39862        950.15324      2.6440        drrr_15+rrri 
I       2527        949.73010        950.15324        949.73010      3.9650        drrr_15+rroi 
I       2559        949.34514        949.73010        949.34514      3.9990        drrr_15+rrri 
I       3309        948.20113        949.34514        948.20113      4.6620        drrr_15+rrri 
I       3735        945.91060        948.20113        945.91060      5.1050        drrr_15+rrri 
I       8746        943.34929        945.91060        943.34929      9.4800        drrr_15+rrri 
I       8766        943.15812        943.34929        943.15812      9.4960        drrr_15+rrri 
I       8777        942.87707        943.15812        942.87707      9.5000        drrr_15+rroi 
I       8844        942.21859        942.87707        942.21859      9.5600        drrr_15+rroi 
I       9148        940.23814        942.21859        940.23814      9.8570         drrr_15+rrg 
I       9327        939.57966        940.23814        939.57966     10.0180        drrr_15+rroi 
I      13341        939.54364        939.57966        939.54364     13.7000         drrr_15+rrg 
I      21830        935.98231        939.54364        935.98231     20.6700        drrr_15+rrri 
I      21848        935.61224        935.98231        935.61224     20.7020         drrr_15+rrg 
I      21853        934.95376        935.61224        934.95376     20.7180        drrr_15+rrri 
I      22439        931.63099        934.95376        931.63099     21.1660         drrr_15+rrg 
I      24137        929.33131        931.63099        929.33131     22.5470         drrr_15+rrg 
I      24480        926.62965        929.33131        926.62965     22.8250        drrr_15+rrri 
I      25518        926.53285        926.62965        926.53285     23.7580        drrr_15+rroi 
I      30000        926.53285        926.53285        937.56408     27.5750         drrr_15+rrg 

Method statistics
S  method    iter  succ  succ-rate%  tot-obj-gain  avg-obj-gain  rel-succ%  net-time  net-time%  brut-time  brut-time%
S  con          1     1   100.00000  -99038.41606  -99038.41606    0.91743   0.25100    0.91024    0.25100     0.91024
S  drrr_15  29999    54     0.18001    -119.05110      -0.00397   49.54128   0.77900    2.82502    0.77900     2.82502
S  rrg      10054    17     0.16909     -29.10689      -0.00290   15.59633  12.97400   47.04987   12.97400    47.04987
S  rroi      9898    19     0.19196     -43.57340      -0.00440   17.43119   6.21400   22.53490    6.21400    22.53490
S  rrri     10047    18     0.17916     -46.37081      -0.00462   16.51376   7.17200   26.00906    7.17200    26.00906
S  SUM/AVG  59999   109     0.18167  -99276.51825      -1.65464   20.00000  27.39000   99.32910   27.39000    99.32910

T best solution: EADARPSolution(t_routing=1157.056, t_excess=234.962, obj_val=926.533, obj_val_valid=true,
    unserved_requests=Int64[], F_visited=[180, 179, 181, 178, 177, 182, 176], S_visited=Int64[],
    (1, ([169, 36, 17, 101, 120, 27, 111, 68, 152, 184, 59, 143, 77, 62, 161, 146, 76, 47, 160, 131, 75, 4, 88, 159, 70, 154, 183, 176], [6.352906663318736, 65.67733296580263], [10, 27]))
    (2, ([170, 73, 65, 157, 149, 23, 107, 22, 106, 74, 28, 112, 158, 55, 139, 18, 102, 71, 155, 12, 96, 5, 89, 31, 115, 82, 166, 183, 177], [69.06276625075138], [28]))
    (3, ([171, 69, 153, 67, 151, 44, 128, 20, 3, 87, 57, 104, 141, 10, 94, 80, 164, 81, 56, 140, 165, 185, 14, 98, 35, 119, 2, 86, 183, 178], [89.72354656050612, 21.19177596865771], [22, 29]))
    (4, ([172, 52, 63, 136, 147, 9, 93, 8, 92, 66, 34, 150, 46, 118, 130, 48, 132, 40, 124, 50, 72, 156, 134, 21, 105, 183, 179], [76.56960331727345], [26]))
    (5, ([173, 64, 148, 15, 33, 117, 99, 13, 97, 42, 126, 19, 103, 6, 90, 180], Float64[], Int64[]))
    (6, ([174, 38, 58, 122, 142, 30, 114, 32, 49, 133, 116, 37, 121, 25, 109, 184, 51, 135, 16, 100, 181], [60.44991899504073], [16]))
    (7, ([175, 39, 123, 61, 145, 43, 127, 29, 84, 11, 113, 168, 95, 60, 41, 144, 125, 45, 26, 129, 110, 7, 91, 53, 137, 83, 1, 85, 167, 184, 24, 108, 79, 163, 54, 138, 78, 162, 183, 182], [36.483481841666276, 172.23845599235256], [30, 39])))

T best obj: 926.5328474091491
T best iteration: 25518
T total iterations: 30000
T best time [s]: 23.758
T total time [s]: 27.5750
