EADARP version ecec-dirty
ARGS: --ifile=EADARP/instances/random/r7-84-00000.txt  --gamma=0.7 --only_single_s_visits=false --odir=EADARP/solutions/random/r7-84-00000 --oname=run37
Settings:
--alns_gamma=0.025
--alns_segment_size=100
--alns_sigma1=10
--alns_sigma2=9
--alns_sigma3=3
--at_most_one_s=false
--gamma=0.7
--ifile=EADARP/instances/random/r7-84-00000.txt
--infeasible_arcs=EADARP/infeasible_arcs
--insert_charging_otf=true
--insert_cost_noise=0.014
--lns_init_temp_factor=0.0
--lns_temp_dec_factor=0.99
--log_all_sols_fname=
--mh_checkit=false
--mh_lfreq=0
--mh_lnewinc=true
--mh_tciter=-1
--mh_tctime=-1.0
--mh_titer=30000
--mh_tobj=-1.0
--mh_ttime=-1.0
--odir=EADARP/solutions/random/r7-84-00000
--ofile=
--oname=run37
--only_single_s_visits=false
--prepthreshold=0.1
--repair_max_routes=0
--route_based_ops=0
--seed=464379646
--tightened_windows=EADARP/tightened_windows
--use_milp_in_otf=0
--xcheck_isfeasible=false

EADARPInstance(EADARP/instances/random/r7-84-00000.txt, n=84, n_K=7, S=[183, 184, 185], Q=14.85, n_F=7, γ=0.7, T_plan=720.0, F=[176, 177, 178, 179, 180, 181, 182])

Percentage of arcs removed: 74.25566106647187%
Minimum Degree: 11
T preprocessing time [s]: 4.636
I       iter             best          obj_old          obj_new        time              method info
I          1       1044.23860     100084.00000       1044.23860      0.1990                 con 
I          2       1029.71097       1044.23860       1029.71097      0.2240         drrr_15+rrg 
I          4       1019.03415       1029.71097       1019.03415      0.3090         drrr_15+rrg 
I         10       1012.54500       1019.03415       1012.54500      0.4820        drrr_15+rrri 
I         17       1011.67790       1012.54500       1011.67790      0.5440        drrr_15+rroi 
I         25       1009.66877       1011.67790       1009.66877      0.6280        drrr_15+rroi 
I         28       1009.27400       1009.66877       1009.27400      0.6440        drrr_15+rroi 
I         29        997.83405       1009.27400        997.83405      0.6520        drrr_15+rroi 
I         45        997.21080        997.83405        997.21080      0.7380        drrr_15+rroi 
I         46        995.48907        997.21080        995.48907      0.7380         drrr_15+rrg 
I         56        984.68030        995.48907        984.68030      0.7680        drrr_15+rrri 
I         59        981.14658        984.68030        981.14658      0.7910        drrr_15+rrri 
I         60        977.14344        981.14658        977.14344      0.8110        drrr_15+rroi 
I         62        974.13994        977.14344        974.13994      0.8200        drrr_15+rrri 
I         76        968.45251        974.13994        968.45251      0.8730         drrr_15+rrg 
I         77        964.78858        968.45251        964.78858      0.8790         drrr_15+rrg 
I         81        962.93620        964.78858        962.93620      0.9110         drrr_15+rrg 
I         97        957.37315        962.93620        957.37315      0.9720        drrr_15+rrri 
I        104        954.86182        957.37315        954.86182      0.9880        drrr_15+rrri 
I        122        954.41545        954.86182        954.41545      1.0380        drrr_15+rrri 
I        128        953.93121        954.41545        953.93121      1.0520        drrr_15+rroi 
I        186        953.27273        953.93121        953.27273      1.1820        drrr_15+rrri 
I        195        952.54785        953.27273        952.54785      1.1900        drrr_15+rroi 
I        198        952.06361        952.54785        952.06361      1.2020         drrr_15+rrg 
I        199        951.84655        952.06361        951.84655      1.2150        drrr_15+rroi 
I        279        951.50627        951.84655        951.50627      1.4880         drrr_15+rrg 
I        302        951.46403        951.50627        951.46403      1.5500         drrr_15+rrg 
I        380        950.18913        951.46403        950.18913      1.6860        drrr_15+rrri 
I        385        949.97208        950.18913        949.97208      1.6880         drrr_15+rrg 
I        449        949.80499        949.97208        949.80499      1.7800        drrr_15+rroi 
I        514        948.00836        949.80499        948.00836      1.8730        drrr_15+rroi 
I        532        945.63211        948.00836        945.63211      1.9200        drrr_15+rroi 
I        549        945.22737        945.63211        945.22737      1.9440         drrr_15+rrg 
I        590        944.90792        945.22737        944.90792      2.0160        drrr_15+rroi 
I        613        943.82078        944.90792        943.82078      2.0380         drrr_15+rrg 
I        618        943.35234        943.82078        943.35234      2.0500        drrr_15+rroi 
I        637        942.67102        943.35234        942.67102      2.1220        drrr_15+rroi 
I        666        942.09438        942.67102        942.09438      2.1580         drrr_15+rrg 
I        699        942.00304        942.09438        942.00304      2.2150         drrr_15+rrg 
I        721        941.34457        942.00304        941.34457      2.2360        drrr_15+rroi 
I        851        941.05544        941.34457        941.05544      2.3940         drrr_15+rrg 
I       1057        940.95153        941.05544        940.95153      2.6180        drrr_15+rroi 
I       2159        940.76284        940.95153        940.76284      3.6690        drrr_15+rroi 
I       2198        940.56460        940.76284        940.56460      3.7020        drrr_15+rroi 
I       2289        939.82708        940.56460        939.82708      3.7980        drrr_15+rroi 
I       2356        937.62073        939.82708        937.62073      3.8390         drrr_15+rrg 
I       3857        936.91456        937.62073        936.91456      5.1910        drrr_15+rroi 
I       4051        936.77843        936.91456        936.77843      5.3340        drrr_15+rroi 
I       4338        936.66141        936.77843        936.66141      5.6180        drrr_15+rrri 
I      10218        936.12168        936.66141        936.12168     10.8810        drrr_15+rroi 
I      30000        936.12168        936.12168        944.38527     27.4580        drrr_15+rroi 

Method statistics
S  method    iter  succ  succ-rate%  tot-obj-gain  avg-obj-gain  rel-succ%  net-time  net-time%  brut-time  brut-time%
S  con          1     1   100.00000  -99039.76140  -99039.76140    1.01010   0.19900    0.72474    0.19900     0.72474
S  drrr_15  29999    49     0.16334    -108.11693      -0.00360   49.49495   0.72600    2.64404    0.72600     2.64404
S  rrg      10026    16     0.15959     -43.86907      -0.00438   16.16162  12.96800   47.22850   12.96800    47.22850
S  rroi      9992    23     0.23018     -29.84157      -0.00299   23.23232   6.45100   23.49406    6.45100    23.49406
S  rrri      9981    10     0.10019     -34.40629      -0.00345   10.10101   6.94600   25.29681    6.94600    25.29681
S  SUM/AVG  59999    99     0.16500  -99255.99525      -1.65429   20.00000  27.29000   99.38816   27.29000    99.38816

T best solution: EADARPSolution(t_routing=1166.723, t_excess=244.318, obj_val=936.122, obj_val_valid=true,
    unserved_requests=Int64[], F_visited=[180, 182, 176, 179, 181, 177, 178], S_visited=Int64[],
    (1, ([169, 52, 63, 136, 147, 13, 97, 42, 126, 54, 138, 78, 162, 184, 51, 135, 16, 100, 176], [47.148912705068895], [14]))
    (2, ([170, 36, 17, 101, 120, 29, 113, 64, 148, 15, 33, 117, 99, 60, 144, 184, 48, 132, 80, 164, 81, 56, 140, 165, 185, 14, 98, 35, 119, 2, 86, 183, 177], [39.116777164043675, 89.72354656050612, 4.557038651920629], [16, 25, 32]))
    (3, ([171, 39, 123, 61, 145, 43, 84, 11, 127, 168, 95, 22, 106, 46, 74, 130, 158, 27, 26, 111, 110, 7, 91, 49, 133, 24, 108, 79, 163, 25, 109, 183, 178], [148.07598591704357], [32]))
    (4, ([172, 38, 58, 122, 142, 67, 151, 28, 112, 53, 137, 40, 124, 50, 72, 156, 134, 21, 105, 31, 115, 82, 166, 183, 179], [55.815125679093], [24]))
    (5, ([173, 69, 153, 23, 107, 5, 89, 77, 62, 161, 146, 47, 19, 131, 103, 6, 90, 183, 180], [35.72552826212484], [18]))
    (6, ([174, 9, 93, 44, 128, 20, 3, 87, 104, 55, 139, 18, 30, 114, 102, 71, 155, 12, 96, 68, 32, 152, 116, 37, 121, 76, 160, 185, 75, 4, 88, 159, 70, 154, 183, 181], [21.079997843937132, 65.67733296580263], [28, 35]))
    (7, ([175, 73, 65, 157, 149, 8, 92, 66, 34, 150, 118, 41, 125, 45, 57, 129, 141, 10, 94, 83, 1, 85, 167, 59, 143, 183, 182], [92.80267634501867], [26])))

T best obj: 936.1216766956012
T best iteration: 10218
T total iterations: 30000
T best time [s]: 10.881
T total time [s]: 27.4580
