EADARP version ecec-dirty
ARGS: --ifile=EADARP/instances/random/r7-84-00000.txt  --gamma=0.7 --only_single_s_visits=false --odir=EADARP/solutions/random/r7-84-00000 --oname=run36
Settings:
--alns_gamma=0.025
--alns_segment_size=100
--alns_sigma1=10
--alns_sigma2=9
--alns_sigma3=3
--at_most_one_s=false
--gamma=0.7
--ifile=EADARP/instances/random/r7-84-00000.txt
--infeasible_arcs=EADARP/infeasible_arcs
--insert_charging_otf=true
--insert_cost_noise=0.014
--lns_init_temp_factor=0.0
--lns_temp_dec_factor=0.99
--log_all_sols_fname=
--mh_checkit=false
--mh_lfreq=0
--mh_lnewinc=true
--mh_tciter=-1
--mh_tctime=-1.0
--mh_titer=30000
--mh_tobj=-1.0
--mh_ttime=-1.0
--odir=EADARP/solutions/random/r7-84-00000
--ofile=
--oname=run36
--only_single_s_visits=false
--prepthreshold=0.1
--repair_max_routes=0
--route_based_ops=0
--seed=2099657089
--tightened_windows=EADARP/tightened_windows
--use_milp_in_otf=0
--xcheck_isfeasible=false

EADARPInstance(EADARP/instances/random/r7-84-00000.txt, n=84, n_K=7, S=[183, 184, 185], Q=14.85, n_F=7, γ=0.7, T_plan=720.0, F=[176, 177, 178, 179, 180, 181, 182])

Percentage of arcs removed: 74.25566106647187%
Minimum Degree: 11
T preprocessing time [s]: 5.114
I       iter             best          obj_old          obj_new        time              method info
I          1       1075.61458     100084.00000       1075.61458      0.2340                 con 
I          2       1064.09707       1075.61458       1064.09707      0.2540        drrr_15+rroi 
I          3       1047.57456       1064.09707       1047.57456      0.2740        drrr_15+rroi 
I          5       1020.24370       1047.57456       1020.24370      0.3240        drrr_15+rrri 
I         10       1019.58244       1020.24370       1019.58244      0.4140         drrr_15+rrg 
I         16       1010.67982       1019.58244       1010.67982      0.4740        drrr_15+rrri 
I         21       1004.16848       1010.67982       1004.16848      0.5540        drrr_15+rrri 
I         28        998.97208       1004.16848        998.97208      0.6050        drrr_15+rrri 
I         29        996.61192        998.97208        996.61192      0.6050        drrr_15+rroi 
I         33        995.16737        996.61192        995.16737      0.6480         drrr_15+rrg 
I         39        990.11262        995.16737        990.11262      0.6950        drrr_15+rroi 
I         48        989.75271        990.11262        989.75271      0.7440        drrr_15+rroi 
I         52        979.14893        989.75271        979.14893      0.7540         drrr_15+rrg 
I         57        977.12329        979.14893        977.12329      0.7740        drrr_15+rrri 
I         63        976.91073        977.12329        976.91073      0.8040        drrr_15+rroi 
I         77        973.30333        976.91073        973.30333      0.8540         drrr_15+rrg 
I        100        973.04556        973.30333        973.04556      0.9090        drrr_15+rrri 
I        112        971.24781        973.04556        971.24781      0.9340        drrr_15+rroi 
I        120        967.84024        971.24781        967.84024      0.9590        drrr_15+rroi 
I        135        966.93790        967.84024        966.93790      1.0170         drrr_15+rrg 
I        140        966.24760        966.93790        966.24760      1.0240        drrr_15+rrri 
I        153        963.03594        966.24760        963.03594      1.0640        drrr_15+rrri 
I        162        960.73188        963.03594        960.73188      1.0840        drrr_15+rroi 
I        173        960.37197        960.73188        960.37197      1.1040        drrr_15+rroi 
I        177        959.96723        960.37197        959.96723      1.1090         drrr_15+rrg 
I        217        957.41071        959.96723        957.41071      1.1640         drrr_15+rrg 
I        284        956.09154        957.41071        956.09154      1.2760        drrr_15+rroi 
I        291        954.60195        956.09154        954.60195      1.2860         drrr_15+rrg 
I        396        954.08354        954.60195        954.08354      1.4140        drrr_15+rrri 
I        406        949.03199        954.08354        949.03199      1.4460        drrr_15+rrri 
I        455        948.67610        949.03199        948.67610      1.5340        drrr_15+rrri 
I       2349        948.62108        948.67610        948.62108      4.1640        drrr_15+rrri 
I       2361        948.48417        948.62108        948.48417      4.1740        drrr_15+rrri 
I       2366        945.18242        948.48417        945.18242      4.1760        drrr_15+rroi 
I       2547        944.88965        945.18242        944.88965      4.3440         drrr_15+rrg 
I       2660        944.71067        944.88965        944.71067      4.4270        drrr_15+rroi 
I       2819        944.32670        944.71067        944.32670      4.5620        drrr_15+rroi 
I       3089        942.61500        944.32670        942.61500      4.8920        drrr_15+rroi 
I       3199        942.20578        942.61500        942.20578      5.0680        drrr_15+rrri 
I       3777        941.90669        942.20578        941.90669      5.9000         drrr_15+rrg 
I       6552        935.05998        941.90669        935.05998      8.7020        drrr_15+rrri 
I       6556        934.12092        935.05998        934.12092      8.7040         drrr_15+rrg 
I       6639        933.87573        934.12092        933.87573      8.8040        drrr_15+rrri 
I       6868        933.84765        933.87573        933.84765      9.0540        drrr_15+rrri 
I       6948        933.57277        933.84765        933.57277      9.1140        drrr_15+rrri 
I       7054        933.08853        933.57277        933.08853      9.2440        drrr_15+rrri 
I      11854        932.66868        933.08853        932.66868     13.3250         drrr_15+rrg 
I      20153        932.30445        932.66868        932.30445     20.3870         drrr_15+rrg 
I      20239        931.54533        932.30445        931.54533     20.4650        drrr_15+rrri 
I      20610        930.49901        931.54533        930.49901     20.7240        drrr_15+rroi 
I      20651        929.55949        930.49901        929.55949     20.7590        drrr_15+rroi 
I      21609        928.93118        929.55949        928.93118     21.6490        drrr_15+rrri 
I      30000        928.93118        928.93118        932.53859     28.2740        drrr_15+rroi 

Method statistics
S  method    iter  succ  succ-rate%  tot-obj-gain  avg-obj-gain  rel-succ%  net-time  net-time%  brut-time  brut-time%
S  con          1     1   100.00000  -99008.38542  -99008.38542    0.97087   0.23400    0.82762    0.23400     0.82762
S  drrr_15  29999    51     0.17001    -146.68339      -0.00489   49.51456   0.87700    3.10179    0.87700     3.10179
S  rrg      10109    13     0.12860     -23.98518      -0.00237   12.62136  13.21500   46.73904   13.21500    46.73904
S  rroi     10036    17     0.16939     -52.77810      -0.00526   16.50485   6.60801   23.37133    6.60801    23.37133
S  rrri      9854    21     0.21311     -69.92012      -0.00710   20.38835   7.08699   25.06541    7.08699    25.06541
S  SUM/AVG  59999   103     0.17167  -99301.75221      -1.65506   20.00000  28.02100   99.10518   28.02100    99.10518

T best solution: EADARPSolution(t_routing=1156.654, t_excess=245.762, obj_val=928.931, obj_val_valid=true,
    unserved_requests=Int64[], F_visited=[177, 182, 180, 179, 176, 178, 181], S_visited=Int64[],
    (1, ([169, 28, 112, 18, 13, 97, 102, 71, 155, 68, 152, 24, 108, 79, 163, 54, 138, 78, 77, 162, 161, 51, 135, 70, 154, 183, 176], [65.43261712213815], [26]))
    (2, ([170, 69, 153, 83, 1, 85, 167, 59, 143, 62, 146, 76, 47, 160, 131, 19, 103, 6, 90, 183, 177], [37.978123811116504], [20]))
    (3, ([171, 73, 65, 157, 149, 23, 67, 107, 151, 44, 128, 55, 139, 30, 114, 12, 96, 42, 126, 14, 98, 82, 166, 183, 178], [54.75008534665631], [24]))
    (4, ([172, 38, 58, 122, 142, 20, 3, 87, 57, 104, 141, 10, 94, 185, 32, 49, 133, 116, 37, 121, 25, 109, 184, 35, 119, 2, 86, 179], [42.07623896279941, 76.41561824446067], [14, 23]))
    (5, ([173, 39, 123, 61, 145, 43, 84, 11, 127, 168, 95, 22, 106, 46, 74, 130, 158, 27, 26, 111, 110, 7, 91, 53, 137, 40, 124, 50, 72, 156, 134, 21, 105, 183, 180], [129.06193479344202], [34]))
    (6, ([174, 36, 17, 101, 120, 29, 113, 64, 148, 15, 33, 117, 99, 60, 144, 45, 129, 81, 56, 140, 165, 185, 4, 88, 16, 100, 181], [67.49459390991512], [22]))
    (7, ([175, 52, 63, 136, 147, 9, 93, 185, 8, 92, 66, 34, 150, 118, 41, 125, 48, 132, 80, 164, 5, 89, 31, 115, 75, 159, 183, 182], [1.5078005370870795, 114.93723020533093], [8, 27])))

T best obj: 928.9311842545443
T best iteration: 21609
T total iterations: 30000
T best time [s]: 21.649
T total time [s]: 28.2740
