EADARP version ecec-dirty
ARGS: --ifile=EADARP/instances/random/r7-84-00000.txt  --gamma=0.7 --only_single_s_visits=false --odir=EADARP/solutions/random/r7-84-00000 --oname=run44
Settings:
--alns_gamma=0.025
--alns_segment_size=100
--alns_sigma1=10
--alns_sigma2=9
--alns_sigma3=3
--at_most_one_s=false
--gamma=0.7
--ifile=EADARP/instances/random/r7-84-00000.txt
--infeasible_arcs=EADARP/infeasible_arcs
--insert_charging_otf=true
--insert_cost_noise=0.014
--lns_init_temp_factor=0.0
--lns_temp_dec_factor=0.99
--log_all_sols_fname=
--mh_checkit=false
--mh_lfreq=0
--mh_lnewinc=true
--mh_tciter=-1
--mh_tctime=-1.0
--mh_titer=30000
--mh_tobj=-1.0
--mh_ttime=-1.0
--odir=EADARP/solutions/random/r7-84-00000
--ofile=
--oname=run44
--only_single_s_visits=false
--prepthreshold=0.1
--repair_max_routes=0
--route_based_ops=0
--seed=1328298830
--tightened_windows=EADARP/tightened_windows
--use_milp_in_otf=0
--xcheck_isfeasible=false

EADARPInstance(EADARP/instances/random/r7-84-00000.txt, n=84, n_K=7, S=[183, 184, 185], Q=14.85, n_F=7, γ=0.7, T_plan=720.0, F=[176, 177, 178, 179, 180, 181, 182])

Percentage of arcs removed: 74.25566106647187%
Minimum Degree: 11
T preprocessing time [s]: 5.582
I       iter             best          obj_old          obj_new        time              method info
I          1       1012.90121     100084.00000       1012.90121      0.2390                 con 
I          2       1006.73224       1012.90121       1006.73224      0.2540         drrr_15+rrg 
I          3        996.79648       1006.73224        996.79648      0.2930        drrr_15+rrri 
I          4        996.74449        996.79648        996.74449      0.3210        drrr_15+rrri 
I          8        996.49263        996.74449        996.49263      0.3840        drrr_15+rrri 
I          9        992.53413        996.49263        992.53413      0.3960        drrr_15+rroi 
I         10        984.60183        992.53413        984.60183      0.4090        drrr_15+rroi 
I         17        980.96586        984.60183        980.96586      0.4600        drrr_15+rrri 
I         27        980.82458        980.96586        980.82458      0.5150         drrr_15+rrg 
I         37        978.16841        980.82458        978.16841      0.6130        drrr_15+rroi 
I         40        973.22500        978.16841        973.22500      0.6260        drrr_15+rrri 
I         41        970.36984        973.22500        970.36984      0.6340        drrr_15+rroi 
I         43        969.89886        970.36984        969.89886      0.6370        drrr_15+rrri 
I         56        966.56972        969.89886        966.56972      0.6870        drrr_15+rroi 
I         57        962.75830        966.56972        962.75830      0.6920        drrr_15+rrri 
I         85        961.03421        962.75830        961.03421      0.7710         drrr_15+rrg 
I         99        960.32943        961.03421        960.32943      0.8420         drrr_15+rrg 
I        103        960.05879        960.32943        960.05879      0.8650        drrr_15+rroi 
I        105        959.61817        960.05879        959.61817      0.8750        drrr_15+rroi 
I        113        958.94927        959.61817        958.94927      0.8990        drrr_15+rroi 
I        135        958.72477        958.94927        958.72477      0.9860         drrr_15+rrg 
I        162        957.49268        958.72477        957.49268      1.0690         drrr_15+rrg 
I        173        955.82472        957.49268        955.82472      1.0930        drrr_15+rroi 
I        174        953.66664        955.82472        953.66664      1.0930        drrr_15+rrri 
I        177        949.75225        953.66664        949.75225      1.1180        drrr_15+rroi 
I        188        949.68241        949.75225        949.68241      1.1370        drrr_15+rroi 
I        203        949.37574        949.68241        949.37574      1.1740         drrr_15+rrg 
I        253        946.06182        949.37574        946.06182      1.2540        drrr_15+rrri 
I        268        943.42823        946.06182        943.42823      1.3130         drrr_15+rrg 
I        320        939.59304        943.42823        939.59304      1.4080        drrr_15+rroi 
I        363        938.85851        939.59304        938.85851      1.4620        drrr_15+rroi 
I        380        937.59738        938.85851        937.59738      1.4860        drrr_15+rroi 
I        401        937.23459        937.59738        937.23459      1.5090        drrr_15+rrri 
I        446        935.33442        937.23459        935.33442      1.5630        drrr_15+rroi 
I        454        934.96364        935.33442        934.96364      1.5790        drrr_15+rroi 
I        715        934.76386        934.96364        934.76386      1.9690        drrr_15+rroi 
I        776        934.21162        934.76386        934.21162      2.0600        drrr_15+rroi 
I        821        934.14178        934.21162        934.14178      2.1370         drrr_15+rrg 
I        841        933.30995        934.14178        933.30995      2.1600         drrr_15+rrg 
I       8674        932.69141        933.30995        932.69141      9.5590        drrr_15+rrri 
I      10592        932.36675        932.69141        932.36675     11.5210         drrr_15+rrg 
I      10617        931.88251        932.36675        931.88251     11.5480        drrr_15+rrri 
I      10645        931.54872        931.88251        931.54872     11.5980         drrr_15+rrg 
I      10786        928.93569        931.54872        928.93569     11.7380        drrr_15+rrri 
I      12753        927.02355        928.93569        927.02355     13.7260         drrr_15+rrg 
I      13149        926.95485        927.02355        926.95485     14.0610        drrr_15+rrri 
I      13155        926.22058        926.95485        926.22058     14.0650        drrr_15+rroi 
I      13195        925.74542        926.22058        925.74542     14.1010         drrr_15+rrg 
I      13196        925.41291        925.74542        925.41291     14.1010         drrr_15+rrg 
I      30000        925.41291        925.41291        949.30308     29.4700         drrr_15+rrg 

Method statistics
S  method    iter  succ  succ-rate%  tot-obj-gain  avg-obj-gain  rel-succ%  net-time  net-time%  brut-time  brut-time%
S  con          1     1   100.00000  -99071.09879  -99071.09879    1.03093   0.23900    0.81099    0.23900     0.81099
S  drrr_15  29999    48     0.16001     -87.48830      -0.00292   49.48454   0.87800    2.97928    0.87800     2.97928
S  rrg       9864    15     0.15207     -17.41590      -0.00177   15.46392  13.65100   46.32169   13.65100    46.32169
S  rroi     10074    19     0.18860     -37.35171      -0.00371   19.58763   6.70200   22.74177    6.70200    22.74177
S  rrri     10061    14     0.13915     -32.72070      -0.00325   14.43299   7.71300   26.17238    7.71300    26.17238
S  SUM/AVG  59999    97     0.16167  -99246.07539      -1.65413   20.00000  29.18300   99.02612   29.18300    99.02612

T best solution: EADARPSolution(t_routing=1158.009, t_excess=227.625, obj_val=925.413, obj_val_valid=true,
    unserved_requests=Int64[], F_visited=[178, 177, 180, 181, 176, 179, 182], S_visited=Int64[],
    (1, ([169, 36, 17, 101, 120, 15, 33, 117, 99, 20, 3, 87, 104, 183, 1, 85, 35, 119, 2, 86, 176], [46.06286037017374], [14]))
    (2, ([170, 73, 65, 157, 149, 44, 128, 55, 139, 30, 114, 32, 49, 133, 116, 59, 143, 37, 121, 25, 109, 184, 51, 135, 16, 100, 177], [73.37029851945856], [22]))
    (3, ([171, 69, 153, 23, 107, 22, 106, 46, 74, 130, 158, 27, 111, 13, 97, 42, 126, 81, 56, 140, 165, 185, 6, 90, 178], [63.51746766149489], [22]))
    (4, ([172, 64, 148, 66, 34, 150, 118, 57, 141, 10, 94, 185, 80, 164, 24, 108, 79, 163, 54, 138, 78, 77, 162, 161, 47, 19, 131, 103, 75, 159, 70, 154, 183, 179], [40.07728439329776, 65.67733296580263], [12, 33]))
    (5, ([173, 38, 58, 122, 142, 67, 151, 28, 112, 18, 102, 71, 155, 12, 96, 5, 89, 31, 115, 82, 166, 183, 180], [48.599885593831694], [22]))
    (6, ([174, 52, 63, 136, 147, 9, 93, 8, 92, 48, 132, 40, 124, 50, 72, 156, 134, 184, 21, 105, 62, 146, 76, 160, 4, 14, 88, 98, 183, 181], [25.817800068819565, 85.94407962007176], [18, 29]))
    (7, ([175, 39, 123, 61, 145, 43, 127, 29, 84, 11, 113, 168, 95, 60, 41, 144, 125, 45, 26, 129, 110, 7, 91, 53, 137, 83, 68, 167, 152, 183, 182], [141.94189887276357], [30])))

T best obj: 925.4129069038705
T best iteration: 13196
T total iterations: 30000
T best time [s]: 14.101
T total time [s]: 29.4700
