EADARP version ecec-dirty
ARGS: --ifile=EADARP/instances/random/r7-84-00000.txt  --gamma=0.7 --only_single_s_visits=false --odir=EADARP/solutions/random/r7-84-00000 --oname=run56
Settings:
--alns_gamma=0.025
--alns_segment_size=100
--alns_sigma1=10
--alns_sigma2=9
--alns_sigma3=3
--at_most_one_s=false
--gamma=0.7
--ifile=EADARP/instances/random/r7-84-00000.txt
--infeasible_arcs=EADARP/infeasible_arcs
--insert_charging_otf=true
--insert_cost_noise=0.014
--lns_init_temp_factor=0.0
--lns_temp_dec_factor=0.99
--log_all_sols_fname=
--mh_checkit=false
--mh_lfreq=0
--mh_lnewinc=true
--mh_tciter=-1
--mh_tctime=-1.0
--mh_titer=30000
--mh_tobj=-1.0
--mh_ttime=-1.0
--odir=EADARP/solutions/random/r7-84-00000
--ofile=
--oname=run56
--only_single_s_visits=false
--prepthreshold=0.1
--repair_max_routes=0
--route_based_ops=0
--seed=465312094
--tightened_windows=EADARP/tightened_windows
--use_milp_in_otf=0
--xcheck_isfeasible=false

EADARPInstance(EADARP/instances/random/r7-84-00000.txt, n=84, n_K=7, S=[183, 184, 185], Q=14.85, n_F=7, γ=0.7, T_plan=720.0, F=[176, 177, 178, 179, 180, 181, 182])

Percentage of arcs removed: 74.25566106647187%
Minimum Degree: 11
T preprocessing time [s]: 4.926
I       iter             best          obj_old          obj_new        time              method info
I          1       1037.87890     100084.00000       1037.87890      0.2800                 con 
I          2       1028.04118       1037.87890       1028.04118      0.3120         drrr_15+rrg 
I          5       1027.07504       1028.04118       1027.07504      0.3800        drrr_15+rrri 
I          7       1024.02388       1027.07504       1024.02388      0.4650        drrr_15+rrri 
I          9       1022.07642       1024.02388       1022.07642      0.5100        drrr_15+rrri 
I         13       1018.20767       1022.07642       1018.20767      0.5690        drrr_15+rroi 
I         15       1015.30064       1018.20767       1015.30064      0.5750        drrr_15+rroi 
I         16       1013.54522       1015.30064       1013.54522      0.5820        drrr_15+rrri 
I         20       1013.43900       1013.54522       1013.43900      0.6030         drrr_15+rrg 
I         22       1011.84393       1013.43900       1011.84393      0.6200         drrr_15+rrg 
I         24        996.89789       1011.84393        996.89789      0.6500        drrr_15+rrri 
I         26        991.42277        996.89789        991.42277      0.6600        drrr_15+rrri 
I         30        989.80902        991.42277        989.80902      0.7000         drrr_15+rrg 
I         35        986.80563        989.80902        986.80563      0.7300        drrr_15+rroi 
I         37        984.94806        986.80563        984.94806      0.7440         drrr_15+rrg 
I         38        984.63089        984.94806        984.63089      0.7440        drrr_15+rroi 
I         40        984.16394        984.63089        984.16394      0.7500         drrr_15+rrg 
I         46        982.48087        984.16394        982.48087      0.7800        drrr_15+rrri 
I         60        982.10799        982.48087        982.10799      0.8220        drrr_15+rroi 
I         72        979.04271        982.10799        979.04271      0.8500        drrr_15+rroi 
I         79        975.85850        979.04271        975.85850      0.8800        drrr_15+rroi 
I         89        973.30661        975.85850        973.30661      0.9100         drrr_15+rrg 
I         97        969.86951        973.30661        969.86951      0.9600        drrr_15+rroi 
I        103        966.54173        969.86951        966.54173      0.9850        drrr_15+rrri 
I        115        966.33686        966.54173        966.33686      1.0100         drrr_15+rrg 
I        119        962.63490        966.33686        962.63490      1.0200        drrr_15+rroi 
I        185        962.31637        962.63490        962.31637      1.1800        drrr_15+rroi 
I        232        958.90881        962.31637        958.90881      1.2800         drrr_15+rrg 
I        509        957.81179        958.90881        957.81179      1.7000        drrr_15+rrri 
I        977        957.76690        957.81179        957.76690      2.3300        drrr_15+rroi 
I       1130        956.10981        957.76690        956.10981      2.4900        drrr_15+rrri 
I       1136        955.51695        956.10981        955.51695      2.5040        drrr_15+rroi 
I       1326        952.04396        955.51695        952.04396      2.7770         drrr_15+rrg 
I       1332        950.95764        952.04396        950.95764      2.7800        drrr_15+rroi 
I       3087        950.33904        950.95764        950.33904      4.7250         drrr_15+rrg 
I      12862        949.75385        950.33904        949.75385     13.8750        drrr_15+rroi 
I      13114        949.35361        949.75385        949.35361     14.1880         drrr_15+rrg 
I      13252        948.42276        949.35361        948.42276     14.3010        drrr_15+rroi 
I      13677        945.99653        948.42276        945.99653     14.7750         drrr_15+rrg 
I      13690        944.92268        945.99653        944.92268     14.7900        drrr_15+rroi 
I      13694        942.76652        944.92268        942.76652     14.7900         drrr_15+rrg 
I      13698        941.69513        942.76652        941.69513     14.8020         drrr_15+rrg 
I      13705        938.93049        941.69513        938.93049     14.8060        drrr_15+rroi 
I      13718        938.89866        938.93049        938.89866     14.8210        drrr_15+rroi 
I      13719        938.24019        938.89866        938.24019     14.8210        drrr_15+rroi 
I      13735        937.67274        938.24019        937.67274     14.8500        drrr_15+rrri 
I      13769        936.17288        937.67274        936.17288     14.8910         drrr_15+rrg 
I      13801        934.89017        936.17288        934.89017     14.9250         drrr_15+rrg 
I      13803        931.64671        934.89017        931.64671     14.9310        drrr_15+rroi 
I      14063        931.25709        931.64671        931.25709     15.2700        drrr_15+rrri 
I      14105        931.12016        931.25709        931.12016     15.3110         drrr_15+rrg 
I      14427        927.99603        931.12016        927.99603     15.6000        drrr_15+rroi 
I      14883        927.98181        927.99603        927.98181     16.0300        drrr_15+rroi 
I      16469        927.94366        927.98181        927.94366     17.4610         drrr_15+rrg 
I      28561        927.41647        927.94366        927.41647     28.0970        drrr_15+rrri 
I      28572        924.87926        927.41647        924.87926     28.1040        drrr_15+rroi 
I      28573        922.66112        924.87926        922.66112     28.1080        drrr_15+rroi 
I      28600        922.59128        922.66112        922.59128     28.1400         drrr_15+rrg 
I      30000        922.59128        922.59128        955.80445     29.3730        drrr_15+rroi 

Method statistics
S  method    iter  succ  succ-rate%  tot-obj-gain  avg-obj-gain  rel-succ%  net-time  net-time%  brut-time  brut-time%
S  con          1     1   100.00000  -99046.12110  -99046.12110    0.86957   0.28000    0.95326    0.28000     0.95326
S  drrr_15  29999    57     0.19001    -115.28762      -0.00384   49.56522   0.74300    2.52953    0.74300     2.52953
S  rrg      10061    20     0.19879     -34.81471      -0.00346   17.39130  13.98100   47.59815   13.98100    47.59815
S  rroi      9990    24     0.24024     -43.08233      -0.00431   20.86957   6.70600   22.83048    6.70600    22.83048
S  rrri      9948    13     0.13068     -37.39058      -0.00376   11.30435   7.48600   25.48599    7.48600    25.48599
S  SUM/AVG  59999   115     0.19167  -99276.69634      -1.65464   20.00000  29.19600   99.39741   29.19600    99.39741

T best solution: EADARPSolution(t_routing=1154.842, t_excess=225.839, obj_val=922.591, obj_val_valid=true,
    unserved_requests=Int64[], F_visited=[177, 181, 179, 176, 182, 180, 178], S_visited=Int64[],
    (1, ([169, 69, 153, 23, 107, 22, 106, 60, 41, 144, 125, 45, 129, 5, 89, 31, 115, 82, 166, 183, 176], [55.881778482308725], [20]))
    (2, ([170, 52, 63, 136, 147, 9, 93, 28, 112, 18, 102, 71, 155, 12, 96, 42, 126, 19, 103, 6, 90, 183, 177], [29.15797878850603], [22]))
    (3, ([171, 36, 17, 101, 120, 15, 33, 117, 99, 20, 3, 87, 104, 13, 97, 68, 152, 24, 108, 79, 163, 54, 138, 78, 162, 184, 51, 135, 16, 100, 183, 178], [110.6737171512201, 6.474831439024358], [26, 31]))
    (4, ([172, 39, 123, 61, 145, 43, 127, 29, 84, 11, 113, 168, 95, 74, 158, 27, 26, 111, 110, 7, 91, 53, 137, 80, 164, 81, 56, 140, 165, 185, 4, 14, 88, 98, 183, 179], [91.03421504737963, 61.62246397115543], [30, 35]))
    (5, ([173, 73, 65, 157, 149, 8, 92, 66, 34, 150, 118, 57, 141, 10, 94, 185, 83, 1, 85, 167, 59, 143, 77, 62, 161, 146, 76, 47, 160, 131, 75, 159, 183, 180], [5.46381877930772, 114.93723020533093], [16, 33]))
    (6, ([174, 38, 58, 122, 142, 67, 151, 44, 128, 55, 139, 30, 114, 32, 49, 133, 116, 37, 121, 25, 109, 70, 154, 183, 181], [63.970373548540785], [24]))
    (7, ([175, 64, 46, 130, 148, 48, 132, 40, 124, 50, 72, 156, 134, 184, 21, 105, 35, 119, 2, 86, 182], [48.62558342370987], [14])))

T best obj: 922.5912792214008
T best iteration: 28600
T total iterations: 30000
T best time [s]: 28.140
T total time [s]: 29.3730
