EADARP version ecec-dirty
ARGS: --ifile=EADARP/instances/random/r7-84-00000.txt  --gamma=0.7 --only_single_s_visits=false --odir=EADARP/solutions/random/r7-84-00000 --oname=run53
Settings:
--alns_gamma=0.025
--alns_segment_size=100
--alns_sigma1=10
--alns_sigma2=9
--alns_sigma3=3
--at_most_one_s=false
--gamma=0.7
--ifile=EADARP/instances/random/r7-84-00000.txt
--infeasible_arcs=EADARP/infeasible_arcs
--insert_charging_otf=true
--insert_cost_noise=0.014
--lns_init_temp_factor=0.0
--lns_temp_dec_factor=0.99
--log_all_sols_fname=
--mh_checkit=false
--mh_lfreq=0
--mh_lnewinc=true
--mh_tciter=-1
--mh_tctime=-1.0
--mh_titer=30000
--mh_tobj=-1.0
--mh_ttime=-1.0
--odir=EADARP/solutions/random/r7-84-00000
--ofile=
--oname=run53
--only_single_s_visits=false
--prepthreshold=0.1
--repair_max_routes=0
--route_based_ops=0
--seed=954199932
--tightened_windows=EADARP/tightened_windows
--use_milp_in_otf=0
--xcheck_isfeasible=false

EADARPInstance(EADARP/instances/random/r7-84-00000.txt, n=84, n_K=7, S=[183, 184, 185], Q=14.85, n_F=7, γ=0.7, T_plan=720.0, F=[176, 177, 178, 179, 180, 181, 182])

Percentage of arcs removed: 74.25566106647187%
Minimum Degree: 11
T preprocessing time [s]: 5.509
I       iter             best          obj_old          obj_new        time              method info
I          1       1035.83840     100084.00000       1035.83840      0.2200                 con 
I          4       1035.58063       1035.83840       1035.58063      0.2920        drrr_15+rroi 
I         10       1023.86313       1035.58063       1023.86313      0.4210        drrr_15+rroi 
I         11       1018.00436       1023.86313       1018.00436      0.4520         drrr_15+rrg 
I         12       1013.37679       1018.00436       1013.37679      0.4700        drrr_15+rrri 
I         21       1010.05992       1013.37679       1010.05992      0.5640        drrr_15+rrri 
I         24       1008.45800       1010.05992       1008.45800      0.6010        drrr_15+rroi 
I         28       1008.40196       1008.45800       1008.40196      0.6590         drrr_15+rrg 
I         31       1000.41086       1008.40196       1000.41086      0.6910         drrr_15+rrg 
I         32        998.98764       1000.41086        998.98764      0.7240        drrr_15+rroi 
I         33        998.83991        998.98764        998.83991      0.7300        drrr_15+rrri 
I         35        994.47176        998.83991        994.47176      0.7400         drrr_15+rrg 
I         36        990.75950        994.47176        990.75950      0.7660        drrr_15+rrri 
I         37        983.76975        990.75950        983.76975      0.7800        drrr_15+rrri 
I         40        979.03223        983.76975        979.03223      0.8100        drrr_15+rrri 
I         42        975.40480        979.03223        975.40480      0.8340        drrr_15+rrri 
I         50        973.50990        975.40480        973.50990      0.9620        drrr_15+rroi 
I         53        972.10497        973.50990        972.10497      0.9780        drrr_15+rroi 
I         60        970.64196        972.10497        970.64196      0.9940         drrr_15+rrg 
I         62        970.57772        970.64196        970.57772      1.0110         drrr_15+rrg 
I         84        969.68751        970.57772        969.68751      1.0820        drrr_15+rroi 
I         85        969.58322        969.68751        969.58322      1.0910        drrr_15+rrri 
I         87        968.09917        969.58322        968.09917      1.1100         drrr_15+rrg 
I         92        967.31547        968.09917        967.31547      1.1400         drrr_15+rrg 
I         93        966.94540        967.31547        966.94540      1.1400        drrr_15+rroi 
I         94        966.12771        966.94540        966.12771      1.1500        drrr_15+rroi 
I         97        964.98361        966.12771        964.98361      1.1600        drrr_15+rroi 
I        103        962.41309        964.98361        962.41309      1.1740         drrr_15+rrg 
I        107        960.76635        962.41309        960.76635      1.1860        drrr_15+rrri 
I        123        960.68111        960.76635        960.68111      1.2320        drrr_15+rrri 
I        159        960.62815        960.68111        960.62815      1.3000        drrr_15+rrri 
I        164        959.90435        960.62815        959.90435      1.3400         drrr_15+rrg 
I        165        958.10000        959.90435        958.10000      1.3460         drrr_15+rrg 
I        177        958.01477        958.10000        958.01477      1.3930        drrr_15+rrri 
I        187        957.64470        958.01477        957.64470      1.4240        drrr_15+rrri 
I        195        953.60229        957.64470        953.60229      1.4310         drrr_15+rrg 
I        199        952.64427        953.60229        952.64427      1.4410         drrr_15+rrg 
I        206        951.53260        952.64427        951.53260      1.4570        drrr_15+rrri 
I        212        950.05506        951.53260        950.05506      1.4660        drrr_15+rroi 
I        262        949.96982        950.05506        949.96982      1.5350        drrr_15+rroi 
I        286        948.83720        949.96982        948.83720      1.5610        drrr_15+rroi 
I        374        946.95491        948.83720        946.95491      1.7120        drrr_15+rrri 
I        387        943.28254        946.95491        943.28254      1.7410         drrr_15+rrg 
I        388        942.58937        943.28254        942.58937      1.7410         drrr_15+rrg 
I        409        940.47855        942.58937        940.47855      1.7660        drrr_15+rrri 
I        423        939.53903        940.47855        939.53903      1.7810         drrr_15+rrg 
I       1494        938.72006        939.53903        938.72006      3.0280        drrr_15+rroi 
I       1713        938.31589        938.72006        938.31589      3.2910        drrr_15+rrri 
I       4382        937.87650        938.31589        937.87650      5.9440        drrr_15+rrri 
I       4504        937.70431        937.87650        937.70431      6.0870        drrr_15+rrri 
I       4549        936.27927        937.70431        936.27927      6.1310        drrr_15+rrri 
I       4554        935.87328        936.27927        935.87328      6.1450        drrr_15+rrri 
I       4561        935.61399        935.87328        935.61399      6.1510        drrr_15+rrri 
I       4905        933.36275        935.61399        933.36275      6.5150        drrr_15+rrri 
I       5115        933.34921        933.36275        933.34921      6.6900        drrr_15+rroi 
I       5116        932.44722        933.34921        932.44722      6.6900        drrr_15+rroi 
I       7801        932.22332        932.44722        932.22332      9.2030        drrr_15+rrri 
I       8587        932.06450        932.22332        932.06450      9.9220        drrr_15+rrri 
I       8605        931.89627        932.06450        931.89627      9.9330        drrr_15+rroi 
I       8608        931.63698        931.89627        931.63698      9.9370        drrr_15+rroi 
I       8630        930.45254        931.63698        930.45254      9.9580        drrr_15+rroi 
I       8962        930.34442        930.45254        930.34442     10.2640         drrr_15+rrg 
I       9755        929.95046        930.34442        929.95046     10.9690        drrr_15+rrri 
I      11030        929.53568        929.95046        929.53568     12.0990        drrr_15+rroi 
I      11035        929.52887        929.53568        929.52887     12.1020        drrr_15+rroi 
I      11036        928.87039        929.52887        928.87039     12.1020        drrr_15+rroi 
I      29389        927.64969        928.87039        927.64969     28.1070         drrr_15+rrg 
I      29393        927.18932        927.64969        927.18932     28.1090        drrr_15+rrri 
I      30000        927.18932        927.18932        927.84779     28.6140        drrr_15+rroi 

Method statistics
S  method    iter  succ  succ-rate%  tot-obj-gain  avg-obj-gain  rel-succ%  net-time  net-time%  brut-time  brut-time%
S  con          1     1   100.00000  -99048.16160  -99048.16160    0.74074   0.22000    0.76885    0.22000     0.76885
S  drrr_15  29999    67     0.22334    -108.64908      -0.00362   49.62963   0.81200    2.83777    0.81200     2.83777
S  rrg      10012    18     0.17978     -38.80204      -0.00388   13.33333  13.58901   47.49078   13.58901    47.49078
S  rroi     10060    22     0.21869     -28.64424      -0.00285   16.29630   6.60499   23.08309    6.60499    23.08309
S  rrri      9927    27     0.27199     -41.20280      -0.00415   20.00000   7.21600   25.21842    7.21600    25.21842
S  SUM/AVG  59999   135     0.22500  -99265.45977      -1.65445   20.00000  28.44200   99.39891   28.44200    99.39891

T best solution: EADARPSolution(t_routing=1159.344, t_excess=230.725, obj_val=927.189, obj_val_valid=true,
    unserved_requests=Int64[], F_visited=[182, 176, 181, 179, 178, 180, 177], S_visited=Int64[],
    (1, ([169, 9, 93, 44, 128, 20, 3, 87, 104, 55, 139, 83, 1, 85, 167, 24, 108, 79, 163, 14, 98, 82, 166, 183, 176], [65.38961162863765], [24]))
    (2, ([170, 69, 153, 8, 92, 64, 148, 66, 34, 150, 118, 41, 125, 45, 57, 129, 141, 10, 94, 32, 49, 133, 116, 59, 143, 37, 121, 25, 109, 183, 177], [131.72622745508204], [30]))
    (3, ([171, 52, 63, 136, 147, 13, 97, 71, 155, 12, 96, 5, 89, 31, 115, 75, 159, 70, 154, 183, 178], [28.268579174409616], [20]))
    (4, ([172, 39, 123, 61, 145, 43, 127, 29, 84, 11, 113, 168, 95, 42, 126, 54, 138, 78, 77, 162, 161, 51, 135, 183, 179], [73.44626242936168], [24]))
    (5, ([173, 73, 65, 157, 149, 23, 107, 22, 106, 46, 74, 130, 158, 27, 26, 111, 110, 7, 91, 53, 137, 80, 164, 81, 56, 140, 165, 185, 4, 88, 16, 100, 183, 180], [109.72456784761954, 9.63392622260512], [28, 33]))
    (6, ([174, 28, 112, 18, 30, 114, 102, 68, 152, 62, 146, 76, 47, 160, 131, 19, 103, 6, 90, 183, 181], [32.171884112053306], [20]))
    (7, ([175, 38, 58, 122, 142, 67, 151, 36, 17, 101, 120, 15, 33, 117, 99, 60, 144, 184, 48, 132, 40, 124, 50, 72, 156, 134, 184, 21, 105, 35, 119, 2, 86, 182], [102.29532834370934, 39.68779890247229], [18, 27])))

T best obj: 927.1893174182023
T best iteration: 29393
T total iterations: 30000
T best time [s]: 28.109
T total time [s]: 28.6140
