EADARP version ecec-dirty
ARGS: --ifile=EADARP/instances/random/r7-84-00000.txt  --gamma=0.7 --only_single_s_visits=false --odir=EADARP/solutions/random/r7-84-00000 --oname=run54
Settings:
--alns_gamma=0.025
--alns_segment_size=100
--alns_sigma1=10
--alns_sigma2=9
--alns_sigma3=3
--at_most_one_s=false
--gamma=0.7
--ifile=EADARP/instances/random/r7-84-00000.txt
--infeasible_arcs=EADARP/infeasible_arcs
--insert_charging_otf=true
--insert_cost_noise=0.014
--lns_init_temp_factor=0.0
--lns_temp_dec_factor=0.99
--log_all_sols_fname=
--mh_checkit=false
--mh_lfreq=0
--mh_lnewinc=true
--mh_tciter=-1
--mh_tctime=-1.0
--mh_titer=30000
--mh_tobj=-1.0
--mh_ttime=-1.0
--odir=EADARP/solutions/random/r7-84-00000
--ofile=
--oname=run54
--only_single_s_visits=false
--prepthreshold=0.1
--repair_max_routes=0
--route_based_ops=0
--seed=299390783
--tightened_windows=EADARP/tightened_windows
--use_milp_in_otf=0
--xcheck_isfeasible=false

EADARPInstance(EADARP/instances/random/r7-84-00000.txt, n=84, n_K=7, S=[183, 184, 185], Q=14.85, n_F=7, γ=0.7, T_plan=720.0, F=[176, 177, 178, 179, 180, 181, 182])

Percentage of arcs removed: 74.25566106647187%
Minimum Degree: 11
T preprocessing time [s]: 4.795
I       iter             best          obj_old          obj_new        time              method info
I          1       1029.04112     100084.00000       1029.04112      0.2330                 con 
I          3       1021.90891       1029.04112       1021.90891      0.2830        drrr_15+rroi 
I          9       1013.01256       1021.90891       1013.01256      0.4140         drrr_15+rrg 
I         13       1005.75142       1013.01256       1005.75142      0.4660        drrr_15+rrri 
I         15       1001.72645       1005.75142       1001.72645      0.5090         drrr_15+rrg 
I         17        994.21641       1001.72645        994.21641      0.5420         drrr_15+rrg 
I         23        990.97946        994.21641        990.97946      0.5960         drrr_15+rrg 
I         33        978.35334        990.97946        978.35334      0.6530        drrr_15+rrri 
I         38        978.00238        978.35334        978.00238      0.6740         drrr_15+rrg 
I         42        977.46540        978.00238        977.46540      0.7660        drrr_15+rrri 
I         43        976.59395        977.46540        976.59395      0.7670        drrr_15+rroi 
I         59        976.33618        976.59395        976.33618      0.8360        drrr_15+rroi 
I         61        973.30845        976.33618        973.30845      0.8410         drrr_15+rrg 
I         72        971.43047        973.30845        971.43047      0.8870        drrr_15+rrri 
I         75        970.77200        971.43047        970.77200      0.9080        drrr_15+rroi 
I        103        970.65245        970.77200        970.65245      1.0170        drrr_15+rroi 
I        124        970.28238        970.65245        970.28238      1.0680        drrr_15+rroi 
I        127        967.54690        970.28238        967.54690      1.0730        drrr_15+rrri 
I        187        963.47801        967.54690        963.47801      1.2000        drrr_15+rroi 
I        199        957.86779        963.47801        957.86779      1.2200         drrr_15+rrg 
I        227        957.48967        957.86779        957.48967      1.2720        drrr_15+rroi 
I        311        954.38408        957.48967        954.38408      1.4180         drrr_15+rrg 
I        325        954.24097        954.38408        954.24097      1.4740         drrr_15+rrg 
I        431        954.18898        954.24097        954.18898      1.7070         drrr_15+rrg 
I        457        952.21872        954.18898        952.21872      1.7580         drrr_15+rrg 
I        461        950.31458        952.21872        950.31458      1.7670         drrr_15+rrg 
I        465        949.83034        950.31458        949.83034      1.7740        drrr_15+rrri 
I        466        948.21043        949.83034        948.21043      1.7760        drrr_15+rrri 
I        477        947.14941        948.21043        947.14941      1.7940        drrr_15+rrri 
I        493        944.03778        947.14941        944.03778      1.8180        drrr_15+rroi 
I        499        943.09826        944.03778        943.09826      1.8270        drrr_15+rroi 
I        503        942.72015        943.09826        942.72015      1.8300        drrr_15+rrri 
I        701        942.66816        942.72015        942.66816      2.0710        drrr_15+rrri 
I        784        940.11323        942.66816        940.11323      2.1520        drrr_15+rroi 
I        960        939.82429        940.11323        939.82429      2.3800         drrr_15+rrg 
I        967        936.48149        939.82429        936.48149      2.3890        drrr_15+rrri 
I       1001        936.40198        936.48149        936.40198      2.4150        drrr_15+rroi 
I       1002        935.99724        936.40198        935.99724      2.4150        drrr_15+rrri 
I       1752        932.40302        935.99724        932.40302      3.2880        drrr_15+rrri 
I       5323        930.30676        932.40302        930.30676      6.8140        drrr_15+rrri 
I       5350        930.21875        930.30676        930.21875      6.8450        drrr_15+rroi 
I       5439        929.73451        930.21875        929.73451      6.9240         drrr_15+rrg 
I       6467        925.22927        929.73451        925.22927      7.8950        drrr_15+rroi 
I       6565        925.14126        925.22927        925.14126      7.9840        drrr_15+rroi 
I       6662        925.12064        925.14126        925.12064      8.0850        drrr_15+rroi 
I       7387        924.96179        925.12064        924.96179      8.7550        drrr_15+rroi 
I       7407        924.96179        924.96179        924.96179      8.7800        drrr_15+rrri 
I       8792        924.32806        924.96179        924.32806     10.0050        drrr_15+rrri 
I      17609        922.19506        924.32806        922.19506     17.5290        drrr_15+rrri 
I      30000        922.19506        922.19506        925.27258     27.6190        drrr_15+rrri 

Method statistics
S  method    iter  succ  succ-rate%  tot-obj-gain  avg-obj-gain  rel-succ%  net-time  net-time%  brut-time  brut-time%
S  con          1     1   100.00000  -99054.95888  -99054.95888    1.03093   0.23300    0.84362    0.23300     0.84362
S  drrr_15  29999    48     0.16001    -106.84606      -0.00356   49.48454   0.82900    3.00155    0.82900     3.00155
S  rrg      10113    14     0.13844     -40.60550      -0.00402   14.43299  13.30399   48.16972   13.30399    48.16972
S  rroi      9922    17     0.17134     -25.40284      -0.00256   17.52577   6.16000   22.30349    6.16000    22.30349
S  rrri      9964    17     0.17061     -40.83772      -0.00410   17.52577   6.83401   24.74386    6.83401    24.74386
S  SUM/AVG  59999    97     0.16167  -99268.65100      -1.65451   20.00000  27.36000   99.06224   27.36000    99.06224

T best solution: EADARPSolution(t_routing=1153.576, t_excess=228.051, obj_val=922.195, obj_val_valid=true,
    unserved_requests=Int64[], F_visited=[180, 182, 176, 181, 177, 178, 179], S_visited=Int64[],
    (1, ([169, 28, 112, 18, 102, 71, 155, 12, 96, 5, 89, 35, 119, 2, 86, 183, 176], [30.53952220366363], [16]))
    (2, ([170, 38, 58, 122, 142, 20, 3, 87, 57, 104, 141, 24, 108, 79, 163, 14, 98, 82, 166, 183, 177], [49.47763843121353], [20]))
    (3, ([171, 39, 123, 61, 145, 43, 84, 11, 127, 168, 95, 22, 106, 46, 74, 130, 158, 27, 26, 111, 110, 7, 91, 53, 137, 1, 85, 80, 164, 81, 56, 140, 165, 185, 16, 100, 178], [160.49119006810122], [34]))
    (4, ([172, 69, 153, 23, 107, 9, 93, 8, 92, 66, 34, 150, 118, 41, 125, 45, 129, 10, 94, 83, 68, 167, 152, 37, 121, 25, 109, 183, 179], [139.1305945151175], [28]))
    (5, ([173, 36, 17, 101, 120, 29, 113, 64, 148, 15, 33, 117, 99, 60, 144, 184, 48, 132, 40, 124, 50, 72, 156, 134, 21, 105, 31, 115, 6, 90, 180], [81.91416733752149], [16]))
    (6, ([174, 52, 63, 136, 147, 13, 97, 42, 126, 54, 138, 78, 77, 162, 161, 51, 135, 183, 181], [31.437828798683526], [18]))
    (7, ([175, 73, 65, 157, 149, 67, 151, 44, 128, 55, 139, 30, 114, 185, 32, 49, 133, 116, 59, 143, 62, 146, 76, 47, 160, 131, 19, 103, 75, 4, 88, 159, 70, 154, 183, 182], [27.908103593852033, 65.67733296580263], [14, 35])))

T best obj: 922.1950578550064
T best iteration: 17609
T total iterations: 30000
T best time [s]: 17.529
T total time [s]: 27.6190
