EADARP version ecec-dirty
ARGS: --ifile=EADARP/instances/random/r7-84-00000.txt  --gamma=0.7 --only_single_s_visits=false --odir=EADARP/solutions/random/r7-84-00000 --oname=run7
Settings:
--alns_gamma=0.025
--alns_segment_size=100
--alns_sigma1=10
--alns_sigma2=9
--alns_sigma3=3
--at_most_one_s=false
--gamma=0.7
--ifile=EADARP/instances/random/r7-84-00000.txt
--infeasible_arcs=EADARP/infeasible_arcs
--insert_charging_otf=true
--insert_cost_noise=0.014
--lns_init_temp_factor=0.0
--lns_temp_dec_factor=0.99
--log_all_sols_fname=
--mh_checkit=false
--mh_lfreq=0
--mh_lnewinc=true
--mh_tciter=-1
--mh_tctime=-1.0
--mh_titer=30000
--mh_tobj=-1.0
--mh_ttime=-1.0
--odir=EADARP/solutions/random/r7-84-00000
--ofile=
--oname=run7
--only_single_s_visits=false
--prepthreshold=0.1
--repair_max_routes=0
--route_based_ops=0
--seed=1051757232
--tightened_windows=EADARP/tightened_windows
--use_milp_in_otf=0
--xcheck_isfeasible=false

EADARPInstance(EADARP/instances/random/r7-84-00000.txt, n=84, n_K=7, S=[183, 184, 185], Q=14.85, n_F=7, γ=0.7, T_plan=720.0, F=[176, 177, 178, 179, 180, 181, 182])

Percentage of arcs removed: 74.25566106647187%
Minimum Degree: 11
T preprocessing time [s]: 4.864
I       iter             best          obj_old          obj_new        time              method info
I          1       1030.12633     100084.00000       1030.12633      0.1990                 con 
I          4       1028.19252       1030.12633       1028.19252      0.3440        drrr_15+rrri 
I          5       1016.76313       1028.19252       1016.76313      0.3710        drrr_15+rrri 
I          6       1015.71471       1016.76313       1015.71471      0.3960         drrr_15+rrg 
I          7       1009.97310       1015.71471       1009.97310      0.4180         drrr_15+rrg 
I          8       1005.36658       1009.97310       1005.36658      0.4520         drrr_15+rrg 
I          9        996.46304       1005.36658        996.46304      0.4730        drrr_15+rroi 
I         14        996.20634        996.46304        996.20634      0.5290         drrr_15+rrg 
I         20        996.18360        996.20634        996.18360      0.5990        drrr_15+rrri 
I         21        993.08621        996.18360        993.08621      0.6180         drrr_15+rrg 
I         27        986.66449        993.08621        986.66449      0.6680         drrr_15+rrg 
I         28        983.15009        986.66449        983.15009      0.6760        drrr_15+rroi 
I         36        976.87074        983.15009        976.87074      0.6990        drrr_15+rroi 
I         39        974.49202        976.87074        974.49202      0.7140         drrr_15+rrg 
I         46        973.42797        974.49202        973.42797      0.7500         drrr_15+rrg 
I         49        972.68601        973.42797        972.68601      0.7610        drrr_15+rroi 
I         51        970.47711        972.68601        970.47711      0.7630         drrr_15+rrg 
I         54        969.70534        970.47711        969.70534      0.7920        drrr_15+rrri 
I         56        969.24048        969.70534        969.24048      0.7990        drrr_15+rroi 
I         66        961.06382        969.24048        961.06382      0.8220         drrr_15+rrg 
I         68        958.96997        961.06382        958.96997      0.8370        drrr_15+rrri 
I         70        958.26351        958.96997        958.26351      0.8670         drrr_15+rrg 
I         71        956.60580        958.26351        956.60580      0.8700        drrr_15+rrri 
I         79        953.61214        956.60580        953.61214      0.9120         drrr_15+rrg 
I         80        952.61812        953.61214        952.61812      0.9120        drrr_15+rrri 
I         85        951.95284        952.61812        951.95284      0.9300        drrr_15+rrri 
I        159        950.87007        951.95284        950.87007      1.0780        drrr_15+rrri 
I        301        950.80484        950.87007        950.80484      1.3000        drrr_15+rrri 
I        310        948.90517        950.80484        948.90517      1.3140        drrr_15+rroi 
I        348        947.16079        948.90517        947.16079      1.3660         drrr_15+rrg 
I        512        945.33837        947.16079        945.33837      1.6020        drrr_15+rroi 
I        577        944.74675        945.33837        944.74675      1.6820        drrr_15+rrri 
I        806        943.08319        944.74675        943.08319      2.0370        drrr_15+rroi 
I       7356        943.04503        943.08319        943.04503      8.1570         drrr_15+rrg 
I       8810        942.49663        943.04503        942.49663      9.4690        drrr_15+rrri 
I       8818        942.16284        942.49663        942.16284      9.4860        drrr_15+rrri 
I       8977        941.37563        942.16284        941.37563      9.6220        drrr_15+rroi 
I      11000        940.78828        941.37563        940.78828     11.4240        drrr_15+rrri 
I      11054        940.30403        940.78828        940.30403     11.4850         drrr_15+rrg 
I      11125        940.23419        940.30403        940.23419     11.5560        drrr_15+rrri 
I      12365        939.37378        940.23419        939.37378     12.9100        drrr_15+rroi 
I      12481        939.37378        939.37378        939.37378     13.0030        drrr_15+rrri 
I      13345        939.12350        939.37378        939.12350     13.7160        drrr_15+rroi 
I      13398        937.95449        939.12350        937.95449     13.7990        drrr_15+rroi 
I      13871        937.91635        937.95449        937.91635     14.2220        drrr_15+rroi 
I      20724        937.53336        937.91635        937.53336     20.9520        drrr_15+rroi 
I      20749        937.46352        937.53336        937.46352     20.9680        drrr_15+rroi 
I      20822        937.22646        937.46352        937.22646     21.0450        drrr_15+rrri 
I      29772        934.87004        937.22646        934.87004     28.9650        drrr_15+rroi 
I      29818        934.38579        934.87004        934.38579     29.0020        drrr_15+rroi 
I      30000        934.38579        934.38579        934.45563     29.1360         drrr_15+rrg 

Method statistics
S  method    iter  succ  succ-rate%  tot-obj-gain  avg-obj-gain  rel-succ%  net-time  net-time%  brut-time  brut-time%
S  con          1     1   100.00000  -99053.87367  -99053.87367    1.01010   0.19900    0.68300    0.19900     0.68300
S  drrr_15  29999    49     0.16334     -95.74054      -0.00319   49.49495   0.89101    3.05809    0.89101     3.05809
S  rrg       9958    15     0.15063     -40.96759      -0.00411   15.15152  13.75599   47.21304   13.75599    47.21304
S  rroi     10046    17     0.16922     -31.68832      -0.00315   17.17172   6.83900   23.47269    6.83900    23.47269
S  rrri      9995    17     0.17009     -23.08463      -0.00231   17.17172   7.26100   24.92106    7.26100    24.92106
S  SUM/AVG  59999    99     0.16500  -99245.35475      -1.65412   20.00000  28.94600   99.34788   28.94600    99.34788

T best solution: EADARPSolution(t_routing=1155.884, t_excess=269.89, obj_val=934.386, obj_val_valid=true,
    unserved_requests=Int64[], F_visited=[180, 182, 181, 178, 177, 179, 176], S_visited=Int64[],
    (1, ([169, 52, 63, 136, 147, 9, 93, 28, 112, 18, 102, 71, 155, 54, 138, 78, 162, 184, 35, 119, 2, 86, 176], [85.56272308568253], [18]))
    (2, ([170, 69, 153, 8, 92, 66, 34, 150, 46, 118, 130, 48, 132, 40, 124, 50, 72, 156, 134, 21, 105, 31, 115, 82, 166, 183, 177], [66.28776939145061], [26]))
    (3, ([171, 36, 17, 101, 120, 15, 33, 117, 99, 20, 3, 87, 57, 104, 141, 10, 94, 83, 1, 167, 85, 49, 133, 37, 121, 25, 109, 184, 51, 135, 16, 100, 183, 178], [94.9446592546401, 22.45218868691715], [28, 33]))
    (4, ([172, 39, 123, 61, 145, 43, 127, 29, 84, 11, 113, 168, 95, 60, 41, 144, 125, 45, 129, 5, 89, 183, 179], [82.68546320619159], [22]))
    (5, ([173, 73, 65, 157, 149, 23, 107, 22, 106, 13, 97, 68, 32, 152, 116, 59, 143, 77, 62, 161, 146, 76, 47, 160, 131, 185, 6, 90, 180], [79.79351245631811], [26]))
    (6, ([174, 38, 58, 122, 142, 67, 151, 44, 128, 55, 139, 30, 114, 12, 96, 42, 126, 14, 98, 183, 181], [43.58505575433677], [20]))
    (7, ([175, 64, 74, 148, 158, 27, 26, 111, 110, 7, 91, 53, 137, 80, 164, 24, 108, 79, 163, 81, 56, 140, 165, 185, 19, 103, 75, 4, 88, 159, 70, 154, 183, 182], [47.89558954021922, 65.67733296580263], [24, 33])))

T best obj: 934.3857920899342
T best iteration: 29818
T total iterations: 30000
T best time [s]: 29.002
T total time [s]: 29.1360
