EADARP version ecec-dirty
ARGS: --ifile=EADARP/instances/random/r7-84-00000.txt  --gamma=0.7 --only_single_s_visits=false --odir=EADARP/solutions/random/r7-84-00000 --oname=run87
Settings:
--alns_gamma=0.025
--alns_segment_size=100
--alns_sigma1=10
--alns_sigma2=9
--alns_sigma3=3
--at_most_one_s=false
--gamma=0.7
--ifile=EADARP/instances/random/r7-84-00000.txt
--infeasible_arcs=EADARP/infeasible_arcs
--insert_charging_otf=true
--insert_cost_noise=0.014
--lns_init_temp_factor=0.0
--lns_temp_dec_factor=0.99
--log_all_sols_fname=
--mh_checkit=false
--mh_lfreq=0
--mh_lnewinc=true
--mh_tciter=-1
--mh_tctime=-1.0
--mh_titer=30000
--mh_tobj=-1.0
--mh_ttime=-1.0
--odir=EADARP/solutions/random/r7-84-00000
--ofile=
--oname=run87
--only_single_s_visits=false
--prepthreshold=0.1
--repair_max_routes=0
--route_based_ops=0
--seed=713872222
--tightened_windows=EADARP/tightened_windows
--use_milp_in_otf=0
--xcheck_isfeasible=false

EADARPInstance(EADARP/instances/random/r7-84-00000.txt, n=84, n_K=7, S=[183, 184, 185], Q=14.85, n_F=7, γ=0.7, T_plan=720.0, F=[176, 177, 178, 179, 180, 181, 182])

Percentage of arcs removed: 74.25566106647187%
Minimum Degree: 11
T preprocessing time [s]: 4.882
I       iter             best          obj_old          obj_new        time              method info
I          1        998.52834     100084.00000        998.52834      0.2530                 con 
I          3        998.51295        998.52834        998.51295      0.2970        drrr_15+rroi 
I          4        997.77782        998.51295        997.77782      0.3120        drrr_15+rroi 
I          7        997.37165        997.77782        997.37165      0.4920        drrr_15+rrri 
I          8        996.99706        997.37165        996.99706      0.5260        drrr_15+rroi 
I         11        995.05918        996.99706        995.05918      0.6370         drrr_15+rrg 
I         13        984.03641        995.05918        984.03641      0.6560        drrr_15+rrri 
I         17        983.80734        984.03641        983.80734      0.6970         drrr_15+rrg 
I         18        979.24781        983.80734        979.24781      0.7160         drrr_15+rrg 
I         25        976.78977        979.24781        976.78977      0.8100         drrr_15+rrg 
I         26        972.16736        976.78977        972.16736      0.8180        drrr_15+rrri 
I         27        968.85594        972.16736        968.85594      0.8420        drrr_15+rrri 
I         35        966.50375        968.85594        966.50375      0.9080        drrr_15+rroi 
I         39        961.89625        966.50375        961.89625      0.9330         drrr_15+rrg 
I         41        960.32196        961.89625        960.32196      0.9420        drrr_15+rroi 
I         45        959.05220        960.32196        959.05220      0.9570        drrr_15+rrri 
I         58        958.79291        959.05220        958.79291      1.0070        drrr_15+rrri 
I        101        958.03732        958.79291        958.03732      1.1380        drrr_15+rrri 
I        112        957.46715        958.03732        957.46715      1.1580         drrr_15+rrg 
I        118        957.37638        957.46715        957.37638      1.1780        drrr_15+rrri 
I        137        957.25359        957.37638        957.25359      1.2190         drrr_15+rrg 
I        164        952.64184        957.25359        952.64184      1.2800         drrr_15+rrg 
I        167        952.63700        952.64184        952.63700      1.2830        drrr_15+rroi 
I        792        952.63246        952.63700        952.63246      2.4200        drrr_15+rrri 
I       1021        950.78887        952.63246        950.78887      2.7820         drrr_15+rrg 
I       1047        950.74122        950.78887        950.74122      2.8180        drrr_15+rroi 
I       1294        948.36705        950.74122        948.36705      3.1540        drrr_15+rroi 
I       2180        948.32890        948.36705        948.32890      4.1840        drrr_15+rrri 
I       2399        948.21056        948.32890        948.21056      4.4100        drrr_15+rrri 
I       3209        947.54563        948.21056        947.54563      5.2450        drrr_15+rrri 
I       3239        946.81279        947.54563        946.81279      5.2770        drrr_15+rrri 
I       3268        944.13622        946.81279        944.13622      5.3100         drrr_15+rrg 
I       3270        942.81580        944.13622        942.81580      5.3100        drrr_15+rrri 
I       3294        942.61740        942.81580        942.61740      5.3280        drrr_15+rroi 
I       3297        941.87417        942.61740        941.87417      5.3320        drrr_15+rroi 
I       3336        940.32142        941.87417        940.32142      5.3800         drrr_15+rrg 
I       3355        940.05053        940.32142        940.05053      5.3980        drrr_15+rroi 
I       3357        939.95877        940.05053        939.95877      5.4010        drrr_15+rrri 
I       3437        939.21123        939.95877        939.21123      5.4980         drrr_15+rrg 
I       3460        937.41081        939.21123        937.41081      5.5350         drrr_15+rrg 
I       3466        937.03802        937.41081        937.03802      5.5400         drrr_15+rrg 
I       3479        936.37273        937.03802        936.37273      5.5580        drrr_15+rrri 
I       3495        935.98451        936.37273        935.98451      5.5760        drrr_15+rroi 
I       3505        935.49452        935.98451        935.49452      5.5920         drrr_15+rrg 
I       3725        934.82468        935.49452        934.82468      5.8920         drrr_15+rrg 
I       3730        934.06556        934.82468        934.06556      5.8960         drrr_15+rrg 
I       3739        933.66328        934.06556        933.66328      5.9080        drrr_15+rroi 
I       4285        932.68086        933.66328        932.68086      6.4760        drrr_15+rroi 
I       7076        932.46672        932.68086        932.46672      9.1580        drrr_15+rrri 
I      27746        932.35451        932.46672        932.35451     27.6340        drrr_15+rroi 
I      27761        932.09522        932.35451        932.09522     27.6430        drrr_15+rroi 
I      30000        932.09522        932.09522        932.09522     29.5410         drrr_15+rrg 

Method statistics
S  method    iter  succ  succ-rate%  tot-obj-gain  avg-obj-gain  rel-succ%  net-time  net-time%  brut-time  brut-time%
S  con          1     1   100.00000  -99085.47166  -99085.47166    0.99010   0.25300    0.85644    0.25300     0.85644
S  drrr_15  29999    50     0.16667     -66.43312      -0.00221   49.50495   0.91700    3.10417    0.91700     3.10417
S  rrg      10028    17     0.16953     -30.00935      -0.00299   16.83168  13.66799   46.26785   13.66799    46.26785
S  rroi     10104    16     0.15835     -10.83516      -0.00107   15.84158   7.04501   23.84825    7.04501    23.84825
S  rrri      9867    17     0.17229     -25.58860      -0.00259   16.83168   7.40200   25.05670    7.40200    25.05670
S  SUM/AVG  59999   101     0.16834  -99218.33790      -1.65367   20.00000  29.28500   99.13341   29.28500    99.13341

T best solution: EADARPSolution(t_routing=1165.347, t_excess=232.339, obj_val=932.095, obj_val_valid=true,
    unserved_requests=Int64[], F_visited=[182, 180, 181, 178, 176, 177, 179], S_visited=Int64[],
    (1, ([169, 36, 17, 101, 120, 29, 113, 64, 148, 15, 33, 117, 99, 60, 144, 45, 57, 129, 141, 10, 94, 83, 1, 85, 167, 184, 21, 105, 31, 115, 82, 166, 176], [105.29516841173904], [26]))
    (2, ([170, 69, 153, 23, 107, 9, 93, 20, 3, 87, 104, 183, 80, 164, 24, 79, 108, 163, 54, 138, 19, 103, 6, 90, 177], [64.49212015673248], [12]))
    (3, ([171, 73, 65, 157, 149, 8, 92, 66, 34, 150, 118, 41, 125, 48, 132, 185, 32, 49, 133, 116, 59, 143, 77, 62, 161, 146, 76, 47, 160, 131, 75, 159, 183, 178], [15.478334340011116, 114.93723020533093], [16, 33]))
    (4, ([172, 52, 63, 136, 147, 13, 97, 42, 126, 81, 56, 140, 165, 4, 14, 88, 98, 183, 179], [22.990805141951558], [18]))
    (5, ([173, 38, 58, 122, 142, 67, 151, 44, 128, 55, 139, 30, 114, 12, 96, 5, 89, 78, 162, 184, 35, 119, 2, 86, 183, 180], [97.94808414580281, 17.614848274965166], [20, 25]))
    (6, ([174, 28, 112, 18, 102, 71, 155, 68, 152, 37, 121, 25, 109, 70, 154, 183, 181], [8.54915305837697], [16]))
    (7, ([175, 39, 123, 61, 145, 43, 84, 11, 127, 168, 95, 22, 106, 46, 74, 130, 158, 27, 26, 111, 110, 7, 91, 53, 137, 40, 124, 50, 72, 156, 134, 184, 51, 135, 16, 100, 182], [151.04164536110318], [32])))

T best obj: 932.0952201421628
T best iteration: 27761
T total iterations: 30000
T best time [s]: 27.643
T total time [s]: 29.5410
