EADARP version ecec-dirty
ARGS: --ifile=EADARP/instances/random/r7-84-00000.txt  --gamma=0.7 --only_single_s_visits=false --odir=EADARP/solutions/random/r7-84-00000 --oname=run84
Settings:
--alns_gamma=0.025
--alns_segment_size=100
--alns_sigma1=10
--alns_sigma2=9
--alns_sigma3=3
--at_most_one_s=false
--gamma=0.7
--ifile=EADARP/instances/random/r7-84-00000.txt
--infeasible_arcs=EADARP/infeasible_arcs
--insert_charging_otf=true
--insert_cost_noise=0.014
--lns_init_temp_factor=0.0
--lns_temp_dec_factor=0.99
--log_all_sols_fname=
--mh_checkit=false
--mh_lfreq=0
--mh_lnewinc=true
--mh_tciter=-1
--mh_tctime=-1.0
--mh_titer=30000
--mh_tobj=-1.0
--mh_ttime=-1.0
--odir=EADARP/solutions/random/r7-84-00000
--ofile=
--oname=run84
--only_single_s_visits=false
--prepthreshold=0.1
--repair_max_routes=0
--route_based_ops=0
--seed=207431019
--tightened_windows=EADARP/tightened_windows
--use_milp_in_otf=0
--xcheck_isfeasible=false

EADARPInstance(EADARP/instances/random/r7-84-00000.txt, n=84, n_K=7, S=[183, 184, 185], Q=14.85, n_F=7, γ=0.7, T_plan=720.0, F=[176, 177, 178, 179, 180, 181, 182])

Percentage of arcs removed: 74.25566106647187%
Minimum Degree: 11
T preprocessing time [s]: 4.794
I       iter             best          obj_old          obj_new        time              method info
I          1       1082.21148     100084.00000       1082.21148      0.2830                 con 
I          2       1054.55921       1082.21148       1054.55921      0.5820         drrr_15+rrg 
I          3       1048.74669       1054.55921       1048.74669      0.6150         drrr_15+rrg 
I         10       1047.00939       1048.74669       1047.00939      0.7880        drrr_15+rroi 
I         13       1030.61296       1047.00939       1030.61296      0.8350        drrr_15+rroi 
I         14       1029.95845       1030.61296       1029.95845      0.8510        drrr_15+rrri 
I         15       1023.43144       1029.95845       1023.43144      0.8530        drrr_15+rroi 
I         16       1023.09475       1023.43144       1023.09475      0.8740         drrr_15+rrg 
I         17       1014.78243       1023.09475       1014.78243      0.8830        drrr_15+rrri 
I         19       1007.77229       1014.78243       1007.77229      0.8990        drrr_15+rroi 
I         24       1006.31958       1007.77229       1006.31958      0.9770         drrr_15+rrg 
I         28       1005.55119       1006.31958       1005.55119      0.9950        drrr_15+rrri 
I         29        998.33295       1005.55119        998.33295      1.0090        drrr_15+rroi 
I         30        998.12565        998.33295        998.12565      1.0250         drrr_15+rrg 
I         41        997.86513        998.12565        997.86513      1.1350         drrr_15+rrg 
I         42        996.71560        997.86513        996.71560      1.1350        drrr_15+rroi 
I         58        991.93437        996.71560        991.93437      1.2140         drrr_15+rrg 
I         69        991.56957        991.93437        991.56957      1.2610        drrr_15+rrri 
I         70        988.13595        991.56957        988.13595      1.2610        drrr_15+rroi 
I         76        983.95306        988.13595        983.95306      1.2920         drrr_15+rrg 
I         80        983.77939        983.95306        983.77939      1.3080        drrr_15+rroi 
I         83        982.75504        983.77939        982.75504      1.3240        drrr_15+rrri 
I        105        980.36639        982.75504        980.36639      1.4020        drrr_15+rrri 
I        131        979.35348        980.36639        979.35348      1.5120         drrr_15+rrg 
I        151        974.15530        979.35348        974.15530      1.5620        drrr_15+rrri 
I        167        967.38827        974.15530        967.38827      1.6240        drrr_15+rrri 
I        182        965.69197        967.38827        965.69197      1.6390        drrr_15+rroi 
I        189        963.90508        965.69197        963.90508      1.6700        drrr_15+rroi 
I        200        961.53980        963.90508        961.53980      1.7170        drrr_15+rroi 
I        202        959.79787        961.53980        959.79787      1.7170        drrr_15+rrri 
I        226        959.03643        959.79787        959.03643      1.7800        drrr_15+rrri 
I        227        956.98737        959.03643        956.98737      1.7960        drrr_15+rrri 
I        238        956.14039        956.98737        956.14039      1.8270         drrr_15+rrg 
I        242        955.57904        956.14039        955.57904      1.8430        drrr_15+rroi 
I        243        954.96171        955.57904        954.96171      1.8430         drrr_15+rrg 
I        244        949.31083        954.96171        949.31083      1.8430         drrr_15+rrg 
I        247        945.46086        949.31083        945.46086      1.8580         drrr_15+rrg 
I        263        943.06234        945.46086        943.06234      1.9050        drrr_15+rrri 
I        273        942.20028        943.06234        942.20028      1.9210        drrr_15+rrri 
I        280        941.21966        942.20028        941.21966      1.9520         drrr_15+rrg 
I        293        940.93811        941.21966        940.93811      1.9680        drrr_15+rroi 
I        321        940.68316        940.93811        940.68316      2.0000         drrr_15+rrg 
I        362        938.32830        940.68316        938.32830      2.0630         drrr_15+rrg 
I        370        938.32830        938.32830        938.32830      2.0760        drrr_15+rrri 
I        377        937.89839        938.32830        937.89839      2.0870        drrr_15+rroi 
I        406        937.11118        937.89839        937.11118      2.1580        drrr_15+rrri 
I       1338        937.09364        937.11118        937.09364      3.1540        drrr_15+rrri 
I       2035        936.47504        937.09364        936.47504      3.8470        drrr_15+rroi 
I       2059        935.28480        936.47504        935.28480      3.8800         drrr_15+rrg 
I       2076        935.17850        935.28480        935.17850      3.8940         drrr_15+rrg 
I       2117        934.59127        935.17850        934.59127      3.9420        drrr_15+rroi 
I       2121        934.54605        934.59127        934.54605      3.9570        drrr_15+rrri 
I       2194        934.51322        934.54605        934.51322      4.0530        drrr_15+rroi 
I       3664        932.48178        934.51322        932.48178      5.6470        drrr_15+rroi 
I       3683        932.04870        932.48178        932.04870      5.6630         drrr_15+rrg 
I       3708        931.81650        932.04870        931.81650      5.6940        drrr_15+rrri 
I       3736        931.72480        931.81650        931.72480      5.7260        drrr_15+rroi 
I       3754        931.49259        931.72480        931.49259      5.7420        drrr_15+rroi 
I      16220        928.61864        931.49259        928.61864     16.7460        drrr_15+rroi 
I      21813        928.61864        928.61864        928.61864     21.2540        drrr_15+rrri 
I      30000        928.61864        928.61864        928.61864     28.0020        drrr_15+rrri 

Method statistics
S  method    iter  succ  succ-rate%  tot-obj-gain  avg-obj-gain  rel-succ%  net-time  net-time%  brut-time  brut-time%
S  con          1     1   100.00000  -99001.78852  -99001.78852    0.84034   0.28300    1.01064    0.28300     1.01064
S  drrr_15  29999    59     0.19667    -153.59284      -0.00512   49.57983   0.86100    3.07478    0.86100     3.07478
S  rrg       9950    19     0.19095     -61.98424      -0.00623   15.96639  12.74000   45.49675   12.74000    45.49675
S  rroi      9911    21     0.21189     -57.23519      -0.00577   17.64706   6.55400   23.40547    6.55400    23.40547
S  rrri     10138    19     0.18741     -34.37341      -0.00339   15.96639   7.37600   26.34098    7.37600    26.34098
S  SUM/AVG  59999   119     0.19834  -99308.97420      -1.65518   20.00000  27.81400   99.32862   27.81400    99.32862

T best solution: EADARPSolution(t_routing=1161.859, t_excess=228.897, obj_val=928.619, obj_val_valid=true,
    unserved_requests=Int64[], F_visited=[176, 177, 180, 181, 182, 178, 179], S_visited=Int64[],
    (1, ([169, 73, 65, 157, 149, 67, 151, 28, 112, 55, 139, 30, 114, 80, 164, 42, 126, 14, 98, 183, 176], [39.59600546160971], [20]))
    (2, ([170, 39, 123, 61, 145, 43, 127, 29, 84, 11, 113, 168, 95, 74, 158, 27, 26, 111, 110, 7, 91, 53, 137, 40, 124, 50, 72, 156, 134, 81, 56, 140, 165, 185, 16, 100, 177], [158.8596099346836], [34]))
    (3, ([171, 38, 58, 122, 142, 8, 92, 66, 34, 150, 118, 41, 125, 45, 57, 129, 141, 184, 21, 105, 62, 146, 76, 47, 160, 131, 6, 90, 178], [111.47033703382169], [18]))
    (4, ([172, 64, 46, 130, 148, 48, 132, 32, 49, 133, 116, 37, 121, 25, 109, 184, 35, 119, 2, 86, 183, 179], [76.41561824446067, 4.83968366119336], [16, 21]))
    (5, ([173, 52, 63, 136, 147, 9, 93, 44, 128, 20, 3, 87, 104, 18, 102, 71, 155, 12, 96, 5, 89, 31, 115, 82, 166, 183, 180], [60.81732610622076], [26]))
    (6, ([174, 36, 17, 101, 120, 15, 33, 117, 99, 60, 144, 10, 94, 83, 1, 85, 167, 59, 143, 79, 163, 54, 138, 19, 103, 75, 4, 88, 159, 183, 181], [96.55634087362381], [30]))
    (7, ([175, 69, 153, 23, 107, 22, 106, 13, 97, 68, 152, 24, 108, 78, 77, 162, 161, 51, 135, 70, 154, 183, 182], [46.30413346400189], [22])))

T best obj: 928.6186385214762
T best iteration: 21813
T total iterations: 30000
T best time [s]: 21.254
T total time [s]: 28.0020
