EADARP version ecec-dirty
ARGS: --ifile=EADARP/instances/random/r7-84-00000.txt  --gamma=0.7 --only_single_s_visits=false --odir=EADARP/solutions/random/r7-84-00000 --oname=run91
Settings:
--alns_gamma=0.025
--alns_segment_size=100
--alns_sigma1=10
--alns_sigma2=9
--alns_sigma3=3
--at_most_one_s=false
--gamma=0.7
--ifile=EADARP/instances/random/r7-84-00000.txt
--infeasible_arcs=EADARP/infeasible_arcs
--insert_charging_otf=true
--insert_cost_noise=0.014
--lns_init_temp_factor=0.0
--lns_temp_dec_factor=0.99
--log_all_sols_fname=
--mh_checkit=false
--mh_lfreq=0
--mh_lnewinc=true
--mh_tciter=-1
--mh_tctime=-1.0
--mh_titer=30000
--mh_tobj=-1.0
--mh_ttime=-1.0
--odir=EADARP/solutions/random/r7-84-00000
--ofile=
--oname=run91
--only_single_s_visits=false
--prepthreshold=0.1
--repair_max_routes=0
--route_based_ops=0
--seed=1369944654
--tightened_windows=EADARP/tightened_windows
--use_milp_in_otf=0
--xcheck_isfeasible=false

EADARPInstance(EADARP/instances/random/r7-84-00000.txt, n=84, n_K=7, S=[183, 184, 185], Q=14.85, n_F=7, γ=0.7, T_plan=720.0, F=[176, 177, 178, 179, 180, 181, 182])

Percentage of arcs removed: 74.25566106647187%
Minimum Degree: 11
T preprocessing time [s]: 5.67
I       iter             best          obj_old          obj_new        time              method info
I          1       1033.43162     100084.00000       1033.43162      0.2530                 con 
I          3       1031.48727       1033.43162       1031.48727      0.3380         drrr_15+rrg 
I          4       1019.39447       1031.48727       1019.39447      0.3960         drrr_15+rrg 
I         11       1010.66161       1019.39447       1010.66161      0.5110        drrr_15+rrri 
I         13       1010.39987       1010.66161       1010.39987      0.5370        drrr_15+rroi 
I         24        999.17738       1010.39987        999.17738      0.6380        drrr_15+rrri 
I         28        995.41734        999.17738        995.41734      0.7330         drrr_15+rrg 
I         32        995.31776        995.41734        995.31776      0.7940        drrr_15+rroi 
I         34        992.49714        995.31776        992.49714      0.8070        drrr_15+rrri 
I         49        992.16193        992.49714        992.16193      0.9120         drrr_15+rrg 
I         53        986.23077        992.16193        986.23077      0.9390         drrr_15+rrg 
I         80        985.86796        986.23077        985.86796      1.0090        drrr_15+rroi 
I         81        982.50501        985.86796        982.50501      1.0090        drrr_15+rroi 
I         97        979.49704        982.50501        979.49704      1.0590        drrr_15+rrri 
I         98        973.24915        979.49704        973.24915      1.0670        drrr_15+rrri 
I        119        968.04031        973.24915        968.04031      1.1530        drrr_15+rrri 
I        131        967.37502        968.04031        967.37502      1.1960        drrr_15+rroi 
I        139        965.97273        967.37502        965.97273      1.2240        drrr_15+rroi 
I        185        965.76899        965.97273        965.76899      1.3500         drrr_15+rrg 
I        190        962.58275        965.76899        962.58275      1.3580        drrr_15+rroi 
I        193        962.11144        962.58275        962.11144      1.3710        drrr_15+rrri 
I        267        962.07093        962.11144        962.07093      1.4810        drrr_15+rrri 
I        283        961.00440        962.07093        961.00440      1.4960        drrr_15+rrri 
I        314        960.14539        961.00440        960.14539      1.5740         drrr_15+rrg 
I        315        959.04803        960.14539        959.04803      1.5740        drrr_15+rroi 
I        334        958.76848        959.04803        958.76848      1.6130        drrr_15+rroi 
I        361        958.11001        958.76848        958.11001      1.6460        drrr_15+rroi 
I        575        956.36405        958.11001        956.36405      2.0630         drrr_15+rrg 
I        703        955.87980        956.36405        955.87980      2.2080        drrr_15+rroi 
I        716        955.61366        955.87980        955.61366      2.2330         drrr_15+rrg 
I       1372        955.25832        955.61366        955.25832      3.1190        drrr_15+rroi 
I       1394        950.50289        955.25832        950.50289      3.1570        drrr_15+rrri 
I       1424        949.84442        950.50289        949.84442      3.1730        drrr_15+rroi 
I       1439        949.36017        949.84442        949.36017      3.1930        drrr_15+rroi 
I       3873        946.94368        949.36017        946.94368      5.7440        drrr_15+rrri 
I      17645        946.63449        946.94368        946.63449     18.6130        drrr_15+rroi 
I      17666        946.29605        946.63449        946.29605     18.6290         drrr_15+rrg 
I      17673        945.81181        946.29605        945.81181     18.6310        drrr_15+rrri 
I      17692        945.59420        945.81181        945.59420     18.6440         drrr_15+rrg 
I      17700        945.10996        945.59420        945.10996     18.6470         drrr_15+rrg 
I      17702        945.06200        945.10996        945.06200     18.6470         drrr_15+rrg 
I      17727        944.73380        945.06200        944.73380     18.6840         drrr_15+rrg 
I      17777        944.44468        944.73380        944.44468     18.7230         drrr_15+rrg 
I      18051        944.13769        944.44468        944.13769     18.9830        drrr_15+rroi 
I      19271        944.06336        944.13769        944.06336     20.0530         drrr_15+rrg 
I      19311        943.31822        944.06336        943.31822     20.0830        drrr_15+rroi 
I      19315        942.65294        943.31822        942.65294     20.0830        drrr_15+rroi 
I      19407        942.27545        942.65294        942.27545     20.1940        drrr_15+rroi 
I      19425        941.13498        942.27545        941.13498     20.2070        drrr_15+rroi 
I      19468        941.02301        941.13498        941.02301     20.2330        drrr_15+rrri 
I      19492        940.75686        941.02301        940.75686     20.2480        drrr_15+rrri 
I      25614        940.24120        940.75686        940.24120     25.9460         drrr_15+rrg 
I      25617        939.48665        940.24120        939.48665     25.9560        drrr_15+rrri 
I      25628        939.28081        939.48665        939.28081     25.9750        drrr_15+rrri 
I      25631        938.40379        939.28081        938.40379     25.9830        drrr_15+rroi 
I      25637        937.29905        938.40379        937.29905     25.9880        drrr_15+rroi 
I      25697        936.92093        937.29905        936.92093     26.0620         drrr_15+rrg 
I      25698        936.43669        936.92093        936.43669     26.0620        drrr_15+rrri 
I      30000        936.43669        936.43669        946.62439     30.0830         drrr_15+rrg 

Method statistics
S  method    iter  succ  succ-rate%  tot-obj-gain  avg-obj-gain  rel-succ%  net-time  net-time%  brut-time  brut-time%
S  con          1     1   100.00000  -99050.56838  -99050.56838    0.86957   0.25300    0.84101    0.25300     0.84101
S  drrr_15  29999    57     0.19001     -96.99494      -0.00323   49.56522   0.87700    2.91528    0.87700     2.91528
S  rrg       9975    18     0.18045     -29.81209      -0.00299   15.65217  14.36400   47.74791   14.36400    47.74791
S  rroi     10037    22     0.21919     -18.88490      -0.00188   19.13043   6.75400   22.45122    6.75400    22.45122
S  rrri      9987    17     0.17022     -48.29795      -0.00484   14.78261   7.60499   25.28004    7.60499    25.28004
S  SUM/AVG  59999   115     0.19167  -99244.55825      -1.65410   20.00000  29.85300   99.23545   29.85300    99.23545

T best solution: EADARPSolution(t_routing=1168.267, t_excess=240.945, obj_val=936.437, obj_val_valid=true,
    unserved_requests=Int64[], F_visited=[180, 176, 182, 181, 179, 177, 178], S_visited=Int64[],
    (1, ([169, 36, 17, 101, 120, 29, 113, 64, 148, 15, 33, 117, 99, 60, 144, 26, 110, 7, 91, 53, 137, 40, 124, 50, 72, 134, 156, 37, 121, 25, 109, 183, 176], [118.68203130965495], [32]))
    (2, ([170, 38, 58, 122, 142, 67, 151, 44, 128, 55, 139, 30, 114, 185, 80, 164, 81, 56, 54, 140, 165, 138, 19, 103, 6, 90, 177], [49.25793598395385], [14]))
    (3, ([171, 39, 123, 61, 145, 43, 84, 11, 127, 168, 95, 22, 106, 46, 74, 130, 158, 27, 111, 5, 89, 77, 62, 161, 146, 76, 47, 160, 131, 183, 178], [133.98828714297085], [30]))
    (4, ([172, 73, 65, 157, 149, 8, 92, 66, 34, 150, 118, 41, 125, 45, 129, 10, 94, 83, 1, 85, 167, 24, 108, 78, 162, 184, 51, 135, 16, 100, 183, 179], [116.47712515598221, 27.21946688162033], [26, 31]))
    (5, ([173, 28, 112, 18, 102, 71, 155, 12, 96, 42, 126, 14, 75, 98, 35, 159, 119, 70, 154, 183, 180], [27.09011845473703], [20]))
    (6, ([174, 52, 63, 136, 147, 13, 97, 68, 32, 152, 116, 59, 143, 79, 163, 185, 4, 88, 2, 86, 181], [73.8706929612844], [16]))
    (7, ([175, 69, 153, 23, 107, 9, 93, 20, 3, 87, 57, 104, 141, 48, 132, 49, 133, 21, 105, 31, 115, 82, 166, 183, 182], [54.68164193663891], [24])))

T best obj: 936.4366856973079
T best iteration: 25698
T total iterations: 30000
T best time [s]: 26.062
T total time [s]: 30.0830
