EADARP version ecec-dirty
ARGS: --ifile=EADARP/instances/random/r7-84-00000.txt  --gamma=0.7 --only_single_s_visits=false --odir=EADARP/solutions/random/r7-84-00000 --oname=run99
Settings:
--alns_gamma=0.025
--alns_segment_size=100
--alns_sigma1=10
--alns_sigma2=9
--alns_sigma3=3
--at_most_one_s=false
--gamma=0.7
--ifile=EADARP/instances/random/r7-84-00000.txt
--infeasible_arcs=EADARP/infeasible_arcs
--insert_charging_otf=true
--insert_cost_noise=0.014
--lns_init_temp_factor=0.0
--lns_temp_dec_factor=0.99
--log_all_sols_fname=
--mh_checkit=false
--mh_lfreq=0
--mh_lnewinc=true
--mh_tciter=-1
--mh_tctime=-1.0
--mh_titer=30000
--mh_tobj=-1.0
--mh_ttime=-1.0
--odir=EADARP/solutions/random/r7-84-00000
--ofile=
--oname=run99
--only_single_s_visits=false
--prepthreshold=0.1
--repair_max_routes=0
--route_based_ops=0
--seed=1424410314
--tightened_windows=EADARP/tightened_windows
--use_milp_in_otf=0
--xcheck_isfeasible=false

EADARPInstance(EADARP/instances/random/r7-84-00000.txt, n=84, n_K=7, S=[183, 184, 185], Q=14.85, n_F=7, γ=0.7, T_plan=720.0, F=[176, 177, 178, 179, 180, 181, 182])

Percentage of arcs removed: 74.25566106647187%
Minimum Degree: 11
T preprocessing time [s]: 4.983
I       iter             best          obj_old          obj_new        time              method info
I          1       1029.37522     100084.00000       1029.37522      0.2430                 con 
I          3       1027.85798       1029.37522       1027.85798      0.3280        drrr_15+rrri 
I          6       1020.43735       1027.85798       1020.43735      0.4030        drrr_15+rroi 
I         10       1012.56486       1020.43735       1012.56486      0.4920         drrr_15+rrg 
I         12        991.65117       1012.56486        991.65117      0.5370         drrr_15+rrg 
I         15        990.97055        991.65117        990.97055      0.5840         drrr_15+rrg 
I         16        981.54041        990.97055        981.54041      0.5890        drrr_15+rroi 
I         27        981.32143        981.54041        981.32143      0.7590         drrr_15+rrg 
I         28        974.70662        981.32143        974.70662      0.7670         drrr_15+rrg 
I         37        973.95809        974.70662        973.95809      0.8170        drrr_15+rroi 
I         38        973.44964        973.95809        973.44964      0.8230        drrr_15+rrri 
I         45        973.32127        973.44964        973.32127      0.8500        drrr_15+rrri 
I         47        971.17463        973.32127        971.17463      0.8640        drrr_15+rrri 
I         48        969.71529        971.17463        969.71529      0.8720        drrr_15+rroi 
I         56        966.95000        969.71529        966.95000      0.9260        drrr_15+rrri 
I         59        961.13227        966.95000        961.13227      0.9550         drrr_15+rrg 
I         85        958.53941        961.13227        958.53941      1.0510         drrr_15+rrg 
I        169        958.51879        958.53941        958.51879      1.3770        drrr_15+rrri 
I        272        958.10826        958.51879        958.10826      1.5510        drrr_15+rroi 
I        315        954.70724        958.10826        954.70724      1.6130        drrr_15+rroi 
I        323        951.29869        954.70724        951.29869      1.6250        drrr_15+rroi 
I        446        950.88816        951.29869        950.88816      1.8600        drrr_15+rroi 
I        743        950.01048        950.88816        950.01048      2.3300        drrr_15+rrri 
I       4984        947.19117        950.01048        947.19117      8.3830        drrr_15+rrri 
I       4989        946.53269        947.19117        946.53269      8.3920         drrr_15+rrg 
I       5177        946.32532        946.53269        946.32532      8.6000        drrr_15+rroi 
I       7535        943.55064        946.32532        943.55064     10.9610        drrr_15+rroi 
I       7564        943.34326        943.55064        943.34326     10.9910        drrr_15+rrri 
I       8014        943.24793        943.34326        943.24793     11.4730        drrr_15+rroi 
I       8046        942.98864        943.24793        942.98864     11.4930        drrr_15+rroi 
I       8469        942.94628        942.98864        942.94628     11.8830        drrr_15+rrri 
I       8565        940.69788        942.94628        940.69788     11.9900        drrr_15+rroi 
I       8676        940.22269        940.69788        940.22269     12.0910        drrr_15+rroi 
I       8706        939.96925        940.22269        939.96925     12.1210         drrr_15+rrg 
I       8729        939.23960        939.96925        939.23960     12.1750        drrr_15+rroi 
I       8735        938.74731        939.23960        938.74731     12.1810        drrr_15+rrri 
I       9092        938.53904        938.74731        938.53904     12.5140         drrr_15+rrg 
I      11793        938.31338        938.53904        938.31338     15.1740        drrr_15+rroi 
I      11799        938.29276        938.31338        938.29276     15.1810        drrr_15+rroi 
I      15669        938.16165        938.29276        938.16165     18.7220        drrr_15+rrri 
I      15920        937.57856        938.16165        937.57856     18.9510         drrr_15+rrg 
I      15956        936.53070        937.57856        936.53070     18.9960         drrr_15+rrg 
I      15971        934.44672        936.53070        934.44672     19.0160        drrr_15+rroi 
I      16017        934.23422        934.44672        934.23422     19.0600         drrr_15+rrg 
I      16087        934.18743        934.23422        934.18743     19.1400         drrr_15+rrg 
I      16733        934.18477        934.18743        934.18477     19.8230        drrr_15+rroi 
I      29085        933.63329        934.18477        933.63329     31.1050        drrr_15+rrri 
I      30000        933.63329        933.63329        935.22228     31.9810         drrr_15+rrg 

Method statistics
S  method    iter  succ  succ-rate%  tot-obj-gain  avg-obj-gain  rel-succ%  net-time  net-time%  brut-time  brut-time%
S  con          1     1   100.00000  -99054.62478  -99054.62478    1.07527   0.24300    0.75983    0.24300     0.75983
S  drrr_15  29999    46     0.15334     -95.74193      -0.00319   49.46237   0.91800    2.87046    0.91800     2.87046
S  rrg      10022    14     0.13969     -47.72160      -0.00476   15.05376  15.53500   48.57571   15.53500    48.57571
S  rroi      9982    19     0.19034     -35.81210      -0.00359   20.43011   7.07300   22.11624    7.07300    22.11624
S  rrri      9995    13     0.13007     -12.20823      -0.00122   13.97849   7.98800   24.97734    7.98800    24.97734
S  SUM/AVG  59999    93     0.15500  -99246.10864      -1.65413   20.00000  31.75700   99.29958   31.75700    99.29958

T best solution: EADARPSolution(t_routing=1159.489, t_excess=256.065, obj_val=933.633, obj_val_valid=true,
    unserved_requests=Int64[], F_visited=[181, 178, 179, 180, 176, 177, 182], S_visited=Int64[],
    (1, ([169, 36, 17, 101, 120, 29, 113, 64, 148, 15, 33, 117, 99, 60, 144, 184, 48, 132, 40, 124, 50, 72, 156, 134, 21, 105, 31, 115, 82, 166, 176], [81.326261400917], [16]))
    (2, ([170, 28, 112, 55, 139, 18, 102, 71, 155, 12, 96, 5, 89, 79, 163, 81, 56, 54, 140, 165, 138, 19, 103, 75, 4, 88, 159, 51, 135, 183, 177], [59.94486429540419], [30]))
    (3, ([171, 73, 65, 157, 149, 30, 114, 83, 68, 167, 152, 37, 121, 2, 70, 154, 86, 183, 178], [39.6461424492318], [18]))
    (4, ([172, 52, 63, 136, 147, 9, 93, 8, 92, 66, 34, 150, 118, 41, 125, 45, 57, 129, 141, 10, 94, 185, 32, 49, 133, 116, 59, 143, 77, 62, 161, 146, 76, 47, 160, 131, 185, 6, 90, 183, 179], [62.572370830890236, 97.34615203399153, 15.602594949391158], [22, 37, 40]))
    (5, ([173, 38, 58, 122, 142, 67, 151, 44, 128, 20, 3, 87, 104, 13, 97, 42, 126, 14, 98, 183, 180], [49.252906445945385], [20]))
    (6, ([174, 39, 123, 61, 145, 43, 84, 11, 127, 168, 95, 22, 106, 46, 74, 130, 158, 27, 26, 111, 110, 7, 91, 53, 137, 1, 85, 80, 164, 24, 108, 78, 162, 183, 181], [162.83786399863774], [34]))
    (7, ([175, 69, 153, 23, 107, 25, 109, 35, 119, 16, 100, 183, 182], [23.960191233084448], [12])))

T best obj: 933.6332922566702
T best iteration: 29085
T total iterations: 30000
T best time [s]: 31.105
T total time [s]: 31.9810
