EADARP version 2def-dirty
ARGS: --ifile=EADARP/instances/b1/a4-16.txt --odir=EADARP/out/a4-16 --oname=run12
Settings:
--alns_gamma=0.025
--alns_segment_size=100
--alns_sigma1=10
--alns_sigma2=9
--alns_sigma3=3
--at_most_one_s=false
--gamma=-1.0
--ifile=EADARP/instances/b1/a4-16.txt
--insert_charging_otf=true
--insert_cost_noise=0.014
--lns_init_temp_factor=0.0
--lns_temp_dec_factor=0.99
--mh_checkit=false
--mh_lfreq=0
--mh_lnewinc=true
--mh_tciter=-1
--mh_tctime=-1.0
--mh_titer=300
--mh_tobj=-1.0
--mh_ttime=-1.0
--odir=EADARP/out/a4-16
--oname=run12
--only_single_s_visits=true
--repair_max_routes=0
--seed=1417984279
--use_milp_in_otf=0
--xcheck_isfeasible=false

EADARPInstance(EADARP/instances/b1/a4-16.txt, n=16, n_K=4, S=[43, 44, 45], Q=14.85, n_F=4, γ=0.7, T_plan=240.0, F=[39, 40, 41, 42])

T preprocessing time [s]: 0.13123
I       iter             best          obj_old          obj_new        time              method info
I          1        238.57581     100016.00000        238.57581      0.0276                 con 
I         10        231.70443        238.57581        231.70443      0.1088         drrr_15+rrg 
I         13        228.33061        231.70443        228.33061      0.1293        drrr_15+rrri 
I         52        227.85761        228.33061        227.85761      0.2183        drrr_15+rrri 
I         80        227.59816        227.85761        227.59816      0.2640        drrr_15+rrri 
I        272        224.86332        227.59816        224.86332      0.4035        drrr_15+rrri 
I        300        224.86332        224.86332        238.60765      0.4099         drrr_15+rrg 

Method statistics
S  method    iter  succ  succ-rate%  tot-obj-gain  avg-obj-gain  rel-succ%  net-time  net-time%  brut-time  brut-time%
S  con          1     1   100.00000  -99777.42419  -99777.42419    9.09091   0.02755    6.71935    0.02755     6.71935
S  drrr_15    299     5     1.67224     -13.71249      -0.04586   45.45455   0.00124    0.30275    0.00124     0.30275
S  rrg        105     1     0.95238      -6.87138      -0.06544    9.09091   0.10766   26.25909    0.10766    26.25909
S  rroi        98     0     0.00000       0.00000       0.00000    0.00000   0.02603    6.34914    0.02603     6.34914
S  rrri        96     4     4.16667      -6.84111      -0.07126   36.36364   0.24668   60.16939    0.24668    60.16939
S  SUM/AVG    599    11     1.83639  -99804.84917    -166.61911   20.00000   0.40916   99.79972    0.40916    99.79972

T best solution: EADARPSolution(t_routing=284.988, t_excess=44.491, obj_val=224.863, obj_val_valid=true,
    unserved_requests=Int64[], F_visited=[40, 39, 42, 41], S_visited=[45, 43],
    (1, ([35, 9, 25, 11, 5, 27, 21, 4, 20, 39], Float64[], Int64[]))
    (2, ([36, 14, 3, 30, 19, 10, 26, 2, 18, 8, 24, 15, 31, 43, 40], [15.390042418044105], [14]))
    (3, ([37, 6, 22, 41], Float64[], Int64[]))
    (4, ([38, 12, 28, 45, 7, 1, 23, 17, 16, 13, 32, 29, 42], [6.183060839676421], [4])))

T best obj: 224.86332155372838
T best iteration: 272
T total iterations: 300
T best time [s]: 0.404
T total time [s]: 0.4100
