EADARP version 2def-dirty
ARGS: --ifile=EADARP/instances/b1/a4-16.txt --odir=EADARP/out/a4-16 --oname=run18
Settings:
--alns_gamma=0.025
--alns_segment_size=100
--alns_sigma1=10
--alns_sigma2=9
--alns_sigma3=3
--at_most_one_s=false
--gamma=-1.0
--ifile=EADARP/instances/b1/a4-16.txt
--insert_charging_otf=true
--insert_cost_noise=0.014
--lns_init_temp_factor=0.0
--lns_temp_dec_factor=0.99
--mh_checkit=false
--mh_lfreq=0
--mh_lnewinc=true
--mh_tciter=-1
--mh_tctime=-1.0
--mh_titer=300
--mh_tobj=-1.0
--mh_ttime=-1.0
--odir=EADARP/out/a4-16
--oname=run18
--only_single_s_visits=true
--repair_max_routes=0
--seed=880638869
--use_milp_in_otf=0
--xcheck_isfeasible=false

EADARPInstance(EADARP/instances/b1/a4-16.txt, n=16, n_K=4, S=[43, 44, 45], Q=14.85, n_F=4, γ=0.7, T_plan=240.0, F=[39, 40, 41, 42])

T preprocessing time [s]: 0.13809
I       iter             best          obj_old          obj_new        time              method info
I          1        238.57581     100016.00000        238.57581      0.0278                 con 
I          2        229.36468        238.57581        229.36468      0.0372        drrr_15+rrri 
I         32        228.11267        229.36468        228.11267      0.1655        drrr_15+rroi 
I         49        228.11267        228.11267        228.11267      0.1779        drrr_15+rroi 
I        108        225.19467        228.11267        225.19467      0.2893        drrr_15+rrri 
I        300        225.19467        225.19467        229.07596      0.4032        drrr_15+rrri 

Method statistics
S  method    iter  succ  succ-rate%  tot-obj-gain  avg-obj-gain  rel-succ%  net-time  net-time%  brut-time  brut-time%
S  con          1     1   100.00000  -99777.42419  -99777.42419   11.11111   0.02775    6.88145    0.02775     6.88145
S  drrr_15    299     4     1.33779     -13.38114      -0.04475   44.44444   0.00120    0.29719    0.00120     0.29719
S  rrg        100     0     0.00000       0.00000       0.00000    0.00000   0.08682   21.53237    0.08682    21.53237
S  rroi       101     2     1.98020      -1.25201      -0.01240   22.22222   0.03872    9.60189    0.03872     9.60189
S  rrri        98     2     2.04082     -12.12913      -0.12377   22.22222   0.24793   61.48961    0.24793    61.48961
S  SUM/AVG    599     9     1.50250  -99804.18646    -166.61801   20.00000   0.40242   99.80251    0.40242    99.80251

T best solution: EADARPSolution(t_routing=285.429, t_excess=44.491, obj_val=225.195, obj_val_valid=true,
    unserved_requests=Int64[], F_visited=[42, 39, 41, 40], S_visited=[45, 44, 43],
    (1, ([35, 12, 28, 9, 25, 11, 5, 27, 21, 45, 4, 20, 39], [16.1795700099821], [10]))
    (2, ([36, 44, 6, 22, 7, 1, 23, 17, 15, 31, 40], [1.7509740038492907], [2]))
    (3, ([37, 14, 3, 30, 19, 10, 26, 2, 18, 8, 24, 16, 13, 32, 29, 43, 41], [24.49883081099419], [16]))
    (4, ([38, 42], Float64[], Int64[])))

T best obj: 225.19467454653108
T best iteration: 108
T total iterations: 300
T best time [s]: 0.289
T total time [s]: 0.4032
