EADARP version 2def-dirty
ARGS: --ifile=EADARP/instances/b1/a4-16.txt --odir=EADARP/out/a4-16 --oname=run37
Settings:
--alns_gamma=0.025
--alns_segment_size=100
--alns_sigma1=10
--alns_sigma2=9
--alns_sigma3=3
--at_most_one_s=false
--gamma=-1.0
--ifile=EADARP/instances/b1/a4-16.txt
--insert_charging_otf=true
--insert_cost_noise=0.014
--lns_init_temp_factor=0.0
--lns_temp_dec_factor=0.99
--mh_checkit=false
--mh_lfreq=0
--mh_lnewinc=true
--mh_tciter=-1
--mh_tctime=-1.0
--mh_titer=300
--mh_tobj=-1.0
--mh_ttime=-1.0
--odir=EADARP/out/a4-16
--oname=run37
--only_single_s_visits=true
--repair_max_routes=0
--seed=1420180237
--use_milp_in_otf=0
--xcheck_isfeasible=false

EADARPInstance(EADARP/instances/b1/a4-16.txt, n=16, n_K=4, S=[43, 44, 45], Q=14.85, n_F=4, γ=0.7, T_plan=240.0, F=[39, 40, 41, 42])

T preprocessing time [s]: 0.13004
I       iter             best          obj_old          obj_new        time              method info
I          1        238.57581     100016.00000        238.57581      0.0359                 con 
I          3        236.04437        238.57581        236.04437      0.0447        drrr_15+rrri 
I         13        234.37108        236.04437        234.37108      0.1305        drrr_15+rrri 
I         28        231.67772        234.37108        231.67772      0.1619        drrr_15+rroi 
I         51        231.67772        231.67772        231.67772      0.2040        drrr_15+rroi 
I         75        229.36468        231.67772        229.36468      0.2311         drrr_15+rrg 
I         84        228.11267        229.36468        228.11267      0.2366        drrr_15+rroi 
I        241        225.19467        228.11267        225.19467      0.3809        drrr_15+rrri 
I        300        225.19467        225.19467        243.07314      0.4168        drrr_15+rrri 

Method statistics
S  method    iter  succ  succ-rate%  tot-obj-gain  avg-obj-gain  rel-succ%  net-time  net-time%  brut-time  brut-time%
S  con          1     1   100.00000  -99777.42419  -99777.42419    6.66667   0.03591    8.61682    0.03591     8.61682
S  drrr_15    299     7     2.34114     -13.38114      -0.04475   46.66667   0.00122    0.29248    0.00122     0.29248
S  rrg        113     1     0.88496      -2.31305      -0.02047    6.66667   0.07498   17.98993    0.07498    17.98993
S  rroi        95     3     3.15789      -3.94537      -0.04153   20.00000   0.04035    9.68144    0.04035     9.68144
S  rrri        91     3     3.29670      -7.12272      -0.07827   20.00000   0.26343   63.20407    0.26343    63.20407
S  SUM/AVG    599    15     2.50417  -99804.18646    -166.61801   20.00000   0.41589   99.78474    0.41589    99.78474

T best solution: EADARPSolution(t_routing=285.429, t_excess=44.491, obj_val=225.195, obj_val_valid=true,
    unserved_requests=Int64[], F_visited=[40, 41, 39, 42], S_visited=[45, 44, 43],
    (1, ([35, 14, 3, 30, 19, 10, 26, 2, 18, 8, 24, 16, 13, 32, 29, 43, 39], [24.49883081099419], [16]))
    (2, ([36, 40], Float64[], Int64[]))
    (3, ([37, 12, 28, 9, 25, 11, 5, 27, 21, 45, 4, 20, 41], [16.1795700099821], [10]))
    (4, ([38, 44, 6, 22, 7, 1, 23, 17, 15, 31, 42], [1.7509740038492907], [2])))

T best obj: 225.19467454653113
T best iteration: 241
T total iterations: 300
T best time [s]: 0.381
T total time [s]: 0.4168
