EADARP version 2def-dirty
ARGS: --ifile=EADARP/instances/b1/a4-16.txt --odir=EADARP/out/a4-16 --oname=run47
Settings:
--alns_gamma=0.025
--alns_segment_size=100
--alns_sigma1=10
--alns_sigma2=9
--alns_sigma3=3
--at_most_one_s=false
--gamma=-1.0
--ifile=EADARP/instances/b1/a4-16.txt
--insert_charging_otf=true
--insert_cost_noise=0.014
--lns_init_temp_factor=0.0
--lns_temp_dec_factor=0.99
--mh_checkit=false
--mh_lfreq=0
--mh_lnewinc=true
--mh_tciter=-1
--mh_tctime=-1.0
--mh_titer=300
--mh_tobj=-1.0
--mh_ttime=-1.0
--odir=EADARP/out/a4-16
--oname=run47
--only_single_s_visits=true
--repair_max_routes=0
--seed=905948243
--use_milp_in_otf=0
--xcheck_isfeasible=false

EADARPInstance(EADARP/instances/b1/a4-16.txt, n=16, n_K=4, S=[43, 44, 45], Q=14.85, n_F=4, γ=0.7, T_plan=240.0, F=[39, 40, 41, 42])

T preprocessing time [s]: 0.12915
I       iter             best          obj_old          obj_new        time              method info
I          1        238.57581     100016.00000        238.57581      0.0272                 con 
I          3        238.30502        238.57581        238.30502      0.0371        drrr_15+rrri 
I          6        231.70443        238.30502        231.70443      0.0700         drrr_15+rrg 
I         16        231.67772        231.70443        231.67772      0.1213        drrr_15+rroi 
I         21        229.36468        231.67772        229.36468      0.1317         drrr_15+rrg 
I         58        228.11267        229.36468        228.11267      0.2278        drrr_15+rroi 
I         64        225.19467        228.11267        225.19467      0.2465        drrr_15+rrri 
I        141        223.53406        225.19467        223.53406      0.3188        drrr_15+rrri 
I        300        223.53406        223.53406        231.70443      0.4395         drrr_15+rrg 

Method statistics
S  method    iter  succ  succ-rate%  tot-obj-gain  avg-obj-gain  rel-succ%  net-time  net-time%  brut-time  brut-time%
S  con          1     1   100.00000  -99777.42419  -99777.42419    6.66667   0.02721    6.19058    0.02721     6.19058
S  drrr_15    299     7     2.34114     -15.04175      -0.05031   46.66667   0.00123    0.27953    0.00123     0.27953
S  rrg        108     2     1.85185      -8.91363      -0.08253   13.33333   0.08645   19.66882    0.08645    19.66882
S  rroi        87     2     2.29885      -1.27872      -0.01470   13.33333   0.04366    9.93322    0.04366     9.93322
S  rrri       104     3     2.88462      -4.84941      -0.04663   20.00000   0.28012   63.73516    0.28012    63.73516
S  SUM/AVG    599    15     2.50417  -99807.50769    -166.62355   20.00000   0.43866   99.80732    0.43866    99.80732

T best solution: EADARPSolution(t_routing=287.846, t_excess=30.598, obj_val=223.534, obj_val_valid=true,
    unserved_requests=Int64[], F_visited=[42, 39, 41, 40], S_visited=[45, 43],
    (1, ([35, 12, 28, 45, 14, 3, 30, 19, 10, 26, 2, 18, 8, 24, 16, 13, 32, 29, 43, 39], [13.407072822410786, 30.685007823001627], [4, 19]))
    (2, ([36, 6, 22, 40], Float64[], Int64[]))
    (3, ([37, 5, 21, 7, 1, 23, 17, 15, 31, 41], Float64[], Int64[]))
    (4, ([38, 9, 25, 11, 27, 4, 20, 42], Float64[], Int64[])))

T best obj: 223.53405872927064
T best iteration: 141
T total iterations: 300
T best time [s]: 0.319
T total time [s]: 0.4395
