EADARP version 2def-dirty
ARGS: --ifile=EADARP/instances/b1/a4-16.txt --odir=EADARP/out/a4-16 --oname=run51
Settings:
--alns_gamma=0.025
--alns_segment_size=100
--alns_sigma1=10
--alns_sigma2=9
--alns_sigma3=3
--at_most_one_s=false
--gamma=-1.0
--ifile=EADARP/instances/b1/a4-16.txt
--insert_charging_otf=true
--insert_cost_noise=0.014
--lns_init_temp_factor=0.0
--lns_temp_dec_factor=0.99
--mh_checkit=false
--mh_lfreq=0
--mh_lnewinc=true
--mh_tciter=-1
--mh_tctime=-1.0
--mh_titer=300
--mh_tobj=-1.0
--mh_ttime=-1.0
--odir=EADARP/out/a4-16
--oname=run51
--only_single_s_visits=true
--repair_max_routes=0
--seed=1177540020
--use_milp_in_otf=0
--xcheck_isfeasible=false

EADARPInstance(EADARP/instances/b1/a4-16.txt, n=16, n_K=4, S=[43, 44, 45], Q=14.85, n_F=4, γ=0.7, T_plan=240.0, F=[39, 40, 41, 42])

T preprocessing time [s]: 0.12934
I       iter             best          obj_old          obj_new        time              method info
I          1        238.75801     100016.00000        238.75801      0.0276                 con 
I          4        231.70443        238.75801        231.70443      0.0575         drrr_15+rrg 
I         16        228.11267        231.70443        228.11267      0.1183        drrr_15+rroi 
I         76        227.81857        228.11267        227.81857      0.2297        drrr_15+rrri 
I        254        225.19467        227.81857        225.19467      0.3893        drrr_15+rrri 
I        300        225.19467        225.19467        251.13240      0.4375        drrr_15+rrri 

Method statistics
S  method    iter  succ  succ-rate%  tot-obj-gain  avg-obj-gain  rel-succ%  net-time  net-time%  brut-time  brut-time%
S  con          1     1   100.00000  -99777.24199  -99777.24199   11.11111   0.02758    6.30402    0.02758     6.30402
S  drrr_15    299     4     1.33779     -13.56333      -0.04536   44.44444   0.00118    0.26982    0.00118     0.26982
S  rrg        103     1     0.97087      -7.05357      -0.06848   11.11111   0.09213   21.05492    0.09213    21.05492
S  rroi        94     1     1.06383      -3.59176      -0.03821   11.11111   0.02421    5.53302    0.02421     5.53302
S  rrri       102     2     1.96078      -2.91800      -0.02861   22.22222   0.29168   66.66031    0.29168    66.66031
S  SUM/AVG    599     9     1.50250  -99804.36866    -166.61831   20.00000   0.43678   99.82210    0.43678    99.82210

T best solution: EADARPSolution(t_routing=285.429, t_excess=44.491, obj_val=225.195, obj_val_valid=true,
    unserved_requests=Int64[], F_visited=[40, 42, 41, 39], S_visited=[43, 44, 45],
    (1, ([35, 39], Float64[], Int64[]))
    (2, ([36, 44, 6, 22, 7, 1, 23, 17, 15, 31, 40], [1.7509740038492907], [2]))
    (3, ([37, 12, 28, 9, 25, 11, 5, 27, 21, 45, 4, 20, 41], [16.1795700099821], [10]))
    (4, ([38, 14, 3, 30, 19, 10, 26, 2, 18, 8, 24, 16, 13, 32, 29, 43, 42], [24.49883081099419], [16])))

T best obj: 225.19467454653108
T best iteration: 254
T total iterations: 300
T best time [s]: 0.389
T total time [s]: 0.4376
