EADARP version 2def-dirty
ARGS: --ifile=EADARP/instances/b1/a4-16.txt --odir=EADARP/out/a4-16 --oname=run87
Settings:
--alns_gamma=0.025
--alns_segment_size=100
--alns_sigma1=10
--alns_sigma2=9
--alns_sigma3=3
--at_most_one_s=false
--gamma=-1.0
--ifile=EADARP/instances/b1/a4-16.txt
--insert_charging_otf=true
--insert_cost_noise=0.014
--lns_init_temp_factor=0.0
--lns_temp_dec_factor=0.99
--mh_checkit=false
--mh_lfreq=0
--mh_lnewinc=true
--mh_tciter=-1
--mh_tctime=-1.0
--mh_titer=300
--mh_tobj=-1.0
--mh_ttime=-1.0
--odir=EADARP/out/a4-16
--oname=run87
--only_single_s_visits=true
--repair_max_routes=0
--seed=204050174
--use_milp_in_otf=0
--xcheck_isfeasible=false

EADARPInstance(EADARP/instances/b1/a4-16.txt, n=16, n_K=4, S=[43, 44, 45], Q=14.85, n_F=4, γ=0.7, T_plan=240.0, F=[39, 40, 41, 42])

T preprocessing time [s]: 0.13022
I       iter             best          obj_old          obj_new        time              method info
I          1        246.64793     100016.00000        246.64793      0.0274                 con 
I          2        231.70443        246.64793        231.70443      0.0346         drrr_15+rrg 
I         10        229.34029        231.70443        229.34029      0.1138        drrr_15+rroi 
I         11        228.11267        229.34029        228.11267      0.1163        drrr_15+rroi 
I         28        225.95830        228.11267        225.95830      0.1543        drrr_15+rrri 
I         38        223.77912        225.95830        223.77912      0.1719        drrr_15+rrri 
I        268        223.70580        223.77912        223.70580      0.4148        drrr_15+rrri 
I        300        223.70580        223.70580        250.03185      0.4267         drrr_15+rrg 

Method statistics
S  method    iter  succ  succ-rate%  tot-obj-gain  avg-obj-gain  rel-succ%  net-time  net-time%  brut-time  brut-time%
S  con          1     1   100.00000  -99769.35207  -99769.35207    7.69231   0.02733    6.40336    0.02733     6.40336
S  drrr_15    299     6     2.00669     -22.94213      -0.07673   46.15385   0.00116    0.27251    0.00116     0.27251
S  rrg        102     1     0.98039     -14.94350      -0.14650    7.69231   0.10367   24.29219    0.10367    24.29219
S  rroi       120     2     1.66667      -3.59176      -0.02993   15.38462   0.04354   10.20118    0.04354    10.20118
S  rrri        77     3     3.89610      -4.40687      -0.05723   23.07692   0.25028   58.64523    0.25028    58.64523
S  SUM/AVG    599    13     2.17028  -99815.23633    -166.63645   20.00000   0.42598   99.81447    0.42598    99.81447

T best solution: EADARPSolution(t_routing=283.444, t_excess=44.491, obj_val=223.706, obj_val_valid=true,
    unserved_requests=Int64[], F_visited=[39, 41, 40, 42], S_visited=[44, 43],
    (1, ([35, 9, 25, 11, 5, 27, 21, 4, 20, 39], Float64[], Int64[]))
    (2, ([36, 12, 28, 44, 6, 22, 7, 1, 23, 17, 15, 31, 40], [21.24646733966234], [4]))
    (3, ([37, 14, 3, 30, 19, 10, 26, 2, 18, 8, 24, 16, 13, 32, 29, 43, 41], [24.49883081099419], [16]))
    (4, ([38, 42], Float64[], Int64[])))

T best obj: 223.7058022420317
T best iteration: 268
T total iterations: 300
T best time [s]: 0.415
T total time [s]: 0.4268
