EADARP version e957-dirty
ARGS: ["--prepthreshold=1.000", "--only_single_s_visits=0", "--gamma=0.7", "--ifile=EADARP/instances/l1/a6-72.txt", "--odir=EADARP/out/l1-s0-g0.7", "--oname=a6-72_1.000_05"]
Settings:
--alns_gamma=0.025
--alns_segment_size=100
--alns_sigma1=10
--alns_sigma2=9
--alns_sigma3=3
--at_most_one_s=false
--gamma=0.7
--ifile=EADARP/instances/l1/a6-72.txt
--infeasible_arcs=EADARP/infeasible_arcs
--insert_charging_otf=true
--insert_cost_noise=0.014
--lns_init_temp_factor=0.0
--lns_temp_dec_factor=0.99
--log_all_sols_fname=
--mh_checkit=false
--mh_lfreq=0
--mh_lnewinc=true
--mh_tciter=-1
--mh_tctime=-1.0
--mh_titer=30000
--mh_tobj=-1.0
--mh_ttime=-1.0
--odir=EADARP/out/l1-s0-g0.7
--ofile=
--oname=a6-72_1.000_05
--only_single_s_visits=false
--prepthreshold=1.0
--repair_max_routes=0
--route_based_ops=0
--seed=431624119
--tightened_windows=EADARP/tightened_windows
--use_milp_in_otf=0
--xcheck_isfeasible=false

EADARPInstance(EADARP/instances/l1/a6-72.txt, n=72, n_K=6, S=[159, 160, 161], Q=14.85, n_F=6, γ=0.7, T_plan=720.0, F=[153, 154, 155, 156, 157, 158])

T preprocessing time [s]: 3.93216
I       iter             best          obj_old          obj_new        time              method info
I          1        948.26232     100072.00000        948.26232      0.1827                 con 
I          2        941.40551        948.26232        941.40551      0.2294        drrr_15+rroi 
I          3        939.55995        941.40551        939.55995      0.2572        drrr_15+rroi 
I          4        925.18143        939.55995        925.18143      0.2827        drrr_15+rroi 
I          7        924.06469        925.18143        924.06469      0.3267        drrr_15+rroi 
I          8        922.77653        924.06469        922.77653      0.3381        drrr_15+rroi 
I          9        921.43492        922.77653        921.43492      0.3533         drrr_15+rrg 
I         11        906.76399        921.43492        906.76399      0.3784        drrr_15+rroi 
I         17        891.47294        906.76399        891.47294      0.4456        drrr_15+rroi 
I         25        889.44376        891.47294        889.44376      0.5083        drrr_15+rroi 
I         27        887.69279        889.44376        887.69279      0.5275        drrr_15+rrri 
I         29        882.25175        887.69279        882.25175      0.5587        drrr_15+rrri 
I         30        861.43885        882.25175        861.43885      0.5692        drrr_15+rrri 
I         31        850.18313        861.43885        850.18313      0.5906        drrr_15+rrri 
I         49        840.80767        850.18313        840.80767      0.7184        drrr_15+rroi 
I         54        839.49240        840.80767        839.49240      0.7463        drrr_15+rrri 
I         56        832.70678        839.49240        832.70678      0.7554        drrr_15+rrri 
I        111        828.55729        832.70678        828.55729      0.9486        drrr_15+rroi 
I        114        828.18863        828.55729        828.18863      0.9590        drrr_15+rrri 
I        250        824.82292        828.18863        824.82292      1.3111        drrr_15+rrri 
I        251        818.93168        824.82292        818.93168      1.3146         drrr_15+rrg 
I        315        818.40042        818.93168        818.40042      1.5186        drrr_15+rroi 
I        460        817.82220        818.40042        817.82220      1.8978        drrr_15+rroi 
I        580        817.12368        817.82220        817.12368      2.0852        drrr_15+rroi 
I        600        815.87169        817.12368        815.87169      2.1166        drrr_15+rroi 
I        609        815.54904        815.87169        815.54904      2.1339        drrr_15+rrri 
I        628        813.06671        815.54904        813.06671      2.1669         drrr_15+rrg 
I        693        812.41199        813.06671        812.41199      2.2763        drrr_15+rroi 
I        816        811.28943        812.41199        811.28943      2.4671        drrr_15+rroi 
I        825        810.42789        811.28943        810.42789      2.4922        drrr_15+rroi 
I        829        810.17435        810.42789        810.17435      2.4988        drrr_15+rrri 
I        834        807.49104        810.17435        807.49104      2.5023        drrr_15+rroi 
I        845        803.28545        807.49104        803.28545      2.5166        drrr_15+rroi 
I        868        802.69053        803.28545        802.69053      2.5464        drrr_15+rrri 
I       1171        802.51265        802.69053        802.51265      2.9796        drrr_15+rrri 
I       3956        800.17776        802.51265        800.17776      6.4256        drrr_15+rroi 
I       3982        795.80958        800.17776        795.80958      6.4652        drrr_15+rroi 
I       3985        795.57681        795.80958        795.57681      6.4675        drrr_15+rroi 
I       3990        794.81673        795.57681        794.81673      6.4726         drrr_15+rrg 
I       4077        794.80793        794.81673        794.80793      6.5799         drrr_15+rrg 
I       4099        790.81436        794.80793        790.81436      6.6061        drrr_15+rroi 
I      30000        790.81436        790.81436        806.53632     37.7428        drrr_15+rrri 

Method statistics
S  method    iter  succ  succ-rate%  tot-obj-gain  avg-obj-gain  rel-succ%  net-time  net-time%  brut-time  brut-time%
S  con          1     1   100.00000  -99123.73768  -99123.73768    1.23457   0.18262    0.48384    0.18262     0.48384
S  drrr_15  29999    40     0.13334    -157.44796      -0.00525   49.38272   1.19834    3.17500    1.19834     3.17500
S  rrg      10053     5     0.04974     -10.48408      -0.00104    6.17284  18.70728   49.56501   18.70728    49.56501
S  rroi      9830    23     0.23398     -94.51901      -0.00962   28.39506   8.05197   21.33373    8.05197    21.33373
S  rrri     10116    12     0.11862     -52.44487      -0.00518   14.81481   9.34099   24.74899    9.34099    24.74899
S  SUM/AVG  59999    81     0.13500  -99438.63360      -1.65734   20.00000  37.48120   99.30657   37.48120    99.30657

T best solution: EADARPSolution(t_routing=995.48, t_excess=176.819, obj_val=790.814, obj_val_valid=true,
    unserved_requests=Int64[], F_visited=[156, 158, 153, 154, 155, 157], S_visited=Int64[],
    (1, ([147, 40, 112, 61, 133, 161, 35, 107, 38, 10, 110, 82, 3, 75, 25, 97, 34, 106, 161, 41, 113, 2, 74, 60, 51, 132, 16, 123, 88, 72, 5, 144, 77, 36, 108, 159, 153], [20.81408073978724, 88.47180854612321, 31.76502452161105], [6, 19, 36]))
    (2, ([148, 47, 119, 7, 79, 11, 83, 39, 111, 58, 130, 46, 118, 18, 90, 31, 50, 122, 103, 53, 125, 159, 154], [57.356157052365056], [22]))
    (3, ([149, 23, 59, 131, 95, 24, 96, 45, 117, 70, 142, 21, 93, 159, 52, 124, 68, 33, 105, 140, 43, 115, 54, 126, 65, 17, 137, 89, 4, 57, 76, 129, 15, 87, 159, 155], [82.25947091773342, 31.45606762376934], [14, 35]))
    (4, ([150, 19, 91, 62, 134, 64, 136, 37, 109, 12, 28, 100, 84, 156], Float64[], Int64[]))
    (5, ([151, 1, 73, 20, 92, 32, 66, 104, 138, 27, 99, 63, 30, 135, 102, 42, 13, 114, 85, 26, 98, 160, 22, 69, 94, 141, 8, 80, 49, 9, 81, 121, 159, 157], [20.95900257182223, 124.29210510354073], [22, 33]))
    (6, ([152, 48, 120, 55, 127, 56, 128, 29, 101, 6, 14, 78, 86, 44, 116, 71, 143, 67, 139, 159, 158], [53.83939044641933], [20])))

T best obj: 790.8143635812098
T best iteration: 4099
T total iterations: 30000
T best time [s]: 6.606
T total time [s]: 37.7429
