EADARP version e957-dirty
ARGS: ["--prepthreshold=1.250", "--only_single_s_visits=0", "--gamma=0.7", "--ifile=EADARP/instances/l1/a6-72.txt", "--odir=EADARP/out/l1-s0-g0.7", "--oname=a6-72_1.250_20"]
Settings:
--alns_gamma=0.025
--alns_segment_size=100
--alns_sigma1=10
--alns_sigma2=9
--alns_sigma3=3
--at_most_one_s=false
--gamma=0.7
--ifile=EADARP/instances/l1/a6-72.txt
--infeasible_arcs=EADARP/infeasible_arcs
--insert_charging_otf=true
--insert_cost_noise=0.014
--lns_init_temp_factor=0.0
--lns_temp_dec_factor=0.99
--log_all_sols_fname=
--mh_checkit=false
--mh_lfreq=0
--mh_lnewinc=true
--mh_tciter=-1
--mh_tctime=-1.0
--mh_titer=30000
--mh_tobj=-1.0
--mh_ttime=-1.0
--odir=EADARP/out/l1-s0-g0.7
--ofile=
--oname=a6-72_1.250_20
--only_single_s_visits=false
--prepthreshold=1.25
--repair_max_routes=0
--route_based_ops=0
--seed=1349540856
--tightened_windows=EADARP/tightened_windows
--use_milp_in_otf=0
--xcheck_isfeasible=false

EADARPInstance(EADARP/instances/l1/a6-72.txt, n=72, n_K=6, S=[159, 160, 161], Q=14.85, n_F=6, γ=0.7, T_plan=720.0, F=[153, 154, 155, 156, 157, 158])

T preprocessing time [s]: 3.45264
I       iter             best          obj_old          obj_new        time              method info
I          1        951.73287     100072.00000        951.73287      0.1508                 con 
I          2        917.63562        951.73287        917.63562      0.1773         drrr_15+rrg 
I          4        916.03516        917.63562        916.03516      0.2170         drrr_15+rrg 
I          6        906.72048        916.03516        906.72048      0.2507        drrr_15+rroi 
I          7        896.53671        906.72048        896.53671      0.2864        drrr_15+rrri 
I          8        884.13115        896.53671        884.13115      0.3141        drrr_15+rroi 
I         12        872.32456        884.13115        872.32456      0.3843        drrr_15+rrri 
I         14        863.62250        872.32456        863.62250      0.4087        drrr_15+rrri 
I         16        849.76334        863.62250        849.76334      0.4289         drrr_15+rrg 
I         17        845.33181        849.76334        845.33181      0.4419         drrr_15+rrg 
I         20        844.52538        845.33181        844.52538      0.4788        drrr_15+rrri 
I         21        843.84058        844.52538        843.84058      0.4885         drrr_15+rrg 
I         22        842.04080        843.84058        842.04080      0.4912        drrr_15+rroi 
I         23        837.54749        842.04080        837.54749      0.4952        drrr_15+rroi 
I         25        835.78553        837.54749        835.78553      0.5149        drrr_15+rrri 
I         29        835.66828        835.78553        835.66828      0.5476         drrr_15+rrg 
I         32        835.07800        835.66828        835.07800      0.5582         drrr_15+rrg 
I         35        822.40911        835.07800        822.40911      0.5849         drrr_15+rrg 
I         73        820.74827        822.40911        820.74827      0.7775        drrr_15+rrri 
I        109        820.57561        820.74827        820.57561      0.8655        drrr_15+rroi 
I        161        816.94352        820.57561        816.94352      0.9979        drrr_15+rroi 
I        184        816.91229        816.94352        816.91229      1.0444        drrr_15+rroi 
I        188        815.08182        816.91229        815.08182      1.0544        drrr_15+rroi 
I        194        814.84906        815.08182        814.84906      1.0697        drrr_15+rrri 
I        197        814.84906        814.84906        814.84906      1.0788        drrr_15+rrri 
I        292        814.17176        814.84906        814.17176      1.3163        drrr_15+rrri 
I        323        814.16296        814.17176        814.16296      1.3902         drrr_15+rrg 
I        335        813.71942        814.16296        813.71942      1.4116        drrr_15+rroi 
I        494        811.38866        813.71942        811.38866      1.6242        drrr_15+rroi 
I        498        811.12514        811.38866        811.12514      1.6316        drrr_15+rroi 
I        517        809.51008        811.12514        809.51008      1.6653        drrr_15+rroi 
I        883        809.41958        809.51008        809.41958      2.1280        drrr_15+rroi 
I        921        808.53596        809.41958        808.53596      2.1626         drrr_15+rrg 
I        937        808.12950        808.53596        808.12950      2.1821        drrr_15+rrri 
I        956        804.76953        808.12950        804.76953      2.2038        drrr_15+rrri 
I        971        803.19525        804.76953        803.19525      2.2282         drrr_15+rrg 
I       1068        803.19077        803.19525        803.19077      2.3950        drrr_15+rroi 
I       1071        801.57571        803.19077        801.57571      2.4004        drrr_15+rrri 
I       1105        801.34197        801.57571        801.34197      2.4578         drrr_15+rrg 
I       1138        799.51150        801.34197        799.51150      2.4906        drrr_15+rrri 
I       1176        796.99706        799.51150        796.99706      2.5315        drrr_15+rrri 
I       1287        794.11160        796.99706        794.11160      2.6824         drrr_15+rrg 
I       1919        794.09812        794.11160        794.09812      3.3855        drrr_15+rroi 
I       1928        790.28104        794.09812        790.28104      3.3971        drrr_15+rrri 
I       1960        790.04828        790.28104        790.04828      3.4305        drrr_15+rrri 
I       9397        789.80015        790.04828        789.80015     11.2295        drrr_15+rroi 
I       9402        789.21842        789.80015        789.21842     11.2355        drrr_15+rroi 
I       9547        788.80300        789.21842        788.80300     11.3749         drrr_15+rrg 
I       9727        788.62405        788.80300        788.62405     11.5481         drrr_15+rrg 
I      10894        787.13663        788.62405        787.13663     12.7223        drrr_15+rroi 
I      12659        785.10512        787.13663        785.10512     14.5147         drrr_15+rrg 
I      16429        785.06371        785.10512        785.06371     18.5679         drrr_15+rrg 
I      16483        784.02265        785.06371        784.02265     18.6237         drrr_15+rrg 
I      16686        782.74390        784.02265        782.74390     18.8313        drrr_15+rrri 
I      17440        781.38234        782.74390        781.38234     19.6245        drrr_15+rrri 
I      17441        780.33792        781.38234        780.33792     19.6254        drrr_15+rrri 
I      30000        780.33792        780.33792        785.73227     33.4139         drrr_15+rrg 

Method statistics
S  method    iter  succ  succ-rate%  tot-obj-gain  avg-obj-gain  rel-succ%  net-time  net-time%  brut-time  brut-time%
S  con          1     1   100.00000  -99120.26713  -99120.26713    0.90090   0.15072    0.45107    0.15072     0.45107
S  drrr_15  29999    55     0.18334    -171.39496      -0.00571   49.54955   1.04876    3.13868    1.04876     3.13868
S  rrg       9994    18     0.18011     -77.34386      -0.00774   16.21622  16.96305   50.76635   16.96305    50.76635
S  rroi      9971    18     0.18052     -40.75840      -0.00409   16.21622   7.26446   21.74078    7.26446    21.74078
S  rrri     10034    19     0.18936     -53.29269      -0.00531   17.11712   7.71209   23.08043    7.71209    23.08043
S  SUM/AVG  59999   111     0.18500  -99463.05704      -1.65775   20.00000  33.13907   99.17730   33.13907    99.17730

T best solution: EADARPSolution(t_routing=976.274, t_excess=192.529, obj_val=780.338, obj_val_valid=true,
    unserved_requests=Int64[], F_visited=[157, 153, 154, 158, 155, 156], S_visited=Int64[],
    (1, ([147, 48, 120, 55, 127, 35, 107, 161, 3, 75, 25, 97, 34, 106, 29, 101, 6, 14, 78, 86, 46, 118, 18, 90, 31, 50, 122, 103, 53, 125, 159, 153], [17.404055918607163, 86.2530215586803], [8, 31]))
    (2, ([148, 38, 10, 110, 82, 64, 136, 37, 109, 63, 135, 161, 44, 116, 17, 65, 137, 89, 4, 57, 76, 129, 15, 87, 154], [65.44822931838492], [12]))
    (3, ([149, 23, 59, 131, 95, 24, 96, 1, 73, 20, 92, 32, 66, 104, 138, 27, 99, 22, 69, 94, 141, 159, 155], [71.13500841109847], [22]))
    (4, ([150, 19, 91, 62, 134, 30, 102, 33, 58, 130, 105, 43, 115, 54, 126, 12, 28, 100, 84, 159, 156], [39.85407614723132], [20]))
    (5, ([151, 45, 117, 70, 142, 21, 93, 11, 83, 39, 111, 161, 41, 113, 68, 2, 140, 74, 8, 80, 49, 9, 81, 121, 71, 143, 67, 139, 159, 157], [60.41916040960002, 34.44273183599119], [12, 29]))
    (6, ([152, 40, 112, 61, 133, 56, 47, 119, 128, 7, 79, 52, 124, 13, 42, 114, 85, 26, 98, 159, 60, 51, 132, 16, 123, 88, 72, 5, 144, 77, 36, 108, 159, 158], [95.12588878705185, 20.191904050364734], [20, 33])))

T best obj: 780.3379155399211
T best iteration: 17441
T total iterations: 30000
T best time [s]: 19.625
T total time [s]: 33.4140
