EADARP version e957-dirty
ARGS: ["--prepthreshold=1.125", "--only_single_s_visits=0", "--gamma=0.7", "--ifile=EADARP/instances/l1/a6-72.txt", "--odir=EADARP/out/l1-s0-g0.7", "--oname=a6-72_1.125_03"]
Settings:
--alns_gamma=0.025
--alns_segment_size=100
--alns_sigma1=10
--alns_sigma2=9
--alns_sigma3=3
--at_most_one_s=false
--gamma=0.7
--ifile=EADARP/instances/l1/a6-72.txt
--infeasible_arcs=EADARP/infeasible_arcs
--insert_charging_otf=true
--insert_cost_noise=0.014
--lns_init_temp_factor=0.0
--lns_temp_dec_factor=0.99
--log_all_sols_fname=
--mh_checkit=false
--mh_lfreq=0
--mh_lnewinc=true
--mh_tciter=-1
--mh_tctime=-1.0
--mh_titer=30000
--mh_tobj=-1.0
--mh_ttime=-1.0
--odir=EADARP/out/l1-s0-g0.7
--ofile=
--oname=a6-72_1.125_03
--only_single_s_visits=false
--prepthreshold=1.125
--repair_max_routes=0
--route_based_ops=0
--seed=818351542
--tightened_windows=EADARP/tightened_windows
--use_milp_in_otf=0
--xcheck_isfeasible=false

EADARPInstance(EADARP/instances/l1/a6-72.txt, n=72, n_K=6, S=[159, 160, 161], Q=14.85, n_F=6, γ=0.7, T_plan=720.0, F=[153, 154, 155, 156, 157, 158])

T preprocessing time [s]: 4.17113
I       iter             best          obj_old          obj_new        time              method info
I          1        958.10113     100072.00000        958.10113      0.1667                 con 
I          2        956.28030        958.10113        956.28030      0.2044         drrr_15+rrg 
I          3        939.97645        956.28030        939.97645      0.2484         drrr_15+rrg 
I          4        923.26149        939.97645        923.26149      0.2878         drrr_15+rrg 
I          5        918.81481        923.26149        918.81481      0.3293        drrr_15+rroi 
I          6        899.44294        918.81481        899.44294      0.3587        drrr_15+rrri 
I         11        886.48617        899.44294        886.48617      0.4547        drrr_15+rrri 
I         12        881.24064        886.48617        881.24064      0.4949         drrr_15+rrg 
I         13        876.81678        881.24064        876.81678      0.5276        drrr_15+rrri 
I         16        875.61767        876.81678        875.61767      0.5572         drrr_15+rrg 
I         20        873.70657        875.61767        873.70657      0.6035        drrr_15+rroi 
I         21        858.95775        873.70657        858.95775      0.6156         drrr_15+rrg 
I         23        851.41119        858.95775        851.41119      0.6354         drrr_15+rrg 
I         27        850.29698        851.41119        850.29698      0.7199        drrr_15+rrri 
I         28        849.31195        850.29698        849.31195      0.7337         drrr_15+rrg 
I         29        843.96057        849.31195        843.96057      0.7448         drrr_15+rrg 
I         34        831.56359        843.96057        831.56359      0.8111        drrr_15+rrri 
I         38        831.49404        831.56359        831.49404      0.8282        drrr_15+rroi 
I         48        830.20168        831.49404        830.20168      0.9043        drrr_15+rrri 
I         56        829.54756        830.20168        829.54756      0.9269        drrr_15+rrri 
I         60        824.38597        829.54756        824.38597      0.9630         drrr_15+rrg 
I         65        820.44376        824.38597        820.44376      0.9801        drrr_15+rrri 
I         67        820.14329        820.44376        820.14329      0.9853        drrr_15+rrri 
I         71        814.03204        820.14329        814.03204      1.0014        drrr_15+rroi 
I         73        813.46607        814.03204        813.46607      1.0281         drrr_15+rrg 
I         78        813.01626        813.46607        813.01626      1.0753        drrr_15+rroi 
I         85        812.70654        813.01626        812.70654      1.0961        drrr_15+rroi 
I        119        811.40120        812.70654        811.40120      1.2054        drrr_15+rroi 
I        120        811.39660        811.40120        811.39660      1.2082        drrr_15+rroi 
I        142        809.58412        811.39660        809.58412      1.2789        drrr_15+rrri 
I        145        809.35135        809.58412        809.35135      1.2872        drrr_15+rrri 
I        150        809.14815        809.35135        809.14815      1.2985        drrr_15+rroi 
I        151        809.14354        809.14815        809.14354      1.3008         drrr_15+rrg 
I        195        808.42491        809.14354        808.42491      1.4037        drrr_15+rrri 
I        215        808.12405        808.42491        808.12405      1.4325        drrr_15+rrri 
I        620        807.07868        808.12405        807.07868      2.2098        drrr_15+rroi 
I        681        805.87844        807.07868        805.87844      2.3310        drrr_15+rrri 
I        770        804.78952        805.87844        804.78952      2.4798        drrr_15+rrri 
I       1000        799.32482        804.78952        799.32482      2.8081         drrr_15+rrg 
I       1001        799.09205        799.32482        799.09205      2.8100         drrr_15+rrg 
I       1206        791.34877        799.09205        791.34877      3.1325         drrr_15+rrg 
I       1218        790.79286        791.34877        790.79286      3.1602        drrr_15+rroi 
I       1311        789.77030        790.79286        789.77030      3.3004         drrr_15+rrg 
I       1332        789.73869        789.77030        789.73869      3.3263        drrr_15+rroi 
I       1994        789.67784        789.73869        789.67784      4.1832        drrr_15+rroi 
I       2000        789.44508        789.67784        789.44508      4.1888        drrr_15+rroi 
I       2252        786.56656        789.44508        786.56656      4.4779        drrr_15+rrri 
I       2497        786.02478        786.56656        786.02478      4.8013        drrr_15+rrri 
I      10671        785.76658        786.02478        785.76658     14.1023        drrr_15+rroi 
I      11048        785.75817        785.76658        785.75817     14.5264        drrr_15+rrri 
I      14157        784.35619        785.75817        784.35619     18.1285         drrr_15+rrg 
I      14307        783.13921        784.35619        783.13921     18.3140        drrr_15+rroi 
I      29991        782.41128        783.13921        782.41128     36.6011        drrr_15+rrri 
I      30000        782.41128        782.41128        817.83360     36.6090        drrr_15+rrri 

Method statistics
S  method    iter  succ  succ-rate%  tot-obj-gain  avg-obj-gain  rel-succ%  net-time  net-time%  brut-time  brut-time%
S  con          1     1   100.00000  -99113.89887  -99113.89887    0.95238   0.16661    0.45510    0.16661     0.45510
S  drrr_15  29999    52     0.17334    -175.68985      -0.00586   49.52381   1.08994    2.97724    1.08994     2.97724
S  rrg       9876    17     0.17213     -91.51353      -0.00927   16.19048  18.66367   50.98098   18.66367    50.98098
S  rroi      9988    16     0.16019     -18.21295      -0.00182   15.23810   7.72995   21.11484    7.72995    21.11484
S  rrri     10135    19     0.18747     -65.96337      -0.00651   18.09524   8.71729   23.81181    8.71729    23.81181
S  SUM/AVG  59999   105     0.17500  -99465.27857      -1.65778   20.00000  36.36745   99.33998   36.36745    99.33998

T best solution: EADARPSolution(t_routing=967.905, t_excess=225.932, obj_val=782.411, obj_val_valid=true,
    unserved_requests=Int64[], F_visited=[156, 158, 157, 155, 153, 154], S_visited=Int64[],
    (1, ([147, 19, 91, 62, 134, 34, 106, 44, 116, 71, 143, 67, 139, 159, 153], [25.581003616958466], [14]))
    (2, ([148, 45, 117, 70, 142, 39, 111, 29, 101, 6, 14, 78, 86, 46, 118, 18, 90, 31, 50, 122, 103, 53, 125, 159, 154], [66.47104209432422], [24]))
    (3, ([149, 40, 112, 61, 133, 35, 107, 27, 99, 22, 69, 94, 141, 161, 65, 17, 137, 89, 4, 57, 76, 129, 15, 87, 159, 155], [66.55057624308375, 10.859356328439167], [14, 25]))
    (4, ([150, 48, 120, 55, 127, 56, 47, 119, 128, 7, 79, 21, 93, 52, 124, 13, 42, 114, 85, 26, 98, 43, 115, 54, 126, 12, 28, 100, 84, 159, 156], [75.25344407354886], [30]))
    (5, ([151, 23, 59, 131, 95, 24, 96, 159, 1, 73, 20, 92, 32, 66, 3, 104, 138, 75, 25, 11, 97, 83, 30, 102, 68, 2, 140, 74, 8, 80, 49, 9, 81, 121, 159, 157], [5.183035285289093, 124.29210510354073], [8, 35]))
    (6, ([152, 38, 10, 110, 82, 64, 136, 37, 109, 63, 135, 41, 113, 33, 58, 130, 105, 159, 60, 51, 132, 16, 123, 88, 72, 5, 144, 77, 36, 108, 159, 158], [80.65909092408174, 27.054860018322557], [18, 31])))

T best obj: 782.4112810839357
T best iteration: 29991
T total iterations: 30000
T best time [s]: 36.601
T total time [s]: 36.6091
