EADARP version e957-dirty
ARGS: ["--prepthreshold=1.000", "--only_single_s_visits=0", "--gamma=0.7", "--ifile=EADARP/instances/l1/a6-72.txt", "--odir=EADARP/out/l1-s0-g0.7", "--oname=a6-72_1.000_14"]
Settings:
--alns_gamma=0.025
--alns_segment_size=100
--alns_sigma1=10
--alns_sigma2=9
--alns_sigma3=3
--at_most_one_s=false
--gamma=0.7
--ifile=EADARP/instances/l1/a6-72.txt
--infeasible_arcs=EADARP/infeasible_arcs
--insert_charging_otf=true
--insert_cost_noise=0.014
--lns_init_temp_factor=0.0
--lns_temp_dec_factor=0.99
--log_all_sols_fname=
--mh_checkit=false
--mh_lfreq=0
--mh_lnewinc=true
--mh_tciter=-1
--mh_tctime=-1.0
--mh_titer=30000
--mh_tobj=-1.0
--mh_ttime=-1.0
--odir=EADARP/out/l1-s0-g0.7
--ofile=
--oname=a6-72_1.000_14
--only_single_s_visits=false
--prepthreshold=1.0
--repair_max_routes=0
--route_based_ops=0
--seed=2124214584
--tightened_windows=EADARP/tightened_windows
--use_milp_in_otf=0
--xcheck_isfeasible=false

EADARPInstance(EADARP/instances/l1/a6-72.txt, n=72, n_K=6, S=[159, 160, 161], Q=14.85, n_F=6, γ=0.7, T_plan=720.0, F=[153, 154, 155, 156, 157, 158])

T preprocessing time [s]: 4.46084
I       iter             best          obj_old          obj_new        time              method info
I          1        970.12715     100072.00000        970.12715      0.2025                 con 
I          2        958.56618        970.12715        958.56618      0.2389        drrr_15+rrri 
I          3        919.38247        958.56618        919.38247      0.2743        drrr_15+rroi 
I          4        906.18552        919.38247        906.18552      0.3150         drrr_15+rrg 
I          5        892.93320        906.18552        892.93320      0.3832         drrr_15+rrg 
I          7        889.25899        892.93320        889.25899      0.4415         drrr_15+rrg 
I          8        885.78998        889.25899        885.78998      0.4746         drrr_15+rrg 
I          9        883.70318        885.78998        883.70318      0.5088        drrr_15+rroi 
I         11        878.58274        883.70318        878.58274      0.5670         drrr_15+rrg 
I         12        870.92699        878.58274        870.92699      0.5885        drrr_15+rrri 
I         13        859.89579        870.92699        859.89579      0.6080         drrr_15+rrg 
I         14        852.84582        859.89579        852.84582      0.6206         drrr_15+rrg 
I         15        851.78165        852.84582        851.78165      0.6419        drrr_15+rroi 
I         27        848.62574        851.78165        848.62574      0.8107         drrr_15+rrg 
I         31        845.89647        848.62574        845.89647      0.8285        drrr_15+rroi 
I         32        844.50871        845.89647        844.50871      0.8345        drrr_15+rrri 
I         44        837.20389        844.50871        837.20389      0.9175         drrr_15+rrg 
I         47        837.10159        837.20389        837.10159      0.9511        drrr_15+rroi 
I         48        836.16620        837.10159        836.16620      0.9620        drrr_15+rroi 
I         54        835.67404        836.16620        835.67404      1.1283        drrr_15+rroi 
I         61        830.73694        835.67404        830.73694      1.1684        drrr_15+rrri 
I         72        825.68603        830.73694        825.68603      1.1953        drrr_15+rrri 
I        101        825.60272        825.68603        825.60272      1.2979        drrr_15+rroi 
I        145        824.47344        825.60272        824.47344      1.4021        drrr_15+rroi 
I        153        820.14969        824.47344        820.14969      1.4243         drrr_15+rrg 
I        169        819.49366        820.14969        819.49366      1.4659         drrr_15+rrg 
I        208        817.96565        819.49366        817.96565      1.5821        drrr_15+rrri 
I        224        817.47042        817.96565        817.47042      1.6277        drrr_15+rrri 
I        258        817.09394        817.47042        817.09394      1.6909        drrr_15+rrri 
I        269        815.31448        817.09394        815.31448      1.7062        drrr_15+rroi 
I        273        811.81365        815.31448        811.81365      1.7104        drrr_15+rroi 
I        282        810.79991        811.81365        810.79991      1.7316        drrr_15+rrri 
I        289        810.42524        810.79991        810.42524      1.7465         drrr_15+rrg 
I        317        808.46287        810.42524        808.46287      1.8082        drrr_15+rrri 
I        326        807.23965        808.46287        807.23965      1.8250         drrr_15+rrg 
I        333        804.60120        807.23965        804.60120      1.8392        drrr_15+rroi 
I        345        804.05970        804.60120        804.05970      1.8566        drrr_15+rroi 
I        432        803.68843        804.05970        803.68843      1.9916        drrr_15+rrri 
I        434        803.60513        803.68843        803.60513      1.9941        drrr_15+rrri 
I        458        803.43006        803.60513        803.43006      2.0272         drrr_15+rrg 
I        500        803.07892        803.43006        803.07892      2.0918         drrr_15+rrg 
I        601        802.52799        803.07892        802.52799      2.2341         drrr_15+rrg 
I        625        802.15332        802.52799        802.15332      2.2628         drrr_15+rrg 
I        703        799.93040        802.15332        799.93040      2.3925        drrr_15+rroi 
I        706        799.76356        799.93040        799.76356      2.3959        drrr_15+rrri 
I        707        799.10243        799.76356        799.10243      2.3967        drrr_15+rroi 
I        711        796.79876        799.10243        796.79876      2.4059        drrr_15+rroi 
I       1267        796.78256        796.79876        796.78256      3.2024        drrr_15+rroi 
I       1303        796.69670        796.78256        796.69670      3.2448         drrr_15+rrg 
I       1724        796.07821        796.69670        796.07821      3.8067        drrr_15+rroi 
I       1757        794.73762        796.07821        794.73762      3.8586        drrr_15+rroi 
I       1770        794.64984        794.73762        794.64984      3.8748        drrr_15+rrri 
I       8276        794.40062        794.64984        794.40062     11.3182        drrr_15+rrri 
I       8314        794.31731        794.40062        794.31731     11.3611        drrr_15+rrri 
I       8359        793.71119        794.31731        793.71119     11.4249        drrr_15+rrri 
I       9104        791.68667        793.71119        791.68667     12.2779        drrr_15+rroi 
I       9124        790.46969        791.68667        790.46969     12.3005         drrr_15+rrg 
I       9681        790.09083        790.46969        790.09083     12.9137        drrr_15+rrri 
I       9752        785.96771        790.09083        785.96771     12.9948        drrr_15+rroi 
I       9844        785.96705        785.96771        785.96705     13.0864        drrr_15+rrri 
I      10138        781.14152        785.96705        781.14152     13.4105         drrr_15+rrg 
I      11061        781.03024        781.14152        781.03024     14.4223         drrr_15+rrg 
I      11075        780.52636        781.03024        780.52636     14.4361         drrr_15+rrg 
I      11092        780.29359        780.52636        780.29359     14.4691        drrr_15+rroi 
I      30000        780.29359        780.29359        787.75486     35.0704        drrr_15+rroi 

Method statistics
S  method    iter  succ  succ-rate%  tot-obj-gain  avg-obj-gain  rel-succ%  net-time  net-time%  brut-time  brut-time%
S  con          1     1   100.00000  -99101.87285  -99101.87285    0.78740   0.20243    0.57721    0.20243     0.57721
S  drrr_15  29999    63     0.21001    -189.83356      -0.00633   49.60630   1.11515    3.17974    1.11515     3.17974
S  rrg       9854    22     0.22326     -82.02782      -0.00832   17.32283  17.54766   50.03539   17.54766    50.03539
S  rroi      9937    22     0.22139     -69.81004      -0.00703   17.32283   7.95138   22.67257    7.95138    22.67257
S  rrri     10208    19     0.18613     -37.99569      -0.00372   14.96063   7.97535   22.74090    7.97535    22.74090
S  SUM/AVG  59999   127     0.21167  -99481.53996      -1.65805   20.00000  34.79198   99.20581   34.79198    99.20581

T best solution: EADARPSolution(t_routing=971.457, t_excess=206.803, obj_val=780.294, obj_val_valid=true,
    unserved_requests=Int64[], F_visited=[156, 155, 157, 154, 158, 153], S_visited=Int64[],
    (1, ([147, 48, 120, 55, 127, 56, 47, 119, 128, 7, 79, 11, 83, 39, 111, 29, 101, 43, 115, 54, 126, 12, 28, 100, 84, 159, 153], [68.88553622015684], [26]))
    (2, ([148, 23, 59, 131, 95, 24, 96, 1, 73, 20, 92, 32, 66, 104, 138, 27, 99, 160, 22, 69, 94, 141, 72, 5, 144, 77, 36, 108, 154], [121.42860007268655], [18]))
    (3, ([149, 19, 91, 62, 134, 63, 30, 135, 102, 44, 116, 71, 143, 67, 139, 159, 155], [40.5126498032642], [16]))
    (4, ([150, 38, 10, 110, 82, 64, 136, 37, 109, 6, 14, 78, 86, 46, 118, 18, 90, 31, 50, 122, 103, 17, 65, 137, 89, 159, 156], [90.83048884189044], [26]))
    (5, ([151, 45, 117, 70, 142, 21, 93, 52, 124, 13, 42, 114, 85, 26, 98, 68, 2, 140, 74, 60, 51, 132, 16, 123, 88, 53, 125, 159, 157], [76.62111391612906], [28]))
    (6, ([152, 40, 112, 61, 133, 35, 107, 3, 75, 25, 97, 34, 106, 41, 113, 33, 58, 130, 105, 159, 8, 80, 49, 9, 81, 121, 4, 57, 76, 129, 15, 87, 158], [87.17878966881403], [20])))

T best obj: 780.2935948858718
T best iteration: 11092
T total iterations: 30000
T best time [s]: 14.469
T total time [s]: 35.0705
