EADARP version e957-dirty
ARGS: ["--prepthreshold=1.250", "--only_single_s_visits=0", "--gamma=0.7", "--ifile=EADARP/instances/l1/a6-72.txt", "--odir=EADARP/out/l1-s0-g0.7", "--oname=a6-72_1.250_04"]
Settings:
--alns_gamma=0.025
--alns_segment_size=100
--alns_sigma1=10
--alns_sigma2=9
--alns_sigma3=3
--at_most_one_s=false
--gamma=0.7
--ifile=EADARP/instances/l1/a6-72.txt
--infeasible_arcs=EADARP/infeasible_arcs
--insert_charging_otf=true
--insert_cost_noise=0.014
--lns_init_temp_factor=0.0
--lns_temp_dec_factor=0.99
--log_all_sols_fname=
--mh_checkit=false
--mh_lfreq=0
--mh_lnewinc=true
--mh_tciter=-1
--mh_tctime=-1.0
--mh_titer=30000
--mh_tobj=-1.0
--mh_ttime=-1.0
--odir=EADARP/out/l1-s0-g0.7
--ofile=
--oname=a6-72_1.250_04
--only_single_s_visits=false
--prepthreshold=1.25
--repair_max_routes=0
--route_based_ops=0
--seed=749764365
--tightened_windows=EADARP/tightened_windows
--use_milp_in_otf=0
--xcheck_isfeasible=false

EADARPInstance(EADARP/instances/l1/a6-72.txt, n=72, n_K=6, S=[159, 160, 161], Q=14.85, n_F=6, γ=0.7, T_plan=720.0, F=[153, 154, 155, 156, 157, 158])

T preprocessing time [s]: 4.19283
I       iter             best          obj_old          obj_new        time              method info
I          1        944.14816     100072.00000        944.14816      0.1800                 con 
I          3        915.05872        944.14816        915.05872      0.2467         drrr_15+rrg 
I          4        893.40831        915.05872        893.40831      0.2860         drrr_15+rrg 
I          5        886.79177        893.40831        886.79177      0.3147         drrr_15+rrg 
I          6        880.81748        886.79177        880.81748      0.3526        drrr_15+rroi 
I          9        877.67654        880.81748        877.67654      0.4360        drrr_15+rrri 
I         11        872.98212        877.67654        872.98212      0.4664        drrr_15+rrri 
I         20        868.52445        872.98212        868.52445      0.5887         drrr_15+rrg 
I         22        867.10881        868.52445        867.10881      0.6223        drrr_15+rroi 
I         23        864.39626        867.10881        864.39626      0.6264         drrr_15+rrg 
I         26        852.25053        864.39626        852.25053      0.6729        drrr_15+rroi 
I         28        831.52382        852.25053        831.52382      0.7004         drrr_15+rrg 
I         30        831.10743        831.52382        831.10743      0.7269         drrr_15+rrg 
I         36        813.32439        831.10743        813.32439      0.8862         drrr_15+rrg 
I         42        812.79542        813.32439        812.79542      0.9840         drrr_15+rrg 
I         55        812.16702        812.79542        812.16702      1.0610         drrr_15+rrg 
I         59        810.95924        812.16702        810.95924      1.0809        drrr_15+rrri 
I         61        806.13849        810.95924        806.13849      1.0937        drrr_15+rroi 
I         73        799.22446        806.13849        799.22446      1.1540        drrr_15+rroi 
I         76        796.34750        799.22446        796.34750      1.1702        drrr_15+rrri 
I         85        795.69316        796.34750        795.69316      1.2363         drrr_15+rrg 
I         95        795.46040        795.69316        795.46040      1.2737        drrr_15+rrri 
I        160        795.45160        795.46040        795.45160      1.4593        drrr_15+rrri 
I        658        795.30140        795.45160        795.30140      2.3030        drrr_15+rroi 
I        667        792.99773        795.30140        792.99773      2.3159         drrr_15+rrg 
I       3870        792.99227        792.99773        792.99227      6.5750        drrr_15+rrri 
I       9496        792.70780        792.99227        792.70780     13.2672        drrr_15+rrri 
I       9518        790.84741        792.70780        790.84741     13.2851        drrr_15+rroi 
I       9527        790.61464        790.84741        790.61464     13.2940        drrr_15+rrri 
I      30000        790.61464        790.61464        795.13878     37.2532        drrr_15+rrri 

Method statistics
S  method    iter  succ  succ-rate%  tot-obj-gain  avg-obj-gain  rel-succ%  net-time  net-time%  brut-time  brut-time%
S  con          1     1   100.00000  -99127.85184  -99127.85184    1.75439   0.17994    0.48303    0.17994     0.48303
S  drrr_15  29999    28     0.09334    -153.53352      -0.00512   49.12281   1.15057    3.08852    1.15057     3.08852
S  rrg      10030    12     0.11964    -107.56813      -0.01072   21.05263  18.29807   49.11802   18.29807    49.11802
S  rroi      9940     7     0.07042     -33.28103      -0.00335   12.28070   8.01498   21.51482    8.01498    21.51482
S  rrri     10029     9     0.08974     -12.68436      -0.00126   15.78947   9.30409   24.97523    9.30409    24.97523
S  SUM/AVG  59999    57     0.09500  -99434.91887      -1.65728   20.00000  36.94765   99.17962   36.94765    99.17962

T best solution: EADARPSolution(t_routing=967.432, t_excess=260.163, obj_val=790.615, obj_val_valid=true,
    unserved_requests=Int64[], F_visited=[153, 155, 156, 154, 158, 157], S_visited=Int64[],
    (1, ([147, 23, 59, 131, 95, 24, 96, 70, 142, 159, 21, 93, 11, 39, 83, 30, 111, 102, 44, 116, 18, 90, 8, 80, 49, 65, 17, 121, 137, 89, 159, 153], [20.805841170293107, 93.40847167108666], [10, 31]))
    (2, ([148, 40, 112, 61, 133, 35, 107, 3, 75, 25, 97, 34, 106, 52, 124, 13, 42, 114, 85, 26, 98, 159, 60, 51, 132, 16, 123, 88, 72, 5, 144, 77, 36, 108, 159, 154], [95.12588878705185, 29.92086366480994], [22, 35]))
    (3, ([149, 48, 120, 55, 127, 56, 47, 119, 128, 29, 101, 43, 115, 54, 126, 71, 15, 143, 87, 159, 155], [30.53764979532177], [20]))
    (4, ([150, 19, 91, 62, 134, 45, 117, 7, 79, 22, 69, 94, 141, 4, 57, 76, 129, 159, 156], [38.89253175486519], [18]))
    (5, ([151, 38, 10, 110, 82, 64, 136, 37, 109, 63, 135, 41, 113, 33, 58, 130, 105, 31, 50, 122, 103, 53, 125, 159, 157], [60.84025316596725], [24]))
    (6, ([152, 1, 73, 20, 92, 32, 66, 104, 138, 27, 99, 160, 6, 14, 78, 86, 46, 118, 68, 2, 140, 74, 9, 81, 12, 28, 100, 84, 67, 139, 159, 158], [77.402405289481, 34.498015331009654], [12, 31])))

T best obj: 790.6146417934397
T best iteration: 9527
T total iterations: 30000
T best time [s]: 13.294
T total time [s]: 37.2533
