EADARP version e957-dirty
ARGS: ["--prepthreshold=1.125", "--only_single_s_visits=0", "--gamma=0.7", "--ifile=EADARP/instances/l1/a6-72.txt", "--odir=EADARP/out/l1-s0-g0.7", "--oname=a6-72_1.125_15"]
Settings:
--alns_gamma=0.025
--alns_segment_size=100
--alns_sigma1=10
--alns_sigma2=9
--alns_sigma3=3
--at_most_one_s=false
--gamma=0.7
--ifile=EADARP/instances/l1/a6-72.txt
--infeasible_arcs=EADARP/infeasible_arcs
--insert_charging_otf=true
--insert_cost_noise=0.014
--lns_init_temp_factor=0.0
--lns_temp_dec_factor=0.99
--log_all_sols_fname=
--mh_checkit=false
--mh_lfreq=0
--mh_lnewinc=true
--mh_tciter=-1
--mh_tctime=-1.0
--mh_titer=30000
--mh_tobj=-1.0
--mh_ttime=-1.0
--odir=EADARP/out/l1-s0-g0.7
--ofile=
--oname=a6-72_1.125_15
--only_single_s_visits=false
--prepthreshold=1.125
--repair_max_routes=0
--route_based_ops=0
--seed=1849805592
--tightened_windows=EADARP/tightened_windows
--use_milp_in_otf=0
--xcheck_isfeasible=false

EADARPInstance(EADARP/instances/l1/a6-72.txt, n=72, n_K=6, S=[159, 160, 161], Q=14.85, n_F=6, γ=0.7, T_plan=720.0, F=[153, 154, 155, 156, 157, 158])

T preprocessing time [s]: 4.496
I       iter             best          obj_old          obj_new        time              method info
I          1        943.49743     100072.00000        943.49743      0.2052                 con 
I          2        895.64245        943.49743        895.64245      0.2522         drrr_15+rrg 
I          4        879.48347        895.64245        879.48347      0.2983        drrr_15+rrri 
I          5        871.46943        879.48347        871.46943      0.3204         drrr_15+rrg 
I          6        859.98817        871.46943        859.98817      0.3398        drrr_15+rroi 
I         11        858.01835        859.98817        858.01835      0.4167         drrr_15+rrg 
I         16        847.81745        858.01835        847.81745      0.5065        drrr_15+rrri 
I         25        846.21048        847.81745        846.21048      0.6150        drrr_15+rrri 
I         29        841.07192        846.21048        841.07192      0.6758        drrr_15+rroi 
I         31        838.55453        841.07192        838.55453      0.6979         drrr_15+rrg 
I         41        837.76633        838.55453        837.76633      0.7848        drrr_15+rrri 
I         55        832.41585        837.76633        832.41585      0.9008         drrr_15+rrg 
I         71        829.51140        832.41585        829.51140      0.9726        drrr_15+rroi 
I         72        828.90529        829.51140        828.90529      0.9734        drrr_15+rroi 
I         75        828.71933        828.90529        828.71933      0.9916        drrr_15+rroi 
I         77        825.23683        828.71933        825.23683      1.0016        drrr_15+rroi 
I         85        823.01112        825.23683        823.01112      1.0290        drrr_15+rrri 
I         95        822.38852        823.01112        822.38852      1.0808        drrr_15+rrri 
I         96        821.54583        822.38852        821.54583      1.0907         drrr_15+rrg 
I        111        820.88688        821.54583        820.88688      1.1456        drrr_15+rrri 
I        118        818.99513        820.88688        818.99513      1.1660        drrr_15+rrri 
I        133        818.71260        818.99513        818.71260      1.1904         drrr_15+rrg 
I        152        817.66972        818.71260        817.66972      1.2376        drrr_15+rroi 
I        153        816.51014        817.66972        816.51014      1.2398         drrr_15+rrg 
I        155        814.09676        816.51014        814.09676      1.2428         drrr_15+rrg 
I        246        805.70818        814.09676        805.70818      1.4217        drrr_15+rroi 
I        272        805.47541        805.70818        805.47541      1.4801        drrr_15+rrri 
I        319        804.85721        805.47541        804.85721      1.6684        drrr_15+rrri 
I        409        803.61433        804.85721        803.61433      1.8709         drrr_15+rrg 
I        463        803.38156        803.61433        803.38156      1.9634        drrr_15+rroi 
I        605        802.09727        803.38156        802.09727      2.2042        drrr_15+rroi 
I        729        801.04367        802.09727        801.04367      2.4100        drrr_15+rroi 
I        748        800.69901        801.04367        800.69901      2.4424        drrr_15+rroi 
I       1517        798.55098        800.69901        798.55098      3.5065        drrr_15+rrri 
I       3232        797.65631        798.55098        797.65631      5.7134        drrr_15+rrri 
I       4153        796.99170        797.65631        796.99170      6.8129        drrr_15+rrri 
I       4264        796.70351        796.99170        796.70351      6.9364        drrr_15+rrri 
I       4637        796.18265        796.70351        796.18265      7.3602        drrr_15+rrri 
I       4644        795.94989        796.18265        795.94989      7.3673         drrr_15+rrg 
I       7432        795.84799        795.94989        795.84799     10.6529        drrr_15+rrri 
I      10673        795.77837        795.84799        795.77837     14.4427        drrr_15+rrri 
I      10720        795.19459        795.77837        795.19459     14.4972        drrr_15+rrri 
I      11849        795.08645        795.19459        795.08645     15.7542        drrr_15+rrri 
I      30000        795.08645        795.08645        797.89081     36.5472         drrr_15+rrg 

Method statistics
S  method    iter  succ  succ-rate%  tot-obj-gain  avg-obj-gain  rel-succ%  net-time  net-time%  brut-time  brut-time%
S  con          1     1   100.00000  -99128.50257  -99128.50257    1.17647   0.20510    0.56119    0.20510     0.56119
S  drrr_15  29999    42     0.14000    -148.41098      -0.00495   49.41176   1.14953    3.14532    1.14953     3.14532
S  rrg       9832    11     0.11188     -71.88056      -0.00731   12.94118  17.86184   48.87329   17.86184    48.87329
S  rroi     10139    12     0.11835     -36.14561      -0.00357   14.11765   8.72406   23.87065    8.72406    23.87065
S  rrri     10028    19     0.18947     -40.38481      -0.00403   22.35294   8.35516   22.86126    8.35516    22.86126
S  SUM/AVG  59999    85     0.14167  -99425.32452      -1.65712   20.00000  36.29569   99.31172   36.29569    99.31172

T best solution: EADARPSolution(t_routing=983.099, t_excess=231.048, obj_val=795.086, obj_val_valid=true,
    unserved_requests=Int64[], F_visited=[154, 156, 158, 155, 153, 157], S_visited=Int64[],
    (1, ([147, 23, 59, 131, 95, 24, 96, 38, 10, 110, 82, 39, 111, 52, 124, 54, 126, 12, 28, 100, 84, 67, 139, 159, 153], [52.36184871764937], [24]))
    (2, ([148, 45, 117, 70, 142, 7, 79, 11, 83, 30, 102, 13, 42, 114, 85, 26, 98, 22, 69, 94, 141, 8, 80, 49, 9, 81, 121, 159, 154], [122.1067088024051], [28]))
    (3, ([149, 48, 120, 55, 127, 56, 47, 119, 128, 29, 101, 43, 115, 71, 143, 15, 87, 159, 155], [31.655170734187816], [18]))
    (4, ([150, 40, 112, 61, 133, 35, 107, 27, 99, 160, 6, 14, 78, 86, 46, 44, 116, 118, 18, 90, 60, 132, 65, 17, 137, 89, 4, 57, 76, 129, 159, 156], [66.11984074711297, 44.454281051475085], [10, 31]))
    (5, ([151, 1, 73, 20, 92, 32, 66, 3, 104, 138, 75, 25, 21, 93, 97, 34, 106, 68, 2, 140, 74, 31, 50, 122, 103, 53, 125, 159, 157], [74.35082152137105], [28]))
    (6, ([152, 19, 91, 62, 134, 64, 136, 37, 109, 63, 135, 41, 113, 33, 58, 130, 105, 159, 51, 16, 123, 88, 72, 5, 144, 77, 36, 108, 159, 158], [89.63599230394415, 16.41462196778448], [18, 29])))

T best obj: 795.0864536440291
T best iteration: 11849
T total iterations: 30000
T best time [s]: 15.754
T total time [s]: 36.5472
