EADARP version e957-dirty
ARGS: ["--prepthreshold=1.250", "--only_single_s_visits=0", "--gamma=0.7", "--ifile=EADARP/instances/l1/a6-72.txt", "--odir=EADARP/out/l1-s0-g0.7", "--oname=a6-72_1.250_06"]
Settings:
--alns_gamma=0.025
--alns_segment_size=100
--alns_sigma1=10
--alns_sigma2=9
--alns_sigma3=3
--at_most_one_s=false
--gamma=0.7
--ifile=EADARP/instances/l1/a6-72.txt
--infeasible_arcs=EADARP/infeasible_arcs
--insert_charging_otf=true
--insert_cost_noise=0.014
--lns_init_temp_factor=0.0
--lns_temp_dec_factor=0.99
--log_all_sols_fname=
--mh_checkit=false
--mh_lfreq=0
--mh_lnewinc=true
--mh_tciter=-1
--mh_tctime=-1.0
--mh_titer=30000
--mh_tobj=-1.0
--mh_ttime=-1.0
--odir=EADARP/out/l1-s0-g0.7
--ofile=
--oname=a6-72_1.250_06
--only_single_s_visits=false
--prepthreshold=1.25
--repair_max_routes=0
--route_based_ops=0
--seed=520497956
--tightened_windows=EADARP/tightened_windows
--use_milp_in_otf=0
--xcheck_isfeasible=false

EADARPInstance(EADARP/instances/l1/a6-72.txt, n=72, n_K=6, S=[159, 160, 161], Q=14.85, n_F=6, γ=0.7, T_plan=720.0, F=[153, 154, 155, 156, 157, 158])

T preprocessing time [s]: 3.28278
I       iter             best          obj_old          obj_new        time              method info
I          1        938.09435     100072.00000        938.09435      0.1532                 con 
I          2        925.75993        938.09435        925.75993      0.1773        drrr_15+rroi 
I          3        911.29237        925.75993        911.29237      0.2068         drrr_15+rrg 
I          4        904.71695        911.29237        904.71695      0.2225         drrr_15+rrg 
I          5        895.79723        904.71695        895.79723      0.2553         drrr_15+rrg 
I          6        891.33324        895.79723        891.33324      0.2764        drrr_15+rroi 
I          9        886.19399        891.33324        886.19399      0.3129        drrr_15+rrri 
I         10        882.66101        886.19399        882.66101      0.3199        drrr_15+rrri 
I         12        875.16061        882.66101        875.16061      0.3375        drrr_15+rrri 
I         14        873.27835        875.16061        873.27835      0.3629        drrr_15+rrri 
I         15        870.96993        873.27835        870.96993      0.3813         drrr_15+rrg 
I         16        868.09500        870.96993        868.09500      0.3847        drrr_15+rroi 
I         29        865.90480        868.09500        865.90480      0.5491         drrr_15+rrg 
I         35        865.32239        865.90480        865.32239      0.5955         drrr_15+rrg 
I         37        862.15836        865.32239        862.15836      0.6106        drrr_15+rrri 
I         38        854.99496        862.15836        854.99496      0.6173        drrr_15+rrri 
I         42        853.53782        854.99496        853.53782      0.6643        drrr_15+rrri 
I         47        847.44064        853.53782        847.44064      0.7066        drrr_15+rroi 
I         48        845.13662        847.44064        845.13662      0.7106         drrr_15+rrg 
I         52        842.92266        845.13662        842.92266      0.7366         drrr_15+rrg 
I         54        832.51051        842.92266        832.51051      0.7470        drrr_15+rroi 
I         55        832.31635        832.51051        832.31635      0.7514        drrr_15+rrri 
I         56        831.63123        832.31635        831.63123      0.7581        drrr_15+rrri 
I         61        831.30064        831.63123        831.30064      0.8753        drrr_15+rroi 
I         74        826.77168        831.30064        826.77168      0.9464        drrr_15+rrri 
I         83        825.46666        826.77168        825.46666      0.9894         drrr_15+rrg 
I         86        825.31799        825.46666        825.31799      1.0039        drrr_15+rrri 
I         90        824.93165        825.31799        824.93165      1.0133         drrr_15+rrg 
I         96        824.39656        824.93165        824.39656      1.0312         drrr_15+rrg 
I        229        824.28864        824.39656        824.28864      1.2986        drrr_15+rrri 
I        251        824.07166        824.28864        824.07166      1.3240        drrr_15+rroi 
I        253        823.78060        824.07166        823.78060      1.3263        drrr_15+rrri 
I        324        822.10465        823.78060        822.10465      1.4157        drrr_15+rroi 
I        329        818.28757        822.10465        818.28757      1.4231        drrr_15+rroi 
I        350        817.98525        818.28757        817.98525      1.4544        drrr_15+rroi 
I        444        817.82578        817.98525        817.82578      1.5963        drrr_15+rroi 
I        485        812.88842        817.82578        812.88842      1.6641        drrr_15+rroi 
I        532        810.35207        812.88842        810.35207      1.7491         drrr_15+rrg 
I        536        808.50757        810.35207        808.50757      1.7575         drrr_15+rrg 
I        544        807.37638        808.50757        807.37638      1.7638        drrr_15+rroi 
I       2248        807.11572        807.37638        807.11572      3.8703         drrr_15+rrg 
I       3077        804.50934        807.11572        804.50934      4.7948        drrr_15+rrri 
I       3186        800.67114        804.50934        800.67114      4.9111        drrr_15+rrri 
I       3195        798.25775        800.67114        798.25775      4.9222        drrr_15+rrri 
I       3518        798.24774        798.25775        798.24774      5.2783        drrr_15+rroi 
I       3970        798.17516        798.24774        798.17516      5.7473        drrr_15+rroi 
I       5961        797.50619        798.17516        797.50619      7.8382        drrr_15+rrri 
I       6012        795.85187        797.50619        795.85187      7.8823        drrr_15+rrri 
I       9584        788.38948        795.85187        788.38948     11.4727        drrr_15+rroi 
I       9598        788.17243        788.38948        788.17243     11.4864        drrr_15+rroi 
I      11204        787.53984        788.17243        787.53984     13.1863        drrr_15+rrri 
I      11206        787.53984        787.53984        787.53984     13.1876        drrr_15+rrri 
I      11248        787.11554        787.53984        787.11554     13.2284        drrr_15+rroi 
I      11263        786.74689        787.11554        786.74689     13.2435        drrr_15+rroi 
I      11445        786.51412        786.74689        786.51412     13.4595        drrr_15+rroi 
I      13492        783.22632        786.51412        783.22632     15.5202        drrr_15+rrri 
I      13594        783.22632        783.22632        783.22632     15.6396        drrr_15+rrri 
I      30000        783.22632        783.22632        808.93147     33.2291         drrr_15+rrg 

Method statistics
S  method    iter  succ  succ-rate%  tot-obj-gain  avg-obj-gain  rel-succ%  net-time  net-time%  brut-time  brut-time%
S  con          1     1   100.00000  -99133.90565  -99133.90565    0.88496   0.15314    0.46085    0.15314     0.46085
S  drrr_15  29999    56     0.18667    -154.86803      -0.00516   49.55752   1.05224    3.16661    1.05224     3.16661
S  rrg       9969    14     0.14044     -46.42968      -0.00466   12.38938  16.87635   50.78772   16.87635    50.78772
S  rroi      9949    20     0.20103     -57.54136      -0.00578   17.69912   7.21620   21.71643    7.21620    21.71643
S  rrri     10081    22     0.21823     -50.89699      -0.00505   19.46903   7.73216   23.26919    7.73216    23.26919
S  SUM/AVG  59999   113     0.18834  -99443.64171      -1.65742   20.00000  33.03009   99.40080   33.03009    99.40080

T best solution: EADARPSolution(t_routing=975.215, t_excess=207.261, obj_val=783.226, obj_val_valid=true,
    unserved_requests=Int64[], F_visited=[155, 154, 158, 156, 157, 153], S_visited=Int64[],
    (1, ([147, 40, 112, 61, 133, 35, 107, 27, 99, 12, 71, 84, 143, 67, 139, 159, 153], [29.337984739532402], [16]))
    (2, ([148, 19, 91, 62, 134, 30, 102, 44, 116, 2, 74, 9, 81, 15, 87, 159, 154], [26.63776833485682], [16]))
    (3, ([149, 23, 59, 131, 95, 24, 96, 45, 117, 70, 142, 21, 93, 160, 22, 69, 94, 141, 8, 80, 49, 65, 17, 121, 137, 89, 4, 57, 76, 129, 159, 155], [79.06889931895417, 22.133686552561795], [14, 31]))
    (4, ([150, 1, 73, 20, 92, 32, 66, 3, 104, 138, 75, 25, 97, 34, 106, 29, 101, 6, 14, 78, 86, 68, 33, 105, 140, 43, 115, 54, 126, 28, 100, 159, 156], [105.64047426556688], [32]))
    (5, ([151, 48, 120, 55, 127, 56, 47, 119, 128, 7, 79, 11, 83, 39, 111, 52, 124, 13, 42, 114, 85, 161, 46, 118, 18, 90, 31, 50, 122, 103, 53, 125, 159, 157], [32.380890751721175, 86.2530215586803], [22, 33]))
    (6, ([152, 38, 10, 110, 82, 64, 136, 37, 109, 63, 135, 41, 113, 58, 130, 26, 98, 159, 60, 51, 132, 16, 123, 88, 72, 5, 144, 77, 36, 108, 159, 158], [94.93932305118796, 12.822663801317253], [18, 31])))

T best obj: 783.2263203033791
T best iteration: 13594
T total iterations: 30000
T best time [s]: 15.640
T total time [s]: 33.2292
