EADARP version e957-dirty
ARGS: ["--prepthreshold=1.000", "--only_single_s_visits=0", "--gamma=0.7", "--ifile=EADARP/instances/l1/a6-72.txt", "--odir=EADARP/out/l1-s0-g0.7", "--oname=a6-72_1.000_19"]
Settings:
--alns_gamma=0.025
--alns_segment_size=100
--alns_sigma1=10
--alns_sigma2=9
--alns_sigma3=3
--at_most_one_s=false
--gamma=0.7
--ifile=EADARP/instances/l1/a6-72.txt
--infeasible_arcs=EADARP/infeasible_arcs
--insert_charging_otf=true
--insert_cost_noise=0.014
--lns_init_temp_factor=0.0
--lns_temp_dec_factor=0.99
--log_all_sols_fname=
--mh_checkit=false
--mh_lfreq=0
--mh_lnewinc=true
--mh_tciter=-1
--mh_tctime=-1.0
--mh_titer=30000
--mh_tobj=-1.0
--mh_ttime=-1.0
--odir=EADARP/out/l1-s0-g0.7
--ofile=
--oname=a6-72_1.000_19
--only_single_s_visits=false
--prepthreshold=1.0
--repair_max_routes=0
--route_based_ops=0
--seed=1333167304
--tightened_windows=EADARP/tightened_windows
--use_milp_in_otf=0
--xcheck_isfeasible=false

EADARPInstance(EADARP/instances/l1/a6-72.txt, n=72, n_K=6, S=[159, 160, 161], Q=14.85, n_F=6, γ=0.7, T_plan=720.0, F=[153, 154, 155, 156, 157, 158])

T preprocessing time [s]: 4.98846
I       iter             best          obj_old          obj_new        time              method info
I          1        988.26855     100072.00000        988.26855      0.2269                 con 
I          2        964.96240        988.26855        964.96240      0.2806         drrr_15+rrg 
I          3        935.81751        964.96240        935.81751      0.3294         drrr_15+rrg 
I          4        928.08691        935.81751        928.08691      0.3815         drrr_15+rrg 
I          6        910.53814        928.08691        910.53814      0.4502        drrr_15+rroi 
I          7        902.97875        910.53814        902.97875      0.4802        drrr_15+rrri 
I          8        900.86329        902.97875        900.86329      0.4974        drrr_15+rroi 
I          9        887.14126        900.86329        887.14126      0.5222        drrr_15+rroi 
I         10        887.04698        887.14126        887.04698      0.5418        drrr_15+rroi 
I         12        879.31825        887.04698        879.31825      0.5954         drrr_15+rrg 
I         14        878.23248        879.31825        878.23248      0.6345        drrr_15+rrri 
I         17        865.40475        878.23248        865.40475      0.6886        drrr_15+rroi 
I         18        858.21925        865.40475        858.21925      0.7117        drrr_15+rrri 
I         20        852.37719        858.21925        852.37719      0.7556         drrr_15+rrg 
I         21        851.89051        852.37719        851.89051      0.7639        drrr_15+rrri 
I         23        850.09860        851.89051        850.09860      0.7898         drrr_15+rrg 
I         25        843.94225        850.09860        843.94225      0.8059        drrr_15+rrri 
I         45        841.90355        843.94225        841.90355      0.9421         drrr_15+rrg 
I         46        839.76963        841.90355        839.76963      0.9431        drrr_15+rrri 
I         68        838.49146        839.76963        838.49146      1.0386        drrr_15+rrri 
I         71        836.62805        838.49146        836.62805      1.0465        drrr_15+rroi 
I         73        832.37990        836.62805        832.37990      1.0593         drrr_15+rrg 
I         75        826.16685        832.37990        826.16685      1.0631        drrr_15+rroi 
I         79        818.10824        826.16685        818.10824      1.0971        drrr_15+rroi 
I         82        814.29207        818.10824        814.29207      1.1045         drrr_15+rrg 
I         85        814.05930        814.29207        814.05930      1.1153        drrr_15+rroi 
I        101        813.67525        814.05930        813.67525      1.1867        drrr_15+rrri 
I        102        813.44248        813.67525        813.44248      1.1876        drrr_15+rroi 
I        143        813.09393        813.44248        813.09393      1.4209        drrr_15+rroi 
I        214        812.00369        813.09393        812.00369      1.6003         drrr_15+rrg 
I        230        811.46780        812.00369        811.46780      1.6239        drrr_15+rroi 
I        236        806.46301        811.46780        806.46301      1.6437        drrr_15+rroi 
I        242        806.46078        806.46301        806.46078      1.6544        drrr_15+rrri 
I        472        804.45602        806.46078        804.45602      2.1312        drrr_15+rrri 
I        545        804.21061        804.45602        804.21061      2.2529        drrr_15+rroi 
I        600        803.97784        804.21061        803.97784      2.3354         drrr_15+rrg 
I        692        802.40192        803.97784        802.40192      2.5175        drrr_15+rrri 
I        726        800.25196        802.40192        800.25196      2.6318        drrr_15+rroi 
I        908        800.01920        800.25196        800.01920      2.9362        drrr_15+rroi 
I       2025        799.41162        800.01920        799.41162      4.4839         drrr_15+rrg 
I       2037        797.21092        799.41162        797.21092      4.5376        drrr_15+rroi 
I       2039        795.98687        797.21092        795.98687      4.5450        drrr_15+rroi 
I       2050        795.75410        795.98687        795.75410      4.5675        drrr_15+rroi 
I       2059        794.86599        795.75410        794.86599      4.5825         drrr_15+rrg 
I       2964        793.34753        794.86599        793.34753      5.8115        drrr_15+rrri 
I       2985        792.20291        793.34753        792.20291      5.8344        drrr_15+rroi 
I       3376        790.29787        792.20291        790.29787      6.3542        drrr_15+rrri 
I       3391        790.14906        790.29787        790.14906      6.3830        drrr_15+rroi 
I      30000        790.14906        790.14906        818.27313     38.6583        drrr_15+rroi 

Method statistics
S  method    iter  succ  succ-rate%  tot-obj-gain  avg-obj-gain  rel-succ%  net-time  net-time%  brut-time  brut-time%
S  con          1     1   100.00000  -99083.73145  -99083.73145    1.05263   0.22676    0.58657    0.22676     0.58657
S  drrr_15  29999    47     0.15667    -198.11948      -0.00660   49.47368   1.18894    3.07550    1.18894     3.07550
S  rrg       9905    13     0.13125     -88.46604      -0.00893   13.68421  19.17629   49.60451   19.17629    49.60451
S  rroi     10008    21     0.20983     -76.37719      -0.00763   22.10526   8.79967   22.76266    8.79967    22.76266
S  rrri     10086    13     0.12889     -33.27625      -0.00330   13.68421   8.99230   23.26095    8.99230    23.26095
S  SUM/AVG  59999    95     0.15834  -99479.97042      -1.65803   20.00000  38.38396   99.29019   38.38396    99.29019

T best solution: EADARPSolution(t_routing=991.431, t_excess=186.304, obj_val=790.149, obj_val_valid=true,
    unserved_requests=Int64[], F_visited=[153, 155, 157, 156, 158, 154], S_visited=Int64[],
    (1, ([147, 19, 91, 62, 134, 32, 66, 104, 138, 27, 99, 160, 52, 124, 13, 42, 114, 85, 41, 113, 44, 116, 2, 74, 8, 80, 49, 9, 81, 121, 159, 153], [18.375169817449773, 124.29210510354073], [12, 31]))
    (2, ([148, 38, 10, 110, 82, 34, 106, 29, 101, 6, 14, 78, 86, 46, 118, 18, 90, 31, 50, 122, 103, 53, 125, 159, 154], [79.40314173555912], [24]))
    (3, ([149, 1, 73, 20, 92, 160, 45, 117, 21, 93, 63, 30, 135, 102, 68, 33, 105, 140, 161, 60, 51, 132, 16, 123, 88, 71, 143, 15, 87, 159, 155], [8.217298748087556, 60.34185961300352, 34.23487696621919], [6, 19, 30]))
    (4, ([150, 40, 112, 61, 133, 35, 107, 3, 75, 25, 97, 37, 64, 136, 109, 12, 28, 100, 84, 67, 139, 159, 156], [24.105351393727954], [22]))
    (5, ([151, 48, 120, 55, 127, 56, 47, 119, 128, 7, 79, 11, 83, 39, 111, 159, 58, 130, 26, 98, 22, 69, 94, 141, 72, 5, 144, 77, 36, 108, 159, 157], [90.72450824685099, 26.446954538624354], [16, 31]))
    (6, ([152, 23, 59, 131, 95, 24, 96, 70, 142, 43, 115, 54, 126, 65, 17, 137, 89, 4, 57, 76, 129, 159, 158], [39.289628143334845], [22])))

T best obj: 790.1490631797022
T best iteration: 3391
T total iterations: 30000
T best time [s]: 6.383
T total time [s]: 38.6584
