EADARP version e957-dirty
ARGS: ["--prepthreshold=1.000", "--only_single_s_visits=0", "--gamma=0.7", "--ifile=EADARP/instances/l1/a6-72.txt", "--odir=EADARP/out/l1-s0-g0.7", "--oname=a6-72_1.000_18"]
Settings:
--alns_gamma=0.025
--alns_segment_size=100
--alns_sigma1=10
--alns_sigma2=9
--alns_sigma3=3
--at_most_one_s=false
--gamma=0.7
--ifile=EADARP/instances/l1/a6-72.txt
--infeasible_arcs=EADARP/infeasible_arcs
--insert_charging_otf=true
--insert_cost_noise=0.014
--lns_init_temp_factor=0.0
--lns_temp_dec_factor=0.99
--log_all_sols_fname=
--mh_checkit=false
--mh_lfreq=0
--mh_lnewinc=true
--mh_tciter=-1
--mh_tctime=-1.0
--mh_titer=30000
--mh_tobj=-1.0
--mh_ttime=-1.0
--odir=EADARP/out/l1-s0-g0.7
--ofile=
--oname=a6-72_1.000_18
--only_single_s_visits=false
--prepthreshold=1.0
--repair_max_routes=0
--route_based_ops=0
--seed=363642253
--tightened_windows=EADARP/tightened_windows
--use_milp_in_otf=0
--xcheck_isfeasible=false

EADARPInstance(EADARP/instances/l1/a6-72.txt, n=72, n_K=6, S=[159, 160, 161], Q=14.85, n_F=6, γ=0.7, T_plan=720.0, F=[153, 154, 155, 156, 157, 158])

T preprocessing time [s]: 5.04769
I       iter             best          obj_old          obj_new        time              method info
I          1        917.64910     100072.00000        917.64910      0.2227                 con 
I          3        917.42262        917.64910        917.42262      0.3045        drrr_15+rrri 
I          4        912.74296        917.42262        912.74296      0.3301        drrr_15+rroi 
I          6        903.59785        912.74296        903.59785      0.3840        drrr_15+rroi 
I          8        894.75693        903.59785        894.75693      0.4481         drrr_15+rrg 
I         10        885.40782        894.75693        885.40782      0.5105        drrr_15+rrri 
I         11        882.06274        885.40782        882.06274      0.5510        drrr_15+rrri 
I         12        877.94295        882.06274        877.94295      0.5732         drrr_15+rrg 
I         13        874.76167        877.94295        874.76167      0.6153        drrr_15+rroi 
I         14        870.38231        874.76167        870.38231      0.6343        drrr_15+rrri 
I         15        853.40065        870.38231        853.40065      0.6509         drrr_15+rrg 
I         17        844.68997        853.40065        844.68997      0.7025        drrr_15+rroi 
I         23        842.74664        844.68997        842.74664      0.8006        drrr_15+rroi 
I         24        842.70889        842.74664        842.70889      0.8241         drrr_15+rrg 
I         31        839.60996        842.70889        839.60996      0.8842         drrr_15+rrg 
I         41        835.71686        839.60996        835.71686      0.9872        drrr_15+rroi 
I         50        831.06526        835.71686        831.06526      1.0231        drrr_15+rrri 
I         59        827.24143        831.06526        827.24143      1.0622        drrr_15+rroi 
I         63        823.99659        827.24143        823.99659      1.0768         drrr_15+rrg 
I         67        822.82579        823.99659        822.82579      1.1196         drrr_15+rrg 
I         80        822.35476        822.82579        822.35476      1.2055        drrr_15+rrri 
I         81        821.30892        822.35476        821.30892      1.2064        drrr_15+rrri 
I         88        821.13802        821.30892        821.13802      1.2577        drrr_15+rroi 
I         89        818.83989        821.13802        818.83989      1.2660        drrr_15+rroi 
I         94        813.05100        818.83989        813.05100      1.3942         drrr_15+rrg 
I        151        811.96396        813.05100        811.96396      1.5613        drrr_15+rroi 
I        546        804.26696        811.96396        804.26696      2.3230        drrr_15+rroi 
I        562        802.82825        804.26696        802.82825      2.3668        drrr_15+rrri 
I        584        800.76084        802.82825        800.76084      2.4186        drrr_15+rroi 
I        593        799.96776        800.76084        799.96776      2.4354         drrr_15+rrg 
I        664        799.91381        799.96776        799.91381      2.5534        drrr_15+rrri 
I        743        799.46196        799.91381        799.46196      2.6911         drrr_15+rrg 
I       1880        799.44456        799.46196        799.44456      4.3308        drrr_15+rroi 
I       1895        798.67058        799.44456        798.67058      4.3502        drrr_15+rrri 
I       1898        798.29284        798.67058        798.29284      4.3537         drrr_15+rrg 
I       1903        797.21943        798.29284        797.21943      4.3607         drrr_15+rrg 
I       1905        796.49424        797.21943        796.49424      4.3623        drrr_15+rroi 
I       1948        795.94972        796.49424        795.94972      4.4187         drrr_15+rrg 
I       1953        794.95422        795.94972        794.95422      4.4257         drrr_15+rrg 
I       1954        791.08628        794.95422        791.08628      4.4266        drrr_15+rrri 
I       1972        790.69457        791.08628        790.69457      4.4468        drrr_15+rroi 
I      28138        790.41945        790.69457        790.41945     36.1494         drrr_15+rrg 
I      28142        787.52474        790.41945        787.52474     36.1541        drrr_15+rroi 
I      28158        786.87122        787.52474        786.87122     36.1715        drrr_15+rrri 
I      28175        786.87085        786.87122        786.87085     36.2189        drrr_15+rroi 
I      28184        786.21734        786.87085        786.21734     36.2315         drrr_15+rrg 
I      28376        785.66345        786.21734        785.66345     36.4392        drrr_15+rrri 
I      30000        785.66345        785.66345        785.66345     38.3770        drrr_15+rrri 

Method statistics
S  method    iter  succ  succ-rate%  tot-obj-gain  avg-obj-gain  rel-succ%  net-time  net-time%  brut-time  brut-time%
S  con          1     1   100.00000  -99154.35090  -99154.35090    1.07527   0.22261    0.58006    0.22261     0.58006
S  drrr_15  29999    46     0.15334    -131.98565      -0.00440   49.46237   1.22450    3.19072    1.22450     3.19072
S  rrg      10000    16     0.16000     -48.44832      -0.00484   17.20430  18.74075   48.83321   18.74075    48.83321
S  rroi      9971    17     0.17049     -52.72685      -0.00529   18.27957   8.55698   22.29712    8.55698    22.29712
S  rrri     10028    13     0.12964     -30.81049      -0.00307   13.97849   9.33313   24.31956    9.33313    24.31956
S  SUM/AVG  59999    93     0.15500  -99418.32221      -1.65700   20.00000  38.07797   99.22066   38.07797    99.22066

T best solution: EADARPSolution(t_routing=983.531, t_excess=192.06, obj_val=785.663, obj_val_valid=true,
    unserved_requests=Int64[], F_visited=[156, 157, 154, 158, 155, 153], S_visited=Int64[],
    (1, ([147, 38, 10, 110, 82, 27, 99, 63, 30, 135, 102, 44, 116, 2, 74, 8, 80, 49, 9, 81, 121, 159, 153], [82.62601898613246], [22]))
    (2, ([148, 19, 91, 62, 134, 64, 136, 52, 124, 13, 42, 114, 85, 58, 130, 26, 98, 159, 60, 51, 132, 16, 123, 88, 72, 5, 144, 77, 36, 108, 159, 154], [94.93932305118796, 27.413451970449838], [18, 31]))
    (3, ([149, 1, 73, 20, 92, 32, 66, 3, 104, 138, 75, 25, 97, 39, 111, 161, 41, 113, 68, 33, 105, 140, 43, 115, 54, 126, 65, 17, 137, 89, 53, 125, 159, 155], [3.395229289536641, 78.35348459289878], [16, 33]))
    (4, ([150, 40, 112, 61, 133, 56, 47, 119, 128, 7, 79, 11, 83, 37, 109, 12, 28, 100, 84, 67, 139, 159, 156], [46.083019797277075], [22]))
    (5, ([151, 23, 59, 131, 95, 24, 96, 45, 117, 70, 142, 21, 93, 160, 22, 69, 94, 141, 4, 57, 76, 129, 15, 87, 157], [57.64000026104689], [14]))
    (6, ([152, 48, 120, 55, 127, 161, 35, 107, 34, 106, 29, 101, 6, 14, 78, 86, 46, 118, 18, 90, 31, 50, 122, 103, 71, 143, 159, 158], [28.689501057301033, 78.39113996970445], [6, 27])))

T best obj: 785.6634476589512
T best iteration: 28376
T total iterations: 30000
T best time [s]: 36.439
T total time [s]: 38.3771
