EADARP version e957-dirty
ARGS: ["--prepthreshold=1.125", "--only_single_s_visits=0", "--gamma=0.7", "--ifile=EADARP/instances/l1/a6-72.txt", "--odir=EADARP/out/l1-s0-g0.7", "--oname=a6-72_1.125_16"]
Settings:
--alns_gamma=0.025
--alns_segment_size=100
--alns_sigma1=10
--alns_sigma2=9
--alns_sigma3=3
--at_most_one_s=false
--gamma=0.7
--ifile=EADARP/instances/l1/a6-72.txt
--infeasible_arcs=EADARP/infeasible_arcs
--insert_charging_otf=true
--insert_cost_noise=0.014
--lns_init_temp_factor=0.0
--lns_temp_dec_factor=0.99
--log_all_sols_fname=
--mh_checkit=false
--mh_lfreq=0
--mh_lnewinc=true
--mh_tciter=-1
--mh_tctime=-1.0
--mh_titer=30000
--mh_tobj=-1.0
--mh_ttime=-1.0
--odir=EADARP/out/l1-s0-g0.7
--ofile=
--oname=a6-72_1.125_16
--only_single_s_visits=false
--prepthreshold=1.125
--repair_max_routes=0
--route_based_ops=0
--seed=1312342914
--tightened_windows=EADARP/tightened_windows
--use_milp_in_otf=0
--xcheck_isfeasible=false

EADARPInstance(EADARP/instances/l1/a6-72.txt, n=72, n_K=6, S=[159, 160, 161], Q=14.85, n_F=6, γ=0.7, T_plan=720.0, F=[153, 154, 155, 156, 157, 158])

T preprocessing time [s]: 4.38283
I       iter             best          obj_old          obj_new        time              method info
I          1        954.02849     100072.00000        954.02849      0.2690                 con 
I          2        914.13086        954.02849        914.13086      0.3141        drrr_15+rrri 
I          3        913.63772        914.13086        913.63772      0.3524        drrr_15+rroi 
I          6        907.78560        913.63772        907.78560      0.4306        drrr_15+rrri 
I          7        905.57830        907.78560        905.57830      0.4507        drrr_15+rroi 
I         11        898.98882        905.57830        898.98882      0.5282        drrr_15+rroi 
I         12        892.73249        898.98882        892.73249      0.5796         drrr_15+rrg 
I         13        872.23191        892.73249        872.23191      0.6071        drrr_15+rrri 
I         14        869.38006        872.23191        869.38006      0.6256         drrr_15+rrg 
I         15        867.20825        869.38006        867.20825      0.6397        drrr_15+rrri 
I         23        867.06364        867.20825        867.06364      0.7469        drrr_15+rrri 
I         25        855.17589        867.06364        855.17589      0.7742         drrr_15+rrg 
I         28        848.66603        855.17589        848.66603      0.8260        drrr_15+rroi 
I         33        847.62177        848.66603        847.62177      0.9141        drrr_15+rroi 
I         34        841.55537        847.62177        841.55537      0.9272        drrr_15+rrri 
I         35        839.45774        841.55537        839.45774      0.9317        drrr_15+rroi 
I         40        839.22498        839.45774        839.22498      0.9721         drrr_15+rrg 
I         44        835.01945        839.22498        835.01945      0.9953         drrr_15+rrg 
I         48        829.85786        835.01945        829.85786      1.0375        drrr_15+rroi 
I         56        828.57770        829.85786        828.57770      1.0829         drrr_15+rrg 
I         67        820.96328        828.57770        820.96328      1.1496        drrr_15+rrri 
I         69        817.30200        820.96328        817.30200      1.1639        drrr_15+rroi 
I         70        815.88776        817.30200        815.88776      1.1752        drrr_15+rroi 
I         94        811.12698        815.88776        811.12698      1.3228         drrr_15+rrg 
I        143        811.09641        811.12698        811.09641      1.4677        drrr_15+rroi 
I        146        810.27937        811.09641        810.27937      1.4751         drrr_15+rrg 
I        152        809.55844        810.27937        809.55844      1.4957        drrr_15+rroi 
I        337        806.51376        809.55844        806.51376      1.8734        drrr_15+rroi 
I        352        806.24091        806.51376        806.24091      1.8959         drrr_15+rrg 
I        356        805.03350        806.24091        805.03350      1.9039        drrr_15+rrri 
I        360        801.85815        805.03350        801.85815      1.9117        drrr_15+rrri 
I        373        801.85750        801.85815        801.85750      1.9451        drrr_15+rroi 
I        389        801.45646        801.85750        801.45646      1.9727        drrr_15+rrri 
I        525        801.07495        801.45646        801.07495      2.1794         drrr_15+rrg 
I        583        800.93450        801.07495        800.93450      2.3414         drrr_15+rrg 
I        615        800.56188        800.93450        800.56188      2.3948        drrr_15+rrri 
I       1195        800.55936        800.56188        800.55936      3.2491        drrr_15+rrri 
I       1197        799.93061        800.55936        799.93061      3.2507        drrr_15+rrri 
I       1217        799.55594        799.93061        799.55594      3.2883        drrr_15+rroi 
I       4665        799.46034        799.55594        799.46034      7.4542        drrr_15+rroi 
I       4777        797.99317        799.46034        797.99317      7.5786        drrr_15+rroi 
I       4820        795.73243        797.99317        795.73243      7.6572        drrr_15+rroi 
I       4899        794.75260        795.73243        794.75260      7.7681        drrr_15+rroi 
I       5188        791.95668        794.75260        791.95668      8.0888        drrr_15+rroi 
I       5362        791.29226        791.95668        791.29226      8.3110         drrr_15+rrg 
I       5399        791.05787        791.29226        791.05787      8.3571        drrr_15+rrri 
I       5414        789.30826        791.05787        789.30826      8.3743        drrr_15+rroi 
I       5472        788.70215        789.30826        788.70215      8.4502         drrr_15+rrg 
I      17071        788.57505        788.70215        788.57505     21.3353        drrr_15+rrri 
I      30000        788.57505        788.57505        793.53404     36.2119         drrr_15+rrg 

Method statistics
S  method    iter  succ  succ-rate%  tot-obj-gain  avg-obj-gain  rel-succ%  net-time  net-time%  brut-time  brut-time%
S  con          1     1   100.00000  -99117.97151  -99117.97151    1.03093   0.26887    0.74250    0.26887     0.74250
S  drrr_15  29999    48     0.16001    -165.45344      -0.00552   49.48454   1.15683    3.19462    1.15683     3.19462
S  rrg      10015    13     0.12981     -34.35756      -0.00343   13.40206  18.42581   50.88328   18.42581    50.88328
S  rroi      9971    20     0.20058     -42.69913      -0.00428   20.61856   7.77743   21.47755    7.77743    21.47755
S  rrri     10013    15     0.14981     -88.39676      -0.00883   15.46392   8.34252   23.03804    8.34252    23.03804
S  SUM/AVG  59999    97     0.16167  -99448.87839      -1.65751   20.00000  35.97147   99.33598   35.97147    99.33598

T best solution: EADARPSolution(t_routing=978.258, t_excess=219.528, obj_val=788.575, obj_val_valid=true,
    unserved_requests=Int64[], F_visited=[157, 154, 156, 158, 153, 155], S_visited=Int64[],
    (1, ([147, 45, 117, 70, 142, 21, 93, 52, 124, 54, 126, 65, 17, 137, 89, 4, 57, 76, 129, 15, 87, 159, 153], [24.627465880455482], [22]))
    (2, ([148, 48, 120, 55, 127, 56, 47, 119, 128, 7, 79, 11, 83, 30, 102, 13, 42, 114, 85, 26, 98, 49, 9, 81, 121, 159, 154], [86.73108245073688], [26]))
    (3, ([149, 23, 59, 131, 95, 24, 96, 1, 73, 20, 92, 32, 66, 3, 104, 138, 75, 25, 97, 39, 111, 161, 41, 113, 68, 2, 140, 74, 31, 50, 122, 103, 53, 125, 159, 155], [97.37879446208098, 11.132291902934874], [22, 35]))
    (4, ([150, 40, 112, 61, 133, 35, 107, 27, 99, 22, 69, 94, 141, 161, 71, 143, 67, 139, 156], [60.7087725094041], [14]))
    (5, ([151, 38, 10, 110, 82, 34, 106, 29, 101, 6, 14, 78, 86, 46, 44, 116, 118, 18, 90, 8, 80, 12, 28, 100, 84, 159, 157], [85.05250157513997], [26]))
    (6, ([152, 19, 91, 62, 134, 64, 136, 37, 109, 63, 135, 159, 58, 33, 105, 130, 43, 115, 160, 60, 51, 132, 16, 123, 88, 72, 5, 144, 77, 36, 108, 159, 158], [72.30177369152779, 43.36518247387215, 10.959697621794653], [12, 19, 32])))

T best obj: 788.5750499855336
T best iteration: 17071
T total iterations: 30000
T best time [s]: 21.335
T total time [s]: 36.2119
