EADARP version e957-dirty
ARGS: ["--prepthreshold=1.250", "--only_single_s_visits=0", "--gamma=0.7", "--ifile=EADARP/instances/l1/a6-72.txt", "--odir=EADARP/out/l1-s0-g0.7", "--oname=a6-72_1.250_03"]
Settings:
--alns_gamma=0.025
--alns_segment_size=100
--alns_sigma1=10
--alns_sigma2=9
--alns_sigma3=3
--at_most_one_s=false
--gamma=0.7
--ifile=EADARP/instances/l1/a6-72.txt
--infeasible_arcs=EADARP/infeasible_arcs
--insert_charging_otf=true
--insert_cost_noise=0.014
--lns_init_temp_factor=0.0
--lns_temp_dec_factor=0.99
--log_all_sols_fname=
--mh_checkit=false
--mh_lfreq=0
--mh_lnewinc=true
--mh_tciter=-1
--mh_tctime=-1.0
--mh_titer=30000
--mh_tobj=-1.0
--mh_ttime=-1.0
--odir=EADARP/out/l1-s0-g0.7
--ofile=
--oname=a6-72_1.250_03
--only_single_s_visits=false
--prepthreshold=1.25
--repair_max_routes=0
--route_based_ops=0
--seed=1786272759
--tightened_windows=EADARP/tightened_windows
--use_milp_in_otf=0
--xcheck_isfeasible=false

EADARPInstance(EADARP/instances/l1/a6-72.txt, n=72, n_K=6, S=[159, 160, 161], Q=14.85, n_F=6, γ=0.7, T_plan=720.0, F=[153, 154, 155, 156, 157, 158])

T preprocessing time [s]: 4.00939
I       iter             best          obj_old          obj_new        time              method info
I          1        943.53052     100072.00000        943.53052      0.1767                 con 
I          2        933.66447        943.53052        933.66447      0.2265         drrr_15+rrg 
I          3        904.26264        933.66447        904.26264      0.2612         drrr_15+rrg 
I          4        895.78322        904.26264        895.78322      0.3083        drrr_15+rrri 
I          7        876.94106        895.78322        876.94106      0.3726        drrr_15+rrri 
I          8        869.00767        876.94106        869.00767      0.3961         drrr_15+rrg 
I          9        859.26533        869.00767        859.26533      0.4258         drrr_15+rrg 
I         13        855.00248        859.26533        855.00248      0.4964        drrr_15+rroi 
I         14        841.76445        855.00248        841.76445      0.5133         drrr_15+rrg 
I         26        836.72946        841.76445        836.72946      0.6807         drrr_15+rrg 
I         28        836.51311        836.72946        836.51311      0.7006        drrr_15+rrri 
I         30        827.54756        836.51311        827.54756      0.7273        drrr_15+rrri 
I         31        820.55553        827.54756        820.55553      0.7329        drrr_15+rrri 
I         33        817.81886        820.55553        817.81886      0.7448         drrr_15+rrg 
I         37        813.71719        817.81886        813.71719      0.7668        drrr_15+rrri 
I         44        811.79068        813.71719        811.79068      0.8129        drrr_15+rrri 
I         57        811.55791        811.79068        811.55791      0.8705         drrr_15+rrg 
I         77        811.18926        811.55791        811.18926      0.9346         drrr_15+rrg 
I         90        810.36397        811.18926        810.36397      0.9595        drrr_15+rrri 
I         92        808.95418        810.36397        808.95418      0.9610        drrr_15+rroi 
I        102        808.79523        808.95418        808.79523      0.9775        drrr_15+rrri 
I        126        806.53318        808.79523        806.53318      1.0410        drrr_15+rrri 
I        131        804.08014        806.53318        804.08014      1.0570         drrr_15+rrg 
I        132        803.83309        804.08014        803.83309      1.0638         drrr_15+rrg 
I        180        800.95613        803.83309        800.95613      1.1818        drrr_15+rroi 
I        261        798.05845        800.95613        798.05845      1.3441        drrr_15+rrri 
I        540        798.03181        798.05845        798.03181      1.7821         drrr_15+rrg 
I        865        795.88388        798.03181        795.88388      2.3170        drrr_15+rroi 
I        866        790.75582        795.88388        790.75582      2.3178        drrr_15+rroi 
I        869        789.64719        790.75582        789.64719      2.3245        drrr_15+rroi 
I       1036        788.38657        789.64719        788.38657      2.5587        drrr_15+rroi 
I       1043        787.51842        788.38657        787.51842      2.5812         drrr_15+rrg 
I       1079        786.46277        787.51842        786.46277      2.6338         drrr_15+rrg 
I       2692        785.99052        786.46277        785.99052      4.8124         drrr_15+rrg 
I       2815        785.33071        785.99052        785.33071      4.9575        drrr_15+rrri 
I       2835        784.93900        785.33071        784.93900      4.9881        drrr_15+rroi 
I       3317        784.39970        784.93900        784.39970      5.5869        drrr_15+rroi 
I       3436        784.29276        784.39970        784.29276      5.7343         drrr_15+rrg 
I       5332        782.71440        784.29276        782.71440      7.9045         drrr_15+rrg 
I       5335        782.37023        782.71440        782.37023      7.9087         drrr_15+rrg 
I       5364        779.49328        782.37023        779.49328      7.9523         drrr_15+rrg 
I      30000        779.49328        779.49328        785.22190     36.1147         drrr_15+rrg 

Method statistics
S  method    iter  succ  succ-rate%  tot-obj-gain  avg-obj-gain  rel-succ%  net-time  net-time%  brut-time  brut-time%
S  con          1     1   100.00000  -99128.46948  -99128.46948    1.23457   0.17663    0.48907    0.17663     0.48907
S  drrr_15  29999    40     0.13334    -164.03724      -0.00547   49.38272   1.07656    2.98093    1.07656     2.98093
S  rrg       9964    19     0.19069     -88.58392      -0.00889   23.45679  18.25837   50.55646   18.25837    50.55646
S  rroi     10125     9     0.08889     -19.12585      -0.00189   11.11111   7.99242   22.13058    7.99242    22.13058
S  rrri      9910    12     0.12109     -56.32747      -0.00568   14.81481   8.32974   23.06460    8.32974    23.06460
S  SUM/AVG  59999    81     0.13500  -99456.54396      -1.65764   20.00000  35.83371   99.22164   35.83371    99.22164

T best solution: EADARPSolution(t_routing=982.359, t_excess=170.896, obj_val=779.493, obj_val_valid=true,
    unserved_requests=Int64[], F_visited=[153, 154, 155, 156, 157, 158], S_visited=Int64[],
    (1, ([147, 45, 117, 70, 142, 21, 93, 52, 124, 13, 42, 114, 85, 41, 113, 2, 74, 31, 50, 122, 103, 53, 125, 159, 153], [60.47631767229992], [24]))
    (2, ([148, 40, 112, 61, 133, 35, 107, 27, 99, 22, 69, 94, 141, 8, 80, 49, 9, 81, 121, 159, 154], [49.1958520401686], [20]))
    (3, ([149, 19, 91, 62, 134, 30, 102, 44, 116, 71, 143, 67, 139, 159, 155], [22.66269374773412], [14]))
    (4, ([150, 48, 120, 55, 127, 56, 128, 38, 10, 110, 82, 64, 136, 37, 109, 63, 135, 58, 130, 26, 98, 43, 115, 54, 126, 12, 28, 100, 84, 159, 156], [95.55960100342335], [30]))
    (5, ([151, 1, 73, 20, 92, 32, 66, 3, 104, 138, 75, 25, 97, 34, 106, 29, 101, 6, 14, 78, 86, 68, 33, 105, 140, 161, 65, 17, 137, 89, 4, 57, 76, 129, 15, 87, 159, 157], [117.06274985257731, 24.10482944240227], [26, 37]))
    (6, ([152, 23, 59, 131, 95, 24, 96, 47, 119, 7, 79, 11, 83, 39, 111, 161, 46, 118, 18, 90, 60, 51, 132, 16, 123, 88, 72, 5, 144, 77, 36, 108, 159, 158], [97.23220780574405, 30.064862656152755], [16, 33])))

T best obj: 779.4932758932274
T best iteration: 5364
T total iterations: 30000
T best time [s]: 7.952
T total time [s]: 36.1148
