EADARP version 585c-dirty
ARGS: --ifile=EADARP/instances/l1/a6-72.txt --infeasible_arcs=EADARP/infeasible_arcs --gamma=0.7 --only_single_s_visits=false --odir=EADARP/out/a6-72 --oname=run11
Settings:
--alns_gamma=0.025
--alns_segment_size=100
--alns_sigma1=10
--alns_sigma2=9
--alns_sigma3=3
--at_most_one_s=false
--gamma=0.7
--ifile=EADARP/instances/l1/a6-72.txt
--infeasible_arcs=EADARP/infeasible_arcs
--insert_charging_otf=true
--insert_cost_noise=0.014
--lns_init_temp_factor=0.0
--lns_temp_dec_factor=0.99
--mh_checkit=false
--mh_lfreq=0
--mh_lnewinc=true
--mh_tciter=-1
--mh_tctime=-1.0
--mh_titer=30000
--mh_tobj=-1.0
--mh_ttime=-1.0
--odir=EADARP/out/a6-72
--oname=run11
--only_single_s_visits=false
--repair_max_routes=0
--seed=1360870458
--use_milp_in_otf=0
--xcheck_isfeasible=false

EADARPInstance(EADARP/instances/l1/a6-72.txt, n=72, n_K=6, S=[159, 160, 161], Q=14.85, n_F=6, γ=0.7, T_plan=720.0, F=[153, 154, 155, 156, 157, 158])

T preprocessing time [s]: 2.66557
I       iter             best          obj_old          obj_new        time              method info
I          1        942.47060     100072.00000        942.47060      0.2303                 con 
I          2        930.61437        942.47060        930.61437      0.2913        drrr_15+rroi 
I          3        929.98420        930.61437        929.98420      0.3533        drrr_15+rroi 
I          4        925.93563        929.98420        925.93563      0.4001         drrr_15+rrg 
I          6        881.60352        925.93563        881.60352      0.4893        drrr_15+rrri 
I          7        876.39100        881.60352        876.39100      0.5350        drrr_15+rroi 
I          8        866.90239        876.39100        866.90239      0.5828        drrr_15+rroi 
I          9        866.18609        866.90239        866.18609      0.6173        drrr_15+rroi 
I         11        863.12797        866.18609        863.12797      0.6683         drrr_15+rrg 
I         16        862.00863        863.12797        862.00863      0.7785        drrr_15+rroi 
I         18        858.54156        862.00863        858.54156      0.8010         drrr_15+rrg 
I         20        850.87976        858.54156        850.87976      0.8390        drrr_15+rroi 
I         21        844.11706        850.87976        844.11706      0.8585        drrr_15+rrri 
I         23        831.00351        844.11706        831.00351      0.8733         drrr_15+rrg 
I         28        829.93010        831.00351        829.93010      0.9622        drrr_15+rrri 
I         30        829.55901        829.93010        829.55901      0.9855        drrr_15+rroi 
I         34        818.96204        829.55901        818.96204      1.0230         drrr_15+rrg 
I         41        815.04406        818.96204        815.04406      1.0750         drrr_15+rrg 
I         42        811.59062        815.04406        811.59062      1.0753        drrr_15+rrri 
I         63        809.38503        811.59062        809.38503      1.2333        drrr_15+rrri 
I         68        806.80452        809.38503        806.80452      1.2564         drrr_15+rrg 
I         80        806.07338        806.80452        806.07338      1.2832        drrr_15+rroi 
I         83        805.84061        806.07338        805.84061      1.2894        drrr_15+rrri 
I         93        800.49524        805.84061        800.49524      1.3214        drrr_15+rroi 
I         98        798.69194        800.49524        798.69194      1.3439        drrr_15+rroi 
I        106        798.14077        798.69194        798.14077      1.3543        drrr_15+rroi 
I        114        797.29375        798.14077        797.29375      1.3762         drrr_15+rrg 
I        162        793.08222        797.29375        793.08222      1.4364        drrr_15+rrri 
I        178        792.84945        793.08222        792.84945      1.5144        drrr_15+rroi 
I        194        792.39691        792.84945        792.39691      1.5481         drrr_15+rrg 
I        217        790.64867        792.39691        790.64867      1.5656        drrr_15+rroi 
I        220        786.55383        790.64867        786.55383      1.5882         drrr_15+rrg 
I        257        786.22860        786.55383        786.22860      1.6849         drrr_15+rrg 
I        288        784.98926        786.22860        784.98926      1.7386        drrr_15+rroi 
I        335        784.84653        784.98926        784.84653      1.8253        drrr_15+rroi 
I        338        784.66975        784.84653        784.66975      1.8319        drrr_15+rrri 
I        457        784.02771        784.66975        784.02771      1.9775         drrr_15+rrg 
I        461        780.27782        784.02771        780.27782      1.9853        drrr_15+rroi 
I      21095        778.18282        780.27782        778.18282     11.5633         drrr_15+rrg 
I      21196        775.46178        778.18282        775.46178     11.6638        drrr_15+rrri 
I      30000        775.46178        775.46178        782.81246     15.6506        drrr_15+rroi 

Method statistics
S  method    iter  succ  succ-rate%  tot-obj-gain  avg-obj-gain  rel-succ%  net-time  net-time%  brut-time  brut-time%
S  con          1     1   100.00000  -99129.52940  -99129.52940    1.26582   0.23032    1.47163    0.23032     1.47163
S  drrr_15  29999    39     0.13000    -167.00882      -0.00557   49.36709   0.32754    2.09281    0.32754     2.09281
S  rrg       9977    13     0.13030     -49.23945      -0.00494   16.45570   6.78509   43.35354    6.78509    43.35354
S  rroi     10073    17     0.16877     -52.59999      -0.00522   21.51899   3.74075   23.90160    3.74075    23.90160
S  rrri      9949     9     0.09046     -65.16938      -0.00655   11.39241   4.51356   28.83952    4.51356    28.83952
S  SUM/AVG  59999    79     0.13167  -99463.54704      -1.65775   20.00000  15.59726   99.65908   15.59726    99.65908

T best solution: EADARPSolution(t_routing=966.534, t_excess=202.246, obj_val=775.462, obj_val_valid=true,
    unserved_requests=Int64[], F_visited=[154, 155, 158, 157, 156, 153], S_visited=Int64[],
    (1, ([147, 40, 112, 61, 133, 35, 107, 3, 75, 25, 97, 34, 106, 52, 124, 13, 42, 114, 85, 26, 98, 43, 115, 54, 126, 160, 49, 65, 17, 121, 137, 89, 159, 153], [10.383143599691136, 93.40847167108666], [26, 33]))
    (2, ([148, 1, 73, 20, 92, 32, 66, 104, 138, 27, 99, 22, 69, 94, 141, 4, 57, 76, 129, 159, 154], [38.69680395006424], [20]))
    (3, ([149, 19, 91, 62, 134, 30, 102, 44, 116, 71, 143, 15, 87, 159, 155], [24.31913551820541], [14]))
    (4, ([150, 48, 120, 55, 127, 56, 47, 119, 128, 7, 79, 11, 83, 39, 111, 161, 41, 113, 68, 2, 140, 74, 8, 80, 9, 81, 12, 28, 100, 84, 67, 139, 159, 156], [86.65364703265695, 11.639003487688901], [16, 33]))
    (5, ([151, 38, 10, 110, 82, 64, 136, 37, 109, 63, 135, 159, 58, 33, 105, 130, 60, 51, 132, 16, 123, 88, 72, 5, 144, 77, 36, 108, 159, 157], [72.30177369152779, 30.7886566237233], [12, 29]))
    (6, ([152, 23, 59, 131, 95, 24, 96, 159, 45, 117, 70, 142, 21, 93, 29, 101, 6, 14, 78, 86, 46, 118, 18, 90, 31, 50, 122, 103, 53, 125, 159, 158], [26.090050864061965, 86.2530215586803], [8, 31])))

T best obj: 775.4617777645174
T best iteration: 21196
T total iterations: 30000
T best time [s]: 11.664
T total time [s]: 15.6506
