EADARP version 585c-dirty
ARGS: --ifile=EADARP/instances/l1/a6-72.txt --infeasible_arcs=EADARP/infeasible_arcs --gamma=0.7 --only_single_s_visits=false --odir=EADARP/out/a6-72 --oname=run21
Settings:
--alns_gamma=0.025
--alns_segment_size=100
--alns_sigma1=10
--alns_sigma2=9
--alns_sigma3=3
--at_most_one_s=false
--gamma=0.7
--ifile=EADARP/instances/l1/a6-72.txt
--infeasible_arcs=EADARP/infeasible_arcs
--insert_charging_otf=true
--insert_cost_noise=0.014
--lns_init_temp_factor=0.0
--lns_temp_dec_factor=0.99
--mh_checkit=false
--mh_lfreq=0
--mh_lnewinc=true
--mh_tciter=-1
--mh_tctime=-1.0
--mh_titer=30000
--mh_tobj=-1.0
--mh_ttime=-1.0
--odir=EADARP/out/a6-72
--oname=run21
--only_single_s_visits=false
--repair_max_routes=0
--seed=1739211730
--use_milp_in_otf=0
--xcheck_isfeasible=false

EADARPInstance(EADARP/instances/l1/a6-72.txt, n=72, n_K=6, S=[159, 160, 161], Q=14.85, n_F=6, γ=0.7, T_plan=720.0, F=[153, 154, 155, 156, 157, 158])

T preprocessing time [s]: 2.71276
I       iter             best          obj_old          obj_new        time              method info
I          1        968.44012     100072.00000        968.44012      0.2080                 con 
I          2        929.46680        968.44012        929.46680      0.2807        drrr_15+rrri 
I          3        909.93186        929.46680        909.93186      0.3657         drrr_15+rrg 
I          5        899.09553        909.93186        899.09553      0.4246        drrr_15+rroi 
I          7        898.32304        899.09553        898.32304      0.5429        drrr_15+rrri 
I         11        887.68749        898.32304        887.68749      0.7403         drrr_15+rrg 
I         13        882.34752        887.68749        882.34752      0.7923        drrr_15+rrri 
I         14        872.18708        882.34752        872.18708      0.8093        drrr_15+rrri 
I         15        869.36618        872.18708        869.36618      0.8448         drrr_15+rrg 
I         29        869.27267        869.36618        869.27267      1.0928         drrr_15+rrg 
I         34        867.73498        869.27267        867.73498      1.1293         drrr_15+rrg 
I         44        865.88415        867.73498        865.88415      1.1694        drrr_15+rroi 
I         47        864.39297        865.88415        864.39297      1.1999         drrr_15+rrg 
I         49        862.72144        864.39297        862.72144      1.2196        drrr_15+rroi 
I         51        855.05946        862.72144        855.05946      1.2353        drrr_15+rroi 
I         52        852.27353        855.05946        852.27353      1.2396         drrr_15+rrg 
I         53        848.02623        852.27353        848.02623      1.2557        drrr_15+rroi 
I         62        843.34964        848.02623        843.34964      1.3204        drrr_15+rrri 
I         73        842.63079        843.34964        842.63079      1.3928        drrr_15+rrri 
I         74        842.21089        842.63079        842.21089      1.3970        drrr_15+rrri 
I         80        840.13144        842.21089        840.13144      1.4273        drrr_15+rrri 
I         84        839.82150        840.13144        839.82150      1.4371        drrr_15+rroi 
I         88        839.16799        839.82150        839.16799      1.4470         drrr_15+rrg 
I         91        832.29282        839.16799        832.29282      1.4748        drrr_15+rrri 
I         95        827.53745        832.29282        827.53745      1.4915         drrr_15+rrg 
I         96        825.20781        827.53745        825.20781      1.5302         drrr_15+rrg 
I        106        823.58341        825.20781        823.58341      1.6324        drrr_15+rrri 
I        114        821.93036        823.58341        821.93036      1.6553         drrr_15+rrg 
I        122        818.77222        821.93036        818.77222      1.6765        drrr_15+rroi 
I        132        818.53945        818.77222        818.53945      1.6987         drrr_15+rrg 
I        141        815.03432        818.53945        815.03432      1.7416         drrr_15+rrg 
I        150        813.87991        815.03432        813.87991      1.8143        drrr_15+rroi 
I        158        812.81227        813.87991        812.81227      1.8526        drrr_15+rroi 
I        164        812.21076        812.81227        812.21076      1.9077        drrr_15+rroi 
I        172        811.97799        812.21076        811.97799      1.9444        drrr_15+rrri 
I        192        807.83054        811.97799        807.83054      1.9915        drrr_15+rrri 
I        198        805.79847        807.83054        805.79847      2.0284        drrr_15+rroi 
I        211        802.99483        805.79847        802.99483      2.0786        drrr_15+rrri 
I        264        792.15505        802.99483        792.15505      2.1606        drrr_15+rroi 
I        270        790.74688        792.15505        790.74688      2.1648         drrr_15+rrg 
I        316        790.09458        790.74688        790.09458      2.2236         drrr_15+rrg 
I        318        788.05234        790.09458        788.05234      2.2254        drrr_15+rrri 
I        411        786.96017        788.05234        786.96017      2.3369        drrr_15+rrri 
I        471        786.43802        786.96017        786.43802      2.4303         drrr_15+rrg 
I        500        786.18124        786.43802        786.18124      2.4640        drrr_15+rrri 
I        629        785.36630        786.18124        785.36630      2.5921        drrr_15+rrri 
I        630        783.41390        785.36630        783.41390      2.5924        drrr_15+rroi 
I        745        783.31184        783.41390        783.31184      2.7405        drrr_15+rroi 
I       1424        783.18858        783.31184        783.18858      3.2490        drrr_15+rrri 
I      10498        782.97562        783.18858        782.97562      7.7063        drrr_15+rrri 
I      10732        780.97117        782.97562        780.97117      7.8091        drrr_15+rroi 
I      30000        780.97117        780.97117        780.97117     15.7079        drrr_15+rroi 

Method statistics
S  method    iter  succ  succ-rate%  tot-obj-gain  avg-obj-gain  rel-succ%  net-time  net-time%  brut-time  brut-time%
S  con          1     1   100.00000  -99103.55988  -99103.55988    0.99010   0.20798    1.32403    0.20798     1.32403
S  drrr_15  29999    50     0.16667    -187.46895      -0.00625   49.50495   0.31824    2.02597    0.31824     2.02597
S  rrg      10023    16     0.15963     -54.61177      -0.00545   15.84158   6.99584   44.53713    6.99584    44.53713
S  rroi      9927    15     0.15110     -49.49037      -0.00499   14.85149   3.67000   23.36404    3.67000    23.36404
S  rrri     10049    19     0.18907     -83.36681      -0.00830   18.81188   4.45276   28.34731    4.45276    28.34731
S  SUM/AVG  59999   101     0.16834  -99478.49778      -1.65800   20.00000  15.64482   99.59847   15.64482    99.59847

T best solution: EADARPSolution(t_routing=985.137, t_excess=168.474, obj_val=780.971, obj_val_valid=true,
    unserved_requests=Int64[], F_visited=[154, 157, 156, 155, 158, 153], S_visited=Int64[],
    (1, ([147, 70, 142, 21, 93, 52, 124, 13, 42, 114, 85, 58, 130, 26, 98, 159, 60, 51, 132, 16, 123, 88, 72, 5, 144, 77, 36, 108, 159, 153], [93.04969270315759, 3.9178890217577265], [16, 29]))
    (2, ([148, 23, 59, 131, 95, 24, 96, 45, 117, 7, 79, 11, 83, 39, 111, 161, 41, 113, 68, 33, 105, 140, 43, 115, 54, 126, 65, 17, 137, 89, 57, 129, 15, 87, 159, 154], [91.3250168353527, 32.18399245247661], [16, 35]))
    (3, ([149, 1, 73, 38, 10, 110, 82, 34, 106, 29, 101, 6, 14, 78, 86, 46, 118, 18, 90, 31, 50, 122, 103, 53, 125, 159, 155], [84.20822894698713], [26]))
    (4, ([150, 19, 91, 62, 134, 64, 136, 37, 109, 49, 9, 81, 121, 71, 143, 67, 139, 159, 156], [50.3942983280213], [18]))
    (5, ([151, 40, 112, 61, 133, 35, 107, 3, 75, 25, 97, 63, 30, 135, 102, 44, 116, 2, 74, 8, 80, 12, 28, 100, 84, 159, 157], [74.13807706298863], [26]))
    (6, ([152, 48, 120, 55, 127, 56, 47, 119, 128, 20, 92, 32, 66, 104, 138, 27, 99, 22, 69, 94, 141, 4, 76, 159, 158], [69.91957914211196], [24])))

T best obj: 780.9711670761623
T best iteration: 10732
T total iterations: 30000
T best time [s]: 7.809
T total time [s]: 15.7079
