EADARP version 2def-dirty
ARGS: --ifile=EADARP/instances/l1/a6-72.txt --odir=EADARP/out/a6-72 --oname=run32
Settings:
--alns_gamma=0.025
--alns_segment_size=100
--alns_sigma1=10
--alns_sigma2=9
--alns_sigma3=3
--at_most_one_s=false
--gamma=-1.0
--ifile=EADARP/instances/l1/a6-72.txt
--insert_charging_otf=true
--insert_cost_noise=0.014
--lns_init_temp_factor=0.0
--lns_temp_dec_factor=0.99
--mh_checkit=false
--mh_lfreq=0
--mh_lnewinc=true
--mh_tciter=-1
--mh_tctime=-1.0
--mh_titer=300
--mh_tobj=-1.0
--mh_ttime=-1.0
--odir=EADARP/out/a6-72
--oname=run32
--only_single_s_visits=true
--repair_max_routes=0
--seed=532482965
--use_milp_in_otf=0
--xcheck_isfeasible=false

EADARPInstance(EADARP/instances/l1/a6-72.txt, n=72, n_K=6, S=[159, 160, 161], Q=14.85, n_F=6, γ=0.7, T_plan=720.0, F=[153, 154, 155, 156, 157, 158])

T preprocessing time [s]: 2.50851
I       iter             best          obj_old          obj_new        time              method info
I          1     100014.00000     100072.00000     100014.00000      0.1919                 con 
I          8     100013.00000     100014.00000     100013.00000      0.5543        drrr_15+rroi 
I         17     100010.00000     100013.00000     100010.00000      0.8504        drrr_15+rroi 
I         62     100008.00000     100010.00000     100008.00000      1.5684        drrr_15+rroi 
I         66     100007.00000     100008.00000     100007.00000      1.6146         drrr_15+rrg 
I        115     100006.00000     100007.00000     100006.00000      2.1197        drrr_15+rroi 
I        300     100006.00000     100006.00000     100007.00000      2.9413        drrr_15+rrri 

Method statistics
S  method    iter  succ  succ-rate%  tot-obj-gain  avg-obj-gain  rel-succ%  net-time  net-time%  brut-time  brut-time%
S  con          1     1   100.00000     -58.00000     -58.00000    9.09091   0.19183    6.52187    0.19183     6.52187
S  drrr_15    299     5     1.67224      -8.00000      -0.02676   45.45455   0.00384    0.13044    0.00384     0.13044
S  rrg         83     1     1.20482      -1.00000      -0.01205    9.09091   0.91794   31.20822    0.91794    31.20822
S  rroi       117     4     3.41880      -7.00000      -0.05983   36.36364   0.89694   30.49407    0.89694    30.49407
S  rrri        99     0     0.00000       0.00000       0.00000    0.00000   0.92942   31.59856    0.92942    31.59856
S  SUM/AVG    599    11     1.83639     -74.00000      -0.12354   20.00000   2.93997   99.95315    2.93997    99.95315

T best solution: EADARPSolution(t_routing=-1.0, t_excess=-1.0, obj_val=100006.0, obj_val_valid=true,
    unserved_requests=[9, 16, 72, 5, 71, 67], F_visited=[155, 156, 158, 157, 154, 153], S_visited=[161, 160, 159],
    (1, ([147, 48, 120, 55, 127, 56, 1, 73, 128, 20, 92, 45, 117, 70, 142, 21, 93, 25, 97, 34, 106, 6, 14, 78, 86, 26, 98, 22, 69, 94, 141, 60, 51, 132, 123, 161, 153], [158.4052036080434], [36]))
    (2, ([148, 52, 124, 54, 126, 49, 65, 17, 121, 137, 89, 53, 125, 154], Float64[], Int64[]))
    (3, ([149, 23, 59, 131, 95, 24, 96, 47, 119, 38, 10, 110, 82, 27, 99, 29, 101, 58, 130, 46, 44, 116, 118, 18, 90, 31, 50, 122, 103, 159, 155], [152.07886086223868], [30]))
    (4, ([150, 35, 107, 3, 75, 2, 74, 8, 80, 12, 28, 100, 84, 15, 87, 156], Float64[], Int64[]))
    (5, ([151, 19, 91, 62, 134, 32, 66, 104, 138, 7, 79, 11, 83, 39, 30, 111, 102, 13, 42, 114, 85, 41, 113, 68, 33, 105, 140, 43, 115, 160, 36, 108, 157], [181.8354008557544], [30]))
    (6, ([152, 40, 112, 61, 133, 64, 136, 37, 109, 63, 135, 4, 57, 76, 129, 158], Float64[], Int64[])))

T best obj: 100006.0
T best iteration: 115
T total iterations: 300
T best time [s]: 2.120
T total time [s]: 2.9413
