EADARP version 2def-dirty
ARGS: --ifile=EADARP/instances/l1/a6-72.txt --odir=EADARP/out/a6-72 --oname=run36
Settings:
--alns_gamma=0.025
--alns_segment_size=100
--alns_sigma1=10
--alns_sigma2=9
--alns_sigma3=3
--at_most_one_s=false
--gamma=-1.0
--ifile=EADARP/instances/l1/a6-72.txt
--insert_charging_otf=true
--insert_cost_noise=0.014
--lns_init_temp_factor=0.0
--lns_temp_dec_factor=0.99
--mh_checkit=false
--mh_lfreq=0
--mh_lnewinc=true
--mh_tciter=-1
--mh_tctime=-1.0
--mh_titer=300
--mh_tobj=-1.0
--mh_ttime=-1.0
--odir=EADARP/out/a6-72
--oname=run36
--only_single_s_visits=true
--repair_max_routes=0
--seed=2044299663
--use_milp_in_otf=0
--xcheck_isfeasible=false

EADARPInstance(EADARP/instances/l1/a6-72.txt, n=72, n_K=6, S=[159, 160, 161], Q=14.85, n_F=6, γ=0.7, T_plan=720.0, F=[153, 154, 155, 156, 157, 158])

T preprocessing time [s]: 2.52185
I       iter             best          obj_old          obj_new        time              method info
I          1     100017.00000     100072.00000     100017.00000      0.1755                 con 
I          4     100016.00000     100017.00000     100016.00000      0.4143        drrr_15+rroi 
I          5     100015.00000     100016.00000     100015.00000      0.4943         drrr_15+rrg 
I          8     100014.00000     100015.00000     100014.00000      0.5884        drrr_15+rroi 
I          9     100013.00000     100014.00000     100013.00000      0.6097        drrr_15+rroi 
I         11     100012.00000     100013.00000     100012.00000      0.6460        drrr_15+rroi 
I         37     100010.00000     100012.00000     100010.00000      1.2957        drrr_15+rroi 
I         48     100008.00000     100010.00000     100008.00000      1.4845         drrr_15+rrg 
I         52     100007.00000     100008.00000     100007.00000      1.5719        drrr_15+rroi 
I         58     100006.00000     100007.00000     100006.00000      1.7753         drrr_15+rrg 
I         85     100005.00000     100006.00000     100005.00000      2.2461        drrr_15+rroi 
I        228     100004.00000     100005.00000     100004.00000      3.4077        drrr_15+rrri 
I        300     100004.00000     100004.00000     100006.00000      3.7621        drrr_15+rroi 

Method statistics
S  method    iter  succ  succ-rate%  tot-obj-gain  avg-obj-gain  rel-succ%  net-time  net-time%  brut-time  brut-time%
S  con          1     1   100.00000     -55.00000     -55.00000    4.34783   0.17544    4.66332    0.17544     4.66332
S  drrr_15    299    11     3.67893     -13.00000      -0.04348   47.82609   0.00411    0.10927    0.00411     0.10927
S  rrg        108     3     2.77778      -4.00000      -0.03704   13.04348   1.19364   31.72755    1.19364    31.72755
S  rroi       102     7     6.86275      -8.00000      -0.07843   30.43478   1.22777   32.63477    1.22777    32.63477
S  rrri        89     1     1.12360      -1.00000      -0.01124    4.34783   1.15961   30.82292    1.15961    30.82292
S  SUM/AVG    599    23     3.83973     -81.00000      -0.13523   20.00000   3.76058   99.95784    3.76058    99.95784

T best solution: EADARPSolution(t_routing=-1.0, t_excess=-1.0, obj_val=100004.0, obj_val_valid=true,
    unserved_requests=[18, 27, 71, 43], F_visited=[155, 153, 157, 156, 154, 158], S_visited=[160, 161, 159],
    (1, ([147, 19, 55, 91, 127, 62, 134, 45, 117, 10, 82, 37, 109, 63, 135, 13, 42, 114, 85, 41, 113, 33, 58, 130, 105, 44, 116, 22, 69, 94, 141, 159, 153], [182.89558919178154], [32]))
    (2, ([148, 26, 98, 50, 60, 132, 122, 9, 81, 4, 57, 76, 129, 15, 87, 154], Float64[], Int64[]))
    (3, ([149, 35, 107, 46, 118, 54, 126, 49, 65, 17, 121, 137, 89, 53, 125, 155], Float64[], Int64[]))
    (4, ([150, 23, 59, 131, 95, 24, 96, 47, 119, 38, 110, 70, 142, 7, 79, 11, 39, 83, 64, 136, 111, 30, 52, 102, 124, 6, 14, 78, 86, 68, 2, 140, 74, 160, 156], [190.07535944958383], [34]))
    (5, ([151, 8, 31, 80, 103, 12, 28, 100, 84, 67, 139, 157], Float64[], Int64[]))
    (6, ([152, 40, 48, 120, 112, 61, 133, 56, 1, 73, 128, 20, 92, 32, 66, 104, 138, 3, 75, 25, 21, 93, 97, 34, 106, 29, 101, 161, 51, 16, 123, 88, 72, 5, 144, 77, 36, 108, 158], [182.23252157075896], [28])))

T best obj: 100004.0
T best iteration: 228
T total iterations: 300
T best time [s]: 3.408
T total time [s]: 3.7622
