EADARP version 585c-dirty
ARGS: --ifile=EADARP/instances/l1/a6-72.txt --infeasible_arcs=EADARP/infeasible_arcs --gamma=0.7 --only_single_s_visits=false --odir=EADARP/out/a6-72 --oname=run39
Settings:
--alns_gamma=0.025
--alns_segment_size=100
--alns_sigma1=10
--alns_sigma2=9
--alns_sigma3=3
--at_most_one_s=false
--gamma=0.7
--ifile=EADARP/instances/l1/a6-72.txt
--infeasible_arcs=EADARP/infeasible_arcs
--insert_charging_otf=true
--insert_cost_noise=0.014
--lns_init_temp_factor=0.0
--lns_temp_dec_factor=0.99
--mh_checkit=false
--mh_lfreq=0
--mh_lnewinc=true
--mh_tciter=-1
--mh_tctime=-1.0
--mh_titer=30000
--mh_tobj=-1.0
--mh_ttime=-1.0
--odir=EADARP/out/a6-72
--oname=run39
--only_single_s_visits=false
--repair_max_routes=0
--seed=667015687
--use_milp_in_otf=0
--xcheck_isfeasible=false

EADARPInstance(EADARP/instances/l1/a6-72.txt, n=72, n_K=6, S=[159, 160, 161], Q=14.85, n_F=6, γ=0.7, T_plan=720.0, F=[153, 154, 155, 156, 157, 158])

T preprocessing time [s]: 2.62882
I       iter             best          obj_old          obj_new        time              method info
I          1        969.28687     100072.00000        969.28687      0.2281                 con 
I          2        955.77249        969.28687        955.77249      0.2866        drrr_15+rroi 
I          3        935.51693        955.77249        935.51693      0.3299        drrr_15+rroi 
I          4        905.36605        935.51693        905.36605      0.3500        drrr_15+rrri 
I          5        905.26338        905.36605        905.26338      0.3807        drrr_15+rrri 
I          6        897.33133        905.26338        897.33133      0.4046        drrr_15+rroi 
I          7        894.66402        897.33133        894.66402      0.4519        drrr_15+rroi 
I          8        887.96209        894.66402        887.96209      0.4730         drrr_15+rrg 
I         10        857.23322        887.96209        857.23322      0.5198        drrr_15+rrri 
I         12        853.75784        857.23322        853.75784      0.6021        drrr_15+rrri 
I         15        843.88135        853.75784        843.88135      0.6844         drrr_15+rrg 
I         22        841.90110        843.88135        841.90110      0.8065         drrr_15+rrg 
I         24        833.93913        841.90110        833.93913      0.8231         drrr_15+rrg 
I         33        833.42912        833.93913        833.42912      0.9028        drrr_15+rrri 
I         37        831.93205        833.42912        831.93205      0.9154        drrr_15+rrri 
I         75        828.82449        831.93205        828.82449      1.1073        drrr_15+rrri 
I         80        828.65689        828.82449        828.65689      1.1309        drrr_15+rrri 
I         91        827.74062        828.65689        827.74062      1.1507        drrr_15+rroi 
I        142        819.17066        827.74062        819.17066      1.2868         drrr_15+rrg 
I        146        818.51922        819.17066        818.51922      1.2945         drrr_15+rrg 
I        158        815.82935        818.51922        815.82935      1.3326        drrr_15+rrri 
I        159        815.81217        815.82935        815.81217      1.3352         drrr_15+rrg 
I        172        815.64457        815.81217        815.64457      1.4066        drrr_15+rroi 
I        178        815.62426        815.64457        815.62426      1.4436        drrr_15+rrri 
I        183        814.04136        815.62426        814.04136      1.4550        drrr_15+rrri 
I        192        813.80353        814.04136        813.80353      1.4721        drrr_15+rrri 
I        227        813.05861        813.80353        813.05861      1.6051        drrr_15+rroi 
I        266        812.64390        813.05861        812.64390      1.6735        drrr_15+rroi 
I        285        809.31324        812.64390        809.31324      1.7338         drrr_15+rrg 
I        288        809.31324        809.31324        809.31324      1.7415         drrr_15+rrg 
I        289        809.10543        809.31324        809.10543      1.7444        drrr_15+rrri 
I        442        808.70165        809.10543        808.70165      1.9380        drrr_15+rroi 
I        458        808.70165        808.70165        808.70165      1.9546        drrr_15+rrri 
I        487        808.23520        808.70165        808.23520      1.9813        drrr_15+rroi 
I        492        808.08100        808.23520        808.08100      1.9954         drrr_15+rrg 
I        528        807.45646        808.08100        807.45646      2.0389        drrr_15+rrri 
I        551        803.70657        807.45646        803.70657      2.0656        drrr_15+rrri 
I        580        803.52648        803.70657        803.52648      2.0870        drrr_15+rroi 
I       1561        803.12279        803.52648        803.12279      2.7715        drrr_15+rrri 
I       1722        803.08295        803.12279        803.08295      2.9547         drrr_15+rrg 
I      19489        802.09551        803.08295        802.09551     11.2453        drrr_15+rrri 
I      19495        800.73230        802.09551        800.73230     11.2470        drrr_15+rrri 
I      19507        799.60589        800.73230        799.60589     11.2606        drrr_15+rroi 
I      19522        798.98081        799.60589        798.98081     11.2686         drrr_15+rrg 
I      30000        798.98081        798.98081        810.29632     15.6783        drrr_15+rroi 

Method statistics
S  method    iter  succ  succ-rate%  tot-obj-gain  avg-obj-gain  rel-succ%  net-time  net-time%  brut-time  brut-time%
S  con          1     1   100.00000  -99102.71313  -99102.71313    1.14943   0.22807    1.45468    0.22807     1.45468
S  drrr_15  29999    43     0.14334    -170.30606      -0.00568   49.42529   0.36611    2.33510    0.36611     2.33510
S  rrg       9967    12     0.12040     -39.90899      -0.00400   13.79310   6.39067   40.76104    6.39067    40.76104
S  rroi     10036    12     0.11957     -48.78953      -0.00486   13.79310   3.70091   23.60517    3.70091    23.60517
S  rrri      9996    19     0.19008     -81.60754      -0.00816   21.83908   4.92438   31.40876    4.92438    31.40876
S  SUM/AVG  59999    87     0.14500  -99443.32525      -1.65742   20.00000  15.61013   99.56476   15.61013    99.56476

T best solution: EADARPSolution(t_routing=996.099, t_excess=207.627, obj_val=798.981, obj_val_valid=true,
    unserved_requests=Int64[], F_visited=[154, 158, 155, 156, 157, 153], S_visited=Int64[],
    (1, ([147, 19, 91, 62, 134, 39, 111, 52, 124, 13, 42, 114, 85, 26, 98, 46, 118, 18, 90, 31, 50, 122, 103, 53, 125, 159, 153], [81.8350525616265], [26]))
    (2, ([148, 40, 112, 32, 66, 104, 138, 27, 99, 22, 69, 94, 141, 161, 8, 80, 49, 65, 17, 121, 137, 89, 4, 76, 159, 154], [6.642597519655426, 71.09554117636515], [14, 25]))
    (3, ([149, 48, 55, 120, 61, 127, 133, 56, 47, 119, 128, 20, 92, 160, 21, 93, 160, 11, 83, 63, 30, 135, 102, 68, 33, 105, 140, 161, 60, 51, 132, 16, 123, 88, 72, 5, 144, 77, 36, 108, 159, 155], [71.09915879383666, 6.3925401547134655, 60.34185961300352, 31.76502452161105], [14, 17, 28, 41]))
    (4, ([150, 45, 117, 70, 142, 7, 79, 29, 101, 43, 115, 54, 126, 71, 143, 67, 139, 159, 156], [49.95232137209914], [18]))
    (5, ([151, 23, 59, 131, 95, 24, 96, 35, 107, 3, 75, 25, 97, 34, 106, 161, 41, 113, 58, 130, 57, 129, 15, 87, 157], [58.826985420714095], [16]))
    (6, ([152, 1, 73, 38, 10, 110, 82, 64, 136, 37, 109, 6, 14, 78, 86, 44, 116, 2, 74, 9, 81, 12, 28, 100, 84, 159, 158], [72.14779065325034], [26])))

T best obj: 798.980810671476
T best iteration: 19522
T total iterations: 30000
T best time [s]: 11.269
T total time [s]: 15.6784
