EADARP version 585c-dirty
ARGS: --ifile=EADARP/instances/l1/a6-72.txt --infeasible_arcs=EADARP/infeasible_arcs --gamma=0.7 --only_single_s_visits=false --odir=EADARP/out/a6-72 --oname=run34
Settings:
--alns_gamma=0.025
--alns_segment_size=100
--alns_sigma1=10
--alns_sigma2=9
--alns_sigma3=3
--at_most_one_s=false
--gamma=0.7
--ifile=EADARP/instances/l1/a6-72.txt
--infeasible_arcs=EADARP/infeasible_arcs
--insert_charging_otf=true
--insert_cost_noise=0.014
--lns_init_temp_factor=0.0
--lns_temp_dec_factor=0.99
--mh_checkit=false
--mh_lfreq=0
--mh_lnewinc=true
--mh_tciter=-1
--mh_tctime=-1.0
--mh_titer=30000
--mh_tobj=-1.0
--mh_ttime=-1.0
--odir=EADARP/out/a6-72
--oname=run34
--only_single_s_visits=false
--repair_max_routes=0
--seed=1897267336
--use_milp_in_otf=0
--xcheck_isfeasible=false

EADARPInstance(EADARP/instances/l1/a6-72.txt, n=72, n_K=6, S=[159, 160, 161], Q=14.85, n_F=6, γ=0.7, T_plan=720.0, F=[153, 154, 155, 156, 157, 158])

T preprocessing time [s]: 2.69784
I       iter             best          obj_old          obj_new        time              method info
I          1        955.75347     100072.00000        955.75347      0.2172                 con 
I          3        947.58880        955.75347        947.58880      0.3672        drrr_15+rroi 
I          4        904.60810        947.58880        904.60810      0.4542        drrr_15+rrri 
I          6        900.45757        904.60810        900.45757      0.5780        drrr_15+rroi 
I          7        897.20208        900.45757        897.20208      0.6314         drrr_15+rrg 
I          8        895.15353        897.20208        895.15353      0.6926         drrr_15+rrg 
I         13        890.88023        895.15353        890.88023      0.8231        drrr_15+rrri 
I         14        883.30092        890.88023        883.30092      0.8406         drrr_15+rrg 
I         19        880.70112        883.30092        880.70112      0.9143        drrr_15+rrri 
I         20        878.67787        880.70112        878.67787      0.9200        drrr_15+rroi 
I         27        872.37252        878.67787        872.37252      1.0639         drrr_15+rrg 
I         29        864.55039        872.37252        864.55039      1.0874        drrr_15+rroi 
I         31        853.82450        864.55039        853.82450      1.1403        drrr_15+rroi 
I         35        836.64391        853.82450        836.64391      1.1920        drrr_15+rroi 
I         36        835.88354        836.64391        835.88354      1.2034        drrr_15+rrri 
I         38        832.34485        835.88354        832.34485      1.2306        drrr_15+rrri 
I         39        829.32825        832.34485        829.32825      1.2402         drrr_15+rrg 
I         46        825.67646        829.32825        825.67646      1.2990        drrr_15+rrri 
I         63        824.83378        825.67646        824.83378      1.3768        drrr_15+rroi 
I         66        817.37850        824.83378        817.37850      1.3901         drrr_15+rrg 
I         69        817.00984        817.37850        817.00984      1.4168        drrr_15+rrri 
I         86        816.39919        817.00984        816.39919      1.5131        drrr_15+rrri 
I        108        813.22755        816.39919        813.22755      1.6037        drrr_15+rroi 
I        136        813.01758        813.22755        813.01758      1.6580        drrr_15+rrri 
I        150        809.23777        813.01758        809.23777      1.7068        drrr_15+rrri 
I        152        804.71149        809.23777        804.71149      1.7100        drrr_15+rroi 
I        153        804.35205        804.71149        804.35205      1.7103        drrr_15+rrri 
I        170        803.04844        804.35205        803.04844      1.7471        drrr_15+rroi 
I        171        800.93111        803.04844        800.93111      1.7496        drrr_15+rrri 
I        193        800.89193        800.93111        800.89193      1.8018         drrr_15+rrg 
I        212        800.44237        800.89193        800.44237      1.8623        drrr_15+rrri 
I        213        800.20960        800.44237        800.20960      1.8810         drrr_15+rrg 
I        217        794.34241        800.20960        794.34241      1.8889         drrr_15+rrg 
I        349        793.18637        794.34241        793.18637      2.1223        drrr_15+rroi 
I        375        793.10307        793.18637        793.10307      2.1709        drrr_15+rroi 
I       1974        790.18766        793.10307        790.18766      3.5191         drrr_15+rrg 
I       2145        789.43723        790.18766        789.43723      3.6820        drrr_15+rrri 
I       2175        789.35392        789.43723        789.35392      3.7054        drrr_15+rroi 
I       2309        788.41021        789.35392        788.41021      3.8065         drrr_15+rrg 
I       2358        788.32690        788.41021        788.32690      3.8421        drrr_15+rrri 
I       3911        788.31535        788.32690        788.31535      4.6734        drrr_15+rrri 
I       3914        788.08258        788.31535        788.08258      4.6832        drrr_15+rroi 
I       5176        787.04749        788.08258        787.04749      5.3598        drrr_15+rrri 
I       5189        786.40443        787.04749        786.40443      5.3639        drrr_15+rrri 
I       5611        782.29685        786.40443        782.29685      5.5574         drrr_15+rrg 
I      11353        781.33301        782.29685        781.33301      8.2840        drrr_15+rrri 
I      14376        780.40372        781.33301        780.40372      9.6641        drrr_15+rrri 
I      20100        780.37490        780.40372        780.37490     12.0899        drrr_15+rrri 
I      20108        780.29160        780.37490        780.29160     12.1009        drrr_15+rroi 
I      20118        779.73952        780.29160        779.73952     12.1043         drrr_15+rrg 
I      20132        777.92759        779.73952        777.92759     12.1085        drrr_15+rroi 
I      20146        777.84429        777.92759        777.84429     12.1184         drrr_15+rrg 
I      30000        777.84429        777.84429        790.07633     16.0033         drrr_15+rrg 

Method statistics
S  method    iter  succ  succ-rate%  tot-obj-gain  avg-obj-gain  rel-succ%  net-time  net-time%  brut-time  brut-time%
S  con          1     1   100.00000  -99116.24653  -99116.24653    0.97087   0.21721    1.35728    0.21721     1.35728
S  drrr_15  29999    51     0.17001    -177.90918      -0.00593   49.51456   0.32801    2.04961    0.32801     2.04961
S  rrg      10040    14     0.13944     -44.40179      -0.00442   13.59223   6.88273   43.00808    6.88273    43.00808
S  rroi      9889    16     0.16180     -63.36191      -0.00641   15.53398   3.80493   23.77582    3.80493    23.77582
S  rrri     10070    21     0.20854     -70.14547      -0.00697   20.38835   4.70418   29.39495    4.70418    29.39495
S  SUM/AVG  59999   103     0.17167  -99472.06489      -1.65790   20.00000  15.93705   99.58573   15.93705    99.58573

T best solution: EADARPSolution(t_routing=972.949, t_excess=192.529, obj_val=777.844, obj_val_valid=true,
    unserved_requests=Int64[], F_visited=[156, 158, 154, 155, 153, 157], S_visited=Int64[],
    (1, ([147, 45, 117, 70, 142, 21, 93, 52, 124, 13, 42, 114, 85, 160, 22, 69, 94, 141, 72, 5, 144, 77, 36, 108, 153], [81.58505791260939], [14]))
    (2, ([148, 1, 73, 20, 92, 32, 66, 104, 138, 27, 99, 29, 101, 6, 14, 78, 86, 68, 2, 140, 74, 8, 80, 49, 9, 81, 121, 159, 154], [110.60559037694492], [28]))
    (3, ([149, 40, 112, 61, 133, 35, 107, 161, 3, 75, 25, 97, 34, 106, 46, 118, 18, 90, 31, 50, 122, 103, 17, 65, 137, 89, 53, 125, 159, 155], [12.86256844290832, 78.35348459289878], [8, 29]))
    (4, ([150, 19, 91, 62, 134, 30, 102, 44, 116, 71, 143, 67, 139, 159, 156], [22.66269374773412], [14]))
    (5, ([151, 23, 59, 131, 95, 24, 96, 38, 10, 110, 82, 64, 136, 37, 109, 63, 135, 26, 98, 43, 115, 54, 126, 12, 28, 100, 84, 159, 157], [78.70224728982413], [28]))
    (6, ([152, 48, 120, 55, 127, 56, 47, 119, 128, 7, 79, 11, 83, 39, 111, 161, 41, 113, 33, 58, 130, 105, 60, 51, 132, 16, 123, 88, 4, 57, 76, 129, 15, 87, 159, 158], [86.65364703265695, 15.523952492250714], [16, 35])))

T best obj: 777.8442896280343
T best iteration: 20146
T total iterations: 30000
T best time [s]: 12.118
T total time [s]: 16.0034
