EADARP version 2def-dirty
ARGS: --ifile=EADARP/instances/l1/a6-72.txt --odir=EADARP/out/a6-72 --oname=run4
Settings:
--alns_gamma=0.025
--alns_segment_size=100
--alns_sigma1=10
--alns_sigma2=9
--alns_sigma3=3
--at_most_one_s=false
--gamma=-1.0
--ifile=EADARP/instances/l1/a6-72.txt
--insert_charging_otf=true
--insert_cost_noise=0.014
--lns_init_temp_factor=0.0
--lns_temp_dec_factor=0.99
--mh_checkit=false
--mh_lfreq=0
--mh_lnewinc=true
--mh_tciter=-1
--mh_tctime=-1.0
--mh_titer=300
--mh_tobj=-1.0
--mh_ttime=-1.0
--odir=EADARP/out/a6-72
--oname=run4
--only_single_s_visits=true
--repair_max_routes=0
--seed=1632398222
--use_milp_in_otf=0
--xcheck_isfeasible=false

EADARPInstance(EADARP/instances/l1/a6-72.txt, n=72, n_K=6, S=[159, 160, 161], Q=14.85, n_F=6, γ=0.7, T_plan=720.0, F=[153, 154, 155, 156, 157, 158])

T preprocessing time [s]: 2.52212
I       iter             best          obj_old          obj_new        time              method info
I          1     100015.00000     100072.00000     100015.00000      0.1844                 con 
I          8     100013.00000     100015.00000     100013.00000      0.5277         drrr_15+rrg 
I         11     100012.00000     100013.00000     100012.00000      0.5880         drrr_15+rrg 
I         16     100011.00000     100012.00000     100011.00000      0.7990         drrr_15+rrg 
I         21     100010.00000     100011.00000     100010.00000      0.9062         drrr_15+rrg 
I         28     100009.00000     100010.00000     100009.00000      1.0319        drrr_15+rroi 
I         41     100008.00000     100009.00000     100008.00000      1.2064         drrr_15+rrg 
I         49     100007.00000     100008.00000     100007.00000      1.3887        drrr_15+rroi 
I         51     100006.00000     100007.00000     100006.00000      1.4556        drrr_15+rroi 
I         92     100005.00000     100006.00000     100005.00000      1.9474        drrr_15+rroi 
I        272     100004.00000     100005.00000     100004.00000      2.9448        drrr_15+rroi 
I        300     100004.00000     100004.00000     100007.00000      3.0428         drrr_15+rrg 

Method statistics
S  method    iter  succ  succ-rate%  tot-obj-gain  avg-obj-gain  rel-succ%  net-time  net-time%  brut-time  brut-time%
S  con          1     1   100.00000     -57.00000     -57.00000    4.76190   0.18438    6.05931    0.18438     6.05931
S  drrr_15    299    10     3.34448     -11.00000      -0.03679   47.61905   0.00401    0.13182    0.00401     0.13182
S  rrg         97     5     5.15464      -6.00000      -0.06186   23.80952   1.16986   38.44593    1.16986    38.44593
S  rroi        98     5     5.10204      -5.00000      -0.05102   23.80952   0.71584   23.52510    0.71584    23.52510
S  rrri       104     0     0.00000       0.00000       0.00000    0.00000   0.96722   31.78656    0.96722    31.78656
S  SUM/AVG    599    21     3.50584     -79.00000      -0.13189   20.00000   3.04131   99.94873    3.04131    99.94873

T best solution: EADARPSolution(t_routing=-1.0, t_excess=-1.0, obj_val=100004.0, obj_val_valid=true,
    unserved_requests=[2, 72, 71, 67], F_visited=[157, 154, 158, 155, 156, 153], S_visited=[159, 161, 160],
    (1, ([147, 40, 112, 54, 126, 65, 17, 137, 89, 4, 57, 76, 129, 15, 87, 153], Float64[], Int64[]))
    (2, ([148, 62, 134, 31, 50, 122, 103, 16, 88, 53, 125, 154], Float64[], Int64[]))
    (3, ([149, 19, 91, 56, 1, 73, 128, 20, 92, 32, 66, 104, 138, 64, 136, 63, 30, 135, 102, 42, 13, 114, 85, 58, 130, 26, 98, 46, 44, 116, 118, 18, 43, 90, 115, 159, 155], [186.54111963844903], [36]))
    (4, ([150, 23, 59, 131, 95, 24, 96, 47, 38, 119, 10, 110, 82, 7, 79, 21, 93, 39, 34, 106, 111, 29, 101, 52, 124, 160, 8, 80, 49, 9, 81, 121, 5, 77, 36, 108, 156], [187.30391419364034], [26]))
    (5, ([151, 61, 133, 35, 107, 27, 99, 12, 28, 100, 84, 157], Float64[], Int64[]))
    (6, ([152, 48, 120, 55, 127, 45, 117, 70, 142, 3, 75, 25, 11, 97, 83, 37, 109, 6, 14, 41, 78, 86, 113, 68, 33, 105, 140, 22, 69, 94, 141, 60, 51, 132, 123, 161, 158], [156.25786400751835], [36])))

T best obj: 100004.0
T best iteration: 272
T total iterations: 300
T best time [s]: 2.945
T total time [s]: 3.0429
