EADARP version 585c-dirty
ARGS: --ifile=EADARP/instances/l1/a6-72.txt --infeasible_arcs=EADARP/infeasible_arcs --gamma=0.7 --only_single_s_visits=false --odir=EADARP/out/a6-72 --oname=run41
Settings:
--alns_gamma=0.025
--alns_segment_size=100
--alns_sigma1=10
--alns_sigma2=9
--alns_sigma3=3
--at_most_one_s=false
--gamma=0.7
--ifile=EADARP/instances/l1/a6-72.txt
--infeasible_arcs=EADARP/infeasible_arcs
--insert_charging_otf=true
--insert_cost_noise=0.014
--lns_init_temp_factor=0.0
--lns_temp_dec_factor=0.99
--mh_checkit=false
--mh_lfreq=0
--mh_lnewinc=true
--mh_tciter=-1
--mh_tctime=-1.0
--mh_titer=30000
--mh_tobj=-1.0
--mh_ttime=-1.0
--odir=EADARP/out/a6-72
--oname=run41
--only_single_s_visits=false
--repair_max_routes=0
--seed=1657318527
--use_milp_in_otf=0
--xcheck_isfeasible=false

EADARPInstance(EADARP/instances/l1/a6-72.txt, n=72, n_K=6, S=[159, 160, 161], Q=14.85, n_F=6, γ=0.7, T_plan=720.0, F=[153, 154, 155, 156, 157, 158])

T preprocessing time [s]: 2.64646
I       iter             best          obj_old          obj_new        time              method info
I          1        916.00536     100072.00000        916.00536      0.2238                 con 
I          2        905.82258        916.00536        905.82258      0.3442         drrr_15+rrg 
I          3        903.80045        905.82258        903.80045      0.4517         drrr_15+rrg 
I          5        899.65078        903.80045        899.65078      0.5883         drrr_15+rrg 
I          6        890.48679        899.65078        890.48679      0.6043         drrr_15+rrg 
I          7        886.60298        890.48679        886.60298      0.6372        drrr_15+rroi 
I          9        881.43740        886.60298        881.43740      0.7079         drrr_15+rrg 
I         10        880.96779        881.43740        880.96779      0.7287         drrr_15+rrg 
I         11        877.36240        880.96779        877.36240      0.7480        drrr_15+rrri 
I         12        874.28916        877.36240        874.28916      0.7727        drrr_15+rroi 
I         13        869.84101        874.28916        869.84101      0.7913        drrr_15+rrri 
I         14        864.31356        869.84101        864.31356      0.8041        drrr_15+rrri 
I         16        857.31243        864.31356        857.31243      0.8820         drrr_15+rrg 
I         17        841.54490        857.31243        841.54490      0.9120        drrr_15+rroi 
I         18        838.04388        841.54490        838.04388      0.9485         drrr_15+rrg 
I         20        831.87454        838.04388        831.87454      0.9831        drrr_15+rroi 
I         21        831.22102        831.87454        831.22102      0.9921        drrr_15+rrri 
I         23        829.02483        831.22102        829.02483      1.0281        drrr_15+rrri 
I         26        818.67153        829.02483        818.67153      1.1098         drrr_15+rrg 
I         27        814.84217        818.67153        814.84217      1.1169         drrr_15+rrg 
I         32        813.82131        814.84217        813.82131      1.1561        drrr_15+rrri 
I         33        813.74142        813.82131        813.74142      1.1593         drrr_15+rrg 
I         37        808.88051        813.74142        808.88051      1.1887         drrr_15+rrg 
I         40        805.84223        808.88051        805.84223      1.2099        drrr_15+rroi 
I         43        804.43157        805.84223        804.43157      1.2224        drrr_15+rrri 
I         52        803.93282        804.43157        803.93282      1.3011        drrr_15+rroi 
I         66        803.00812        803.93282        803.00812      1.3792        drrr_15+rroi 
I         69        802.92911        803.00812        802.92911      1.3869        drrr_15+rrri 
I         83        797.26003        802.92911        797.26003      1.4498        drrr_15+rroi 
I        126        795.53034        797.26003        795.53034      1.6122         drrr_15+rrg 
I        154        793.44132        795.53034        793.44132      1.6705        drrr_15+rroi 
I        158        791.47757        793.44132        791.47757      1.6783         drrr_15+rrg 
I        159        790.79125        791.47757        790.79125      1.6811        drrr_15+rrri 
I        272        790.62747        790.79125        790.62747      1.8245        drrr_15+rroi 
I        465        790.23613        790.62747        790.23613      2.0599        drrr_15+rroi 
I        733        790.22602        790.23613        790.22602      2.3935         drrr_15+rrg 
I       1828        790.16118        790.22602        790.16118      3.1325        drrr_15+rroi 
I       1885        789.81188        790.16118        789.81188      3.1619        drrr_15+rroi 
I      30000        789.81188        789.81188        794.01943     15.5828        drrr_15+rrri 

Method statistics
S  method    iter  succ  succ-rate%  tot-obj-gain  avg-obj-gain  rel-succ%  net-time  net-time%  brut-time  brut-time%
S  con          1     1   100.00000  -99155.99464  -99155.99464    1.33333   0.22380    1.43622    0.22380     1.43622
S  drrr_15  29999    37     0.12334    -126.19348      -0.00421   49.33333   0.35300    2.26529    0.35300     2.26529
S  rrg       9982    15     0.15027     -64.48290      -0.00646   20.00000   6.90135   44.28824    6.90135    44.28824
S  rroi      9937    13     0.13082     -42.08303      -0.00423   17.33333   3.51614   22.56421    3.51614    22.56421
S  rrri     10080     9     0.08929     -19.62755      -0.00195   12.00000   4.51076   28.94703    4.51076    28.94703
S  SUM/AVG  59999    75     0.12500  -99408.38160      -1.65683   20.00000  15.50504   99.50099   15.50504    99.50099

T best solution: EADARPSolution(t_routing=999.199, t_excess=161.652, obj_val=789.812, obj_val_valid=true,
    unserved_requests=Int64[], F_visited=[153, 158, 154, 157, 156, 155], S_visited=Int64[],
    (1, ([147, 40, 112, 61, 133, 35, 107, 3, 75, 25, 97, 39, 111, 161, 41, 113, 44, 116, 2, 74, 8, 80, 49, 9, 81, 121, 71, 143, 67, 139, 159, 153], [61.73928953107393, 36.94668060724844], [14, 31]))
    (2, ([148, 38, 10, 110, 82, 34, 106, 29, 101, 52, 124, 18, 90, 31, 50, 122, 103, 53, 125, 159, 154], [53.20857553713408], [20]))
    (3, ([149, 48, 120, 55, 127, 56, 47, 119, 128, 7, 79, 11, 83, 30, 102, 13, 42, 114, 85, 159, 60, 51, 132, 16, 123, 88, 72, 5, 144, 77, 36, 108, 159, 155], [138.20475069892044, 3.9178890217576945], [20, 33]))
    (4, ([150, 19, 91, 62, 134, 64, 136, 37, 109, 6, 14, 78, 86, 68, 33, 105, 140, 43, 115, 12, 28, 100, 84, 159, 156], [68.28136989710372], [24]))
    (5, ([151, 1, 73, 20, 92, 32, 66, 104, 138, 27, 99, 63, 135, 58, 130, 26, 98, 46, 118, 54, 126, 65, 17, 137, 89, 159, 157], [93.26003978593707], [26]))
    (6, ([152, 23, 59, 131, 95, 24, 96, 45, 117, 70, 142, 21, 93, 160, 22, 69, 94, 141, 4, 57, 76, 129, 15, 87, 158], [57.64000026104689], [14])))

T best obj: 789.8118763289308
T best iteration: 1885
T total iterations: 30000
T best time [s]: 3.162
T total time [s]: 15.5828
