EADARP version 585c-dirty
ARGS: --ifile=EADARP/instances/l1/a6-72.txt --infeasible_arcs=EADARP/infeasible_arcs --gamma=0.7 --only_single_s_visits=false --odir=EADARP/out/a6-72 --oname=run45
Settings:
--alns_gamma=0.025
--alns_segment_size=100
--alns_sigma1=10
--alns_sigma2=9
--alns_sigma3=3
--at_most_one_s=false
--gamma=0.7
--ifile=EADARP/instances/l1/a6-72.txt
--infeasible_arcs=EADARP/infeasible_arcs
--insert_charging_otf=true
--insert_cost_noise=0.014
--lns_init_temp_factor=0.0
--lns_temp_dec_factor=0.99
--mh_checkit=false
--mh_lfreq=0
--mh_lnewinc=true
--mh_tciter=-1
--mh_tctime=-1.0
--mh_titer=30000
--mh_tobj=-1.0
--mh_ttime=-1.0
--odir=EADARP/out/a6-72
--oname=run45
--only_single_s_visits=false
--repair_max_routes=0
--seed=904206509
--use_milp_in_otf=0
--xcheck_isfeasible=false

EADARPInstance(EADARP/instances/l1/a6-72.txt, n=72, n_K=6, S=[159, 160, 161], Q=14.85, n_F=6, γ=0.7, T_plan=720.0, F=[153, 154, 155, 156, 157, 158])

T preprocessing time [s]: 2.68343
I       iter             best          obj_old          obj_new        time              method info
I          1        957.66040     100072.00000        957.66040      0.2697                 con 
I          2        923.70906        957.66040        923.70906      0.3432         drrr_15+rrg 
I          3        914.89619        923.70906        914.89619      0.4061        drrr_15+rrri 
I          4        886.20562        914.89619        886.20562      0.4468        drrr_15+rroi 
I          5        864.42622        886.20562        864.42622      0.5032        drrr_15+rrri 
I          6        850.33272        864.42622        850.33272      0.5523        drrr_15+rroi 
I          7        848.25790        850.33272        848.25790      0.5896        drrr_15+rrri 
I          8        843.96028        848.25790        843.96028      0.6419        drrr_15+rroi 
I          9        836.24433        843.96028        836.24433      0.6735         drrr_15+rrg 
I         10        831.19228        836.24433        831.19228      0.7019         drrr_15+rrg 
I         12        820.51632        831.19228        820.51632      0.7933        drrr_15+rroi 
I         13        813.12916        820.51632        813.12916      0.8076         drrr_15+rrg 
I         17        811.91951        813.12916        811.91951      0.8678        drrr_15+rroi 
I         33        811.23217        811.91951        811.23217      0.9950        drrr_15+rroi 
I         34        809.82946        811.23217        809.82946      1.0009        drrr_15+rrri 
I         43        806.87487        809.82946        806.87487      1.0982        drrr_15+rrri 
I         61        805.14878        806.87487        805.14878      1.1748        drrr_15+rroi 
I        104        804.40813        805.14878        804.40813      1.3375        drrr_15+rrri 
I        105        804.29701        804.40813        804.29701      1.3505        drrr_15+rrri 
I        201        799.31549        804.29701        799.31549      1.6279        drrr_15+rroi 
I        228        797.51968        799.31549        797.51968      1.6990         drrr_15+rrg 
I        240        795.89853        797.51968        795.89853      1.7278        drrr_15+rrri 
I        256        795.66576        795.89853        795.66576      1.7715        drrr_15+rroi 
I        475        795.62099        795.66576        795.62099      2.0519        drrr_15+rroi 
I        553        794.48016        795.62099        794.48016      2.1429        drrr_15+rroi 
I        617        794.11368        794.48016        794.11368      2.2127        drrr_15+rrri 
I       1991        793.07455        794.11368        793.07455      3.2297         drrr_15+rrg 
I       2005        791.65742        793.07455        791.65742      3.2498         drrr_15+rrg 
I       2006        790.90360        791.65742        790.90360      3.2527        drrr_15+rroi 
I       2018        790.74469        790.90360        790.74469      3.2652        drrr_15+rrri 
I       2019        790.37002        790.74469        790.37002      3.2654        drrr_15+rroi 
I       2288        788.46483        790.37002        788.46483      3.4744        drrr_15+rroi 
I       3169        788.45025        788.46483        788.45025      3.9998        drrr_15+rroi 
I       3177        788.41815        788.45025        788.41815      4.0282        drrr_15+rrri 
I       3180        786.03945        788.41815        786.03945      4.0292        drrr_15+rrri 
I       3181        782.50334        786.03945        782.50334      4.0295        drrr_15+rrri 
I       3209        781.26400        782.50334        781.26400      4.0586        drrr_15+rroi 
I      30000        781.26400        781.26400        784.01093     16.2600        drrr_15+rrri 

Method statistics
S  method    iter  succ  succ-rate%  tot-obj-gain  avg-obj-gain  rel-succ%  net-time  net-time%  brut-time  brut-time%
S  con          1     1   100.00000  -99114.33960  -99114.33960    1.36986   0.26964    1.65830    0.26964     1.65830
S  drrr_15  29999    36     0.12000    -176.39640      -0.00588   49.31507   0.32899    2.02332    0.32899     2.02332
S  rrg      10084     7     0.06942     -58.35855      -0.00579    9.58904   6.90504   42.46632    6.90504    42.46632
S  rroi     10037    16     0.15941     -72.06824      -0.00718   21.91781   3.82220   23.50670    3.82220    23.50670
S  rrri      9878    13     0.13161     -45.96961      -0.00465   17.80822   4.87547   29.98436    4.87547    29.98436
S  SUM/AVG  59999    73     0.12167  -99467.13241      -1.65781   20.00000  16.20134   99.63900   16.20134    99.63900

T best solution: EADARPSolution(t_routing=971.327, t_excess=211.076, obj_val=781.264, obj_val_valid=true,
    unserved_requests=Int64[], F_visited=[156, 157, 154, 158, 153, 155], S_visited=Int64[],
    (1, ([147, 1, 73, 20, 92, 32, 66, 104, 138, 27, 99, 22, 69, 94, 141, 161, 71, 143, 15, 87, 153], [73.6477788222434], [16]))
    (2, ([148, 45, 117, 70, 142, 159, 7, 79, 11, 83, 63, 30, 135, 102, 44, 116, 18, 90, 31, 50, 122, 103, 53, 125, 159, 154], [1.875802297231366, 86.2530215586803], [6, 25]))
    (3, ([149, 19, 91, 62, 134, 64, 136, 37, 109, 12, 28, 100, 84, 67, 139, 159, 155], [7.447954533264678], [16]))
    (4, ([150, 48, 120, 55, 127, 35, 107, 161, 3, 75, 25, 21, 93, 97, 39, 111, 52, 124, 13, 42, 114, 85, 26, 98, 68, 2, 140, 74, 8, 80, 49, 9, 81, 121, 161, 57, 129, 159, 156], [9.645711737361927, 63.55832842380744, 42.267488474801326], [8, 35, 38]))
    (5, ([151, 23, 59, 131, 95, 24, 96, 38, 10, 110, 82, 34, 106, 161, 41, 113, 33, 58, 130, 105, 43, 115, 160, 60, 51, 132, 16, 123, 88, 72, 5, 144, 77, 36, 108, 159, 157], [91.42406044183305, 43.36518247387215, 5.379609453333277], [14, 23, 36]))
    (6, ([152, 40, 112, 61, 133, 56, 47, 119, 128, 29, 101, 6, 14, 78, 86, 46, 118, 54, 126, 65, 17, 137, 89, 4, 76, 159, 158], [60.461629892300856], [26])))

T best obj: 781.2639975968432
T best iteration: 3209
T total iterations: 30000
T best time [s]: 4.059
T total time [s]: 16.2600
