EADARP version 585c-dirty
ARGS: --ifile=EADARP/instances/l1/a6-72.txt --infeasible_arcs=EADARP/infeasible_arcs --gamma=0.7 --only_single_s_visits=false --odir=EADARP/out/a6-72 --oname=run54
Settings:
--alns_gamma=0.025
--alns_segment_size=100
--alns_sigma1=10
--alns_sigma2=9
--alns_sigma3=3
--at_most_one_s=false
--gamma=0.7
--ifile=EADARP/instances/l1/a6-72.txt
--infeasible_arcs=EADARP/infeasible_arcs
--insert_charging_otf=true
--insert_cost_noise=0.014
--lns_init_temp_factor=0.0
--lns_temp_dec_factor=0.99
--mh_checkit=false
--mh_lfreq=0
--mh_lnewinc=true
--mh_tciter=-1
--mh_tctime=-1.0
--mh_titer=30000
--mh_tobj=-1.0
--mh_ttime=-1.0
--odir=EADARP/out/a6-72
--oname=run54
--only_single_s_visits=false
--repair_max_routes=0
--seed=888361650
--use_milp_in_otf=0
--xcheck_isfeasible=false

EADARPInstance(EADARP/instances/l1/a6-72.txt, n=72, n_K=6, S=[159, 160, 161], Q=14.85, n_F=6, γ=0.7, T_plan=720.0, F=[153, 154, 155, 156, 157, 158])

T preprocessing time [s]: 2.89069
I       iter             best          obj_old          obj_new        time              method info
I          1        946.57022     100072.00000        946.57022      0.2336                 con 
I          2        934.21626        946.57022        934.21626      0.3111         drrr_15+rrg 
I          3        930.88170        934.21626        930.88170      0.3787        drrr_15+rrri 
I          4        925.05649        930.88170        925.05649      0.4438        drrr_15+rrri 
I          5        910.94533        925.05649        910.94533      0.5013         drrr_15+rrg 
I          6        905.97258        910.94533        905.97258      0.5391        drrr_15+rrri 
I          7        890.13898        905.97258        890.13898      0.6006        drrr_15+rrri 
I          9        882.84733        890.13898        882.84733      0.6639        drrr_15+rroi 
I         10        877.82487        882.84733        877.82487      0.6947         drrr_15+rrg 
I         13        874.23854        877.82487        874.23854      0.7652         drrr_15+rrg 
I         14        870.69839        874.23854        870.69839      0.8054        drrr_15+rroi 
I         17        868.03135        870.69839        868.03135      0.8628        drrr_15+rrri 
I         18        866.10355        868.03135        866.10355      0.9122        drrr_15+rrri 
I         19        860.17623        866.10355        860.17623      0.9349        drrr_15+rroi 
I         24        860.12100        860.17623        860.12100      1.0419        drrr_15+rrri 
I         25        851.35755        860.12100        851.35755      1.0552        drrr_15+rrri 
I         26        844.35114        851.35755        844.35114      1.0609        drrr_15+rroi 
I         27        840.13115        844.35114        840.13115      1.0687        drrr_15+rroi 
I         29        834.35641        840.13115        834.35641      1.1018        drrr_15+rrri 
I         30        830.33505        834.35641        830.33505      1.1367        drrr_15+rrri 
I         32        830.16092        830.33505        830.16092      1.1613        drrr_15+rroi 
I         33        817.02886        830.16092        817.02886      1.1750         drrr_15+rrg 
I         34        816.02496        817.02886        816.02496      1.1893         drrr_15+rrg 
I         35        813.79105        816.02496        813.79105      1.2052         drrr_15+rrg 
I         41        811.37707        813.79105        811.37707      1.2806         drrr_15+rrg 
I         50        810.13293        811.37707        810.13293      1.3176        drrr_15+rroi 
I         57        809.53261        810.13293        809.53261      1.3543         drrr_15+rrg 
I         59        808.61063        809.53261        808.61063      1.3651        drrr_15+rroi 
I         95        808.56489        808.61063        808.56489      1.5092        drrr_15+rroi 
I        106        807.73797        808.56489        807.73797      1.5270        drrr_15+rroi 
I        111        805.71480        807.73797        805.71480      1.5502         drrr_15+rrg 
I        129        803.22753        805.71480        803.22753      1.5826         drrr_15+rrg 
I        136        801.75354        803.22753        801.75354      1.5869        drrr_15+rroi 
I        143        801.33279        801.75354        801.33279      1.5944        drrr_15+rrri 
I        145        801.10003        801.33279        801.10003      1.5949        drrr_15+rroi 
I        231        791.76713        801.10003        791.76713      1.7017        drrr_15+rrri 
I        239        791.68443        791.76713        791.68443      1.7531        drrr_15+rrri 
I        250        789.00272        791.68443        789.00272      1.7705        drrr_15+rroi 
I        254        788.89271        789.00272        788.89271      1.7918         drrr_15+rrg 
I        264        788.76450        788.89271        788.76450      1.8226        drrr_15+rroi 
I        283        788.01234        788.76450        788.01234      1.8715        drrr_15+rrri 
I        297        785.90589        788.01234        785.90589      1.8983        drrr_15+rroi 
I        394        785.58694        785.90589        785.58694      1.9959        drrr_15+rrri 
I        402        783.78875        785.58694        783.78875      2.0211        drrr_15+rroi 
I        425        781.56795        783.78875        781.56795      2.0422        drrr_15+rroi 
I       1454        781.51639        781.56795        781.51639      2.8076        drrr_15+rrri 
I       1457        779.76490        781.51639        779.76490      2.8119         drrr_15+rrg 
I       1479        777.46123        779.76490        777.46123      2.8264        drrr_15+rrri 
I      30000        777.46123        777.46123        781.28835     15.5138        drrr_15+rroi 

Method statistics
S  method    iter  succ  succ-rate%  tot-obj-gain  avg-obj-gain  rel-succ%  net-time  net-time%  brut-time  brut-time%
S  con          1     1   100.00000  -99125.42978  -99125.42978    1.05263   0.23360    1.50576    0.23360     1.50576
S  drrr_15  29999    47     0.15667    -169.10900      -0.00564   49.47368   0.35992    2.31999    0.35992     2.31999
S  rrg       9757    13     0.13324     -60.83002      -0.00623   13.68421   6.56033   42.28690    6.56033    42.28690
S  rroi     10322    17     0.16470     -41.84054      -0.00405   17.89474   3.56062   22.95120    3.56062    22.95120
S  rrri      9920    17     0.17137     -66.43843      -0.00670   17.89474   4.74180   30.56494    4.74180    30.56494
S  SUM/AVG  59999    95     0.15834  -99463.64777      -1.65776   20.00000  15.45628   99.62879   15.45628    99.62879

T best solution: EADARPSolution(t_routing=977.973, t_excess=175.925, obj_val=777.461, obj_val_valid=true,
    unserved_requests=Int64[], F_visited=[155, 153, 156, 157, 158, 154], S_visited=Int64[],
    (1, ([147, 48, 120, 55, 127, 56, 47, 119, 128, 29, 101, 6, 14, 78, 86, 68, 33, 105, 140, 43, 115, 54, 126, 65, 17, 137, 89, 159, 153], [79.93657849215157], [28]))
    (2, ([148, 1, 73, 20, 92, 32, 66, 104, 138, 27, 99, 63, 30, 135, 102, 44, 116, 71, 143, 159, 154], [68.85245876465774], [20]))
    (3, ([149, 40, 112, 61, 133, 35, 107, 3, 75, 25, 97, 34, 106, 41, 113, 2, 74, 31, 50, 122, 103, 53, 125, 159, 155], [53.69825576797403], [24]))
    (4, ([150, 23, 59, 131, 95, 24, 96, 38, 10, 110, 82, 64, 136, 37, 109, 12, 28, 100, 84, 67, 139, 159, 156], [43.56398076210895], [22]))
    (5, ([151, 70, 142, 21, 93, 52, 124, 13, 42, 114, 85, 58, 130, 26, 98, 160, 22, 69, 94, 141, 8, 80, 49, 9, 81, 121, 161, 4, 57, 76, 129, 15, 87, 159, 157], [40.99064344888876, 46.75290164307444, 27.807187874509705], [16, 27, 34]))
    (6, ([152, 19, 91, 62, 134, 45, 117, 7, 79, 11, 83, 39, 111, 161, 46, 118, 18, 90, 60, 51, 132, 16, 123, 88, 72, 5, 144, 77, 36, 108, 159, 158], [100.30639079373687, 30.064862656152755], [14, 31])))

T best obj: 777.4612277577074
T best iteration: 1479
T total iterations: 30000
T best time [s]: 2.826
T total time [s]: 15.5139
