EADARP version 2def-dirty
ARGS: --ifile=EADARP/instances/l1/a6-72.txt --odir=EADARP/out/a6-72 --oname=run5
Settings:
--alns_gamma=0.025
--alns_segment_size=100
--alns_sigma1=10
--alns_sigma2=9
--alns_sigma3=3
--at_most_one_s=false
--gamma=-1.0
--ifile=EADARP/instances/l1/a6-72.txt
--insert_charging_otf=true
--insert_cost_noise=0.014
--lns_init_temp_factor=0.0
--lns_temp_dec_factor=0.99
--mh_checkit=false
--mh_lfreq=0
--mh_lnewinc=true
--mh_tciter=-1
--mh_tctime=-1.0
--mh_titer=300
--mh_tobj=-1.0
--mh_ttime=-1.0
--odir=EADARP/out/a6-72
--oname=run5
--only_single_s_visits=true
--repair_max_routes=0
--seed=1222428460
--use_milp_in_otf=0
--xcheck_isfeasible=false

EADARPInstance(EADARP/instances/l1/a6-72.txt, n=72, n_K=6, S=[159, 160, 161], Q=14.85, n_F=6, γ=0.7, T_plan=720.0, F=[153, 154, 155, 156, 157, 158])

T preprocessing time [s]: 2.53097
I       iter             best          obj_old          obj_new        time              method info
I          1     100012.00000     100072.00000     100012.00000      0.2107                 con 
I         19     100011.00000     100012.00000     100011.00000      1.0645        drrr_15+rroi 
I         27     100010.00000     100011.00000     100010.00000      1.2992        drrr_15+rrri 
I         37     100009.00000     100010.00000     100009.00000      1.6765        drrr_15+rrri 
I        102     100008.00000     100009.00000     100008.00000      2.4718        drrr_15+rrri 
I        146     100007.00000     100008.00000     100007.00000      2.8692        drrr_15+rroi 
I        252     100006.00000     100007.00000     100006.00000      3.4307        drrr_15+rroi 
I        254     100005.00000     100006.00000     100005.00000      3.4350        drrr_15+rrri 
I        300     100005.00000     100005.00000     100007.00000      3.5923        drrr_15+rrri 

Method statistics
S  method    iter  succ  succ-rate%  tot-obj-gain  avg-obj-gain  rel-succ%  net-time  net-time%  brut-time  brut-time%
S  con          1     1   100.00000     -60.00000     -60.00000    6.66667   0.21067    5.86449    0.21067     5.86449
S  drrr_15    299     7     2.34114      -7.00000      -0.02341   46.66667   0.00402    0.11179    0.00402     0.11179
S  rrg         93     0     0.00000       0.00000       0.00000    0.00000   1.13613   31.62689    1.13613    31.62689
S  rroi       102     3     2.94118      -3.00000      -0.02941   20.00000   0.91920   25.58797    0.91920    25.58797
S  rrri       104     4     3.84615      -4.00000      -0.03846   26.66667   1.32079   36.76731    1.32079    36.76731
S  SUM/AVG    599    15     2.50417     -74.00000      -0.12354   20.00000   3.59081   99.95844    3.59081    99.95844

T best solution: EADARPSolution(t_routing=-1.0, t_excess=-1.0, obj_val=100005.0, obj_val_valid=true,
    unserved_requests=[71, 67, 61, 31, 9], F_visited=[155, 156, 157, 154, 153, 158], S_visited=[161, 159, 160],
    (1, ([147, 23, 59, 131, 95, 24, 96, 70, 142, 3, 75, 27, 99, 29, 101, 13, 42, 114, 85, 41, 113, 58, 130, 26, 98, 46, 44, 116, 118, 22, 69, 94, 141, 160, 153], [192.8211010590263], [34]))
    (2, ([148, 40, 112, 45, 117, 52, 124, 18, 90, 50, 8, 60, 80, 122, 132, 154], Float64[], Int64[]))
    (3, ([149, 21, 93, 65, 17, 137, 89, 4, 57, 76, 129, 15, 87, 155], Float64[], Int64[]))
    (4, ([150, 19, 91, 35, 107, 47, 38, 119, 10, 110, 82, 7, 79, 39, 34, 106, 111, 30, 102, 159, 16, 49, 121, 88, 72, 5, 144, 77, 36, 108, 156], [184.9570314075116], [20]))
    (5, ([151, 48, 120, 55, 127, 56, 1, 73, 128, 20, 92, 32, 66, 104, 138, 25, 11, 97, 83, 37, 109, 63, 135, 6, 14, 78, 86, 68, 33, 105, 140, 2, 74, 51, 123, 161, 157], [178.9017815227192], [36]))
    (6, ([152, 62, 134, 64, 136, 43, 115, 54, 126, 12, 28, 100, 84, 53, 125, 158], Float64[], Int64[])))

T best obj: 100005.0
T best iteration: 254
T total iterations: 300
T best time [s]: 3.435
T total time [s]: 3.5923
