EADARP version 2def-dirty
ARGS: --ifile=EADARP/instances/l1/a6-72.txt --odir=EADARP/out/a6-72 --oname=run63
Settings:
--alns_gamma=0.025
--alns_segment_size=100
--alns_sigma1=10
--alns_sigma2=9
--alns_sigma3=3
--at_most_one_s=false
--gamma=-1.0
--ifile=EADARP/instances/l1/a6-72.txt
--insert_charging_otf=true
--insert_cost_noise=0.014
--lns_init_temp_factor=0.0
--lns_temp_dec_factor=0.99
--mh_checkit=false
--mh_lfreq=0
--mh_lnewinc=true
--mh_tciter=-1
--mh_tctime=-1.0
--mh_titer=300
--mh_tobj=-1.0
--mh_ttime=-1.0
--odir=EADARP/out/a6-72
--oname=run63
--only_single_s_visits=true
--repair_max_routes=0
--seed=92145354
--use_milp_in_otf=0
--xcheck_isfeasible=false

EADARPInstance(EADARP/instances/l1/a6-72.txt, n=72, n_K=6, S=[159, 160, 161], Q=14.85, n_F=6, γ=0.7, T_plan=720.0, F=[153, 154, 155, 156, 157, 158])

T preprocessing time [s]: 2.59994
I       iter             best          obj_old          obj_new        time              method info
I          1     100017.00000     100072.00000     100017.00000      0.1659                 con 
I          2     100014.00000     100017.00000     100014.00000      0.2718        drrr_15+rrri 
I          6     100012.00000     100014.00000     100012.00000      0.5530         drrr_15+rrg 
I          8     100010.00000     100012.00000     100010.00000      0.6413        drrr_15+rroi 
I         29     100009.00000     100010.00000     100009.00000      1.1450        drrr_15+rroi 
I         31     100008.00000     100009.00000     100008.00000      1.2006        drrr_15+rrri 
I         33     100007.00000     100008.00000     100007.00000      1.2339        drrr_15+rrri 
I        128     100006.00000     100007.00000     100006.00000      2.0250        drrr_15+rroi 
I        300     100006.00000     100006.00000     100008.00000      2.6240        drrr_15+rroi 

Method statistics
S  method    iter  succ  succ-rate%  tot-obj-gain  avg-obj-gain  rel-succ%  net-time  net-time%  brut-time  brut-time%
S  con          1     1   100.00000     -55.00000     -55.00000    6.66667   0.16585    6.32041    0.16585     6.32041
S  drrr_15    299     7     2.34114     -11.00000      -0.03679   46.66667   0.00390    0.14876    0.00390     0.14876
S  rrg        108     1     0.92593      -2.00000      -0.01852    6.66667   1.10000   41.92063    1.10000    41.92063
S  rroi        85     3     3.52941      -4.00000      -0.04706   20.00000   0.43214   16.46873    0.43214    16.46873
S  rrri       106     3     2.83019      -5.00000      -0.04717   20.00000   0.92068   35.08694    0.92068    35.08694
S  SUM/AVG    599    15     2.50417     -77.00000      -0.12855   20.00000   2.62258   99.94547    2.62258    99.94547

T best solution: EADARPSolution(t_routing=-1.0, t_excess=-1.0, obj_val=100006.0, obj_val_valid=true,
    unserved_requests=[69, 31, 72, 5, 71, 36], F_visited=[154, 157, 153, 156, 158, 155], S_visited=[161, 159, 160],
    (1, ([147, 45, 117, 21, 93, 52, 124, 54, 126, 12, 28, 100, 84, 15, 57, 129, 87, 153], Float64[], Int64[]))
    (2, ([148, 40, 112, 61, 133, 35, 107, 34, 106, 64, 136, 9, 81, 67, 139, 154], Float64[], Int64[]))
    (3, ([149, 70, 142, 26, 98, 50, 60, 122, 132, 65, 17, 137, 89, 4, 76, 155], Float64[], Int64[]))
    (4, ([150, 23, 59, 131, 95, 24, 96, 1, 73, 38, 10, 110, 82, 7, 79, 11, 83, 39, 111, 161, 68, 44, 116, 140, 16, 49, 121, 88, 53, 125, 156], [134.98399061862125], [20]))
    (5, ([151, 48, 120, 55, 127, 62, 134, 27, 99, 63, 30, 135, 102, 42, 13, 114, 85, 58, 33, 105, 130, 22, 2, 94, 74, 8, 80, 160, 157], [156.17124328832963], [28]))
    (6, ([152, 19, 91, 56, 47, 119, 128, 20, 92, 32, 66, 3, 104, 138, 75, 25, 97, 37, 109, 29, 101, 6, 14, 41, 78, 86, 113, 46, 118, 18, 43, 90, 115, 51, 123, 159, 158], [171.01321204660283], [36])))

T best obj: 100006.0
T best iteration: 128
T total iterations: 300
T best time [s]: 2.025
T total time [s]: 2.6240
