EADARP version 585c-dirty
ARGS: --ifile=EADARP/instances/l1/a6-72.txt --infeasible_arcs=EADARP/infeasible_arcs --gamma=0.7 --only_single_s_visits=false --odir=EADARP/out/a6-72 --oname=run68
Settings:
--alns_gamma=0.025
--alns_segment_size=100
--alns_sigma1=10
--alns_sigma2=9
--alns_sigma3=3
--at_most_one_s=false
--gamma=0.7
--ifile=EADARP/instances/l1/a6-72.txt
--infeasible_arcs=EADARP/infeasible_arcs
--insert_charging_otf=true
--insert_cost_noise=0.014
--lns_init_temp_factor=0.0
--lns_temp_dec_factor=0.99
--mh_checkit=false
--mh_lfreq=0
--mh_lnewinc=true
--mh_tciter=-1
--mh_tctime=-1.0
--mh_titer=30000
--mh_tobj=-1.0
--mh_ttime=-1.0
--odir=EADARP/out/a6-72
--oname=run68
--only_single_s_visits=false
--repair_max_routes=0
--seed=1553970641
--use_milp_in_otf=0
--xcheck_isfeasible=false

EADARPInstance(EADARP/instances/l1/a6-72.txt, n=72, n_K=6, S=[159, 160, 161], Q=14.85, n_F=6, γ=0.7, T_plan=720.0, F=[153, 154, 155, 156, 157, 158])

T preprocessing time [s]: 2.68813
I       iter             best          obj_old          obj_new        time              method info
I          1     100001.00000     100072.00000     100001.00000      0.2218                 con 
I          2        950.88955     100001.00000        950.88955      0.3294         drrr_15+rrg 
I          3        937.76794        950.88955        937.76794      0.3719        drrr_15+rrri 
I          4        933.90425        937.76794        933.90425      0.4204         drrr_15+rrg 
I          5        926.57682        933.90425        926.57682      0.4703         drrr_15+rrg 
I          6        919.70025        926.57682        919.70025      0.5037         drrr_15+rrg 
I          7        911.47035        919.70025        911.47035      0.5534        drrr_15+rroi 
I          8        904.80729        911.47035        904.80729      0.6005         drrr_15+rrg 
I          9        888.29287        904.80729        888.29287      0.6325        drrr_15+rroi 
I         13        886.71099        888.29287        886.71099      0.7483         drrr_15+rrg 
I         14        877.54506        886.71099        877.54506      0.7535        drrr_15+rrri 
I         17        874.91826        877.54506        874.91826      0.8041        drrr_15+rrri 
I         18        871.07793        874.91826        871.07793      0.8112        drrr_15+rrri 
I         20        861.65228        871.07793        861.65228      0.8364        drrr_15+rroi 
I         22        851.15911        861.65228        851.15911      0.8880        drrr_15+rroi 
I         24        848.34098        851.15911        848.34098      0.9211        drrr_15+rrri 
I         26        837.63353        848.34098        837.63353      0.9826        drrr_15+rroi 
I         29        824.44671        837.63353        824.44671      1.0197        drrr_15+rroi 
I         33        820.61895        824.44671        820.61895      1.0811        drrr_15+rrri 
I         35        820.05235        820.61895        820.05235      1.1045         drrr_15+rrg 
I         37        818.12588        820.05235        818.12588      1.1189         drrr_15+rrg 
I         52        815.99045        818.12588        815.99045      1.2558        drrr_15+rrri 
I         55        815.59874        815.99045        815.59874      1.2644        drrr_15+rroi 
I         82        814.02447        815.59874        814.02447      1.3307        drrr_15+rroi 
I         83        813.50763        814.02447        813.50763      1.3359         drrr_15+rrg 
I        115        812.84536        813.50763        812.84536      1.4836        drrr_15+rrri 
I        121        812.74579        812.84536        812.74579      1.5188         drrr_15+rrg 
I        148        811.75732        812.74579        811.75732      1.5949        drrr_15+rroi 
I        779        811.09501        811.75732        811.09501      2.2570         drrr_15+rrg 
I        969        808.65258        811.09501        808.65258      2.4523        drrr_15+rrri 
I       1845        808.39466        808.65258        808.39466      3.0777        drrr_15+rrri 
I       1863        808.08625        808.39466        808.08625      3.0960        drrr_15+rroi 
I       1871        806.86927        808.08625        806.86927      3.1051        drrr_15+rroi 
I       1889        806.78597        806.86927        806.78597      3.1271         drrr_15+rrg 
I       5845        804.86845        806.78597        804.86845      5.2406        drrr_15+rrri 
I       6387        804.63457        804.86845        804.63457      5.6135        drrr_15+rrri 
I       6500        803.53014        804.63457        803.53014      5.6919        drrr_15+rroi 
I       6514        801.46482        803.53014        801.46482      5.6974        drrr_15+rroi 
I      28902        798.87521        801.46482        798.87521     15.2924        drrr_15+rrri 
I      29463        795.17202        798.87521        795.17202     15.5406        drrr_15+rrri 
I      30000        795.17202        795.17202        800.28571     15.7690        drrr_15+rroi 

Method statistics
S  method    iter  succ  succ-rate%  tot-obj-gain  avg-obj-gain  rel-succ%  net-time  net-time%  brut-time  brut-time%
S  con          1     1   100.00000     -71.00000     -71.00000    1.26582   0.22181    1.40664    0.22181     1.40664
S  drrr_15  29999    39     0.13000  -99205.82798      -3.30697   49.36709   0.32915    2.08729    0.32915     2.08729
S  rrg      10002    12     0.11998  -99080.27818      -9.90605   15.18987   7.05439   44.73570    7.05439    44.73570
S  rroi     10027    13     0.12965     -76.20702      -0.00760   16.45570   3.71352   23.54945    3.71352    23.54945
S  rrri      9970    14     0.14042     -49.34278      -0.00495   17.72152   4.39998   27.90264    4.39998    27.90264
S  SUM/AVG  59999    79     0.13167 -198482.65595      -3.30810   20.00000  15.71885   99.68172   15.71885    99.68172

T best solution: EADARPSolution(t_routing=980.497, t_excess=239.196, obj_val=795.172, obj_val_valid=true,
    unserved_requests=Int64[], F_visited=[155, 154, 157, 158, 156, 153], S_visited=Int64[],
    (1, ([147, 48, 120, 55, 127, 45, 117, 70, 142, 21, 93, 51, 60, 123, 132, 65, 17, 137, 89, 159, 153], [34.44942824028358], [20]))
    (2, ([148, 40, 112, 61, 133, 56, 35, 107, 128, 29, 101, 52, 124, 22, 69, 94, 141, 4, 57, 76, 129, 159, 154], [42.14803594470217], [22]))
    (3, ([149, 1, 73, 20, 92, 32, 66, 3, 104, 138, 75, 25, 97, 34, 106, 161, 41, 113, 68, 2, 140, 74, 8, 80, 49, 9, 81, 121, 161, 71, 143, 15, 87, 159, 155], [81.06935751935855, 1.9177094388718194, 34.23487696621919], [16, 29, 34]))
    (4, ([150, 19, 91, 62, 134, 64, 136, 37, 109, 6, 14, 78, 86, 46, 44, 116, 118, 18, 90, 31, 50, 122, 103, 53, 125, 159, 156], [78.94375008732824], [26]))
    (5, ([151, 23, 59, 131, 95, 24, 96, 38, 10, 110, 82, 27, 99, 63, 30, 135, 102, 42, 13, 114, 85, 26, 98, 159, 16, 88, 72, 5, 144, 77, 36, 108, 159, 157], [143.45370157463196, 31.448184927094612], [24, 33]))
    (6, ([152, 47, 119, 7, 79, 11, 83, 39, 111, 58, 33, 105, 130, 43, 115, 54, 126, 12, 28, 100, 84, 67, 139, 159, 158], [46.83242545242805], [24])))

T best obj: 795.1720227464424
T best iteration: 29463
T total iterations: 30000
T best time [s]: 15.541
T total time [s]: 15.7690
