EADARP version 585c-dirty
ARGS: --ifile=EADARP/instances/l1/a6-72.txt --infeasible_arcs=EADARP/infeasible_arcs --gamma=0.7 --only_single_s_visits=false --odir=EADARP/out/a6-72 --oname=run71
Settings:
--alns_gamma=0.025
--alns_segment_size=100
--alns_sigma1=10
--alns_sigma2=9
--alns_sigma3=3
--at_most_one_s=false
--gamma=0.7
--ifile=EADARP/instances/l1/a6-72.txt
--infeasible_arcs=EADARP/infeasible_arcs
--insert_charging_otf=true
--insert_cost_noise=0.014
--lns_init_temp_factor=0.0
--lns_temp_dec_factor=0.99
--mh_checkit=false
--mh_lfreq=0
--mh_lnewinc=true
--mh_tciter=-1
--mh_tctime=-1.0
--mh_titer=30000
--mh_tobj=-1.0
--mh_ttime=-1.0
--odir=EADARP/out/a6-72
--oname=run71
--only_single_s_visits=false
--repair_max_routes=0
--seed=2050647528
--use_milp_in_otf=0
--xcheck_isfeasible=false

EADARPInstance(EADARP/instances/l1/a6-72.txt, n=72, n_K=6, S=[159, 160, 161], Q=14.85, n_F=6, γ=0.7, T_plan=720.0, F=[153, 154, 155, 156, 157, 158])

T preprocessing time [s]: 2.61756
I       iter             best          obj_old          obj_new        time              method info
I          1        943.83473     100072.00000        943.83473      0.2265                 con 
I          2        916.41314        943.83473        916.41314      0.2646         drrr_15+rrg 
I          4        898.69047        916.41314        898.69047      0.3882        drrr_15+rrri 
I          7        897.78405        898.69047        897.78405      0.5258        drrr_15+rrri 
I          8        890.10745        897.78405        890.10745      0.5560        drrr_15+rroi 
I          9        881.31744        890.10745        881.31744      0.5872        drrr_15+rroi 
I         10        875.04849        881.31744        875.04849      0.6155         drrr_15+rrg 
I         11        872.99240        875.04849        872.99240      0.6441        drrr_15+rroi 
I         14        867.00986        872.99240        867.00986      0.7278         drrr_15+rrg 
I         16        864.37054        867.00986        864.37054      0.7805        drrr_15+rroi 
I         31        852.25457        864.37054        852.25457      0.9524        drrr_15+rrri 
I         32        849.46394        852.25457        849.46394      0.9792         drrr_15+rrg 
I         33        840.98087        849.46394        840.98087      0.9887         drrr_15+rrg 
I         36        840.25244        840.98087        840.25244      1.0362        drrr_15+rrri 
I         41        837.49266        840.25244        837.49266      1.0609         drrr_15+rrg 
I         49        836.25357        837.49266        836.25357      1.1525        drrr_15+rroi 
I         73        834.12453        836.25357        834.12453      1.2807        drrr_15+rrri 
I         74        825.34789        834.12453        825.34789      1.2826         drrr_15+rrg 
I        113        824.10669        825.34789        824.10669      1.4241         drrr_15+rrg 
I        116        821.12425        824.10669        821.12425      1.4446        drrr_15+rroi 
I        121        819.02661        821.12425        819.02661      1.4673        drrr_15+rroi 
I        133        818.44406        819.02661        818.44406      1.5063        drrr_15+rroi 
I        134        817.07238        818.44406        817.07238      1.5103        drrr_15+rrri 
I        145        817.07238        817.07238        817.07238      1.5443        drrr_15+rrri 
I        150        815.69734        817.07238        815.69734      1.6041        drrr_15+rrri 
I        178        815.32086        815.69734        815.32086      1.8144         drrr_15+rrg 
I        184        813.23101        815.32086        813.23101      1.8456        drrr_15+rrri 
I        195        812.66264        813.23101        812.66264      1.9123        drrr_15+rroi 
I        198        809.31052        812.66264        809.31052      1.9314        drrr_15+rroi 
I        200        807.29542        809.31052        807.29542      1.9557         drrr_15+rrg 
I        214        805.23009        807.29542        805.23009      2.0040        drrr_15+rrri 
I        218        804.85542        805.23009        804.85542      2.0144        drrr_15+rrri 
I        398        804.75101        804.85542        804.75101      2.3026        drrr_15+rrri 
I        437        799.18236        804.75101        799.18236      2.3429        drrr_15+rrri 
I        439        798.61512        799.18236        798.61512      2.3525        drrr_15+rroi 
I        442        798.03616        798.61512        798.03616      2.3736        drrr_15+rrri 
I        459        797.19616        798.03616        797.19616      2.4543        drrr_15+rrri 
I        463        794.41674        797.19616        794.41674      2.4700        drrr_15+rroi 
I        488        792.35938        794.41674        792.35938      2.5338        drrr_15+rroi 
I        653        790.94018        792.35938        790.94018      2.7085         drrr_15+rrg 
I        698        790.70741        790.94018        790.70741      2.8028        drrr_15+rroi 
I      30000        790.70741        790.70741        811.25722     15.8421        drrr_15+rroi 

Method statistics
S  method    iter  succ  succ-rate%  tot-obj-gain  avg-obj-gain  rel-succ%  net-time  net-time%  brut-time  brut-time%
S  con          1     1   100.00000  -99128.16527  -99128.16527    1.23457   0.22647    1.42954    0.22647     1.42954
S  drrr_15  29999    40     0.13334    -153.12731      -0.00510   49.38272   0.32362    2.04279    0.32362     2.04279
S  rrg       9874    11     0.11140     -67.53517      -0.00684   13.58025   6.87704   43.40971    6.87704    43.40971
S  rroi     10026    14     0.13964     -37.62104      -0.00375   17.28395   3.46052   21.84371    3.46052    21.84371
S  rrri     10099    15     0.14853     -47.97111      -0.00475   18.51852   4.90415   30.95626    4.90415    30.95626
S  SUM/AVG  59999    81     0.13500  -99434.41990      -1.65727   20.00000  15.79181   99.68202   15.79181    99.68202

T best solution: EADARPSolution(t_routing=989.228, t_excess=195.146, obj_val=790.707, obj_val_valid=true,
    unserved_requests=Int64[], F_visited=[153, 156, 158, 157, 154, 155], S_visited=Int64[],
    (1, ([147, 48, 120, 55, 127, 56, 35, 107, 128, 7, 79, 11, 83, 30, 102, 13, 42, 114, 85, 58, 130, 26, 98, 160, 22, 69, 94, 141, 8, 80, 49, 9, 81, 121, 159, 153], [32.779189126296835, 124.29210510354073], [24, 35]))
    (2, ([148, 23, 59, 131, 95, 32, 66, 104, 138, 27, 99, 12, 28, 100, 84, 67, 139, 159, 154], [33.41657678674656], [18]))
    (3, ([149, 47, 38, 119, 10, 110, 82, 64, 136, 37, 109, 63, 135, 6, 14, 78, 86, 46, 118, 18, 90, 31, 50, 122, 103, 53, 125, 159, 155], [84.82858353832025], [28]))
    (4, ([150, 40, 112, 61, 24, 133, 96, 1, 73, 20, 92, 45, 117, 70, 142, 3, 75, 25, 97, 34, 106, 29, 101, 160, 51, 16, 123, 88, 72, 5, 144, 77, 36, 108, 156], [135.48739828537776], [24]))
    (5, ([151, 21, 93, 52, 124, 68, 33, 105, 140, 43, 115, 54, 126, 71, 143, 15, 87, 159, 157], [26.170421066308982], [18]))
    (6, ([152, 19, 91, 62, 134, 39, 111, 161, 41, 113, 44, 116, 2, 74, 60, 132, 65, 17, 137, 89, 4, 57, 76, 129, 159, 158], [12.872308826797166, 53.38119423039348], [8, 25])))

T best obj: 790.7074124268393
T best iteration: 698
T total iterations: 30000
T best time [s]: 2.803
T total time [s]: 15.8422
