EADARP version 585c-dirty
ARGS: --ifile=EADARP/instances/l1/a6-72.txt --infeasible_arcs=EADARP/infeasible_arcs --gamma=0.7 --only_single_s_visits=false --odir=EADARP/out/a6-72 --oname=run78
Settings:
--alns_gamma=0.025
--alns_segment_size=100
--alns_sigma1=10
--alns_sigma2=9
--alns_sigma3=3
--at_most_one_s=false
--gamma=0.7
--ifile=EADARP/instances/l1/a6-72.txt
--infeasible_arcs=EADARP/infeasible_arcs
--insert_charging_otf=true
--insert_cost_noise=0.014
--lns_init_temp_factor=0.0
--lns_temp_dec_factor=0.99
--mh_checkit=false
--mh_lfreq=0
--mh_lnewinc=true
--mh_tciter=-1
--mh_tctime=-1.0
--mh_titer=30000
--mh_tobj=-1.0
--mh_ttime=-1.0
--odir=EADARP/out/a6-72
--oname=run78
--only_single_s_visits=false
--repair_max_routes=0
--seed=409618054
--use_milp_in_otf=0
--xcheck_isfeasible=false

EADARPInstance(EADARP/instances/l1/a6-72.txt, n=72, n_K=6, S=[159, 160, 161], Q=14.85, n_F=6, γ=0.7, T_plan=720.0, F=[153, 154, 155, 156, 157, 158])

T preprocessing time [s]: 2.67693
I       iter             best          obj_old          obj_new        time              method info
I          1        914.64252     100072.00000        914.64252      0.2197                 con 
I          2        907.79285        914.64252        907.79285      0.3129         drrr_15+rrg 
I          3        891.66765        907.79285        891.66765      0.3809         drrr_15+rrg 
I          4        880.77034        891.66765        880.77034      0.4279        drrr_15+rroi 
I          9        871.03650        880.77034        871.03650      0.5354        drrr_15+rroi 
I         10        867.38107        871.03650        867.38107      0.5674        drrr_15+rrri 
I         11        862.63483        867.38107        862.63483      0.5764         drrr_15+rrg 
I         13        860.23374        862.63483        860.23374      0.6074        drrr_15+rrri 
I         15        858.18671        860.23374        858.18671      0.6474        drrr_15+rrri 
I         16        856.25697        858.18671        856.25697      0.6742        drrr_15+rrri 
I         27        852.46166        856.25697        852.46166      0.8763        drrr_15+rroi 
I         28        846.61214        852.46166        846.61214      0.9084        drrr_15+rroi 
I         35        842.61413        846.61214        842.61413      0.9858        drrr_15+rroi 
I         40        842.38136        842.61413        842.38136      1.0218        drrr_15+rroi 
I         47        841.87807        842.38136        841.87807      1.0650         drrr_15+rrg 
I         64        840.04905        841.87807        840.04905      1.1451        drrr_15+rroi 
I         66        835.81600        840.04905        835.81600      1.1836         drrr_15+rrg 
I         71        834.19195        835.81600        834.19195      1.2644        drrr_15+rroi 
I         72        831.43447        834.19195        831.43447      1.2793        drrr_15+rroi 
I         73        830.55340        831.43447        830.55340      1.2977        drrr_15+rrri 
I         75        822.94610        830.55340        822.94610      1.3353        drrr_15+rrri 
I         81        818.44370        822.94610        818.44370      1.4006         drrr_15+rrg 
I         86        817.28894        818.44370        817.28894      1.4387        drrr_15+rroi 
I         89        815.03036        817.28894        815.03036      1.4408        drrr_15+rrri 
I        109        812.86834        815.03036        812.86834      1.5057         drrr_15+rrg 
I        134        812.66053        812.86834        812.66053      1.5952        drrr_15+rrri 
I        135        811.61121        812.66053        811.61121      1.6074         drrr_15+rrg 
I        324        807.95713        811.61121        807.95713      1.8898        drrr_15+rrri 
I        391        806.43025        807.95713        806.43025      1.9752        drrr_15+rroi 
I        416        806.31106        806.43025        806.31106      2.0169        drrr_15+rrri 
I        561        806.22947        806.31106        806.22947      2.1822        drrr_15+rrri 
I        894        805.25865        806.22947        805.25865      2.4897        drrr_15+rrri 
I        923        804.62445        805.25865        804.62445      2.5339         drrr_15+rrg 
I        935        804.12127        804.62445        804.12127      2.5376         drrr_15+rrg 
I       1103        803.98092        804.12127        803.98092      2.6763        drrr_15+rroi 
I       1635        803.70941        803.98092        803.70941      3.0482        drrr_15+rrri 
I       1672        803.07521        803.70941        803.07521      3.0773         drrr_15+rrg 
I       1807        802.89781        803.07521        802.89781      3.1899         drrr_15+rrg 
I       1836        802.50610        802.89781        802.50610      3.2130        drrr_15+rroi 
I       2158        801.81243        802.50610        801.81243      3.4579        drrr_15+rrri 
I       2163        801.54287        801.81243        801.54287      3.4618         drrr_15+rrg 
I       2168        801.12297        801.54287        801.12297      3.4638         drrr_15+rrg 
I       2268        799.50610        801.12297        799.50610      3.5609         drrr_15+rrg 
I       2522        798.84281        799.50610        798.84281      3.7863        drrr_15+rroi 
I       2527        798.81516        798.84281        798.81516      3.7886         drrr_15+rrg 
I       2536        798.63507        798.81516        798.63507      3.7954        drrr_15+rroi 
I       2882        796.95364        798.63507        796.95364      4.0132        drrr_15+rrri 
I       4381        796.68796        796.95364        796.68796      4.8129        drrr_15+rrri 
I       4497        794.29115        796.68796        794.29115      4.8917        drrr_15+rroi 
I       4512        792.12822        794.29115        792.12822      4.8976        drrr_15+rroi 
I       4520        791.47928        792.12822        791.47928      4.9005        drrr_15+rroi 
I       4553        789.41662        791.47928        789.41662      4.9121        drrr_15+rrri 
I       4563        789.30604        789.41662        789.30604      4.9177        drrr_15+rrri 
I       4590        788.06669        789.30604        788.06669      4.9273        drrr_15+rroi 
I       5146        787.63542        788.06669        787.63542      5.2839        drrr_15+rrri 
I       5158        787.37143        787.63542        787.37143      5.2910        drrr_15+rrri 
I      14121        787.14862        787.37143        787.14862      9.6749         drrr_15+rrg 
I      14218        783.30982        787.14862        783.30982      9.7132         drrr_15+rrg 
I      14351        783.21025        783.30982        783.21025      9.7668        drrr_15+rrri 
I      17824        782.79341        783.21025        782.79341     11.3486        drrr_15+rrri 
I      17914        778.92836        782.79341        778.92836     11.3931        drrr_15+rroi 
I      17925        778.71586        778.92836        778.71586     11.4018        drrr_15+rroi 
I      17960        778.41457        778.71586        778.41457     11.4144        drrr_15+rroi 
I      17965        778.41457        778.41457        778.41457     11.4170        drrr_15+rroi 
I      17968        777.91178        778.41457        777.91178     11.4179        drrr_15+rroi 
I      18009        774.58744        777.91178        774.58744     11.4372         drrr_15+rrg 
I      30000        774.58744        774.58744        777.91178     16.5749        drrr_15+rroi 

Method statistics
S  method    iter  succ  succ-rate%  tot-obj-gain  avg-obj-gain  rel-succ%  net-time  net-time%  brut-time  brut-time%
S  con          1     1   100.00000  -99157.35748  -99157.35748    0.76336   0.21970    1.32550    0.21970     1.32550
S  drrr_15  29999    65     0.21667    -140.05508      -0.00467   49.61832   0.34951    2.10869    0.34951     2.10869
S  rrg       9868    19     0.19254     -51.84009      -0.00525   14.50382   7.12412   42.98138    7.12412    42.98138
S  rroi     10026    24     0.23938     -56.10403      -0.00560   18.32061   4.09685   24.71723    4.09685    24.71723
S  rrri     10105    22     0.21771     -32.11095      -0.00318   16.79389   4.71697   28.45849    4.71697    28.45849
S  SUM/AVG  59999   131     0.21834  -99437.46763      -1.65732   20.00000  16.50715   99.59128   16.50715    99.59128

T best solution: EADARPSolution(t_routing=971.931, t_excess=182.556, obj_val=774.587, obj_val_valid=true,
    unserved_requests=Int64[], F_visited=[154, 156, 155, 153, 157, 158], S_visited=Int64[],
    (1, ([147, 40, 112, 61, 133, 35, 107, 161, 3, 75, 21, 93, 52, 124, 13, 42, 114, 85, 41, 113, 33, 58, 130, 105, 43, 115, 54, 126, 65, 17, 137, 89, 4, 76, 159, 153], [29.58920290297525, 71.09554117636515], [8, 35]))
    (2, ([148, 23, 59, 131, 95, 24, 96, 38, 10, 110, 82, 64, 136, 37, 109, 63, 135, 26, 98, 160, 12, 28, 100, 84, 67, 139, 154], [75.51941757225207], [20]))
    (3, ([149, 45, 117, 70, 142, 25, 97, 34, 106, 29, 101, 6, 14, 78, 86, 68, 2, 140, 74, 8, 80, 49, 9, 81, 121, 161, 57, 129, 159, 155], [63.55832842380744, 41.15822491779061], [26, 29]))
    (4, ([150, 1, 73, 20, 92, 32, 66, 104, 138, 27, 99, 22, 69, 94, 141, 31, 50, 122, 103, 53, 125, 159, 156], [63.972965040481036], [22]))
    (5, ([151, 19, 91, 62, 134, 30, 102, 44, 116, 71, 143, 15, 87, 159, 157], [24.31913551820541], [14]))
    (6, ([152, 48, 120, 55, 127, 56, 47, 119, 128, 7, 79, 11, 83, 39, 111, 161, 46, 118, 18, 90, 60, 51, 132, 16, 123, 88, 72, 5, 144, 77, 36, 108, 159, 158], [86.65364703265695, 30.064862656152755], [16, 33])))

T best obj: 774.587444499044
T best iteration: 18009
T total iterations: 30000
T best time [s]: 11.437
T total time [s]: 16.5749
