EADARP version 2def-dirty
ARGS: --ifile=EADARP/instances/l1/a6-72.txt --odir=EADARP/out/a6-72 --oname=run77
Settings:
--alns_gamma=0.025
--alns_segment_size=100
--alns_sigma1=10
--alns_sigma2=9
--alns_sigma3=3
--at_most_one_s=false
--gamma=-1.0
--ifile=EADARP/instances/l1/a6-72.txt
--insert_charging_otf=true
--insert_cost_noise=0.014
--lns_init_temp_factor=0.0
--lns_temp_dec_factor=0.99
--mh_checkit=false
--mh_lfreq=0
--mh_lnewinc=true
--mh_tciter=-1
--mh_tctime=-1.0
--mh_titer=300
--mh_tobj=-1.0
--mh_ttime=-1.0
--odir=EADARP/out/a6-72
--oname=run77
--only_single_s_visits=true
--repair_max_routes=0
--seed=2085548247
--use_milp_in_otf=0
--xcheck_isfeasible=false

EADARPInstance(EADARP/instances/l1/a6-72.txt, n=72, n_K=6, S=[159, 160, 161], Q=14.85, n_F=6, γ=0.7, T_plan=720.0, F=[153, 154, 155, 156, 157, 158])

T preprocessing time [s]: 2.56089
I       iter             best          obj_old          obj_new        time              method info
I          1     100012.00000     100072.00000     100012.00000      0.1939                 con 
I          6     100011.00000     100012.00000     100011.00000      0.4470         drrr_15+rrg 
I         14     100010.00000     100011.00000     100010.00000      0.7142        drrr_15+rroi 
I         16     100009.00000     100010.00000     100009.00000      0.7843         drrr_15+rrg 
I         22     100007.00000     100009.00000     100007.00000      1.0141         drrr_15+rrg 
I        251     100006.00000     100007.00000     100006.00000      2.6289        drrr_15+rrri 
I        300     100006.00000     100006.00000     100007.00000      2.9103         drrr_15+rrg 

Method statistics
S  method    iter  succ  succ-rate%  tot-obj-gain  avg-obj-gain  rel-succ%  net-time  net-time%  brut-time  brut-time%
S  con          1     1   100.00000     -60.00000     -60.00000    9.09091   0.19391    6.66286    0.19391     6.66286
S  drrr_15    299     5     1.67224      -6.00000      -0.02007   45.45455   0.00397    0.13649    0.00397     0.13649
S  rrg        107     3     2.80374      -4.00000      -0.03738   27.27273   1.10721   38.04360    1.10721    38.04360
S  rroi        97     1     1.03093      -1.00000      -0.01031    9.09091   0.73839   25.37101    0.73839    25.37101
S  rrri        95     1     1.05263      -1.00000      -0.01053    9.09091   0.86542   29.73571    0.86542    29.73571
S  SUM/AVG    599    11     1.83639     -72.00000      -0.12020   20.00000   2.90891   99.94966    2.90891    99.94966

T best solution: EADARPSolution(t_routing=-1.0, t_excess=-1.0, obj_val=100006.0, obj_val_valid=true,
    unserved_requests=[19, 72, 17, 31, 71, 5], F_visited=[155, 154, 158, 157, 156, 153], S_visited=[161, 159, 160],
    (1, ([147, 23, 59, 131, 95, 24, 96, 1, 73, 20, 92, 32, 66, 104, 138, 7, 79, 11, 83, 63, 30, 135, 102, 33, 58, 130, 105, 22, 69, 94, 141, 159, 153], [159.38806906163134], [32]))
    (2, ([148, 35, 107, 70, 142, 3, 75, 27, 99, 52, 124, 13, 42, 114, 85, 26, 98, 68, 2, 140, 74, 50, 60, 132, 122, 16, 65, 88, 137, 161, 154], [115.75202929707692], [30]))
    (3, ([149, 45, 117, 21, 93, 51, 123, 8, 80, 49, 9, 81, 121, 53, 125, 155], Float64[], Int64[]))
    (4, ([150, 25, 97, 37, 109, 54, 126, 12, 28, 100, 84, 67, 139, 156], Float64[], Int64[]))
    (5, ([151, 48, 120, 62, 134, 39, 111, 64, 136, 4, 57, 76, 129, 15, 87, 157], Float64[], Int64[]))
    (6, ([152, 40, 55, 112, 61, 127, 133, 56, 47, 128, 38, 119, 10, 110, 82, 34, 106, 29, 101, 14, 6, 41, 86, 78, 113, 46, 44, 116, 118, 18, 43, 90, 115, 160, 36, 108, 158], [155.8284702588064], [34])))

T best obj: 100006.0
T best iteration: 251
T total iterations: 300
T best time [s]: 2.629
T total time [s]: 2.9104
