EADARP version 2def-dirty
ARGS: --ifile=EADARP/instances/l1/a6-72.txt --odir=EADARP/out/a6-72 --oname=run83
Settings:
--alns_gamma=0.025
--alns_segment_size=100
--alns_sigma1=10
--alns_sigma2=9
--alns_sigma3=3
--at_most_one_s=false
--gamma=-1.0
--ifile=EADARP/instances/l1/a6-72.txt
--insert_charging_otf=true
--insert_cost_noise=0.014
--lns_init_temp_factor=0.0
--lns_temp_dec_factor=0.99
--mh_checkit=false
--mh_lfreq=0
--mh_lnewinc=true
--mh_tciter=-1
--mh_tctime=-1.0
--mh_titer=300
--mh_tobj=-1.0
--mh_ttime=-1.0
--odir=EADARP/out/a6-72
--oname=run83
--only_single_s_visits=true
--repair_max_routes=0
--seed=498101806
--use_milp_in_otf=0
--xcheck_isfeasible=false

EADARPInstance(EADARP/instances/l1/a6-72.txt, n=72, n_K=6, S=[159, 160, 161], Q=14.85, n_F=6, γ=0.7, T_plan=720.0, F=[153, 154, 155, 156, 157, 158])

T preprocessing time [s]: 2.5312
I       iter             best          obj_old          obj_new        time              method info
I          1     100015.00000     100072.00000     100015.00000      0.1889                 con 
I          7     100013.00000     100015.00000     100013.00000      0.4903        drrr_15+rrri 
I          8     100012.00000     100013.00000     100012.00000      0.5400         drrr_15+rrg 
I          9     100010.00000     100012.00000     100010.00000      0.5991         drrr_15+rrg 
I         16     100009.00000     100010.00000     100009.00000      0.8411        drrr_15+rroi 
I         30     100008.00000     100009.00000     100008.00000      1.1192        drrr_15+rrri 
I         31     100007.00000     100008.00000     100007.00000      1.1609        drrr_15+rrri 
I         72     100006.00000     100007.00000     100006.00000      1.5524        drrr_15+rroi 
I         80     100005.00000     100006.00000     100005.00000      1.6038        drrr_15+rrri 
I         81     100004.00000     100005.00000     100004.00000      1.6053        drrr_15+rrri 
I        118     100003.00000     100004.00000     100003.00000      1.8823        drrr_15+rroi 
I        300     100003.00000     100003.00000     100009.00000      2.6500        drrr_15+rrri 

Method statistics
S  method    iter  succ  succ-rate%  tot-obj-gain  avg-obj-gain  rel-succ%  net-time  net-time%  brut-time  brut-time%
S  con          1     1   100.00000     -57.00000     -57.00000    4.76190   0.18883    7.12564    0.18883     7.12564
S  drrr_15    299    10     3.34448     -12.00000      -0.04013   47.61905   0.00389    0.14671    0.00389     0.14671
S  rrg         92     2     2.17391      -3.00000      -0.03261    9.52381   0.92623   34.95222    0.92623    34.95222
S  rroi        95     3     3.15789      -3.00000      -0.03158   14.28571   0.58008   21.88979    0.58008    21.88979
S  rrri       112     5     4.46429      -6.00000      -0.05357   23.80952   0.94947   35.82939    0.94947    35.82939
S  SUM/AVG    599    21     3.50584     -81.00000      -0.13523   20.00000   2.64849   99.94374    2.64849    99.94374

T best solution: EADARPSolution(t_routing=-1.0, t_excess=-1.0, obj_val=100003.0, obj_val_valid=true,
    unserved_requests=[27, 72, 71], F_visited=[153, 157, 155, 156, 158, 154], S_visited=[160, 161, 159],
    (1, ([147, 23, 59, 131, 95, 24, 96, 1, 73, 20, 92, 45, 117, 70, 142, 7, 79, 21, 93, 11, 83, 63, 30, 135, 102, 159, 8, 80, 49, 9, 81, 121, 5, 77, 36, 108, 153], [189.95794258069876], [26]))
    (2, ([148, 40, 112, 22, 69, 94, 141, 31, 50, 122, 103, 53, 125, 154], Float64[], Int64[]))
    (3, ([149, 46, 44, 116, 118, 54, 126, 65, 17, 137, 89, 4, 76, 67, 139, 155], Float64[], Int64[]))
    (4, ([150, 19, 91, 56, 128, 38, 10, 110, 82, 3, 75, 25, 97, 37, 64, 136, 109, 42, 6, 14, 114, 78, 86, 26, 98, 160, 12, 28, 100, 84, 15, 87, 156], [161.85172646780754], [26]))
    (5, ([151, 47, 119, 68, 2, 140, 74, 60, 51, 16, 132, 123, 88, 57, 129, 157], Float64[], Int64[]))
    (6, ([152, 48, 55, 120, 61, 127, 133, 35, 107, 62, 134, 32, 66, 104, 138, 34, 39, 111, 106, 29, 101, 52, 124, 13, 85, 41, 113, 33, 58, 130, 105, 18, 43, 90, 115, 161, 158], [186.0762695664932], [36])))

T best obj: 100003.0
T best iteration: 118
T total iterations: 300
T best time [s]: 1.882
T total time [s]: 2.6500
