EADARP version 2def-dirty
ARGS: --ifile=EADARP/instances/l1/a6-72.txt --odir=EADARP/out/a6-72 --oname=run89
Settings:
--alns_gamma=0.025
--alns_segment_size=100
--alns_sigma1=10
--alns_sigma2=9
--alns_sigma3=3
--at_most_one_s=false
--gamma=-1.0
--ifile=EADARP/instances/l1/a6-72.txt
--insert_charging_otf=true
--insert_cost_noise=0.014
--lns_init_temp_factor=0.0
--lns_temp_dec_factor=0.99
--mh_checkit=false
--mh_lfreq=0
--mh_lnewinc=true
--mh_tciter=-1
--mh_tctime=-1.0
--mh_titer=300
--mh_tobj=-1.0
--mh_ttime=-1.0
--odir=EADARP/out/a6-72
--oname=run89
--only_single_s_visits=true
--repair_max_routes=0
--seed=709642719
--use_milp_in_otf=0
--xcheck_isfeasible=false

EADARPInstance(EADARP/instances/l1/a6-72.txt, n=72, n_K=6, S=[159, 160, 161], Q=14.85, n_F=6, γ=0.7, T_plan=720.0, F=[153, 154, 155, 156, 157, 158])

T preprocessing time [s]: 2.52535
I       iter             best          obj_old          obj_new        time              method info
I          1     100015.00000     100072.00000     100015.00000      0.2327                 con 
I          4     100013.00000     100015.00000     100013.00000      0.4121         drrr_15+rrg 
I          6     100012.00000     100013.00000     100012.00000      0.4634        drrr_15+rrri 
I         14     100011.00000     100012.00000     100011.00000      0.7905        drrr_15+rrri 
I         25     100010.00000     100011.00000     100010.00000      1.1440        drrr_15+rroi 
I         61     100009.00000     100010.00000     100009.00000      1.7440        drrr_15+rrri 
I         66     100008.00000     100009.00000     100008.00000      1.8119        drrr_15+rroi 
I        126     100007.00000     100008.00000     100007.00000      2.3655         drrr_15+rrg 
I        144     100006.00000     100007.00000     100006.00000      2.6040        drrr_15+rroi 
I        184     100005.00000     100006.00000     100005.00000      2.9541         drrr_15+rrg 
I        300     100005.00000     100005.00000     100005.00000      3.3491         drrr_15+rrg 

Method statistics
S  method    iter  succ  succ-rate%  tot-obj-gain  avg-obj-gain  rel-succ%  net-time  net-time%  brut-time  brut-time%
S  con          1     1   100.00000     -57.00000     -57.00000    5.26316   0.23271    6.94856    0.23271     6.94856
S  drrr_15    299     9     3.01003     -10.00000      -0.03344   47.36842   0.00507    0.15133    0.00507     0.15133
S  rrg         94     3     3.19149      -4.00000      -0.04255   15.78947   1.13711   33.95280    1.13711    33.95280
S  rroi        98     3     3.06122      -3.00000      -0.03061   15.78947   0.80508   24.03874    0.80508    24.03874
S  rrri       107     3     2.80374      -3.00000      -0.02804   15.78947   1.16755   34.86192    1.16755    34.86192
S  SUM/AVG    599    19     3.17195     -77.00000      -0.12855   20.00000   3.34752   99.95334    3.34752    99.95334

T best solution: EADARPSolution(t_routing=-1.0, t_excess=-1.0, obj_val=100005.0, obj_val_valid=true,
    unserved_requests=[9, 22, 36, 71, 27], F_visited=[154, 158, 156, 153, 157, 155], S_visited=[159, 161, 160],
    (1, ([147, 40, 55, 112, 61, 127, 133, 56, 47, 119, 128, 10, 82, 64, 136, 37, 109, 42, 114, 6, 14, 41, 78, 86, 113, 44, 116, 2, 74, 159, 57, 129, 15, 87, 153], [149.72602084984814], [30]))
    (2, ([148, 48, 120, 23, 95, 24, 96, 38, 110, 32, 66, 3, 104, 138, 75, 25, 97, 34, 106, 29, 101, 160, 51, 60, 50, 123, 122, 132, 16, 88, 72, 5, 144, 77, 154], [187.59201786961938], [22]))
    (3, ([149, 35, 107, 62, 134, 39, 111, 46, 118, 54, 126, 12, 28, 100, 84, 67, 139, 155], Float64[], Int64[]))
    (4, ([150, 19, 91, 1, 73, 20, 92, 45, 117, 7, 79, 21, 93, 11, 83, 63, 30, 135, 102, 13, 85, 58, 130, 68, 33, 105, 140, 43, 115, 69, 141, 161, 156], [192.5860735917027], [32]))
    (5, ([151, 70, 142, 26, 98, 8, 80, 49, 65, 17, 121, 137, 89, 4, 76, 157], Float64[], Int64[]))
    (6, ([152, 59, 131, 52, 124, 18, 90, 31, 103, 53, 125, 158], Float64[], Int64[])))

T best obj: 100005.0
T best iteration: 184
T total iterations: 300
T best time [s]: 2.954
T total time [s]: 3.3491
