EADARP version 2def-dirty
ARGS: --ifile=EADARP/instances/l1/a6-72.txt --odir=EADARP/out/a6-72 --oname=run88
Settings:
--alns_gamma=0.025
--alns_segment_size=100
--alns_sigma1=10
--alns_sigma2=9
--alns_sigma3=3
--at_most_one_s=false
--gamma=-1.0
--ifile=EADARP/instances/l1/a6-72.txt
--insert_charging_otf=true
--insert_cost_noise=0.014
--lns_init_temp_factor=0.0
--lns_temp_dec_factor=0.99
--mh_checkit=false
--mh_lfreq=0
--mh_lnewinc=true
--mh_tciter=-1
--mh_tctime=-1.0
--mh_titer=300
--mh_tobj=-1.0
--mh_ttime=-1.0
--odir=EADARP/out/a6-72
--oname=run88
--only_single_s_visits=true
--repair_max_routes=0
--seed=1276890755
--use_milp_in_otf=0
--xcheck_isfeasible=false

EADARPInstance(EADARP/instances/l1/a6-72.txt, n=72, n_K=6, S=[159, 160, 161], Q=14.85, n_F=6, γ=0.7, T_plan=720.0, F=[153, 154, 155, 156, 157, 158])

T preprocessing time [s]: 2.5107
I       iter             best          obj_old          obj_new        time              method info
I          1     100017.00000     100072.00000     100017.00000      0.1603                 con 
I          4     100014.00000     100017.00000     100014.00000      0.3433        drrr_15+rroi 
I          6     100013.00000     100014.00000     100013.00000      0.4578        drrr_15+rroi 
I         17     100011.00000     100013.00000     100011.00000      0.8225         drrr_15+rrg 
I         18     100010.00000     100011.00000     100010.00000      0.8600        drrr_15+rroi 
I         74     100009.00000     100010.00000     100009.00000      1.8059        drrr_15+rrri 
I         92     100008.00000     100009.00000     100008.00000      2.1234        drrr_15+rrri 
I        119     100007.00000     100008.00000     100007.00000      2.3204        drrr_15+rrri 
I        129     100006.00000     100007.00000     100006.00000      2.3916        drrr_15+rrri 
I        238     100005.00000     100006.00000     100005.00000      3.4083        drrr_15+rrri 
I        279     100004.00000     100005.00000     100004.00000      3.5901        drrr_15+rrri 
I        300     100004.00000     100004.00000     100004.00000      3.7835         drrr_15+rrg 

Method statistics
S  method    iter  succ  succ-rate%  tot-obj-gain  avg-obj-gain  rel-succ%  net-time  net-time%  brut-time  brut-time%
S  con          1     1   100.00000     -55.00000     -55.00000    4.76190   0.16028    4.23611    0.16028     4.23611
S  drrr_15    299    10     3.34448     -13.00000      -0.04348   47.61905   0.00491    0.12977    0.00491     0.12977
S  rrg         87     1     1.14943      -2.00000      -0.02299    4.76190   1.15241   30.45831    1.15241    30.45831
S  rroi        97     3     3.09278      -5.00000      -0.05155   14.28571   1.16727   30.85094    1.16727    30.85094
S  rrri       115     6     5.21739      -6.00000      -0.05217   28.57143   1.29713   34.28314    1.29713    34.28314
S  SUM/AVG    599    21     3.50584     -81.00000      -0.13523   20.00000   3.78199   99.95827    3.78199    99.95827

T best solution: EADARPSolution(t_routing=-1.0, t_excess=-1.0, obj_val=100004.0, obj_val_valid=true,
    unserved_requests=[27, 2, 71, 31], F_visited=[157, 156, 154, 153, 158, 155], S_visited=[160, 161, 159],
    (1, ([147, 19, 91, 62, 134, 32, 66, 104, 138, 7, 79, 11, 39, 83, 30, 111, 102, 52, 124, 6, 14, 41, 78, 86, 113, 33, 105, 22, 69, 94, 141, 159, 153], [173.72917897783134], [32]))
    (2, ([148, 21, 93, 51, 16, 123, 88, 72, 5, 144, 77, 36, 108, 154], Float64[], Int64[]))
    (3, ([149, 23, 59, 131, 95, 24, 96, 1, 73, 20, 92, 45, 117, 70, 142, 3, 75, 25, 97, 34, 106, 29, 101, 160, 50, 8, 60, 80, 122, 132, 65, 17, 137, 89, 53, 125, 155], [147.0240216927282], [24]))
    (4, ([150, 48, 120, 55, 127, 56, 128, 38, 10, 110, 82, 64, 136, 37, 109, 63, 135, 42, 13, 114, 85, 58, 130, 46, 118, 68, 140, 161, 4, 57, 76, 129, 15, 87, 156], [158.92356492609383], [28]))
    (5, ([151, 40, 112, 61, 133, 26, 98, 43, 115, 54, 126, 49, 9, 81, 121, 157], Float64[], Int64[]))
    (6, ([152, 35, 107, 47, 119, 44, 116, 18, 90, 12, 28, 100, 84, 67, 139, 158], Float64[], Int64[])))

T best obj: 100004.0
T best iteration: 279
T total iterations: 300
T best time [s]: 3.590
T total time [s]: 3.7836
