EADARP version 2def-dirty
ARGS: --ifile=EADARP/instances/l1/a6-72.txt --odir=EADARP/out/a6-72 --oname=run99
Settings:
--alns_gamma=0.025
--alns_segment_size=100
--alns_sigma1=10
--alns_sigma2=9
--alns_sigma3=3
--at_most_one_s=false
--gamma=-1.0
--ifile=EADARP/instances/l1/a6-72.txt
--insert_charging_otf=true
--insert_cost_noise=0.014
--lns_init_temp_factor=0.0
--lns_temp_dec_factor=0.99
--mh_checkit=false
--mh_lfreq=0
--mh_lnewinc=true
--mh_tciter=-1
--mh_tctime=-1.0
--mh_titer=300
--mh_tobj=-1.0
--mh_ttime=-1.0
--odir=EADARP/out/a6-72
--oname=run99
--only_single_s_visits=true
--repair_max_routes=0
--seed=737684589
--use_milp_in_otf=0
--xcheck_isfeasible=false

EADARPInstance(EADARP/instances/l1/a6-72.txt, n=72, n_K=6, S=[159, 160, 161], Q=14.85, n_F=6, γ=0.7, T_plan=720.0, F=[153, 154, 155, 156, 157, 158])

T preprocessing time [s]: 2.54487
I       iter             best          obj_old          obj_new        time              method info
I          1     100015.00000     100072.00000     100015.00000      0.1854                 con 
I          3     100014.00000     100015.00000     100014.00000      0.3017        drrr_15+rroi 
I         10     100011.00000     100014.00000     100011.00000      0.6399        drrr_15+rroi 
I         19     100010.00000     100011.00000     100010.00000      0.9883        drrr_15+rroi 
I        113     100009.00000     100010.00000     100009.00000      2.3009         drrr_15+rrg 
I        114     100008.00000     100009.00000     100008.00000      2.3182        drrr_15+rrri 
I        161     100007.00000     100008.00000     100007.00000      2.9460        drrr_15+rroi 
I        205     100006.00000     100007.00000     100006.00000      3.2016        drrr_15+rrri 
I        289     100005.00000     100006.00000     100005.00000      3.5979        drrr_15+rroi 
I        300     100005.00000     100005.00000     100006.00000      3.6158        drrr_15+rrri 

Method statistics
S  method    iter  succ  succ-rate%  tot-obj-gain  avg-obj-gain  rel-succ%  net-time  net-time%  brut-time  brut-time%
S  con          1     1   100.00000     -57.00000     -57.00000    5.88235   0.18533    5.12559    0.18533     5.12559
S  drrr_15    299     8     2.67559     -10.00000      -0.03344   47.05882   0.00399    0.11039    0.00399     0.11039
S  rrg        100     1     1.00000      -1.00000      -0.01000    5.88235   1.23277   34.09382    1.23277    34.09382
S  rroi       117     5     4.27350      -7.00000      -0.05983   29.41176   0.87694   24.25285    0.87694    24.25285
S  rrri        82     2     2.43902      -2.00000      -0.02439   11.76471   1.31522   36.37409    1.31522    36.37409
S  SUM/AVG    599    17     2.83806     -77.00000      -0.12855   20.00000   3.61425   99.95674    3.61425    99.95674

T best solution: EADARPSolution(t_routing=-1.0, t_excess=-1.0, obj_val=100005.0, obj_val_valid=true,
    unserved_requests=[31, 49, 5, 71, 36], F_visited=[157, 154, 153, 156, 158, 155], S_visited=[159, 160, 161],
    (1, ([147, 40, 112, 61, 133, 56, 1, 73, 128, 20, 92, 7, 79, 11, 25, 83, 97, 64, 136, 41, 113, 58, 130, 161, 9, 81, 12, 28, 100, 84, 57, 129, 67, 15, 87, 139, 153], [149.57298766688325], [24]))
    (2, ([148, 19, 91, 62, 134, 32, 66, 3, 104, 138, 75, 27, 99, 63, 30, 135, 102, 42, 114, 6, 14, 78, 86, 33, 68, 105, 140, 2, 74, 160, 154], [185.02632794616474], [30]))
    (3, ([149, 35, 107, 37, 109, 43, 115, 51, 16, 123, 88, 53, 125, 155], Float64[], Int64[]))
    (4, ([150, 23, 59, 131, 95, 24, 96, 47, 38, 119, 10, 110, 82, 39, 34, 106, 111, 29, 101, 52, 124, 13, 85, 26, 98, 46, 44, 116, 118, 18, 90, 60, 8, 50, 80, 132, 122, 159, 156], [151.54001418566327], [38]))
    (5, ([151, 48, 120, 55, 127, 45, 117, 54, 126, 65, 17, 137, 89, 4, 76, 157], Float64[], Int64[]))
    (6, ([152, 70, 142, 21, 93, 22, 69, 94, 141, 72, 144, 158], Float64[], Int64[])))

T best obj: 100005.0
T best iteration: 289
T total iterations: 300
T best time [s]: 3.598
T total time [s]: 3.6158
