EADARP version 2def-dirty
ARGS: --ifile=EADARP/instances/b1/a3-24.txt --odir=EADARP/out/a3-24 --oname=run13
Settings:
--alns_gamma=0.025
--alns_segment_size=100
--alns_sigma1=10
--alns_sigma2=9
--alns_sigma3=3
--at_most_one_s=false
--gamma=-1.0
--ifile=EADARP/instances/b1/a3-24.txt
--insert_charging_otf=true
--insert_cost_noise=0.014
--lns_init_temp_factor=0.0
--lns_temp_dec_factor=0.99
--mh_checkit=false
--mh_lfreq=0
--mh_lnewinc=true
--mh_tciter=-1
--mh_tctime=-1.0
--mh_titer=300
--mh_tobj=-1.0
--mh_ttime=-1.0
--odir=EADARP/out/a3-24
--oname=run13
--only_single_s_visits=true
--repair_max_routes=0
--seed=707928422
--use_milp_in_otf=0
--xcheck_isfeasible=false

EADARPInstance(EADARP/instances/b1/a3-24.txt, n=24, n_K=3, S=[57, 58, 59], Q=14.85, n_F=3, γ=0.7, T_plan=480.0, F=[54, 55, 56])

T preprocessing time [s]: 0.28126
I       iter             best          obj_old          obj_new        time              method info
I          1        312.20497     100024.00000        312.20497      0.0331                 con 
I          3        306.25765        312.20497        306.25765      0.0587         drrr_15+rrg 
I          6        299.24346        306.25765        299.24346      0.0837         drrr_15+rrg 
I         11        292.27731        299.24346        292.27731      0.1200        drrr_15+rrri 
I         14        291.62020        292.27731        291.62020      0.1292        drrr_15+rroi 
I         19        282.75655        291.62020        282.75655      0.1423        drrr_15+rrri 
I         36        277.71897        282.75655        277.71897      0.1756        drrr_15+rrri 
I        300        277.71897        277.71897        305.55421      0.3411        drrr_15+rroi 

Method statistics
S  method    iter  succ  succ-rate%  tot-obj-gain  avg-obj-gain  rel-succ%  net-time  net-time%  brut-time  brut-time%
S  con          1     1   100.00000  -99711.79503  -99711.79503    7.69231   0.03308    9.69755    0.03308     9.69755
S  drrr_15    299     6     2.00669     -34.48600      -0.11534   46.15385   0.00147    0.42970    0.00147     0.42970
S  rrg         97     2     2.06186     -12.96152      -0.13362   15.38462   0.11225   32.90638    0.11225    32.90638
S  rroi       102     1     0.98039      -0.65710      -0.00644    7.69231   0.07669   22.48306    0.07669    22.48306
S  rrri       100     3     3.00000     -20.86738      -0.20867   23.07692   0.11687   34.26028    0.11687    34.26028
S  SUM/AVG    599    13     2.17028  -99780.76702    -166.57891   20.00000   0.34036   99.77697    0.34036    99.77697

T best solution: EADARPSolution(t_routing=359.668, t_excess=31.872, obj_val=277.719, obj_val_valid=true,
    unserved_requests=Int64[], F_visited=[56, 55, 54], S_visited=[57, 58],
    (1, ([51, 16, 40, 20, 44, 2, 26, 19, 43, 21, 45, 7, 31, 5, 29, 12, 36, 58, 6, 30, 54], [76.03974314301993], [18]))
    (2, ([52, 22, 46, 24, 48, 11, 35, 13, 37, 8, 32, 23, 47, 4, 28, 3, 15, 39, 27, 57, 55], [41.033193277888394], [20]))
    (3, ([53, 14, 38, 18, 10, 42, 34, 1, 25, 17, 41, 9, 33, 56], Float64[], Int64[])))

T best obj: 277.71897412636173
T best iteration: 36
T total iterations: 300
T best time [s]: 0.176
T total time [s]: 0.3411
