EADARP version 2def-dirty
ARGS: --ifile=EADARP/instances/b1/a3-24.txt --odir=EADARP/out/a3-24 --oname=run18
Settings:
--alns_gamma=0.025
--alns_segment_size=100
--alns_sigma1=10
--alns_sigma2=9
--alns_sigma3=3
--at_most_one_s=false
--gamma=-1.0
--ifile=EADARP/instances/b1/a3-24.txt
--insert_charging_otf=true
--insert_cost_noise=0.014
--lns_init_temp_factor=0.0
--lns_temp_dec_factor=0.99
--mh_checkit=false
--mh_lfreq=0
--mh_lnewinc=true
--mh_tciter=-1
--mh_tctime=-1.0
--mh_titer=300
--mh_tobj=-1.0
--mh_ttime=-1.0
--odir=EADARP/out/a3-24
--oname=run18
--only_single_s_visits=true
--repair_max_routes=0
--seed=1354738099
--use_milp_in_otf=0
--xcheck_isfeasible=false

EADARPInstance(EADARP/instances/b1/a3-24.txt, n=24, n_K=3, S=[57, 58, 59], Q=14.85, n_F=3, γ=0.7, T_plan=480.0, F=[54, 55, 56])

T preprocessing time [s]: 0.29619
I       iter             best          obj_old          obj_new        time              method info
I          1        312.20497     100024.00000        312.20497      0.0329                 con 
I          2        309.44432        312.20497        309.44432      0.0411         drrr_15+rrg 
I          3        309.01263        309.44432        309.01263      0.0482        drrr_15+rrri 
I          4        296.28181        309.01263        296.28181      0.0568        drrr_15+rroi 
I          7        289.96342        296.28181        289.96342      0.0806        drrr_15+rrri 
I          9        288.42213        289.96342        288.42213      0.0909        drrr_15+rroi 
I         12        279.14561        288.42213        279.14561      0.1167        drrr_15+rroi 
I        143        278.05457        279.14561        278.05457      0.2699         drrr_15+rrg 
I        168        277.71897        278.05457        277.71897      0.2765        drrr_15+rrri 
I        300        277.71897        277.71897        310.50097      0.3395        drrr_15+rrri 

Method statistics
S  method    iter  succ  succ-rate%  tot-obj-gain  avg-obj-gain  rel-succ%  net-time  net-time%  brut-time  brut-time%
S  con          1     1   100.00000  -99711.79503  -99711.79503    5.88235   0.03284    9.67456    0.03284     9.67456
S  drrr_15    299     8     2.67559     -34.48600      -0.11534   47.05882   0.00153    0.45017    0.00153     0.45017
S  rrg        106     2     1.88679      -3.85170      -0.03634   11.76471   0.10995   32.38784    0.10995    32.38784
S  rroi        94     3     3.19149     -23.54863      -0.25052   17.64706   0.05081   14.96777    0.05081    14.96777
S  rrri        99     3     3.03030      -7.08567      -0.07157   17.64706   0.14356   42.28608    0.14356    42.28608
S  SUM/AVG    599    17     2.83806  -99780.76702    -166.57891   20.00000   0.33870   99.76642    0.33870    99.76642

T best solution: EADARPSolution(t_routing=359.668, t_excess=31.872, obj_val=277.719, obj_val_valid=true,
    unserved_requests=Int64[], F_visited=[54, 55, 56], S_visited=[57, 58],
    (1, ([51, 22, 46, 24, 48, 11, 35, 13, 37, 8, 32, 23, 47, 4, 28, 3, 15, 39, 27, 57, 54], [41.033193277888394], [20]))
    (2, ([52, 16, 40, 20, 44, 2, 26, 19, 43, 21, 45, 7, 31, 5, 29, 12, 36, 58, 6, 30, 55], [76.03974314301993], [18]))
    (3, ([53, 14, 38, 18, 10, 42, 34, 1, 25, 17, 41, 9, 33, 56], Float64[], Int64[])))

T best obj: 277.71897412636173
T best iteration: 168
T total iterations: 300
T best time [s]: 0.276
T total time [s]: 0.3395
