EADARP version 2def-dirty
ARGS: --ifile=EADARP/instances/b1/a3-24.txt --odir=EADARP/out/a3-24 --oname=run26
Settings:
--alns_gamma=0.025
--alns_segment_size=100
--alns_sigma1=10
--alns_sigma2=9
--alns_sigma3=3
--at_most_one_s=false
--gamma=-1.0
--ifile=EADARP/instances/b1/a3-24.txt
--insert_charging_otf=true
--insert_cost_noise=0.014
--lns_init_temp_factor=0.0
--lns_temp_dec_factor=0.99
--mh_checkit=false
--mh_lfreq=0
--mh_lnewinc=true
--mh_tciter=-1
--mh_tctime=-1.0
--mh_titer=300
--mh_tobj=-1.0
--mh_ttime=-1.0
--odir=EADARP/out/a3-24
--oname=run26
--only_single_s_visits=true
--repair_max_routes=0
--seed=1277227238
--use_milp_in_otf=0
--xcheck_isfeasible=false

EADARPInstance(EADARP/instances/b1/a3-24.txt, n=24, n_K=3, S=[57, 58, 59], Q=14.85, n_F=3, γ=0.7, T_plan=480.0, F=[54, 55, 56])

T preprocessing time [s]: 0.31368
I       iter             best          obj_old          obj_new        time              method info
I          1        321.98353     100024.00000        321.98353      0.0297                 con 
I          3        309.82625        321.98353        309.82625      0.0533        drrr_15+rrri 
I          4        301.74060        309.82625        301.74060      0.0649        drrr_15+rrri 
I          6        291.09302        301.74060        291.09302      0.0875        drrr_15+rroi 
I         24        290.70957        291.09302        290.70957      0.1554         drrr_15+rrg 
I         48        287.13260        290.70957        287.13260      0.2039         drrr_15+rrg 
I         54        279.44077        287.13260        279.44077      0.2098        drrr_15+rroi 
I         69        276.59397        279.44077        276.59397      0.2298         drrr_15+rrg 
I        300        276.59397        276.59397        287.40601      0.3414        drrr_15+rroi 

Method statistics
S  method    iter  succ  succ-rate%  tot-obj-gain  avg-obj-gain  rel-succ%  net-time  net-time%  brut-time  brut-time%
S  con          1     1   100.00000  -99702.01647  -99702.01647    6.66667   0.02970    8.69750    0.02970     8.69750
S  drrr_15    299     7     2.34114     -45.38955      -0.15180   46.66667   0.00149    0.43744    0.00149     0.43744
S  rrg         96     3     3.12500      -6.80721      -0.07091   20.00000   0.10718   31.38778    0.10718    31.38778
S  rroi       107     2     1.86916     -18.33942      -0.17140   13.33333   0.06152   18.01538    0.06152    18.01538
S  rrri        96     2     2.08333     -20.24292      -0.21086   13.33333   0.14079   41.23239    0.14079    41.23239
S  SUM/AVG    599    15     2.50417  -99792.79558    -166.59899   20.00000   0.34068   99.77049    0.34068    99.77049

T best solution: EADARPSolution(t_routing=365.971, t_excess=8.463, obj_val=276.594, obj_val_valid=true,
    unserved_requests=Int64[], F_visited=[54, 55, 56], S_visited=[59, 57, 58],
    (1, ([51, 14, 38, 18, 42, 11, 35, 13, 37, 8, 32, 5, 29, 12, 36, 54], Float64[], Int64[]))
    (2, ([52, 16, 40, 20, 44, 2, 26, 19, 43, 21, 45, 59, 7, 31, 23, 47, 4, 28, 3, 15, 39, 27, 57, 55], [75.55890440969061, 36.13237822419276], [12, 23]))
    (3, ([53, 22, 46, 24, 48, 10, 34, 1, 25, 17, 41, 9, 33, 58, 6, 30, 56], [17.67046949527537], [14])))

T best obj: 276.59397289469103
T best iteration: 69
T total iterations: 300
T best time [s]: 0.230
T total time [s]: 0.3415
