EADARP version 2def-dirty
ARGS: --ifile=EADARP/instances/b1/a3-24.txt --odir=EADARP/out/a3-24 --oname=run41
Settings:
--alns_gamma=0.025
--alns_segment_size=100
--alns_sigma1=10
--alns_sigma2=9
--alns_sigma3=3
--at_most_one_s=false
--gamma=-1.0
--ifile=EADARP/instances/b1/a3-24.txt
--insert_charging_otf=true
--insert_cost_noise=0.014
--lns_init_temp_factor=0.0
--lns_temp_dec_factor=0.99
--mh_checkit=false
--mh_lfreq=0
--mh_lnewinc=true
--mh_tciter=-1
--mh_tctime=-1.0
--mh_titer=300
--mh_tobj=-1.0
--mh_ttime=-1.0
--odir=EADARP/out/a3-24
--oname=run41
--only_single_s_visits=true
--repair_max_routes=0
--seed=722697940
--use_milp_in_otf=0
--xcheck_isfeasible=false

EADARPInstance(EADARP/instances/b1/a3-24.txt, n=24, n_K=3, S=[57, 58, 59], Q=14.85, n_F=3, γ=0.7, T_plan=480.0, F=[54, 55, 56])

T preprocessing time [s]: 0.30159
I       iter             best          obj_old          obj_new        time              method info
I          1        321.98353     100024.00000        321.98353      0.0303                 con 
I          3        296.74288        321.98353        296.74288      0.0505        drrr_15+rrri 
I         13        284.82705        296.74288        284.82705      0.1266        drrr_15+rroi 
I         47        283.95438        284.82705        283.95438      0.2098        drrr_15+rroi 
I         52        280.48179        283.95438        280.48179      0.2108        drrr_15+rrri 
I         77        279.03503        280.48179        279.03503      0.2340        drrr_15+rrri 
I        107        278.05457        279.03503        278.05457      0.2502        drrr_15+rrri 
I        300        278.05457        278.05457        297.66065      0.3251        drrr_15+rrri 

Method statistics
S  method    iter  succ  succ-rate%  tot-obj-gain  avg-obj-gain  rel-succ%  net-time  net-time%  brut-time  brut-time%
S  con          1     1   100.00000  -99702.01647  -99702.01647    7.69231   0.03032    9.32409    0.03032     9.32409
S  drrr_15    299     6     2.00669     -43.92896      -0.14692   46.15385   0.00142    0.43679    0.00142     0.43679
S  rrg        111     0     0.00000       0.00000       0.00000    0.00000   0.10594   32.58198    0.10594    32.58198
S  rroi        92     2     2.17391     -12.78850      -0.13901   15.38462   0.05883   18.09120    0.05883    18.09120
S  rrri        96     4     4.16667     -31.14046      -0.32438   30.76923   0.12789   39.33225    0.12789    39.33225
S  SUM/AVG    599    13     2.17028  -99789.87440    -166.59411   20.00000   0.32440   99.76632    0.32440    99.76632

T best solution: EADARPSolution(t_routing=367.919, t_excess=8.463, obj_val=278.055, obj_val_valid=true,
    unserved_requests=Int64[], F_visited=[56, 55, 54], S_visited=[59, 58, 57],
    (1, ([51, 16, 40, 20, 44, 2, 26, 19, 43, 21, 45, 59, 7, 31, 5, 29, 12, 36, 54], [68.0370905736211], [12]))
    (2, ([52, 22, 46, 24, 48, 10, 34, 1, 25, 17, 41, 9, 33, 58, 6, 30, 55], [17.67046949527537], [14]))
    (3, ([53, 14, 38, 18, 42, 11, 35, 13, 37, 8, 32, 23, 47, 4, 28, 3, 15, 39, 27, 57, 56], [39.21095530489735], [20])))

T best obj: 278.05456634366465
T best iteration: 107
T total iterations: 300
T best time [s]: 0.250
T total time [s]: 0.3252
