EADARP version 2def-dirty
ARGS: --ifile=EADARP/instances/b1/a3-24.txt --odir=EADARP/out/a3-24 --oname=run54
Settings:
--alns_gamma=0.025
--alns_segment_size=100
--alns_sigma1=10
--alns_sigma2=9
--alns_sigma3=3
--at_most_one_s=false
--gamma=-1.0
--ifile=EADARP/instances/b1/a3-24.txt
--insert_charging_otf=true
--insert_cost_noise=0.014
--lns_init_temp_factor=0.0
--lns_temp_dec_factor=0.99
--mh_checkit=false
--mh_lfreq=0
--mh_lnewinc=true
--mh_tciter=-1
--mh_tctime=-1.0
--mh_titer=300
--mh_tobj=-1.0
--mh_ttime=-1.0
--odir=EADARP/out/a3-24
--oname=run54
--only_single_s_visits=true
--repair_max_routes=0
--seed=925703669
--use_milp_in_otf=0
--xcheck_isfeasible=false

EADARPInstance(EADARP/instances/b1/a3-24.txt, n=24, n_K=3, S=[57, 58, 59], Q=14.85, n_F=3, γ=0.7, T_plan=480.0, F=[54, 55, 56])

T preprocessing time [s]: 0.28253
I       iter             best          obj_old          obj_new        time              method info
I          1        309.36909     100024.00000        309.36909      0.0335                 con 
I          6        302.35634        309.36909        302.35634      0.0930         drrr_15+rrg 
I         16        294.69182        302.35634        294.69182      0.1465        drrr_15+rrri 
I         33        287.22197        294.69182        287.22197      0.1879         drrr_15+rrg 
I         96        284.76780        287.22197        284.76780      0.2747         drrr_15+rrg 
I        143        284.54130        284.76780        284.54130      0.2976        drrr_15+rroi 
I        149        283.85291        284.54130        283.85291      0.3054         drrr_15+rrg 
I        206        282.91047        283.85291        282.91047      0.3276        drrr_15+rrri 
I        234        280.45631        282.91047        280.45631      0.3339         drrr_15+rrg 
I        300        280.45631        280.45631        284.22494      0.3690        drrr_15+rroi 

Method statistics
S  method    iter  succ  succ-rate%  tot-obj-gain  avg-obj-gain  rel-succ%  net-time  net-time%  brut-time  brut-time%
S  con          1     1   100.00000  -99714.63091  -99714.63091    5.88235   0.03343    9.06003    0.03343     9.06003
S  drrr_15    299     8     2.67559     -28.91279      -0.09670   47.05882   0.00149    0.40379    0.00149     0.40379
S  rrg        102     5     4.90196     -20.07932      -0.19686   29.41176   0.11137   30.18301    0.11137    30.18301
S  rroi        97     1     1.03093      -0.22651      -0.00234    5.88235   0.06665   18.06313    0.06665    18.06313
S  rrri       100     2     2.00000      -8.60696      -0.08607   11.76471   0.15520   42.06188    0.15520    42.06188
S  SUM/AVG    599    17     2.83806  -99772.45648    -166.56504   20.00000   0.36813   99.77184    0.36813    99.77184

T best solution: EADARPSolution(t_routing=371.121, t_excess=8.463, obj_val=280.456, obj_val_valid=true,
    unserved_requests=Int64[], F_visited=[56, 54, 55], S_visited=[59, 57],
    (1, ([51, 22, 46, 24, 48, 19, 43, 21, 45, 59, 7, 31, 23, 47, 4, 28, 3, 15, 39, 27, 54], [61.5977143950483], [10]))
    (2, ([52, 16, 40, 20, 44, 2, 26, 10, 34, 1, 25, 17, 41, 5, 29, 12, 36, 57, 55], [67.10088575540193], [18]))
    (3, ([53, 14, 38, 18, 42, 11, 35, 13, 37, 8, 32, 9, 33, 6, 30, 56], Float64[], Int64[])))

T best obj: 280.4563050528618
T best iteration: 234
T total iterations: 300
T best time [s]: 0.334
T total time [s]: 0.3690
