EADARP version 2def-dirty
ARGS: --ifile=EADARP/instances/b1/a3-24.txt --odir=EADARP/out/a3-24 --oname=run5
Settings:
--alns_gamma=0.025
--alns_segment_size=100
--alns_sigma1=10
--alns_sigma2=9
--alns_sigma3=3
--at_most_one_s=false
--gamma=-1.0
--ifile=EADARP/instances/b1/a3-24.txt
--insert_charging_otf=true
--insert_cost_noise=0.014
--lns_init_temp_factor=0.0
--lns_temp_dec_factor=0.99
--mh_checkit=false
--mh_lfreq=0
--mh_lnewinc=true
--mh_tciter=-1
--mh_tctime=-1.0
--mh_titer=300
--mh_tobj=-1.0
--mh_ttime=-1.0
--odir=EADARP/out/a3-24
--oname=run5
--only_single_s_visits=true
--repair_max_routes=0
--seed=349298280
--use_milp_in_otf=0
--xcheck_isfeasible=false

EADARPInstance(EADARP/instances/b1/a3-24.txt, n=24, n_K=3, S=[57, 58, 59], Q=14.85, n_F=3, γ=0.7, T_plan=480.0, F=[54, 55, 56])

T preprocessing time [s]: 0.28066
I       iter             best          obj_old          obj_new        time              method info
I          1        321.98353     100024.00000        321.98353      0.0306                 con 
I          3        304.46760        321.98353        304.46760      0.0857         drrr_15+rrg 
I          5        302.99118        304.46760        302.99118      0.0967        drrr_15+rroi 
I         21        299.07322        302.99118        299.07322      0.1680        drrr_15+rroi 
I         31        283.75718        299.07322        283.75718      0.2045        drrr_15+rrri 
I         48        282.09880        283.75718        282.09880      0.2242         drrr_15+rrg 
I        169        281.30302        282.09880        281.30302      0.3099         drrr_15+rrg 
I        300        281.30302        281.30302     100001.00000      0.3531         drrr_15+rrg 

Method statistics
S  method    iter  succ  succ-rate%  tot-obj-gain  avg-obj-gain  rel-succ%  net-time  net-time%  brut-time  brut-time%
S  con          1     1   100.00000  -99702.01647  -99702.01647    7.69231   0.03053    8.64566    0.03053     8.64566
S  drrr_15    299     6     2.00669     -40.68051      -0.13606   46.15385   0.00145    0.40919    0.00145     0.40919
S  rrg         94     3     3.19149     -19.97009      -0.21245   23.07692   0.13097   37.08667    0.13097    37.08667
S  rroi       104     2     1.92308      -5.39437      -0.05187   15.38462   0.06079   17.21354    0.06079    17.21354
S  rrri       101     1     0.99010     -15.31604      -0.15164    7.69231   0.12868   36.43889    0.12868    36.43889
S  SUM/AVG    599    13     2.17028  -99783.37748    -166.58327   20.00000   0.35242   99.79395    0.35242    99.79395

T best solution: EADARPSolution(t_routing=364.76, t_excess=30.932, obj_val=281.303, obj_val_valid=true,
    unserved_requests=Int64[], F_visited=[54, 56, 55], S_visited=[57, 58, 59],
    (1, ([51, 14, 38, 18, 42, 19, 43, 21, 45, 1, 25, 17, 41, 9, 33, 58, 6, 30, 54], [12.26075273074624], [16]))
    (2, ([52, 16, 40, 20, 44, 2, 24, 26, 48, 13, 37, 8, 32, 5, 29, 12, 36, 57, 55], [43.779213384552826], [18]))
    (3, ([53, 22, 46, 11, 35, 10, 34, 59, 7, 31, 23, 47, 4, 28, 3, 15, 39, 27, 56], [65.72000687029781], [8])))

T best obj: 281.3030220557185
T best iteration: 169
T total iterations: 300
T best time [s]: 0.310
T total time [s]: 0.3531
