EADARP version 2def-dirty
ARGS: --ifile=EADARP/instances/b1/a3-24.txt --odir=EADARP/out/a3-24 --oname=run79
Settings:
--alns_gamma=0.025
--alns_segment_size=100
--alns_sigma1=10
--alns_sigma2=9
--alns_sigma3=3
--at_most_one_s=false
--gamma=-1.0
--ifile=EADARP/instances/b1/a3-24.txt
--insert_charging_otf=true
--insert_cost_noise=0.014
--lns_init_temp_factor=0.0
--lns_temp_dec_factor=0.99
--mh_checkit=false
--mh_lfreq=0
--mh_lnewinc=true
--mh_tciter=-1
--mh_tctime=-1.0
--mh_titer=300
--mh_tobj=-1.0
--mh_ttime=-1.0
--odir=EADARP/out/a3-24
--oname=run79
--only_single_s_visits=true
--repair_max_routes=0
--seed=460128412
--use_milp_in_otf=0
--xcheck_isfeasible=false

EADARPInstance(EADARP/instances/b1/a3-24.txt, n=24, n_K=3, S=[57, 58, 59], Q=14.85, n_F=3, γ=0.7, T_plan=480.0, F=[54, 55, 56])

T preprocessing time [s]: 0.28015
I       iter             best          obj_old          obj_new        time              method info
I          1        309.36909     100024.00000        309.36909      0.0427                 con 
I          2        307.72068        309.36909        307.72068      0.0566        drrr_15+rroi 
I          4        299.40077        307.72068        299.40077      0.0738        drrr_15+rrri 
I          5        290.83487        299.40077        290.83487      0.0787        drrr_15+rrri 
I         12        282.78014        290.83487        282.78014      0.1134        drrr_15+rroi 
I         80        282.13179        282.78014        282.13179      0.2183        drrr_15+rroi 
I        235        282.09021        282.13179        282.09021      0.3138        drrr_15+rrri 
I        300        282.09021        282.09021     100001.00000      0.3484         drrr_15+rrg 

Method statistics
S  method    iter  succ  succ-rate%  tot-obj-gain  avg-obj-gain  rel-succ%  net-time  net-time%  brut-time  brut-time%
S  con          1     1   100.00000  -99714.63091  -99714.63091    7.69231   0.04266   12.24399    0.04266    12.24399
S  drrr_15    299     6     2.00669     -27.27889      -0.09123   46.15385   0.00144    0.41284    0.00144     0.41284
S  rrg        114     0     0.00000       0.00000       0.00000    0.00000   0.12425   35.66363    0.12425    35.66363
S  rroi        99     3     3.03030     -10.35150      -0.10456   23.07692   0.06556   18.81814    0.06556    18.81814
S  rrri        86     3     3.48837     -16.92738      -0.19683   23.07692   0.11376   32.65144    0.11376    32.65144
S  SUM/AVG    599    13     2.17028  -99769.18868    -166.55958   20.00000   0.34768   99.79005    0.34768    99.79005

T best solution: EADARPSolution(t_routing=360.143, t_excess=47.932, obj_val=282.09, obj_val_valid=true,
    unserved_requests=Int64[], F_visited=[55, 56, 54], S_visited=[59, 58, 57],
    (1, ([51, 16, 40, 20, 44, 2, 24, 26, 48, 1, 25, 17, 41, 9, 33, 58, 6, 30, 54], [33.599422227587056], [16]))
    (2, ([52, 14, 38, 18, 42, 10, 19, 34, 43, 8, 32, 5, 29, 12, 36, 57, 55], [17.029646818842085], [16]))
    (3, ([53, 22, 46, 11, 35, 13, 37, 21, 45, 59, 7, 31, 23, 47, 4, 28, 3, 15, 39, 27, 56], [66.51398574243035], [10])))

T best obj: 282.0902061473119
T best iteration: 235
T total iterations: 300
T best time [s]: 0.314
T total time [s]: 0.3484
