EADARP version 2def-dirty
ARGS: --ifile=EADARP/instances/b1/a3-24.txt --odir=EADARP/out/a3-24 --oname=run80
Settings:
--alns_gamma=0.025
--alns_segment_size=100
--alns_sigma1=10
--alns_sigma2=9
--alns_sigma3=3
--at_most_one_s=false
--gamma=-1.0
--ifile=EADARP/instances/b1/a3-24.txt
--insert_charging_otf=true
--insert_cost_noise=0.014
--lns_init_temp_factor=0.0
--lns_temp_dec_factor=0.99
--mh_checkit=false
--mh_lfreq=0
--mh_lnewinc=true
--mh_tciter=-1
--mh_tctime=-1.0
--mh_titer=300
--mh_tobj=-1.0
--mh_ttime=-1.0
--odir=EADARP/out/a3-24
--oname=run80
--only_single_s_visits=true
--repair_max_routes=0
--seed=1761989449
--use_milp_in_otf=0
--xcheck_isfeasible=false

EADARPInstance(EADARP/instances/b1/a3-24.txt, n=24, n_K=3, S=[57, 58, 59], Q=14.85, n_F=3, γ=0.7, T_plan=480.0, F=[54, 55, 56])

T preprocessing time [s]: 0.29066
I       iter             best          obj_old          obj_new        time              method info
I          1        312.20497     100024.00000        312.20497      0.0332                 con 
I          6        298.77728        312.20497        298.77728      0.0901        drrr_15+rrri 
I          7        297.10953        298.77728        297.10953      0.0974         drrr_15+rrg 
I         10        293.36560        297.10953        293.36560      0.1024        drrr_15+rroi 
I         14        289.03764        293.36560        289.03764      0.1180        drrr_15+rroi 
I         15        287.38261        289.03764        287.38261      0.1181        drrr_15+rroi 
I         51        283.91003        287.38261        283.91003      0.1883        drrr_15+rroi 
I        127        282.13179        283.91003        282.13179      0.2660        drrr_15+rrri 
I        300        282.13179        282.13179        308.89490      0.3449        drrr_15+rrri 

Method statistics
S  method    iter  succ  succ-rate%  tot-obj-gain  avg-obj-gain  rel-succ%  net-time  net-time%  brut-time  brut-time%
S  con          1     1   100.00000  -99711.79503  -99711.79503    6.66667   0.03317    9.61692    0.03317     9.61692
S  drrr_15    299     7     2.34114     -30.07319      -0.10058   46.66667   0.00151    0.43635    0.00151     0.43635
S  rrg        115     1     0.86957      -1.66775      -0.01450    6.66667   0.10283   29.81098    0.10283    29.81098
S  rroi        91     4     4.39560     -13.19950      -0.14505   26.66667   0.05828   16.89628    0.05828    16.89628
S  rrri        93     2     2.15054     -15.20593      -0.16350   13.33333   0.14843   43.03078    0.14843    43.03078
S  SUM/AVG    599    15     2.50417  -99771.94140    -166.56418   20.00000   0.34422   99.79133    0.34422    99.79133

T best solution: EADARPSolution(t_routing=360.198, t_excess=47.932, obj_val=282.132, obj_val_valid=true,
    unserved_requests=Int64[], F_visited=[56, 55, 54], S_visited=[59, 58, 57],
    (1, ([51, 14, 38, 18, 42, 11, 35, 13, 37, 21, 45, 59, 7, 31, 23, 47, 4, 28, 3, 15, 39, 27, 54], [74.70063690200534], [12]))
    (2, ([52, 16, 40, 20, 44, 2, 24, 26, 48, 1, 25, 17, 41, 9, 33, 58, 6, 30, 55], [33.599422227587056], [16]))
    (3, ([53, 22, 46, 10, 19, 34, 43, 8, 32, 5, 29, 12, 36, 57, 56], [8.898435070070253], [14])))

T best obj: 282.13178570541425
T best iteration: 127
T total iterations: 300
T best time [s]: 0.266
T total time [s]: 0.3449
