EADARP version 2def-dirty
ARGS: --ifile=EADARP/instances/b1/a3-24.txt --odir=EADARP/out/a3-24 --oname=run83
Settings:
--alns_gamma=0.025
--alns_segment_size=100
--alns_sigma1=10
--alns_sigma2=9
--alns_sigma3=3
--at_most_one_s=false
--gamma=-1.0
--ifile=EADARP/instances/b1/a3-24.txt
--insert_charging_otf=true
--insert_cost_noise=0.014
--lns_init_temp_factor=0.0
--lns_temp_dec_factor=0.99
--mh_checkit=false
--mh_lfreq=0
--mh_lnewinc=true
--mh_tciter=-1
--mh_tctime=-1.0
--mh_titer=300
--mh_tobj=-1.0
--mh_ttime=-1.0
--odir=EADARP/out/a3-24
--oname=run83
--only_single_s_visits=true
--repair_max_routes=0
--seed=798810610
--use_milp_in_otf=0
--xcheck_isfeasible=false

EADARPInstance(EADARP/instances/b1/a3-24.txt, n=24, n_K=3, S=[57, 58, 59], Q=14.85, n_F=3, γ=0.7, T_plan=480.0, F=[54, 55, 56])

T preprocessing time [s]: 0.30373
I       iter             best          obj_old          obj_new        time              method info
I          1        312.20497     100024.00000        312.20497      0.0341                 con 
I          2        311.95973        312.20497        311.95973      0.0443         drrr_15+rrg 
I          5        292.30753        311.95973        292.30753      0.0783        drrr_15+rrri 
I         27        291.11259        292.30753        291.11259      0.1612        drrr_15+rroi 
I         29        288.08679        291.11259        288.08679      0.1630         drrr_15+rrg 
I         52        282.64712        288.08679        282.64712      0.2014        drrr_15+rrri 
I        105        280.28450        282.64712        280.28450      0.2417         drrr_15+rrg 
I        111        280.06656        280.28450        280.06656      0.2443         drrr_15+rrg 
I        148        276.59397        280.06656        276.59397      0.2579        drrr_15+rrri 
I        267        275.96818        276.59397        275.96818      0.3269        drrr_15+rroi 
I        300        275.96818        275.96818        279.26387      0.3417        drrr_15+rrri 

Method statistics
S  method    iter  succ  succ-rate%  tot-obj-gain  avg-obj-gain  rel-succ%  net-time  net-time%  brut-time  brut-time%
S  con          1     1   100.00000  -99711.79503  -99711.79503    5.26316   0.03406    9.96495    0.03406     9.96495
S  drrr_15    299     9     3.01003     -36.23679      -0.12119   47.36842   0.00149    0.43642    0.00149     0.43642
S  rrg        101     4     3.96040      -5.85161      -0.05794   21.05263   0.13039   38.15074    0.13039    38.15074
S  rroi        93     2     2.15054      -1.82073      -0.01958   10.52632   0.08400   24.57763    0.08400    24.57763
S  rrri       105     3     2.85714     -28.56445      -0.27204   15.78947   0.09099   26.62246    0.09099    26.62246
S  SUM/AVG    599    19     3.17195  -99784.26861    -166.58476   20.00000   0.34092   99.75221    0.34092    99.75221

T best solution: EADARPSolution(t_routing=357.333, t_excess=31.872, obj_val=275.968, obj_val_valid=true,
    unserved_requests=Int64[], F_visited=[56, 55, 54], S_visited=[59, 57, 58],
    (1, ([51, 16, 40, 20, 44, 2, 26, 19, 43, 21, 45, 59, 7, 31, 23, 47, 4, 28, 3, 15, 39, 27, 57, 54], [75.55890440969061, 36.13237822419276], [12, 23]))
    (2, ([52, 22, 46, 24, 48, 11, 35, 13, 37, 8, 32, 5, 29, 12, 36, 55], Float64[], Int64[]))
    (3, ([53, 14, 38, 18, 10, 42, 34, 1, 25, 17, 41, 9, 33, 58, 6, 30, 56], [7.210623391635197], [14])))

T best obj: 275.9681796169709
T best iteration: 267
T total iterations: 300
T best time [s]: 0.327
T total time [s]: 0.3418
