EADARP version 2def-dirty
ARGS: --ifile=EADARP/instances/b1/a3-24.txt --odir=EADARP/out/a3-24 --oname=run82
Settings:
--alns_gamma=0.025
--alns_segment_size=100
--alns_sigma1=10
--alns_sigma2=9
--alns_sigma3=3
--at_most_one_s=false
--gamma=-1.0
--ifile=EADARP/instances/b1/a3-24.txt
--insert_charging_otf=true
--insert_cost_noise=0.014
--lns_init_temp_factor=0.0
--lns_temp_dec_factor=0.99
--mh_checkit=false
--mh_lfreq=0
--mh_lnewinc=true
--mh_tciter=-1
--mh_tctime=-1.0
--mh_titer=300
--mh_tobj=-1.0
--mh_ttime=-1.0
--odir=EADARP/out/a3-24
--oname=run82
--only_single_s_visits=true
--repair_max_routes=0
--seed=1160207658
--use_milp_in_otf=0
--xcheck_isfeasible=false

EADARPInstance(EADARP/instances/b1/a3-24.txt, n=24, n_K=3, S=[57, 58, 59], Q=14.85, n_F=3, γ=0.7, T_plan=480.0, F=[54, 55, 56])

T preprocessing time [s]: 0.28662
I       iter             best          obj_old          obj_new        time              method info
I          1        309.36909     100024.00000        309.36909      0.0334                 con 
I          2        299.37160        309.36909        299.37160      0.0432        drrr_15+rrri 
I          4        298.23806        299.37160        298.23806      0.0525         drrr_15+rrg 
I          7        283.82982        298.23806        283.82982      0.0701        drrr_15+rrri 
I          8        281.15761        283.82982        281.15761      0.0714        drrr_15+rroi 
I         16        280.06656        281.15761        280.06656      0.1043        drrr_15+rrri 
I         33        277.68502        280.06656        277.68502      0.1689         drrr_15+rrg 
I         68        276.59397        277.68502        276.59397      0.2099         drrr_15+rrg 
I         93        275.96818        276.59397        275.96818      0.2273        drrr_15+rrri 
I        300        275.96818        275.96818     100001.00000      0.3364         drrr_15+rrg 

Method statistics
S  method    iter  succ  succ-rate%  tot-obj-gain  avg-obj-gain  rel-succ%  net-time  net-time%  brut-time  brut-time%
S  con          1     1   100.00000  -99714.63091  -99714.63091    5.88235   0.03334    9.91027    0.03334     9.91027
S  drrr_15    299     8     2.67559     -33.40091      -0.11171   47.05882   0.00148    0.43961    0.00148     0.43961
S  rrg        106     3     2.83019      -4.60613      -0.04345   17.64706   0.11200   33.28546    0.11200    33.28546
S  rroi        96     1     1.04167      -2.67221      -0.02784    5.88235   0.07783   23.13228    0.07783    23.13228
S  rrri        97     4     4.12371     -26.12258      -0.26930   23.52941   0.11104   33.00060    0.11104    33.00060
S  SUM/AVG    599    17     2.83806  -99781.43273    -166.58002   20.00000   0.33569   99.76822    0.33569    99.76822

T best solution: EADARPSolution(t_routing=357.333, t_excess=31.872, obj_val=275.968, obj_val_valid=true,
    unserved_requests=Int64[], F_visited=[54, 55, 56], S_visited=[59, 57, 58],
    (1, ([51, 16, 40, 20, 44, 2, 26, 19, 43, 21, 45, 59, 7, 31, 23, 47, 4, 28, 3, 15, 39, 27, 57, 54], [75.55890440969061, 36.13237822419276], [12, 23]))
    (2, ([52, 22, 46, 24, 48, 11, 35, 13, 37, 8, 32, 5, 29, 12, 36, 55], Float64[], Int64[]))
    (3, ([53, 14, 38, 18, 10, 42, 34, 1, 25, 17, 41, 9, 33, 58, 6, 30, 56], [7.210623391635197], [14])))

T best obj: 275.9681796169709
T best iteration: 93
T total iterations: 300
T best time [s]: 0.227
T total time [s]: 0.3365
