EADARP version e957-dirty
ARGS: ["--prepthreshold=1.250", "--only_single_s_visits=0", "--gamma=0.7", "--ifile=EADARP/instances/l1/a8-96.txt", "--odir=EADARP/out/l1-s0-g0.7", "--oname=a8-96_1.250_09"]
Settings:
--alns_gamma=0.025
--alns_segment_size=100
--alns_sigma1=10
--alns_sigma2=9
--alns_sigma3=3
--at_most_one_s=false
--gamma=0.7
--ifile=EADARP/instances/l1/a8-96.txt
--infeasible_arcs=EADARP/infeasible_arcs
--insert_charging_otf=true
--insert_cost_noise=0.014
--lns_init_temp_factor=0.0
--lns_temp_dec_factor=0.99
--log_all_sols_fname=
--mh_checkit=false
--mh_lfreq=0
--mh_lnewinc=true
--mh_tciter=-1
--mh_tctime=-1.0
--mh_titer=30000
--mh_tobj=-1.0
--mh_ttime=-1.0
--odir=EADARP/out/l1-s0-g0.7
--ofile=
--oname=a8-96_1.250_09
--only_single_s_visits=false
--prepthreshold=1.25
--repair_max_routes=0
--route_based_ops=0
--seed=251655638
--tightened_windows=EADARP/tightened_windows
--use_milp_in_otf=0
--xcheck_isfeasible=false

EADARPInstance(EADARP/instances/l1/a8-96.txt, n=96, n_K=8, S=[211, 212, 213], Q=14.85, n_F=8, γ=0.7, T_plan=720.0, F=[203, 204, 205, 206, 207, 208, 209, 210])

T preprocessing time [s]: 7.55505
I       iter             best          obj_old          obj_new        time              method info
I          1       1215.70791     100096.00000       1215.70791      0.3360                 con 
I          7       1199.29627       1215.70791       1199.29627      0.5055        drrr_15+rrri 
I          9       1196.96742       1199.29627       1196.96742      0.5625        drrr_15+rroi 
I         13       1189.30431       1196.96742       1189.30431      0.6850         drrr_15+rrg 
I         14       1184.46745       1189.30431       1184.46745      0.6898        drrr_15+rroi 
I         21       1179.03183       1184.46745       1179.03183      0.8132         drrr_15+rrg 
I         23       1171.16936       1179.03183       1171.16936      0.8299         drrr_15+rrg 
I         25       1170.37303       1171.16936       1170.37303      0.8602         drrr_15+rrg 
I         33       1150.60361       1170.37303       1150.60361      1.0008         drrr_15+rrg 
I         35       1149.20339       1150.60361       1149.20339      1.0236        drrr_15+rrri 
I         36       1140.79559       1149.20339       1140.79559      1.0459         drrr_15+rrg 
I         37       1135.85518       1140.79559       1135.85518      1.0659        drrr_15+rrri 
I         44       1128.45669       1135.85518       1128.45669      1.1515         drrr_15+rrg 
I         48       1127.25463       1128.45669       1127.25463      1.2095        drrr_15+rroi 
I         51       1124.68281       1127.25463       1124.68281      1.2413        drrr_15+rroi 
I         58       1124.23008       1124.68281       1124.23008      1.3149         drrr_15+rrg 
I         63       1120.93373       1124.23008       1120.93373      1.3430        drrr_15+rroi 
I         70       1120.41717       1120.93373       1120.41717      1.3813         drrr_15+rrg 
I         85       1120.25491       1120.41717       1120.25491      1.4621        drrr_15+rrri 
I         87       1120.25090       1120.25491       1120.25090      1.4699        drrr_15+rrri 
I         94       1118.10884       1120.25090       1118.10884      1.5095        drrr_15+rrri 
I         95       1116.61593       1118.10884       1116.61593      1.5127        drrr_15+rroi 
I         96       1115.03516       1116.61593       1115.03516      1.5158        drrr_15+rroi 
I         97       1113.46066       1115.03516       1113.46066      1.5191        drrr_15+rrri 
I        101       1113.34544       1113.46066       1113.34544      1.5398        drrr_15+rroi 
I        108       1110.36068       1113.34544       1110.36068      1.5938         drrr_15+rrg 
I        121       1108.85903       1110.36068       1108.85903      1.6590        drrr_15+rroi 
I        122       1107.42585       1108.85903       1107.42585      1.6637        drrr_15+rrri 
I        126       1106.81599       1107.42585       1106.81599      1.6844        drrr_15+rroi 
I        129       1101.60025       1106.81599       1101.60025      1.6936        drrr_15+rrri 
I        382       1100.91865       1101.60025       1100.91865      2.3444        drrr_15+rroi 
I        607       1096.65529       1100.91865       1096.65529      2.9015         drrr_15+rrg 
I        637       1096.12980       1096.65529       1096.12980      3.0039        drrr_15+rroi 
I        639       1096.10794       1096.12980       1096.10794      3.0068        drrr_15+rrri 
I        657       1095.41497       1096.10794       1095.41497      3.0568         drrr_15+rrg 
I        678       1094.03854       1095.41497       1094.03854      3.1035        drrr_15+rrri 
I        712       1093.95678       1094.03854       1093.95678      3.1942        drrr_15+rrri 
I        723       1092.83614       1093.95678       1092.83614      3.2189        drrr_15+rroi 
I        736       1092.72092       1092.83614       1092.72092      3.2433         drrr_15+rrg 
I        750       1091.33918       1092.72092       1091.33918      3.2646        drrr_15+rroi 
I        810       1089.55323       1091.33918       1089.55323      3.4000         drrr_15+rrg 
I       2278       1089.06752       1089.55323       1089.06752      5.8309        drrr_15+rroi 
I       2332       1088.31313       1089.06752       1088.31313      5.9220        drrr_15+rroi 
I       6555       1088.13826       1088.31313       1088.13826     12.1541        drrr_15+rroi 
I       6561       1083.03773       1088.13826       1083.03773     12.1666        drrr_15+rroi 
I       6623       1083.02811       1083.03773       1083.02811     12.2682         drrr_15+rrg 
I       6725       1082.91290       1083.02811       1082.91290     12.4511         drrr_15+rrg 
I       7255       1082.81965       1082.91290       1082.81965     13.2442        drrr_15+rrri 
I      18840       1082.34142       1082.81965       1082.34142     29.4901        drrr_15+rroi 
I      18853       1081.11583       1082.34142       1081.11583     29.5201        drrr_15+rrri 
I      18855       1080.97829       1081.11583       1080.97829     29.5232        drrr_15+rroi 
I      18862       1080.66935       1080.97829       1080.66935     29.5476         drrr_15+rrg 
I      23880       1080.18013       1080.66935       1080.18013     36.4789        drrr_15+rroi 
I      23883       1077.97832       1080.18013       1077.97832     36.4826        drrr_15+rrri 
I      25811       1077.59873       1077.97832       1077.59873     39.0568        drrr_15+rrri 
I      25815       1077.48352       1077.59873       1077.48352     39.0613        drrr_15+rroi 
I      30000       1077.48352       1077.48352       1088.05194     44.3854         drrr_15+rrg 

Method statistics
S  method    iter  succ  succ-rate%  tot-obj-gain  avg-obj-gain  rel-succ%  net-time  net-time%  brut-time  brut-time%
S  con          1     1   100.00000  -98880.29209  -98880.29209    0.90090   0.33593    0.75685    0.33593     0.75685
S  drrr_15  29999    55     0.18334    -138.22439      -0.00461   49.54955   1.40683    3.16958    1.40683     3.16958
S  rrg      10019    17     0.16968     -68.57857      -0.00684   15.31532  20.23741   45.59464   20.23741    45.59464
S  rroi      9881    22     0.22265     -30.98152      -0.00314   19.81982  10.30901   23.22608   10.30901    23.22608
S  rrri     10099    16     0.15843     -38.66430      -0.00383   14.41441  11.08457   24.97340   11.08457    24.97340
S  SUM/AVG  59999   111     0.18500  -99156.74087      -1.65264   20.00000  43.37375   97.72056   43.37375    97.72056

T best solution: EADARPSolution(t_routing=1339.567, t_excess=291.233, obj_val=1077.484, obj_val_valid=true,
    unserved_requests=Int64[], F_visited=[205, 207, 204, 210, 208, 209, 203, 206], S_visited=Int64[],
    (1, ([195, 85, 181, 39, 135, 21, 6, 117, 102, 36, 132, 93, 189, 26, 31, 122, 127, 49, 32, 145, 128, 1, 97, 211, 56, 83, 152, 179, 2, 98, 18, 114, 211, 203], [125.15876500601235, 15.33912973687368], [24, 33]))
    (2, ([196, 63, 159, 51, 147, 87, 77, 183, 173, 71, 167, 213, 13, 109, 50, 44, 146, 140, 35, 131, 90, 186, 204], [91.51344811121879], [12]))
    (3, ([197, 30, 126, 28, 19, 124, 115, 46, 142, 25, 121, 58, 154, 213, 15, 95, 11, 111, 191, 107, 72, 168, 5, 101, 78, 174, 211, 205], [83.54539776869113, 37.5806876054755], [14, 27]))
    (4, ([198, 92, 188, 8, 104, 69, 75, 165, 171, 52, 43, 148, 139, 3, 99, 48, 144, 42, 60, 138, 156, 211, 206], [43.16697809451963], [22]))
    (5, ([199, 4, 100, 38, 81, 134, 177, 22, 118, 74, 70, 170, 166, 34, 89, 130, 185, 82, 178, 24, 120, 55, 151, 94, 190, 9, 105, 211, 207], [85.78918371708743], [28]))
    (6, ([200, 65, 161, 41, 137, 23, 119, 84, 86, 180, 182, 76, 37, 133, 172, 10, 88, 184, 106, 211, 208], [14.814590857468184], [20]))
    (7, ([201, 96, 192, 14, 110, 66, 162, 33, 129, 16, 112, 54, 53, 149, 150, 7, 40, 103, 136, 12, 47, 108, 143, 67, 163, 68, 164, 57, 153, 62, 158, 211, 209], [104.00978132414667], [32]))
    (8, ([202, 59, 20, 155, 116, 80, 176, 27, 123, 91, 187, 61, 17, 113, 157, 45, 29, 141, 125, 64, 79, 160, 175, 73, 169, 211, 210], [90.64890674356602], [26])))

T best obj: 1077.4835177766845
T best iteration: 25815
T total iterations: 30000
T best time [s]: 39.061
T total time [s]: 44.3855
