EADARP version e957-dirty
ARGS: ["--prepthreshold=1.250", "--only_single_s_visits=0", "--gamma=0.7", "--ifile=EADARP/instances/l1/a8-96.txt", "--odir=EADARP/out/l1-s0-g0.7", "--oname=a8-96_1.250_07"]
Settings:
--alns_gamma=0.025
--alns_segment_size=100
--alns_sigma1=10
--alns_sigma2=9
--alns_sigma3=3
--at_most_one_s=false
--gamma=0.7
--ifile=EADARP/instances/l1/a8-96.txt
--infeasible_arcs=EADARP/infeasible_arcs
--insert_charging_otf=true
--insert_cost_noise=0.014
--lns_init_temp_factor=0.0
--lns_temp_dec_factor=0.99
--log_all_sols_fname=
--mh_checkit=false
--mh_lfreq=0
--mh_lnewinc=true
--mh_tciter=-1
--mh_tctime=-1.0
--mh_titer=30000
--mh_tobj=-1.0
--mh_ttime=-1.0
--odir=EADARP/out/l1-s0-g0.7
--ofile=
--oname=a8-96_1.250_07
--only_single_s_visits=false
--prepthreshold=1.25
--repair_max_routes=0
--route_based_ops=0
--seed=19074805
--tightened_windows=EADARP/tightened_windows
--use_milp_in_otf=0
--xcheck_isfeasible=false

EADARPInstance(EADARP/instances/l1/a8-96.txt, n=96, n_K=8, S=[211, 212, 213], Q=14.85, n_F=8, γ=0.7, T_plan=720.0, F=[203, 204, 205, 206, 207, 208, 209, 210])

T preprocessing time [s]: 7.26451
I       iter             best          obj_old          obj_new        time              method info
I          1       1232.39158     100096.00000       1232.39158      0.3698                 con 
I          2       1226.87489       1232.39158       1226.87489      0.4314        drrr_15+rrri 
I          4       1217.29396       1226.87489       1217.29396      0.4992         drrr_15+rrg 
I          7       1203.09396       1217.29396       1203.09396      0.5978         drrr_15+rrg 
I          9       1200.17256       1203.09396       1200.17256      0.6455        drrr_15+rrri 
I         13       1189.55551       1200.17256       1189.55551      0.7294        drrr_15+rroi 
I         15       1187.88780       1189.55551       1187.88780      0.7670         drrr_15+rrg 
I         16       1182.13037       1187.88780       1182.13037      0.7949         drrr_15+rrg 
I         21       1179.80812       1182.13037       1179.80812      0.8680        drrr_15+rroi 
I         22       1167.34303       1179.80812       1167.34303      0.8755         drrr_15+rrg 
I         24       1165.10563       1167.34303       1165.10563      0.9068        drrr_15+rroi 
I         25       1165.10472       1165.10563       1165.10472      0.9260        drrr_15+rrri 
I         29       1162.70693       1165.10472       1162.70693      0.9865         drrr_15+rrg 
I         30       1159.39304       1162.70693       1159.39304      0.9980        drrr_15+rrri 
I         31       1153.72722       1159.39304       1153.72722      1.0226        drrr_15+rrri 
I         36       1148.45688       1153.72722       1148.45688      1.1225        drrr_15+rroi 
I         38       1141.70839       1148.45688       1141.70839      1.1513        drrr_15+rrri 
I         40       1133.61820       1141.70839       1133.61820      1.1769        drrr_15+rroi 
I         41       1132.47998       1133.61820       1132.47998      1.1929        drrr_15+rrri 
I         49       1132.07851       1132.47998       1132.07851      1.2918        drrr_15+rrri 
I         51       1117.72392       1132.07851       1117.72392      1.3115        drrr_15+rroi 
I         69       1113.89717       1117.72392       1113.89717      1.4489         drrr_15+rrg 
I         71       1113.11994       1113.89717       1113.11994      1.4584        drrr_15+rroi 
I         72       1111.57588       1113.11994       1111.57588      1.4632        drrr_15+rrri 
I         79       1110.96490       1111.57588       1110.96490      1.5089        drrr_15+rroi 
I         82       1109.04235       1110.96490       1109.04235      1.5465         drrr_15+rrg 
I         88       1108.80758       1109.04235       1108.80758      1.5754        drrr_15+rrri 
I         93       1108.17035       1108.80758       1108.17035      1.6010         drrr_15+rrg 
I        101       1102.80422       1108.17035       1102.80422      1.6446         drrr_15+rrg 
I        104       1098.19525       1102.80422       1098.19525      1.6845        drrr_15+rrri 
I        183       1096.89726       1098.19525       1096.89726      2.0226        drrr_15+rroi 
I        195       1096.51004       1096.89726       1096.51004      2.0998        drrr_15+rrri 
I        196       1095.90019       1096.51004       1095.90019      2.1079        drrr_15+rrri 
I        201       1095.78497       1095.90019       1095.78497      2.1467        drrr_15+rrri 
I        236       1095.53568       1095.78497       1095.53568      2.2697        drrr_15+rrri 
I        250       1093.20546       1095.53568       1093.20546      2.3168         drrr_15+rrg 
I        253       1092.66834       1093.20546       1092.66834      2.3295        drrr_15+rrri 
I        276       1091.65207       1092.66834       1091.65207      2.3760        drrr_15+rroi 
I        279       1091.53686       1091.65207       1091.53686      2.3862        drrr_15+rrri 
I        294       1089.91544       1091.53686       1089.91544      2.4298        drrr_15+rroi 
I        340       1089.09538       1089.91544       1089.09538      2.6892        drrr_15+rrri 
I        343       1088.99673       1089.09538       1088.99673      2.6922        drrr_15+rroi 
I        349       1078.35583       1088.99673       1078.35583      2.7286         drrr_15+rrg 
I        351       1077.60341       1078.35583       1077.60341      2.7329        drrr_15+rroi 
I        402       1077.35412       1077.60341       1077.35412      2.8897        drrr_15+rroi 
I        475       1075.89098       1077.35412       1075.89098      3.0832        drrr_15+rrri 
I        542       1075.63645       1075.89098       1075.63645      3.2599        drrr_15+rroi 
I        599       1072.88385       1075.63645       1072.88385      3.4002        drrr_15+rrri 
I        601       1072.88385       1072.88385       1072.88385      3.4079        drrr_15+rroi 
I        978       1072.73504       1072.88385       1072.73504      4.1461         drrr_15+rrg 
I       1004       1072.73504       1072.73504       1072.73504      4.2615        drrr_15+rrri 
I       1106       1072.61982       1072.73504       1072.61982      4.4228         drrr_15+rrg 
I       3542       1070.43288       1072.61982       1070.43288      8.2865         drrr_15+rrg 
I       4938       1068.81241       1070.43288       1068.81241     10.4273         drrr_15+rrg 
I      30000       1068.81241       1068.81241       1083.63984     46.1372        drrr_15+rrri 

Method statistics
S  method    iter  succ  succ-rate%  tot-obj-gain  avg-obj-gain  rel-succ%  net-time  net-time%  brut-time  brut-time%
S  con          1     1   100.00000  -98863.60842  -98863.60842    0.93458   0.36969    0.80128    0.36969     0.80128
S  drrr_15  29999    53     0.17667    -163.57916      -0.00545   49.53271   1.46995    3.18604    1.46995     3.18604
S  rrg      10060    16     0.15905     -74.86418      -0.00744   14.95327  21.43841   46.46662   21.43841    46.46662
S  rroi      9904    16     0.16155     -49.57059      -0.00501   14.95327  10.59388   22.96168   10.59388    22.96168
S  rrri     10035    21     0.20927     -39.14439      -0.00390   19.62617  11.37860   24.66252   11.37860    24.66252
S  SUM/AVG  59999   107     0.17834  -99190.76675      -1.65321   20.00000  45.25053   98.07814   45.25053    98.07814

T best solution: EADARPSolution(t_routing=1326.925, t_excess=294.474, obj_val=1068.812, obj_val_valid=true,
    unserved_requests=Int64[], F_visited=[206, 203, 205, 209, 207, 210, 208, 204], S_visited=Int64[],
    (1, ([195, 85, 181, 39, 135, 21, 6, 117, 102, 80, 176, 36, 132, 7, 103, 50, 44, 146, 140, 211, 203], [86.28477907319096], [20]))
    (2, ([196, 59, 155, 8, 104, 69, 75, 165, 171, 52, 148, 15, 95, 11, 111, 191, 107, 57, 153, 62, 76, 158, 60, 172, 156, 211, 204], [60.24406878920523], [26]))
    (3, ([197, 96, 192, 14, 110, 20, 38, 81, 116, 134, 177, 93, 189, 26, 31, 122, 127, 32, 128, 12, 108, 212, 43, 139, 5, 101, 78, 174, 211, 205], [99.8152655242061, 33.569216409544744], [22, 29]))
    (4, ([198, 91, 187, 46, 142, 25, 121, 94, 190, 9, 56, 152, 105, 83, 179, 2, 10, 98, 106, 211, 206], [23.936087488064153], [20]))
    (5, ([199, 63, 159, 51, 147, 87, 77, 183, 173, 71, 92, 188, 167, 27, 123, 213, 13, 109, 84, 86, 180, 182, 58, 47, 154, 143, 67, 163, 68, 164, 72, 168, 213, 88, 184, 211, 207], [78.47209464083573, 80.46251251603053, 3.6307434047015006], [16, 33, 36]))
    (6, ([200, 30, 126, 22, 118, 54, 49, 150, 145, 61, 17, 113, 157, 45, 29, 141, 125, 1, 97, 48, 144, 211, 208], [49.04291966368092], [22]))
    (7, ([201, 4, 66, 100, 162, 33, 129, 16, 112, 28, 19, 124, 115, 53, 149, 34, 89, 130, 185, 82, 178, 24, 120, 55, 151, 37, 133, 42, 138, 211, 209], [75.26967789600242], [30]))
    (8, ([202, 65, 161, 41, 137, 23, 119, 70, 74, 170, 166, 40, 136, 213, 64, 79, 160, 175, 73, 3, 169, 99, 35, 131, 90, 186, 18, 114, 211, 210], [63.53992556666454, 24.658061983829597], [14, 29])))

T best obj: 1068.8124137226325
T best iteration: 4938
T total iterations: 30000
T best time [s]: 10.427
T total time [s]: 46.1372
