EADARP version e957-dirty
ARGS: ["--prepthreshold=1.125", "--only_single_s_visits=0", "--gamma=0.7", "--ifile=EADARP/instances/l1/a8-96.txt", "--odir=EADARP/out/l1-s0-g0.7", "--oname=a8-96_1.125_03"]
Settings:
--alns_gamma=0.025
--alns_segment_size=100
--alns_sigma1=10
--alns_sigma2=9
--alns_sigma3=3
--at_most_one_s=false
--gamma=0.7
--ifile=EADARP/instances/l1/a8-96.txt
--infeasible_arcs=EADARP/infeasible_arcs
--insert_charging_otf=true
--insert_cost_noise=0.014
--lns_init_temp_factor=0.0
--lns_temp_dec_factor=0.99
--log_all_sols_fname=
--mh_checkit=false
--mh_lfreq=0
--mh_lnewinc=true
--mh_tciter=-1
--mh_tctime=-1.0
--mh_titer=30000
--mh_tobj=-1.0
--mh_ttime=-1.0
--odir=EADARP/out/l1-s0-g0.7
--ofile=
--oname=a8-96_1.125_03
--only_single_s_visits=false
--prepthreshold=1.125
--repair_max_routes=0
--route_based_ops=0
--seed=1440287050
--tightened_windows=EADARP/tightened_windows
--use_milp_in_otf=0
--xcheck_isfeasible=false

EADARPInstance(EADARP/instances/l1/a8-96.txt, n=96, n_K=8, S=[211, 212, 213], Q=14.85, n_F=8, γ=0.7, T_plan=720.0, F=[203, 204, 205, 206, 207, 208, 209, 210])

T preprocessing time [s]: 7.87862
I       iter             best          obj_old          obj_new        time              method info
I          1       1245.99868     100096.00000       1245.99868      0.3635                 con 
I          2       1227.44718       1245.99868       1227.44718      0.3966         drrr_15+rrg 
I          8       1204.10392       1227.44718       1204.10392      0.5827        drrr_15+rroi 
I         14       1202.17225       1204.10392       1202.17225      0.7238         drrr_15+rrg 
I         17       1196.00854       1202.17225       1196.00854      0.7858        drrr_15+rroi 
I         18       1189.75964       1196.00854       1189.75964      0.7972        drrr_15+rrri 
I         20       1189.57697       1189.75964       1189.57697      0.8360        drrr_15+rroi 
I         21       1180.84477       1189.57697       1180.84477      0.8525        drrr_15+rrri 
I         22       1164.34802       1180.84477       1164.34802      0.8657        drrr_15+rroi 
I         26       1163.27477       1164.34802       1163.27477      0.9736         drrr_15+rrg 
I         36       1161.36389       1163.27477       1161.36389      1.1244         drrr_15+rrg 
I         38       1149.86244       1161.36389       1149.86244      1.1415        drrr_15+rroi 
I         40       1142.19458       1149.86244       1142.19458      1.1511        drrr_15+rroi 
I         55       1141.69742       1142.19458       1141.69742      1.2477         drrr_15+rrg 
I         56       1140.80860       1141.69742       1140.80860      1.2589        drrr_15+rrri 
I         67       1139.66306       1140.80860       1139.66306      1.3693        drrr_15+rroi 
I         70       1132.55413       1139.66306       1132.55413      1.3909        drrr_15+rrri 
I         83       1126.66135       1132.55413       1126.66135      1.5132         drrr_15+rrg 
I        121       1124.78899       1126.66135       1124.78899      1.6741         drrr_15+rrg 
I        129       1124.38140       1124.78899       1124.38140      1.6870         drrr_15+rrg 
I        141       1118.41316       1124.38140       1118.41316      1.7227        drrr_15+rroi 
I        146       1117.93252       1118.41316       1117.93252      1.7526        drrr_15+rroi 
I        151       1117.75282       1117.93252       1117.75282      1.7752        drrr_15+rroi 
I        186       1116.26471       1117.75282       1116.26471      1.8792        drrr_15+rroi 
I        200       1114.62954       1116.26471       1114.62954      1.9066         drrr_15+rrg 
I        202       1114.15361       1114.62954       1114.15361      1.9186         drrr_15+rrg 
I        209       1114.03602       1114.15361       1114.03602      1.9378        drrr_15+rrri 
I        244       1113.95883       1114.03602       1113.95883      2.0156         drrr_15+rrg 
I        249       1110.84120       1113.95883       1110.84120      2.0532         drrr_15+rrg 
I        306       1110.25974       1110.84120       1110.25974      2.2611         drrr_15+rrg 
I        331       1108.88647       1110.25974       1108.88647      2.3092        drrr_15+rroi 
I        346       1108.63524       1108.88647       1108.63524      2.3754         drrr_15+rrg 
I        351       1106.16937       1108.63524       1106.16937      2.3977        drrr_15+rroi 
I        372       1103.59223       1106.16937       1103.59223      2.4937        drrr_15+rrri 
I        426       1100.98202       1103.59223       1100.98202      2.7889        drrr_15+rroi 
I        433       1100.82382       1100.98202       1100.82382      2.8103        drrr_15+rrri 
I        455       1098.24576       1100.82382       1098.24576      2.8581        drrr_15+rrri 
I        505       1097.84096       1098.24576       1097.84096      2.9646        drrr_15+rroi 
I        530       1096.37051       1097.84096       1096.37051      3.0367         drrr_15+rrg 
I        532       1095.87545       1096.37051       1095.87545      3.0389        drrr_15+rroi 
I        591       1093.84200       1095.87545       1093.84200      3.1406        drrr_15+rrri 
I        721       1089.62966       1093.84200       1089.62966      3.4111         drrr_15+rrg 
I        731       1085.64259       1089.62966       1085.64259      3.4460        drrr_15+rroi 
I        733       1085.52738       1085.64259       1085.52738      3.4494         drrr_15+rrg 
I        741       1081.53204       1085.52738       1081.53204      3.4659        drrr_15+rroi 
I        747       1080.80696       1081.53204       1080.80696      3.4868         drrr_15+rrg 
I       1112       1074.81325       1080.80696       1074.81325      4.2772        drrr_15+rroi 
I       1114       1074.36160       1074.81325       1074.36160      4.2854        drrr_15+rrri 
I       1130       1074.20339       1074.36160       1074.20339      4.3248        drrr_15+rroi 
I       4514       1072.84360       1074.20339       1072.84360      9.9975         drrr_15+rrg 
I       4524       1072.14522       1072.84360       1072.14522     10.0214        drrr_15+rroi 
I      12282       1070.75192       1072.14522       1070.75192     21.7245         drrr_15+rrg 
I      13030       1069.91934       1070.75192       1069.91934     22.8354        drrr_15+rrri 
I      13126       1069.54469       1069.91934       1069.54469     22.9963         drrr_15+rrg 
I      13131       1069.38649       1069.54469       1069.38649     23.0028        drrr_15+rroi 
I      30000       1069.38649       1069.38649       1076.00343     48.8106         drrr_15+rrg 

Method statistics
S  method    iter  succ  succ-rate%  tot-obj-gain  avg-obj-gain  rel-succ%  net-time  net-time%  brut-time  brut-time%
S  con          1     1   100.00000  -98850.00132  -98850.00132    0.91743   0.36338    0.74448    0.36338     0.74448
S  drrr_15  29999    54     0.18001    -176.61219      -0.00589   49.54128   1.54421    3.16366    1.54421     3.16366
S  rrg      10049    21     0.20898     -47.92659      -0.00477   19.26606  22.52601   46.14967   22.52601    46.14967
S  rroi      9883    22     0.22260     -96.95806      -0.00981   20.18349  11.22222   22.99127   11.22222    22.99127
S  rrri     10067    11     0.10927     -31.72754      -0.00315   10.09174  12.77862   26.17993   12.77862    26.17993
S  SUM/AVG  59999   109     0.18167  -99203.22571      -1.65341   20.00000  48.43444   99.22901   48.43444    99.22901

T best solution: EADARPSolution(t_routing=1337.352, t_excess=265.489, obj_val=1069.386, obj_val_valid=true,
    unserved_requests=Int64[], F_visited=[206, 210, 209, 207, 203, 208, 204, 205], S_visited=Int64[],
    (1, ([195, 96, 192, 14, 110, 66, 162, 20, 38, 116, 134, 212, 30, 126, 22, 118, 74, 70, 170, 166, 82, 178, 24, 120, 55, 151, 212, 37, 133, 42, 138, 10, 88, 184, 106, 203], [48.04969426368903, 84.02304059834591], [12, 27]))
    (2, ([196, 65, 161, 41, 137, 28, 19, 124, 115, 52, 43, 148, 139, 90, 186, 18, 114, 211, 204], [2.297184976264239], [18]))
    (3, ([197, 59, 155, 33, 129, 71, 92, 188, 167, 27, 123, 91, 187, 25, 69, 121, 165, 40, 136, 56, 83, 152, 179, 48, 144, 211, 205], [72.19201791960093], [26]))
    (4, ([198, 39, 135, 21, 77, 117, 173, 16, 112, 89, 185, 32, 128, 64, 79, 160, 175, 94, 190, 9, 105, 211, 206], [72.48854734237685], [22]))
    (5, ([199, 4, 100, 23, 119, 13, 109, 84, 86, 180, 182, 58, 47, 154, 143, 67, 163, 68, 164, 212, 73, 3, 169, 99, 35, 131, 2, 98, 211, 207], [35.9192319359562, 65.88284273898796], [20, 29]))
    (6, ([200, 87, 183, 54, 53, 149, 150, 7, 34, 130, 103, 78, 174, 211, 208], [13.790160996712977], [14]))
    (7, ([201, 85, 181, 81, 177, 80, 176, 8, 104, 46, 142, 61, 17, 113, 157, 45, 29, 141, 125, 1, 97, 15, 95, 11, 111, 191, 107, 57, 153, 62, 158, 211, 209], [103.07991177942979], [32]))
    (8, ([202, 212, 63, 159, 51, 147, 6, 102, 36, 132, 93, 189, 26, 31, 122, 127, 49, 145, 213, 75, 12, 171, 108, 212, 50, 44, 146, 140, 72, 168, 5, 101, 76, 60, 172, 156, 211, 210], [0.09633600468473937, 51.93469760779402, 73.3382946639481, 66.26050976782801], [2, 19, 24, 37])))

T best obj: 1069.3864857268136
T best iteration: 13131
T total iterations: 30000
T best time [s]: 23.003
T total time [s]: 48.8108
