EADARP version e957-dirty
ARGS: ["--prepthreshold=1.250", "--only_single_s_visits=0", "--gamma=0.7", "--ifile=EADARP/instances/l1/a8-96.txt", "--odir=EADARP/out/l1-s0-g0.7", "--oname=a8-96_1.250_02"]
Settings:
--alns_gamma=0.025
--alns_segment_size=100
--alns_sigma1=10
--alns_sigma2=9
--alns_sigma3=3
--at_most_one_s=false
--gamma=0.7
--ifile=EADARP/instances/l1/a8-96.txt
--infeasible_arcs=EADARP/infeasible_arcs
--insert_charging_otf=true
--insert_cost_noise=0.014
--lns_init_temp_factor=0.0
--lns_temp_dec_factor=0.99
--log_all_sols_fname=
--mh_checkit=false
--mh_lfreq=0
--mh_lnewinc=true
--mh_tciter=-1
--mh_tctime=-1.0
--mh_titer=30000
--mh_tobj=-1.0
--mh_ttime=-1.0
--odir=EADARP/out/l1-s0-g0.7
--ofile=
--oname=a8-96_1.250_02
--only_single_s_visits=false
--prepthreshold=1.25
--repair_max_routes=0
--route_based_ops=0
--seed=2052063512
--tightened_windows=EADARP/tightened_windows
--use_milp_in_otf=0
--xcheck_isfeasible=false

EADARPInstance(EADARP/instances/l1/a8-96.txt, n=96, n_K=8, S=[211, 212, 213], Q=14.85, n_F=8, γ=0.7, T_plan=720.0, F=[203, 204, 205, 206, 207, 208, 209, 210])

T preprocessing time [s]: 7.53567
I       iter             best          obj_old          obj_new        time              method info
I          1       1203.48067     100096.00000       1203.48067      0.3448                 con 
I          2       1200.61655       1203.48067       1200.61655      0.3885        drrr_15+rroi 
I          3       1197.45120       1200.61655       1197.45120      0.4569         drrr_15+rrg 
I          4       1178.44283       1197.45120       1178.44283      0.4847        drrr_15+rroi 
I          7       1167.69481       1178.44283       1167.69481      0.5941        drrr_15+rrri 
I          9       1165.23563       1167.69481       1165.23563      0.6220        drrr_15+rroi 
I         15       1164.50976       1165.23563       1164.50976      0.7509         drrr_15+rrg 
I         18       1162.16089       1164.50976       1162.16089      0.7936        drrr_15+rroi 
I         19       1160.86516       1162.16089       1160.86516      0.8019        drrr_15+rrri 
I         23       1156.53911       1160.86516       1156.53911      0.8473         drrr_15+rrg 
I         25       1152.34944       1156.53911       1152.34944      0.8734         drrr_15+rrg 
I         43       1148.35746       1152.34944       1148.35746      1.1562        drrr_15+rrri 
I         60       1147.74760       1148.35746       1147.74760      1.2787        drrr_15+rroi 
I         70       1144.82105       1147.74760       1144.82105      1.3176        drrr_15+rroi 
I         75       1137.73146       1144.82105       1137.73146      1.3674         drrr_15+rrg 
I         78       1136.10191       1137.73146       1136.10191      1.4081        drrr_15+rroi 
I         79       1133.65007       1136.10191       1133.65007      1.4162        drrr_15+rroi 
I         80       1133.30287       1133.65007       1133.30287      1.4263        drrr_15+rrri 
I         81       1132.83205       1133.30287       1132.83205      1.4513         drrr_15+rrg 
I         82       1124.21244       1132.83205       1124.21244      1.4596        drrr_15+rroi 
I         88       1123.84860       1124.21244       1123.84860      1.5081         drrr_15+rrg 
I         89       1122.59147       1123.84860       1122.59147      1.5214        drrr_15+rrri 
I         91       1114.59684       1122.59147       1114.59684      1.5585        drrr_15+rroi 
I        100       1113.99771       1114.59684       1113.99771      1.6540        drrr_15+rrri 
I        108       1110.53504       1113.99771       1110.53504      1.6961        drrr_15+rroi 
I        110       1109.92132       1110.53504       1109.92132      1.7047        drrr_15+rrri 
I        114       1105.94333       1109.92132       1105.94333      1.7333        drrr_15+rrri 
I        116       1105.64979       1105.94333       1105.64979      1.7585         drrr_15+rrg 
I        117       1105.37177       1105.64979       1105.37177      1.7616        drrr_15+rrri 
I        118       1101.65304       1105.37177       1101.65304      1.7675         drrr_15+rrg 
I        177       1098.57473       1101.65304       1098.57473      1.9982        drrr_15+rroi 
I        204       1098.22805       1098.57473       1098.22805      2.0950        drrr_15+rroi 
I        213       1096.46953       1098.22805       1096.46953      2.1276        drrr_15+rroi 
I        223       1095.53764       1096.46953       1095.53764      2.1512         drrr_15+rrg 
I        230       1095.25962       1095.53764       1095.25962      2.1848         drrr_15+rrg 
I        234       1095.17338       1095.25962       1095.17338      2.1956        drrr_15+rroi 
I        264       1094.89536       1095.17338       1094.89536      2.2867         drrr_15+rrg 
I        324       1094.86540       1094.89536       1094.86540      2.4412        drrr_15+rrri 
I        397       1094.24037       1094.86540       1094.24037      2.6033        drrr_15+rrri 
I        408       1088.84565       1094.24037       1088.84565      2.6335        drrr_15+rroi 
I        430       1088.31279       1088.84565       1088.31279      2.6901        drrr_15+rrri 
I        553       1085.90798       1088.31279       1085.90798      2.9647        drrr_15+rroi 
I        565       1084.58022       1085.90798       1084.58022      2.9927        drrr_15+rrri 
I        576       1084.30219       1084.58022       1084.30219      3.0170        drrr_15+rrri 
I        608       1084.23900       1084.30219       1084.23900      3.0890         drrr_15+rrg 
I        621       1084.03977       1084.23900       1084.03977      3.1105        drrr_15+rrri 
I        725       1083.94593       1084.03977       1083.94593      3.3249        drrr_15+rroi 
I        745       1083.93282       1083.94593       1083.93282      3.3579        drrr_15+rroi 
I        747       1083.92356       1083.93282       1083.92356      3.3701        drrr_15+rrri 
I        752       1083.59172       1083.92356       1083.59172      3.3819        drrr_15+rroi 
I        757       1083.31370       1083.59172       1083.31370      3.3964        drrr_15+rrri 
I        781       1083.19887       1083.31370       1083.19887      3.5322         drrr_15+rrg 
I        801       1081.89938       1083.19887       1081.89938      3.5668        drrr_15+rrri 
I        885       1081.60584       1081.89938       1081.60584      3.7628        drrr_15+rroi 
I       1896       1080.65423       1081.60584       1080.65423      5.5171        drrr_15+rrri 
I       2373       1079.25092       1080.65423       1079.25092      6.2903        drrr_15+rrri 
I       2401       1079.18369       1079.25092       1079.18369      6.3586         drrr_15+rrg 
I       2479       1078.04710       1079.18369       1078.04710      6.4722         drrr_15+rrg 
I       4043       1078.01886       1078.04710       1078.01886      8.9662        drrr_15+rroi 
I       4049       1077.94831       1078.01886       1077.94831      9.0039        drrr_15+rrri 
I       4098       1075.20464       1077.94831       1075.20464      9.0969         drrr_15+rrg 
I       5330       1074.77473       1075.20464       1074.77473     11.0498        drrr_15+rrri 
I       6881       1074.67770       1074.77473       1074.67770     13.4163         drrr_15+rrg 
I       7628       1074.09257       1074.67770       1074.09257     14.5095        drrr_15+rroi 
I       7682       1073.47292       1074.09257       1073.47292     14.6204        drrr_15+rrri 
I      21069       1073.32935       1073.47292       1073.32935     34.7342        drrr_15+rroi 
I      22379       1073.23065       1073.32935       1073.23065     36.5480        drrr_15+rrri 
I      30000       1073.23065       1073.23065       1094.83668     46.9347        drrr_15+rrri 

Method statistics
S  method    iter  succ  succ-rate%  tot-obj-gain  avg-obj-gain  rel-succ%  net-time  net-time%  brut-time  brut-time%
S  con          1     1   100.00000  -98892.51933  -98892.51933    0.75188   0.34467    0.73437    0.34467     0.73437
S  drrr_15  29999    66     0.22001    -130.25003      -0.00434   49.62406   1.39840    2.97946    1.39840     2.97946
S  rrg      10015    18     0.17973     -30.05392      -0.00300   13.53383  21.30803   45.39922   21.30803    45.39922
S  rroi      9991    24     0.24022     -68.93381      -0.00690   18.04511  11.51694   24.53819   11.51694    24.53819
S  rrri      9993    24     0.24017     -31.26229      -0.00313   18.04511  12.01847   25.60674   12.01847    25.60674
S  SUM/AVG  59999   133     0.22167  -99153.01938      -1.65258   20.00000  46.58651   99.25798   46.58651    99.25798

T best solution: EADARPSolution(t_routing=1336.877, t_excess=282.29, obj_val=1073.231, obj_val_valid=true,
    unserved_requests=Int64[], F_visited=[210, 209, 207, 204, 205, 208, 203, 206], S_visited=Int64[],
    (1, ([195, 63, 159, 51, 147, 87, 77, 183, 173, 13, 109, 84, 86, 180, 182, 58, 47, 154, 143, 52, 148, 15, 95, 11, 111, 191, 107, 62, 158, 211, 203], [108.0015663981055], [30]))
    (2, ([196, 96, 192, 14, 110, 20, 38, 81, 116, 134, 177, 80, 176, 27, 123, 23, 119, 70, 54, 49, 166, 150, 145, 61, 17, 113, 157, 45, 29, 141, 125, 1, 97, 64, 79, 160, 175, 73, 169, 211, 204], [176.4052108984561], [40]))
    (3, ([197, 41, 137, 28, 124, 91, 19, 115, 187, 46, 142, 25, 121, 43, 139, 3, 99, 35, 131, 2, 98, 211, 205], [64.02527260448943], [22]))
    (4, ([198, 4, 66, 100, 162, 33, 129, 71, 92, 188, 167, 36, 132, 93, 189, 26, 31, 122, 127, 7, 34, 130, 103, 82, 178, 24, 120, 55, 151, 212, 37, 133, 42, 138, 211, 206], [84.02304059834591, 16.592179014431917], [30, 35]))
    (5, ([199, 39, 135, 21, 6, 117, 102, 67, 163, 68, 164, 57, 153, 212, 76, 60, 172, 156, 10, 88, 184, 106, 207], [53.64041981104096], [14]))
    (6, ([200, 85, 181, 16, 112, 89, 185, 32, 128, 75, 12, 171, 108, 50, 44, 146, 140, 211, 56, 83, 152, 179, 48, 144, 211, 208], [11.430051535280173, 75.14771881403635], [18, 25]))
    (7, ([201, 65, 161, 30, 126, 22, 118, 74, 170, 53, 149, 40, 136, 211, 94, 190, 9, 105, 5, 101, 78, 174, 211, 209], [70.81441992625638, 5.191567680359603], [14, 23]))
    (8, ([202, 59, 155, 8, 104, 69, 165, 72, 168, 90, 186, 18, 114, 211, 210], [23.60595359017604], [14])))

T best obj: 1073.2306471635434
T best iteration: 22379
T total iterations: 30000
T best time [s]: 36.548
T total time [s]: 46.9348
