EADARP version e957-dirty
ARGS: ["--prepthreshold=1.250", "--only_single_s_visits=0", "--gamma=0.7", "--ifile=EADARP/instances/l1/a8-96.txt", "--odir=EADARP/out/l1-s0-g0.7", "--oname=a8-96_1.250_03"]
Settings:
--alns_gamma=0.025
--alns_segment_size=100
--alns_sigma1=10
--alns_sigma2=9
--alns_sigma3=3
--at_most_one_s=false
--gamma=0.7
--ifile=EADARP/instances/l1/a8-96.txt
--infeasible_arcs=EADARP/infeasible_arcs
--insert_charging_otf=true
--insert_cost_noise=0.014
--lns_init_temp_factor=0.0
--lns_temp_dec_factor=0.99
--log_all_sols_fname=
--mh_checkit=false
--mh_lfreq=0
--mh_lnewinc=true
--mh_tciter=-1
--mh_tctime=-1.0
--mh_titer=30000
--mh_tobj=-1.0
--mh_ttime=-1.0
--odir=EADARP/out/l1-s0-g0.7
--ofile=
--oname=a8-96_1.250_03
--only_single_s_visits=false
--prepthreshold=1.25
--repair_max_routes=0
--route_based_ops=0
--seed=1225860673
--tightened_windows=EADARP/tightened_windows
--use_milp_in_otf=0
--xcheck_isfeasible=false

EADARPInstance(EADARP/instances/l1/a8-96.txt, n=96, n_K=8, S=[211, 212, 213], Q=14.85, n_F=8, γ=0.7, T_plan=720.0, F=[203, 204, 205, 206, 207, 208, 209, 210])

T preprocessing time [s]: 7.24425
I       iter             best          obj_old          obj_new        time              method info
I          1       1226.39118     100096.00000       1226.39118      0.3441                 con 
I          2       1220.52908       1226.39118       1220.52908      0.3752        drrr_15+rrri 
I          3       1209.40794       1220.52908       1209.40794      0.3952        drrr_15+rroi 
I          5       1206.59507       1209.40794       1206.59507      0.4622        drrr_15+rrri 
I          7       1194.61734       1206.59507       1194.61734      0.5152        drrr_15+rrri 
I          8       1184.45488       1194.61734       1184.45488      0.5483        drrr_15+rrri 
I         14       1176.81658       1184.45488       1176.81658      0.7089        drrr_15+rrri 
I         16       1171.96927       1176.81658       1171.96927      0.7473        drrr_15+rrri 
I         21       1164.21255       1171.96927       1164.21255      0.8340        drrr_15+rrri 
I         23       1162.56843       1164.21255       1162.56843      0.8700         drrr_15+rrg 
I         26       1157.91935       1162.56843       1157.91935      0.8934         drrr_15+rrg 
I         28       1153.82165       1157.91935       1153.82165      0.9133         drrr_15+rrg 
I         29       1150.65276       1153.82165       1150.65276      0.9182        drrr_15+rrri 
I         36       1148.27871       1150.65276       1148.27871      0.9922        drrr_15+rrri 
I         37       1146.46493       1148.27871       1146.46493      1.0081        drrr_15+rroi 
I         38       1133.84959       1146.46493       1133.84959      1.0206        drrr_15+rrri 
I         40       1129.35146       1133.84959       1129.35146      1.0498        drrr_15+rrri 
I         45       1126.51506       1129.35146       1126.51506      1.1247         drrr_15+rrg 
I         46       1126.35763       1126.51506       1126.35763      1.1419        drrr_15+rroi 
I         49       1123.16399       1126.35763       1123.16399      1.1700        drrr_15+rrri 
I         50       1122.84193       1123.16399       1122.84193      1.1894        drrr_15+rrri 
I         56       1122.29419       1122.84193       1122.29419      1.2420         drrr_15+rrg 
I         60       1121.66528       1122.29419       1121.66528      1.2650        drrr_15+rrri 
I         82       1121.66528       1121.66528       1121.66528      1.3867         drrr_15+rrg 
I        138       1113.06748       1121.66528       1113.06748      1.6066         drrr_15+rrg 
I        170       1113.06683       1113.06748       1113.06683      1.7558        drrr_15+rrri 
I        230       1112.95161       1113.06683       1112.95161      1.9786        drrr_15+rrri 
I        306       1112.07095       1112.95161       1112.07095      2.1697        drrr_15+rrri 
I        312       1109.43314       1112.07095       1109.43314      2.1830         drrr_15+rrg 
I        392       1109.31793       1109.43314       1109.31793      2.3685         drrr_15+rrg 
I        561       1105.88509       1109.31793       1105.88509      2.8696         drrr_15+rrg 
I        869       1103.90873       1105.88509       1103.90873      3.4946         drrr_15+rrg 
I       1149       1102.93779       1103.90873       1102.93779      3.9837        drrr_15+rroi 
I       1154       1099.83271       1102.93779       1099.83271      3.9896        drrr_15+rrri 
I       1192       1099.22286       1099.83271       1099.22286      4.0593        drrr_15+rrri 
I       1467       1097.71237       1099.22286       1097.71237      4.5519        drrr_15+rroi 
I       2244       1097.47313       1097.71237       1097.47313      5.7848         drrr_15+rrg 
I       2639       1097.37061       1097.47313       1097.37061      6.4033        drrr_15+rrri 
I       2642       1097.35791       1097.37061       1097.35791      6.4104         drrr_15+rrg 
I       2645       1094.94694       1097.35791       1094.94694      6.4363        drrr_15+rroi 
I       2763       1094.04437       1094.94694       1094.04437      6.6643        drrr_15+rrri 
I       3054       1093.36239       1094.04437       1093.36239      7.0756        drrr_15+rrri 
I       3093       1088.26186       1093.36239       1088.26186      7.1420        drrr_15+rrri 
I       3123       1088.14665       1088.26186       1088.14665      7.1914         drrr_15+rrg 
I       3891       1086.15574       1088.14665       1086.15574      8.3852         drrr_15+rrg 
I       5395       1085.74660       1086.15574       1085.74660     10.4942         drrr_15+rrg 
I       5407       1085.12078       1085.74660       1085.12078     10.5081        drrr_15+rrri 
I       5931       1084.10685       1085.12078       1084.10685     11.2423        drrr_15+rrri 
I       7190       1083.68513       1084.10685       1083.68513     13.0556        drrr_15+rrri 
I       7970       1083.41670       1083.68513       1083.41670     14.2283        drrr_15+rrri 
I       7977       1082.46257       1083.41670       1082.46257     14.2370         drrr_15+rrg 
I       7978       1082.16355       1082.46257       1082.16355     14.2393         drrr_15+rrg 
I       7988       1081.77438       1082.16355       1081.77438     14.2514        drrr_15+rrri 
I       8027       1080.74102       1081.77438       1080.74102     14.3129        drrr_15+rroi 
I       8029       1080.58282       1080.74102       1080.58282     14.3147        drrr_15+rroi 
I       8102       1080.36942       1080.58282       1080.36942     14.4138        drrr_15+rroi 
I       8159       1080.36942       1080.36942       1080.36942     14.5086         drrr_15+rrg 
I      19771       1079.57479       1080.36942       1079.57479     31.2069        drrr_15+rroi 
I      19783       1078.60182       1079.57479       1078.60182     31.2272        drrr_15+rrri 
I      19786       1078.41194       1078.60182       1078.41194     31.2331         drrr_15+rrg 
I      19824       1078.25374       1078.41194       1078.25374     31.2909        drrr_15+rroi 
I      20148       1076.72950       1078.25374       1076.72950     31.7122        drrr_15+rrri 
I      26273       1076.31773       1076.72950       1076.31773     39.9770         drrr_15+rrg 
I      30000       1076.31773       1076.31773       1076.92758     44.9033        drrr_15+rrri 

Method statistics
S  method    iter  succ  succ-rate%  tot-obj-gain  avg-obj-gain  rel-succ%  net-time  net-time%  brut-time  brut-time%
S  con          1     1   100.00000  -98869.60882  -98869.60882    0.80000   0.34399    0.76607    0.34399     0.76607
S  drrr_15  29999    62     0.20667    -150.07345      -0.00500   49.60000   1.38872    3.09270    1.38872     3.09270
S  rrg      10013    21     0.20973     -35.15705      -0.00351   16.80000  20.29636   45.20011   20.29636    45.20011
S  rroi     10053    11     0.10942     -20.34254      -0.00202    8.80000  11.14764   24.82587   11.14764    24.82587
S  rrri      9933    30     0.30202     -94.57386      -0.00952   24.00000  11.35632   25.29060   11.35632    25.29060
S  SUM/AVG  59999   125     0.20834  -99169.75573      -1.65286   20.00000  44.53303   99.17534   44.53303    99.17534

T best solution: EADARPSolution(t_routing=1339.832, t_excess=285.775, obj_val=1076.318, obj_val_valid=true,
    unserved_requests=Int64[], F_visited=[203, 208, 205, 204, 207, 206, 210, 209], S_visited=Int64[],
    (1, ([195, 39, 135, 21, 77, 117, 173, 71, 92, 188, 167, 27, 123, 53, 149, 7, 34, 130, 103, 24, 120, 55, 151, 94, 190, 9, 105, 211, 203], [113.10636180816093], [28]))
    (2, ([196, 96, 192, 14, 110, 20, 38, 81, 116, 134, 177, 6, 102, 80, 176, 36, 132, 93, 189, 70, 54, 166, 150, 212, 37, 133, 42, 138, 10, 88, 184, 106, 204], [143.5873622931065], [24]))
    (3, ([197, 63, 159, 51, 147, 87, 183, 89, 185, 32, 128, 1, 97, 56, 83, 152, 179, 48, 144, 211, 205], [48.52466720202408], [20]))
    (4, ([198, 4, 66, 100, 162, 33, 129, 16, 112, 28, 19, 124, 115, 46, 142, 69, 75, 165, 171, 212, 43, 139, 5, 101, 78, 174, 206], [100.55827773500516], [20]))
    (5, ([199, 65, 161, 41, 137, 23, 119, 13, 109, 84, 86, 180, 182, 58, 47, 154, 143, 67, 163, 68, 52, 164, 148, 15, 95, 11, 111, 191, 107, 57, 153, 62, 158, 211, 207], [80.66043313492573], [34]))
    (6, ([200, 85, 181, 59, 155, 8, 104, 26, 31, 122, 127, 40, 136, 12, 108, 212, 73, 3, 169, 99, 35, 131, 2, 98, 18, 114, 211, 208], [110.72576915051286, 11.431109912606582], [16, 27]))
    (7, ([201, 91, 187, 25, 121, 82, 178, 50, 44, 146, 140, 72, 168, 90, 186, 211, 209], [28.290869877946694], [16]))
    (8, ([202, 30, 126, 22, 118, 74, 49, 170, 145, 61, 17, 113, 157, 45, 29, 141, 125, 64, 79, 160, 175, 76, 60, 172, 156, 211, 210], [54.947096301703624], [26])))

T best obj: 1076.3177261220878
T best iteration: 26273
T total iterations: 30000
T best time [s]: 39.977
T total time [s]: 44.9033
