EADARP version e957-dirty
ARGS: ["--prepthreshold=1.000", "--only_single_s_visits=0", "--gamma=0.7", "--ifile=EADARP/instances/l1/a8-96.txt", "--odir=EADARP/out/l1-s0-g0.7", "--oname=a8-96_1.000_19"]
Settings:
--alns_gamma=0.025
--alns_segment_size=100
--alns_sigma1=10
--alns_sigma2=9
--alns_sigma3=3
--at_most_one_s=false
--gamma=0.7
--ifile=EADARP/instances/l1/a8-96.txt
--infeasible_arcs=EADARP/infeasible_arcs
--insert_charging_otf=true
--insert_cost_noise=0.014
--lns_init_temp_factor=0.0
--lns_temp_dec_factor=0.99
--log_all_sols_fname=
--mh_checkit=false
--mh_lfreq=0
--mh_lnewinc=true
--mh_tciter=-1
--mh_tctime=-1.0
--mh_titer=30000
--mh_tobj=-1.0
--mh_ttime=-1.0
--odir=EADARP/out/l1-s0-g0.7
--ofile=
--oname=a8-96_1.000_19
--only_single_s_visits=false
--prepthreshold=1.0
--repair_max_routes=0
--route_based_ops=0
--seed=2002888857
--tightened_windows=EADARP/tightened_windows
--use_milp_in_otf=0
--xcheck_isfeasible=false

EADARPInstance(EADARP/instances/l1/a8-96.txt, n=96, n_K=8, S=[211, 212, 213], Q=14.85, n_F=8, γ=0.7, T_plan=720.0, F=[203, 204, 205, 206, 207, 208, 209, 210])

T preprocessing time [s]: 9.14091
I       iter             best          obj_old          obj_new        time              method info
I          1       1225.67725     100096.00000       1225.67725      0.4009                 con 
I          3       1214.59329       1225.67725       1214.59329      0.5253        drrr_15+rroi 
I          7       1205.49068       1214.59329       1205.49068      0.6601         drrr_15+rrg 
I          9       1194.34024       1205.49068       1194.34024      0.7400         drrr_15+rrg 
I         14       1184.15543       1194.34024       1184.15543      0.8962        drrr_15+rrri 
I         16       1169.14371       1184.15543       1169.14371      0.9637        drrr_15+rroi 
I         22       1167.52719       1169.14371       1167.52719      1.0555         drrr_15+rrg 
I         24       1165.13867       1167.52719       1165.13867      1.0790        drrr_15+rrri 
I         27       1162.73735       1165.13867       1162.73735      1.1089        drrr_15+rroi 
I         28       1162.34053       1162.73735       1162.34053      1.1402         drrr_15+rrg 
I         29       1152.04197       1162.34053       1152.04197      1.1670         drrr_15+rrg 
I         32       1150.84312       1152.04197       1150.84312      1.2018        drrr_15+rroi 
I         42       1150.39000       1150.84312       1150.39000      1.3203         drrr_15+rrg 
I         45       1144.13274       1150.39000       1144.13274      1.3675        drrr_15+rrri 
I         54       1143.58241       1144.13274       1143.58241      1.4697         drrr_15+rrg 
I         56       1140.10526       1143.58241       1140.10526      1.4947         drrr_15+rrg 
I         64       1136.35820       1140.10526       1136.35820      1.5644        drrr_15+rroi 
I         65       1136.10544       1136.35820       1136.10544      1.5698        drrr_15+rrri 
I         72       1131.64793       1136.10544       1131.64793      1.6168        drrr_15+rrri 
I         79       1129.43442       1131.64793       1129.43442      1.6639         drrr_15+rrg 
I         80       1125.87450       1129.43442       1125.87450      1.6729        drrr_15+rrri 
I         87       1119.80550       1125.87450       1119.80550      1.7516        drrr_15+rroi 
I         88       1117.20496       1119.80550       1117.20496      1.7540         drrr_15+rrg 
I        104       1117.19354       1117.20496       1117.19354      1.8491        drrr_15+rroi 
I        109       1116.90799       1117.19354       1116.90799      1.8719        drrr_15+rroi 
I        113       1107.90502       1116.90799       1107.90502      1.9077        drrr_15+rrri 
I        127       1102.59249       1107.90502       1102.59249      1.9628         drrr_15+rrg 
I        129       1101.19468       1102.59249       1101.19468      1.9738        drrr_15+rroi 
I        157       1097.21922       1101.19468       1097.21922      2.1148        drrr_15+rroi 
I        163       1096.99305       1097.21922       1096.99305      2.1678         drrr_15+rrg 
I        191       1095.61345       1096.99305       1095.61345      2.3069        drrr_15+rrri 
I        216       1095.29833       1095.61345       1095.29833      2.4146        drrr_15+rrri 
I        218       1095.23308       1095.29833       1095.23308      2.4233        drrr_15+rrri 
I        263       1095.22166       1095.23308       1095.22166      2.7172        drrr_15+rroi 
I        312       1094.69346       1095.22166       1094.69346      2.8604        drrr_15+rroi 
I       1064       1094.47753       1094.69346       1094.47753      4.5990         drrr_15+rrg 
I       1074       1093.88768       1094.47753       1093.88768      4.6591        drrr_15+rrri 
I       1075       1092.99690       1093.88768       1092.99690      4.6771         drrr_15+rrg 
I       1098       1092.78281       1092.99690       1092.78281      4.7673         drrr_15+rrg 
I       1192       1092.72234       1092.78281       1092.72234      4.9912        drrr_15+rrri 
I       1374       1091.10501       1092.72234       1091.10501      5.3473        drrr_15+rroi 
I       1390       1089.85737       1091.10501       1089.85737      5.3740         drrr_15+rrg 
I       1412       1088.84597       1089.85737       1088.84597      5.4136        drrr_15+rrri 
I       1433       1088.73075       1088.84597       1088.73075      5.4560         drrr_15+rrg 
I       1438       1088.12089       1088.73075       1088.12089      5.4716        drrr_15+rroi 
I       1479       1088.06043       1088.12089       1088.06043      5.5348        drrr_15+rroi 
I       2792       1085.56152       1088.06043       1085.56152      7.7774        drrr_15+rrri 
I       2827       1085.16276       1085.56152       1085.16276      7.8583        drrr_15+rrri 
I       2829       1081.33844       1085.16276       1081.33844      7.8604        drrr_15+rrri 
I       2847       1081.07383       1081.33844       1081.07383      7.9067         drrr_15+rrg 
I       2849       1080.46397       1081.07383       1080.46397      7.9089        drrr_15+rroi 
I       3068       1078.95076       1080.46397       1078.95076      8.3235         drrr_15+rrg 
I       3113       1076.94215       1078.95076       1076.94215      8.4293        drrr_15+rrri 
I       3133       1076.93793       1076.94215       1076.93793      8.4579        drrr_15+rrri 
I       3140       1076.32808       1076.93793       1076.32808      8.4763        drrr_15+rrri 
I       3145       1075.89624       1076.32808       1075.89624      8.4854         drrr_15+rrg 
I       3175       1075.28638       1075.89624       1075.28638      8.5320        drrr_15+rrri 
I       3645       1075.20571       1075.28638       1075.20571      9.3107        drrr_15+rrri 
I       4656       1074.59461       1075.20571       1074.59461     10.9793        drrr_15+rroi 
I       4662       1073.54809       1074.59461       1073.54809     10.9878        drrr_15+rrri 
I       4747       1071.13799       1073.54809       1071.13799     11.1308        drrr_15+rrri 
I       7161       1070.86134       1071.13799       1070.86134     14.8352        drrr_15+rrri 
I       7483       1068.68325       1070.86134       1068.68325     15.3203        drrr_15+rrri 
I       8607       1064.85404       1068.68325       1064.85404     16.9932        drrr_15+rrri 
I      19868       1063.92727       1064.85404       1063.92727     34.1051         drrr_15+rrg 
I      20276       1063.47192       1063.92727       1063.47192     34.6775        drrr_15+rrri 
I      30000       1063.47192       1063.47192       1069.09759     48.5047         drrr_15+rrg 

Method statistics
S  method    iter  succ  succ-rate%  tot-obj-gain  avg-obj-gain  rel-succ%  net-time  net-time%  brut-time  brut-time%
S  con          1     1   100.00000  -98870.32275  -98870.32275    0.76336   0.40080    0.82631    0.40080     0.82631
S  drrr_15  29999    65     0.21667    -162.20534      -0.00541   49.61832   1.54572    3.18675    1.54572     3.18675
S  rrg       9937    21     0.21133     -53.21837      -0.00536   16.03053  21.95369   45.26088   21.95369    45.26088
S  rroi      9973    17     0.17046     -49.23041      -0.00494   12.97710  12.46779   25.70424   12.46779    25.70424
S  rrri     10089    27     0.26762     -59.75656      -0.00592   20.61069  11.72886   24.18084   11.72886    24.18084
S  SUM/AVG  59999   131     0.21834  -99194.73342      -1.65327   20.00000  48.09686   99.15902   48.09686    99.15902

T best solution: EADARPSolution(t_routing=1316.704, t_excess=303.774, obj_val=1063.472, obj_val_valid=true,
    unserved_requests=Int64[], F_visited=[209, 205, 207, 210, 208, 206, 204, 203], S_visited=Int64[],
    (1, ([195, 85, 181, 26, 31, 122, 127, 49, 145, 61, 17, 113, 157, 45, 29, 141, 125, 1, 97, 48, 144, 211, 203], [45.442376011445596], [22]))
    (2, ([196, 63, 159, 51, 147, 87, 183, 89, 185, 32, 128, 64, 79, 160, 175, 211, 56, 83, 152, 179, 2, 98, 78, 174, 211, 204], [82.02508218757623, 12.780601654163009], [16, 25]))
    (3, ([197, 96, 192, 14, 110, 20, 38, 81, 116, 134, 177, 6, 102, 36, 30, 126, 132, 93, 22, 189, 118, 74, 54, 170, 150, 7, 34, 130, 103, 24, 120, 55, 151, 211, 205], [141.39934754765548], [34]))
    (4, ([198, 59, 155, 213, 13, 109, 84, 86, 180, 182, 82, 178, 50, 44, 146, 140, 72, 168, 5, 101, 76, 60, 172, 156, 211, 206], [21.472340573047404, 66.26050976782801], [4, 25]))
    (5, ([199, 4, 66, 100, 162, 33, 129, 16, 112, 28, 124, 91, 19, 115, 187, 46, 142, 25, 121, 75, 171, 52, 148, 15, 95, 11, 111, 191, 107, 62, 158, 211, 207], [89.9649845409296], [32]))
    (6, ([200, 39, 135, 21, 77, 117, 173, 71, 92, 188, 167, 27, 123, 53, 149, 212, 58, 47, 154, 143, 67, 163, 68, 164, 57, 153, 37, 133, 42, 138, 211, 208], [84.33294825519346, 13.465172155509578], [16, 31]))
    (7, ([201, 41, 137, 23, 119, 70, 166, 40, 136, 211, 43, 139, 73, 3, 169, 99, 35, 131, 90, 186, 18, 114, 211, 209], [53.66665635667764, 18.905114657803036], [10, 23]))
    (8, ([202, 65, 161, 80, 176, 8, 104, 69, 12, 165, 108, 211, 94, 190, 9, 105, 88, 10, 184, 106, 210], [38.98934511065744], [12])))

T best obj: 1063.4719184954952
T best iteration: 20276
T total iterations: 30000
T best time [s]: 34.678
T total time [s]: 48.5048
