EADARP version e957-dirty
ARGS: ["--prepthreshold=1.000", "--only_single_s_visits=0", "--gamma=0.7", "--ifile=EADARP/instances/l1/a8-96.txt", "--odir=EADARP/out/l1-s0-g0.7", "--oname=a8-96_1.000_09"]
Settings:
--alns_gamma=0.025
--alns_segment_size=100
--alns_sigma1=10
--alns_sigma2=9
--alns_sigma3=3
--at_most_one_s=false
--gamma=0.7
--ifile=EADARP/instances/l1/a8-96.txt
--infeasible_arcs=EADARP/infeasible_arcs
--insert_charging_otf=true
--insert_cost_noise=0.014
--lns_init_temp_factor=0.0
--lns_temp_dec_factor=0.99
--log_all_sols_fname=
--mh_checkit=false
--mh_lfreq=0
--mh_lnewinc=true
--mh_tciter=-1
--mh_tctime=-1.0
--mh_titer=30000
--mh_tobj=-1.0
--mh_ttime=-1.0
--odir=EADARP/out/l1-s0-g0.7
--ofile=
--oname=a8-96_1.000_09
--only_single_s_visits=false
--prepthreshold=1.0
--repair_max_routes=0
--route_based_ops=0
--seed=914088480
--tightened_windows=EADARP/tightened_windows
--use_milp_in_otf=0
--xcheck_isfeasible=false

EADARPInstance(EADARP/instances/l1/a8-96.txt, n=96, n_K=8, S=[211, 212, 213], Q=14.85, n_F=8, γ=0.7, T_plan=720.0, F=[203, 204, 205, 206, 207, 208, 209, 210])

T preprocessing time [s]: 9.66019
I       iter             best          obj_old          obj_new        time              method info
I          1       1225.72348     100096.00000       1225.72348      0.4491                 con 
I          4       1213.53285       1225.72348       1213.53285      0.6017         drrr_15+rrg 
I          9       1208.31518       1213.53285       1208.31518      0.8124         drrr_15+rrg 
I         12       1200.58071       1208.31518       1200.58071      0.8999         drrr_15+rrg 
I         13       1198.09337       1200.58071       1198.09337      0.9150         drrr_15+rrg 
I         15       1188.45732       1198.09337       1188.45732      0.9747        drrr_15+rrri 
I         16       1184.84410       1188.45732       1184.84410      0.9929        drrr_15+rroi 
I         19       1170.98484       1184.84410       1170.98484      1.0486        drrr_15+rrri 
I         21       1164.68498       1170.98484       1164.68498      1.1224        drrr_15+rrri 
I         22       1160.66102       1164.68498       1160.66102      1.1296        drrr_15+rrri 
I         24       1158.58497       1160.66102       1158.58497      1.1573         drrr_15+rrg 
I         28       1156.42500       1158.58497       1156.42500      1.2956         drrr_15+rrg 
I         34       1153.36443       1156.42500       1153.36443      1.4043         drrr_15+rrg 
I         35       1152.16516       1153.36443       1152.16516      1.4138        drrr_15+rroi 
I         36       1150.57234       1152.16516       1150.57234      1.4351        drrr_15+rroi 
I         37       1146.73043       1150.57234       1146.73043      1.4425        drrr_15+rroi 
I         38       1141.93915       1146.73043       1141.93915      1.4698        drrr_15+rroi 
I         43       1138.00542       1141.93915       1138.00542      1.5856         drrr_15+rrg 
I         54       1133.11821       1138.00542       1133.11821      1.6970        drrr_15+rrri 
I         61       1130.23703       1133.11821       1130.23703      1.7486        drrr_15+rroi 
I         70       1129.26142       1130.23703       1129.26142      1.8562        drrr_15+rrri 
I         84       1128.26317       1129.26142       1128.26317      1.9459        drrr_15+rrri 
I         88       1128.25022       1128.26317       1128.25022      1.9664        drrr_15+rroi 
I        126       1125.57514       1128.25022       1125.57514      2.1665         drrr_15+rrg 
I        133       1122.17486       1125.57514       1122.17486      2.2126         drrr_15+rrg 
I        150       1117.81896       1122.17486       1117.81896      2.2734         drrr_15+rrg 
I        189       1115.32002       1117.81896       1115.32002      2.4336        drrr_15+rrri 
I        241       1112.88033       1115.32002       1112.88033      2.6254        drrr_15+rrri 
I        245       1109.96492       1112.88033       1109.96492      2.6342        drrr_15+rroi 
I        283       1109.84259       1109.96492       1109.84259      2.7528         drrr_15+rrg 
I        290       1108.95924       1109.84259       1108.95924      2.7779         drrr_15+rrg 
I        327       1105.93846       1108.95924       1105.93846      2.8978         drrr_15+rrg 
I        332       1103.07038       1105.93846       1103.07038      2.9306         drrr_15+rrg 
I        341       1101.60200       1103.07038       1101.60200      2.9581        drrr_15+rroi 
I        355       1101.48678       1101.60200       1101.48678      2.9914        drrr_15+rroi 
I        449       1100.35067       1101.48678       1100.35067      3.2571        drrr_15+rrri 
I        453       1095.13485       1100.35067       1095.13485      3.2885        drrr_15+rroi 
I        481       1093.92978       1095.13485       1093.92978      3.3520         drrr_15+rrg 
I        492       1092.91296       1093.92978       1092.91296      3.3941        drrr_15+rroi 
I        509       1092.30311       1092.91296       1092.30311      3.5802        drrr_15+rroi 
I       1442       1091.70571       1092.30311       1091.70571      5.5106         drrr_15+rrg 
I       1497       1090.86471       1091.70571       1090.86471      5.6042        drrr_15+rroi 
I       1533       1090.76955       1090.86471       1090.76955      5.6621        drrr_15+rroi 
I       1587       1086.27991       1090.76955       1086.27991      5.7430         drrr_15+rrg 
I       2823       1085.08027       1086.27991       1085.08027      7.8834        drrr_15+rroi 
I       2827       1084.80225       1085.08027       1084.80225      7.8923        drrr_15+rroi 
I       2935       1084.19239       1084.80225       1084.19239      8.0903        drrr_15+rrri 
I       5397       1084.06089       1084.19239       1084.06089     11.8322         drrr_15+rrg 
I       5410       1083.49549       1084.06089       1083.49549     11.8575         drrr_15+rrg 
I       5418       1082.79470       1083.49549       1082.79470     11.8728        drrr_15+rrri 
I       5432       1080.76440       1082.79470       1080.76440     11.8938        drrr_15+rrri 
I       5446       1080.39755       1080.76440       1080.39755     11.9183        drrr_15+rroi 
I       6144       1077.67125       1080.39755       1077.67125     13.1125         drrr_15+rrg 
I       8223       1076.72517       1077.67125       1076.72517     16.3374        drrr_15+rrri 
I      15622       1076.02631       1076.72517       1076.02631     27.5721        drrr_15+rroi 
I      15633       1074.92333       1076.02631       1074.92333     27.5884        drrr_15+rroi 
I      15759       1074.48248       1074.92333       1074.48248     27.7856         drrr_15+rrg 
I      24590       1074.19037       1074.48248       1074.19037     39.9066        drrr_15+rrri 
I      30000       1074.19037       1074.19037       1074.80022     47.3266        drrr_15+rroi 

Method statistics
S  method    iter  succ  succ-rate%  tot-obj-gain  avg-obj-gain  rel-succ%  net-time  net-time%  brut-time  brut-time%
S  con          1     1   100.00000  -98870.27652  -98870.27652    0.86957   0.44894    0.94859    0.44894     0.94859
S  drrr_15  29999    57     0.19001    -151.53312      -0.00505   49.56522   1.50366    3.17720    1.50366     3.17720
S  rrg      10048    22     0.21895     -66.34241      -0.00660   19.13043  22.28576   47.08924   22.28576    47.08924
S  rroi      9888    20     0.20227     -33.85665      -0.00342   17.39130  10.86814   22.96410   10.86814    22.96410
S  rrri     10063    15     0.14906     -51.33406      -0.00510   13.04348  11.85493   25.04915   11.85493    25.04915
S  SUM/AVG  59999   115     0.19167  -99173.34275      -1.65292   20.00000  46.96143   99.22829   46.96143    99.22829

T best solution: EADARPSolution(t_routing=1338.642, t_excess=280.836, obj_val=1074.19, obj_val_valid=true,
    unserved_requests=Int64[], F_visited=[209, 210, 208, 206, 205, 204, 207, 203], S_visited=Int64[],
    (1, ([195, 63, 159, 51, 147, 87, 77, 183, 173, 16, 112, 54, 49, 150, 145, 25, 69, 121, 165, 40, 136, 211, 3, 99, 35, 131, 2, 98, 18, 114, 211, 203], [159.7787461114207, 4.809474538096481], [22, 31]))
    (2, ([196, 91, 187, 46, 142, 61, 17, 113, 157, 45, 29, 141, 125, 1, 97, 64, 79, 160, 175, 73, 169, 5, 101, 76, 172, 211, 204], [80.7120372095355], [26]))
    (3, ([197, 65, 161, 53, 149, 58, 47, 154, 143, 67, 163, 68, 164, 57, 153, 62, 158, 78, 174, 211, 205], [38.71039728327846], [20]))
    (4, ([198, 96, 192, 14, 110, 20, 38, 81, 116, 134, 177, 93, 22, 189, 118, 74, 70, 170, 166, 34, 89, 130, 185, 24, 120, 55, 151, 94, 190, 9, 105, 211, 206], [120.09672095720978], [32]))
    (5, ([199, 59, 155, 41, 137, 23, 26, 119, 122, 31, 127, 32, 128, 75, 12, 171, 108, 212, 37, 133, 42, 60, 138, 156, 10, 88, 184, 106, 207], [96.5705424736163], [18]))
    (6, ([200, 92, 188, 36, 30, 132, 126, 7, 103, 50, 44, 146, 140, 56, 83, 152, 179, 48, 144, 211, 208], [36.93605825873786], [20]))
    (7, ([201, 85, 181, 39, 135, 21, 6, 117, 102, 80, 176, 8, 104, 213, 13, 109, 84, 86, 180, 182, 82, 178, 95, 11, 191, 107, 72, 168, 90, 186, 211, 209], [104.46844409629053, 20.791303554020406], [14, 31]))
    (8, ([202, 4, 66, 100, 162, 33, 129, 71, 167, 27, 123, 28, 19, 124, 115, 52, 43, 148, 139, 15, 111, 211, 210], [27.768117052066415], [22])))

T best obj: 1074.1903663184992
T best iteration: 24590
T total iterations: 30000
T best time [s]: 39.907
T total time [s]: 47.3267
