EADARP version e957-dirty
ARGS: ["--prepthreshold=1.000", "--only_single_s_visits=0", "--gamma=0.7", "--ifile=EADARP/instances/l1/a8-96.txt", "--odir=EADARP/out/l1-s0-g0.7", "--oname=a8-96_1.000_18"]
Settings:
--alns_gamma=0.025
--alns_segment_size=100
--alns_sigma1=10
--alns_sigma2=9
--alns_sigma3=3
--at_most_one_s=false
--gamma=0.7
--ifile=EADARP/instances/l1/a8-96.txt
--infeasible_arcs=EADARP/infeasible_arcs
--insert_charging_otf=true
--insert_cost_noise=0.014
--lns_init_temp_factor=0.0
--lns_temp_dec_factor=0.99
--log_all_sols_fname=
--mh_checkit=false
--mh_lfreq=0
--mh_lnewinc=true
--mh_tciter=-1
--mh_tctime=-1.0
--mh_titer=30000
--mh_tobj=-1.0
--mh_ttime=-1.0
--odir=EADARP/out/l1-s0-g0.7
--ofile=
--oname=a8-96_1.000_18
--only_single_s_visits=false
--prepthreshold=1.0
--repair_max_routes=0
--route_based_ops=0
--seed=2121974853
--tightened_windows=EADARP/tightened_windows
--use_milp_in_otf=0
--xcheck_isfeasible=false

EADARPInstance(EADARP/instances/l1/a8-96.txt, n=96, n_K=8, S=[211, 212, 213], Q=14.85, n_F=8, γ=0.7, T_plan=720.0, F=[203, 204, 205, 206, 207, 208, 209, 210])

T preprocessing time [s]: 9.81012
I       iter             best          obj_old          obj_new        time              method info
I          1       1228.77795     100096.00000       1228.77795      0.4367                 con 
I          2       1207.54204       1228.77795       1207.54204      0.4808        drrr_15+rroi 
I          5       1198.58548       1207.54204       1198.58548      0.6055        drrr_15+rroi 
I         10       1194.73557       1198.58548       1194.73557      0.7778        drrr_15+rroi 
I         12       1190.59738       1194.73557       1190.59738      0.8178        drrr_15+rroi 
I         19       1182.63700       1190.59738       1182.63700      0.9401         drrr_15+rrg 
I         23       1170.24087       1182.63700       1170.24087      1.0250        drrr_15+rrri 
I         26       1162.09808       1170.24087       1162.09808      1.1291         drrr_15+rrg 
I         29       1157.48115       1162.09808       1157.48115      1.2178         drrr_15+rrg 
I         31       1157.30980       1157.48115       1157.30980      1.2633        drrr_15+rroi 
I         35       1155.90631       1157.30980       1155.90631      1.3189        drrr_15+rroi 
I         37       1149.24816       1155.90631       1149.24816      1.3383         drrr_15+rrg 
I         43       1148.66209       1149.24816       1148.66209      1.3727        drrr_15+rroi 
I         51       1146.83642       1148.66209       1146.83642      1.4551        drrr_15+rrri 
I         54       1146.16749       1146.83642       1146.16749      1.5012        drrr_15+rroi 
I         56       1143.95101       1146.16749       1143.95101      1.5385        drrr_15+rrri 
I         58       1143.00178       1143.95101       1143.00178      1.5652         drrr_15+rrg 
I         69       1140.26151       1143.00178       1140.26151      1.6117        drrr_15+rrri 
I         73       1135.66119       1140.26151       1135.66119      1.6507         drrr_15+rrg 
I         78       1135.54597       1135.66119       1135.54597      1.7085         drrr_15+rrg 
I         98       1135.47157       1135.54597       1135.47157      1.7907        drrr_15+rrri 
I        116       1133.89848       1135.47157       1133.89848      1.8921         drrr_15+rrg 
I        120       1132.72202       1133.89848       1132.72202      1.9096         drrr_15+rrg 
I        123       1131.44023       1132.72202       1131.44023      1.9466         drrr_15+rrg 
I        125       1130.94521       1131.44023       1130.94521      1.9608        drrr_15+rrri 
I        127       1125.36514       1130.94521       1125.36514      1.9723         drrr_15+rrg 
I        128       1125.03902       1125.36514       1125.03902      1.9773        drrr_15+rrri 
I        135       1121.71891       1125.03902       1121.71891      2.0411         drrr_15+rrg 
I        145       1121.45608       1121.71891       1121.45608      2.1075         drrr_15+rrg 
I        179       1121.24478       1121.45608       1121.24478      2.2403        drrr_15+rroi 
I        211       1120.57243       1121.24478       1120.57243      2.3416         drrr_15+rrg 
I        212       1120.09216       1120.57243       1120.09216      2.3426        drrr_15+rroi 
I        229       1119.36725       1120.09216       1119.36725      2.3824        drrr_15+rrri 
I        236       1119.07371       1119.36725       1119.07371      2.4034        drrr_15+rrri 
I        274       1114.46294       1119.07371       1114.46294      2.6852         drrr_15+rrg 
I        283       1114.20010       1114.46294       1114.20010      2.7074         drrr_15+rrg 
I        453       1110.16965       1114.20010       1110.16965      3.1050        drrr_15+rroi 
I        472       1109.88738       1110.16965       1109.88738      3.1561         drrr_15+rrg 
I        479       1109.73932       1109.88738       1109.73932      3.1722         drrr_15+rrg 
I        548       1109.64484       1109.73932       1109.64484      3.3508        drrr_15+rrri 
I        644       1106.72915       1109.64484       1106.72915      3.5810         drrr_15+rrg 
I        661       1104.78116       1106.72915       1104.78116      3.6033        drrr_15+rrri 
I        679       1102.10017       1104.78116       1102.10017      3.6652         drrr_15+rrg 
I        684       1101.95211       1102.10017       1101.95211      3.6726         drrr_15+rrg 
I        685       1101.83689       1101.95211       1101.83689      3.6768         drrr_15+rrg 
I        746       1101.59823       1101.83689       1101.59823      3.8036        drrr_15+rroi 
I        785       1101.31707       1101.59823       1101.31707      3.8641        drrr_15+rrri 
I        860       1101.20185       1101.31707       1101.20185      4.0279        drrr_15+rrri 
I       1495       1098.19379       1101.20185       1098.19379      5.1904        drrr_15+rroi 
I       2287       1097.88871       1098.19379       1097.88871      6.6392        drrr_15+rrri 
I       3821       1095.79030       1097.88871       1095.79030      9.1100        drrr_15+rrri 
I       5444       1095.44053       1095.79030       1095.44053     11.7277        drrr_15+rroi 
I       5466       1093.68550       1095.44053       1093.68550     11.7639         drrr_15+rrg 
I       5477       1092.15005       1093.68550       1092.15005     11.7867        drrr_15+rroi 
I       5487       1089.63216       1092.15005       1089.63216     11.8303        drrr_15+rrri 
I       5496       1085.17726       1089.63216       1085.17726     11.8697        drrr_15+rroi 
I       5499       1085.02920       1085.17726       1085.02920     11.8736         drrr_15+rrg 
I       5506       1084.41935       1085.02920       1084.41935     11.8991         drrr_15+rrg 
I       5513       1081.20925       1084.41935       1081.20925     11.9207        drrr_15+rrri 
I       5533       1081.09404       1081.20925       1081.09404     11.9758         drrr_15+rrg 
I       5601       1080.48418       1081.09404       1080.48418     12.1278        drrr_15+rroi 
I       5620       1078.53670       1080.48418       1078.53670     12.1559        drrr_15+rroi 
I       5634       1073.99973       1078.53670       1073.99973     12.1859        drrr_15+rroi 
I       5637       1070.06457       1073.99973       1070.06457     12.1890        drrr_15+rrri 
I       5655       1069.52404       1070.06457       1069.52404     12.2299        drrr_15+rrri 
I       5823       1069.37598       1069.52404       1069.37598     12.5329        drrr_15+rroi 
I       5868       1069.36477       1069.37598       1069.36477     12.6125        drrr_15+rrri 
I       5952       1069.24955       1069.36477       1069.24955     12.7367         drrr_15+rrg 
I       7119       1068.46476       1069.24955       1068.46476     14.5948         drrr_15+rrg 
I       7456       1065.24292       1068.46476       1065.24292     15.1008        drrr_15+rrri 
I       7517       1065.12809       1065.24292       1065.12809     15.1955        drrr_15+rrri 
I       9736       1064.99893       1065.12809       1064.99893     18.5505        drrr_15+rrri 
I      19485       1064.30105       1064.99893       1064.30105     32.5534        drrr_15+rrri 
I      30000       1064.30105       1064.30105       1088.30073     46.4159        drrr_15+rroi 

Method statistics
S  method    iter  succ  succ-rate%  tot-obj-gain  avg-obj-gain  rel-succ%  net-time  net-time%  brut-time  brut-time%
S  con          1     1   100.00000  -98867.22205  -98867.22205    0.68966   0.43662    0.94067    0.43662     0.94067
S  drrr_15  29999    72     0.24001    -164.47690      -0.00548   49.65517   1.49400    3.21872    1.49400     3.21872
S  rrg      10150    28     0.27586     -61.60178      -0.00607   19.31034  21.31225   45.91571   21.31225    45.91571
S  rroi      9791    20     0.20427     -62.56164      -0.00639   13.79310  10.77323   23.21016   10.77323    23.21016
S  rrri     10058    24     0.23862     -40.31348      -0.00401   16.55172  11.85526   25.54130   11.85526    25.54130
S  SUM/AVG  59999   145     0.24167  -99196.17585      -1.65330   20.00000  45.87137   98.82655   45.87137    98.82655

T best solution: EADARPSolution(t_routing=1320.575, t_excess=295.478, obj_val=1064.301, obj_val_valid=true,
    unserved_requests=Int64[], F_visited=[203, 208, 204, 205, 209, 210, 206, 207], S_visited=Int64[],
    (1, ([195, 39, 135, 21, 6, 117, 102, 36, 30, 126, 132, 28, 19, 124, 115, 46, 142, 61, 17, 113, 157, 45, 29, 141, 125, 1, 97, 64, 79, 160, 175, 211, 203], [124.8185592696739], [32]))
    (2, ([196, 59, 155, 38, 81, 134, 177, 93, 22, 189, 118, 89, 185, 82, 178, 24, 120, 55, 151, 37, 133, 42, 138, 211, 204], [66.72384898562832], [24]))
    (3, ([197, 4, 100, 26, 31, 122, 127, 7, 34, 130, 103, 50, 44, 146, 140, 94, 190, 9, 105, 56, 83, 152, 179, 48, 144, 211, 205], [64.1728205824919], [26]))
    (4, ([198, 91, 187, 67, 163, 68, 164, 57, 153, 62, 76, 158, 60, 172, 156, 10, 88, 184, 106, 211, 206], [14.734830529771644], [20]))
    (5, ([199, 96, 192, 14, 110, 66, 162, 33, 20, 129, 116, 80, 176, 8, 104, 25, 69, 121, 165, 40, 136, 211, 73, 3, 169, 99, 35, 131, 2, 98, 207], [124.55621630479665], [22]))
    (6, ([200, 65, 161, 41, 137, 23, 119, 70, 74, 170, 166, 32, 128, 90, 186, 18, 114, 211, 208], [11.93234252979581], [18]))
    (7, ([201, 85, 181, 16, 112, 54, 49, 150, 145, 75, 12, 171, 108, 211, 95, 11, 191, 107, 72, 168, 5, 101, 78, 174, 211, 209], [93.78930280320724, 37.31269128367973], [14, 25]))
    (8, ([202, 63, 159, 51, 147, 87, 77, 183, 173, 71, 92, 188, 167, 27, 123, 53, 149, 13, 109, 84, 86, 180, 182, 58, 47, 154, 143, 52, 43, 148, 139, 15, 111, 211, 210], [134.53473305529076], [34])))

T best obj: 1064.3010482494708
T best iteration: 19485
T total iterations: 30000
T best time [s]: 32.553
T total time [s]: 46.4160
