EADARP version e957-dirty
ARGS: ["--prepthreshold=1.250", "--only_single_s_visits=0", "--gamma=0.7", "--ifile=EADARP/instances/l1/a8-96.txt", "--odir=EADARP/out/l1-s0-g0.7", "--oname=a8-96_1.250_11"]
Settings:
--alns_gamma=0.025
--alns_segment_size=100
--alns_sigma1=10
--alns_sigma2=9
--alns_sigma3=3
--at_most_one_s=false
--gamma=0.7
--ifile=EADARP/instances/l1/a8-96.txt
--infeasible_arcs=EADARP/infeasible_arcs
--insert_charging_otf=true
--insert_cost_noise=0.014
--lns_init_temp_factor=0.0
--lns_temp_dec_factor=0.99
--log_all_sols_fname=
--mh_checkit=false
--mh_lfreq=0
--mh_lnewinc=true
--mh_tciter=-1
--mh_tctime=-1.0
--mh_titer=30000
--mh_tobj=-1.0
--mh_ttime=-1.0
--odir=EADARP/out/l1-s0-g0.7
--ofile=
--oname=a8-96_1.250_11
--only_single_s_visits=false
--prepthreshold=1.25
--repair_max_routes=0
--route_based_ops=0
--seed=693088901
--tightened_windows=EADARP/tightened_windows
--use_milp_in_otf=0
--xcheck_isfeasible=false

EADARPInstance(EADARP/instances/l1/a8-96.txt, n=96, n_K=8, S=[211, 212, 213], Q=14.85, n_F=8, γ=0.7, T_plan=720.0, F=[203, 204, 205, 206, 207, 208, 209, 210])

T preprocessing time [s]: 7.98774
I       iter             best          obj_old          obj_new        time              method info
I          1       1230.81953     100096.00000       1230.81953      0.3946                 con 
I          2       1215.35618       1230.81953       1215.35618      0.4424        drrr_15+rrri 
I          6       1208.46453       1215.35618       1208.46453      0.6117         drrr_15+rrg 
I          9       1186.91869       1208.46453       1186.91869      0.6925        drrr_15+rroi 
I         11       1181.92722       1186.91869       1181.92722      0.7357         drrr_15+rrg 
I         21       1163.58897       1181.92722       1163.58897      0.8805        drrr_15+rroi 
I         23       1157.81474       1163.58897       1157.81474      0.9107        drrr_15+rroi 
I         30       1156.94758       1157.81474       1156.94758      1.0018         drrr_15+rrg 
I         31       1155.07718       1156.94758       1155.07718      1.0069        drrr_15+rrri 
I         33       1154.16196       1155.07718       1154.16196      1.0175        drrr_15+rroi 
I         34       1151.21344       1154.16196       1151.21344      1.0244        drrr_15+rrri 
I         38       1151.09379       1151.21344       1151.09379      1.0999         drrr_15+rrg 
I         44       1147.32307       1151.09379       1147.32307      1.1731        drrr_15+rrri 
I         48       1145.82240       1147.32307       1145.82240      1.1873         drrr_15+rrg 
I         51       1139.49531       1145.82240       1139.49531      1.2383         drrr_15+rrg 
I         52       1137.78203       1139.49531       1137.78203      1.2576         drrr_15+rrg 
I         58       1134.79483       1137.78203       1134.79483      1.3255        drrr_15+rrri 
I         62       1127.97380       1134.79483       1127.97380      1.3522         drrr_15+rrg 
I         63       1126.79835       1127.97380       1126.79835      1.3780        drrr_15+rrri 
I         64       1121.94079       1126.79835       1121.94079      1.3914         drrr_15+rrg 
I         72       1118.21683       1121.94079       1118.21683      1.4787        drrr_15+rrri 
I         90       1117.92626       1118.21683       1117.92626      1.5502        drrr_15+rroi 
I         91       1116.09272       1117.92626       1116.09272      1.5512        drrr_15+rrri 
I        136       1115.41520       1116.09272       1115.41520      1.7605         drrr_15+rrg 
I        137       1113.57338       1115.41520       1113.57338      1.7793        drrr_15+rroi 
I        147       1111.99104       1113.57338       1111.99104      1.8292        drrr_15+rroi 
I        155       1109.10145       1111.99104       1109.10145      1.8994        drrr_15+rroi 
I        157       1107.50598       1109.10145       1107.50598      1.9068         drrr_15+rrg 
I        226       1106.97977       1107.50598       1106.97977      2.1280         drrr_15+rrg 
I        234       1106.85101       1106.97977       1106.85101      2.1557        drrr_15+rrri 
I        285       1105.83009       1106.85101       1105.83009      2.3334        drrr_15+rroi 
I        576       1101.39723       1105.83009       1101.39723      3.2047         drrr_15+rrg 
I        583       1100.06576       1101.39723       1100.06576      3.2489        drrr_15+rroi 
I        621       1098.98477       1100.06576       1098.98477      3.3760         drrr_15+rrg 
I        628       1098.25198       1098.98477       1098.25198      3.3902        drrr_15+rroi 
I        651       1097.33839       1098.25198       1097.33839      3.4771        drrr_15+rroi 
I        678       1094.76021       1097.33839       1094.76021      3.5690        drrr_15+rroi 
I        680       1094.48026       1094.76021       1094.48026      3.5836         drrr_15+rrg 
I        688       1094.08561       1094.48026       1094.08561      3.6298         drrr_15+rrg 
I        695       1093.87465       1094.08561       1093.87465      3.6454        drrr_15+rroi 
I        696       1093.62054       1093.87465       1093.62054      3.6465        drrr_15+rroi 
I        721       1091.72921       1093.62054       1091.72921      3.7000        drrr_15+rroi 
I        742       1091.09434       1091.72921       1091.09434      3.7357        drrr_15+rrri 
I        745       1090.26794       1091.09434       1090.26794      3.7397         drrr_15+rrg 
I        749       1088.32958       1090.26794       1088.32958      3.7632        drrr_15+rroi 
I        758       1086.98208       1088.32958       1086.98208      3.8029        drrr_15+rrri 
I        760       1085.38342       1086.98208       1085.38342      3.8098         drrr_15+rrg 
I        768       1085.10247       1085.38342       1085.10247      3.8388        drrr_15+rrri 
I        775       1084.46524       1085.10247       1084.46524      3.8732         drrr_15+rrg 
I        786       1084.17170       1084.46524       1084.17170      3.9123         drrr_15+rrg 
I        823       1081.49938       1084.17170       1081.49938      3.9919        drrr_15+rroi 
I        849       1081.28511       1081.49938       1081.28511      4.0589        drrr_15+rrri 
I        859       1080.75226       1081.28511       1080.75226      4.0918        drrr_15+rrri 
I        899       1080.25260       1080.75226       1080.25260      4.1570         drrr_15+rrg 
I        915       1080.16734       1080.25260       1080.16734      4.1822         drrr_15+rrg 
I       1045       1080.13738       1080.16734       1080.13738      4.4374        drrr_15+rroi 
I       1166       1079.82810       1080.13738       1079.82810      4.6618        drrr_15+rrri 
I       1170       1078.75083       1079.82810       1078.75083      4.6690         drrr_15+rrg 
I       1210       1078.72087       1078.75083       1078.72087      4.8021         drrr_15+rrg 
I       2258       1075.73714       1078.72087       1075.73714      6.5077        drrr_15+rrri 
I       2936       1074.86285       1075.73714       1074.86285      7.6192         drrr_15+rrg 
I       3706       1074.80698       1074.86285       1074.80698      9.0247        drrr_15+rrri 
I       3742       1074.78525       1074.80698       1074.78525      9.1066         drrr_15+rrg 
I       3746       1074.57429       1074.78525       1074.57429      9.1107        drrr_15+rrri 
I       3765       1073.97140       1074.57429       1073.97140      9.1406        drrr_15+rroi 
I       3768       1072.95210       1073.97140       1072.95210      9.1459        drrr_15+rrri 
I       4088       1071.67055       1072.95210       1071.67055      9.6765        drrr_15+rroi 
I       4135       1070.67654       1071.67055       1070.67654      9.7701        drrr_15+rrri 
I       6583       1070.26154       1070.67654       1070.26154     13.4801        drrr_15+rroi 
I       6592       1069.84645       1070.26154       1069.84645     13.4915         drrr_15+rrg 
I      21294       1068.40370       1069.84645       1068.40370     35.7672        drrr_15+rrri 
I      21319       1067.88367       1068.40370       1067.88367     35.8029        drrr_15+rrri 
I      28751       1067.73517       1067.88367       1067.73517     46.1984        drrr_15+rrri 
I      30000       1067.73517       1067.73517       1067.73517     47.9468        drrr_15+rroi 

Method statistics
S  method    iter  succ  succ-rate%  tot-obj-gain  avg-obj-gain  rel-succ%  net-time  net-time%  brut-time  brut-time%
S  con          1     1   100.00000  -98865.18047  -98865.18047    0.68966   0.39449    0.82276    0.39449     0.82276
S  drrr_15  29999    72     0.24001    -163.08435      -0.00544   49.65517   1.55318    3.23938    1.55318     3.23938
S  rrg       9997    27     0.27008     -49.43632      -0.00495   18.62069  22.74141   47.43041   22.74141    47.43041
S  rroi      9879    22     0.22269     -69.05131      -0.00699   15.17241  10.77555   22.47393   10.77555    22.47393
S  rrri     10123    23     0.22721     -44.59672      -0.00441   15.86207  12.08684   25.20881   12.08684    25.20881
S  SUM/AVG  59999   145     0.24167  -99191.34918      -1.65322   20.00000  47.55147   99.17530   47.55147    99.17530

T best solution: EADARPSolution(t_routing=1316.22, t_excess=322.28, obj_val=1067.735, obj_val_valid=true,
    unserved_requests=Int64[], F_visited=[209, 203, 207, 206, 205, 210, 208, 204], S_visited=Int64[],
    (1, ([195, 39, 135, 21, 77, 117, 173, 13, 109, 84, 86, 180, 182, 58, 47, 154, 143, 52, 43, 148, 139, 213, 88, 10, 184, 106, 203], [92.57557822806794], [22]))
    (2, ([196, 59, 155, 8, 104, 27, 123, 91, 187, 46, 142, 61, 17, 113, 157, 50, 44, 146, 140, 56, 83, 152, 179, 48, 144, 211, 204], [70.08416750470764], [26]))
    (3, ([197, 4, 66, 100, 162, 33, 129, 71, 92, 188, 167, 36, 132, 93, 189, 26, 31, 122, 127, 49, 32, 145, 128, 75, 12, 171, 108, 211, 94, 190, 9, 5, 105, 101, 76, 60, 172, 156, 211, 205], [138.915832028169, 0.8600554504059297], [28, 39]))
    (4, ([198, 63, 159, 51, 147, 87, 183, 6, 102, 80, 176, 69, 25, 121, 165, 211, 15, 95, 11, 111, 191, 107, 72, 168, 90, 186, 18, 114, 211, 206], [121.16455704108817, 3.919257152005025], [16, 29]))
    (5, ([199, 30, 126, 28, 19, 124, 115, 53, 149, 34, 89, 130, 185, 82, 178, 24, 120, 55, 151, 37, 133, 42, 138, 211, 207], [52.91478559559643], [24]))
    (6, ([200, 65, 161, 41, 137, 23, 119, 70, 166, 7, 103, 45, 29, 141, 125, 1, 67, 163, 68, 97, 164, 57, 153, 62, 158, 211, 208], [58.1813821476937], [26]))
    (7, ([201, 85, 181, 16, 112, 78, 174, 209], Float64[], Int64[]))
    (8, ([202, 96, 192, 14, 110, 20, 38, 81, 116, 134, 177, 22, 118, 74, 54, 170, 150, 40, 136, 213, 64, 79, 160, 175, 73, 3, 169, 99, 35, 131, 2, 98, 211, 210], [92.29184476414065, 52.59519795241209], [20, 33])))

T best obj: 1067.7351746689324
T best iteration: 28751
T total iterations: 30000
T best time [s]: 46.198
T total time [s]: 47.9469
