EADARP version e957-dirty
ARGS: ["--prepthreshold=1.000", "--only_single_s_visits=0", "--gamma=0.7", "--ifile=EADARP/instances/l1/a8-96.txt", "--odir=EADARP/out/l1-s0-g0.7", "--oname=a8-96_1.000_13"]
Settings:
--alns_gamma=0.025
--alns_segment_size=100
--alns_sigma1=10
--alns_sigma2=9
--alns_sigma3=3
--at_most_one_s=false
--gamma=0.7
--ifile=EADARP/instances/l1/a8-96.txt
--infeasible_arcs=EADARP/infeasible_arcs
--insert_charging_otf=true
--insert_cost_noise=0.014
--lns_init_temp_factor=0.0
--lns_temp_dec_factor=0.99
--log_all_sols_fname=
--mh_checkit=false
--mh_lfreq=0
--mh_lnewinc=true
--mh_tciter=-1
--mh_tctime=-1.0
--mh_titer=30000
--mh_tobj=-1.0
--mh_ttime=-1.0
--odir=EADARP/out/l1-s0-g0.7
--ofile=
--oname=a8-96_1.000_13
--only_single_s_visits=false
--prepthreshold=1.0
--repair_max_routes=0
--route_based_ops=0
--seed=878988092
--tightened_windows=EADARP/tightened_windows
--use_milp_in_otf=0
--xcheck_isfeasible=false

EADARPInstance(EADARP/instances/l1/a8-96.txt, n=96, n_K=8, S=[211, 212, 213], Q=14.85, n_F=8, γ=0.7, T_plan=720.0, F=[203, 204, 205, 206, 207, 208, 209, 210])

T preprocessing time [s]: 7.90285
I       iter             best          obj_old          obj_new        time              method info
I          1       1210.47639     100096.00000       1210.47639      0.3326                 con 
I          3       1209.48291       1210.47639       1209.48291      0.4132        drrr_15+rroi 
I          5       1191.38381       1209.48291       1191.38381      0.4809         drrr_15+rrg 
I          6       1173.00850       1191.38381       1173.00850      0.5209        drrr_15+rrri 
I          7       1171.04986       1173.00850       1171.04986      0.5757         drrr_15+rrg 
I         11       1167.34452       1171.04986       1167.34452      0.6506         drrr_15+rrg 
I         16       1154.56784       1167.34452       1154.56784      0.7283        drrr_15+rroi 
I         27       1151.77435       1154.56784       1151.77435      0.9010         drrr_15+rrg 
I         35       1148.32562       1151.77435       1148.32562      0.9808         drrr_15+rrg 
I         42       1142.43975       1148.32562       1142.43975      1.0517        drrr_15+rroi 
I         45       1140.82649       1142.43975       1140.82649      1.0918         drrr_15+rrg 
I         46       1135.83812       1140.82649       1135.83812      1.1094        drrr_15+rrri 
I         49       1127.76399       1135.83812       1127.76399      1.1336        drrr_15+rroi 
I         51       1126.89956       1127.76399       1126.89956      1.1515        drrr_15+rrri 
I         55       1125.51831       1126.89956       1125.51831      1.2010         drrr_15+rrg 
I         61       1122.76571       1125.51831       1122.76571      1.2300        drrr_15+rroi 
I         64       1120.21702       1122.76571       1120.21702      1.2493         drrr_15+rrg 
I         68       1118.65426       1120.21702       1118.65426      1.2781         drrr_15+rrg 
I         75       1116.92660       1118.65426       1116.92660      1.3511        drrr_15+rrri 
I         85       1116.92488       1116.92660       1116.92488      1.4091         drrr_15+rrg 
I         89       1114.51416       1116.92488       1114.51416      1.4292         drrr_15+rrg 
I        103       1114.23613       1114.51416       1114.23613      1.4791        drrr_15+rrri 
I        115       1113.39462       1114.23613       1113.39462      1.5247         drrr_15+rrg 
I        125       1112.35525       1113.39462       1112.35525      1.5516        drrr_15+rroi 
I        140       1112.02341       1112.35525       1112.02341      1.5988        drrr_15+rroi 
I        160       1111.90820       1112.02341       1111.90820      1.6772         drrr_15+rrg 
I        201       1105.17034       1111.90820       1105.17034      1.8057         drrr_15+rrg 
I        216       1104.92443       1105.17034       1104.92443      1.8541        drrr_15+rroi 
I        230       1104.03655       1104.92443       1104.03655      1.8798        drrr_15+rrri 
I        584       1103.65943       1104.03655       1103.65943      2.6164        drrr_15+rroi 
I        626       1103.04958       1103.65943       1103.04958      2.7673        drrr_15+rrri 
I        654       1101.08573       1103.04958       1101.08573      2.8189        drrr_15+rroi 
I        657       1100.30318       1101.08573       1100.30318      2.8264        drrr_15+rroi 
I        661       1099.21811       1100.30318       1099.21811      2.8322        drrr_15+rroi 
I        855       1099.19654       1099.21811       1099.19654      3.2054         drrr_15+rrg 
I       1457       1098.48117       1099.19654       1098.48117      4.3278        drrr_15+rroi 
I       1528       1098.02072       1098.48117       1098.02072      4.5106         drrr_15+rrg 
I       1540       1097.64182       1098.02072       1097.64182      4.5338         drrr_15+rrg 
I       1574       1097.46875       1097.64182       1097.46875      4.6201        drrr_15+rrri 
I       1664       1097.28519       1097.46875       1097.28519      4.7732        drrr_15+rroi 
I       1691       1095.13444       1097.28519       1095.13444      4.8245        drrr_15+rrri 
I       1706       1094.23875       1095.13444       1094.23875      4.8585        drrr_15+rrri 
I       1723       1093.96073       1094.23875       1093.96073      4.8925         drrr_15+rrg 
I       1776       1093.03009       1093.96073       1093.03009      4.9914        drrr_15+rroi 
I       1778       1090.76154       1093.03009       1090.76154      4.9937        drrr_15+rrri 
I       1783       1090.70904       1090.76154       1090.70904      5.0129         drrr_15+rrg 
I       1804       1088.34843       1090.70904       1088.34843      5.0895         drrr_15+rrg 
I       1816       1088.01451       1088.34843       1088.01451      5.1193        drrr_15+rrri 
I       1899       1087.17796       1088.01451       1087.17796      5.3916         drrr_15+rrg 
I       1906       1086.21772       1087.17796       1086.21772      5.4081        drrr_15+rroi 
I       1912       1086.17557       1086.21772       1086.17557      5.4184        drrr_15+rrri 
I       2057       1083.17065       1086.17557       1083.17065      5.6996        drrr_15+rrri 
I       2077       1081.82124       1083.17065       1081.82124      5.7362        drrr_15+rrri 
I       2092       1077.56112       1081.82124       1077.56112      5.7591        drrr_15+rroi 
I       2160       1077.11070       1077.56112       1077.11070      5.9139         drrr_15+rrg 
I       2279       1076.84592       1077.11070       1076.84592      6.1203        drrr_15+rrri 
I       2298       1076.23606       1076.84592       1076.23606      6.1516         drrr_15+rrg 
I       2327       1076.13091       1076.23606       1076.13091      6.2390         drrr_15+rrg 
I       2358       1075.61359       1076.13091       1075.61359      6.2767        drrr_15+rroi 
I       2364       1073.65671       1075.61359       1073.65671      6.2938        drrr_15+rrri 
I       2367       1073.37869       1073.65671       1073.37869      6.3037        drrr_15+rrri 
I       2406       1072.83131       1073.37869       1072.83131      6.3850        drrr_15+rroi 
I       3592       1071.46497       1072.83131       1071.46497      8.2583        drrr_15+rroi 
I       3634       1071.20213       1071.46497       1071.20213      8.3544         drrr_15+rrg 
I       3723       1071.07465       1071.20213       1071.07465      8.5413         drrr_15+rrg 
I       3729       1071.01217       1071.07465       1071.01217      8.5504         drrr_15+rrg 
I       3750       1070.96803       1071.01217       1070.96803      8.5806        drrr_15+rroi 
I       3784       1070.74933       1070.96803       1070.74933      8.6351         drrr_15+rrg 
I       3798       1070.36016       1070.74933       1070.36016      8.6510        drrr_15+rroi 
I       3849       1070.20195       1070.36016       1070.20195      8.7220         drrr_15+rrg 
I       4568       1068.32422       1070.20195       1068.32422      9.8224        drrr_15+rrri 
I       4592       1066.50146       1068.32422       1066.50146      9.8628        drrr_15+rroi 
I       6877       1065.35018       1066.50146       1065.35018     13.0540         drrr_15+rrg 
I       6878       1064.87466       1065.35018       1064.87466     13.0550        drrr_15+rroi 
I       6884       1064.27692       1064.87466       1064.27692     13.0808         drrr_15+rrg 
I       7551       1062.38929       1064.27692       1062.38929     14.1342        drrr_15+rrri 
I       7947       1061.84657       1062.38929       1061.84657     14.6850        drrr_15+rrri 
I       7980       1061.83078       1061.84657       1061.83078     14.7302        drrr_15+rroi 
I       9839       1061.73838       1061.83078       1061.73838     17.3244        drrr_15+rrri 
I       9843       1061.36989       1061.73838       1061.36989     17.3298        drrr_15+rrri 
I       9844       1060.89908       1061.36989       1060.89908     17.3320         drrr_15+rrg 
I       9884       1060.63624       1060.89908       1060.63624     17.3942         drrr_15+rrg 
I      30000       1060.63624       1060.63624       1075.96485     44.4783        drrr_15+rroi 

Method statistics
S  method    iter  succ  succ-rate%  tot-obj-gain  avg-obj-gain  rel-succ%  net-time  net-time%  brut-time  brut-time%
S  con          1     1   100.00000  -98885.52361  -98885.52361    0.61350   0.33257    0.74772    0.33257     0.74772
S  drrr_15  29999    81     0.27001    -149.84015      -0.00499   49.69325   1.38406    3.11176    1.38406     3.11176
S  rrg      10127    33     0.32586     -56.08472      -0.00554   20.24540  21.18082   47.62045   21.18082    47.62045
S  rroi      9992    25     0.25020     -48.53681      -0.00486   15.33742  10.33075   23.22644   10.33075    23.22644
S  rrri      9880    23     0.23279     -45.21862      -0.00458   14.11043  10.91200   24.53324   10.91200    24.53324
S  SUM/AVG  59999   163     0.27167  -99185.20391      -1.65311   20.00000  44.14020   99.23960   44.14020    99.23960

T best solution: EADARPSolution(t_routing=1318.678, t_excess=286.511, obj_val=1060.636, obj_val_valid=true,
    unserved_requests=Int64[], F_visited=[209, 205, 207, 208, 204, 206, 210, 203], S_visited=Int64[],
    (1, ([195, 65, 161, 41, 137, 23, 119, 47, 143, 35, 131, 90, 186, 18, 114, 203], Float64[], Int64[]))
    (2, ([196, 85, 181, 26, 31, 122, 127, 49, 32, 145, 128, 75, 12, 171, 108, 211, 15, 95, 11, 111, 191, 107, 72, 168, 5, 101, 76, 60, 172, 156, 211, 204], [89.90192732667958, 37.135001372542895], [16, 31]))
    (3, ([197, 4, 66, 100, 162, 33, 129, 71, 167, 80, 176, 8, 104, 69, 25, 121, 165, 52, 43, 148, 139, 3, 99, 48, 144, 211, 205], [77.80068907646414], [26]))
    (4, ([198, 92, 188, 27, 123, 28, 124, 91, 19, 115, 187, 46, 142, 61, 17, 113, 157, 45, 29, 141, 125, 1, 97, 64, 79, 160, 175, 73, 169, 211, 206], [92.04555020529794], [30]))
    (5, ([199, 96, 192, 14, 110, 20, 38, 81, 116, 134, 177, 6, 102, 36, 30, 126, 132, 93, 22, 189, 118, 74, 70, 170, 166, 7, 34, 130, 103, 24, 120, 55, 151, 211, 207], [140.7410553077734], [34]))
    (6, ([200, 63, 159, 51, 147, 87, 183, 54, 53, 149, 150, 40, 136, 211, 94, 190, 9, 105, 56, 83, 152, 179, 2, 98, 78, 174, 211, 208], [89.92862387529479, 20.566803639148628], [14, 27]))
    (7, ([201, 59, 155, 13, 109, 84, 86, 180, 182, 82, 178, 50, 44, 146, 140, 212, 37, 133, 42, 138, 10, 88, 184, 106, 211, 209], [65.45555528761827, 0.9329491349836839], [16, 25]))
    (8, ([202, 39, 135, 21, 77, 117, 173, 16, 112, 89, 185, 58, 154, 67, 163, 68, 164, 57, 153, 62, 158, 211, 210], [57.65123483061948], [22])))

T best obj: 1060.6362407914576
T best iteration: 9884
T total iterations: 30000
T best time [s]: 17.394
T total time [s]: 44.4784
