EADARP version e957-dirty
ARGS: ["--prepthreshold=1.000", "--only_single_s_visits=0", "--gamma=0.7", "--ifile=EADARP/instances/l1/a8-96.txt", "--odir=EADARP/out/l1-s0-g0.7", "--oname=a8-96_1.000_02"]
Settings:
--alns_gamma=0.025
--alns_segment_size=100
--alns_sigma1=10
--alns_sigma2=9
--alns_sigma3=3
--at_most_one_s=false
--gamma=0.7
--ifile=EADARP/instances/l1/a8-96.txt
--infeasible_arcs=EADARP/infeasible_arcs
--insert_charging_otf=true
--insert_cost_noise=0.014
--lns_init_temp_factor=0.0
--lns_temp_dec_factor=0.99
--log_all_sols_fname=
--mh_checkit=false
--mh_lfreq=0
--mh_lnewinc=true
--mh_tciter=-1
--mh_tctime=-1.0
--mh_titer=30000
--mh_tobj=-1.0
--mh_ttime=-1.0
--odir=EADARP/out/l1-s0-g0.7
--ofile=
--oname=a8-96_1.000_02
--only_single_s_visits=false
--prepthreshold=1.0
--repair_max_routes=0
--route_based_ops=0
--seed=1026964309
--tightened_windows=EADARP/tightened_windows
--use_milp_in_otf=0
--xcheck_isfeasible=false

EADARPInstance(EADARP/instances/l1/a8-96.txt, n=96, n_K=8, S=[211, 212, 213], Q=14.85, n_F=8, γ=0.7, T_plan=720.0, F=[203, 204, 205, 206, 207, 208, 209, 210])

T preprocessing time [s]: 8.8914
I       iter             best          obj_old          obj_new        time              method info
I          1       1209.55410     100096.00000       1209.55410      0.3901                 con 
I          2       1187.48776       1209.55410       1187.48776      0.4573        drrr_15+rroi 
I          3       1180.40205       1187.48776       1180.40205      0.4984         drrr_15+rrg 
I          7       1174.59261       1180.40205       1174.59261      0.6182        drrr_15+rrri 
I          8       1173.53788       1174.59261       1173.53788      0.6457         drrr_15+rrg 
I          9       1170.23343       1173.53788       1170.23343      0.6721        drrr_15+rrri 
I         12       1161.51313       1170.23343       1161.51313      0.7739         drrr_15+rrg 
I         14       1160.45903       1161.51313       1160.45903      0.8140        drrr_15+rrri 
I         16       1160.19170       1160.45903       1160.19170      0.8678         drrr_15+rrg 
I         19       1158.27882       1160.19170       1158.27882      0.9350        drrr_15+rrri 
I         20       1156.93171       1158.27882       1156.93171      0.9539        drrr_15+rroi 
I         21       1154.72430       1156.93171       1154.72430      0.9945         drrr_15+rrg 
I         23       1153.62271       1154.72430       1153.62271      1.0032        drrr_15+rroi 
I         25       1145.69734       1153.62271       1145.69734      1.0149        drrr_15+rroi 
I         30       1133.64655       1145.69734       1133.64655      1.0868        drrr_15+rrri 
I         41       1133.30969       1133.64655       1133.30969      1.2216        drrr_15+rrri 
I         43       1123.69167       1133.30969       1123.69167      1.2302        drrr_15+rroi 
I         46       1120.93907       1123.69167       1120.93907      1.2475        drrr_15+rrri 
I         57       1120.47254       1120.93907       1120.47254      1.2985        drrr_15+rrri 
I         59       1118.63507       1120.47254       1118.63507      1.3209        drrr_15+rrri 
I         63       1113.58150       1118.63507       1113.58150      1.3360        drrr_15+rroi 
I         69       1111.03093       1113.58150       1111.03093      1.4117        drrr_15+rrri 
I         72       1109.95908       1111.03093       1109.95908      1.4515         drrr_15+rrg 
I         85       1109.34923       1109.95908       1109.34923      1.5212         drrr_15+rrg 
I         86       1104.08160       1109.34923       1104.08160      1.5234         drrr_15+rrg 
I        102       1103.40772       1104.08160       1103.40772      1.6116        drrr_15+rroi 
I        107       1101.52473       1103.40772       1101.52473      1.6359        drrr_15+rroi 
I        134       1098.00981       1101.52473       1098.00981      1.7052         drrr_15+rrg 
I        253       1096.12661       1098.00981       1096.12661      2.1244        drrr_15+rrri 
I        265       1095.45273       1096.12661       1095.45273      2.1644        drrr_15+rroi 
I        273       1091.29391       1095.45273       1091.29391      2.1924         drrr_15+rrg 
I        297       1091.25176       1091.29391       1091.25176      2.4490        drrr_15+rrri 
I        334       1090.14923       1091.25176       1090.14923      2.5534         drrr_15+rrg 
I        347       1089.19607       1090.14923       1089.19607      2.5880        drrr_15+rroi 
I        464       1089.15393       1089.19607       1089.15393      2.8349        drrr_15+rrri 
I        780       1087.24020       1089.15393       1087.24020      3.4548        drrr_15+rrri 
I       1045       1087.06885       1087.24020       1087.06885      4.0077        drrr_15+rroi 
I       1158       1082.12189       1087.06885       1082.12189      4.1627        drrr_15+rroi 
I       1163       1080.73965       1082.12189       1080.73965      4.1816        drrr_15+rrri 
I       1182       1079.98022       1080.73965       1079.98022      4.2383        drrr_15+rroi 
I       1309       1078.60309       1079.98022       1078.60309      4.4891         drrr_15+rrg 
I       1342       1078.30955       1078.60309       1078.30955      4.5735         drrr_15+rrg 
I       1499       1077.96402       1078.30955       1077.96402      4.8616        drrr_15+rrri 
I       1511       1077.65694       1077.96402       1077.65694      4.8898        drrr_15+rroi 
I       2813       1075.27371       1077.65694       1075.27371      7.0135        drrr_15+rrri 
I       3485       1075.13150       1075.27371       1075.13150      8.1679        drrr_15+rroi 
I       3669       1075.11449       1075.13150       1075.11449      8.4967         drrr_15+rrg 
I       4225       1074.86345       1075.11449       1074.86345      9.3544        drrr_15+rrri 
I       4811       1074.82314       1074.86345       1074.82314     10.2236        drrr_15+rroi 
I      24440       1073.76630       1074.82314       1073.76630     38.9961        drrr_15+rroi 
I      30000       1073.76630       1073.76630       1073.76630     46.8267        drrr_15+rroi 

Method statistics
S  method    iter  succ  succ-rate%  tot-obj-gain  avg-obj-gain  rel-succ%  net-time  net-time%  brut-time  brut-time%
S  con          1     1   100.00000  -98886.44590  -98886.44590    1.01010   0.39001    0.83288    0.39001     0.83288
S  drrr_15  29999    49     0.16334    -135.78780      -0.00453   49.49495   1.50514    3.21426    1.50514     3.21426
S  rrg       9885    14     0.14163     -36.74876      -0.00372   14.14141  21.95316   46.88167   21.95316    46.88167
S  rroi     10091    17     0.16847     -58.72009      -0.00582   17.17172  10.84568   23.16129   10.84568    23.16129
S  rrri     10023    18     0.17959     -40.31895      -0.00402   18.18182  11.74948   25.09137   11.74948    25.09137
S  SUM/AVG  59999    99     0.16500  -99158.02149      -1.65266   20.00000  46.44347   99.18147   46.44347    99.18147

T best solution: EADARPSolution(t_routing=1343.861, t_excess=263.482, obj_val=1073.766, obj_val_valid=true,
    unserved_requests=Int64[], F_visited=[203, 206, 207, 208, 209, 205, 204, 210], S_visited=Int64[],
    (1, ([195, 87, 183, 89, 185, 32, 128, 75, 12, 171, 108, 212, 72, 168, 2, 98, 78, 174, 211, 203], [76.48447473567246, 13.540149860666986], [12, 19]))
    (2, ([196, 63, 159, 51, 147, 28, 124, 91, 19, 115, 187, 46, 142, 25, 121, 37, 133, 42, 138, 211, 204], [31.41596724627046], [20]))
    (3, ([197, 39, 135, 21, 77, 117, 173, 71, 92, 188, 167, 27, 123, 211, 43, 139, 3, 99, 35, 131, 90, 186, 18, 114, 211, 205], [93.1916939098227, 6.677483507250269], [14, 25]))
    (4, ([198, 4, 100, 33, 129, 16, 112, 54, 53, 149, 150, 58, 47, 154, 143, 67, 163, 68, 52, 164, 148, 15, 95, 11, 111, 191, 107, 57, 153, 62, 158, 211, 206], [89.91633013919262], [32]))
    (5, ([199, 65, 161, 30, 126, 22, 118, 74, 70, 170, 166, 7, 34, 130, 103, 50, 44, 146, 140, 211, 207], [29.586694410482036], [20]))
    (6, ([200, 96, 192, 14, 110, 66, 162, 20, 38, 116, 134, 6, 102, 36, 132, 93, 189, 26, 31, 122, 127, 49, 145, 61, 17, 113, 157, 45, 29, 141, 125, 1, 97, 64, 79, 160, 175, 73, 169, 211, 208], [169.42473526611755], [40]))
    (7, ([201, 85, 181, 81, 177, 80, 176, 8, 104, 69, 165, 40, 136, 211, 94, 190, 9, 5, 105, 101, 76, 60, 172, 156, 10, 88, 184, 106, 211, 209], [100.60262104151505, 17.759173661682066], [14, 29]))
    (8, ([202, 59, 155, 41, 137, 23, 119, 13, 109, 84, 86, 180, 182, 82, 178, 24, 120, 55, 151, 56, 83, 152, 179, 48, 144, 211, 210], [67.26182722978362], [26])))

T best obj: 1073.7663048392944
T best iteration: 24440
T total iterations: 30000
T best time [s]: 38.996
T total time [s]: 46.8268
