EADARP version 585c-dirty
ARGS: --ifile=EADARP/instances/l1/a8-96.txt --infeasible_arcs=EADARP/infeasible_arcs --gamma=0.7 --only_single_s_visits=false --odir=EADARP/out/a8-96 --oname=run18
Settings:
--alns_gamma=0.025
--alns_segment_size=100
--alns_sigma1=10
--alns_sigma2=9
--alns_sigma3=3
--at_most_one_s=false
--gamma=0.7
--ifile=EADARP/instances/l1/a8-96.txt
--infeasible_arcs=EADARP/infeasible_arcs
--insert_charging_otf=true
--insert_cost_noise=0.014
--lns_init_temp_factor=0.0
--lns_temp_dec_factor=0.99
--mh_checkit=false
--mh_lfreq=0
--mh_lnewinc=true
--mh_tciter=-1
--mh_tctime=-1.0
--mh_titer=30000
--mh_tobj=-1.0
--mh_ttime=-1.0
--odir=EADARP/out/a8-96
--oname=run18
--only_single_s_visits=false
--repair_max_routes=0
--seed=1005939492
--use_milp_in_otf=0
--xcheck_isfeasible=false

EADARPInstance(EADARP/instances/l1/a8-96.txt, n=96, n_K=8, S=[211, 212, 213], Q=14.85, n_F=8, γ=0.7, T_plan=720.0, F=[203, 204, 205, 206, 207, 208, 209, 210])

T preprocessing time [s]: 4.6822
I       iter             best          obj_old          obj_new        time              method info
I          1       1206.01169     100096.00000       1206.01169      0.4867                 con 
I          2       1204.64690       1206.01169       1204.64690      0.5642        drrr_15+rrri 
I          3       1197.25781       1204.64690       1197.25781      0.6236        drrr_15+rroi 
I          7       1190.44166       1197.25781       1190.44166      0.8417         drrr_15+rrg 
I          8       1172.22753       1190.44166       1172.22753      0.8909        drrr_15+rroi 
I          9       1171.71468       1172.22753       1171.71468      0.9318         drrr_15+rrg 
I         10       1165.69525       1171.71468       1165.69525      0.9617        drrr_15+rrri 
I         15       1159.85951       1165.69525       1159.85951      1.1650        drrr_15+rrri 
I         18       1159.83167       1159.85951       1159.83167      1.2786        drrr_15+rrri 
I         21       1149.61909       1159.83167       1149.61909      1.4192         drrr_15+rrg 
I         28       1140.80959       1149.61909       1140.80959      1.6263        drrr_15+rrri 
I         37       1140.70205       1140.80959       1140.70205      1.7393        drrr_15+rrri 
I         39       1140.39195       1140.70205       1140.39195      1.7787         drrr_15+rrg 
I         46       1140.27673       1140.39195       1140.27673      1.8624        drrr_15+rrri 
I         55       1140.04616       1140.27673       1140.04616      1.9321         drrr_15+rrg 
I         57       1132.21733       1140.04616       1132.21733      1.9614         drrr_15+rrg 
I         58       1132.06971       1132.21733       1132.06971      1.9618        drrr_15+rrri 
I         61       1131.91151       1132.06971       1131.91151      1.9865        drrr_15+rrri 
I         66       1126.71294       1131.91151       1126.71294      2.0245         drrr_15+rrg 
I         72       1126.53427       1126.71294       1126.53427      2.0743        drrr_15+rrri 
I         76       1126.24521       1126.53427       1126.24521      2.0905        drrr_15+rrri 
I         84       1125.80904       1126.24521       1125.80904      2.1638         drrr_15+rrg 
I         85       1122.61662       1125.80904       1122.61662      2.1664        drrr_15+rrri 
I         86       1116.70175       1122.61662       1116.70175      2.1701        drrr_15+rroi 
I         87       1114.79598       1116.70175       1114.79598      2.1901         drrr_15+rrg 
I         95       1114.68076       1114.79598       1114.68076      2.2705        drrr_15+rrri 
I         96       1110.90029       1114.68076       1110.90029      2.2768        drrr_15+rroi 
I        112       1110.35292       1110.90029       1110.35292      2.3420        drrr_15+rroi 
I        136       1107.62662       1110.35292       1107.62662      2.4448        drrr_15+rrri 
I        147       1107.52370       1107.62662       1107.52370      2.4798        drrr_15+rroi 
I        170       1107.40848       1107.52370       1107.40848      2.5427        drrr_15+rroi 
I        254       1104.08659       1107.40848       1104.08659      2.7653        drrr_15+rroi 
I        266       1103.21141       1104.08659       1103.21141      2.8362        drrr_15+rroi 
I        269       1102.93799       1103.21141       1102.93799      2.8398         drrr_15+rrg 
I        368       1101.06573       1102.93799       1101.06573      3.0532        drrr_15+rrri 
I        384       1100.95051       1101.06573       1100.95051      3.0989        drrr_15+rrri 
I        388       1100.90117       1100.95051       1100.90117      3.1112        drrr_15+rrri 
I        418       1097.79567       1100.90117       1097.79567      3.1604        drrr_15+rrri 
I        595       1090.15455       1097.79567       1090.15455      3.3984        drrr_15+rrri 
I        807       1089.92892       1090.15455       1089.92892      3.6705        drrr_15+rroi 
I        811       1089.81354       1089.92892       1089.81354      3.7042        drrr_15+rrri 
I        825       1089.58190       1089.81354       1089.58190      3.8001        drrr_15+rroi 
I       1207       1087.97960       1089.58190       1087.97960      4.3717         drrr_15+rrg 
I       2005       1085.27573       1087.97960       1085.27573      5.2202         drrr_15+rrg 
I       2011       1084.12722       1085.27573       1084.12722      5.2363         drrr_15+rrg 
I       2017       1084.01200       1084.12722       1084.01200      5.2459        drrr_15+rrri 
I       2055       1082.61115       1084.01200       1082.61115      5.3141        drrr_15+rroi 
I       2142       1079.22377       1082.61115       1079.22377      5.3993         drrr_15+rrg 
I       2145       1079.18948       1079.22377       1079.18948      5.4071        drrr_15+rrri 
I       2208       1079.07426       1079.18948       1079.07426      5.4846         drrr_15+rrg 
I       2272       1078.88822       1079.07426       1078.88822      5.5716        drrr_15+rrri 
I       2279       1078.73002       1078.88822       1078.73002      5.5832         drrr_15+rrg 
I       2294       1078.73002       1078.73002       1078.73002      5.5986        drrr_15+rrri 
I       3732       1076.56844       1078.73002       1076.56844      6.9079        drrr_15+rrri 
I       3736       1076.41023       1076.56844       1076.41023      6.9241        drrr_15+rrri 
I       3850       1075.00795       1076.41023       1075.00795      7.0779         drrr_15+rrg 
I       8168       1074.09479       1075.00795       1074.09479     10.2470        drrr_15+rrri 
I       8170       1073.93659       1074.09479       1073.93659     10.2748         drrr_15+rrg 
I       8335       1073.10570       1073.93659       1073.10570     10.3849        drrr_15+rroi 
I       8336       1071.68084       1073.10570       1071.68084     10.3856         drrr_15+rrg 
I       8366       1071.48710       1071.68084       1071.48710     10.4452         drrr_15+rrg 
I       8998       1071.33566       1071.48710       1071.33566     10.8196        drrr_15+rrri 
I       9006       1068.93494       1071.33566       1068.93494     10.8250        drrr_15+rrri 
I       9009       1066.93184       1068.93494       1066.93184     10.8289         drrr_15+rrg 
I       9546       1066.82157       1066.93184       1066.82157     11.2290        drrr_15+rroi 
I       9547       1066.25838       1066.82157       1066.25838     11.2293        drrr_15+rroi 
I       9656       1066.00594       1066.25838       1066.00594     11.3289        drrr_15+rrri 
I       9659       1064.17414       1066.00594       1064.17414     11.3301        drrr_15+rroi 
I       9990       1060.25196       1064.17414       1060.25196     11.5262        drrr_15+rrri 
I      10000       1060.05822       1060.25196       1060.05822     11.5517        drrr_15+rrri 
I      10020       1059.67824       1060.05822       1059.67824     11.5700        drrr_15+rrri 
I      15188       1058.02916       1059.67824       1058.02916     14.7986         drrr_15+rrg 
I      16144       1058.01155       1058.02916       1058.01155     15.4753        drrr_15+rrri 
I      30000       1058.01155       1058.01155       1061.82249     22.8519        drrr_15+rrri 

Method statistics
S  method    iter  succ  succ-rate%  tot-obj-gain  avg-obj-gain  rel-succ%  net-time  net-time%  brut-time  brut-time%
S  con          1     1   100.00000  -98889.98831  -98889.98831    0.68966   0.48667    2.12968    0.48667     2.12968
S  drrr_15  29999    72     0.24001    -148.00015      -0.00493   49.65517   0.41319    1.80811    0.41319     1.80811
S  rrg      10129    22     0.21720     -49.67177      -0.00490   15.17241   9.27115   40.57053    9.27115    40.57053
S  rroi     10018    16     0.15971     -45.45541      -0.00454   11.03448   5.40428   23.64914    5.40428    23.64914
S  rrri      9852    34     0.34511     -52.87296      -0.00537   23.44828   7.20969   31.54961    7.20969    31.54961
S  SUM/AVG  59999   145     0.24167  -99185.98860      -1.65313   20.00000  22.78499   99.70707   22.78499    99.70707

T best solution: EADARPSolution(t_routing=1328.673, t_excess=246.028, obj_val=1058.012, obj_val_valid=true,
    unserved_requests=Int64[], F_visited=[210, 209, 206, 207, 205, 208, 203, 204], S_visited=Int64[],
    (1, ([195, 4, 100, 71, 167, 27, 123, 26, 31, 122, 127, 49, 32, 145, 128, 64, 79, 160, 175, 212, 76, 60, 172, 156, 10, 88, 184, 106, 203], [90.03331208467652], [20]))
    (2, ([196, 59, 155, 38, 81, 134, 177, 28, 124, 91, 19, 115, 187, 61, 17, 113, 157, 45, 29, 141, 125, 1, 97, 48, 144, 211, 204], [77.73484394399154], [26]))
    (3, ([197, 30, 126, 7, 103, 50, 44, 146, 140, 35, 131, 90, 186, 18, 114, 211, 205], [25.519347773162306], [16]))
    (4, ([198, 65, 161, 41, 137, 6, 102, 36, 132, 93, 22, 189, 118, 74, 70, 170, 166, 34, 89, 130, 185, 82, 178, 24, 120, 55, 151, 94, 190, 9, 105, 211, 206], [110.73862056771186], [32]))
    (5, ([199, 63, 159, 51, 147, 87, 183, 23, 119, 13, 109, 84, 86, 180, 182, 58, 47, 154, 143, 67, 163, 68, 164, 57, 153, 62, 158, 211, 207], [78.82232455440099], [28]))
    (6, ([200, 96, 192, 14, 110, 66, 162, 33, 20, 129, 116, 80, 176, 69, 75, 165, 171, 52, 43, 148, 139, 15, 111, 37, 133, 42, 138, 211, 208], [75.45227300761493], [28]))
    (7, ([201, 92, 188, 8, 104, 46, 142, 25, 121, 12, 108, 73, 3, 169, 99, 56, 83, 152, 179, 2, 98, 211, 209], [53.81979595364938], [22]))
    (8, ([202, 213, 85, 181, 39, 135, 21, 77, 117, 173, 16, 112, 54, 53, 149, 150, 40, 136, 211, 95, 11, 191, 107, 72, 168, 5, 101, 78, 174, 211, 210], [0.7072607770553548, 128.3779872049114, 39.466899084693864], [2, 19, 30])))

T best obj: 1058.011545906449
T best iteration: 16144
T total iterations: 30000
T best time [s]: 15.475
T total time [s]: 22.8519
