EADARP version 2def-dirty
ARGS: --ifile=EADARP/instances/l1/a8-96.txt --odir=EADARP/out/a8-96 --oname=run29
Settings:
--alns_gamma=0.025
--alns_segment_size=100
--alns_sigma1=10
--alns_sigma2=9
--alns_sigma3=3
--at_most_one_s=false
--gamma=-1.0
--ifile=EADARP/instances/l1/a8-96.txt
--insert_charging_otf=true
--insert_cost_noise=0.014
--lns_init_temp_factor=0.0
--lns_temp_dec_factor=0.99
--mh_checkit=false
--mh_lfreq=0
--mh_lnewinc=true
--mh_tciter=-1
--mh_tctime=-1.0
--mh_titer=300
--mh_tobj=-1.0
--mh_ttime=-1.0
--odir=EADARP/out/a8-96
--oname=run29
--only_single_s_visits=true
--repair_max_routes=0
--seed=1676971865
--use_milp_in_otf=0
--xcheck_isfeasible=false

EADARPInstance(EADARP/instances/l1/a8-96.txt, n=96, n_K=8, S=[211, 212, 213], Q=14.85, n_F=8, γ=0.7, T_plan=720.0, F=[203, 204, 205, 206, 207, 208, 209, 210])

T preprocessing time [s]: 4.65259
I       iter             best          obj_old          obj_new        time              method info
I          1     100025.00000     100096.00000     100025.00000      0.3585                 con 
I          4     100023.00000     100025.00000     100023.00000      0.6146        drrr_15+rroi 
I          5     100022.00000     100023.00000     100022.00000      0.7278        drrr_15+rroi 
I          7     100019.00000     100022.00000     100019.00000      0.8976         drrr_15+rrg 
I          9     100018.00000     100019.00000     100018.00000      0.9955        drrr_15+rroi 
I         28     100017.00000     100018.00000     100017.00000      1.7445        drrr_15+rroi 
I         74     100016.00000     100017.00000     100016.00000      2.6006        drrr_15+rrri 
I         82     100015.00000     100016.00000     100015.00000      2.7638         drrr_15+rrg 
I         92     100014.00000     100015.00000     100014.00000      3.0452         drrr_15+rrg 
I        116     100013.00000     100014.00000     100013.00000      3.4982         drrr_15+rrg 
I        124     100012.00000     100013.00000     100012.00000      3.6088         drrr_15+rrg 
I        145     100011.00000     100012.00000     100011.00000      3.8717         drrr_15+rrg 
I        300     100011.00000     100011.00000     100016.00000      4.7806        drrr_15+rrri 

Method statistics
S  method    iter  succ  succ-rate%  tot-obj-gain  avg-obj-gain  rel-succ%  net-time  net-time%  brut-time  brut-time%
S  con          1     1   100.00000     -71.00000     -71.00000    4.34783   0.35851    7.49922    0.35851     7.49922
S  drrr_15    299    11     3.67893     -14.00000      -0.04682   47.82609   0.00518    0.10835    0.00518     0.10835
S  rrg         97     6     6.18557      -8.00000      -0.08247   26.08696   1.59911   33.44995    1.59911    33.44995
S  rroi        94     4     4.25532      -5.00000      -0.05319   17.39130   1.28117   26.79925    1.28117    26.79925
S  rrri       108     1     0.92593      -1.00000      -0.00926    4.34783   1.53453   32.09915    1.53453    32.09915
S  SUM/AVG    599    23     3.83973     -99.00000      -0.16528   20.00000   4.77850   99.95591    4.77850    99.95591

T best solution: EADARPSolution(t_routing=-1.0, t_excess=-1.0, obj_val=100011.0, obj_val_valid=true,
    unserved_requests=[2, 5, 11, 24, 35, 37, 50, 69, 72, 78, 94], F_visited=[208, 206, 205, 210, 203, 207, 204, 209], S_visited=[213, 212, 211],
    (1, ([195, 30, 126, 7, 34, 130, 103, 73, 169, 83, 179, 48, 144, 203], Float64[], Int64[]))
    (2, ([196, 14, 110, 66, 162, 33, 129, 31, 127, 62, 76, 158, 60, 172, 156, 204], Float64[], Int64[]))
    (3, ([197, 59, 39, 155, 135, 87, 183, 6, 102, 80, 176, 8, 104, 27, 123, 70, 49, 166, 145, 46, 142, 25, 121, 40, 136, 47, 143, 68, 164, 52, 43, 148, 139, 211, 205], [188.7840958704167], [34]))
    (4, ([198, 85, 181, 20, 38, 81, 116, 134, 177, 93, 22, 189, 118, 74, 54, 170, 150, 61, 17, 113, 157, 45, 29, 141, 125, 1, 97, 79, 95, 44, 175, 191, 140, 57, 153, 212, 206], [143.4674769808303], [36]))
    (5, ([199, 63, 159, 96, 192, 51, 147, 21, 77, 117, 173, 71, 92, 188, 167, 36, 132, 28, 124, 91, 19, 115, 187, 13, 109, 84, 86, 75, 180, 182, 171, 12, 108, 213, 90, 186, 18, 114, 207], [214.1484628721443], [34]))
    (6, ([200, 4, 100, 23, 119, 26, 122, 32, 128, 64, 15, 160, 111, 42, 138, 208], Float64[], Int64[]))
    (7, ([201, 65, 161, 41, 137, 16, 112, 89, 185, 82, 178, 3, 9, 99, 105, 209], Float64[], Int64[]))
    (8, ([202, 53, 149, 58, 154, 67, 163, 55, 151, 56, 152, 88, 10, 184, 106, 210], Float64[], Int64[])))

T best obj: 100011.0
T best iteration: 145
T total iterations: 300
T best time [s]: 3.872
T total time [s]: 4.7806
