EADARP version 585c-dirty
ARGS: --ifile=EADARP/instances/l1/a8-96.txt --infeasible_arcs=EADARP/infeasible_arcs --gamma=0.7 --only_single_s_visits=false --odir=EADARP/out/a8-96 --oname=run39
Settings:
--alns_gamma=0.025
--alns_segment_size=100
--alns_sigma1=10
--alns_sigma2=9
--alns_sigma3=3
--at_most_one_s=false
--gamma=0.7
--ifile=EADARP/instances/l1/a8-96.txt
--infeasible_arcs=EADARP/infeasible_arcs
--insert_charging_otf=true
--insert_cost_noise=0.014
--lns_init_temp_factor=0.0
--lns_temp_dec_factor=0.99
--mh_checkit=false
--mh_lfreq=0
--mh_lnewinc=true
--mh_tciter=-1
--mh_tctime=-1.0
--mh_titer=30000
--mh_tobj=-1.0
--mh_ttime=-1.0
--odir=EADARP/out/a8-96
--oname=run39
--only_single_s_visits=false
--repair_max_routes=0
--seed=678573465
--use_milp_in_otf=0
--xcheck_isfeasible=false

EADARPInstance(EADARP/instances/l1/a8-96.txt, n=96, n_K=8, S=[211, 212, 213], Q=14.85, n_F=8, γ=0.7, T_plan=720.0, F=[203, 204, 205, 206, 207, 208, 209, 210])

T preprocessing time [s]: 4.70331
I       iter             best          obj_old          obj_new        time              method info
I          1       1235.44622     100096.00000       1235.44622      0.4309                 con 
I          2       1227.56720       1235.44622       1227.56720      0.4914        drrr_15+rroi 
I          3       1213.66273       1227.56720       1213.66273      0.5392        drrr_15+rroi 
I          6       1211.33700       1213.66273       1211.33700      0.7140        drrr_15+rrri 
I          7       1205.38882       1211.33700       1205.38882      0.7712        drrr_15+rroi 
I          8       1198.94935       1205.38882       1198.94935      0.8155         drrr_15+rrg 
I         11       1198.81341       1198.94935       1198.81341      0.9596         drrr_15+rrg 
I         15       1176.98738       1198.81341       1176.98738      1.1071        drrr_15+rroi 
I         16       1163.53973       1176.98738       1163.53973      1.1965         drrr_15+rrg 
I         17       1156.24162       1163.53973       1156.24162      1.2438        drrr_15+rrri 
I         18       1153.80891       1156.24162       1153.80891      1.2668        drrr_15+rrri 
I         23       1149.94978       1153.80891       1149.94978      1.4037         drrr_15+rrg 
I         24       1146.64480       1149.94978       1146.64480      1.4173        drrr_15+rroi 
I         26       1145.95527       1146.64480       1145.95527      1.4392        drrr_15+rroi 
I         29       1144.79171       1145.95527       1144.79171      1.5049        drrr_15+rrri 
I         31       1141.59045       1144.79171       1141.59045      1.5725         drrr_15+rrg 
I         35       1140.79661       1141.59045       1140.79661      1.6866        drrr_15+rrri 
I         45       1137.55889       1140.79661       1137.55889      1.8260         drrr_15+rrg 
I         46       1137.00876       1137.55889       1137.00876      1.8301         drrr_15+rrg 
I         48       1132.65356       1137.00876       1132.65356      1.8529         drrr_15+rrg 
I         52       1131.37223       1132.65356       1131.37223      1.9423        drrr_15+rrri 
I         56       1130.20468       1131.37223       1130.20468      1.9799         drrr_15+rrg 
I         77       1129.20804       1130.20468       1129.20804      2.1193        drrr_15+rrri 
I         86       1124.61081       1129.20804       1124.61081      2.1628        drrr_15+rrri 
I        122       1124.49559       1124.61081       1124.49559      2.3185        drrr_15+rroi 
I        259       1123.28941       1124.49559       1123.28941      2.5985        drrr_15+rrri 
I        266       1123.17419       1123.28941       1123.17419      2.6163         drrr_15+rrg 
I        336       1122.45185       1123.17419       1122.45185      2.7406        drrr_15+rroi 
I        342       1121.14172       1122.45185       1121.14172      2.7564         drrr_15+rrg 
I        387       1117.17107       1121.14172       1117.17107      2.7976         drrr_15+rrg 
I        507       1115.07464       1117.17107       1115.07464      2.9610        drrr_15+rroi 
I        512       1113.74551       1115.07464       1113.74551      2.9722         drrr_15+rrg 
I        528       1113.30160       1113.74551       1113.30160      3.0978         drrr_15+rrg 
I        540       1113.09064       1113.30160       1113.09064      3.1187        drrr_15+rrri 
I        581       1110.58507       1113.09064       1110.58507      3.2928         drrr_15+rrg 
I        585       1108.96163       1110.58507       1108.96163      3.3231         drrr_15+rrg 
I        588       1103.79797       1108.96163       1103.79797      3.3666        drrr_15+rrri 
I        597       1102.59956       1103.79797       1102.59956      3.4233         drrr_15+rrg 
I        599       1102.28127       1102.59956       1102.28127      3.4376        drrr_15+rroi 
I        606       1101.01577       1102.28127       1101.01577      3.4935        drrr_15+rrri 
I        624       1099.65150       1101.01577       1099.65150      3.6027        drrr_15+rroi 
I        627       1099.44054       1099.65150       1099.44054      3.6205         drrr_15+rrg 
I        635       1098.76975       1099.44054       1098.76975      3.6479        drrr_15+rroi 
I        669       1094.02288       1098.76975       1094.02288      3.8343        drrr_15+rrri 
I        673       1092.27351       1094.02288       1092.27351      3.8511         drrr_15+rrg 
I        675       1090.45074       1092.27351       1090.45074      3.8637        drrr_15+rrri 
I        867       1089.24758       1090.45074       1089.24758      4.3201        drrr_15+rrri 
I        899       1089.17302       1089.24758       1089.17302      4.3583        drrr_15+rrri 
I        914       1087.99295       1089.17302       1087.99295      4.4061        drrr_15+rroi 
I       1217       1087.74142       1087.99295       1087.74142      4.8592         drrr_15+rrg 
I       1378       1086.71568       1087.74142       1086.71568      5.0073        drrr_15+rrri 
I       1403       1086.23784       1086.71568       1086.23784      5.0434        drrr_15+rroi 
I       1408       1086.02688       1086.23784       1086.02688      5.0492        drrr_15+rrri 
I       1424       1085.91166       1086.02688       1085.91166      5.0628         drrr_15+rrg 
I       1429       1084.90203       1085.91166       1084.90203      5.0828        drrr_15+rrri 
I       1462       1084.57401       1084.90203       1084.57401      5.1167         drrr_15+rrg 
I       1463       1084.53747       1084.57401       1084.53747      5.1174         drrr_15+rrg 
I       1472       1084.42225       1084.53747       1084.42225      5.1428        drrr_15+rrri 
I       1475       1081.75326       1084.42225       1081.75326      5.1444         drrr_15+rrg 
I       1561       1080.98379       1081.75326       1080.98379      5.2400        drrr_15+rroi 
I       3024       1080.60659       1080.98379       1080.60659      6.4968         drrr_15+rrg 
I       3178       1080.53019       1080.60659       1080.53019      6.5790        drrr_15+rrri 
I       4163       1076.39587       1080.53019       1076.39587      7.3789        drrr_15+rroi 
I       4177       1075.42631       1076.39587       1075.42631      7.3924        drrr_15+rroi 
I       5706       1074.80029       1075.42631       1074.80029      8.5334         drrr_15+rrg 
I       5722       1071.12082       1074.80029       1071.12082      8.5394         drrr_15+rrg 
I      30000       1071.12082       1071.12082       1107.71468     21.3384        drrr_15+rroi 

Method statistics
S  method    iter  succ  succ-rate%  tot-obj-gain  avg-obj-gain  rel-succ%  net-time  net-time%  brut-time  brut-time%
S  con          1     1   100.00000  -98860.55378  -98860.55378    0.76336   0.43089    2.01933    0.43089     2.01933
S  drrr_15  29999    65     0.21667    -164.32540      -0.00548   49.61832   0.42704    2.00128    0.42704     2.00128
S  rrg       9891    27     0.27298     -58.93383      -0.00596   20.61069   8.42596   39.48716    8.42596    39.48716
S  rroi     10109    17     0.16817     -66.37082      -0.00657   12.97710   5.21957   24.46084    5.21957    24.46084
S  rrri      9999    21     0.21002     -39.02075      -0.00390   16.03053   6.74293   31.59986    6.74293    31.59986
S  SUM/AVG  59999   131     0.21834  -99189.20458      -1.65318   20.00000  21.24640   99.56847   21.24640    99.56847

T best solution: EADARPSolution(t_routing=1321.704, t_excess=319.371, obj_val=1071.121, obj_val_valid=true,
    unserved_requests=Int64[], F_visited=[210, 203, 205, 206, 208, 207, 209, 204], S_visited=Int64[],
    (1, ([195, 28, 124, 91, 19, 115, 187, 46, 142, 61, 17, 113, 157, 3, 9, 99, 105, 5, 76, 101, 60, 172, 156, 211, 203], [61.42346850562739], [24]))
    (2, ([196, 63, 159, 51, 147, 87, 77, 183, 173, 71, 92, 188, 167, 27, 123, 53, 149, 212, 58, 47, 154, 143, 67, 163, 68, 164, 72, 168, 90, 186, 211, 204], [84.33294825519346, 41.721090441172414], [18, 31]))
    (3, ([197, 96, 192, 14, 110, 20, 38, 81, 116, 134, 177, 6, 102, 36, 30, 126, 132, 93, 22, 189, 118, 54, 49, 150, 145, 75, 12, 171, 108, 211, 94, 190, 78, 174, 211, 205], [152.38625352725376, 14.735082500898402], [30, 35]))
    (4, ([198, 65, 161, 80, 176, 8, 104, 69, 25, 121, 165, 82, 178, 24, 120, 55, 151, 37, 133, 42, 138, 211, 206], [44.53331382668843], [22]))
    (5, ([199, 41, 137, 23, 119, 70, 74, 170, 166, 7, 34, 130, 103, 45, 29, 141, 125, 64, 79, 160, 175, 73, 169, 56, 83, 152, 179, 48, 144, 211, 207], [75.09310821684599], [30]))
    (6, ([200, 4, 66, 100, 162, 33, 129, 13, 109, 84, 86, 180, 182, 15, 95, 11, 111, 191, 107, 57, 153, 62, 158, 211, 208], [22.89030127067807], [24]))
    (7, ([201, 85, 181, 39, 135, 21, 117, 26, 122, 31, 127, 40, 136, 211, 50, 44, 146, 140, 35, 131, 2, 98, 18, 114, 211, 209], [100.85041081144985, 11.86219483300495], [14, 25]))
    (8, ([202, 59, 155, 16, 112, 89, 185, 32, 128, 1, 97, 52, 43, 148, 139, 213, 88, 10, 184, 106, 210], [63.87583460102771], [16])))

T best obj: 1071.120822490377
T best iteration: 5722
T total iterations: 30000
T best time [s]: 8.539
T total time [s]: 21.3385
