EADARP version 2def-dirty
ARGS: --ifile=EADARP/instances/l1/a8-96.txt --odir=EADARP/out/a8-96 --oname=run32
Settings:
--alns_gamma=0.025
--alns_segment_size=100
--alns_sigma1=10
--alns_sigma2=9
--alns_sigma3=3
--at_most_one_s=false
--gamma=-1.0
--ifile=EADARP/instances/l1/a8-96.txt
--insert_charging_otf=true
--insert_cost_noise=0.014
--lns_init_temp_factor=0.0
--lns_temp_dec_factor=0.99
--mh_checkit=false
--mh_lfreq=0
--mh_lnewinc=true
--mh_tciter=-1
--mh_tctime=-1.0
--mh_titer=300
--mh_tobj=-1.0
--mh_ttime=-1.0
--odir=EADARP/out/a8-96
--oname=run32
--only_single_s_visits=true
--repair_max_routes=0
--seed=450155600
--use_milp_in_otf=0
--xcheck_isfeasible=false

EADARPInstance(EADARP/instances/l1/a8-96.txt, n=96, n_K=8, S=[211, 212, 213], Q=14.85, n_F=8, γ=0.7, T_plan=720.0, F=[203, 204, 205, 206, 207, 208, 209, 210])

T preprocessing time [s]: 4.5524
I       iter             best          obj_old          obj_new        time              method info
I          1     100023.00000     100096.00000     100023.00000      0.3619                 con 
I          4     100020.00000     100023.00000     100020.00000      0.5826         drrr_15+rrg 
I          8     100018.00000     100020.00000     100018.00000      0.8600         drrr_15+rrg 
I         15     100016.00000     100018.00000     100016.00000      1.1980        drrr_15+rroi 
I         31     100015.00000     100016.00000     100015.00000      1.7235         drrr_15+rrg 
I         37     100013.00000     100015.00000     100013.00000      1.8910         drrr_15+rrg 
I         74     100012.00000     100013.00000     100012.00000      2.6412         drrr_15+rrg 
I        120     100011.00000     100012.00000     100011.00000      3.0971        drrr_15+rroi 
I        283     100010.00000     100011.00000     100010.00000      4.6298         drrr_15+rrg 
I        300     100010.00000     100010.00000     100011.00000      4.7566        drrr_15+rroi 

Method statistics
S  method    iter  succ  succ-rate%  tot-obj-gain  avg-obj-gain  rel-succ%  net-time  net-time%  brut-time  brut-time%
S  con          1     1   100.00000     -73.00000     -73.00000    5.88235   0.36186    7.60744    0.36186     7.60744
S  drrr_15    299     8     2.67559     -13.00000      -0.04348   47.05882   0.00625    0.13146    0.00625     0.13146
S  rrg         95     6     6.31579     -10.00000      -0.10526   35.29412   1.57902   33.19608    1.57902    33.19608
S  rroi       102     2     1.96078      -3.00000      -0.02941   11.76471   1.16438   24.47907    1.16438    24.47907
S  rrri       102     0     0.00000       0.00000       0.00000    0.00000   1.63451   34.36277    1.63451    34.36277
S  SUM/AVG    599    17     2.83806     -99.00000      -0.16528   20.00000   4.74602   99.77683    4.74602    99.77683

T best solution: EADARPSolution(t_routing=-1.0, t_excess=-1.0, obj_val=100010.0, obj_val_valid=true,
    unserved_requests=[2, 3, 5, 11, 24, 32, 70, 72, 78, 90], F_visited=[206, 207, 205, 204, 209, 210, 203, 208], S_visited=[212, 211, 213],
    (1, ([195, 39, 135, 21, 77, 117, 173, 71, 167, 27, 123, 23, 26, 119, 122, 31, 127, 49, 53, 149, 145, 69, 165, 40, 136, 12, 47, 108, 143, 68, 164, 52, 43, 148, 139, 213, 203], [190.8341818607776], [36]))
    (2, ([196, 30, 126, 34, 89, 130, 185, 73, 169, 56, 83, 152, 179, 48, 144, 204], Float64[], Int64[]))
    (3, ([197, 4, 66, 100, 162, 33, 129, 64, 79, 160, 175, 76, 37, 133, 172, 205], Float64[], Int64[]))
    (4, ([198, 63, 159, 96, 192, 14, 110, 59, 155, 41, 87, 183, 137, 16, 112, 28, 124, 91, 19, 115, 187, 13, 109, 84, 180, 211, 94, 190, 9, 105, 35, 131, 88, 10, 184, 106, 206], [185.16614294611006], [26]))
    (5, ([199, 51, 65, 161, 147, 6, 102, 46, 142, 25, 121, 42, 60, 138, 156, 207], Float64[], Int64[]))
    (6, ([200, 92, 8, 104, 188, 61, 17, 113, 157, 45, 29, 141, 125, 95, 15, 191, 111, 208], Float64[], Int64[]))
    (7, ([201, 82, 178, 50, 44, 146, 140, 57, 153, 62, 158, 18, 114, 209], Float64[], Int64[]))
    (8, ([202, 85, 181, 20, 38, 81, 116, 134, 177, 80, 176, 36, 132, 93, 22, 189, 118, 74, 54, 170, 150, 7, 103, 86, 75, 182, 58, 171, 154, 1, 67, 97, 163, 55, 151, 212, 210], [175.07250623052693], [36])))

T best obj: 100010.0
T best iteration: 283
T total iterations: 300
T best time [s]: 4.630
T total time [s]: 4.7566
