EADARP version 585c-dirty
ARGS: --ifile=EADARP/instances/l1/a8-96.txt --infeasible_arcs=EADARP/infeasible_arcs --gamma=0.7 --only_single_s_visits=false --odir=EADARP/out/a8-96 --oname=run49
Settings:
--alns_gamma=0.025
--alns_segment_size=100
--alns_sigma1=10
--alns_sigma2=9
--alns_sigma3=3
--at_most_one_s=false
--gamma=0.7
--ifile=EADARP/instances/l1/a8-96.txt
--infeasible_arcs=EADARP/infeasible_arcs
--insert_charging_otf=true
--insert_cost_noise=0.014
--lns_init_temp_factor=0.0
--lns_temp_dec_factor=0.99
--mh_checkit=false
--mh_lfreq=0
--mh_lnewinc=true
--mh_tciter=-1
--mh_tctime=-1.0
--mh_titer=30000
--mh_tobj=-1.0
--mh_ttime=-1.0
--odir=EADARP/out/a8-96
--oname=run49
--only_single_s_visits=false
--repair_max_routes=0
--seed=881095834
--use_milp_in_otf=0
--xcheck_isfeasible=false

EADARPInstance(EADARP/instances/l1/a8-96.txt, n=96, n_K=8, S=[211, 212, 213], Q=14.85, n_F=8, γ=0.7, T_plan=720.0, F=[203, 204, 205, 206, 207, 208, 209, 210])

T preprocessing time [s]: 4.64264
I       iter             best          obj_old          obj_new        time              method info
I          1       1221.89599     100096.00000       1221.89599      0.4280                 con 
I          2       1211.24687       1221.89599       1211.24687      0.5069        drrr_15+rrri 
I          3       1201.31779       1211.24687       1201.31779      0.5817        drrr_15+rroi 
I          5       1196.86847       1201.31779       1196.86847      0.6733         drrr_15+rrg 
I          7       1195.63948       1196.86847       1195.63948      0.7919         drrr_15+rrg 
I          9       1181.17539       1195.63948       1181.17539      0.8625        drrr_15+rroi 
I         10       1176.20241       1181.17539       1176.20241      0.8913        drrr_15+rroi 
I         13       1166.94948       1176.20241       1166.94948      0.9568        drrr_15+rrri 
I         14       1160.66179       1166.94948       1160.66179      0.9905        drrr_15+rrri 
I         16       1149.50679       1160.66179       1149.50679      1.0217        drrr_15+rrri 
I         17       1136.34852       1149.50679       1136.34852      1.0486        drrr_15+rroi 
I         21       1132.18780       1136.34852       1132.18780      1.1844        drrr_15+rroi 
I         24       1125.99869       1132.18780       1125.99869      1.2636         drrr_15+rrg 
I         26       1124.01634       1125.99869       1124.01634      1.2952        drrr_15+rroi 
I         29       1116.47670       1124.01634       1116.47670      1.3720         drrr_15+rrg 
I         37       1113.72256       1116.47670       1113.72256      1.5475        drrr_15+rrri 
I         38       1112.19924       1113.72256       1112.19924      1.5983        drrr_15+rrri 
I         39       1107.46107       1112.19924       1107.46107      1.6114         drrr_15+rrg 
I         41       1106.89358       1107.46107       1106.89358      1.6244        drrr_15+rrri 
I         55       1106.48895       1106.89358       1106.48895      1.8017         drrr_15+rrg 
I         56       1105.96457       1106.48895       1105.96457      1.8021        drrr_15+rroi 
I         73       1103.03240       1105.96457       1103.03240      1.9381         drrr_15+rrg 
I         76       1099.82141       1103.03240       1099.82141      1.9741         drrr_15+rrg 
I         99       1098.62847       1099.82141       1098.62847      2.1346         drrr_15+rrg 
I        102       1097.16400       1098.62847       1097.16400      2.1449        drrr_15+rroi 
I        107       1094.90694       1097.16400       1094.90694      2.2098        drrr_15+rrri 
I        108       1094.65765       1094.90694       1094.65765      2.2184         drrr_15+rrg 
I        154       1091.31846       1094.65765       1091.31846      2.3365         drrr_15+rrg 
I        155       1090.78560       1091.31846       1090.78560      2.3383        drrr_15+rrri 
I        166       1090.68733       1090.78560       1090.68733      2.3578        drrr_15+rrri 
I        173       1087.94214       1090.68733       1087.94214      2.4000        drrr_15+rroi 
I        175       1087.60528       1087.94214       1087.60528      2.4153         drrr_15+rrg 
I        187       1083.85695       1087.60528       1083.85695      2.4848         drrr_15+rrg 
I        204       1083.79775       1083.85695       1083.79775      2.5252        drrr_15+rrri 
I        223       1083.36555       1083.79775       1083.36555      2.6060         drrr_15+rrg 
I        240       1081.79317       1083.36555       1081.79317      2.6403         drrr_15+rrg 
I        242       1080.85024       1081.79317       1080.85024      2.6452        drrr_15+rroi 
I        244       1079.53868       1080.85024       1079.53868      2.6555        drrr_15+rrri 
I        292       1079.29993       1079.53868       1079.29993      2.7706         drrr_15+rrg 
I        409       1077.38827       1079.29993       1077.38827      3.0009        drrr_15+rrri 
I        423       1075.80766       1077.38827       1075.80766      3.0154        drrr_15+rrri 
I        611       1074.68247       1075.80766       1074.68247      3.2692        drrr_15+rroi 
I        612       1073.84849       1074.68247       1073.84849      3.2910        drrr_15+rroi 
I        622       1072.29772       1073.84849       1072.29772      3.3150        drrr_15+rroi 
I        629       1072.26776       1072.29772       1072.26776      3.3527        drrr_15+rroi 
I        662       1072.15254       1072.26776       1072.15254      3.4478        drrr_15+rrri 
I        713       1069.78182       1072.15254       1069.78182      3.5417        drrr_15+rroi 
I        714       1069.10794       1069.78182       1069.10794      3.5424         drrr_15+rrg 
I       2016       1064.42420       1069.10794       1064.42420      4.9070        drrr_15+rrri 
I       2019       1064.30898       1064.42420       1064.30898      4.9094        drrr_15+rrri 
I       2872       1064.10964       1064.30898       1064.10964      5.6053        drrr_15+rrri 
I      13412       1063.93150       1064.10964       1063.93150     12.3461        drrr_15+rrri 
I      13413       1063.69985       1063.93150       1063.69985     12.3465        drrr_15+rrri 
I      13437       1062.08611       1063.69985       1062.08611     12.3572        drrr_15+rrri 
I      13438       1060.40551       1062.08611       1060.40551     12.3576        drrr_15+rrri 
I      18217       1059.54288       1060.40551       1059.54288     15.1857         drrr_15+rrg 
I      30000       1059.54288       1059.54288       1103.34560     21.5400        drrr_15+rroi 

Method statistics
S  method    iter  succ  succ-rate%  tot-obj-gain  avg-obj-gain  rel-succ%  net-time  net-time%  brut-time  brut-time%
S  con          1     1   100.00000  -98874.10401  -98874.10401    0.90090   0.42802    1.98708    0.42802     1.98708
S  drrr_15  29999    55     0.18334    -162.35310      -0.00541   49.54955   0.44627    2.07180    0.44627     2.07180
S  rrg       9962    18     0.18069     -43.33948      -0.00435   16.21622   8.43053   39.13892    8.43053    39.13892
S  rroi      9996    15     0.15006     -60.25508      -0.00603   13.51351   5.20570   24.16757    5.20570    24.16757
S  rrri     10041    22     0.21910     -58.75854      -0.00585   19.81982   6.94700   32.25162    6.94700    32.25162
S  SUM/AVG  59999   111     0.18500  -99198.81022      -1.65334   20.00000  21.45752   99.61699   21.45752    99.61699

T best solution: EADARPSolution(t_routing=1326.439, t_excess=258.855, obj_val=1059.543, obj_val_valid=true,
    unserved_requests=Int64[], F_visited=[210, 203, 207, 208, 204, 209, 206, 205], S_visited=Int64[],
    (1, ([195, 63, 159, 51, 147, 87, 77, 183, 173, 71, 92, 188, 167, 27, 123, 53, 149, 211, 56, 83, 152, 179, 2, 10, 98, 106, 203], [83.9072547267425], [18]))
    (2, ([196, 4, 100, 70, 54, 166, 150, 7, 103, 78, 174, 211, 204], [11.388335659770602], [12]))
    (3, ([197, 39, 135, 21, 6, 117, 102, 36, 30, 132, 126, 22, 118, 74, 170, 34, 89, 130, 185, 82, 178, 95, 11, 191, 107, 57, 153, 62, 158, 211, 205], [95.9554259897267], [30]))
    (4, ([198, 91, 187, 46, 142, 61, 17, 113, 157, 45, 29, 141, 125, 1, 97, 64, 79, 160, 175, 73, 3, 169, 99, 48, 144, 211, 206], [75.45333047301317], [26]))
    (5, ([199, 96, 192, 14, 110, 66, 162, 33, 20, 129, 116, 80, 176, 8, 104, 213, 13, 109, 84, 86, 180, 182, 58, 154, 67, 163, 68, 164, 72, 168, 5, 101, 76, 60, 172, 156, 211, 207], [86.38705802170831, 56.68375577509644], [16, 37]))
    (6, ([200, 65, 161, 41, 137, 23, 119, 47, 143, 52, 43, 148, 139, 15, 111, 94, 190, 9, 105, 88, 184, 211, 208], [34.295534935138825], [22]))
    (7, ([201, 59, 155, 38, 81, 134, 177, 93, 189, 26, 31, 122, 127, 49, 32, 145, 128, 75, 12, 171, 108, 24, 120, 55, 151, 212, 37, 133, 42, 138, 211, 209], [84.02304059834591, 42.55889550594068], [26, 31]))
    (8, ([202, 85, 181, 16, 112, 28, 19, 124, 115, 25, 69, 121, 165, 40, 136, 211, 50, 44, 146, 140, 35, 131, 90, 186, 18, 114, 211, 210], [93.98111025960691, 13.804999534307443], [16, 27])))

T best obj: 1059.5428809906168
T best iteration: 18217
T total iterations: 30000
T best time [s]: 15.186
T total time [s]: 21.5400
