EADARP version 2def-dirty
ARGS: --ifile=EADARP/instances/l1/a8-96.txt --odir=EADARP/out/a8-96 --oname=run59
Settings:
--alns_gamma=0.025
--alns_segment_size=100
--alns_sigma1=10
--alns_sigma2=9
--alns_sigma3=3
--at_most_one_s=false
--gamma=-1.0
--ifile=EADARP/instances/l1/a8-96.txt
--insert_charging_otf=true
--insert_cost_noise=0.014
--lns_init_temp_factor=0.0
--lns_temp_dec_factor=0.99
--mh_checkit=false
--mh_lfreq=0
--mh_lnewinc=true
--mh_tciter=-1
--mh_tctime=-1.0
--mh_titer=300
--mh_tobj=-1.0
--mh_ttime=-1.0
--odir=EADARP/out/a8-96
--oname=run59
--only_single_s_visits=true
--repair_max_routes=0
--seed=1385522620
--use_milp_in_otf=0
--xcheck_isfeasible=false

EADARPInstance(EADARP/instances/l1/a8-96.txt, n=96, n_K=8, S=[211, 212, 213], Q=14.85, n_F=8, γ=0.7, T_plan=720.0, F=[203, 204, 205, 206, 207, 208, 209, 210])

T preprocessing time [s]: 4.48656
I       iter             best          obj_old          obj_new        time              method info
I          1     100024.00000     100096.00000     100024.00000      0.3270                 con 
I          2     100021.00000     100024.00000     100021.00000      0.4633         drrr_15+rrg 
I          4     100020.00000     100021.00000     100020.00000      0.6393         drrr_15+rrg 
I         14     100019.00000     100020.00000     100019.00000      1.0744        drrr_15+rrri 
I         15     100018.00000     100019.00000     100018.00000      1.1353         drrr_15+rrg 
I         24     100017.00000     100018.00000     100017.00000      1.5111        drrr_15+rrri 
I         80     100016.00000     100017.00000     100016.00000      2.9226        drrr_15+rrri 
I        107     100015.00000     100016.00000     100015.00000      3.6201         drrr_15+rrg 
I        111     100014.00000     100015.00000     100014.00000      3.7026        drrr_15+rrri 
I        126     100013.00000     100014.00000     100013.00000      3.9520        drrr_15+rroi 
I        180     100012.00000     100013.00000     100012.00000      4.5430        drrr_15+rrri 
I        300     100012.00000     100012.00000     100012.00000      5.4813        drrr_15+rroi 

Method statistics
S  method    iter  succ  succ-rate%  tot-obj-gain  avg-obj-gain  rel-succ%  net-time  net-time%  brut-time  brut-time%
S  con          1     1   100.00000     -72.00000     -72.00000    4.76190   0.32696    5.96498    0.32696     5.96498
S  drrr_15    299    10     3.34448     -12.00000      -0.04013   47.61905   0.00496    0.09058    0.00496     0.09058
S  rrg         92     4     4.34783      -6.00000      -0.06522   19.04762   1.66804   30.43123    1.66804    30.43123
S  rroi       102     1     0.98039      -1.00000      -0.00980    4.76190   1.66784   30.42766    1.66784    30.42766
S  rrri       105     5     4.76190      -5.00000      -0.04762   23.80952   1.81168   33.05184    1.81168    33.05184
S  SUM/AVG    599    21     3.50584     -96.00000      -0.16027   20.00000   5.47948   99.96629    5.47948    99.96629

T best solution: EADARPSolution(t_routing=-1.0, t_excess=-1.0, obj_val=100012.0, obj_val_valid=true,
    unserved_requests=[47, 5, 11, 44, 72, 3, 78, 76, 50, 2, 35, 51], F_visited=[204, 209, 207, 206, 208, 210, 203, 205], S_visited=[213, 211, 212],
    (1, ([195, 65, 161, 92, 188, 61, 17, 113, 82, 157, 178, 24, 120, 55, 151, 203], Float64[], Int64[]))
    (2, ([196, 85, 181, 59, 39, 155, 135, 80, 176, 8, 104, 27, 123, 22, 118, 70, 166, 89, 185, 32, 84, 128, 180, 45, 29, 141, 125, 1, 97, 64, 79, 160, 175, 211, 204], [185.76615623732647], [34]))
    (3, ([197, 63, 159, 96, 192, 21, 77, 117, 173, 71, 167, 36, 30, 132, 93, 126, 189, 26, 31, 122, 127, 49, 145, 69, 75, 165, 171, 212, 56, 83, 152, 179, 48, 144, 60, 156, 10, 88, 184, 106, 205], [188.57305095976903], [28]))
    (4, ([198, 4, 66, 100, 162, 33, 129, 41, 137, 6, 102, 16, 112, 28, 124, 91, 19, 115, 187, 46, 142, 25, 121, 12, 58, 108, 154, 67, 163, 68, 52, 164, 148, 15, 73, 111, 169, 213, 206], [155.7789000742913], [38]))
    (5, ([199, 23, 119, 13, 109, 86, 182, 40, 136, 94, 190, 9, 105, 207], Float64[], Int64[]))
    (6, ([200, 87, 183, 54, 74, 170, 150, 43, 139, 90, 186, 18, 114, 208], Float64[], Int64[]))
    (7, ([201, 14, 110, 20, 38, 81, 116, 134, 177, 57, 153, 62, 158, 209], Float64[], Int64[]))
    (8, ([202, 53, 149, 7, 34, 130, 103, 95, 191, 37, 133, 42, 138, 210], Float64[], Int64[])))

T best obj: 100012.0
T best iteration: 180
T total iterations: 300
T best time [s]: 4.543
T total time [s]: 5.4813
