EADARP version 2def-dirty
ARGS: --ifile=EADARP/instances/l1/a8-96.txt --odir=EADARP/out/a8-96 --oname=run52
Settings:
--alns_gamma=0.025
--alns_segment_size=100
--alns_sigma1=10
--alns_sigma2=9
--alns_sigma3=3
--at_most_one_s=false
--gamma=-1.0
--ifile=EADARP/instances/l1/a8-96.txt
--insert_charging_otf=true
--insert_cost_noise=0.014
--lns_init_temp_factor=0.0
--lns_temp_dec_factor=0.99
--mh_checkit=false
--mh_lfreq=0
--mh_lnewinc=true
--mh_tciter=-1
--mh_tctime=-1.0
--mh_titer=300
--mh_tobj=-1.0
--mh_ttime=-1.0
--odir=EADARP/out/a8-96
--oname=run52
--only_single_s_visits=true
--repair_max_routes=0
--seed=594119314
--use_milp_in_otf=0
--xcheck_isfeasible=false

EADARPInstance(EADARP/instances/l1/a8-96.txt, n=96, n_K=8, S=[211, 212, 213], Q=14.85, n_F=8, γ=0.7, T_plan=720.0, F=[203, 204, 205, 206, 207, 208, 209, 210])

T preprocessing time [s]: 4.60546
I       iter             best          obj_old          obj_new        time              method info
I          1     100026.00000     100096.00000     100026.00000      0.3714                 con 
I          5     100024.00000     100026.00000     100024.00000      0.6676         drrr_15+rrg 
I          7     100022.00000     100024.00000     100022.00000      0.8349         drrr_15+rrg 
I         13     100019.00000     100022.00000     100019.00000      1.1775         drrr_15+rrg 
I         15     100018.00000     100019.00000     100018.00000      1.3186         drrr_15+rrg 
I         23     100017.00000     100018.00000     100017.00000      1.5910         drrr_15+rrg 
I         69     100016.00000     100017.00000     100016.00000      3.1021        drrr_15+rroi 
I        100     100015.00000     100016.00000     100015.00000      3.9423        drrr_15+rroi 
I        104     100014.00000     100015.00000     100014.00000      4.0242        drrr_15+rroi 
I        114     100013.00000     100014.00000     100013.00000      4.2072        drrr_15+rroi 
I        230     100012.00000     100013.00000     100012.00000      5.2993         drrr_15+rrg 
I        263     100011.00000     100012.00000     100011.00000      5.5254        drrr_15+rrri 
I        300     100011.00000     100011.00000     100016.00000      5.7131        drrr_15+rrri 

Method statistics
S  method    iter  succ  succ-rate%  tot-obj-gain  avg-obj-gain  rel-succ%  net-time  net-time%  brut-time  brut-time%
S  con          1     1   100.00000     -70.00000     -70.00000    4.34783   0.37136    6.50009    0.37136     6.50009
S  drrr_15    299    11     3.67893     -15.00000      -0.05017   47.82609   0.00611    0.10695    0.00611     0.10695
S  rrg        103     6     5.82524     -10.00000      -0.09709   26.08696   2.34856   41.10817    2.34856    41.10817
S  rroi        89     4     4.49438      -4.00000      -0.04494   17.39130   1.28790   22.54284    1.28790    22.54284
S  rrri       107     1     0.93458      -1.00000      -0.00935    4.34783   1.68913   29.56575    1.68913    29.56575
S  SUM/AVG    599    23     3.83973    -100.00000      -0.16694   20.00000   5.70305   99.82378    5.70305    99.82378

T best solution: EADARPSolution(t_routing=-1.0, t_excess=-1.0, obj_val=100011.0, obj_val_valid=true,
    unserved_requests=[2, 76, 35, 78, 3, 54, 72, 7, 24, 55, 5], F_visited=[205, 203, 204, 210, 207, 209, 206, 208], S_visited=[213, 211, 212],
    (1, ([195, 39, 135, 21, 77, 117, 173, 71, 8, 167, 104, 27, 123, 26, 31, 122, 127, 49, 32, 145, 128, 69, 75, 165, 171, 47, 143, 1, 97, 52, 43, 148, 139, 213, 203], [186.36962324884098], [34]))
    (2, ([196, 85, 181, 59, 20, 38, 155, 116, 134, 80, 176, 36, 30, 132, 126, 22, 118, 74, 70, 170, 166, 40, 61, 17, 136, 113, 157, 45, 29, 141, 125, 64, 79, 160, 175, 73, 169, 211, 204], [172.59151368112202], [38]))
    (3, ([197, 96, 192, 6, 102, 48, 37, 133, 144, 42, 60, 138, 156, 205], Float64[], Int64[]))
    (4, ([198, 14, 110, 16, 112, 50, 44, 146, 140, 56, 152, 206], Float64[], Int64[]))
    (5, ([199, 65, 161, 92, 188, 46, 142, 25, 121, 94, 190, 90, 186, 18, 114, 207], Float64[], Int64[]))
    (6, ([200, 41, 137, 23, 119, 13, 109, 9, 105, 83, 179, 88, 10, 184, 106, 208], Float64[], Int64[]))
    (7, ([201, 4, 66, 100, 162, 33, 129, 84, 180, 82, 178, 11, 15, 111, 107, 57, 153, 62, 158, 209], Float64[], Int64[]))
    (8, ([202, 63, 159, 51, 81, 147, 87, 177, 183, 28, 93, 124, 189, 91, 19, 115, 187, 53, 149, 34, 89, 130, 185, 86, 12, 182, 58, 108, 154, 67, 163, 68, 164, 95, 191, 212, 210], [178.8981896452976], [36])))

T best obj: 100011.0
T best iteration: 263
T total iterations: 300
T best time [s]: 5.525
T total time [s]: 5.7131
