EADARP version 2def-dirty
ARGS: --ifile=EADARP/instances/l1/a8-96.txt --odir=EADARP/out/a8-96 --oname=run56
Settings:
--alns_gamma=0.025
--alns_segment_size=100
--alns_sigma1=10
--alns_sigma2=9
--alns_sigma3=3
--at_most_one_s=false
--gamma=-1.0
--ifile=EADARP/instances/l1/a8-96.txt
--insert_charging_otf=true
--insert_cost_noise=0.014
--lns_init_temp_factor=0.0
--lns_temp_dec_factor=0.99
--mh_checkit=false
--mh_lfreq=0
--mh_lnewinc=true
--mh_tciter=-1
--mh_tctime=-1.0
--mh_titer=300
--mh_tobj=-1.0
--mh_ttime=-1.0
--odir=EADARP/out/a8-96
--oname=run56
--only_single_s_visits=true
--repair_max_routes=0
--seed=1613918200
--use_milp_in_otf=0
--xcheck_isfeasible=false

EADARPInstance(EADARP/instances/l1/a8-96.txt, n=96, n_K=8, S=[211, 212, 213], Q=14.85, n_F=8, γ=0.7, T_plan=720.0, F=[203, 204, 205, 206, 207, 208, 209, 210])

T preprocessing time [s]: 4.57025
I       iter             best          obj_old          obj_new        time              method info
I          1     100023.00000     100096.00000     100023.00000      0.3599                 con 
I          2     100020.00000     100023.00000     100020.00000      0.5266        drrr_15+rrri 
I          3     100019.00000     100020.00000     100019.00000      0.5875        drrr_15+rroi 
I          7     100018.00000     100019.00000     100018.00000      0.9430         drrr_15+rrg 
I         11     100017.00000     100018.00000     100017.00000      1.0982        drrr_15+rroi 
I         17     100016.00000     100017.00000     100016.00000      1.2952        drrr_15+rroi 
I         38     100015.00000     100016.00000     100015.00000      1.8752         drrr_15+rrg 
I         43     100013.00000     100015.00000     100013.00000      2.1066         drrr_15+rrg 
I         94     100012.00000     100013.00000     100012.00000      3.2456        drrr_15+rrri 
I        110     100011.00000     100012.00000     100011.00000      3.5086        drrr_15+rrri 
I        236     100010.00000     100011.00000     100010.00000      4.9141         drrr_15+rrg 
I        300     100010.00000     100010.00000     100012.00000      5.2540        drrr_15+rroi 

Method statistics
S  method    iter  succ  succ-rate%  tot-obj-gain  avg-obj-gain  rel-succ%  net-time  net-time%  brut-time  brut-time%
S  con          1     1   100.00000     -73.00000     -73.00000    4.76190   0.35987    6.84942    0.35987     6.84942
S  drrr_15    299    10     3.34448     -13.00000      -0.04348   47.61905   0.00582    0.11077    0.00582     0.11077
S  rrg        106     4     3.77358      -5.00000      -0.04717   19.04762   1.58631   30.19198    1.58631    30.19198
S  rroi        85     3     3.52941      -3.00000      -0.03529   14.28571   1.33675   25.44222    1.33675    25.44222
S  rrri       108     3     2.77778      -5.00000      -0.04630   14.28571   1.96342   37.36957    1.96342    37.36957
S  SUM/AVG    599    21     3.50584     -99.00000      -0.16528   20.00000   5.25217   99.96397    5.25217    99.96397

T best solution: EADARPSolution(t_routing=-1.0, t_excess=-1.0, obj_val=100010.0, obj_val_valid=true,
    unserved_requests=[2, 3, 5, 24, 35, 55, 70, 72, 75, 78], F_visited=[204, 208, 210, 205, 206, 207, 203, 209], S_visited=[211, 212, 213],
    (1, ([195, 59, 39, 155, 135, 87, 183, 6, 102, 71, 92, 188, 167, 36, 132, 28, 31, 124, 19, 127, 115, 61, 17, 113, 157, 45, 29, 141, 125, 1, 67, 163, 68, 97, 52, 164, 148, 211, 203], [182.8688040556681], [38]))
    (2, ([196, 85, 181, 96, 14, 192, 110, 20, 38, 81, 116, 134, 177, 80, 176, 8, 104, 30, 126, 93, 22, 189, 118, 74, 54, 170, 150, 7, 40, 103, 136, 12, 108, 212, 37, 42, 133, 138, 90, 186, 18, 114, 204], [202.41944222066104], [34]))
    (3, ([197, 4, 66, 100, 162, 33, 129, 11, 107, 62, 76, 158, 172, 205], Float64[], Int64[]))
    (4, ([198, 41, 137, 82, 178, 50, 44, 146, 140, 83, 179, 48, 144, 206], Float64[], Int64[]))
    (5, ([199, 65, 161, 27, 123, 91, 187, 46, 25, 142, 69, 121, 165, 57, 153, 207], Float64[], Int64[]))
    (6, ([200, 53, 149, 34, 89, 130, 185, 73, 169, 94, 190, 9, 56, 152, 105, 208], Float64[], Int64[]))
    (7, ([201, 63, 159, 51, 21, 147, 77, 117, 173, 16, 112, 23, 119, 26, 122, 49, 145, 32, 84, 128, 86, 180, 182, 58, 47, 154, 143, 64, 79, 175, 160, 43, 139, 213, 209], [180.45657837261993], [34]))
    (8, ([202, 13, 109, 95, 15, 111, 191, 60, 156, 88, 10, 184, 106, 210], Float64[], Int64[])))

T best obj: 100010.0
T best iteration: 236
T total iterations: 300
T best time [s]: 4.914
T total time [s]: 5.2541
