EADARP version 2def-dirty
ARGS: --ifile=EADARP/instances/l1/a8-96.txt --odir=EADARP/out/a8-96 --oname=run84
Settings:
--alns_gamma=0.025
--alns_segment_size=100
--alns_sigma1=10
--alns_sigma2=9
--alns_sigma3=3
--at_most_one_s=false
--gamma=-1.0
--ifile=EADARP/instances/l1/a8-96.txt
--insert_charging_otf=true
--insert_cost_noise=0.014
--lns_init_temp_factor=0.0
--lns_temp_dec_factor=0.99
--mh_checkit=false
--mh_lfreq=0
--mh_lnewinc=true
--mh_tciter=-1
--mh_tctime=-1.0
--mh_titer=300
--mh_tobj=-1.0
--mh_ttime=-1.0
--odir=EADARP/out/a8-96
--oname=run84
--only_single_s_visits=true
--repair_max_routes=0
--seed=695109612
--use_milp_in_otf=0
--xcheck_isfeasible=false

EADARPInstance(EADARP/instances/l1/a8-96.txt, n=96, n_K=8, S=[211, 212, 213], Q=14.85, n_F=8, γ=0.7, T_plan=720.0, F=[203, 204, 205, 206, 207, 208, 209, 210])

T preprocessing time [s]: 4.5285
I       iter             best          obj_old          obj_new        time              method info
I          1     100024.00000     100096.00000     100024.00000      0.3756                 con 
I          2     100022.00000     100024.00000     100022.00000      0.4326        drrr_15+rroi 
I          6     100021.00000     100022.00000     100021.00000      0.7850        drrr_15+rroi 
I         11     100019.00000     100021.00000     100019.00000      1.1345         drrr_15+rrg 
I         22     100016.00000     100019.00000     100016.00000      1.7325        drrr_15+rroi 
I         32     100015.00000     100016.00000     100015.00000      2.3168         drrr_15+rrg 
I        160     100014.00000     100015.00000     100014.00000      4.2935        drrr_15+rroi 
I        181     100013.00000     100014.00000     100013.00000      4.6923         drrr_15+rrg 
I        237     100012.00000     100013.00000     100012.00000      5.3074        drrr_15+rroi 
I        300     100012.00000     100012.00000     100013.00000      5.7630        drrr_15+rroi 

Method statistics
S  method    iter  succ  succ-rate%  tot-obj-gain  avg-obj-gain  rel-succ%  net-time  net-time%  brut-time  brut-time%
S  con          1     1   100.00000     -72.00000     -72.00000    5.88235   0.37562    6.51767    0.37562     6.51767
S  drrr_15    299     8     2.67559     -12.00000      -0.04013   47.05882   0.00685    0.11886    0.00685     0.11886
S  rrg         96     3     3.12500      -4.00000      -0.04167   17.64706   1.85716   32.22533    1.85716    32.22533
S  rroi       101     5     4.95050      -8.00000      -0.07921   29.41176   1.42963   24.80683    1.42963    24.80683
S  rrri       102     0     0.00000       0.00000       0.00000    0.00000   2.09196   36.29946    2.09196    36.29946
S  SUM/AVG    599    17     2.83806     -96.00000      -0.16027   20.00000   5.76122   99.96815    5.76122    99.96815

T best solution: EADARPSolution(t_routing=-1.0, t_excess=-1.0, obj_val=100012.0, obj_val_valid=true,
    unserved_requests=[1, 24, 55, 11, 3, 72, 35, 5, 37, 2, 78, 18], F_visited=[208, 209, 206, 203, 204, 210, 205, 207], S_visited=[213, 212, 211],
    (1, ([195, 53, 149, 7, 40, 103, 136, 56, 83, 152, 179, 48, 144, 60, 156, 203], Float64[], Int64[]))
    (2, ([196, 51, 147, 31, 127, 34, 89, 130, 185, 76, 42, 172, 138, 204], Float64[], Int64[]))
    (3, ([197, 85, 181, 39, 135, 21, 77, 117, 173, 71, 167, 16, 112, 28, 30, 126, 22, 124, 118, 74, 170, 13, 109, 32, 128, 75, 12, 171, 108, 213, 88, 10, 184, 106, 205], [202.06848739448793], [30]))
    (4, ([198, 4, 66, 100, 162, 33, 129, 84, 86, 180, 182, 43, 139, 90, 186, 206], Float64[], Int64[]))
    (5, ([199, 96, 192, 87, 183, 45, 141, 50, 44, 146, 140, 57, 153, 62, 158, 207], Float64[], Int64[]))
    (6, ([200, 20, 65, 161, 116, 92, 188, 36, 132, 93, 189, 26, 122, 19, 91, 115, 187, 46, 25, 142, 69, 121, 165, 58, 47, 154, 143, 67, 163, 68, 52, 164, 148, 15, 95, 111, 191, 212, 208], [163.0044054020059], [38]))
    (7, ([201, 41, 137, 23, 119, 70, 54, 166, 150, 94, 190, 9, 105, 209], Float64[], Int64[]))
    (8, ([202, 63, 14, 159, 110, 59, 155, 38, 81, 134, 177, 6, 102, 80, 176, 8, 104, 27, 123, 49, 145, 61, 17, 113, 82, 157, 29, 178, 125, 64, 79, 160, 175, 73, 169, 211, 210], [172.00126148840906], [36])))

T best obj: 100012.0
T best iteration: 237
T total iterations: 300
T best time [s]: 5.307
T total time [s]: 5.7631
