EADARP version 585c-dirty
ARGS: --ifile=EADARP/instances/l1/a8-96.txt --infeasible_arcs=EADARP/infeasible_arcs --gamma=0.7 --only_single_s_visits=false --odir=EADARP/out/a8-96 --oname=run80
Settings:
--alns_gamma=0.025
--alns_segment_size=100
--alns_sigma1=10
--alns_sigma2=9
--alns_sigma3=3
--at_most_one_s=false
--gamma=0.7
--ifile=EADARP/instances/l1/a8-96.txt
--infeasible_arcs=EADARP/infeasible_arcs
--insert_charging_otf=true
--insert_cost_noise=0.014
--lns_init_temp_factor=0.0
--lns_temp_dec_factor=0.99
--mh_checkit=false
--mh_lfreq=0
--mh_lnewinc=true
--mh_tciter=-1
--mh_tctime=-1.0
--mh_titer=30000
--mh_tobj=-1.0
--mh_ttime=-1.0
--odir=EADARP/out/a8-96
--oname=run80
--only_single_s_visits=false
--repair_max_routes=0
--seed=1260238428
--use_milp_in_otf=0
--xcheck_isfeasible=false

EADARPInstance(EADARP/instances/l1/a8-96.txt, n=96, n_K=8, S=[211, 212, 213], Q=14.85, n_F=8, γ=0.7, T_plan=720.0, F=[203, 204, 205, 206, 207, 208, 209, 210])

T preprocessing time [s]: 4.63614
I       iter             best          obj_old          obj_new        time              method info
I          1       1189.79036     100096.00000       1189.79036      0.4532                 con 
I          2       1175.05941       1189.79036       1175.05941      0.5490        drrr_15+rrri 
I          3       1172.21488       1175.05941       1172.21488      0.6023        drrr_15+rroi 
I          5       1171.19146       1172.21488       1171.19146      0.7467         drrr_15+rrg 
I          6       1159.48288       1171.19146       1159.48288      0.8087        drrr_15+rrri 
I          7       1159.32991       1159.48288       1159.32991      0.8358        drrr_15+rroi 
I          8       1154.58963       1159.32991       1154.58963      0.8654        drrr_15+rroi 
I          9       1151.39667       1154.58963       1151.39667      0.9214         drrr_15+rrg 
I         11       1151.34972       1151.39667       1151.34972      1.0451         drrr_15+rrg 
I         12       1147.49047       1151.34972       1147.49047      1.0635        drrr_15+rrri 
I         18       1145.47906       1147.49047       1145.47906      1.1671        drrr_15+rrri 
I         22       1145.44127       1145.47906       1145.44127      1.2437         drrr_15+rrg 
I         26       1144.69823       1145.44127       1144.69823      1.3185        drrr_15+rroi 
I         29       1144.39306       1144.69823       1144.39306      1.3421        drrr_15+rrri 
I         39       1133.93237       1144.39306       1133.93237      1.4610        drrr_15+rroi 
I         46       1132.11089       1133.93237       1132.11089      1.6143        drrr_15+rroi 
I         51       1128.15598       1132.11089       1128.15598      1.7071         drrr_15+rrg 
I         53       1127.67263       1128.15598       1127.67263      1.7130        drrr_15+rrri 
I         60       1121.75107       1127.67263       1121.75107      1.7743         drrr_15+rrg 
I         65       1121.48375       1121.75107       1121.48375      1.8234         drrr_15+rrg 
I         71       1121.00905       1121.48375       1121.00905      1.8727         drrr_15+rrg 
I         72       1119.79033       1121.00905       1119.79033      1.8828         drrr_15+rrg 
I         77       1117.41572       1119.79033       1117.41572      1.9223         drrr_15+rrg 
I         78       1116.06009       1117.41572       1116.06009      1.9252        drrr_15+rrri 
I         83       1110.06928       1116.06009       1110.06928      2.0096        drrr_15+rroi 
I         86       1108.97022       1110.06928       1108.97022      2.0617        drrr_15+rrri 
I         98       1107.40877       1108.97022       1107.40877      2.1706         drrr_15+rrg 
I        142       1107.11773       1107.40877       1107.11773      2.4433         drrr_15+rrg 
I        160       1105.91256       1107.11773       1105.91256      2.5281        drrr_15+rroi 
I        164       1105.72322       1105.91256       1105.72322      2.5848        drrr_15+rrri 
I        236       1101.48324       1105.72322       1101.48324      2.8161         drrr_15+rrg 
I        253       1101.36802       1101.48324       1101.36802      2.8627        drrr_15+rrri 
I        703       1100.71394       1101.36802       1100.71394      3.6423         drrr_15+rrg 
I        705       1100.56451       1100.71394       1100.56451      3.6545        drrr_15+rrri 
I        716       1100.44929       1100.56451       1100.44929      3.7313         drrr_15+rrg 
I        720       1100.21765       1100.44929       1100.21765      3.7338        drrr_15+rrri 
I        721       1100.06796       1100.21765       1100.06796      3.7370         drrr_15+rrg 
I        722       1098.41252       1100.06796       1098.41252      3.7444        drrr_15+rroi 
I        786       1098.20241       1098.41252       1098.20241      3.9050        drrr_15+rroi 
I        809       1097.97817       1098.20241       1097.97817      3.9555         drrr_15+rrg 
I        845       1097.77560       1097.97817       1097.77560      4.0183        drrr_15+rrri 
I        877       1095.14861       1097.77560       1095.14861      4.0661        drrr_15+rroi 
I        892       1094.35865       1095.14861       1094.35865      4.0926        drrr_15+rroi 
I        902       1093.25959       1094.35865       1093.25959      4.1015         drrr_15+rrg 
I       1524       1092.57709       1093.25959       1092.57709      4.8404        drrr_15+rrri 
I       1628       1091.69163       1092.57709       1091.69163      4.9190         drrr_15+rrg 
I       1631       1088.84033       1091.69163       1088.84033      4.9473         drrr_15+rrg 
I       1641       1088.66200       1088.84033       1088.66200      4.9766        drrr_15+rroi 
I       1643       1088.55821       1088.66200       1088.55821      4.9775        drrr_15+rroi 
I       1689       1088.54679       1088.55821       1088.54679      5.0333         drrr_15+rrg 
I       4165       1087.41043       1088.54679       1087.41043      6.8023        drrr_15+rroi 
I       5012       1085.57507       1087.41043       1085.57507      7.3878        drrr_15+rrri 
I       5136       1084.06760       1085.57507       1084.06760      7.4798         drrr_15+rrg 
I       5177       1083.61880       1084.06760       1083.61880      7.5044        drrr_15+rroi 
I       9269       1079.92552       1083.61880       1079.92552      9.8284        drrr_15+rrri 
I       9543       1079.20994       1079.92552       1079.20994      9.9541        drrr_15+rroi 
I      10186       1079.00491       1079.20994       1079.00491     10.3634        drrr_15+rrri 
I      10243       1078.68080       1079.00491       1078.68080     10.4138        drrr_15+rrri 
I      10294       1076.68225       1078.68080       1076.68225     10.4477         drrr_15+rrg 
I      10295       1076.56703       1076.68225       1076.56703     10.4484         drrr_15+rrg 
I      10306       1073.01262       1076.56703       1073.01262     10.4530         drrr_15+rrg 
I      12769       1072.55944       1073.01262       1072.55944     12.0069        drrr_15+rrri 
I      28168       1070.32195       1072.55944       1070.32195     20.2524        drrr_15+rroi 
I      29732       1067.43504       1070.32195       1067.43504     21.1008        drrr_15+rrri 
I      30000       1067.43504       1067.43504       1070.67855     21.3395        drrr_15+rrri 

Method statistics
S  method    iter  succ  succ-rate%  tot-obj-gain  avg-obj-gain  rel-succ%  net-time  net-time%  brut-time  brut-time%
S  con          1     1   100.00000  -98906.20964  -98906.20964    0.78740   0.45316    2.12357    0.45316     2.12357
S  drrr_15  29999    63     0.21001    -122.35533      -0.00408   49.60630   0.41461    1.94290    0.41461     1.94290
S  rrg       9974    25     0.25065     -37.77153      -0.00379   19.68504   8.71385   40.83438    8.71385    40.83438
S  rroi      9911    18     0.18162     -38.06180      -0.00384   14.17323   5.02987   23.57071    5.02987    23.57071
S  rrri     10114    20     0.19775     -46.52199      -0.00460   15.74803   6.62193   31.03132    6.62193    31.03132
S  SUM/AVG  59999   127     0.21167  -99150.92029      -1.65254   20.00000  21.23341   99.50288   21.23341    99.50288

T best solution: EADARPSolution(t_routing=1328.298, t_excess=284.847, obj_val=1067.435, obj_val_valid=true,
    unserved_requests=Int64[], F_visited=[210, 206, 207, 205, 203, 204, 208, 209], S_visited=Int64[],
    (1, ([195, 96, 192, 14, 110, 20, 38, 81, 116, 134, 177, 22, 118, 74, 49, 170, 145, 61, 17, 113, 157, 45, 29, 141, 125, 64, 79, 160, 175, 73, 3, 169, 99, 211, 203], [125.6489106502723], [34]))
    (2, ([196, 4, 66, 100, 162, 33, 129, 71, 92, 188, 167, 27, 123, 91, 19, 115, 187, 46, 142, 25, 121, 12, 108, 211, 94, 190, 9, 105, 35, 131, 2, 98, 78, 174, 211, 204], [119.2329861651926, 23.01051607750739], [24, 35]))
    (3, ([197, 85, 181, 39, 135, 21, 6, 117, 102, 36, 132, 93, 189, 23, 119, 70, 54, 166, 150, 34, 89, 130, 185, 82, 178, 24, 120, 55, 151, 212, 37, 133, 42, 138, 211, 205], [84.02304059834591, 63.96082513456206], [30, 35]))
    (4, ([198, 63, 159, 51, 147, 87, 77, 183, 173, 16, 112, 28, 124, 53, 149, 32, 128, 1, 97, 48, 144, 211, 206], [83.47190139150308], [22]))
    (5, ([199, 65, 161, 80, 176, 8, 104, 69, 75, 165, 171, 43, 139, 5, 101, 76, 60, 172, 156, 211, 207], [40.477806150963666], [20]))
    (6, ([200, 41, 137, 26, 31, 122, 127, 40, 136, 211, 67, 163, 68, 164, 72, 168, 90, 186, 18, 114, 208], [44.66373846281712], [10]))
    (7, ([201, 30, 126, 7, 103, 50, 44, 146, 140, 211, 56, 83, 152, 179, 88, 10, 184, 106, 209], [29.681532510775416], [10]))
    (8, ([202, 59, 155, 13, 109, 84, 86, 180, 182, 58, 47, 154, 143, 52, 148, 15, 95, 11, 111, 191, 107, 57, 153, 62, 158, 211, 210], [66.12644844126268], [26])))

T best obj: 1067.4350365695152
T best iteration: 29732
T total iterations: 30000
T best time [s]: 21.101
T total time [s]: 21.3395
