EADARP version 585c-dirty
ARGS: --ifile=EADARP/instances/l1/a8-96.txt --infeasible_arcs=EADARP/infeasible_arcs --gamma=0.7 --only_single_s_visits=false --odir=EADARP/out/a8-96 --oname=run99
Settings:
--alns_gamma=0.025
--alns_segment_size=100
--alns_sigma1=10
--alns_sigma2=9
--alns_sigma3=3
--at_most_one_s=false
--gamma=0.7
--ifile=EADARP/instances/l1/a8-96.txt
--infeasible_arcs=EADARP/infeasible_arcs
--insert_charging_otf=true
--insert_cost_noise=0.014
--lns_init_temp_factor=0.0
--lns_temp_dec_factor=0.99
--mh_checkit=false
--mh_lfreq=0
--mh_lnewinc=true
--mh_tciter=-1
--mh_tctime=-1.0
--mh_titer=30000
--mh_tobj=-1.0
--mh_ttime=-1.0
--odir=EADARP/out/a8-96
--oname=run99
--only_single_s_visits=false
--repair_max_routes=0
--seed=862452854
--use_milp_in_otf=0
--xcheck_isfeasible=false

EADARPInstance(EADARP/instances/l1/a8-96.txt, n=96, n_K=8, S=[211, 212, 213], Q=14.85, n_F=8, γ=0.7, T_plan=720.0, F=[203, 204, 205, 206, 207, 208, 209, 210])

T preprocessing time [s]: 4.74428
I       iter             best          obj_old          obj_new        time              method info
I          1       1211.04139     100096.00000       1211.04139      0.4761                 con 
I          2       1192.27673       1211.04139       1192.27673      0.5563         drrr_15+rrg 
I          3       1192.00665       1192.27673       1192.00665      0.6181         drrr_15+rrg 
I          5       1186.04292       1192.00665       1186.04292      0.7492        drrr_15+rroi 
I          7       1182.23712       1186.04292       1182.23712      0.8770        drrr_15+rroi 
I          8       1168.77333       1182.23712       1168.77333      0.9200        drrr_15+rrri 
I         12       1160.56572       1168.77333       1160.56572      1.0668        drrr_15+rroi 
I         15       1151.27482       1160.56572       1151.27482      1.1782        drrr_15+rroi 
I         17       1144.30964       1151.27482       1144.30964      1.2726        drrr_15+rrri 
I         19       1141.91275       1144.30964       1141.91275      1.3777        drrr_15+rrri 
I         22       1134.44791       1141.91275       1134.44791      1.4486        drrr_15+rroi 
I         24       1127.25603       1134.44791       1127.25603      1.4798         drrr_15+rrg 
I         27       1118.04870       1127.25603       1118.04870      1.5859        drrr_15+rrri 
I         29       1116.75049       1118.04870       1116.75049      1.6294        drrr_15+rroi 
I         30       1104.46918       1116.75049       1104.46918      1.6457        drrr_15+rroi 
I         33       1102.26663       1104.46918       1102.26663      1.7117        drrr_15+rrri 
I         37       1098.92713       1102.26663       1098.92713      1.7798         drrr_15+rrg 
I         40       1096.17393       1098.92713       1096.17393      1.8764         drrr_15+rrg 
I         41       1092.65548       1096.17393       1092.65548      1.8964        drrr_15+rroi 
I         46       1091.55006       1092.65548       1091.55006      1.9724        drrr_15+rroi 
I         53       1091.08670       1091.55006       1091.08670      2.0764        drrr_15+rroi 
I         54       1090.75213       1091.08670       1090.75213      2.0808         drrr_15+rrg 
I         65       1090.59917       1090.75213       1090.59917      2.1351        drrr_15+rroi 
I         96       1090.40677       1090.59917       1090.40677      2.3014         drrr_15+rrg 
I        100       1089.85939       1090.40677       1089.85939      2.3284        drrr_15+rroi 
I        108       1089.10552       1089.85939       1089.10552      2.3878         drrr_15+rrg 
I        111       1088.21721       1089.10552       1088.21721      2.4240        drrr_15+rrri 
I        112       1087.89067       1088.21721       1087.89067      2.4407        drrr_15+rroi 
I        128       1081.58238       1087.89067       1081.58238      2.5275         drrr_15+rrg 
I        136       1081.24782       1081.58238       1081.24782      2.5868        drrr_15+rrri 
I        154       1081.09485       1081.24782       1081.09485      2.6716        drrr_15+rrri 
I        193       1080.97963       1081.09485       1080.97963      2.8246         drrr_15+rrg 
I        213       1080.82143       1080.97963       1080.82143      2.8691        drrr_15+rroi 
I        487       1073.48446       1080.82143       1073.48446      3.3164        drrr_15+rrri 
I        521       1072.37781       1073.48446       1072.37781      3.4420        drrr_15+rrri 
I        536       1072.26259       1072.37781       1072.26259      3.4769        drrr_15+rrri 
I        540       1071.19388       1072.26259       1071.19388      3.5026         drrr_15+rrg 
I        588       1068.61208       1071.19388       1068.61208      3.6249         drrr_15+rrg 
I        644       1068.02049       1068.61208       1068.02049      3.8137         drrr_15+rrg 
I       1035       1065.73892       1068.02049       1065.73892      4.3803         drrr_15+rrg 
I       1053       1064.87729       1065.73892       1064.87729      4.4048        drrr_15+rrri 
I       1211       1064.24875       1064.87729       1064.24875      4.6694        drrr_15+rroi 
I       1216       1064.13353       1064.24875       1064.13353      4.6794        drrr_15+rroi 
I       6775       1063.15582       1064.13353       1063.15582      9.0584        drrr_15+rrri 
I       6779       1062.16224       1063.15582       1062.16224      9.0665        drrr_15+rrri 
I       6845       1061.41848       1062.16224       1061.41848      9.1681        drrr_15+rrri 
I       7067       1060.66092       1061.41848       1060.66092      9.3277        drrr_15+rrri 
I       7095       1059.72434       1060.66092       1059.72434      9.3436         drrr_15+rrg 
I      23732       1056.92309       1059.72434       1056.92309     18.5014        drrr_15+rrri 
I      23762       1056.52415       1056.92309       1056.52415     18.5146         drrr_15+rrg 
I      30000       1056.52415       1056.52415       1056.52415     21.8943         drrr_15+rrg 

Method statistics
S  method    iter  succ  succ-rate%  tot-obj-gain  avg-obj-gain  rel-succ%  net-time  net-time%  brut-time  brut-time%
S  con          1     1   100.00000  -98884.95861  -98884.95861    1.01010   0.47607    2.17441    0.47607     2.17441
S  drrr_15  29999    49     0.16334    -154.51724      -0.00515   49.49495   0.44587    2.03648    0.44587     2.03648
S  rrg      10141    16     0.15778     -47.88288      -0.00472   16.16162   8.75381   39.98206    8.75381    39.98206
S  rroi      9990    16     0.16016     -55.32846      -0.00554   16.16162   5.48535   25.05373    5.48535    25.05373
S  rrri      9868    17     0.17227     -51.30590      -0.00520   17.17172   6.65907   30.41456    6.65907    30.41456
S  SUM/AVG  59999    99     0.16500  -99193.99309      -1.65326   20.00000  21.82017   99.66124   21.82017    99.66124

T best solution: EADARPSolution(t_routing=1327.001, t_excess=245.094, obj_val=1056.524, obj_val_valid=true,
    unserved_requests=Int64[], F_visited=[204, 209, 208, 206, 210, 203, 205, 207], S_visited=Int64[],
    (1, ([195, 91, 187, 46, 142, 25, 121, 75, 12, 171, 108, 211, 95, 11, 191, 107, 72, 168, 90, 186, 203], [58.02288692675476], [12]))
    (2, ([196, 85, 181, 39, 135, 21, 77, 117, 173, 71, 92, 188, 167, 36, 30, 132, 126, 22, 118, 74, 170, 13, 109, 84, 86, 180, 182, 82, 178, 24, 120, 55, 151, 211, 204], [151.15078405862988], [34]))
    (3, ([197, 59, 155, 38, 81, 134, 177, 93, 189, 26, 31, 122, 127, 49, 145, 61, 17, 113, 157, 45, 29, 141, 125, 1, 97, 48, 144, 211, 205], [87.56406455701695], [28]))
    (4, ([198, 4, 100, 16, 112, 89, 185, 32, 128, 64, 79, 160, 175, 211, 56, 83, 152, 179, 88, 10, 184, 106, 206], [42.35614118784888], [14]))
    (5, ([199, 65, 161, 41, 137, 23, 119, 70, 54, 166, 150, 7, 34, 130, 103, 50, 44, 146, 140, 37, 133, 42, 138, 211, 207], [46.55459723662923], [24]))
    (6, ([200, 87, 183, 28, 19, 124, 115, 52, 43, 148, 139, 15, 111, 94, 190, 9, 5, 105, 101, 76, 60, 172, 156, 211, 208], [54.24613000678956], [24]))
    (7, ([201, 63, 159, 51, 147, 6, 102, 27, 123, 53, 149, 212, 58, 47, 154, 143, 67, 163, 68, 164, 57, 153, 62, 158, 78, 174, 211, 209], [80.6828252018933, 29.693768942056792], [12, 27]))
    (8, ([202, 96, 192, 14, 110, 66, 162, 33, 20, 129, 116, 80, 176, 8, 104, 69, 165, 40, 136, 211, 73, 3, 169, 99, 35, 131, 2, 98, 18, 114, 211, 210], [117.69031643253857, 11.039365229820982], [20, 31])))

T best obj: 1056.5241493888811
T best iteration: 23762
T total iterations: 30000
T best time [s]: 18.515
T total time [s]: 21.8943
