EADARP version 585c-dirty
ARGS: --ifile=EADARP/instances/l1/a8-96.txt --infeasible_arcs=EADARP/infeasible_arcs --gamma=0.7 --only_single_s_visits=false --odir=EADARP/out/a8-96 --oname=run90
Settings:
--alns_gamma=0.025
--alns_segment_size=100
--alns_sigma1=10
--alns_sigma2=9
--alns_sigma3=3
--at_most_one_s=false
--gamma=0.7
--ifile=EADARP/instances/l1/a8-96.txt
--infeasible_arcs=EADARP/infeasible_arcs
--insert_charging_otf=true
--insert_cost_noise=0.014
--lns_init_temp_factor=0.0
--lns_temp_dec_factor=0.99
--mh_checkit=false
--mh_lfreq=0
--mh_lnewinc=true
--mh_tciter=-1
--mh_tctime=-1.0
--mh_titer=30000
--mh_tobj=-1.0
--mh_ttime=-1.0
--odir=EADARP/out/a8-96
--oname=run90
--only_single_s_visits=false
--repair_max_routes=0
--seed=957482196
--use_milp_in_otf=0
--xcheck_isfeasible=false

EADARPInstance(EADARP/instances/l1/a8-96.txt, n=96, n_K=8, S=[211, 212, 213], Q=14.85, n_F=8, γ=0.7, T_plan=720.0, F=[203, 204, 205, 206, 207, 208, 209, 210])

T preprocessing time [s]: 4.64507
I       iter             best          obj_old          obj_new        time              method info
I          1       1228.34843     100096.00000       1228.34843      0.4568                 con 
I          2       1214.91381       1228.34843       1214.91381      0.5198        drrr_15+rroi 
I          3       1209.83972       1214.91381       1209.83972      0.5680        drrr_15+rrri 
I          5       1195.93798       1209.83972       1195.93798      0.6712         drrr_15+rrg 
I          6       1186.06506       1195.93798       1186.06506      0.7283        drrr_15+rroi 
I          8       1181.16155       1186.06506       1181.16155      0.8089        drrr_15+rrri 
I          9       1160.32462       1181.16155       1160.32462      0.8379        drrr_15+rroi 
I         10       1158.21704       1160.32462       1158.21704      0.8854        drrr_15+rrri 
I         11       1154.50785       1158.21704       1154.50785      0.9319        drrr_15+rroi 
I         17       1152.67511       1154.50785       1152.67511      1.1260         drrr_15+rrg 
I         18       1150.47859       1152.67511       1150.47859      1.1695         drrr_15+rrg 
I         22       1147.76538       1150.47859       1147.76538      1.2652        drrr_15+rrri 
I         23       1136.36166       1147.76538       1136.36166      1.2812        drrr_15+rroi 
I         25       1133.16842       1136.36166       1133.16842      1.3069        drrr_15+rroi 
I         27       1132.89040       1133.16842       1132.89040      1.3390        drrr_15+rroi 
I         36       1132.40139       1132.89040       1132.40139      1.4670        drrr_15+rrri 
I         37       1125.83272       1132.40139       1125.83272      1.4820        drrr_15+rrri 
I         40       1124.82345       1125.83272       1124.82345      1.5217        drrr_15+rroi 
I         42       1122.91801       1124.82345       1122.91801      1.5471        drrr_15+rrri 
I         43       1119.25414       1122.91801       1119.25414      1.5513        drrr_15+rrri 
I         44       1118.97612       1119.25414       1118.97612      1.5728         drrr_15+rrg 
I         52       1117.69106       1118.97612       1117.69106      1.6659         drrr_15+rrg 
I         53       1116.84180       1117.69106       1116.84180      1.6663        drrr_15+rrri 
I         66       1115.95568       1116.84180       1115.95568      1.9067        drrr_15+rrri 
I         72       1115.14647       1115.95568       1115.14647      1.9902        drrr_15+rrri 
I         76       1112.80410       1115.14647       1112.80410      2.0030         drrr_15+rrg 
I         83       1112.08104       1112.80410       1112.08104      2.0407        drrr_15+rroi 
I         97       1111.96582       1112.08104       1111.96582      2.1403         drrr_15+rrg 
I        100       1110.20918       1111.96582       1110.20918      2.1606        drrr_15+rrri 
I        129       1107.65701       1110.20918       1107.65701      2.2546        drrr_15+rrri 
I        136       1107.62796       1107.65701       1107.62796      2.2634        drrr_15+rroi 
I        163       1107.43552       1107.62796       1107.43552      2.3644         drrr_15+rrg 
I        169       1106.67108       1107.43552       1106.67108      2.3926        drrr_15+rrri 
I        245       1103.78311       1106.67108       1103.78311      2.5929         drrr_15+rrg 
I        386       1102.51942       1103.78311       1102.51942      2.9216         drrr_15+rrg 
I        409       1102.45058       1102.51942       1102.45058      2.9766        drrr_15+rrri 
I        415       1102.33536       1102.45058       1102.33536      2.9847        drrr_15+rroi 
I        434       1102.22588       1102.33536       1102.22588      3.0009        drrr_15+rrri 
I        492       1102.04159       1102.22588       1102.04159      3.1118        drrr_15+rrri 
I        920       1099.01806       1102.04159       1099.01806      3.6388        drrr_15+rroi 
I        922       1095.85248       1099.01806       1095.85248      3.6409        drrr_15+rrri 
I        976       1094.24512       1095.85248       1094.24512      3.6980        drrr_15+rrri 
I        984       1092.13832       1094.24512       1092.13832      3.7244        drrr_15+rroi 
I       1029       1089.54523       1092.13832       1089.54523      3.7841        drrr_15+rroi 
I       1459       1089.26424       1089.54523       1089.26424      4.3207         drrr_15+rrg 
I       1484       1088.92948       1089.26424       1088.92948      4.3528         drrr_15+rrg 
I       1527       1088.92948       1088.92948       1088.92948      4.4170         drrr_15+rrg 
I       1601       1088.88779       1088.92948       1088.88779      4.5088        drrr_15+rroi 
I       3784       1087.27788       1088.88779       1087.27788      6.6762         drrr_15+rrg 
I       3789       1086.98434       1087.27788       1086.98434      6.6942         drrr_15+rrg 
I       3829       1086.77947       1086.98434       1086.77947      6.7650        drrr_15+rroi 
I       4012       1086.29133       1086.77947       1086.29133      6.9600        drrr_15+rroi 
I       4014       1085.54621       1086.29133       1085.54621      6.9637        drrr_15+rroi 
I       4018       1085.43099       1085.54621       1085.43099      6.9654        drrr_15+rrri 
I       4745       1083.93604       1085.43099       1083.93604      7.6137        drrr_15+rroi 
I       5068       1083.72747       1083.93604       1083.72747      8.0084        drrr_15+rrri 
I       5118       1083.59630       1083.72747       1083.59630      8.0735         drrr_15+rrg 
I       5356       1082.88282       1083.59630       1082.88282      8.2425         drrr_15+rrg 
I       5364       1081.39187       1082.88282       1081.39187      8.2683        drrr_15+rroi 
I       5374       1081.27704       1081.39187       1081.27704      8.2834         drrr_15+rrg 
I       5464       1081.22376       1081.27704       1081.22376      8.4555         drrr_15+rrg 
I       5628       1080.47479       1081.22376       1080.47479      8.6032        drrr_15+rroi 
I       7081       1080.40144       1080.47479       1080.40144      9.6956        drrr_15+rrri 
I       7607       1079.93033       1080.40144       1079.93033     10.0858        drrr_15+rrri 
I      15749       1079.83382       1079.93033       1079.83382     15.0556         drrr_15+rrg 
I      18016       1079.69063       1079.83382       1079.69063     16.5057         drrr_15+rrg 
I      18022       1079.53766       1079.69063       1079.53766     16.5080        drrr_15+rrri 
I      26105       1079.46199       1079.53766       1079.46199     20.9143         drrr_15+rrg 
I      26122       1079.18397       1079.46199       1079.18397     20.9213        drrr_15+rroi 
I      26343       1078.61451       1079.18397       1078.61451     21.0397         drrr_15+rrg 
I      26346       1076.63878       1078.61451       1076.63878     21.0409        drrr_15+rroi 
I      30000       1076.63878       1076.63878       1090.99648     22.9364        drrr_15+rrri 

Method statistics
S  method    iter  succ  succ-rate%  tot-obj-gain  avg-obj-gain  rel-succ%  net-time  net-time%  brut-time  brut-time%
S  con          1     1   100.00000  -98867.65157  -98867.65157    0.70922   0.45676    1.99143    0.45676     1.99143
S  drrr_15  29999    70     0.23334    -151.70965      -0.00506   49.64539   0.42835    1.86755    0.42835     1.86755
S  rrg      10012    23     0.22972     -30.71254      -0.00307   16.31206   8.86778   38.66246    8.86778    38.66246
S  rroi      9966    23     0.23078     -79.79711      -0.00801   16.31206   5.75505   25.09132    5.75505    25.09132
S  rrri     10021    24     0.23950     -41.20000      -0.00411   17.02128   7.30636   31.85486    7.30636    31.85486
S  SUM/AVG  59999   141     0.23500  -99171.07086      -1.65288   20.00000  22.81430   99.46763   22.81430    99.46763

T best solution: EADARPSolution(t_routing=1344.401, t_excess=273.352, obj_val=1076.639, obj_val_valid=true,
    unserved_requests=Int64[], F_visited=[209, 208, 203, 206, 204, 205, 207, 210], S_visited=Int64[],
    (1, ([195, 65, 161, 80, 176, 8, 104, 26, 31, 122, 127, 49, 32, 145, 128, 69, 75, 165, 171, 57, 153, 37, 133, 42, 138, 211, 203], [65.01951674551087], [26]))
    (2, ([196, 59, 155, 66, 162, 33, 129, 84, 86, 180, 182, 40, 136, 12, 108, 212, 62, 76, 158, 60, 172, 156, 10, 88, 184, 106, 204], [80.71361209320598], [16]))
    (3, ([197, 41, 137, 23, 119, 13, 109, 15, 95, 11, 111, 191, 107, 72, 168, 90, 186, 18, 114, 211, 205], [25.358134654008488], [20]))
    (4, ([198, 96, 192, 14, 110, 20, 38, 81, 116, 134, 177, 22, 118, 74, 170, 53, 149, 61, 17, 113, 157, 24, 120, 55, 151, 94, 190, 9, 105, 211, 206], [116.02894942728592], [30]))
    (5, ([199, 85, 181, 39, 135, 21, 77, 117, 173, 71, 92, 188, 167, 27, 123, 91, 187, 46, 142, 25, 121, 58, 47, 154, 143, 67, 163, 68, 164, 212, 56, 83, 152, 179, 48, 144, 211, 207], [103.50550929089553, 45.26976178380987], [30, 37]))
    (6, ([200, 4, 100, 16, 112, 89, 185, 82, 178, 50, 44, 146, 140, 211, 5, 101, 78, 174, 211, 208], [20.662028670969047, 39.466899084693864], [14, 19]))
    (7, ([201, 87, 183, 28, 19, 124, 115, 52, 43, 148, 139, 3, 99, 35, 131, 2, 98, 211, 209], [42.04085022378456], [18]))
    (8, ([202, 63, 159, 51, 147, 6, 102, 36, 30, 126, 132, 93, 189, 70, 54, 166, 150, 7, 34, 130, 103, 45, 29, 141, 125, 1, 97, 64, 79, 160, 175, 73, 169, 211, 210], [158.33579229150732], [34])))

T best obj: 1076.6387843515213
T best iteration: 26346
T total iterations: 30000
T best time [s]: 21.041
T total time [s]: 22.9364
