EADARP version c9cc1-dirty
ARGS: ["--mh_ttime=900", "--mh_lfreq=1", "--only_single_s_visits=0", "--gamma=0.7", "--mh_checkit=true", "--ifile=EADARP/instances/l2/a180-3600.txt", "--odir=EADARP/out/l2-s0-g0.7", "--oname=a180-3600_31"]
Settings:
--alns_gamma=0.025
--alns_segment_size=100
--alns_sigma1=10
--alns_sigma2=9
--alns_sigma3=3
--at_most_one_s=false
--gamma=0.7
--ifile=EADARP/instances/l2/a180-3600.txt
--infeasible_arcs=EADARP/infeasible_arcs
--insert_charging_otf=true
--insert_cost_noise=0.014
--lns_init_temp_factor=0.0
--lns_temp_dec_factor=0.99
--log_all_sols_fname=
--mh_checkit=true
--mh_lfreq=1
--mh_lnewinc=true
--mh_tciter=-1
--mh_tctime=-1.0
--mh_titer=30000
--mh_tobj=-1.0
--mh_ttime=900.0
--odir=EADARP/out/l2-s0-g0.7
--oname=a180-3600_31
--only_single_s_visits=false
--repair_max_routes=0
--route_based_ops=0
--seed=909354717
--tightened_windows=EADARP/tightened_windows
--use_milp_in_otf=0
--xcheck_isfeasible=false

EADARPInstance(EADARP/instances/l2/a180-3600.txt, n=3600, n_K=180, S=[7563, 7564, 7565], Q=14.85, n_F=180, γ=0.7, T_plan=1200.0)

T preprocessing time [s]: 13.77104
I       iter             best          obj_old          obj_new        time              method info
I          1      35486.92605     103600.00000      35486.92605    384.9115                 con 
I          2      35424.79099      35486.92605      35424.79099    387.2740        drrr_15+rrri 
I          3      35383.40283      35424.79099      35383.40283    389.5922        drrr_15+rroi 
I          4      35373.32772      35383.40283      35373.32772    392.3307        drrr_15+rrri 
I          5      35359.72038      35373.32772      35359.72038    394.4576        drrr_15+rroi 
I          6      35338.97752      35359.72038      35338.97752    397.1793        drrr_15+rrri 
I          7      35334.37902      35338.97752      35334.37902    399.6566        drrr_15+rrri 
I          8      35329.56551      35334.37902      35329.56551    401.4964        drrr_15+rrri 
I          9      35329.56551      35329.56551      35330.08671    404.0344        drrr_15+rroi 
I         10      35314.17295      35329.56551      35314.17295    406.6328        drrr_15+rrri 
I         11      35313.73340      35314.17295      35313.73340    408.9014        drrr_15+rrri 
I         12      35291.00520      35313.73340      35291.00520    411.6375        drrr_15+rrri 
I         13      35280.82326      35291.00520      35280.82326    413.3911        drrr_15+rrri 
I         14      35273.32755      35280.82326      35273.32755    415.6068         drrr_15+rrg 
I         15      35265.72612      35273.32755      35265.72612    418.0584        drrr_15+rrri 
I         16      35253.29607      35265.72612      35253.29607    420.1540        drrr_15+rrri 
I         17      35250.41644      35253.29607      35250.41644    422.6561        drrr_15+rroi 
I         18      35235.55151      35250.41644      35235.55151    425.4101        drrr_15+rroi 
I         19      35219.51991      35235.55151      35219.51991    427.5006        drrr_15+rrri 
I         20      35219.51991      35219.51991      35224.85123    429.5622        drrr_15+rroi 
I         21      35188.29298      35219.51991      35188.29298    432.0235        drrr_15+rrri 
I         22      35182.06345      35188.29298      35182.06345    434.0986        drrr_15+rroi 
I         23      35176.64047      35182.06345      35176.64047    436.5518         drrr_15+rrg 
I         24      35176.64047      35176.64047      35177.66205    439.0917        drrr_15+rrri 
I         25      35174.29652      35176.64047      35174.29652    441.3985        drrr_15+rrri 
I         26      35164.62030      35174.29652      35164.62030    443.3953        drrr_15+rrri 
I         27      35153.89770      35164.62030      35153.89770    446.2807        drrr_15+rroi 
I         28      35150.41705      35153.89770      35150.41705    448.5876         drrr_15+rrg 
I         29      35146.10085      35150.41705      35146.10085    450.4277        drrr_15+rrri 
I         30      35126.85922      35146.10085      35126.85922    453.5717        drrr_15+rroi 
I         31      35118.78546      35126.85922      35118.78546    455.7508         drrr_15+rrg 
I         32      35118.78546      35118.78546      35124.95783    458.2403        drrr_15+rroi 
I         33      35096.59822      35118.78546      35096.59822    460.3767         drrr_15+rrg 
I         34      35096.59822      35096.59822      35099.55563    462.3854        drrr_15+rroi 
I         35      35093.67520      35096.59822      35093.67520    464.6215        drrr_15+rrri 
I         36      35088.70186      35093.67520      35088.70186    466.9417         drrr_15+rrg 
I         37      35079.99195      35088.70186      35079.99195    469.2349        drrr_15+rrri 
I         38      35063.51456      35079.99195      35063.51456    471.4271         drrr_15+rrg 
I         39      35047.75951      35063.51456      35047.75951    474.5272        drrr_15+rrri 
I         40      35034.42325      35047.75951      35034.42325    476.5546        drrr_15+rroi 
I         41      35006.96462      35034.42325      35006.96462    478.8357        drrr_15+rroi 
I         42      34993.02440      35006.96462      34993.02440    481.7217        drrr_15+rroi 
I         43      34977.63993      34993.02440      34977.63993    484.6115        drrr_15+rrri 
I         44      34962.11611      34977.63993      34962.11611    487.6042        drrr_15+rrri 
I         45      34954.69769      34962.11611      34954.69769    490.0725        drrr_15+rrri 
I         46      34946.95084      34954.69769      34946.95084    492.1229         drrr_15+rrg 
I         47      34934.12571      34946.95084      34934.12571    495.2420         drrr_15+rrg 
I         48      34918.95381      34934.12571      34918.95381    497.8652         drrr_15+rrg 
I         49      34909.44769      34918.95381      34909.44769    500.1367        drrr_15+rroi 
I         50      34877.22178      34909.44769      34877.22178    502.2261        drrr_15+rrri 
I         51      34866.88590      34877.22178      34866.88590    505.1176        drrr_15+rrri 
I         52      34858.45186      34866.88590      34858.45186    507.4772         drrr_15+rrg 
I         53      34857.33958      34858.45186      34857.33958    509.8019        drrr_15+rroi 
I         54      34845.28899      34857.33958      34845.28899    512.7099        drrr_15+rrri 
I         55      34841.54781      34845.28899      34841.54781    515.4392        drrr_15+rrri 
I         56      34820.98725      34841.54781      34820.98725    518.3427        drrr_15+rrri 
I         57      34812.06736      34820.98725      34812.06736    520.9639         drrr_15+rrg 
I         58      34803.57062      34812.06736      34803.57062    523.2015        drrr_15+rroi 
I         59      34791.55269      34803.57062      34791.55269    525.7710        drrr_15+rrri 
I         60      34775.72681      34791.55269      34775.72681    528.1302         drrr_15+rrg 
I         61      34774.23944      34775.72681      34774.23944    530.0469         drrr_15+rrg 
I         62      34765.43055      34774.23944      34765.43055    532.8923        drrr_15+rroi 
I         63      34765.43055      34765.43055      34780.46614    534.9349        drrr_15+rrri 
I         64      34730.21608      34765.43055      34730.21608    537.2563        drrr_15+rroi 
I         65      34720.54805      34730.21608      34720.54805    539.4163        drrr_15+rroi 
I         66      34720.01780      34720.54805      34720.01780    542.0303        drrr_15+rrri 
I         67      34712.64849      34720.01780      34712.64849    544.4459        drrr_15+rrri 
I         68      34688.20980      34712.64849      34688.20980    546.6256        drrr_15+rrri 
I         69      34687.86606      34688.20980      34687.86606    549.8249        drrr_15+rroi 
I         70      34687.58131      34687.86606      34687.58131    551.8378        drrr_15+rroi 
I         71      34666.81566      34687.58131      34666.81566    553.8538        drrr_15+rrri 
I         72      34666.81566      34666.81566      34670.83335    556.7283         drrr_15+rrg 
I         73      34666.81566      34666.81566      34667.56292    558.9680         drrr_15+rrg 
I         74      34646.68328      34666.81566      34646.68328    561.4759        drrr_15+rrri 
I         75      34633.80858      34646.68328      34633.80858    563.9356         drrr_15+rrg 
I         76      34618.76774      34633.80858      34618.76774    566.1349        drrr_15+rroi 
I         77      34600.13659      34618.76774      34600.13659    568.6243        drrr_15+rrri 
I         78      34591.64251      34600.13659      34591.64251    571.6538        drrr_15+rrri 
I         79      34589.27494      34591.64251      34589.27494    574.3947         drrr_15+rrg 
I         80      34574.99906      34589.27494      34574.99906    576.6549        drrr_15+rroi 
I         81      34572.28608      34574.99906      34572.28608    579.6670         drrr_15+rrg 
I         82      34572.28608      34572.28608      34575.22388    582.0994        drrr_15+rrri 
I         83      34572.28608      34572.28608      34584.74237    584.3334        drrr_15+rroi 
I         84      34569.62748      34572.28608      34569.62748    586.7429         drrr_15+rrg 
I         85      34553.67798      34569.62748      34553.67798    589.0674        drrr_15+rroi 
I         86      34553.67798      34553.67798      34558.51418    591.8302         drrr_15+rrg 
I         87      34550.09387      34553.67798      34550.09387    594.7007        drrr_15+rrri 
I         88      34538.81458      34550.09387      34538.81458    596.9428        drrr_15+rroi 
I         89      34521.85324      34538.81458      34521.85324    599.1618         drrr_15+rrg 
I         90      34515.71531      34521.85324      34515.71531    600.9858        drrr_15+rrri 
I         91      34500.18787      34515.71531      34500.18787    603.8024        drrr_15+rroi 
I         92      34490.97033      34500.18787      34490.97033    605.6902         drrr_15+rrg 
I         93      34490.97033      34490.97033      34491.86856    607.5486        drrr_15+rroi 
I         94      34473.11817      34490.97033      34473.11817    610.5927         drrr_15+rrg 
I         95      34472.75583      34473.11817      34472.75583    613.0190        drrr_15+rroi 
I         96      34469.75985      34472.75583      34469.75985    615.5964         drrr_15+rrg 
I         97      34460.23519      34469.75985      34460.23519    617.7667        drrr_15+rrri 
I         98      34460.23519      34460.23519      34462.85293    620.0502         drrr_15+rrg 
I         99      34457.99798      34460.23519      34457.99798    622.1556         drrr_15+rrg 
I        100      34448.82314      34457.99798      34448.82314    624.7225        drrr_15+rroi 
I        101      34427.48244      34448.82314      34427.48244    627.5765        drrr_15+rroi 
I        102      34426.23826      34427.48244      34426.23826    629.1092        drrr_15+rrri 
I        103      34415.48276      34426.23826      34415.48276    631.5264         drrr_15+rrg 
I        104      34396.96789      34415.48276      34396.96789    633.8665         drrr_15+rrg 
I        105      34368.10417      34396.96789      34368.10417    636.1421        drrr_15+rroi 
I        106      34368.10417      34368.10417      34378.40457    638.3484        drrr_15+rrri 
I        107      34359.30845      34368.10417      34359.30845    641.5373        drrr_15+rrri 
I        108      34344.01471      34359.30845      34344.01471    644.0911        drrr_15+rrri 
I        109      34337.48107      34344.01471      34337.48107    646.6322        drrr_15+rroi 
I        110      34321.05917      34337.48107      34321.05917    649.5171        drrr_15+rrri 
I        111      34303.41862      34321.05917      34303.41862    651.8141         drrr_15+rrg 
I        112      34296.83394      34303.41862      34296.83394    654.5831        drrr_15+rroi 
I        113      34280.35877      34296.83394      34280.35877    658.1072        drrr_15+rrri 
I        114      34266.60855      34280.35877      34266.60855    660.6689        drrr_15+rrri 
I        115      34257.02585      34266.60855      34257.02585    662.9327         drrr_15+rrg 
I        116      34246.21663      34257.02585      34246.21663    665.6463         drrr_15+rrg 
I        117      34220.50623      34246.21663      34220.50623    668.6167        drrr_15+rroi 
I        118      34214.42813      34220.50623      34214.42813    670.6641         drrr_15+rrg 
I        119      34200.77564      34214.42813      34200.77564    673.0076        drrr_15+rroi 
I        120      34195.97162      34200.77564      34195.97162    674.8824        drrr_15+rroi 
I        121      34179.17291      34195.97162      34179.17291    676.7442        drrr_15+rroi 
I        122      34167.12431      34179.17291      34167.12431    678.5834         drrr_15+rrg 
I        123      34141.13903      34167.12431      34141.13903    681.2981        drrr_15+rroi 
I        124      34125.39701      34141.13903      34125.39701    683.0741        drrr_15+rroi 
I        125      34112.93012      34125.39701      34112.93012    685.5892        drrr_15+rrri 
I        126      34104.50168      34112.93012      34104.50168    688.0715         drrr_15+rrg 
I        127      34102.06762      34104.50168      34102.06762    689.9957        drrr_15+rrri 
I        128      34092.21018      34102.06762      34092.21018    692.3119        drrr_15+rrri 
I        129      34083.04880      34092.21018      34083.04880    694.5096        drrr_15+rrri 
I        130      34063.40772      34083.04880      34063.40772    697.0698        drrr_15+rroi 
I        131      34059.17109      34063.40772      34059.17109    699.5630         drrr_15+rrg 
I        132      34051.77210      34059.17109      34051.77210    701.7747         drrr_15+rrg 
I        133      34039.51056      34051.77210      34039.51056    704.8577        drrr_15+rroi 
I        134      34022.74008      34039.51056      34022.74008    707.3209         drrr_15+rrg 
I        135      34016.33243      34022.74008      34016.33243    709.5811        drrr_15+rroi 
I        136      34005.13857      34016.33243      34005.13857    712.0995        drrr_15+rrri 
I        137      33998.04520      34005.13857      33998.04520    714.4571        drrr_15+rroi 
I        138      33992.71083      33998.04520      33992.71083    716.7768        drrr_15+rrri 
I        139      33992.71083      33992.71083      34001.09076    719.0171        drrr_15+rrri 
I        140      33992.50897      33992.71083      33992.50897    721.2799        drrr_15+rroi 
I        141      33991.52735      33992.50897      33991.52735    723.2201        drrr_15+rroi 
I        142      33977.08088      33991.52735      33977.08088    725.2898        drrr_15+rrri 
I        143      33965.40812      33977.08088      33965.40812    728.1944         drrr_15+rrg 
I        144      33949.21097      33965.40812      33949.21097    730.2214        drrr_15+rroi 
I        145      33939.94600      33949.21097      33939.94600    732.8086        drrr_15+rrri 
I        146      33919.97552      33939.94600      33919.97552    735.3383        drrr_15+rroi 
I        147      33919.97552      33919.97552      33920.87852    738.1085        drrr_15+rrri 
I        148      33906.31198      33919.97552      33906.31198    740.2485        drrr_15+rroi 
I        149      33890.58978      33906.31198      33890.58978    743.0832        drrr_15+rroi 
I        150      33888.13933      33890.58978      33888.13933    745.1474         drrr_15+rrg 
I        151      33881.71067      33888.13933      33881.71067    747.3480        drrr_15+rroi 
I        152      33872.90606      33881.71067      33872.90606    750.4721         drrr_15+rrg 
I        153      33872.90606      33872.90606      33873.30139    752.5703        drrr_15+rrri 
I        154      33864.86198      33872.90606      33864.86198    754.9554        drrr_15+rrri 
I        155      33854.84398      33864.86198      33854.84398    758.0631        drrr_15+rroi 
I        156      33839.69942      33854.84398      33839.69942    760.7092        drrr_15+rroi 
I        157      33808.22764      33839.69942      33808.22764    763.0930         drrr_15+rrg 
I        158      33798.30166      33808.22764      33798.30166    765.1007         drrr_15+rrg 
I        159      33798.30166      33798.30166      33799.30019    767.6862        drrr_15+rroi 
I        160      33789.52621      33798.30166      33789.52621    770.4084        drrr_15+rroi 
I        161      33780.80718      33789.52621      33780.80718    772.6389         drrr_15+rrg 
I        162      33758.20919      33780.80718      33758.20919    775.9569        drrr_15+rrri 
I        163      33745.91684      33758.20919      33745.91684    777.8351         drrr_15+rrg 
I        164      33718.82334      33745.91684      33718.82334    780.7371         drrr_15+rrg 
I        165      33702.03264      33718.82334      33702.03264    783.3852        drrr_15+rroi 
I        166      33688.37880      33702.03264      33688.37880    785.9739         drrr_15+rrg 
I        167      33671.09897      33688.37880      33671.09897    788.3737        drrr_15+rrri 
I        168      33647.69856      33671.09897      33647.69856    791.1338        drrr_15+rroi 
I        169      33647.69856      33647.69856      33651.77321    793.5471         drrr_15+rrg 
I        170      33645.74169      33647.69856      33645.74169    795.6309        drrr_15+rrri 
I        171      33645.22990      33645.74169      33645.22990    798.0164         drrr_15+rrg 
I        172      33642.70955      33645.22990      33642.70955    800.3678         drrr_15+rrg 
I        173      33636.73213      33642.70955      33636.73213    803.0144        drrr_15+rrri 
I        174      33634.15259      33636.73213      33634.15259    805.7320        drrr_15+rroi 
I        175      33615.89450      33634.15259      33615.89450    807.8797        drrr_15+rroi 
I        176      33612.20122      33615.89450      33612.20122    809.6635        drrr_15+rroi 
I        177      33606.42394      33612.20122      33606.42394    811.9773         drrr_15+rrg 
I        178      33596.46278      33606.42394      33596.46278    814.5664        drrr_15+rroi 
I        179      33589.36896      33596.46278      33589.36896    817.0589        drrr_15+rrri 
I        180      33579.92957      33589.36896      33579.92957    819.5259        drrr_15+rrri 
I        181      33576.39258      33579.92957      33576.39258    822.0549         drrr_15+rrg 
I        182      33573.47852      33576.39258      33573.47852    824.1160         drrr_15+rrg 
I        183      33569.65412      33573.47852      33569.65412    826.5723        drrr_15+rrri 
I        184      33558.00941      33569.65412      33558.00941    829.0538        drrr_15+rrri 
I        185      33553.48354      33558.00941      33553.48354    831.3160        drrr_15+rrri 
I        186      33534.50442      33553.48354      33534.50442    833.9571        drrr_15+rrri 
I        187      33528.13186      33534.50442      33528.13186    836.3977        drrr_15+rrri 
I        188      33528.13186      33528.13186      33533.28680    838.7682         drrr_15+rrg 
I        189      33512.21404      33528.13186      33512.21404    840.7023         drrr_15+rrg 
I        190      33498.73189      33512.21404      33498.73189    843.0625         drrr_15+rrg 
I        191      33484.88678      33498.73189      33484.88678    845.5831        drrr_15+rroi 
I        192      33484.88678      33484.88678      33497.15446    847.6371        drrr_15+rrri 
I        193      33475.69583      33484.88678      33475.69583    850.0198        drrr_15+rroi 
I        194      33463.90409      33475.69583      33463.90409    853.1151         drrr_15+rrg 
I        195      33454.28303      33463.90409      33454.28303    854.7626        drrr_15+rroi 
I        196      33451.21047      33454.28303      33451.21047    856.9647        drrr_15+rroi 
I        197      33439.44593      33451.21047      33439.44593    859.2436        drrr_15+rroi 
I        198      33431.07639      33439.44593      33431.07639    861.9873        drrr_15+rrri 
I        199      33428.18307      33431.07639      33428.18307    864.2241        drrr_15+rroi 
I        200      33416.11633      33428.18307      33416.11633    866.1277        drrr_15+rrri 
I        201      33412.64993      33416.11633      33412.64993    868.3366        drrr_15+rroi 
I        202      33407.07036      33412.64993      33407.07036    870.8297        drrr_15+rrri 
I        203      33400.71426      33407.07036      33400.71426    873.3355         drrr_15+rrg 
I        204      33399.40278      33400.71426      33399.40278    876.4142        drrr_15+rroi 
I        205      33387.39115      33399.40278      33387.39115    878.9258        drrr_15+rroi 
I        206      33385.23181      33387.39115      33385.23181    880.8243        drrr_15+rrri 
I        207      33360.62250      33385.23181      33360.62250    882.6917        drrr_15+rrri 
I        208      33355.14028      33360.62250      33355.14028    886.0285        drrr_15+rrri 
I        209      33321.02323      33355.14028      33321.02323    888.6681        drrr_15+rrri 
I        210      33307.46224      33321.02323      33307.46224    890.9003        drrr_15+rrri 
I        211      33301.32835      33307.46224      33301.32835    894.2068         drrr_15+rrg 
I        212      33297.53512      33301.32835      33297.53512    896.4058        drrr_15+rroi 
I        213      33289.77983      33297.53512      33289.77983    899.0428         drrr_15+rrg 
I        214      33285.19899      33289.77983      33285.19899    902.1033         drrr_15+rrg 

Method statistics
S  method    iter  succ  succ-rate%  tot-obj-gain  avg-obj-gain  rel-succ%  net-time  net-time%  brut-time  brut-time%
S  con          1     1   100.00000  -68113.07395  -68113.07395    0.25974 384.22799   42.59245  384.22799    42.59245
S  drrr_15    213   192    90.14085   -2201.72705     -10.33675   49.87013   0.90186    0.09997    0.90186     0.09997
S  rrg         61    55    90.16393    -538.02689      -8.82011   14.28571  93.77136   10.39475   93.77136    10.39475
S  rroi        72    65    90.27778    -782.89041     -10.87348   16.88312 110.54186   12.25379  110.54186    12.25379
S  rrri        80    72    90.00000    -880.80975     -11.01012   18.70130 124.35728   13.78526  124.35728    13.78526
S  SUM/AVG    427   385    90.16393  -72516.52806    -169.82793   20.00000 713.80034   79.12622  713.80034    79.12622

T best solution: EADARPSolution(t_routing=39220.544, t_excess=15479.165, obj_val=33285.199, obj_val_valid=true,
    unserved_requests=Int64[])

T best obj: 33285.19899480316
T best iteration: 214
T total iterations: 214
T best time [s]: 902.103
T total time [s]: 902.1034
