EADARP version c9cc1-dirty
ARGS: ["--mh_ttime=900", "--mh_lfreq=1", "--only_single_s_visits=0", "--gamma=0.7", "--mh_checkit=true", "--ifile=EADARP/instances/l2/a180-3600.txt", "--odir=EADARP/out/l2-s0-g0.7", "--oname=a180-3600_35"]
Settings:
--alns_gamma=0.025
--alns_segment_size=100
--alns_sigma1=10
--alns_sigma2=9
--alns_sigma3=3
--at_most_one_s=false
--gamma=0.7
--ifile=EADARP/instances/l2/a180-3600.txt
--infeasible_arcs=EADARP/infeasible_arcs
--insert_charging_otf=true
--insert_cost_noise=0.014
--lns_init_temp_factor=0.0
--lns_temp_dec_factor=0.99
--log_all_sols_fname=
--mh_checkit=true
--mh_lfreq=1
--mh_lnewinc=true
--mh_tciter=-1
--mh_tctime=-1.0
--mh_titer=30000
--mh_tobj=-1.0
--mh_ttime=900.0
--odir=EADARP/out/l2-s0-g0.7
--oname=a180-3600_35
--only_single_s_visits=false
--repair_max_routes=0
--route_based_ops=0
--seed=1430322096
--tightened_windows=EADARP/tightened_windows
--use_milp_in_otf=0
--xcheck_isfeasible=false

EADARPInstance(EADARP/instances/l2/a180-3600.txt, n=3600, n_K=180, S=[7563, 7564, 7565], Q=14.85, n_F=180, γ=0.7, T_plan=1200.0)

T preprocessing time [s]: 10.83216
I       iter             best          obj_old          obj_new        time              method info
I          1      35395.47201     103600.00000      35395.47201   1752.0206                 con 

Method statistics
S  method    iter  succ  succ-rate%  tot-obj-gain  avg-obj-gain  rel-succ%  net-time  net-time%  brut-time  brut-time%
S  con          1     1   100.00000  -68204.52799  -68204.52799  100.000001750.60740   99.91933 1750.60740    99.91933
S  drrr_15      0     0         NaN       0.00000           NaN    0.00000   0.00000    0.00000    0.00000     0.00000
S  rrg          0     0         NaN       0.00000           NaN    0.00000   0.00000    0.00000    0.00000     0.00000
S  rroi         0     0         NaN       0.00000           NaN    0.00000   0.00000    0.00000    0.00000     0.00000
S  rrri         0     0         NaN       0.00000           NaN    0.00000   0.00000    0.00000    0.00000     0.00000
S  SUM/AVG      1     1   100.00000  -68204.52799  -68204.52799   20.000001750.60740   99.91933 1750.60740    99.91933

T best solution: EADARPSolution(t_routing=40244.342, t_excess=20848.861, obj_val=35395.472, obj_val_valid=true,
    unserved_requests=Int64[])

T best obj: 35395.472013695355
T best iteration: 1
T total iterations: 1
T best time [s]: 1750.607
T total time [s]: 1752.0208
