EADARP version 2def-dirty
ARGS: --ifile=EADARP/instances/b1/a5-40.txt --odir=EADARP/out/a5-40 --oname=run16
Settings:
--alns_gamma=0.025
--alns_segment_size=100
--alns_sigma1=10
--alns_sigma2=9
--alns_sigma3=3
--at_most_one_s=false
--gamma=-1.0
--ifile=EADARP/instances/b1/a5-40.txt
--insert_charging_otf=true
--insert_cost_noise=0.014
--lns_init_temp_factor=0.0
--lns_temp_dec_factor=0.99
--mh_checkit=false
--mh_lfreq=0
--mh_lnewinc=true
--mh_tciter=-1
--mh_tctime=-1.0
--mh_titer=300
--mh_tobj=-1.0
--mh_ttime=-1.0
--odir=EADARP/out/a5-40
--oname=run16
--only_single_s_visits=true
--repair_max_routes=0
--seed=440592732
--use_milp_in_otf=0
--xcheck_isfeasible=false

EADARPInstance(EADARP/instances/b1/a5-40.txt, n=40, n_K=5, S=[93, 94, 95], Q=14.85, n_F=5, γ=0.7, T_plan=480.0, F=[88, 89, 90, 91, 92])

T preprocessing time [s]: 0.7906
I       iter             best          obj_old          obj_new        time              method info
I          1        509.16764     100040.00000        509.16764      0.0769                 con 
I          9        503.04747        509.16764        503.04747      0.2209        drrr_15+rrri 
I         10        490.54525        503.04747        490.54525      0.2359        drrr_15+rroi 
I         12        471.55328        490.54525        471.55328      0.2570         drrr_15+rrg 
I         15        456.55722        471.55328        456.55722      0.2835         drrr_15+rrg 
I         56        454.32196        456.55722        454.32196      0.4555         drrr_15+rrg 
I         68        450.25062        454.32196        450.25062      0.4777         drrr_15+rrg 
I         70        443.14373        450.25062        443.14373      0.4827        drrr_15+rroi 
I        113        442.94759        443.14373        442.94759      0.5500         drrr_15+rrg 
I        158        441.75638        442.94759        441.75638      0.6029        drrr_15+rroi 
I        181        440.19996        441.75638        440.19996      0.6440         drrr_15+rrg 
I        182        437.78570        440.19996        437.78570      0.6444         drrr_15+rrg 
I        184        437.54478        437.78570        437.54478      0.6449        drrr_15+rrri 
I        281        436.70027        437.54478        436.70027      0.7336        drrr_15+rrri 
I        300        436.70027        436.70027        481.01414      0.7583        drrr_15+rroi 

Method statistics
S  method    iter  succ  succ-rate%  tot-obj-gain  avg-obj-gain  rel-succ%  net-time  net-time%  brut-time  brut-time%
S  con          1     1   100.00000  -99530.83236  -99530.83236    3.70370   0.07691   10.14238    0.07691    10.14238
S  drrr_15    299    13     4.34783     -72.46737      -0.24237   48.14815   0.00251    0.33073    0.00251     0.33073
S  rrg         95     7     7.36842     -44.46145      -0.46802   25.92593   0.26594   35.07114    0.26594    35.07114
S  rroi       114     3     2.63158     -20.80032      -0.18246   11.11111   0.18020   23.76445    0.18020    23.76445
S  rrri        90     3     3.33333      -7.20560      -0.08006   11.11111   0.23152   30.53133    0.23152    30.53133
S  SUM/AVG    599    27     4.50751  -99675.76710    -166.40362   20.00000   0.75708   99.84003    0.75708    99.84003

T best solution: EADARPSolution(t_routing=557.778, t_excess=73.467, obj_val=436.7, obj_val_valid=true,
    unserved_requests=Int64[], F_visited=[88, 91, 90, 89, 92], S_visited=[94, 95, 93],
    (1, ([83, 20, 60, 30, 70, 23, 36, 63, 76, 15, 55, 88], Float64[], Int64[]))
    (2, ([84, 24, 64, 7, 47, 38, 32, 72, 78, 17, 57, 5, 45, 11, 2, 42, 51, 28, 68, 10, 50, 39, 79, 95, 89], [92.3712167396455], [24]))
    (3, ([85, 26, 66, 19, 59, 12, 52, 37, 77, 31, 71, 90], Float64[], Int64[]))
    (4, ([86, 34, 74, 21, 35, 75, 61, 13, 53, 27, 67, 40, 80, 4, 44, 16, 29, 56, 69, 93, 91], [38.95229251960198], [20]))
    (5, ([87, 22, 62, 3, 43, 14, 25, 54, 65, 9, 49, 33, 73, 94, 8, 1, 48, 41, 18, 6, 58, 46, 92], [37.16199935612262], [14])))

T best obj: 436.70026838938554
T best iteration: 281
T total iterations: 300
T best time [s]: 0.734
T total time [s]: 0.7583
