EADARP version 2def-dirty
ARGS: --ifile=EADARP/instances/b1/a5-40.txt --odir=EADARP/out/a5-40 --oname=run15
Settings:
--alns_gamma=0.025
--alns_segment_size=100
--alns_sigma1=10
--alns_sigma2=9
--alns_sigma3=3
--at_most_one_s=false
--gamma=-1.0
--ifile=EADARP/instances/b1/a5-40.txt
--insert_charging_otf=true
--insert_cost_noise=0.014
--lns_init_temp_factor=0.0
--lns_temp_dec_factor=0.99
--mh_checkit=false
--mh_lfreq=0
--mh_lnewinc=true
--mh_tciter=-1
--mh_tctime=-1.0
--mh_titer=300
--mh_tobj=-1.0
--mh_ttime=-1.0
--odir=EADARP/out/a5-40
--oname=run15
--only_single_s_visits=true
--repair_max_routes=0
--seed=1068179571
--use_milp_in_otf=0
--xcheck_isfeasible=false

EADARPInstance(EADARP/instances/b1/a5-40.txt, n=40, n_K=5, S=[93, 94, 95], Q=14.85, n_F=5, γ=0.7, T_plan=480.0, F=[88, 89, 90, 91, 92])

T preprocessing time [s]: 0.79022
I       iter             best          obj_old          obj_new        time              method info
I          1        512.70330     100040.00000        512.70330      0.0974                 con 
I          2        509.38377        512.70330        509.38377      0.1195         drrr_15+rrg 
I          6        476.73584        509.38377        476.73584      0.2139        drrr_15+rroi 
I          8        462.96815        476.73584        462.96815      0.2495        drrr_15+rrri 
I         14        451.44252        462.96815        451.44252      0.3226         drrr_15+rrg 
I         19        450.65462        451.44252        450.65462      0.3437        drrr_15+rroi 
I         22        449.71433        450.65462        449.71433      0.3514         drrr_15+rrg 
I         24        444.05324        449.71433        444.05324      0.3580        drrr_15+rroi 
I         26        443.88623        444.05324        443.88623      0.3637         drrr_15+rrg 
I         38        439.97566        443.88623        439.97566      0.4258        drrr_15+rrri 
I         70        439.18803        439.97566        439.18803      0.5136         drrr_15+rrg 
I        229        439.13727        439.18803        439.13727      0.6808        drrr_15+rrri 
I        243        438.30190        439.13727        438.30190      0.6998         drrr_15+rrg 
I        247        437.57844        438.30190        437.57844      0.7008         drrr_15+rrg 
I        267        437.42579        437.57844        437.42579      0.7177        drrr_15+rroi 
I        300        437.42579        437.42579        441.84003      0.7758        drrr_15+rrri 

Method statistics
S  method    iter  succ  succ-rate%  tot-obj-gain  avg-obj-gain  rel-succ%  net-time  net-time%  brut-time  brut-time%
S  con          1     1   100.00000  -99527.29670  -99527.29670    3.44828   0.09739   12.55307    0.09739    12.55307
S  drrr_15    299    14     4.68227     -75.27751      -0.25176   48.27586   0.00240    0.30894    0.00240     0.30894
S  rrg         89     7     7.86517     -18.29893      -0.20561   24.13793   0.18055   23.27237    0.18055    23.27237
S  rroi        96     4     4.16667     -39.24956      -0.40885   13.79310   0.22057   28.43117    0.22057    28.43117
S  rrri       114     3     2.63158     -17.72901      -0.15552   10.34483   0.27370   35.27929    0.27370    35.27929
S  SUM/AVG    599    29     4.84140  -99677.85172    -166.40710   20.00000   0.77461   99.84484    0.77461    99.84484

T best solution: EADARPSolution(t_routing=553.429, t_excess=89.415, obj_val=437.426, obj_val_valid=true,
    unserved_requests=Int64[], F_visited=[89, 91, 92, 88, 90], S_visited=[95, 93, 94],
    (1, ([83, 13, 53, 30, 70, 23, 36, 63, 76, 15, 55, 88], Float64[], Int64[]))
    (2, ([84, 14, 25, 54, 65, 9, 49, 33, 27, 73, 67, 12, 52, 4, 44, 95, 89], [13.190018086098517], [16]))
    (3, ([85, 22, 62, 3, 43, 20, 7, 60, 47, 17, 57, 5, 45, 11, 2, 42, 51, 28, 68, 10, 50, 39, 79, 93, 90], [80.77096758470671], [24]))
    (4, ([86, 34, 74, 21, 35, 75, 61, 38, 78, 32, 72, 37, 77, 31, 71, 91], Float64[], Int64[]))
    (5, ([87, 24, 64, 26, 66, 19, 59, 40, 80, 8, 1, 48, 41, 94, 16, 29, 56, 69, 18, 6, 58, 46, 92], [66.55482074438804], [14])))

T best obj: 437.4257902145975
T best iteration: 267
T total iterations: 300
T best time [s]: 0.718
T total time [s]: 0.7758
