EADARP version 2def-dirty
ARGS: --ifile=EADARP/instances/b1/a5-40.txt --odir=EADARP/out/a5-40 --oname=run1
Settings:
--alns_gamma=0.025
--alns_segment_size=100
--alns_sigma1=10
--alns_sigma2=9
--alns_sigma3=3
--at_most_one_s=false
--gamma=-1.0
--ifile=EADARP/instances/b1/a5-40.txt
--insert_charging_otf=true
--insert_cost_noise=0.014
--lns_init_temp_factor=0.0
--lns_temp_dec_factor=0.99
--mh_checkit=false
--mh_lfreq=0
--mh_lnewinc=true
--mh_tciter=-1
--mh_tctime=-1.0
--mh_titer=300
--mh_tobj=-1.0
--mh_ttime=-1.0
--odir=EADARP/out/a5-40
--oname=run1
--only_single_s_visits=true
--repair_max_routes=0
--seed=36389117
--use_milp_in_otf=0
--xcheck_isfeasible=false

EADARPInstance(EADARP/instances/b1/a5-40.txt, n=40, n_K=5, S=[93, 94, 95], Q=14.85, n_F=5, γ=0.7, T_plan=480.0, F=[88, 89, 90, 91, 92])

T preprocessing time [s]: 0.79371
I       iter             best          obj_old          obj_new        time              method info
I          1     100001.00000     100040.00000     100001.00000      0.0820                 con 
I          4        504.51570     100001.00000        504.51570      0.1340        drrr_15+rrri 
I          5        497.92102        504.51570        497.92102      0.1654         drrr_15+rrg 
I          6        491.23748        497.92102        491.23748      0.1989        drrr_15+rroi 
I          7        488.03708        491.23748        488.03708      0.2189        drrr_15+rroi 
I          8        485.50323        488.03708        485.50323      0.2302        drrr_15+rrri 
I         47        478.12222        485.50323        478.12222      0.4198        drrr_15+rrri 
I         53        475.39474        478.12222        475.39474      0.4383        drrr_15+rroi 
I         55        458.88719        475.39474        458.88719      0.4569        drrr_15+rroi 
I         57        451.69632        458.88719        451.69632      0.4601         drrr_15+rrg 
I         69        450.49093        451.69632        450.49093      0.4912         drrr_15+rrg 
I         88        450.31230        450.49093        450.31230      0.5440        drrr_15+rrri 
I         91        447.01844        450.31230        447.01844      0.5650        drrr_15+rrri 
I        202        442.28820        447.01844        442.28820      0.6867        drrr_15+rrri 
I        242        441.56456        442.28820        441.56456      0.7298        drrr_15+rroi 
I        289        437.95697        441.56456        437.95697      0.7597        drrr_15+rroi 
I        300        437.95697        437.95697     100001.00000      0.7690         drrr_15+rrg 

Method statistics
S  method    iter  succ  succ-rate%  tot-obj-gain  avg-obj-gain  rel-succ%  net-time  net-time%  brut-time  brut-time%
S  con          1     1   100.00000     -39.00000     -39.00000    3.22581   0.08194   10.65629    0.08194    10.65629
S  drrr_15    299    15     5.01672  -99563.04303    -332.98677   48.38710   0.00248    0.32257    0.00248     0.32257
S  rrg         91     3     3.29670     -14.99095      -0.16474    9.67742   0.17189   22.35270    0.17189    22.35270
S  rroi        97     6     6.18557     -33.45018      -0.34485   19.35484   0.21111   27.45395    0.21111    27.45395
S  rrri       111     6     5.40541  -99514.60190    -896.52795   19.35484   0.30026   39.04650    0.30026    39.04650
S  SUM/AVG    599    31     5.17529 -199165.08605    -332.49597   20.00000   0.76768   99.83202    0.76768    99.83202

T best solution: EADARPSolution(t_routing=559.179, t_excess=74.292, obj_val=437.957, obj_val_valid=true,
    unserved_requests=Int64[], F_visited=[90, 92, 88, 89, 91], S_visited=[95, 93, 94],
    (1, ([83, 14, 25, 54, 65, 9, 49, 33, 73, 18, 6, 58, 46, 88], Float64[], Int64[]))
    (2, ([84, 32, 72, 5, 45, 11, 2, 42, 51, 1, 41, 94, 31, 71, 39, 79, 16, 29, 56, 69, 15, 55, 89], [41.43173842357254], [12]))
    (3, ([85, 24, 64, 26, 66, 19, 59, 12, 52, 4, 44, 90], Float64[], Int64[]))
    (4, ([86, 22, 62, 3, 43, 20, 7, 60, 47, 13, 53, 27, 67, 40, 80, 8, 28, 48, 68, 10, 50, 37, 77, 93, 91], [70.76430028826327], [24]))
    (5, ([87, 34, 74, 21, 35, 75, 61, 38, 78, 17, 57, 30, 70, 23, 36, 63, 76, 95, 92], [48.07716669613513], [18])))

T best obj: 437.9569735508488
T best iteration: 289
T total iterations: 300
T best time [s]: 0.760
T total time [s]: 0.7690
