EADARP version 2def-dirty
ARGS: --ifile=EADARP/instances/b1/a5-40.txt --odir=EADARP/out/a5-40 --oname=run28
Settings:
--alns_gamma=0.025
--alns_segment_size=100
--alns_sigma1=10
--alns_sigma2=9
--alns_sigma3=3
--at_most_one_s=false
--gamma=-1.0
--ifile=EADARP/instances/b1/a5-40.txt
--insert_charging_otf=true
--insert_cost_noise=0.014
--lns_init_temp_factor=0.0
--lns_temp_dec_factor=0.99
--mh_checkit=false
--mh_lfreq=0
--mh_lnewinc=true
--mh_tciter=-1
--mh_tctime=-1.0
--mh_titer=300
--mh_tobj=-1.0
--mh_ttime=-1.0
--odir=EADARP/out/a5-40
--oname=run28
--only_single_s_visits=true
--repair_max_routes=0
--seed=942114207
--use_milp_in_otf=0
--xcheck_isfeasible=false

EADARPInstance(EADARP/instances/b1/a5-40.txt, n=40, n_K=5, S=[93, 94, 95], Q=14.85, n_F=5, γ=0.7, T_plan=480.0, F=[88, 89, 90, 91, 92])

T preprocessing time [s]: 0.78517
I       iter             best          obj_old          obj_new        time              method info
I          1        504.31731     100040.00000        504.31731      0.0794                 con 
I          2        503.49589        504.31731        503.49589      0.1491         drrr_15+rrg 
I          3        495.44676        503.49589        495.44676      0.1621        drrr_15+rrri 
I          6        482.16832        495.44676        482.16832      0.2081        drrr_15+rroi 
I          9        479.99704        482.16832        479.99704      0.2587         drrr_15+rrg 
I         13        469.53622        479.99704        469.53622      0.3129        drrr_15+rroi 
I         14        468.53484        469.53622        468.53484      0.3175        drrr_15+rrri 
I         19        468.43745        468.53484        468.43745      0.3488        drrr_15+rroi 
I         23        466.15751        468.43745        466.15751      0.3584         drrr_15+rrg 
I         25        465.27951        466.15751        465.27951      0.3640         drrr_15+rrg 
I         36        459.21845        465.27951        459.21845      0.4219        drrr_15+rrri 
I         41        458.67487        459.21845        458.67487      0.4539         drrr_15+rrg 
I         48        456.86877        458.67487        456.86877      0.4710        drrr_15+rrri 
I         64        455.30346        456.86877        455.30346      0.5034         drrr_15+rrg 
I         70        451.71532        455.30346        451.71532      0.5305        drrr_15+rroi 
I         74        446.45088        451.71532        446.45088      0.5520        drrr_15+rrri 
I         78        441.44304        446.45088        441.44304      0.5695        drrr_15+rroi 
I         79        438.58836        441.44304        438.58836      0.5697        drrr_15+rroi 
I        174        437.91742        438.58836        437.91742      0.6457        drrr_15+rrri 
I        176        437.73195        437.91742        437.73195      0.6462        drrr_15+rrri 
I        210        436.78699        437.73195        436.78699      0.6790         drrr_15+rrg 
I        231        436.61321        436.78699        436.61321      0.7205         drrr_15+rrg 
I        273        435.79546        436.61321        435.79546      0.7552         drrr_15+rrg 
I        300        435.79546        435.79546        436.10523      0.7716        drrr_15+rrri 

Method statistics
S  method    iter  succ  succ-rate%  tot-obj-gain  avg-obj-gain  rel-succ%  net-time  net-time%  brut-time  brut-time%
S  con          1     1   100.00000  -99535.68269  -99535.68269    2.22222   0.07941   10.29226    0.07941    10.29226
S  drrr_15    299    22     7.35786     -68.52185      -0.22917   48.88889   0.00248    0.32099    0.00248     0.32099
S  rrg         93     9     9.67742     -10.19602      -0.10963   20.00000   0.24068   31.19340    0.24068    31.19340
S  rroi       108     6     5.55556     -35.28730      -0.32673   13.33333   0.24844   32.19896    0.24844    32.19896
S  rrri        98     7     7.14286     -23.03853      -0.23509   15.55556   0.19907   25.80044    0.19907    25.80044
S  SUM/AVG    599    45     7.51252  -99672.72640    -166.39854   20.00000   0.77009   99.80604    0.77009    99.80604

T best solution: EADARPSolution(t_routing=555.823, t_excess=75.711, obj_val=435.795, obj_val_valid=true,
    unserved_requests=Int64[], F_visited=[91, 89, 88, 90, 92], S_visited=[94, 95, 93],
    (1, ([83, 14, 25, 54, 65, 9, 49, 37, 77, 18, 6, 58, 46, 88], Float64[], Int64[]))
    (2, ([84, 11, 2, 42, 51, 16, 29, 56, 69, 15, 55, 89], Float64[], Int64[]))
    (3, ([85, 34, 74, 21, 35, 75, 61, 38, 32, 72, 78, 17, 57, 19, 59, 33, 73, 1, 41, 94, 31, 71, 90], [38.02529255278415], [20]))
    (4, ([86, 24, 64, 26, 66, 20, 60, 30, 70, 5, 45, 12, 52, 4, 44, 23, 36, 63, 76, 93, 91], [79.93878455501697], [20]))
    (5, ([87, 22, 62, 3, 43, 7, 47, 13, 53, 27, 67, 40, 80, 8, 28, 48, 68, 10, 50, 39, 79, 95, 92], [62.51843631316153], [22])))

T best obj: 435.7954554478898
T best iteration: 273
T total iterations: 300
T best time [s]: 0.755
T total time [s]: 0.7716
