EADARP version 2def-dirty
ARGS: --ifile=EADARP/instances/b1/a5-40.txt --odir=EADARP/out/a5-40 --oname=run22
Settings:
--alns_gamma=0.025
--alns_segment_size=100
--alns_sigma1=10
--alns_sigma2=9
--alns_sigma3=3
--at_most_one_s=false
--gamma=-1.0
--ifile=EADARP/instances/b1/a5-40.txt
--insert_charging_otf=true
--insert_cost_noise=0.014
--lns_init_temp_factor=0.0
--lns_temp_dec_factor=0.99
--mh_checkit=false
--mh_lfreq=0
--mh_lnewinc=true
--mh_tciter=-1
--mh_tctime=-1.0
--mh_titer=300
--mh_tobj=-1.0
--mh_ttime=-1.0
--odir=EADARP/out/a5-40
--oname=run22
--only_single_s_visits=true
--repair_max_routes=0
--seed=720304411
--use_milp_in_otf=0
--xcheck_isfeasible=false

EADARPInstance(EADARP/instances/b1/a5-40.txt, n=40, n_K=5, S=[93, 94, 95], Q=14.85, n_F=5, γ=0.7, T_plan=480.0, F=[88, 89, 90, 91, 92])

T preprocessing time [s]: 0.78749
I       iter             best          obj_old          obj_new        time              method info
I          1        504.31731     100040.00000        504.31731      0.0784                 con 
I          2        480.16460        504.31731        480.16460      0.1058        drrr_15+rroi 
I          7        473.61075        480.16460        473.61075      0.1793        drrr_15+rroi 
I         29        465.96962        473.61075        465.96962      0.2758        drrr_15+rroi 
I         30        461.36004        465.96962        461.36004      0.2860         drrr_15+rrg 
I         51        457.83461        461.36004        457.83461      0.4073        drrr_15+rrri 
I         74        451.74074        457.83461        451.74074      0.5060         drrr_15+rrg 
I         79        444.95843        451.74074        444.95843      0.5109        drrr_15+rroi 
I         81        443.68131        444.95843        443.68131      0.5137        drrr_15+rroi 
I         84        435.72359        443.68131        435.72359      0.5166        drrr_15+rrri 
I         91        434.34533        435.72359        434.34533      0.5211        drrr_15+rrri 
I         98        433.16818        434.34533        433.16818      0.5305        drrr_15+rroi 
I        231        432.20084        433.16818        432.20084      0.6662        drrr_15+rrri 
I        237        429.39255        432.20084        429.39255      0.6698        drrr_15+rrri 
I        238        428.43982        429.39255        428.43982      0.6700        drrr_15+rroi 
I        252        428.13004        428.43982        428.13004      0.6765        drrr_15+rrri 
I        300        428.13004        428.13004        472.72914      0.7179        drrr_15+rroi 

Method statistics
S  method    iter  succ  succ-rate%  tot-obj-gain  avg-obj-gain  rel-succ%  net-time  net-time%  brut-time  brut-time%
S  con          1     1   100.00000  -99535.68269  -99535.68269    3.22581   0.07842   10.92291    0.07842    10.92291
S  drrr_15    299    15     5.01672     -76.18726      -0.25481   48.38710   0.00881    1.22720    0.00881     1.22720
S  rrg        104     2     1.92308     -10.70344      -0.10292    6.45161   0.27638   38.49885    0.27638    38.49885
S  rroi       105     7     6.66667     -48.53700      -0.46226   22.58065   0.17698   24.65310    0.17698    24.65310
S  rrri        90     6     6.66667     -16.94682      -0.18830   19.35484   0.17616   24.53806    0.17616    24.53806
S  SUM/AVG    599    31     5.17529  -99688.05722    -166.42414   20.00000   0.71675   99.84012    0.71675    99.84012

T best solution: EADARPSolution(t_routing=546.824, t_excess=72.048, obj_val=428.13, obj_val_valid=true,
    unserved_requests=Int64[], F_visited=[91, 89, 88, 90, 92], S_visited=[93, 94],
    (1, ([83, 30, 70, 10, 50, 37, 77, 18, 6, 58, 46, 88], Float64[], Int64[]))
    (2, ([84, 14, 25, 54, 65, 9, 49, 33, 73, 31, 71, 39, 79, 89], Float64[], Int64[]))
    (3, ([85, 24, 64, 26, 66, 19, 59, 12, 52, 4, 44, 90], Float64[], Int64[]))
    (4, ([86, 34, 74, 21, 35, 75, 61, 38, 78, 32, 72, 13, 53, 27, 67, 40, 80, 8, 1, 48, 41, 94, 16, 29, 56, 69, 15, 55, 91], [75.79090766481814], [22]))
    (5, ([87, 22, 62, 3, 43, 20, 7, 60, 47, 17, 57, 5, 45, 11, 2, 42, 51, 28, 68, 23, 36, 63, 76, 93, 92], [75.17285445895575], [24])))

T best obj: 428.13004385399785
T best iteration: 252
T total iterations: 300
T best time [s]: 0.677
T total time [s]: 0.7179
