EADARP version 2def-dirty
ARGS: --ifile=EADARP/instances/b1/a5-40.txt --odir=EADARP/out/a5-40 --oname=run29
Settings:
--alns_gamma=0.025
--alns_segment_size=100
--alns_sigma1=10
--alns_sigma2=9
--alns_sigma3=3
--at_most_one_s=false
--gamma=-1.0
--ifile=EADARP/instances/b1/a5-40.txt
--insert_charging_otf=true
--insert_cost_noise=0.014
--lns_init_temp_factor=0.0
--lns_temp_dec_factor=0.99
--mh_checkit=false
--mh_lfreq=0
--mh_lnewinc=true
--mh_tciter=-1
--mh_tctime=-1.0
--mh_titer=300
--mh_tobj=-1.0
--mh_ttime=-1.0
--odir=EADARP/out/a5-40
--oname=run29
--only_single_s_visits=true
--repair_max_routes=0
--seed=1717157517
--use_milp_in_otf=0
--xcheck_isfeasible=false

EADARPInstance(EADARP/instances/b1/a5-40.txt, n=40, n_K=5, S=[93, 94, 95], Q=14.85, n_F=5, γ=0.7, T_plan=480.0, F=[88, 89, 90, 91, 92])

T preprocessing time [s]: 0.79026
I       iter             best          obj_old          obj_new        time              method info
I          1        506.21726     100040.00000        506.21726      0.0865                 con 
I          2        495.71148        506.21726        495.71148      0.0964        drrr_15+rroi 
I          7        474.12103        495.71148        474.12103      0.1681        drrr_15+rroi 
I          8        470.91937        474.12103        470.91937      0.1739        drrr_15+rroi 
I          9        458.95064        470.91937        458.95064      0.1842        drrr_15+rroi 
I         18        456.19699        458.95064        456.19699      0.2633        drrr_15+rroi 
I         23        451.55135        456.19699        451.55135      0.3005        drrr_15+rroi 
I         25        443.06048        451.55135        443.06048      0.3100        drrr_15+rrri 
I         61        442.20846        443.06048        442.20846      0.4902         drrr_15+rrg 
I        175        439.67739        442.20846        439.67739      0.6621         drrr_15+rrg 
I        182        439.56997        439.67739        439.56997      0.6649         drrr_15+rrg 
I        188        439.53502        439.56997        439.53502      0.6663         drrr_15+rrg 
I        300        439.53502        439.53502        440.51738      0.7866        drrr_15+rroi 

Method statistics
S  method    iter  succ  succ-rate%  tot-obj-gain  avg-obj-gain  rel-succ%  net-time  net-time%  brut-time  brut-time%
S  con          1     1   100.00000  -99533.78274  -99533.78274    4.34783   0.08649   10.99550    0.08649    10.99550
S  drrr_15    299    11     3.67893     -66.68224      -0.22302   47.82609   0.00245    0.31125    0.00245     0.31125
S  rrg         95     4     4.21053      -3.52545      -0.03711   17.39130   0.21785   27.69512    0.21785    27.69512
S  rroi       109     6     5.50459     -54.66591      -0.50152   26.08696   0.26293   33.42601    0.26293    33.42601
S  rrri        95     1     1.05263      -8.49088      -0.08938    4.34783   0.21574   27.42709    0.21574    27.42709
S  SUM/AVG    599    23     3.83973  -99667.14721    -166.38923   20.00000   0.78546   99.85497    0.78546    99.85497

T best solution: EADARPSolution(t_routing=555.465, t_excess=91.746, obj_val=439.535, obj_val_valid=true,
    unserved_requests=Int64[], F_visited=[91, 92, 88, 89, 90], S_visited=[95, 93, 94],
    (1, ([83, 22, 62, 3, 43, 14, 25, 54, 65, 9, 49, 40, 80, 8, 1, 48, 41, 94, 16, 29, 56, 69, 18, 6, 58, 46, 88], [60.025404147188596], [18]))
    (2, ([84, 34, 74, 21, 35, 75, 61, 7, 47, 13, 53, 89], Float64[], Int64[]))
    (3, ([85, 30, 70, 23, 36, 63, 76, 15, 55, 90], Float64[], Int64[]))
    (4, ([86, 32, 72, 19, 59, 33, 27, 73, 67, 12, 52, 37, 77, 31, 71, 39, 79, 95, 91], [27.674049847477164], [18]))
    (5, ([87, 24, 64, 26, 66, 20, 60, 38, 78, 17, 57, 5, 45, 11, 2, 42, 51, 28, 68, 10, 4, 50, 44, 93, 92], [98.47026509499935], [24])))

T best obj: 439.5350247573506
T best iteration: 188
T total iterations: 300
T best time [s]: 0.666
T total time [s]: 0.7866
