EADARP version 2def-dirty
ARGS: --ifile=EADARP/instances/b1/a5-40.txt --odir=EADARP/out/a5-40 --oname=run25
Settings:
--alns_gamma=0.025
--alns_segment_size=100
--alns_sigma1=10
--alns_sigma2=9
--alns_sigma3=3
--at_most_one_s=false
--gamma=-1.0
--ifile=EADARP/instances/b1/a5-40.txt
--insert_charging_otf=true
--insert_cost_noise=0.014
--lns_init_temp_factor=0.0
--lns_temp_dec_factor=0.99
--mh_checkit=false
--mh_lfreq=0
--mh_lnewinc=true
--mh_tciter=-1
--mh_tctime=-1.0
--mh_titer=300
--mh_tobj=-1.0
--mh_ttime=-1.0
--odir=EADARP/out/a5-40
--oname=run25
--only_single_s_visits=true
--repair_max_routes=0
--seed=1759222118
--use_milp_in_otf=0
--xcheck_isfeasible=false

EADARPInstance(EADARP/instances/b1/a5-40.txt, n=40, n_K=5, S=[93, 94, 95], Q=14.85, n_F=5, γ=0.7, T_plan=480.0, F=[88, 89, 90, 91, 92])

T preprocessing time [s]: 0.78708
I       iter             best          obj_old          obj_new        time              method info
I          1        499.99025     100040.00000        499.99025      0.0945                 con 
I          2        467.11252        499.99025        467.11252      0.1186        drrr_15+rroi 
I          8        453.68216        467.11252        453.68216      0.2067        drrr_15+rroi 
I         10        451.01134        453.68216        451.01134      0.2414        drrr_15+rroi 
I         13        446.66724        451.01134        446.66724      0.2972        drrr_15+rrri 
I         29        442.29952        446.66724        442.29952      0.4007        drrr_15+rrri 
I         44        440.43567        442.29952        440.43567      0.4776         drrr_15+rrg 
I         47        439.61791        440.43567        439.61791      0.4786         drrr_15+rrg 
I         54        439.26767        439.61791        439.26767      0.4918        drrr_15+rrri 
I         83        439.04103        439.26767        439.04103      0.5458         drrr_15+rrg 
I         91        437.35546        439.04103        437.35546      0.5516         drrr_15+rrg 
I        110        437.24804        437.35546        437.24804      0.5853        drrr_15+rroi 
I        143        437.08103        437.24804        437.08103      0.6615        drrr_15+rrri 
I        150        434.70246        437.08103        434.70246      0.6666        drrr_15+rrri 
I        172        434.46153        434.70246        434.46153      0.7078        drrr_15+rrri 
I        190        433.55018        434.46153        433.55018      0.7203        drrr_15+rrri 
I        224        432.92448        433.55018        432.92448      0.7550        drrr_15+rroi 
I        300        432.92448        432.92448     100001.00000      0.7878         drrr_15+rrg 

Method statistics
S  method    iter  succ  succ-rate%  tot-obj-gain  avg-obj-gain  rel-succ%  net-time  net-time%  brut-time  brut-time%
S  con          1     1   100.00000  -99540.00975  -99540.00975    3.03030   0.09448   11.99297    0.09448    11.99297
S  drrr_15    299    16     5.35117     -67.06577      -0.22430   48.48485   0.00241    0.30537    0.00241     0.30537
S  rrg         95     4     4.21053      -4.59381      -0.04836   12.12121   0.22380   28.40908    0.22380    28.40908
S  rroi        96     5     5.20833     -49.71203      -0.51783   15.15152   0.27059   34.34801    0.27059    34.34801
S  rrri       108     7     6.48148     -12.75993      -0.11815   21.21212   0.19527   24.78714    0.19527    24.78714
S  SUM/AVG    599    33     5.50918  -99674.14129    -166.40090   20.00000   0.78655   99.84256    0.78655    99.84256

T best solution: EADARPSolution(t_routing=539.394, t_excess=113.517, obj_val=432.924, obj_val_valid=true,
    unserved_requests=Int64[], F_visited=[91, 88, 92, 90, 89], S_visited=[93, 94, 95],
    (1, ([83, 34, 74, 21, 35, 75, 61, 38, 32, 72, 78, 17, 57, 5, 45, 11, 2, 42, 51, 28, 68, 10, 50, 37, 77, 93, 88], [79.38131124782967], [26]))
    (2, ([84, 26, 66, 19, 59, 12, 52, 4, 44, 95, 16, 29, 56, 69, 18, 6, 58, 46, 89], [43.05807820977932], [10]))
    (3, ([85, 22, 62, 3, 43, 20, 7, 60, 47, 13, 53, 90], Float64[], Int64[]))
    (4, ([86, 24, 64, 30, 70, 23, 36, 63, 76, 15, 55, 91], Float64[], Int64[]))
    (5, ([87, 14, 25, 54, 65, 9, 49, 33, 27, 73, 40, 67, 80, 8, 1, 48, 41, 94, 31, 71, 39, 79, 92], [40.664758123874414], [18])))

T best obj: 432.9244781001032
T best iteration: 224
T total iterations: 300
T best time [s]: 0.755
T total time [s]: 0.7878
