EADARP version 2def-dirty
ARGS: --ifile=EADARP/instances/b1/a5-40.txt --odir=EADARP/out/a5-40 --oname=run20
Settings:
--alns_gamma=0.025
--alns_segment_size=100
--alns_sigma1=10
--alns_sigma2=9
--alns_sigma3=3
--at_most_one_s=false
--gamma=-1.0
--ifile=EADARP/instances/b1/a5-40.txt
--insert_charging_otf=true
--insert_cost_noise=0.014
--lns_init_temp_factor=0.0
--lns_temp_dec_factor=0.99
--mh_checkit=false
--mh_lfreq=0
--mh_lnewinc=true
--mh_tciter=-1
--mh_tctime=-1.0
--mh_titer=300
--mh_tobj=-1.0
--mh_ttime=-1.0
--odir=EADARP/out/a5-40
--oname=run20
--only_single_s_visits=true
--repair_max_routes=0
--seed=136454658
--use_milp_in_otf=0
--xcheck_isfeasible=false

EADARPInstance(EADARP/instances/b1/a5-40.txt, n=40, n_K=5, S=[93, 94, 95], Q=14.85, n_F=5, γ=0.7, T_plan=480.0, F=[88, 89, 90, 91, 92])

T preprocessing time [s]: 0.79358
I       iter             best          obj_old          obj_new        time              method info
I          1        504.31731     100040.00000        504.31731      0.0794                 con 
I          2        495.47728        504.31731        495.47728      0.1037        drrr_15+rrri 
I          9        494.45794        495.47728        494.45794      0.1978        drrr_15+rroi 
I         18        492.48016        494.45794        492.48016      0.2547         drrr_15+rrg 
I         19        471.09940        492.48016        471.09940      0.2580        drrr_15+rroi 
I         22        459.86408        471.09940        459.86408      0.2814         drrr_15+rrg 
I         23        453.23375        459.86408        453.23375      0.2861        drrr_15+rroi 
I         24        452.75190        453.23375        452.75190      0.3068         drrr_15+rrg 
I         31        442.33743        452.75190        442.33743      0.3670        drrr_15+rroi 
I         32        440.58707        442.33743        440.58707      0.3738        drrr_15+rroi 
I         40        437.99702        440.58707        437.99702      0.4197         drrr_15+rrg 
I         44        429.21000        437.99702        429.21000      0.4318        drrr_15+rroi 
I         62        428.39225        429.21000        428.39225      0.4777         drrr_15+rrg 
I        122        428.37769        428.39225        428.37769      0.5751        drrr_15+rrri 
I        300        428.37769        428.37769        467.30754      0.7373        drrr_15+rroi 

Method statistics
S  method    iter  succ  succ-rate%  tot-obj-gain  avg-obj-gain  rel-succ%  net-time  net-time%  brut-time  brut-time%
S  con          1     1   100.00000  -99535.68269  -99535.68269    3.70370   0.07937   10.76417    0.07937    10.76417
S  drrr_15    299    13     4.34783     -75.93962      -0.25398   48.14815   0.00234    0.31769    0.00234     0.31769
S  rrg         89     5     5.61798     -17.10276      -0.19217   18.51852   0.16849   22.85157    0.16849    22.85157
S  rroi       109     6     5.50459     -49.98227      -0.45855   22.22222   0.22701   30.78772    0.22701    30.78772
S  rrri       101     2     1.98020      -8.85459      -0.08767    7.40741   0.25897   35.12225    0.25897    35.12225
S  SUM/AVG    599    27     4.50751  -99687.56193    -166.42331   20.00000   0.73619   99.84340    0.73619    99.84340

T best solution: EADARPSolution(t_routing=543.243, t_excess=83.782, obj_val=428.378, obj_val_valid=true,
    unserved_requests=Int64[], F_visited=[89, 90, 92, 91, 88], S_visited=[93, 94, 95],
    (1, ([83, 14, 25, 54, 65, 9, 49, 33, 73, 18, 6, 58, 46, 88], Float64[], Int64[]))
    (2, ([84, 30, 70, 23, 36, 63, 76, 15, 55, 89], Float64[], Int64[]))
    (3, ([85, 24, 64, 26, 66, 19, 59, 12, 52, 4, 44, 95, 16, 29, 56, 69, 90], [31.21038488505261], [12]))
    (4, ([86, 22, 62, 3, 43, 20, 7, 60, 47, 13, 53, 27, 67, 40, 80, 8, 1, 48, 41, 31, 71, 39, 79, 93, 91], [51.10489581194443], [24]))
    (5, ([87, 34, 74, 21, 35, 75, 61, 38, 32, 72, 78, 17, 57, 5, 45, 11, 2, 42, 51, 28, 68, 10, 50, 37, 77, 94, 92], [80.75192807752693], [26])))

T best obj: 428.37768862894706
T best iteration: 122
T total iterations: 300
T best time [s]: 0.575
T total time [s]: 0.7373
