EADARP version 2def-dirty
ARGS: --ifile=EADARP/instances/b1/a5-40.txt --odir=EADARP/out/a5-40 --oname=run44
Settings:
--alns_gamma=0.025
--alns_segment_size=100
--alns_sigma1=10
--alns_sigma2=9
--alns_sigma3=3
--at_most_one_s=false
--gamma=-1.0
--ifile=EADARP/instances/b1/a5-40.txt
--insert_charging_otf=true
--insert_cost_noise=0.014
--lns_init_temp_factor=0.0
--lns_temp_dec_factor=0.99
--mh_checkit=false
--mh_lfreq=0
--mh_lnewinc=true
--mh_tciter=-1
--mh_tctime=-1.0
--mh_titer=300
--mh_tobj=-1.0
--mh_ttime=-1.0
--odir=EADARP/out/a5-40
--oname=run44
--only_single_s_visits=true
--repair_max_routes=0
--seed=2131317032
--use_milp_in_otf=0
--xcheck_isfeasible=false

EADARPInstance(EADARP/instances/b1/a5-40.txt, n=40, n_K=5, S=[93, 94, 95], Q=14.85, n_F=5, γ=0.7, T_plan=480.0, F=[88, 89, 90, 91, 92])

T preprocessing time [s]: 0.78873
I       iter             best          obj_old          obj_new        time              method info
I          1        504.50628     100040.00000        504.50628      0.0912                 con 
I          2        501.74808        504.50628        501.74808      0.1166        drrr_15+rrri 
I          3        486.63418        501.74808        486.63418      0.1345         drrr_15+rrg 
I          5        481.47110        486.63418        481.47110      0.1882        drrr_15+rrri 
I          7        479.45821        481.47110        479.45821      0.2213         drrr_15+rrg 
I         16        477.15134        479.45821        477.15134      0.2982        drrr_15+rrri 
I         17        476.77812        477.15134        476.77812      0.3059        drrr_15+rrri 
I         20        448.04882        476.77812        448.04882      0.3097        drrr_15+rrri 
I         48        444.34351        448.04882        444.34351      0.3931         drrr_15+rrg 
I         49        443.81225        444.34351        443.81225      0.3946        drrr_15+rroi 
I         67        442.16905        443.81225        442.16905      0.4633        drrr_15+rroi 
I         84        438.53905        442.16905        438.53905      0.5392         drrr_15+rrg 
I         94        435.88961        438.53905        435.88961      0.5663        drrr_15+rroi 
I        120        433.27012        435.88961        433.27012      0.5834        drrr_15+rrri 
I        132        431.89045        433.27012        431.89045      0.6041        drrr_15+rroi 
I        148        430.89458        431.89045        430.89458      0.6186         drrr_15+rrg 
I        300        430.89458        430.89458        457.21141      0.7439        drrr_15+rrri 

Method statistics
S  method    iter  succ  succ-rate%  tot-obj-gain  avg-obj-gain  rel-succ%  net-time  net-time%  brut-time  brut-time%
S  con          1     1   100.00000  -99535.49372  -99535.49372    3.22581   0.09114   12.25070    0.09114    12.25070
S  drrr_15    299    15     5.01672     -73.61170      -0.24619   48.38710   0.00241    0.32461    0.00241     0.32461
S  rrg         88     5     5.68182     -25.45796      -0.28930   16.12903   0.20097   27.01313    0.20097    27.01313
S  rroi        98     4     4.08163      -6.20357      -0.06330   12.90323   0.18654   25.07372    0.18654    25.07372
S  rrri       113     6     5.30973     -41.95016      -0.37124   19.35484   0.26165   35.17026    0.26165    35.17026
S  SUM/AVG    599    31     5.17529  -99682.71712    -166.41522   20.00000   0.74271   99.83242    0.74271    99.83242

T best solution: EADARPSolution(t_routing=546.295, t_excess=84.693, obj_val=430.895, obj_val_valid=true,
    unserved_requests=Int64[], F_visited=[88, 89, 92, 91, 90], S_visited=[95, 94, 93],
    (1, ([83, 26, 66, 19, 59, 12, 52, 37, 77, 18, 6, 58, 46, 95, 88], [3.2948106394137033], [14]))
    (2, ([84, 34, 74, 21, 35, 75, 61, 38, 78, 32, 72, 13, 53, 27, 67, 40, 80, 8, 1, 48, 41, 94, 16, 29, 56, 69, 89], [72.86829890015444], [22]))
    (3, ([85, 24, 64, 30, 70, 23, 36, 63, 76, 15, 55, 90], Float64[], Int64[]))
    (4, ([86, 22, 62, 3, 43, 20, 7, 60, 47, 17, 57, 5, 45, 11, 2, 42, 51, 28, 68, 10, 4, 50, 44, 93, 91], [75.22069658234567], [24]))
    (5, ([87, 14, 25, 54, 65, 9, 49, 33, 73, 31, 71, 39, 79, 92], Float64[], Int64[])))

T best obj: 430.894579639943
T best iteration: 148
T total iterations: 300
T best time [s]: 0.619
T total time [s]: 0.7440
