EADARP version 2def-dirty
ARGS: --ifile=EADARP/instances/b1/a5-40.txt --odir=EADARP/out/a5-40 --oname=run57
Settings:
--alns_gamma=0.025
--alns_segment_size=100
--alns_sigma1=10
--alns_sigma2=9
--alns_sigma3=3
--at_most_one_s=false
--gamma=-1.0
--ifile=EADARP/instances/b1/a5-40.txt
--insert_charging_otf=true
--insert_cost_noise=0.014
--lns_init_temp_factor=0.0
--lns_temp_dec_factor=0.99
--mh_checkit=false
--mh_lfreq=0
--mh_lnewinc=true
--mh_tciter=-1
--mh_tctime=-1.0
--mh_titer=300
--mh_tobj=-1.0
--mh_ttime=-1.0
--odir=EADARP/out/a5-40
--oname=run57
--only_single_s_visits=true
--repair_max_routes=0
--seed=1069725966
--use_milp_in_otf=0
--xcheck_isfeasible=false

EADARPInstance(EADARP/instances/b1/a5-40.txt, n=40, n_K=5, S=[93, 94, 95], Q=14.85, n_F=5, γ=0.7, T_plan=480.0, F=[88, 89, 90, 91, 92])

T preprocessing time [s]: 0.80771
I       iter             best          obj_old          obj_new        time              method info
I          1        504.31731     100040.00000        504.31731      0.0804                 con 
I          2        497.97516        504.31731        497.97516      0.1001        drrr_15+rroi 
I          3        476.58014        497.97516        476.58014      0.1438         drrr_15+rrg 
I          7        469.74447        476.58014        469.74447      0.1871         drrr_15+rrg 
I         15        463.60029        469.74447        463.60029      0.2652        drrr_15+rroi 
I         16        451.41393        463.60029        451.41393      0.2789        drrr_15+rrri 
I         31        451.23582        451.41393        451.23582      0.3536         drrr_15+rrg 
I         36        443.14474        451.23582        443.14474      0.3744         drrr_15+rrg 
I         39        442.90382        443.14474        442.90382      0.3848         drrr_15+rrg 
I         60        442.73680        442.90382        442.73680      0.4325        drrr_15+rrri 
I         82        442.08606        442.73680        442.08606      0.4744        drrr_15+rrri 
I         92        441.39062        442.08606        441.39062      0.4895         drrr_15+rrg 
I        107        441.22360        441.39062        441.22360      0.5324        drrr_15+rroi 
I        122        441.01776        441.22360        441.01776      0.5449         drrr_15+rrg 
I        128        440.23725        441.01776        440.23725      0.5639         drrr_15+rrg 
I        300        440.23725        440.23725        448.66378      0.7336         drrr_15+rrg 

Method statistics
S  method    iter  succ  succ-rate%  tot-obj-gain  avg-obj-gain  rel-succ%  net-time  net-time%  brut-time  brut-time%
S  con          1     1   100.00000  -99535.68269  -99535.68269    3.44828   0.08040   10.95843    0.08040    10.95843
S  drrr_15    299    14     4.68227     -64.08006      -0.21431   48.27586   0.00249    0.33898    0.00249     0.33898
S  rrg         98     8     8.16327     -38.42260      -0.39207   27.58621   0.24023   32.74443    0.24023    32.74443
S  rroi       109     3     2.75229     -12.65334      -0.11609   10.34483   0.17979   24.50584    0.17979    24.50584
S  rrri        92     3     3.26087     -13.00411      -0.14135   10.34483   0.22943   31.27173    0.22943    31.27173
S  SUM/AVG    599    29     4.84140  -99663.84280    -166.38371   20.00000   0.73234   99.81941    0.73234    99.81941

T best solution: EADARPSolution(t_routing=559.8, t_excess=81.55, obj_val=440.237, obj_val_valid=true,
    unserved_requests=Int64[], F_visited=[92, 88, 91, 89, 90], S_visited=[94, 93, 95],
    (1, ([83, 22, 62, 3, 14, 43, 25, 65, 54, 9, 49, 40, 80, 8, 1, 48, 41, 31, 71, 88], Float64[], Int64[]))
    (2, ([84, 24, 64, 27, 67, 12, 52, 4, 44, 95, 16, 29, 56, 69, 18, 6, 58, 46, 89], [40.10344708243327], [10]))
    (3, ([85, 7, 47, 13, 53, 39, 79, 90], Float64[], Int64[]))
    (4, ([86, 34, 74, 21, 35, 75, 61, 38, 32, 72, 78, 17, 57, 19, 59, 33, 73, 28, 68, 10, 50, 37, 77, 93, 91], [71.51634829374058], [24]))
    (5, ([87, 26, 66, 20, 60, 30, 70, 5, 45, 11, 2, 42, 51, 94, 23, 36, 63, 76, 15, 55, 92], [68.97088557730933], [14])))

T best obj: 440.23725207429993
T best iteration: 128
T total iterations: 300
T best time [s]: 0.564
T total time [s]: 0.7337
