EADARP version 2def-dirty
ARGS: --ifile=EADARP/instances/b1/a5-40.txt --odir=EADARP/out/a5-40 --oname=run64
Settings:
--alns_gamma=0.025
--alns_segment_size=100
--alns_sigma1=10
--alns_sigma2=9
--alns_sigma3=3
--at_most_one_s=false
--gamma=-1.0
--ifile=EADARP/instances/b1/a5-40.txt
--insert_charging_otf=true
--insert_cost_noise=0.014
--lns_init_temp_factor=0.0
--lns_temp_dec_factor=0.99
--mh_checkit=false
--mh_lfreq=0
--mh_lnewinc=true
--mh_tciter=-1
--mh_tctime=-1.0
--mh_titer=300
--mh_tobj=-1.0
--mh_ttime=-1.0
--odir=EADARP/out/a5-40
--oname=run64
--only_single_s_visits=true
--repair_max_routes=0
--seed=312483810
--use_milp_in_otf=0
--xcheck_isfeasible=false

EADARPInstance(EADARP/instances/b1/a5-40.txt, n=40, n_K=5, S=[93, 94, 95], Q=14.85, n_F=5, γ=0.7, T_plan=480.0, F=[88, 89, 90, 91, 92])

T preprocessing time [s]: 0.81824
I       iter             best          obj_old          obj_new        time              method info
I          1        504.31731     100040.00000        504.31731      0.0797                 con 
I          8        495.38553        504.31731        495.38553      0.2322        drrr_15+rrri 
I          9        487.99965        495.38553        487.99965      0.2591         drrr_15+rrg 
I         13        478.00185        487.99965        478.00185      0.3420        drrr_15+rrri 
I         15        470.47020        478.00185        470.47020      0.3653        drrr_15+rroi 
I         51        467.05923        470.47020        467.05923      0.5330        drrr_15+rroi 
I         53        460.86938        467.05923        460.86938      0.5407        drrr_15+rroi 
I         56        457.10785        460.86938        457.10785      0.5574         drrr_15+rrg 
I         59        456.04049        457.10785        456.04049      0.5584        drrr_15+rrri 
I         61        454.80121        456.04049        454.80121      0.5632        drrr_15+rrri 
I         63        451.95172        454.80121        451.95172      0.5688         drrr_15+rrg 
I         64        449.84046        451.95172        449.84046      0.5690        drrr_15+rrri 
I         75        443.81654        449.84046        443.81654      0.5980        drrr_15+rrri 
I        133        443.41222        443.81654        443.41222      0.7095        drrr_15+rroi 
I        140        442.82068        443.41222        442.82068      0.7154         drrr_15+rrg 
I        219        442.48271        442.82068        442.48271      0.7842         drrr_15+rrg 
I        247        442.37529        442.48271        442.37529      0.8308        drrr_15+rrri 
I        293        442.36073        442.37529        442.36073      0.8727        drrr_15+rroi 
I        296        437.49810        442.36073        437.49810      0.8801        drrr_15+rrri 
I        300        437.49810        437.49810        448.21351      0.8878         drrr_15+rrg 

Method statistics
S  method    iter  succ  succ-rate%  tot-obj-gain  avg-obj-gain  rel-succ%  net-time  net-time%  brut-time  brut-time%
S  con          1     1   100.00000  -99535.68269  -99535.68269    2.70270   0.07969    8.97509    0.07969     8.97509
S  drrr_15    299    18     6.02007     -66.81921      -0.22348   48.64865   0.00909    1.02389    0.00909     1.02389
S  rrg         92     5     5.43478     -14.92641      -0.16224   13.51351   0.26573   29.92966    0.26573    29.92966
S  rroi       100     5     5.00000     -17.55135      -0.17551   13.51351   0.19297   21.73390    0.19297    21.73390
S  rrri       107     8     7.47664     -34.34145      -0.32095   21.62162   0.33901   38.18244    0.33901    38.18244
S  SUM/AVG    599    37     6.17696  -99669.32111    -166.39286   20.00000   0.88648   99.84498    0.88648    99.84498

T best solution: EADARPSolution(t_routing=552.778, t_excess=91.66, obj_val=437.498, obj_val_valid=true,
    unserved_requests=Int64[], F_visited=[88, 92, 90, 91, 89], S_visited=[95, 94, 93],
    (1, ([83, 20, 7, 60, 47, 13, 53, 19, 59, 33, 27, 73, 67, 8, 28, 48, 68, 10, 50, 39, 79, 93, 88], [84.1985965426247], [22]))
    (2, ([84, 22, 62, 3, 43, 14, 25, 54, 65, 9, 49, 40, 80, 4, 44, 89], Float64[], Int64[]))
    (3, ([85, 24, 64, 26, 66, 95, 32, 72, 5, 45, 12, 52, 37, 77, 31, 71, 90], [20.57537482120102], [6]))
    (4, ([86, 34, 74, 21, 35, 75, 61, 38, 78, 17, 57, 11, 2, 42, 51, 1, 41, 94, 16, 29, 56, 69, 18, 6, 58, 46, 91], [78.1067498068037], [18]))
    (5, ([87, 30, 70, 23, 36, 63, 76, 15, 55, 92], Float64[], Int64[])))

T best obj: 437.49809693712973
T best iteration: 296
T total iterations: 300
T best time [s]: 0.880
T total time [s]: 0.8879
