EADARP version 2def-dirty
ARGS: --ifile=EADARP/instances/b1/a5-40.txt --odir=EADARP/out/a5-40 --oname=run69
Settings:
--alns_gamma=0.025
--alns_segment_size=100
--alns_sigma1=10
--alns_sigma2=9
--alns_sigma3=3
--at_most_one_s=false
--gamma=-1.0
--ifile=EADARP/instances/b1/a5-40.txt
--insert_charging_otf=true
--insert_cost_noise=0.014
--lns_init_temp_factor=0.0
--lns_temp_dec_factor=0.99
--mh_checkit=false
--mh_lfreq=0
--mh_lnewinc=true
--mh_tciter=-1
--mh_tctime=-1.0
--mh_titer=300
--mh_tobj=-1.0
--mh_ttime=-1.0
--odir=EADARP/out/a5-40
--oname=run69
--only_single_s_visits=true
--repair_max_routes=0
--seed=1209712901
--use_milp_in_otf=0
--xcheck_isfeasible=false

EADARPInstance(EADARP/instances/b1/a5-40.txt, n=40, n_K=5, S=[93, 94, 95], Q=14.85, n_F=5, γ=0.7, T_plan=480.0, F=[88, 89, 90, 91, 92])

T preprocessing time [s]: 0.80661
I       iter             best          obj_old          obj_new        time              method info
I          1        504.31731     100040.00000        504.31731      0.0809                 con 
I          2        473.12712        504.31731        473.12712      0.1288        drrr_15+rrri 
I         10        471.63035        473.12712        471.63035      0.1958        drrr_15+rroi 
I         11        465.35868        471.63035        465.35868      0.2011        drrr_15+rrri 
I         29        462.72623        465.35868        462.72623      0.3117         drrr_15+rrg 
I         30        461.98252        462.72623        461.98252      0.3121         drrr_15+rrg 
I         31        457.65909        461.98252        457.65909      0.3162        drrr_15+rroi 
I         42        455.57086        457.65909        455.57086      0.3781        drrr_15+rroi 
I         64        454.43352        455.57086        454.43352      0.4424        drrr_15+rrri 
I         81        447.30211        454.43352        447.30211      0.4901         drrr_15+rrg 
I        112        444.31841        447.30211        444.31841      0.5484         drrr_15+rrg 
I        122        444.21099        444.31841        444.21099      0.5683         drrr_15+rrg 
I        196        443.45803        444.21099        443.45803      0.6644        drrr_15+rrri 
I        200        443.40533        443.45803        443.40533      0.6653        drrr_15+rroi 
I        207        439.99130        443.40533        439.99130      0.6933        drrr_15+rroi 
I        210        439.31367        439.99130        439.31367      0.6989        drrr_15+rroi 
I        286        437.96821        439.31367        437.96821      0.7637        drrr_15+rroi 
I        300        437.96821        437.96821        465.94983      0.7839        drrr_15+rroi 

Method statistics
S  method    iter  succ  succ-rate%  tot-obj-gain  avg-obj-gain  rel-succ%  net-time  net-time%  brut-time  brut-time%
S  con          1     1   100.00000  -99535.68269  -99535.68269    3.03030   0.08086   10.31470    0.08086    10.31470
S  drrr_15    299    16     5.35117     -66.34910      -0.22190   48.48485   0.00965    1.23092    0.00965     1.23092
S  rrg         95     5     5.26316     -13.59870      -0.14314   15.15152   0.15354   19.58675    0.15354    19.58675
S  rroi       100     7     7.00000     -13.39827      -0.13398   21.21212   0.20839   26.58399    0.20839    26.58399
S  rrri       104     4     3.84615     -39.35214      -0.37839   12.12121   0.33010   42.10898    0.33010    42.10898
S  SUM/AVG    599    33     5.50918  -99668.38090    -166.39129   20.00000   0.78254   99.82533    0.78254    99.82533

T best solution: EADARPSolution(t_routing=556.774, t_excess=81.55, obj_val=437.968, obj_val_valid=true,
    unserved_requests=Int64[], F_visited=[88, 89, 91, 90, 92], S_visited=[93, 95, 94],
    (1, ([83, 34, 74, 21, 35, 75, 61, 38, 32, 72, 78, 17, 57, 19, 59, 33, 73, 28, 68, 10, 50, 37, 77, 39, 79, 93, 88], [90.66692725458797], [26]))
    (2, ([84, 26, 66, 20, 60, 94, 27, 67, 8, 1, 48, 41, 18, 6, 58, 46, 89], [34.03987878287566], [6]))
    (3, ([85, 13, 53, 30, 70, 5, 45, 12, 52, 4, 44, 95, 16, 29, 56, 69, 90], [35.44088836436156], [12]))
    (4, ([86, 24, 64, 7, 47, 23, 36, 63, 76, 15, 55, 91], Float64[], Int64[]))
    (5, ([87, 22, 62, 3, 14, 43, 25, 65, 54, 9, 49, 40, 80, 11, 2, 42, 51, 31, 71, 92], Float64[], Int64[])))

T best obj: 437.96820601426896
T best iteration: 286
T total iterations: 300
T best time [s]: 0.764
T total time [s]: 0.7839
