EADARP version 2def-dirty
ARGS: --ifile=EADARP/instances/b1/a5-40.txt --odir=EADARP/out/a5-40 --oname=run75
Settings:
--alns_gamma=0.025
--alns_segment_size=100
--alns_sigma1=10
--alns_sigma2=9
--alns_sigma3=3
--at_most_one_s=false
--gamma=-1.0
--ifile=EADARP/instances/b1/a5-40.txt
--insert_charging_otf=true
--insert_cost_noise=0.014
--lns_init_temp_factor=0.0
--lns_temp_dec_factor=0.99
--mh_checkit=false
--mh_lfreq=0
--mh_lnewinc=true
--mh_tciter=-1
--mh_tctime=-1.0
--mh_titer=300
--mh_tobj=-1.0
--mh_ttime=-1.0
--odir=EADARP/out/a5-40
--oname=run75
--only_single_s_visits=true
--repair_max_routes=0
--seed=471527552
--use_milp_in_otf=0
--xcheck_isfeasible=false

EADARPInstance(EADARP/instances/b1/a5-40.txt, n=40, n_K=5, S=[93, 94, 95], Q=14.85, n_F=5, γ=0.7, T_plan=480.0, F=[88, 89, 90, 91, 92])

T preprocessing time [s]: 0.79585
I       iter             best          obj_old          obj_new        time              method info
I          1        504.93285     100040.00000        504.93285      0.0803                 con 
I          6        496.65111        504.93285        496.65111      0.1598        drrr_15+rroi 
I          9        482.92630        496.65111        482.92630      0.1908        drrr_15+rrri 
I         11        480.38067        482.92630        480.38067      0.2167        drrr_15+rrri 
I         14        474.37448        480.38067        474.37448      0.2484        drrr_15+rroi 
I         15        472.83398        474.37448        472.83398      0.2543        drrr_15+rroi 
I         16        471.55662        472.83398        471.55662      0.2574        drrr_15+rrri 
I         25        456.41152        471.55662        456.41152      0.3361        drrr_15+rrri 
I         32        443.67476        456.41152        443.67476      0.3540        drrr_15+rrri 
I         36        440.58651        443.67476        440.58651      0.3704         drrr_15+rrg 
I         41        436.85538        440.58651        436.85538      0.3942        drrr_15+rroi 
I         74        434.82114        436.85538        434.82114      0.4456         drrr_15+rrg 
I         89        433.78495        434.82114        433.78495      0.4759        drrr_15+rroi 
I         96        433.54402        433.78495        433.54402      0.5222        drrr_15+rroi 
I        106        430.89458        433.54402        430.89458      0.5360         drrr_15+rrg 
I        300        430.89458        430.89458        472.53645      0.7388        drrr_15+rroi 

Method statistics
S  method    iter  succ  succ-rate%  tot-obj-gain  avg-obj-gain  rel-succ%  net-time  net-time%  brut-time  brut-time%
S  con          1     1   100.00000  -99535.06715  -99535.06715    3.44828   0.08026   10.86430    0.08026    10.86430
S  drrr_15    299    14     4.68227     -74.03827      -0.24762   48.27586   0.00251    0.34030    0.00251     0.34030
S  rrg         93     3     3.22581      -7.77193      -0.08357   10.34483   0.22770   30.82021    0.22770    30.82021
S  rroi       109     6     5.50459     -20.83668      -0.19116   20.68966   0.20297   27.47255    0.20297    27.47255
S  rrri        97     5     5.15464     -45.42967      -0.46835   17.24138   0.22393   30.30971    0.22393    30.30971
S  SUM/AVG    599    29     4.84140  -99683.14369    -166.41593   20.00000   0.73737   99.80708    0.73737    99.80708

T best solution: EADARPSolution(t_routing=546.295, t_excess=84.693, obj_val=430.895, obj_val_valid=true,
    unserved_requests=Int64[], F_visited=[89, 90, 88, 92, 91], S_visited=[94, 93, 95],
    (1, ([83, 24, 64, 30, 70, 23, 36, 63, 76, 15, 55, 88], Float64[], Int64[]))
    (2, ([84, 26, 66, 19, 59, 12, 52, 37, 77, 18, 6, 58, 46, 95, 89], [3.2948106394137033], [14]))
    (3, ([85, 22, 62, 3, 43, 20, 7, 60, 47, 17, 57, 5, 45, 11, 2, 42, 51, 28, 68, 10, 4, 50, 44, 93, 90], [75.22069658234567], [24]))
    (4, ([86, 14, 25, 54, 65, 9, 49, 33, 73, 31, 71, 39, 79, 91], Float64[], Int64[]))
    (5, ([87, 34, 74, 21, 35, 75, 61, 38, 78, 32, 72, 13, 53, 27, 67, 40, 80, 8, 1, 48, 41, 94, 16, 29, 56, 69, 92], [72.86829890015444], [22])))

T best obj: 430.894579639943
T best iteration: 106
T total iterations: 300
T best time [s]: 0.536
T total time [s]: 0.7388
