EADARP version 2def-dirty
ARGS: --ifile=EADARP/instances/b1/a5-40.txt --odir=EADARP/out/a5-40 --oname=run7
Settings:
--alns_gamma=0.025
--alns_segment_size=100
--alns_sigma1=10
--alns_sigma2=9
--alns_sigma3=3
--at_most_one_s=false
--gamma=-1.0
--ifile=EADARP/instances/b1/a5-40.txt
--insert_charging_otf=true
--insert_cost_noise=0.014
--lns_init_temp_factor=0.0
--lns_temp_dec_factor=0.99
--mh_checkit=false
--mh_lfreq=0
--mh_lnewinc=true
--mh_tciter=-1
--mh_tctime=-1.0
--mh_titer=300
--mh_tobj=-1.0
--mh_ttime=-1.0
--odir=EADARP/out/a5-40
--oname=run7
--only_single_s_visits=true
--repair_max_routes=0
--seed=79066038
--use_milp_in_otf=0
--xcheck_isfeasible=false

EADARPInstance(EADARP/instances/b1/a5-40.txt, n=40, n_K=5, S=[93, 94, 95], Q=14.85, n_F=5, γ=0.7, T_plan=480.0, F=[88, 89, 90, 91, 92])

T preprocessing time [s]: 0.7899
I       iter             best          obj_old          obj_new        time              method info
I          1     100001.00000     100040.00000     100001.00000      0.0869                 con 
I          8        493.18133     100001.00000        493.18133      0.2283         drrr_15+rrg 
I         12        492.53890        493.18133        492.53890      0.2847        drrr_15+rroi 
I         14        475.15755        492.53890        475.15755      0.2992        drrr_15+rrri 
I         16        471.78170        475.15755        471.78170      0.3171        drrr_15+rrri 
I         29        469.16600        471.78170        469.16600      0.4058        drrr_15+rrri 
I         32        459.84421        469.16600        459.84421      0.4165        drrr_15+rrri 
I         44        457.99684        459.84421        457.99684      0.4499        drrr_15+rroi 
I         73        457.67516        457.99684        457.67516      0.5157        drrr_15+rrri 
I         80        454.33684        457.67516        454.33684      0.5229        drrr_15+rrri 
I        131        453.72473        454.33684        453.72473      0.5729        drrr_15+rroi 
I        162        453.56740        453.72473        453.56740      0.6247         drrr_15+rrg 
I        198        453.15740        453.56740        453.15740      0.6718        drrr_15+rroi 
I        232        450.48798        453.15740        450.48798      0.7454         drrr_15+rrg 
I        300        450.48798        450.48798     100001.00000      0.8098        drrr_15+rroi 

Method statistics
S  method    iter  succ  succ-rate%  tot-obj-gain  avg-obj-gain  rel-succ%  net-time  net-time%  brut-time  brut-time%
S  con          1     1   100.00000     -39.00000     -39.00000    3.70370   0.08683   10.72222    0.08683    10.72222
S  drrr_15    299    13     4.34783  -99550.51202    -332.94486   48.14815   0.00253    0.31212    0.00253     0.31212
S  rrg         96     3     3.12500  -99510.64542   -1036.56922   11.11111   0.28762   35.51547    0.28762    35.51547
S  rroi       103     4     3.88350      -3.51190      -0.03410   14.81481   0.19391   23.94423    0.19391    23.94423
S  rrri       100     6     6.00000     -36.35469      -0.36355   22.22222   0.23769   29.35002    0.23769    29.35002
S  SUM/AVG    599    27     4.50751 -199140.02404    -332.45413   20.00000   0.80858   99.84406    0.80858    99.84406

T best solution: EADARPSolution(t_routing=581.313, t_excess=58.014, obj_val=450.488, obj_val_valid=true,
    unserved_requests=Int64[], F_visited=[89, 92, 88, 91, 90], S_visited=[93, 94, 95],
    (1, ([83, 34, 74, 21, 35, 75, 61, 13, 53, 27, 67, 12, 52, 4, 44, 95, 16, 29, 56, 69, 88], [41.634724188743704], [16]))
    (2, ([84, 20, 7, 60, 47, 38, 78, 17, 57, 30, 70, 5, 45, 11, 2, 42, 51, 28, 68, 10, 50, 93, 89], [97.4348825217836], [22]))
    (3, ([85, 24, 64, 26, 66, 14, 54, 40, 80, 39, 79, 90], Float64[], Int64[]))
    (4, ([86, 22, 62, 3, 43, 25, 65, 9, 49, 37, 77, 18, 6, 58, 46, 91], Float64[], Int64[]))
    (5, ([87, 32, 72, 19, 59, 33, 73, 8, 1, 41, 48, 94, 31, 71, 23, 36, 63, 76, 15, 55, 92], [40.13164324592319], [12])))

T best obj: 450.48798174732036
T best iteration: 232
T total iterations: 300
T best time [s]: 0.745
T total time [s]: 0.8098
