EADARP version 2def-dirty
ARGS: --ifile=EADARP/instances/b1/a5-40.txt --odir=EADARP/out/a5-40 --oname=run80
Settings:
--alns_gamma=0.025
--alns_segment_size=100
--alns_sigma1=10
--alns_sigma2=9
--alns_sigma3=3
--at_most_one_s=false
--gamma=-1.0
--ifile=EADARP/instances/b1/a5-40.txt
--insert_charging_otf=true
--insert_cost_noise=0.014
--lns_init_temp_factor=0.0
--lns_temp_dec_factor=0.99
--mh_checkit=false
--mh_lfreq=0
--mh_lnewinc=true
--mh_tciter=-1
--mh_tctime=-1.0
--mh_titer=300
--mh_tobj=-1.0
--mh_ttime=-1.0
--odir=EADARP/out/a5-40
--oname=run80
--only_single_s_visits=true
--repair_max_routes=0
--seed=1274826766
--use_milp_in_otf=0
--xcheck_isfeasible=false

EADARPInstance(EADARP/instances/b1/a5-40.txt, n=40, n_K=5, S=[93, 94, 95], Q=14.85, n_F=5, γ=0.7, T_plan=480.0, F=[88, 89, 90, 91, 92])

T preprocessing time [s]: 0.79201
I       iter             best          obj_old          obj_new        time              method info
I          1        504.31731     100040.00000        504.31731      0.0799                 con 
I          2        453.75192        504.31731        453.75192      0.1214        drrr_15+rrri 
I         26        447.60879        453.75192        447.60879      0.3404         drrr_15+rrg 
I         41        444.42928        447.60879        444.42928      0.3878         drrr_15+rrg 
I         46        443.37242        444.42928        443.37242      0.4135        drrr_15+rroi 
I         48        437.52074        443.37242        437.52074      0.4252        drrr_15+rrri 
I         54        437.31745        437.52074        437.31745      0.4562         drrr_15+rrg 
I         59        435.31769        437.31745        435.31769      0.4681         drrr_15+rrg 
I         76        435.18541        435.31769        435.18541      0.5105         drrr_15+rrg 
I        112        434.94448        435.18541        434.94448      0.5586        drrr_15+rroi 
I        121        434.81633        434.94448        434.81633      0.5716        drrr_15+rrri 
I        241        434.69061        434.81633        434.69061      0.7057        drrr_15+rroi 
I        300        434.69061        434.69061        456.10493      0.8026        drrr_15+rroi 

Method statistics
S  method    iter  succ  succ-rate%  tot-obj-gain  avg-obj-gain  rel-succ%  net-time  net-time%  brut-time  brut-time%
S  con          1     1   100.00000  -99535.68269  -99535.68269    4.34783   0.07991    9.95526    0.07991     9.95526
S  drrr_15    299    11     3.67893     -69.62669      -0.23287   47.82609   0.00257    0.31991    0.00257     0.31991
S  rrg         87     5     5.74713     -11.65798      -0.13400   21.73913   0.19585   24.40077    0.19585    24.40077
S  rroi        96     3     3.12500      -1.42349      -0.01483   13.04348   0.21208   26.42330    0.21208    26.42330
S  rrri       116     3     2.58621     -56.54522      -0.48746   13.04348   0.31098   38.74466    0.31098    38.74466
S  SUM/AVG    599    23     3.83973  -99674.93608    -166.40223   20.00000   0.80139   99.84390    0.80139    99.84390

T best solution: EADARPSolution(t_routing=549.782, t_excess=89.415, obj_val=434.691, obj_val_valid=true,
    unserved_requests=Int64[], F_visited=[91, 88, 89, 92, 90], S_visited=[94, 93, 95],
    (1, ([83, 34, 74, 21, 35, 75, 61, 38, 78, 32, 72, 19, 59, 33, 27, 73, 67, 12, 52, 37, 77, 94, 88], [47.171839811002414], [22]))
    (2, ([84, 24, 64, 26, 66, 4, 44, 95, 16, 29, 56, 69, 18, 6, 58, 46, 89], [40.58348646755251], [8]))
    (3, ([85, 14, 25, 54, 65, 9, 49, 40, 80, 8, 1, 48, 41, 31, 71, 90], Float64[], Int64[]))
    (4, ([86, 22, 62, 3, 43, 20, 7, 60, 47, 17, 57, 5, 45, 11, 2, 42, 51, 28, 68, 10, 50, 39, 79, 93, 91], [80.77096758470671], [24]))
    (5, ([87, 13, 53, 30, 70, 23, 36, 63, 76, 15, 55, 92], Float64[], Int64[])))

T best obj: 434.6906131701195
T best iteration: 241
T total iterations: 300
T best time [s]: 0.706
T total time [s]: 0.8026
