EADARP version 2def-dirty
ARGS: --ifile=EADARP/instances/b1/a5-40.txt --odir=EADARP/out/a5-40 --oname=run87
Settings:
--alns_gamma=0.025
--alns_segment_size=100
--alns_sigma1=10
--alns_sigma2=9
--alns_sigma3=3
--at_most_one_s=false
--gamma=-1.0
--ifile=EADARP/instances/b1/a5-40.txt
--insert_charging_otf=true
--insert_cost_noise=0.014
--lns_init_temp_factor=0.0
--lns_temp_dec_factor=0.99
--mh_checkit=false
--mh_lfreq=0
--mh_lnewinc=true
--mh_tciter=-1
--mh_tctime=-1.0
--mh_titer=300
--mh_tobj=-1.0
--mh_ttime=-1.0
--odir=EADARP/out/a5-40
--oname=run87
--only_single_s_visits=true
--repair_max_routes=0
--seed=12374897
--use_milp_in_otf=0
--xcheck_isfeasible=false

EADARPInstance(EADARP/instances/b1/a5-40.txt, n=40, n_K=5, S=[93, 94, 95], Q=14.85, n_F=5, γ=0.7, T_plan=480.0, F=[88, 89, 90, 91, 92])

T preprocessing time [s]: 0.79118
I       iter             best          obj_old          obj_new        time              method info
I          1        504.31731     100040.00000        504.31731      0.0799                 con 
I          4        497.88313        504.31731        497.88313      0.1607        drrr_15+rrri 
I          9        485.60992        497.88313        485.60992      0.2195        drrr_15+rroi 
I         16        476.87545        485.60992        476.87545      0.3106         drrr_15+rrg 
I         22        471.58823        476.87545        471.58823      0.3675        drrr_15+rroi 
I         23        466.92258        471.58823        466.92258      0.3699        drrr_15+rroi 
I         31        464.98334        466.92258        464.98334      0.4155         drrr_15+rrg 
I         34        463.75353        464.98334        463.75353      0.4186         drrr_15+rrg 
I         37        462.34685        463.75353        462.34685      0.4314        drrr_15+rroi 
I         47        457.57453        462.34685        457.57453      0.4518        drrr_15+rroi 
I         49        457.25132        457.57453        457.25132      0.4683        drrr_15+rrri 
I         51        444.50923        457.25132        444.50923      0.4750         drrr_15+rrg 
I         56        443.80519        444.50923        443.80519      0.4836        drrr_15+rroi 
I         94        443.56427        443.80519        443.56427      0.5250        drrr_15+rroi 
I        300        443.56427        443.56427     100002.00000      0.7685         drrr_15+rrg 

Method statistics
S  method    iter  succ  succ-rate%  tot-obj-gain  avg-obj-gain  rel-succ%  net-time  net-time%  brut-time  brut-time%
S  con          1     1   100.00000  -99535.68269  -99535.68269    3.70370   0.07985   10.39075    0.07985    10.39075
S  drrr_15    299    13     4.34783     -60.75304      -0.20319   48.14815   0.00248    0.32305    0.00248     0.32305
S  rrg         89     4     4.49438     -24.64561      -0.27692   14.81481   0.22257   28.96182    0.22257    28.96182
S  rroi       114     7     6.14035     -29.35004      -0.25746   25.92593   0.25467   33.13829    0.25467    33.13829
S  rrri        96     2     2.08333      -6.75739      -0.07039    7.40741   0.20765   27.01941    0.20765    27.01941
S  SUM/AVG    599    27     4.50751  -99657.18877    -166.37260   20.00000   0.76723   99.83331    0.76723    99.83331

T best solution: EADARPSolution(t_routing=566.93, t_excess=73.467, obj_val=443.564, obj_val_valid=true,
    unserved_requests=Int64[], F_visited=[92, 89, 90, 91, 88], S_visited=[94, 95, 93],
    (1, ([83, 22, 62, 3, 43, 14, 25, 54, 65, 9, 49, 27, 67, 40, 80, 8, 1, 48, 41, 31, 71, 94, 18, 6, 58, 46, 88], [59.43303361843961], [22]))
    (2, ([84, 11, 2, 42, 51, 23, 36, 63, 76, 15, 55, 89], Float64[], Int64[]))
    (3, ([85, 34, 74, 21, 35, 75, 61, 38, 32, 72, 78, 17, 57, 90], Float64[], Int64[]))
    (4, ([86, 26, 66, 20, 60, 30, 70, 5, 45, 12, 52, 4, 44, 16, 29, 56, 69, 93, 91], [61.074159127630345], [18]))
    (5, ([87, 24, 64, 7, 47, 13, 53, 19, 59, 33, 73, 28, 68, 10, 50, 37, 77, 39, 79, 95, 92], [74.68383401842304], [20])))

T best obj: 443.5642703165886
T best iteration: 94
T total iterations: 300
T best time [s]: 0.525
T total time [s]: 0.7685
