EADARP version e957-dirty
ARGS: ["--prepthreshold=1.125", "--only_single_s_visits=0", "--gamma=0.7", "--ifile=EADARP/instances/l1/a7-56.txt", "--odir=EADARP/out/l1-s0-g0.7", "--oname=a7-56_1.125_06"]
Settings:
--alns_gamma=0.025
--alns_segment_size=100
--alns_sigma1=10
--alns_sigma2=9
--alns_sigma3=3
--at_most_one_s=false
--gamma=0.7
--ifile=EADARP/instances/l1/a7-56.txt
--infeasible_arcs=EADARP/infeasible_arcs
--insert_charging_otf=true
--insert_cost_noise=0.014
--lns_init_temp_factor=0.0
--lns_temp_dec_factor=0.99
--log_all_sols_fname=
--mh_checkit=false
--mh_lfreq=0
--mh_lnewinc=true
--mh_tciter=-1
--mh_tctime=-1.0
--mh_titer=30000
--mh_tobj=-1.0
--mh_ttime=-1.0
--odir=EADARP/out/l1-s0-g0.7
--ofile=
--oname=a7-56_1.125_06
--only_single_s_visits=false
--prepthreshold=1.125
--repair_max_routes=0
--route_based_ops=0
--seed=415977681
--tightened_windows=EADARP/tightened_windows
--use_milp_in_otf=0
--xcheck_isfeasible=false

EADARPInstance(EADARP/instances/l1/a7-56.txt, n=56, n_K=7, S=[129, 130, 131], Q=14.85, n_F=7, γ=0.7, T_plan=480.0, F=[122, 123, 124, 125, 126, 127, 128])

T preprocessing time [s]: 2.58455
I       iter             best          obj_old          obj_new        time              method info
I          1        764.23836     100056.00000        764.23836      0.1356                 con 
I          2        742.69260        764.23836        742.69260      0.1434         drrr_15+rrg 
I          3        700.56335        742.69260        700.56335      0.1763        drrr_15+rrri 
I          4        699.55594        700.56335        699.55594      0.2049        drrr_15+rrri 
I          6        688.11653        699.55594        688.11653      0.2348        drrr_15+rroi 
I          7        676.16760        688.11653        676.16760      0.2462        drrr_15+rrri 
I          9        676.03415        676.16760        676.03415      0.2724        drrr_15+rroi 
I         10        665.54819        676.03415        665.54819      0.2870        drrr_15+rrri 
I         13        651.51212        665.54819        651.51212      0.3570         drrr_15+rrg 
I         45        649.68607        651.51212        649.68607      0.5689        drrr_15+rroi 
I         49        647.90235        649.68607        647.90235      0.5882         drrr_15+rrg 
I         64        645.64055        647.90235        645.64055      0.6883        drrr_15+rrri 
I        193        645.23375        645.64055        645.23375      0.8950        drrr_15+rrri 
I        244        642.57389        645.23375        642.57389      0.9788        drrr_15+rrri 
I        276        642.51082        642.57389        642.51082      1.0640        drrr_15+rrri 
I       1536        641.74333        642.51082        641.74333      2.5920        drrr_15+rrri 
I       1537        637.99027        641.74333        637.99027      2.5927        drrr_15+rrri 
I       1548        637.94366        637.99027        637.94366      2.6203         drrr_15+rrg 
I       1593        636.62020        637.94366        636.62020      2.6715        drrr_15+rrri 
I       1725        635.09851        636.62020        635.09851      2.8300        drrr_15+rrri 
I       1816        634.90061        635.09851        634.90061      2.9266        drrr_15+rrri 
I       1859        633.98770        634.90061        633.98770      2.9774        drrr_15+rroi 
I       1860        633.54265        633.98770        633.54265      2.9780        drrr_15+rroi 
I       1863        627.52100        633.54265        627.52100      2.9844        drrr_15+rrri 
I       2126        625.70639        627.52100        625.70639      3.2255        drrr_15+rrri 
I       2643        624.81676        625.70639        624.81676      3.7783         drrr_15+rrg 
I      10738        624.23781        624.81676        624.23781     10.8824        drrr_15+rrri 
I      30000        624.23781        624.23781        624.23781     27.1557        drrr_15+rroi 

Method statistics
S  method    iter  succ  succ-rate%  tot-obj-gain  avg-obj-gain  rel-succ%  net-time  net-time%  brut-time  brut-time%
S  con          1     1   100.00000  -99291.76164  -99291.76164    1.88679   0.13556    0.49921    0.13556     0.49921
S  drrr_15  29999    26     0.08667    -140.00055      -0.00467   49.05660   0.97506    3.59063    0.97506     3.59063
S  rrg       9994     5     0.05003     -38.30178      -0.00383    9.43396  13.28803   48.93264   13.28803    48.93264
S  rroi     10042     5     0.04979     -14.75688      -0.00147    9.43396   5.92753   21.82789    5.92753    21.82789
S  rrri      9963    16     0.16059     -86.94189      -0.00873   30.18868   6.59445   24.28381    6.59445    24.28381
S  SUM/AVG  59999    53     0.08833  -99571.76274      -1.65956   20.00000  26.92064   99.13418   26.92064    99.13418

T best solution: EADARPSolution(t_routing=785.431, t_excess=140.658, obj_val=624.238, obj_val_valid=true,
    unserved_requests=Int64[], F_visited=[122, 123, 124, 125, 127, 128, 126], S_visited=Int64[],
    (1, ([115, 40, 96, 9, 65, 36, 92, 131, 13, 69, 22, 2, 58, 78, 29, 20, 85, 76, 122], [39.890882179544], [8]))
    (2, ([116, 48, 104, 39, 95, 31, 87, 17, 12, 73, 68, 123], Float64[], Int64[]))
    (3, ([117, 56, 11, 67, 112, 41, 97, 35, 91, 32, 88, 26, 82, 129, 6, 62, 19, 75, 124], [45.3627654093953], [14]))
    (4, ([118, 30, 86, 5, 43, 99, 61, 14, 70, 7, 63, 42, 23, 79, 98, 21, 77, 129, 125], [34.150769500177866], [18]))
    (5, ([119, 50, 45, 101, 106, 52, 108, 27, 83, 1, 4, 60, 57, 25, 81, 10, 66, 129, 126], [21.81312485916684], [18]))
    (6, ([120, 15, 3, 71, 59, 44, 37, 100, 93, 18, 74, 47, 103, 53, 51, 107, 109, 33, 89, 24, 80, 129, 127], [63.43969396086023], [22]))
    (7, ([121, 38, 55, 94, 111, 46, 49, 102, 105, 8, 64, 16, 72, 54, 34, 110, 90, 28, 84, 129, 128], [33.81154799638673], [20])))

T best obj: 624.237805830453
T best iteration: 10738
T total iterations: 30000
T best time [s]: 10.882
T total time [s]: 27.1558
