EADARP version e957-dirty
ARGS: ["--prepthreshold=1.125", "--only_single_s_visits=0", "--gamma=0.7", "--ifile=EADARP/instances/l1/a7-56.txt", "--odir=EADARP/out/l1-s0-g0.7", "--oname=a7-56_1.125_05"]
Settings:
--alns_gamma=0.025
--alns_segment_size=100
--alns_sigma1=10
--alns_sigma2=9
--alns_sigma3=3
--at_most_one_s=false
--gamma=0.7
--ifile=EADARP/instances/l1/a7-56.txt
--infeasible_arcs=EADARP/infeasible_arcs
--insert_charging_otf=true
--insert_cost_noise=0.014
--lns_init_temp_factor=0.0
--lns_temp_dec_factor=0.99
--log_all_sols_fname=
--mh_checkit=false
--mh_lfreq=0
--mh_lnewinc=true
--mh_tciter=-1
--mh_tctime=-1.0
--mh_titer=30000
--mh_tobj=-1.0
--mh_ttime=-1.0
--odir=EADARP/out/l1-s0-g0.7
--ofile=
--oname=a7-56_1.125_05
--only_single_s_visits=false
--prepthreshold=1.125
--repair_max_routes=0
--route_based_ops=0
--seed=2034869324
--tightened_windows=EADARP/tightened_windows
--use_milp_in_otf=0
--xcheck_isfeasible=false

EADARPInstance(EADARP/instances/l1/a7-56.txt, n=56, n_K=7, S=[129, 130, 131], Q=14.85, n_F=7, γ=0.7, T_plan=480.0, F=[122, 123, 124, 125, 126, 127, 128])

T preprocessing time [s]: 2.33938
I       iter             best          obj_old          obj_new        time              method info
I          1     100001.00000     100056.00000     100001.00000      0.1265                 con 
I          2        776.65483     100001.00000        776.65483      0.1515         drrr_15+rrg 
I          3        761.35794        776.65483        761.35794      0.1682        drrr_15+rroi 
I          4        745.80432        761.35794        745.80432      0.1830         drrr_15+rrg 
I          6        725.07514        745.80432        725.07514      0.2140         drrr_15+rrg 
I          7        719.31295        725.07514        719.31295      0.2452         drrr_15+rrg 
I         10        716.75874        719.31295        716.75874      0.2737         drrr_15+rrg 
I         11        697.97400        716.75874        697.97400      0.2974         drrr_15+rrg 
I         12        685.43543        697.97400        685.43543      0.3056         drrr_15+rrg 
I         16        682.21304        685.43543        682.21304      0.3756        drrr_15+rroi 
I         18        676.40777        682.21304        676.40777      0.4299        drrr_15+rrri 
I         21        668.33612        676.40777        668.33612      0.4653        drrr_15+rroi 
I         23        665.96713        668.33612        665.96713      0.4885        drrr_15+rroi 
I         29        659.41373        665.96713        659.41373      0.5529        drrr_15+rroi 
I         30        657.60905        659.41373        657.60905      0.5625        drrr_15+rrri 
I         43        656.11169        657.60905        656.11169      0.5946        drrr_15+rrri 
I         52        654.59419        656.11169        654.59419      0.6210        drrr_15+rrri 
I         77        653.06386        654.59419        653.06386      0.7783         drrr_15+rrg 
I         95        650.39257        653.06386        650.39257      0.8282         drrr_15+rrg 
I         97        644.80128        650.39257        644.80128      0.8380        drrr_15+rrri 
I        135        643.36108        644.80128        643.36108      0.9619         drrr_15+rrg 
I        136        643.14991        643.36108        643.14991      0.9625        drrr_15+rroi 
I        150        641.15214        643.14991        641.15214      0.9940        drrr_15+rrri 
I        164        637.50477        641.15214        637.50477      1.0241         drrr_15+rrg 
I        181        636.14912        637.50477        636.14912      1.0534        drrr_15+rroi 
I        203        635.27237        636.14912        635.27237      1.0808        drrr_15+rrri 
I        261        632.29982        635.27237        632.29982      1.1549        drrr_15+rroi 
I        264        631.13062        632.29982        631.13062      1.1793        drrr_15+rrri 
I        271        628.99737        631.13062        628.99737      1.1959        drrr_15+rroi 
I       1424        627.52233        628.99737        627.52233      2.5019        drrr_15+rroi 
I       1427        626.32656        627.52233        626.32656      2.5069        drrr_15+rrri 
I       6297        626.22756        626.32656        626.22756      7.1158        drrr_15+rroi 
I       6320        622.88168        626.22756        622.88168      7.1345        drrr_15+rroi 
I       6323        621.68592        622.88168        621.68592      7.1370        drrr_15+rroi 
I       6690        621.32336        621.68592        621.32336      7.4332        drrr_15+rroi 
I       6694        620.31511        621.32336        620.31511      7.4356        drrr_15+rroi 
I       6713        620.13193        620.31511        620.13193      7.4547        drrr_15+rroi 
I       6889        619.11016        620.13193        619.11016      7.6217        drrr_15+rrri 
I      30000        619.11016        619.11016        643.52294     27.5307        drrr_15+rrri 

Method statistics
S  method    iter  succ  succ-rate%  tot-obj-gain  avg-obj-gain  rel-succ%  net-time  net-time%  brut-time  brut-time%
S  con          1     1   100.00000     -55.00000     -55.00000    1.33333   0.12636    0.45899    0.12636     0.45899
S  drrr_15  29999    37     0.12334  -99381.88984      -3.31284   49.33333   0.84912    3.08427    0.84912     3.08427
S  rrg      10035    11     0.10962  -99309.55688      -9.89632   14.66667  13.47771   48.95507   13.47771    48.95507
S  rroi     10004    16     0.15994     -49.85560      -0.00498   21.33333   5.89768   21.42212    5.89768    21.42212
S  rrri      9960    10     0.10040     -22.47736      -0.00226   13.33333   6.83783   24.83704    6.83783    24.83704
S  SUM/AVG  59999    75     0.12500 -198818.77968      -3.31370   20.00000  27.18871   98.75750   27.18871    98.75750

T best solution: EADARPSolution(t_routing=775.216, t_excess=150.791, obj_val=619.11, obj_val_valid=true,
    unserved_requests=Int64[], F_visited=[124, 127, 123, 125, 122, 126, 128], S_visited=Int64[],
    (1, ([115, 50, 45, 101, 106, 52, 108, 7, 63, 42, 23, 79, 98, 31, 87, 129, 122], [18.16327723484095], [16]))
    (2, ([116, 30, 86, 5, 43, 99, 61, 14, 70, 1, 4, 60, 57, 21, 77, 129, 123], [19.592993765582925], [16]))
    (3, ([117, 56, 11, 67, 112, 46, 49, 102, 105, 8, 64, 129, 16, 72, 51, 34, 107, 90, 28, 84, 6, 62, 19, 75, 129, 124], [72.35642439750585, 8.47743899371424], [12, 25]))
    (4, ([118, 15, 3, 71, 59, 44, 37, 100, 93, 35, 91, 32, 88, 33, 89, 17, 73, 129, 125], [30.791143739498366], [18]))
    (5, ([119, 38, 55, 94, 111, 41, 97, 18, 74, 47, 103, 53, 109, 131, 26, 2, 82, 58, 25, 81, 10, 12, 66, 68, 126], [40.61557548563357], [14]))
    (6, ([120, 40, 96, 9, 65, 36, 92, 13, 69, 27, 83, 24, 80, 129, 127], [14.787607229639962], [14]))
    (7, ([121, 48, 104, 39, 95, 54, 22, 110, 78, 29, 20, 85, 76, 129, 128], [3.4319838637006295], [14])))

T best obj: 619.110158219841
T best iteration: 6889
T total iterations: 30000
T best time [s]: 7.622
T total time [s]: 27.5308
