EADARP version e957-dirty
ARGS: ["--prepthreshold=1.000", "--only_single_s_visits=0", "--gamma=0.7", "--ifile=EADARP/instances/l1/a7-56.txt", "--odir=EADARP/out/l1-s0-g0.7", "--oname=a7-56_1.000_11"]
Settings:
--alns_gamma=0.025
--alns_segment_size=100
--alns_sigma1=10
--alns_sigma2=9
--alns_sigma3=3
--at_most_one_s=false
--gamma=0.7
--ifile=EADARP/instances/l1/a7-56.txt
--infeasible_arcs=EADARP/infeasible_arcs
--insert_charging_otf=true
--insert_cost_noise=0.014
--lns_init_temp_factor=0.0
--lns_temp_dec_factor=0.99
--log_all_sols_fname=
--mh_checkit=false
--mh_lfreq=0
--mh_lnewinc=true
--mh_tciter=-1
--mh_tctime=-1.0
--mh_titer=30000
--mh_tobj=-1.0
--mh_ttime=-1.0
--odir=EADARP/out/l1-s0-g0.7
--ofile=
--oname=a7-56_1.000_11
--only_single_s_visits=false
--prepthreshold=1.0
--repair_max_routes=0
--route_based_ops=0
--seed=1183050074
--tightened_windows=EADARP/tightened_windows
--use_milp_in_otf=0
--xcheck_isfeasible=false

EADARPInstance(EADARP/instances/l1/a7-56.txt, n=56, n_K=7, S=[129, 130, 131], Q=14.85, n_F=7, γ=0.7, T_plan=480.0, F=[122, 123, 124, 125, 126, 127, 128])

T preprocessing time [s]: 3.22985
I       iter             best          obj_old          obj_new        time              method info
I          1        765.57210     100056.00000        765.57210      0.1534                 con 
I          2        732.50538        765.57210        732.50538      0.1773        drrr_15+rroi 
I          3        728.74820        732.50538        728.74820      0.2262        drrr_15+rroi 
I          4        710.12964        728.74820        710.12964      0.2532        drrr_15+rrri 
I          6        695.51475        710.12964        695.51475      0.3110         drrr_15+rrg 
I          7        688.95014        695.51475        688.95014      0.3519         drrr_15+rrg 
I          9        672.50718        688.95014        672.50718      0.3965        drrr_15+rrri 
I         12        667.58407        672.50718        667.58407      0.4564         drrr_15+rrg 
I         15        665.85917        667.58407        665.85917      0.5257        drrr_15+rroi 
I         18        663.92291        665.85917        663.92291      0.5834        drrr_15+rrri 
I         22        655.12519        663.92291        655.12519      0.6452         drrr_15+rrg 
I         27        648.31279        655.12519        648.31279      0.6984        drrr_15+rroi 
I         32        643.01923        648.31279        643.01923      0.7384        drrr_15+rrri 
I         34        640.97562        643.01923        640.97562      0.7531         drrr_15+rrg 
I         36        635.86158        640.97562        635.86158      0.7606        drrr_15+rroi 
I         39        632.72580        635.86158        632.72580      0.7987         drrr_15+rrg 
I         61        630.58075        632.72580        630.58075      0.8958         drrr_15+rrg 
I         64        629.11410        630.58075        629.11410      0.9082        drrr_15+rrri 
I         65        628.94475        629.11410        628.94475      0.9089        drrr_15+rroi 
I        329        628.80394        628.94475        628.80394      1.4837         drrr_15+rrg 
I        680        628.40775        628.80394        628.40775      1.9703         drrr_15+rrg 
I        718        627.91807        628.40775        627.91807      2.0376        drrr_15+rroi 
I        798        627.10289        627.91807        627.10289      2.1204        drrr_15+rrri 
I       4817        624.89186        627.10289        624.89186      6.0943        drrr_15+rroi 
I       5143        623.82395        624.89186        623.82395      6.3809        drrr_15+rrri 
I       5158        623.32716        623.82395        623.32716      6.3936         drrr_15+rrg 
I       5286        623.24740        623.32716        623.24740      6.5046         drrr_15+rrg 
I      10750        622.76547        623.24740        622.76547     11.3943        drrr_15+rrri 
I      10759        622.68571        622.76547        622.68571     11.4026         drrr_15+rrg 
I      26688        621.92974        622.68571        621.92974     25.4424        drrr_15+rroi 
I      30000        621.92974        621.92974        652.93232     28.3812         drrr_15+rrg 

Method statistics
S  method    iter  succ  succ-rate%  tot-obj-gain  avg-obj-gain  rel-succ%  net-time  net-time%  brut-time  brut-time%
S  con          1     1   100.00000  -99290.42790  -99290.42790    1.69492   0.15327    0.54002    0.15327     0.54002
S  drrr_15  29999    29     0.09667    -143.64236      -0.00479   49.15254   0.97141    3.42270    0.97141     3.42270
S  rrg      10081    12     0.11904     -43.41808      -0.00431   20.33898  13.94923   49.14942   13.94923    49.14942
S  rroi      9983     9     0.09015     -54.10128      -0.00542   15.25424   6.30944   22.23098    6.30944    22.23098
S  rrri      9935     8     0.08052     -46.12300      -0.00464   13.55932   6.74973   23.78232    6.74973    23.78232
S  SUM/AVG  59999    59     0.09833  -99577.71262      -1.65966   20.00000  28.13307   99.12545   28.13307    99.12545

T best solution: EADARPSolution(t_routing=775.876, t_excess=160.09, obj_val=621.93, obj_val_valid=true,
    unserved_requests=Int64[], F_visited=[123, 126, 122, 127, 124, 128, 125], S_visited=Int64[],
    (1, ([115, 56, 11, 67, 112, 41, 97, 35, 91, 32, 88, 42, 23, 79, 98, 31, 87, 129, 122], [37.418844910572155], [18]))
    (2, ([116, 38, 55, 94, 111, 46, 49, 102, 105, 8, 64, 47, 103, 53, 51, 107, 109, 131, 28, 84, 6, 62, 19, 75, 129, 123], [60.191353040849435, 3.070562061246853], [18, 25]))
    (3, ([117, 30, 86, 5, 43, 99, 61, 14, 70, 27, 83, 1, 4, 60, 57, 129, 124], [26.190787680019444], [16]))
    (4, ([118, 15, 3, 71, 59, 44, 37, 100, 93, 18, 74, 54, 34, 110, 90, 33, 89, 24, 80, 129, 125], [64.1838648492322], [20]))
    (5, ([119, 50, 45, 101, 106, 52, 108, 7, 63, 131, 26, 82, 25, 81, 10, 12, 17, 73, 66, 68, 126], [27.853602706298496], [10]))
    (6, ([120, 40, 96, 9, 65, 36, 92, 39, 95, 16, 72, 21, 77, 127], Float64[], Int64[]))
    (7, ([121, 48, 104, 13, 69, 22, 2, 58, 78, 29, 20, 85, 76, 129, 128], [5.088148068042031], [14])))

T best obj: 621.9297435861869
T best iteration: 26688
T total iterations: 30000
T best time [s]: 25.442
T total time [s]: 28.3813
