EADARP version e957-dirty
ARGS: ["--prepthreshold=1.000", "--only_single_s_visits=0", "--gamma=0.7", "--ifile=EADARP/instances/l1/a7-56.txt", "--odir=EADARP/out/l1-s0-g0.7", "--oname=a7-56_1.000_10"]
Settings:
--alns_gamma=0.025
--alns_segment_size=100
--alns_sigma1=10
--alns_sigma2=9
--alns_sigma3=3
--at_most_one_s=false
--gamma=0.7
--ifile=EADARP/instances/l1/a7-56.txt
--infeasible_arcs=EADARP/infeasible_arcs
--insert_charging_otf=true
--insert_cost_noise=0.014
--lns_init_temp_factor=0.0
--lns_temp_dec_factor=0.99
--log_all_sols_fname=
--mh_checkit=false
--mh_lfreq=0
--mh_lnewinc=true
--mh_tciter=-1
--mh_tctime=-1.0
--mh_titer=30000
--mh_tobj=-1.0
--mh_ttime=-1.0
--odir=EADARP/out/l1-s0-g0.7
--ofile=
--oname=a7-56_1.000_10
--only_single_s_visits=false
--prepthreshold=1.0
--repair_max_routes=0
--route_based_ops=0
--seed=921475948
--tightened_windows=EADARP/tightened_windows
--use_milp_in_otf=0
--xcheck_isfeasible=false

EADARPInstance(EADARP/instances/l1/a7-56.txt, n=56, n_K=7, S=[129, 130, 131], Q=14.85, n_F=7, γ=0.7, T_plan=480.0, F=[122, 123, 124, 125, 126, 127, 128])

T preprocessing time [s]: 2.23762
I       iter             best          obj_old          obj_new        time              method info
I          1        794.44278     100056.00000        794.44278      0.1145                 con 
I          2        784.16999        794.44278        784.16999      0.2249        drrr_15+rroi 
I          3        780.45801        784.16999        780.45801      0.2478         drrr_15+rrg 
I          6        763.28799        780.45801        763.28799      0.3008        drrr_15+rroi 
I          7        745.22412        763.28799        745.22412      0.3256         drrr_15+rrg 
I          8        730.78676        745.22412        730.78676      0.3395        drrr_15+rrri 
I         10        691.02614        730.78676        691.02614      0.3515        drrr_15+rroi 
I         11        685.10358        691.02614        685.10358      0.3670        drrr_15+rroi 
I         12        681.99696        685.10358        681.99696      0.3873        drrr_15+rrri 
I         19        671.48800        681.99696        671.48800      0.4858        drrr_15+rroi 
I         32        670.85950        671.48800        670.85950      0.5768         drrr_15+rrg 
I         36        666.94897        670.85950        666.94897      0.5928        drrr_15+rrri 
I         52        664.91076        666.94897        664.91076      0.6664        drrr_15+rroi 
I         60        651.99646        664.91076        651.99646      0.7038        drrr_15+rrri 
I         65        651.60739        651.99646        651.60739      0.7303        drrr_15+rroi 
I         75        651.58247        651.60739        651.58247      0.7533        drrr_15+rrri 
I         87        650.92639        651.58247        650.92639      0.7935         drrr_15+rrg 
I         90        643.72030        650.92639        643.72030      0.8108        drrr_15+rroi 
I        114        642.47740        643.72030        642.47740      0.8538        drrr_15+rroi 
I        135        642.45284        642.47740        642.45284      0.8846         drrr_15+rrg 
I        144        639.40176        642.45284        639.40176      0.9059        drrr_15+rrri 
I        147        639.40139        639.40176        639.40139      0.9162        drrr_15+rrri 
I        199        638.71332        639.40139        638.71332      0.9841        drrr_15+rrri 
I        234        637.44682        638.71332        637.44682      1.0517        drrr_15+rrri 
I        238        632.01025        637.44682        632.01025      1.0712        drrr_15+rrri 
I        276        629.86321        632.01025        629.86321      1.1900        drrr_15+rrri 
I        295        627.66764        629.86321        627.66764      1.2817        drrr_15+rroi 
I        331        625.97635        627.66764        625.97635      1.3282        drrr_15+rrri 
I        343        625.36745        625.97635        625.36745      1.3650         drrr_15+rrg 
I       1116        625.01019        625.36745        625.01019      2.1512        drrr_15+rroi 
I       8782        624.97445        625.01019        624.97445      8.8671        drrr_15+rrri 
I       8803        624.53928        624.97445        624.53928      8.8889        drrr_15+rroi 
I      29643        624.34850        624.53928        624.34850     25.5870        drrr_15+rrri 
I      30000        624.34850        624.34850        628.39402     25.8797         drrr_15+rrg 

Method statistics
S  method    iter  succ  succ-rate%  tot-obj-gain  avg-obj-gain  rel-succ%  net-time  net-time%  brut-time  brut-time%
S  con          1     1   100.00000  -99261.55722  -99261.55722    1.53846   0.11447    0.44232    0.11447     0.44232
S  drrr_15  29999    32     0.10667    -170.09428      -0.00567   49.23077   0.81030    3.13101    0.81030     3.13101
S  rrg      10055     6     0.05967     -23.69387      -0.00236    9.23077  12.74375   49.24208   12.74375    49.24208
S  rroi      9836    12     0.12200     -97.49923      -0.00991   18.46154   5.69348   21.99969    5.69348    21.99969
S  rrri     10108    14     0.13850     -48.90118      -0.00484   21.53846   6.28866   24.29950    6.28866    24.29950
S  SUM/AVG  59999    65     0.10834  -99601.74577      -1.66006   20.00000  25.65066   99.11459   25.65066    99.11459

T best solution: EADARPSolution(t_routing=775.071, t_excess=172.18, obj_val=624.349, obj_val_valid=true,
    unserved_requests=Int64[], F_visited=[127, 126, 122, 125, 124, 128, 123], S_visited=Int64[],
    (1, ([115, 48, 104, 56, 11, 67, 112, 41, 97, 35, 91, 32, 88, 26, 2, 82, 58, 129, 122], [15.643868711207402], [18]))
    (2, ([116, 50, 45, 101, 106, 52, 108, 24, 80, 29, 20, 85, 76, 129, 123], [17.16622332030724], [14]))
    (3, ([117, 30, 86, 5, 43, 99, 61, 14, 70, 7, 63, 42, 23, 79, 98, 21, 77, 129, 124], [34.150769500177866], [18]))
    (4, ([118, 40, 96, 9, 65, 36, 92, 39, 95, 47, 103, 53, 51, 107, 109, 33, 89, 31, 87, 129, 125], [41.46542779951917], [20]))
    (5, ([119, 15, 3, 71, 59, 44, 37, 100, 93, 18, 74, 130, 54, 22, 110, 78, 25, 81, 10, 12, 17, 73, 66, 68, 126], [61.062976960291344], [12]))
    (6, ([120, 16, 72, 34, 90, 28, 84, 6, 62, 19, 75, 127], Float64[], Int64[]))
    (7, ([121, 38, 55, 94, 111, 46, 49, 102, 105, 8, 64, 13, 69, 27, 83, 1, 4, 60, 57, 129, 128], [38.76020359164459], [20])))

T best obj: 624.3485046647675
T best iteration: 29643
T total iterations: 30000
T best time [s]: 25.587
T total time [s]: 25.8798
