EADARP version e957-dirty
ARGS: ["--prepthreshold=1.000", "--only_single_s_visits=0", "--gamma=0.7", "--ifile=EADARP/instances/l1/a7-56.txt", "--odir=EADARP/out/l1-s0-g0.7", "--oname=a7-56_1.000_07"]
Settings:
--alns_gamma=0.025
--alns_segment_size=100
--alns_sigma1=10
--alns_sigma2=9
--alns_sigma3=3
--at_most_one_s=false
--gamma=0.7
--ifile=EADARP/instances/l1/a7-56.txt
--infeasible_arcs=EADARP/infeasible_arcs
--insert_charging_otf=true
--insert_cost_noise=0.014
--lns_init_temp_factor=0.0
--lns_temp_dec_factor=0.99
--log_all_sols_fname=
--mh_checkit=false
--mh_lfreq=0
--mh_lnewinc=true
--mh_tciter=-1
--mh_tctime=-1.0
--mh_titer=30000
--mh_tobj=-1.0
--mh_ttime=-1.0
--odir=EADARP/out/l1-s0-g0.7
--ofile=
--oname=a7-56_1.000_07
--only_single_s_visits=false
--prepthreshold=1.0
--repair_max_routes=0
--route_based_ops=0
--seed=24975992
--tightened_windows=EADARP/tightened_windows
--use_milp_in_otf=0
--xcheck_isfeasible=false

EADARPInstance(EADARP/instances/l1/a7-56.txt, n=56, n_K=7, S=[129, 130, 131], Q=14.85, n_F=7, γ=0.7, T_plan=480.0, F=[122, 123, 124, 125, 126, 127, 128])

T preprocessing time [s]: 2.19398
I       iter             best          obj_old          obj_new        time              method info
I          1        782.94105     100056.00000        782.94105      0.1090                 con 
I          2        767.60127        782.94105        767.60127      0.1310        drrr_15+rroi 
I          3        723.83855        767.60127        723.83855      0.1513        drrr_15+rroi 
I          4        723.42794        723.83855        723.42794      0.1694         drrr_15+rrg 
I          5        722.45951        723.42794        722.45951      0.1859        drrr_15+rrri 
I          6        719.56041        722.45951        719.56041      0.2003        drrr_15+rroi 
I          7        713.16111        719.56041        713.16111      0.2205        drrr_15+rroi 
I          9        712.00153        713.16111        712.00153      0.2441        drrr_15+rroi 
I         12        707.61793        712.00153        707.61793      0.2780        drrr_15+rroi 
I         13        705.70723        707.61793        705.70723      0.2865        drrr_15+rroi 
I         14        705.03068        705.70723        705.03068      0.3021        drrr_15+rroi 
I         16        704.63207        705.03068        704.63207      0.3439        drrr_15+rrri 
I         18        695.56361        704.63207        695.56361      0.3553         drrr_15+rrg 
I         19        694.58225        695.56361        694.58225      0.3691        drrr_15+rrri 
I         22        688.39593        694.58225        688.39593      0.3927        drrr_15+rrri 
I         23        687.92633        688.39593        687.92633      0.4006         drrr_15+rrg 
I         24        677.74981        687.92633        677.74981      0.4129        drrr_15+rroi 
I         25        665.18386        677.74981        665.18386      0.4213        drrr_15+rrri 
I         26        660.78611        665.18386        660.78611      0.4395        drrr_15+rrri 
I         31        654.12984        660.78611        654.12984      0.4865        drrr_15+rroi 
I         35        653.43996        654.12984        653.43996      0.5100        drrr_15+rrri 
I         41        650.42489        653.43996        650.42489      0.5239         drrr_15+rrg 
I         42        647.23058        650.42489        647.23058      0.5280        drrr_15+rroi 
I         87        646.51316        647.23058        646.51316      0.6704        drrr_15+rrri 
I         93        643.54422        646.51316        643.54422      0.6841        drrr_15+rroi 
I        113        643.03022        643.54422        643.03022      0.7084         drrr_15+rrg 
I        121        642.19636        643.03022        642.19636      0.7184        drrr_15+rroi 
I        145        641.82209        642.19636        641.82209      0.7585        drrr_15+rroi 
I        165        641.50532        641.82209        641.50532      0.8278        drrr_15+rroi 
I        176        641.50532        641.50532        641.50532      0.8469        drrr_15+rroi 
I        222        641.38039        641.50532        641.38039      0.9519        drrr_15+rrri 
I        712        640.26855        641.38039        640.26855      1.5796         drrr_15+rrg 
I        713        639.87993        640.26855        639.87993      1.5802        drrr_15+rroi 
I        726        639.46675        639.87993        639.46675      1.5958        drrr_15+rrri 
I        752        638.54144        639.46675        638.54144      1.6261        drrr_15+rroi 
I        756        638.02743        638.54144        638.02743      1.6299        drrr_15+rroi 
I        886        638.00173        638.02743        638.00173      1.8453        drrr_15+rrri 
I        965        637.62709        638.00173        637.62709      1.9388        drrr_15+rrri 
I       1044        636.13047        637.62709        636.13047      2.0405        drrr_15+rroi 
I       3068        636.05071        636.13047        636.05071      3.9111        drrr_15+rrri 
I       3974        634.70754        636.05071        634.70754      4.6678         drrr_15+rrg 
I       4006        634.34642        634.70754        634.34642      4.6933        drrr_15+rroi 
I       4025        633.54811        634.34642        633.54811      4.7093        drrr_15+rrri 
I       4304        633.46835        633.54811        633.46835      4.9632        drrr_15+rrri 
I      19433        633.18185        633.46835        633.18185     17.2570         drrr_15+rrg 
I      20290        633.10209        633.18185        633.10209     17.9772         drrr_15+rrg 
I      30000        633.10209        633.10209        646.70316     25.6101        drrr_15+rrri 

Method statistics
S  method    iter  succ  succ-rate%  tot-obj-gain  avg-obj-gain  rel-succ%  net-time  net-time%  brut-time  brut-time%
S  con          1     1   100.00000  -99273.05895  -99273.05895    1.09890   0.10895    0.42542    0.10895     0.42542
S  drrr_15  29999    45     0.15001    -149.83895      -0.00499   49.45055   0.81592    3.18592    0.81592     3.18592
S  rrg       9909     9     0.09083     -16.29903      -0.00164    9.89011  12.59660   49.18589   12.59660    49.18589
S  rroi     10111    21     0.20769    -104.73793      -0.01036   23.07692   5.88186   22.96689    5.88186    22.96689
S  rrri      9979    15     0.15032     -28.80200      -0.00289   16.48352   5.95227   23.24181    5.95227    23.24181
S  SUM/AVG  59999    91     0.15167  -99572.73686      -1.65957   20.00000  25.35561   99.00593   25.35561    99.00593

T best solution: EADARPSolution(t_routing=786.97, t_excess=171.499, obj_val=633.102, obj_val_valid=true,
    unserved_requests=Int64[], F_visited=[127, 126, 122, 125, 128, 124, 123], S_visited=Int64[],
    (1, ([115, 48, 104, 56, 11, 67, 112, 46, 49, 102, 105, 131, 13, 69, 27, 83, 1, 4, 60, 57, 29, 20, 85, 76, 129, 122], [62.931116855270766, 7.481522546470387], [12, 25]))
    (2, ([116, 30, 86, 5, 43, 99, 61, 14, 70, 7, 63, 42, 23, 79, 98, 31, 87, 129, 123], [49.771493952907036], [18]))
    (3, ([117, 38, 55, 94, 111, 41, 97, 35, 91, 32, 88, 33, 89, 24, 80, 129, 124], [29.39483901569611], [16]))
    (4, ([118, 16, 72, 51, 107, 6, 62, 19, 75, 125], Float64[], Int64[]))
    (5, ([119, 40, 96, 9, 8, 36, 65, 92, 64, 47, 103, 53, 109, 131, 26, 82, 25, 81, 10, 12, 17, 73, 66, 68, 126], [46.63775596648337], [14]))
    (6, ([120, 50, 45, 101, 106, 52, 108, 39, 95, 54, 34, 110, 90, 28, 84, 129, 127], [17.380974722103108], [16]))
    (7, ([121, 15, 3, 71, 59, 44, 37, 100, 93, 18, 74, 22, 2, 58, 78, 21, 77, 129, 128], [20.04887268265259], [18])))

T best obj: 633.1020934276002
T best iteration: 20290
T total iterations: 30000
T best time [s]: 17.977
T total time [s]: 25.6102
