EADARP version e957-dirty
ARGS: ["--prepthreshold=1.000", "--only_single_s_visits=0", "--gamma=0.7", "--ifile=EADARP/instances/l1/a7-56.txt", "--odir=EADARP/out/l1-s0-g0.7", "--oname=a7-56_1.000_12"]
Settings:
--alns_gamma=0.025
--alns_segment_size=100
--alns_sigma1=10
--alns_sigma2=9
--alns_sigma3=3
--at_most_one_s=false
--gamma=0.7
--ifile=EADARP/instances/l1/a7-56.txt
--infeasible_arcs=EADARP/infeasible_arcs
--insert_charging_otf=true
--insert_cost_noise=0.014
--lns_init_temp_factor=0.0
--lns_temp_dec_factor=0.99
--log_all_sols_fname=
--mh_checkit=false
--mh_lfreq=0
--mh_lnewinc=true
--mh_tciter=-1
--mh_tctime=-1.0
--mh_titer=30000
--mh_tobj=-1.0
--mh_ttime=-1.0
--odir=EADARP/out/l1-s0-g0.7
--ofile=
--oname=a7-56_1.000_12
--only_single_s_visits=false
--prepthreshold=1.0
--repair_max_routes=0
--route_based_ops=0
--seed=1194098525
--tightened_windows=EADARP/tightened_windows
--use_milp_in_otf=0
--xcheck_isfeasible=false

EADARPInstance(EADARP/instances/l1/a7-56.txt, n=56, n_K=7, S=[129, 130, 131], Q=14.85, n_F=7, γ=0.7, T_plan=480.0, F=[122, 123, 124, 125, 126, 127, 128])

T preprocessing time [s]: 3.11738
I       iter             best          obj_old          obj_new        time              method info
I          1        783.04320     100056.00000        783.04320      0.1463                 con 
I          2        776.55819        783.04320        776.55819      0.1774        drrr_15+rrri 
I          3        757.62983        776.55819        757.62983      0.1950         drrr_15+rrg 
I          6        735.28014        757.62983        735.28014      0.2712        drrr_15+rrri 
I          7        724.62189        735.28014        724.62189      0.2887        drrr_15+rrri 
I         10        720.23289        724.62189        720.23289      0.3636         drrr_15+rrg 
I         12        708.16445        720.23289        708.16445      0.4005        drrr_15+rrri 
I         15        704.49142        708.16445        704.49142      0.4869        drrr_15+rroi 
I         17        691.24895        704.49142        691.24895      0.5196        drrr_15+rrri 
I         18        691.23395        691.24895        691.23395      0.5363        drrr_15+rroi 
I         19        684.04068        691.23395        684.04068      0.5534        drrr_15+rroi 
I         22        679.78411        684.04068        679.78411      0.6357        drrr_15+rroi 
I         27        676.66676        679.78411        676.66676      0.6745        drrr_15+rroi 
I         29        673.32762        676.66676        673.32762      0.6765        drrr_15+rroi 
I         33        671.99591        673.32762        671.99591      0.7026        drrr_15+rroi 
I         37        671.00282        671.99591        671.00282      0.7343        drrr_15+rroi 
I         39        668.43807        671.00282        668.43807      0.7449         drrr_15+rrg 
I         48        664.96203        668.43807        664.96203      0.7998        drrr_15+rrri 
I         59        664.71771        664.96203        664.71771      0.8250         drrr_15+rrg 
I         66        663.28348        664.71771        663.28348      0.8435        drrr_15+rrri 
I         68        662.69760        663.28348        662.69760      0.8486        drrr_15+rroi 
I        139        661.57950        662.69760        661.57950      1.0073        drrr_15+rrri 
I        163        661.21192        661.57950        661.21192      1.0777         drrr_15+rrg 
I        166        659.59234        661.21192        659.59234      1.0849         drrr_15+rrg 
I        167        648.83658        659.59234        648.83658      1.0879        drrr_15+rrri 
I        177        648.77351        648.83658        648.77351      1.1046        drrr_15+rroi 
I        301        648.28383        648.77351        648.28383      1.2999         drrr_15+rrg 
I        473        646.33392        648.28383        646.33392      1.5224        drrr_15+rrri 
I        577        640.52940        646.33392        640.52940      1.7736        drrr_15+rroi 
I        580        640.46633        640.52940        640.46633      1.7891         drrr_15+rrg 
I       1346        640.33517        640.46633        640.33517      2.8788        drrr_15+rrri 
I       1484        640.27210        640.33517        640.27210      3.0268         drrr_15+rrg 
I       3631        638.69172        640.27210        638.69172      5.1600        drrr_15+rrri 
I       3636        637.71481        638.69172        637.71481      5.1661        drrr_15+rrri 
I       3648        637.12804        637.71481        637.12804      5.1782         drrr_15+rrg 
I      13173        636.25406        637.12804        636.25406     13.9244        drrr_15+rrri 
I      13181        636.13485        636.25406        636.13485     13.9316        drrr_15+rroi 
I      13195        635.42530        636.13485        635.42530     13.9531        drrr_15+rroi 
I      13231        635.36223        635.42530        635.36223     13.9865        drrr_15+rrri 
I      13566        633.28427        635.36223        633.28427     14.2893        drrr_15+rrri 
I      13587        632.46738        633.28427        632.46738     14.3114        drrr_15+rrri 
I      13621        629.24346        632.46738        629.24346     14.3385        drrr_15+rroi 
I      15783        628.87988        629.24346        628.87988     16.2808        drrr_15+rroi 
I      15806        626.79084        628.87988        626.79084     16.3005         drrr_15+rrg 
I      16187        626.20618        626.79084        626.20618     16.6651        drrr_15+rrri 
I      20393        626.12423        626.20618        626.12423     20.4233        drrr_15+rrri 
I      20680        625.55733        626.12423        625.55733     20.6711        drrr_15+rroi 
I      30000        625.55733        625.55733        627.86371     28.9319        drrr_15+rroi 

Method statistics
S  method    iter  succ  succ-rate%  tot-obj-gain  avg-obj-gain  rel-succ%  net-time  net-time%  brut-time  brut-time%
S  con          1     1   100.00000  -99272.95680  -99272.95680    1.07527   0.14620    0.50531    0.14620     0.50531
S  drrr_15  29999    46     0.15334    -157.48587      -0.00525   49.46237   0.87819    3.03535    0.87819     3.03535
S  rrg      10007    11     0.10992     -31.40522      -0.00314   11.82796  13.94263   48.19111   13.94263    48.19111
S  rroi     10038    16     0.15939     -35.35579      -0.00352   17.20430   6.63527   22.93407    6.63527    22.93407
S  rrri      9954    19     0.19088     -90.72486      -0.00911   20.43011   7.04157   24.33839    7.04157    24.33839
S  SUM/AVG  59999    93     0.15500  -99587.92855      -1.65983   20.00000  28.64385   99.00423   28.64385    99.00423

T best solution: EADARPSolution(t_routing=780.542, t_excess=160.603, obj_val=625.557, obj_val_valid=true,
    unserved_requests=Int64[], F_visited=[126, 127, 128, 122, 123, 125, 124], S_visited=Int64[],
    (1, ([115, 50, 45, 101, 106, 52, 108, 7, 63, 131, 2, 58, 25, 81, 10, 12, 17, 73, 66, 68, 122], [30.928062441768517], [10]))
    (2, ([116, 48, 104, 13, 69, 27, 83, 1, 6, 57, 62, 19, 75, 129, 123], [9.443620314496602], [14]))
    (3, ([117, 40, 96, 5, 43, 99, 61, 14, 70, 4, 60, 28, 84, 129, 124], [8.988995778705089], [14]))
    (4, ([118, 9, 65, 36, 92, 39, 95, 47, 103, 53, 51, 107, 109, 26, 82, 21, 77, 129, 125], [10.237204102018183], [18]))
    (5, ([119, 38, 55, 94, 111, 15, 3, 71, 59, 44, 37, 100, 93, 35, 91, 32, 88, 42, 23, 79, 98, 130, 31, 87, 126], [63.190657434324834], [22]))
    (6, ([120, 56, 11, 67, 112, 46, 49, 102, 105, 8, 64, 16, 72, 34, 90, 33, 89, 24, 80, 129, 127], [69.81703165604695], [20]))
    (7, ([121, 30, 86, 41, 97, 18, 74, 54, 22, 110, 78, 29, 20, 85, 76, 129, 128], [20.936426500117573], [16])))

T best obj: 625.5573274029882
T best iteration: 20680
T total iterations: 30000
T best time [s]: 20.671
T total time [s]: 28.9320
