EADARP version e957-dirty
ARGS: ["--prepthreshold=1.125", "--only_single_s_visits=0", "--gamma=0.7", "--ifile=EADARP/instances/l1/a7-56.txt", "--odir=EADARP/out/l1-s0-g0.7", "--oname=a7-56_1.125_17"]
Settings:
--alns_gamma=0.025
--alns_segment_size=100
--alns_sigma1=10
--alns_sigma2=9
--alns_sigma3=3
--at_most_one_s=false
--gamma=0.7
--ifile=EADARP/instances/l1/a7-56.txt
--infeasible_arcs=EADARP/infeasible_arcs
--insert_charging_otf=true
--insert_cost_noise=0.014
--lns_init_temp_factor=0.0
--lns_temp_dec_factor=0.99
--log_all_sols_fname=
--mh_checkit=false
--mh_lfreq=0
--mh_lnewinc=true
--mh_tciter=-1
--mh_tctime=-1.0
--mh_titer=30000
--mh_tobj=-1.0
--mh_ttime=-1.0
--odir=EADARP/out/l1-s0-g0.7
--ofile=
--oname=a7-56_1.125_17
--only_single_s_visits=false
--prepthreshold=1.125
--repair_max_routes=0
--route_based_ops=0
--seed=1531900792
--tightened_windows=EADARP/tightened_windows
--use_milp_in_otf=0
--xcheck_isfeasible=false

EADARPInstance(EADARP/instances/l1/a7-56.txt, n=56, n_K=7, S=[129, 130, 131], Q=14.85, n_F=7, γ=0.7, T_plan=480.0, F=[122, 123, 124, 125, 126, 127, 128])

T preprocessing time [s]: 2.45148
I       iter             best          obj_old          obj_new        time              method info
I          1     100001.00000     100056.00000     100001.00000      0.1274                 con 
I          2        762.43002     100001.00000        762.43002      0.1500        drrr_15+rrri 
I          3        742.51900        762.43002        742.51900      0.1689        drrr_15+rroi 
I          4        727.86627        742.51900        727.86627      0.1875        drrr_15+rroi 
I          5        720.72919        727.86627        720.72919      0.2028         drrr_15+rrg 
I          7        715.85544        720.72919        715.85544      0.2620        drrr_15+rrri 
I          8        698.38190        715.85544        698.38190      0.2810         drrr_15+rrg 
I         10        689.29213        698.38190        689.29213      0.3085        drrr_15+rrri 
I         14        686.84002        689.29213        686.84002      0.3678         drrr_15+rrg 
I         16        679.98407        686.84002        679.98407      0.3978         drrr_15+rrg 
I         17        674.06112        679.98407        674.06112      0.4107        drrr_15+rroi 
I         27        657.18614        674.06112        657.18614      0.4770         drrr_15+rrg 
I         42        655.82957        657.18614        655.82957      0.5674        drrr_15+rrri 
I         43        655.39722        655.82957        655.39722      0.5681        drrr_15+rroi 
I         51        652.72543        655.39722        652.72543      0.6081         drrr_15+rrg 
I         54        648.65950        652.72543        648.65950      0.6169         drrr_15+rrg 
I         57        647.29234        648.65950        647.29234      0.6204        drrr_15+rrri 
I         75        637.44517        647.29234        637.44517      0.6683        drrr_15+rrri 
I         79        633.50322        637.44517        633.50322      0.6726        drrr_15+rrri 
I       1061        632.66576        633.50322        632.66576      1.8919        drrr_15+rrri 
I       1074        631.87410        632.66576        631.87410      1.9108        drrr_15+rroi 
I       1686        627.32995        631.87410        627.32995      2.6055        drrr_15+rrri 
I       4934        625.50867        627.32995        625.50867      5.6124        drrr_15+rrri 
I      10583        624.92972        625.50867        624.92972     10.5339        drrr_15+rrri 
I      30000        624.92972        624.92972        634.85924     26.9426         drrr_15+rrg 

Method statistics
S  method    iter  succ  succ-rate%  tot-obj-gain  avg-obj-gain  rel-succ%  net-time  net-time%  brut-time  brut-time%
S  con          1     1   100.00000     -55.00000     -55.00000    2.12766   0.12731    0.47253    0.12731     0.47253
S  drrr_15  29999    23     0.07667  -99376.07028      -3.31265   48.93617   0.85954    3.19024    0.85954     3.19024
S  rrg       9915     7     0.07060     -57.53139      -0.00580   14.89362  13.20249   49.00213   13.20249    49.00213
S  rroi      9984     5     0.05008     -41.71071      -0.00418   10.63830   5.81047   21.56604    5.81047    21.56604
S  rrri     10100    11     0.10891  -99276.82818      -9.82939   23.40426   6.67354   24.76939    6.67354    24.76939
S  SUM/AVG  59999    47     0.07833 -198807.14056      -3.31351   20.00000  26.67334   99.00032   26.67334    99.00032

T best solution: EADARPSolution(t_routing=771.173, t_excess=186.199, obj_val=624.93, obj_val_valid=true,
    unserved_requests=Int64[], F_visited=[123, 126, 125, 122, 127, 124, 128], S_visited=Int64[],
    (1, ([115, 48, 104, 44, 100, 27, 83, 1, 4, 60, 57, 29, 20, 85, 76, 129, 122], [9.143948670767507], [16]))
    (2, ([116, 30, 86, 5, 43, 99, 61, 14, 39, 70, 95, 16, 72, 21, 77, 129, 123], [10.975523076946333], [16]))
    (3, ([117, 38, 55, 94, 111, 46, 49, 102, 105, 8, 64, 47, 103, 53, 51, 107, 109, 33, 89, 24, 80, 129, 124], [61.00119947148736], [22]))
    (4, ([118, 50, 45, 101, 106, 52, 108, 7, 63, 26, 82, 129, 6, 25, 62, 81, 10, 12, 17, 73, 66, 68, 125], [41.38219869490893], [12]))
    (5, ([119, 15, 3, 71, 59, 37, 93, 35, 91, 32, 88, 42, 23, 79, 98, 31, 87, 129, 126], [36.62144696939952], [18]))
    (6, ([120, 56, 11, 67, 112, 41, 97, 18, 74, 54, 34, 110, 90, 28, 84, 129, 127], [15.12129864392739], [16]))
    (7, ([121, 40, 96, 9, 65, 36, 92, 131, 13, 69, 22, 2, 58, 78, 19, 75, 128], [29.92774709851337], [8])))

T best obj: 624.9297189753224
T best iteration: 10583
T total iterations: 30000
T best time [s]: 10.534
T total time [s]: 26.9427
