EADARP version e957-dirty
ARGS: ["--prepthreshold=1.000", "--only_single_s_visits=0", "--gamma=0.7", "--ifile=EADARP/instances/l1/a7-56.txt", "--odir=EADARP/out/l1-s0-g0.7", "--oname=a7-56_1.000_00"]
Settings:
--alns_gamma=0.025
--alns_segment_size=100
--alns_sigma1=10
--alns_sigma2=9
--alns_sigma3=3
--at_most_one_s=false
--gamma=0.7
--ifile=EADARP/instances/l1/a7-56.txt
--infeasible_arcs=EADARP/infeasible_arcs
--insert_charging_otf=true
--insert_cost_noise=0.014
--lns_init_temp_factor=0.0
--lns_temp_dec_factor=0.99
--log_all_sols_fname=
--mh_checkit=false
--mh_lfreq=0
--mh_lnewinc=true
--mh_tciter=-1
--mh_tctime=-1.0
--mh_titer=30000
--mh_tobj=-1.0
--mh_ttime=-1.0
--odir=EADARP/out/l1-s0-g0.7
--ofile=
--oname=a7-56_1.000_00
--only_single_s_visits=false
--prepthreshold=1.0
--repair_max_routes=0
--route_based_ops=0
--seed=158891315
--tightened_windows=EADARP/tightened_windows
--use_milp_in_otf=0
--xcheck_isfeasible=false

EADARPInstance(EADARP/instances/l1/a7-56.txt, n=56, n_K=7, S=[129, 130, 131], Q=14.85, n_F=7, γ=0.7, T_plan=480.0, F=[122, 123, 124, 125, 126, 127, 128])

T preprocessing time [s]: 2.56201
I       iter             best          obj_old          obj_new        time              method info
I          1        788.02508     100056.00000        788.02508      0.1341                 con 
I          2        767.54447        788.02508        767.54447      0.1746         drrr_15+rrg 
I          3        746.58620        767.54447        746.58620      0.1947        drrr_15+rroi 
I          4        742.03923        746.58620        742.03923      0.2059        drrr_15+rrri 
I          5        741.71657        742.03923        741.71657      0.2250        drrr_15+rroi 
I          6        722.08347        741.71657        722.08347      0.2443        drrr_15+rrri 
I          7        705.53607        722.08347        705.53607      0.2838         drrr_15+rrg 
I          8        695.31144        705.53607        695.31144      0.3000        drrr_15+rrri 
I         10        695.18676        695.31144        695.18676      0.3283        drrr_15+rroi 
I         11        692.44908        695.18676        692.44908      0.3376        drrr_15+rroi 
I         13        686.63033        692.44908        686.63033      0.3633        drrr_15+rroi 
I         15        680.09754        686.63033        680.09754      0.3794         drrr_15+rrg 
I         18        672.20089        680.09754        672.20089      0.4107         drrr_15+rrg 
I         20        667.61799        672.20089        667.61799      0.4434        drrr_15+rroi 
I         24        666.32344        667.61799        666.32344      0.5478         drrr_15+rrg 
I         26        662.94323        666.32344        662.94323      0.5585        drrr_15+rrri 
I         27        660.75610        662.94323        660.75610      0.5611        drrr_15+rroi 
I         35        660.38270        660.75610        660.38270      0.6026        drrr_15+rroi 
I         41        659.24186        660.38270        659.24186      0.6272         drrr_15+rrg 
I         43        653.94682        659.24186        653.94682      0.6421         drrr_15+rrg 
I         45        652.76105        653.94682        652.76105      0.6519        drrr_15+rrri 
I         72        652.59228        652.76105        652.59228      0.7259        drrr_15+rroi 
I         78        652.52921        652.59228        652.52921      0.7432         drrr_15+rrg 
I        102        651.36045        652.52921        651.36045      0.7993        drrr_15+rrri 
I        103        650.12903        651.36045        650.12903      0.8001        drrr_15+rroi 
I        114        649.80859        650.12903        649.80859      0.8344         drrr_15+rrg 
I        122        646.53848        649.80859        646.53848      0.8558         drrr_15+rrg 
I        210        640.48138        646.53848        640.48138      1.0379         drrr_15+rrg 
I        615        638.40759        640.48138        638.40759      1.5578        drrr_15+rrri 
I        732        637.75240        638.40759        637.75240      1.7143        drrr_15+rrri 
I        818        637.23840        637.75240        637.23840      1.8069        drrr_15+rroi 
I       1058        636.85702        637.23840        636.85702      2.0462        drrr_15+rroi 
I       1330        636.52301        636.85702        636.52301      2.3755        drrr_15+rrri 
I       1364        635.82442        636.52301        635.82442      2.4175        drrr_15+rroi 
I       2442        635.22072        635.82442        635.22072      3.5518        drrr_15+rrri 
I       2489        634.91141        635.22072        634.91141      3.5983        drrr_15+rrri 
I       2490        634.83165        634.91141        634.83165      3.5997         drrr_15+rrg 
I       2793        632.73394        634.83165        632.73394      3.9001        drrr_15+rrri 
I       3054        630.73805        632.73394        630.73805      4.1678        drrr_15+rroi 
I       3176        630.65829        630.73805        630.65829      4.2975         drrr_15+rrg 
I       6932        630.15910        630.65829        630.15910      7.8615        drrr_15+rrri 
I       7077        630.07934        630.15910        630.07934      7.9851        drrr_15+rrri 
I      30000        630.07934        630.07934        641.27412     28.0130        drrr_15+rrri 

Method statistics
S  method    iter  succ  succ-rate%  tot-obj-gain  avg-obj-gain  rel-succ%  net-time  net-time%  brut-time  brut-time%
S  con          1     1   100.00000  -99267.97492  -99267.97492    1.20482   0.13400    0.47835    0.13400     0.47835
S  drrr_15  29999    41     0.13667    -157.94574      -0.00527   49.39759   0.85942    3.06790    0.85942     3.06790
S  rrg      10117    13     0.12850     -69.05812      -0.00683   15.66265  13.85737   49.46746   13.85737    49.46746
S  rroi      9884    14     0.14164     -42.09552      -0.00426   16.86747   6.02491   21.50748    6.02491    21.50748
S  rrri      9998    14     0.14003     -46.79210      -0.00468   16.86747   6.88067   24.56232    6.88067    24.56232
S  SUM/AVG  59999    83     0.13834  -99583.86640      -1.65976   20.00000  27.75638   99.08352   27.75638    99.08352

T best solution: EADARPSolution(t_routing=786.743, t_excess=160.09, obj_val=630.079, obj_val_valid=true,
    unserved_requests=Int64[], F_visited=[124, 126, 128, 125, 127, 123, 122], S_visited=Int64[],
    (1, ([115, 30, 86, 14, 70, 27, 83, 1, 4, 60, 57, 129, 122], [4.371784039180455], [12]))
    (2, ([116, 50, 45, 101, 106, 52, 108, 131, 13, 69, 22, 2, 58, 78, 25, 81, 10, 12, 17, 73, 66, 68, 129, 123], [45.87241768051552, 7.801321493323518], [8, 23]))
    (3, ([117, 48, 104, 56, 11, 67, 112, 41, 97, 35, 91, 54, 34, 110, 90, 28, 84, 129, 124], [14.657714082202359], [18]))
    (4, ([118, 9, 65, 36, 92, 39, 95, 47, 103, 53, 51, 107, 109, 26, 82, 129, 6, 62, 19, 75, 125], [46.84691633549877], [16]))
    (5, ([119, 38, 55, 94, 111, 46, 49, 102, 105, 8, 64, 16, 72, 21, 77, 126], Float64[], Int64[]))
    (6, ([120, 130, 15, 3, 71, 59, 44, 37, 100, 93, 18, 74, 7, 63, 131, 33, 89, 24, 80, 29, 20, 85, 76, 129, 127], [2.424704799729419, 62.42235221433111, 23.432765812419973], [2, 15, 24]))
    (7, ([121, 40, 96, 5, 43, 99, 61, 32, 88, 42, 23, 79, 98, 31, 87, 129, 128], [20.96990334757533], [16])))

T best obj: 630.079340956173
T best iteration: 7077
T total iterations: 30000
T best time [s]: 7.985
T total time [s]: 28.0131
