EADARP version e957-dirty
ARGS: ["--prepthreshold=1.125", "--only_single_s_visits=0", "--gamma=0.7", "--ifile=EADARP/instances/l1/a7-56.txt", "--odir=EADARP/out/l1-s0-g0.7", "--oname=a7-56_1.125_03"]
Settings:
--alns_gamma=0.025
--alns_segment_size=100
--alns_sigma1=10
--alns_sigma2=9
--alns_sigma3=3
--at_most_one_s=false
--gamma=0.7
--ifile=EADARP/instances/l1/a7-56.txt
--infeasible_arcs=EADARP/infeasible_arcs
--insert_charging_otf=true
--insert_cost_noise=0.014
--lns_init_temp_factor=0.0
--lns_temp_dec_factor=0.99
--log_all_sols_fname=
--mh_checkit=false
--mh_lfreq=0
--mh_lnewinc=true
--mh_tciter=-1
--mh_tctime=-1.0
--mh_titer=30000
--mh_tobj=-1.0
--mh_ttime=-1.0
--odir=EADARP/out/l1-s0-g0.7
--ofile=
--oname=a7-56_1.125_03
--only_single_s_visits=false
--prepthreshold=1.125
--repair_max_routes=0
--route_based_ops=0
--seed=145876774
--tightened_windows=EADARP/tightened_windows
--use_milp_in_otf=0
--xcheck_isfeasible=false

EADARPInstance(EADARP/instances/l1/a7-56.txt, n=56, n_K=7, S=[129, 130, 131], Q=14.85, n_F=7, γ=0.7, T_plan=480.0, F=[122, 123, 124, 125, 126, 127, 128])

T preprocessing time [s]: 2.72125
I       iter             best          obj_old          obj_new        time              method info
I          1        799.32141     100056.00000        799.32141      0.1440                 con 
I          2        765.02927        799.32141        765.02927      0.1747         drrr_15+rrg 
I          3        753.21289        765.02927        753.21289      0.2055         drrr_15+rrg 
I          4        713.52129        753.21289        713.52129      0.2362         drrr_15+rrg 
I          7        704.08643        713.52129        704.08643      0.2977         drrr_15+rrg 
I          8        683.89472        704.08643        683.89472      0.3160        drrr_15+rroi 
I         13        683.64933        683.89472        683.64933      0.4292        drrr_15+rroi 
I         15        676.97198        683.64933        676.97198      0.4323        drrr_15+rroi 
I         20        671.07798        676.97198        671.07798      0.5100        drrr_15+rroi 
I         23        667.63978        671.07798        667.63978      0.5439        drrr_15+rrri 
I         27        667.03863        667.63978        667.03863      0.5851        drrr_15+rroi 
I         28        664.60491        667.03863        664.60491      0.6130         drrr_15+rrg 
I         35        662.64944        664.60491        662.64944      0.6901        drrr_15+rrri 
I         40        659.28179        662.64944        659.28179      0.7432        drrr_15+rroi 
I         41        649.82341        659.28179        649.82341      0.7501         drrr_15+rrg 
I         42        648.43254        649.82341        648.43254      0.7561        drrr_15+rroi 
I         48        643.50987        648.43254        643.50987      0.7802        drrr_15+rroi 
I         54        643.31380        643.50987        643.31380      0.8022         drrr_15+rrg 
I        186        640.56501        643.31380        640.56501      1.1219        drrr_15+rroi 
I        195        640.05101        640.56501        640.05101      1.1447        drrr_15+rrri 
I        409        637.23301        640.05101        637.23301      1.5214        drrr_15+rrri 
I        437        636.49791        637.23301        636.49791      1.5759         drrr_15+rrg 
I        439        635.61731        636.49791        635.61731      1.5771        drrr_15+rroi 
I        467        635.61156        635.61731        635.61156      1.6195        drrr_15+rrri 
I        468        635.41548        635.61156        635.41548      1.6203        drrr_15+rroi 
I        567        635.35817        635.41548        635.35817      1.7686         drrr_15+rrg 
I        611        634.86849        635.35817        634.86849      1.8458        drrr_15+rrri 
I        635        634.86273        634.86849        634.86273      1.8952        drrr_15+rroi 
I       1089        634.42586        634.86273        634.42586      2.4353        drrr_15+rrri 
I       1349        630.93877        634.42586        630.93877      2.8466        drrr_15+rroi 
I       1445        629.04894        630.93877        629.04894      2.9604        drrr_15+rrri 
I       4418        627.75158        629.04894        627.75158      5.8654        drrr_15+rrri 
I       4489        626.76053        627.75158        626.76053      5.9368         drrr_15+rrg 
I       4684        626.32573        626.76053        626.32573      6.0992         drrr_15+rrg 
I       4692        626.32573        626.32573        626.32573      6.1271         drrr_15+rrg 
I       4695        625.17315        626.32573        625.17315      6.1303         drrr_15+rrg 
I       6978        624.20539        625.17315        624.20539      8.2754        drrr_15+rroi 
I       6980        622.89746        624.20539        622.89746      8.2799         drrr_15+rrg 
I       6986        621.49842        622.89746        621.49842      8.2884        drrr_15+rrri 
I       7008        620.53250        621.49842        620.53250      8.3095         drrr_15+rrg 
I      28683        619.44368        620.53250        619.44368     27.1059        drrr_15+rrri 
I      30000        619.44368        619.44368        637.04186     28.2346        drrr_15+rrri 

Method statistics
S  method    iter  succ  succ-rate%  tot-obj-gain  avg-obj-gain  rel-succ%  net-time  net-time%  brut-time  brut-time%
S  con          1     1   100.00000  -99256.67859  -99256.67859    1.23457   0.14397    0.50991    0.14397     0.50991
S  drrr_15  29999    40     0.13334    -179.87773      -0.00600   49.38272   0.91271    3.23258    0.91271     3.23258
S  rrg      10135    15     0.14800    -112.96787      -0.01115   18.51852  14.02228   49.66337   14.02228    49.66337
S  rroi      9849    14     0.14215     -51.57684      -0.00524   17.28395   6.08910   21.56604    6.08910    21.56604
S  rrri     10015    11     0.10984     -15.33302      -0.00153   13.58025   6.82440   24.17030    6.82440    24.17030
S  SUM/AVG  59999    81     0.13500  -99616.43405      -1.66030   20.00000  27.99246   99.14221   27.99246    99.14221

T best solution: EADARPSolution(t_routing=768.532, t_excess=172.18, obj_val=619.444, obj_val_valid=true,
    unserved_requests=Int64[], F_visited=[126, 123, 128, 124, 125, 122, 127], S_visited=Int64[],
    (1, ([115, 38, 55, 94, 111, 46, 49, 102, 105, 8, 64, 129, 16, 72, 34, 90, 28, 84, 6, 62, 19, 75, 122], [58.87002201349972], [12]))
    (2, ([116, 50, 45, 101, 106, 52, 108, 7, 63, 42, 23, 79, 98, 21, 77, 129, 123], [2.5425527821117813], [16]))
    (3, ([117, 15, 3, 71, 59, 44, 37, 100, 93, 18, 74, 130, 54, 22, 110, 78, 25, 81, 10, 12, 17, 73, 66, 68, 124], [61.062976960291344], [12]))
    (4, ([118, 48, 104, 39, 95, 47, 103, 53, 51, 107, 109, 26, 2, 82, 58, 29, 20, 85, 76, 129, 125], [20.99555514153234], [20]))
    (5, ([119, 40, 96, 9, 65, 36, 92, 13, 69, 27, 83, 24, 80, 129, 126], [14.787607229639962], [14]))
    (6, ([120, 30, 86, 5, 43, 99, 61, 14, 70, 1, 4, 60, 57, 129, 127], [12.588720003650975], [14]))
    (7, ([121, 56, 11, 67, 112, 41, 97, 35, 91, 32, 88, 33, 89, 31, 87, 129, 128], [30.684176261880452], [16])))

T best obj: 619.4436822843894
T best iteration: 28683
T total iterations: 30000
T best time [s]: 27.106
T total time [s]: 28.2347
