EADARP version 585c-dirty
ARGS: --ifile=EADARP/instances/l1/a7-56.txt --infeasible_arcs=EADARP/infeasible_arcs --gamma=0.7 --only_single_s_visits=false --odir=EADARP/out/a7-56 --oname=run16
Settings:
--alns_gamma=0.025
--alns_segment_size=100
--alns_sigma1=10
--alns_sigma2=9
--alns_sigma3=3
--at_most_one_s=false
--gamma=0.7
--ifile=EADARP/instances/l1/a7-56.txt
--infeasible_arcs=EADARP/infeasible_arcs
--insert_charging_otf=true
--insert_cost_noise=0.014
--lns_init_temp_factor=0.0
--lns_temp_dec_factor=0.99
--mh_checkit=false
--mh_lfreq=0
--mh_lnewinc=true
--mh_tciter=-1
--mh_tctime=-1.0
--mh_titer=30000
--mh_tobj=-1.0
--mh_ttime=-1.0
--odir=EADARP/out/a7-56
--oname=run16
--only_single_s_visits=false
--repair_max_routes=0
--seed=720805496
--use_milp_in_otf=0
--xcheck_isfeasible=false

EADARPInstance(EADARP/instances/l1/a7-56.txt, n=56, n_K=7, S=[129, 130, 131], Q=14.85, n_F=7, γ=0.7, T_plan=480.0, F=[122, 123, 124, 125, 126, 127, 128])

T preprocessing time [s]: 1.74228
I       iter             best          obj_old          obj_new        time              method info
I          1        767.58904     100056.00000        767.58904      0.1738                 con 
I          2        755.62737        767.58904        755.62737      0.2313         drrr_15+rrg 
I          3        741.28578        755.62737        741.28578      0.2674        drrr_15+rrri 
I          4        724.78511        741.28578        724.78511      0.2963        drrr_15+rrri 
I          5        702.08425        724.78511        702.08425      0.3531        drrr_15+rroi 
I          7        700.73740        702.08425        700.73740      0.4151        drrr_15+rrri 
I          9        698.29589        700.73740        698.29589      0.4547        drrr_15+rrri 
I         10        696.07275        698.29589        696.07275      0.4638        drrr_15+rrri 
I         11        690.79870        696.07275        690.79870      0.5126        drrr_15+rroi 
I         12        688.07732        690.79870        688.07732      0.5395         drrr_15+rrg 
I         14        684.45407        688.07732        684.45407      0.6097        drrr_15+rroi 
I         15        684.13028        684.45407        684.13028      0.6173        drrr_15+rrri 
I         16        682.43688        684.13028        682.43688      0.6304         drrr_15+rrg 
I         17        674.44363        682.43688        674.44363      0.6343        drrr_15+rroi 
I         18        673.52040        674.44363        673.52040      0.6417        drrr_15+rroi 
I         23        669.97406        673.52040        669.97406      0.7084        drrr_15+rrri 
I         25        657.84900        669.97406        657.84900      0.7217        drrr_15+rrri 
I         27        655.12578        657.84900        655.12578      0.7443        drrr_15+rroi 
I         50        654.12456        655.12578        654.12456      0.8891        drrr_15+rrri 
I         69        651.74357        654.12456        651.74357      0.9800        drrr_15+rrri 
I         86        650.11195        651.74357        650.11195      1.0907        drrr_15+rrri 
I         95        649.94260        650.11195        649.94260      1.1204         drrr_15+rrg 
I        261        649.61001        649.94260        649.61001      1.3858         drrr_15+rrg 
I        276        644.76955        649.61001        644.76955      1.4315         drrr_15+rrg 
I        331        643.83444        644.76955        643.83444      1.5130        drrr_15+rroi 
I        495        643.71188        643.83444        643.71188      1.8056         drrr_15+rrg 
I        914        643.50710        643.71188        643.50710      2.1686        drrr_15+rroi 
I        927        641.80610        643.50710        641.80610      2.1895        drrr_15+rrri 
I        937        637.89521        641.80610        637.89521      2.2003         drrr_15+rrg 
I        943        637.72585        637.89521        637.72585      2.2037        drrr_15+rroi 
I        969        637.22205        637.72585        637.22205      2.2181        drrr_15+rroi 
I       1011        636.73030        637.22205        636.73030      2.2653         drrr_15+rrg 
I       1181        636.06424        636.73030        636.06424      2.3771        drrr_15+rroi 
I       1400        633.22636        636.06424        633.22636      2.5880        drrr_15+rrri 
I       1402        632.69694        633.22636        632.69694      2.5923        drrr_15+rroi 
I       1586        632.20726        632.69694        632.20726      2.7064        drrr_15+rrri 
I       4071        631.74758        632.20726        631.74758      3.9639         drrr_15+rrg 
I       4079        630.30112        631.74758        630.30112      3.9709         drrr_15+rrg 
I       4102        628.49437        630.30112        628.49437      3.9833         drrr_15+rrg 
I      30000        628.49437        628.49437        640.17084     13.6639        drrr_15+rroi 

Method statistics
S  method    iter  succ  succ-rate%  tot-obj-gain  avg-obj-gain  rel-succ%  net-time  net-time%  brut-time  brut-time%
S  con          1     1   100.00000  -99288.41096  -99288.41096    1.29870   0.17375    1.27161    0.17375     1.27161
S  drrr_15  29999    38     0.12667    -139.09467      -0.00464   49.35065   0.25754    1.88481    0.25754     1.88481
S  rrg       9739    12     0.12322     -29.95696      -0.00308   15.58442   5.33112   39.01599    5.33112    39.01599
S  rroi     10281    12     0.11672     -46.24636      -0.00450   15.58442   3.37846   24.72535    3.37846    24.72535
S  rrri      9979    14     0.14029     -62.89135      -0.00630   18.18182   4.45494   32.60362    4.45494    32.60362
S  SUM/AVG  59999    77     0.12834  -99566.60029      -1.65947   20.00000  13.59581   99.50139   13.59581    99.50139

T best solution: EADARPSolution(t_routing=794.094, t_excess=131.696, obj_val=628.494, obj_val_valid=true,
    unserved_requests=Int64[], F_visited=[128, 123, 122, 125, 127, 124, 126], S_visited=Int64[],
    (1, ([115, 50, 45, 101, 106, 52, 108, 7, 63, 42, 23, 79, 98, 31, 87, 129, 122], [18.16327723484095], [16]))
    (2, ([116, 56, 11, 67, 112, 41, 97, 35, 91, 130, 16, 72, 51, 107, 26, 82, 25, 81, 10, 12, 66, 68, 123], [44.74555321730877], [10]))
    (3, ([117, 48, 104, 44, 100, 27, 83, 24, 80, 29, 20, 85, 76, 129, 124], [8.070436232107461], [14]))
    (4, ([118, 30, 86, 5, 43, 99, 61, 32, 53, 88, 109, 33, 89, 17, 73, 129, 125], [12.329933080798547], [16]))
    (5, ([119, 15, 3, 71, 59, 37, 93, 18, 74, 47, 103, 13, 69, 22, 2, 58, 78, 21, 77, 129, 126], [43.469753849318984], [20]))
    (6, ([120, 38, 55, 94, 111, 46, 49, 102, 105, 8, 64, 14, 70, 1, 4, 60, 57, 129, 127], [43.673006605762154], [18]))
    (7, ([121, 40, 96, 9, 65, 36, 92, 39, 95, 130, 54, 34, 110, 90, 28, 84, 6, 62, 19, 75, 129, 128], [52.43557000441083, 4.206283282251398], [10, 21])))

T best obj: 628.4943739506725
T best iteration: 4102
T total iterations: 30000
T best time [s]: 3.983
T total time [s]: 13.6639
