EADARP version 2def-dirty
ARGS: --ifile=EADARP/instances/l1/a7-56.txt --odir=EADARP/out/a7-56 --oname=run21
Settings:
--alns_gamma=0.025
--alns_segment_size=100
--alns_sigma1=10
--alns_sigma2=9
--alns_sigma3=3
--at_most_one_s=false
--gamma=-1.0
--ifile=EADARP/instances/l1/a7-56.txt
--insert_charging_otf=true
--insert_cost_noise=0.014
--lns_init_temp_factor=0.0
--lns_temp_dec_factor=0.99
--mh_checkit=false
--mh_lfreq=0
--mh_lnewinc=true
--mh_tciter=-1
--mh_tctime=-1.0
--mh_titer=300
--mh_tobj=-1.0
--mh_ttime=-1.0
--odir=EADARP/out/a7-56
--oname=run21
--only_single_s_visits=true
--repair_max_routes=0
--seed=1831890189
--use_milp_in_otf=0
--xcheck_isfeasible=false

EADARPInstance(EADARP/instances/l1/a7-56.txt, n=56, n_K=7, S=[129, 130, 131], Q=14.85, n_F=7, γ=0.7, T_plan=480.0, F=[122, 123, 124, 125, 126, 127, 128])

T preprocessing time [s]: 1.58012
I       iter             best          obj_old          obj_new        time              method info
I          1     100004.00000     100056.00000     100004.00000      0.1770                 con 
I          9     100003.00000     100004.00000     100003.00000      0.4537        drrr_15+rrri 
I         14     100002.00000     100003.00000     100002.00000      0.6004        drrr_15+rrri 
I         49     100001.00000     100002.00000     100001.00000      1.1798         drrr_15+rrg 
I        226        705.94376     100001.00000        705.94376      2.3610        drrr_15+rrri 
I        243        700.67130        705.94376        700.67130      2.3969        drrr_15+rrri 
I        287        694.38729        700.67130        694.38729      2.4945        drrr_15+rroi 
I        295        690.93813        694.38729        690.93813      2.5120        drrr_15+rrri 
I        298        688.03439        690.93813        688.03439      2.5165        drrr_15+rrri 
I        300        688.03439        688.03439     100002.00000      2.5168        drrr_15+rrri 

Method statistics
S  method    iter  succ  succ-rate%  tot-obj-gain  avg-obj-gain  rel-succ%  net-time  net-time%  brut-time  brut-time%
S  con          1     1   100.00000     -52.00000     -52.00000    5.88235   0.17697    7.03127    0.17697     7.03127
S  drrr_15    299     8     2.67559  -99315.96561    -332.16042   47.05882   0.00356    0.14152    0.00356     0.14152
S  rrg        100     1     1.00000      -1.00000      -0.01000    5.88235   0.68148   27.07679    0.68148    27.07679
S  rroi        92     1     1.08696      -6.28402      -0.06830    5.88235   0.64031   25.44094    0.64031    25.44094
S  rrri       107     6     5.60748  -99308.68159    -928.11852   35.29412   1.01310   40.25250    1.01310    40.25250
S  SUM/AVG    599    17     2.83806 -198683.93121    -331.69271   20.00000   2.51542   99.94302    2.51542    99.94302

T best solution: EADARPSolution(t_routing=863.498, t_excess=161.644, obj_val=688.034, obj_val_valid=true,
    unserved_requests=Int64[], F_visited=[122, 126, 123, 127, 124, 128, 125], S_visited=[129, 130, 131],
    (1, ([115, 16, 72, 21, 77, 6, 62, 29, 20, 85, 76, 122], Float64[], Int64[]))
    (2, ([116, 40, 96, 5, 43, 99, 61, 32, 88, 26, 2, 82, 58, 123], Float64[], Int64[]))
    (3, ([117, 38, 55, 111, 94, 30, 86, 41, 97, 46, 49, 102, 105, 8, 64, 14, 70, 7, 63, 23, 42, 79, 34, 98, 28, 90, 84, 131, 124], [119.31016724831326], [28]))
    (4, ([118, 48, 104, 44, 100, 1, 4, 60, 57, 19, 75, 125], Float64[], Int64[]))
    (5, ([119, 50, 45, 101, 106, 3, 59, 9, 65, 36, 92, 13, 69, 27, 83, 33, 89, 24, 80, 129, 126], [77.81171444817166], [20]))
    (6, ([120, 56, 11, 67, 112, 15, 71, 37, 93, 18, 74, 52, 108, 35, 91, 47, 103, 53, 51, 107, 109, 130, 31, 87, 12, 68, 127], [114.76936755148034], [22]))
    (7, ([121, 39, 95, 54, 22, 110, 78, 25, 81, 10, 17, 73, 66, 128], Float64[], Int64[])))

T best obj: 688.0343929195922
T best iteration: 298
T total iterations: 300
T best time [s]: 2.517
T total time [s]: 2.5169
