EADARP version 2def-dirty
ARGS: --ifile=EADARP/instances/l1/a7-56.txt --odir=EADARP/out/a7-56 --oname=run3
Settings:
--alns_gamma=0.025
--alns_segment_size=100
--alns_sigma1=10
--alns_sigma2=9
--alns_sigma3=3
--at_most_one_s=false
--gamma=-1.0
--ifile=EADARP/instances/l1/a7-56.txt
--insert_charging_otf=true
--insert_cost_noise=0.014
--lns_init_temp_factor=0.0
--lns_temp_dec_factor=0.99
--mh_checkit=false
--mh_lfreq=0
--mh_lnewinc=true
--mh_tciter=-1
--mh_tctime=-1.0
--mh_titer=300
--mh_tobj=-1.0
--mh_ttime=-1.0
--odir=EADARP/out/a7-56
--oname=run3
--only_single_s_visits=true
--repair_max_routes=0
--seed=327360342
--use_milp_in_otf=0
--xcheck_isfeasible=false

EADARPInstance(EADARP/instances/l1/a7-56.txt, n=56, n_K=7, S=[129, 130, 131], Q=14.85, n_F=7, γ=0.7, T_plan=480.0, F=[122, 123, 124, 125, 126, 127, 128])

T preprocessing time [s]: 1.5349
I       iter             best          obj_old          obj_new        time              method info
I          1     100006.00000     100056.00000     100006.00000      0.1735                 con 
I          4     100004.00000     100006.00000     100004.00000      0.2893         drrr_15+rrg 
I          6     100003.00000     100004.00000     100003.00000      0.3721        drrr_15+rroi 
I        103     100002.00000     100003.00000     100002.00000      1.3845         drrr_15+rrg 
I        150     100001.00000     100002.00000     100001.00000      2.0720         drrr_15+rrg 
I        300     100001.00000     100001.00000     100004.00000      2.6818         drrr_15+rrg 

Method statistics
S  method    iter  succ  succ-rate%  tot-obj-gain  avg-obj-gain  rel-succ%  net-time  net-time%  brut-time  brut-time%
S  con          1     1   100.00000     -50.00000     -50.00000   11.11111   0.17345    6.46742    0.17345     6.46742
S  drrr_15    299     4     1.33779      -5.00000      -0.01672   44.44444   0.00355    0.13237    0.00355     0.13237
S  rrg         98     3     3.06122      -4.00000      -0.04082   33.33333   1.07489   40.08036    1.07489    40.08036
S  rroi        99     1     1.01010      -1.00000      -0.01010   11.11111   0.70520   26.29549    0.70520    26.29549
S  rrri       102     0     0.00000       0.00000       0.00000    0.00000   0.72345   26.97617    0.72345    26.97617
S  SUM/AVG    599     9     1.50250     -60.00000      -0.10017   20.00000   2.68054   99.95182    2.68054    99.95182

T best solution: EADARPSolution(t_routing=-1.0, t_excess=-1.0, obj_val=100001.0, obj_val_valid=true,
    unserved_requests=[24], F_visited=[126, 128, 123, 124, 122, 127, 125], S_visited=[130, 129, 131],
    (1, ([115, 50, 45, 101, 106, 52, 108, 22, 2, 58, 78, 122], Float64[], Int64[]))
    (2, ([116, 30, 86, 43, 99, 21, 77, 6, 62, 29, 20, 85, 76, 123], Float64[], Int64[]))
    (3, ([117, 38, 55, 94, 111, 41, 97, 18, 49, 74, 105, 8, 64, 16, 54, 72, 110, 129, 25, 81, 19, 75, 124], [85.0080140651617], [18]))
    (4, ([118, 56, 11, 67, 112, 9, 65, 36, 92, 14, 70, 47, 7, 103, 63, 23, 51, 34, 79, 107, 90, 28, 84, 131, 125], [103.81232396629953], [24]))
    (5, ([119, 15, 3, 71, 59, 44, 37, 100, 93, 35, 91, 32, 53, 88, 109, 42, 26, 82, 98, 130, 31, 87, 12, 68, 126], [84.09011227558179], [20]))
    (6, ([120, 40, 96, 5, 46, 61, 102, 1, 4, 60, 57, 127], Float64[], Int64[]))
    (7, ([121, 48, 104, 39, 13, 95, 69, 27, 83, 33, 89, 17, 10, 73, 66, 128], Float64[], Int64[])))

T best obj: 100001.0
T best iteration: 150
T total iterations: 300
T best time [s]: 2.072
T total time [s]: 2.6818
