EADARP version 2def-dirty
ARGS: --ifile=EADARP/instances/l1/a7-56.txt --odir=EADARP/out/a7-56 --oname=run34
Settings:
--alns_gamma=0.025
--alns_segment_size=100
--alns_sigma1=10
--alns_sigma2=9
--alns_sigma3=3
--at_most_one_s=false
--gamma=-1.0
--ifile=EADARP/instances/l1/a7-56.txt
--insert_charging_otf=true
--insert_cost_noise=0.014
--lns_init_temp_factor=0.0
--lns_temp_dec_factor=0.99
--mh_checkit=false
--mh_lfreq=0
--mh_lnewinc=true
--mh_tciter=-1
--mh_tctime=-1.0
--mh_titer=300
--mh_tobj=-1.0
--mh_ttime=-1.0
--odir=EADARP/out/a7-56
--oname=run34
--only_single_s_visits=true
--repair_max_routes=0
--seed=176114488
--use_milp_in_otf=0
--xcheck_isfeasible=false

EADARPInstance(EADARP/instances/l1/a7-56.txt, n=56, n_K=7, S=[129, 130, 131], Q=14.85, n_F=7, γ=0.7, T_plan=480.0, F=[122, 123, 124, 125, 126, 127, 128])

T preprocessing time [s]: 1.55494
I       iter             best          obj_old          obj_new        time              method info
I          1     100006.00000     100056.00000     100006.00000      0.1689                 con 
I          2     100004.00000     100006.00000     100004.00000      0.2289         drrr_15+rrg 
I         24     100003.00000     100004.00000     100003.00000      0.8028         drrr_15+rrg 
I         40     100002.00000     100003.00000     100002.00000      1.0156        drrr_15+rrri 
I         73     100001.00000     100002.00000     100001.00000      1.3522        drrr_15+rrri 
I        131        699.61389     100001.00000        699.61389      1.6132         drrr_15+rrg 
I        140        693.75097        699.61389        693.75097      1.6411        drrr_15+rroi 
I        159        690.90738        693.75097        690.90738      1.6746         drrr_15+rrg 
I        300        690.90738        690.90738     100001.00000      1.8622         drrr_15+rrg 

Method statistics
S  method    iter  succ  succ-rate%  tot-obj-gain  avg-obj-gain  rel-succ%  net-time  net-time%  brut-time  brut-time%
S  con          1     1   100.00000     -50.00000     -50.00000    6.66667   0.16892    9.07066    0.16892     9.07066
S  drrr_15    299     7     2.34114  -99315.09262    -332.15750   46.66667   0.00331    0.17751    0.00331     0.17751
S  rrg        107     4     3.73832  -99307.22970    -928.10495   26.66667   0.73616   39.53163    0.73616    39.53163
S  rroi       102     1     0.98039      -5.86292      -0.05748    6.66667   0.46996   25.23639    0.46996    25.23639
S  rrri        90     2     2.22222      -2.00000      -0.02222   13.33333   0.47490   25.50204    0.47490    25.50204
S  SUM/AVG    599    15     2.50417 -198680.18525    -331.68645   20.00000   1.85324   99.51824    1.85324    99.51824

T best solution: EADARPSolution(t_routing=849.494, t_excess=215.148, obj_val=690.907, obj_val_valid=true,
    unserved_requests=Int64[], F_visited=[126, 122, 127, 124, 123, 128, 125], S_visited=[129, 131, 130],
    (1, ([115, 52, 108, 7, 63, 28, 84, 29, 20, 85, 76, 122], Float64[], Int64[]))
    (2, ([116, 38, 94, 15, 3, 71, 59, 44, 37, 100, 93, 35, 91, 130, 27, 83, 4, 33, 60, 89, 24, 80, 123], [71.09763834649442], [14]))
    (3, ([117, 30, 86, 5, 43, 99, 61, 51, 107, 42, 23, 79, 98, 21, 77, 124], Float64[], Int64[]))
    (4, ([118, 50, 45, 101, 106, 40, 96, 9, 65, 36, 92, 39, 13, 95, 69, 16, 72, 54, 34, 110, 90, 1, 57, 129, 125], [107.0339149192298], [24]))
    (5, ([119, 48, 104, 2, 26, 58, 82, 6, 25, 62, 81, 10, 12, 17, 73, 66, 68, 126], Float64[], Int64[]))
    (6, ([120, 56, 11, 67, 112, 46, 49, 102, 105, 8, 64, 14, 70, 47, 32, 53, 103, 88, 109, 131, 31, 87, 127], [104.95941404374749], [20]))
    (7, ([121, 55, 111, 41, 97, 18, 74, 22, 78, 19, 75, 128], Float64[], Int64[])))

T best obj: 690.907377030586
T best iteration: 159
T total iterations: 300
T best time [s]: 1.675
T total time [s]: 1.8622
