EADARP version 585c-dirty
ARGS: --ifile=EADARP/instances/l1/a7-56.txt --infeasible_arcs=EADARP/infeasible_arcs --gamma=0.7 --only_single_s_visits=false --odir=EADARP/out/a7-56 --oname=run49
Settings:
--alns_gamma=0.025
--alns_segment_size=100
--alns_sigma1=10
--alns_sigma2=9
--alns_sigma3=3
--at_most_one_s=false
--gamma=0.7
--ifile=EADARP/instances/l1/a7-56.txt
--infeasible_arcs=EADARP/infeasible_arcs
--insert_charging_otf=true
--insert_cost_noise=0.014
--lns_init_temp_factor=0.0
--lns_temp_dec_factor=0.99
--mh_checkit=false
--mh_lfreq=0
--mh_lnewinc=true
--mh_tciter=-1
--mh_tctime=-1.0
--mh_titer=30000
--mh_tobj=-1.0
--mh_ttime=-1.0
--odir=EADARP/out/a7-56
--oname=run49
--only_single_s_visits=false
--repair_max_routes=0
--seed=1836349245
--use_milp_in_otf=0
--xcheck_isfeasible=false

EADARPInstance(EADARP/instances/l1/a7-56.txt, n=56, n_K=7, S=[129, 130, 131], Q=14.85, n_F=7, γ=0.7, T_plan=480.0, F=[122, 123, 124, 125, 126, 127, 128])

T preprocessing time [s]: 1.67195
I       iter             best          obj_old          obj_new        time              method info
I          1        804.64593     100056.00000        804.64593      0.1705                 con 
I          2        775.68464        804.64593        775.68464      0.2181        drrr_15+rroi 
I          3        758.80284        775.68464        758.80284      0.2446        drrr_15+rroi 
I          5        737.27205        758.80284        737.27205      0.3149        drrr_15+rrri 
I          7        730.48981        737.27205        730.48981      0.3700         drrr_15+rrg 
I          8        705.45446        730.48981        705.45446      0.4132        drrr_15+rrri 
I          9        696.32465        705.45446        696.32465      0.4362         drrr_15+rrg 
I         10        688.19383        696.32465        688.19383      0.4570         drrr_15+rrg 
I         16        686.48304        688.19383        686.48304      0.5829        drrr_15+rrri 
I         24        685.37676        686.48304        685.37676      0.7027        drrr_15+rroi 
I         34        676.05450        685.37676        676.05450      0.8313         drrr_15+rrg 
I         36        675.26324        676.05450        675.26324      0.8621        drrr_15+rroi 
I         40        675.08963        675.26324        675.08963      0.9250        drrr_15+rroi 
I         42        665.34460        675.08963        665.34460      0.9495        drrr_15+rrri 
I         52        660.60321        665.34460        660.60321      1.0079         drrr_15+rrg 
I         55        652.95031        660.60321        652.95031      1.0202         drrr_15+rrg 
I         66        649.36335        652.95031        649.36335      1.0495        drrr_15+rroi 
I         84        646.45096        649.36335        646.45096      1.0998        drrr_15+rroi 
I         86        646.10047        646.45096        646.10047      1.1209        drrr_15+rroi 
I         88        645.21865        646.10047        645.21865      1.1294         drrr_15+rrg 
I        134        643.92026        645.21865        643.92026      1.2329        drrr_15+rroi 
I        160        643.01299        643.92026        643.01299      1.2653         drrr_15+rrg 
I        275        641.16912        643.01299        641.16912      1.4938        drrr_15+rrri 
I        312        640.03883        641.16912        640.03883      1.5667        drrr_15+rrri 
I        360        639.92886        640.03883        639.92886      1.6334        drrr_15+rroi 
I        374        636.43072        639.92886        636.43072      1.6927         drrr_15+rrg 
I       1585        636.10527        636.43072        636.10527      2.7205        drrr_15+rroi 
I       1937        635.86256        636.10527        635.86256      2.9530        drrr_15+rroi 
I       1946        633.75220        635.86256        633.75220      3.0095         drrr_15+rrg 
I       2039        633.68913        633.75220        633.68913      3.3073         drrr_15+rrg 
I       2232        633.64749        633.68913        633.64749      3.5588        drrr_15+rroi 
I       2356        630.93215        633.64749        630.93215      3.6739        drrr_15+rrri 
I       3848        630.17629        630.93215        630.17629      4.7500        drrr_15+rrri 
I       3858        630.17053        630.17629        630.17053      4.7526        drrr_15+rrri 
I       3861        627.03043        630.17053        627.03043      4.7531        drrr_15+rrri 
I       3866        626.96736        627.03043        626.96736      4.7546         drrr_15+rrg 
I       4393        625.32580        626.96736        625.32580      5.0013         drrr_15+rrg 
I      30000        625.32580        625.32580        645.98031     13.9006         drrr_15+rrg 

Method statistics
S  method    iter  succ  succ-rate%  tot-obj-gain  avg-obj-gain  rel-succ%  net-time  net-time%  brut-time  brut-time%
S  con          1     1   100.00000  -99251.35407  -99251.35407    1.36986   0.17047    1.22637    0.17047     1.22637
S  drrr_15  29999    36     0.12000    -179.32013      -0.00598   49.31507   0.25964    1.86784    0.25964     1.86784
S  rrg      10026    13     0.12966     -54.92469      -0.00548   17.80822   5.51227   39.65470    5.51227    39.65470
S  rroi      9995    13     0.13007     -56.78225      -0.00568   17.80822   3.39906   24.45245    3.39906    24.45245
S  rrri      9978    10     0.10022     -67.61319      -0.00678   13.69863   4.49385   32.32832    4.49385    32.32832
S  SUM/AVG  59999    73     0.12167  -99609.99433      -1.66019   20.00000  13.83530   99.52967   13.83530    99.52967

T best solution: EADARPSolution(t_routing=761.409, t_excess=217.076, obj_val=625.326, obj_val_valid=true,
    unserved_requests=Int64[], F_visited=[123, 125, 122, 128, 124, 127, 126], S_visited=Int64[],
    (1, ([115, 50, 45, 101, 106, 52, 108, 7, 63, 42, 23, 79, 98, 21, 77, 129, 122], [2.5425527821117813], [16]))
    (2, ([116, 15, 3, 71, 59, 16, 72, 51, 107, 26, 2, 82, 58, 29, 20, 85, 76, 129, 123], [20.04854978944802], [18]))
    (3, ([117, 48, 104, 44, 37, 100, 93, 18, 74, 47, 32, 53, 103, 88, 109, 33, 89, 31, 87, 129, 124], [42.646772380517945], [20]))
    (4, ([118, 38, 55, 94, 111, 46, 49, 102, 105, 8, 64, 14, 70, 1, 4, 60, 57, 129, 125], [43.673006605762154], [18]))
    (5, ([119, 56, 11, 67, 112, 41, 97, 35, 91, 130, 54, 22, 110, 78, 25, 81, 10, 12, 17, 73, 66, 68, 126], [46.940157491714615], [10]))
    (6, ([120, 30, 86, 5, 43, 99, 61, 34, 90, 28, 84, 131, 6, 62, 19, 75, 127], [19.243064555678366], [12]))
    (7, ([121, 40, 96, 9, 65, 36, 92, 39, 13, 95, 69, 27, 83, 24, 80, 129, 128], [19.315095734672642], [16])))

T best obj: 625.3258002841468
T best iteration: 4393
T total iterations: 30000
T best time [s]: 5.001
T total time [s]: 13.9007
