EADARP version 585c-dirty
ARGS: --ifile=EADARP/instances/l1/a7-56.txt --infeasible_arcs=EADARP/infeasible_arcs --gamma=0.7 --only_single_s_visits=false --odir=EADARP/out/a7-56 --oname=run57
Settings:
--alns_gamma=0.025
--alns_segment_size=100
--alns_sigma1=10
--alns_sigma2=9
--alns_sigma3=3
--at_most_one_s=false
--gamma=0.7
--ifile=EADARP/instances/l1/a7-56.txt
--infeasible_arcs=EADARP/infeasible_arcs
--insert_charging_otf=true
--insert_cost_noise=0.014
--lns_init_temp_factor=0.0
--lns_temp_dec_factor=0.99
--mh_checkit=false
--mh_lfreq=0
--mh_lnewinc=true
--mh_tciter=-1
--mh_tctime=-1.0
--mh_titer=30000
--mh_tobj=-1.0
--mh_ttime=-1.0
--odir=EADARP/out/a7-56
--oname=run57
--only_single_s_visits=false
--repair_max_routes=0
--seed=178631954
--use_milp_in_otf=0
--xcheck_isfeasible=false

EADARPInstance(EADARP/instances/l1/a7-56.txt, n=56, n_K=7, S=[129, 130, 131], Q=14.85, n_F=7, γ=0.7, T_plan=480.0, F=[122, 123, 124, 125, 126, 127, 128])

T preprocessing time [s]: 1.66452
I       iter             best          obj_old          obj_new        time              method info
I          1        804.64593     100056.00000        804.64593      0.1517                 con 
I          2        782.64453        804.64593        782.64453      0.2136        drrr_15+rroi 
I          3        781.17780        782.64453        781.17780      0.2461         drrr_15+rrg 
I          4        748.02079        781.17780        748.02079      0.2841        drrr_15+rroi 
I          5        739.49355        748.02079        739.49355      0.3250        drrr_15+rroi 
I          6        723.01807        739.49355        723.01807      0.3530         drrr_15+rrg 
I          7        709.17443        723.01807        709.17443      0.3754         drrr_15+rrg 
I          8        695.47782        709.17443        695.47782      0.4077        drrr_15+rroi 
I         10        687.89235        695.47782        687.89235      0.4487        drrr_15+rroi 
I         11        686.25926        687.89235        686.25926      0.4850        drrr_15+rroi 
I         13        683.69919        686.25926        683.69919      0.5341         drrr_15+rrg 
I         14        676.34449        683.69919        676.34449      0.5601         drrr_15+rrg 
I         23        667.75368        676.34449        667.75368      0.6917        drrr_15+rrri 
I         25        655.84199        667.75368        655.84199      0.7198         drrr_15+rrg 
I         26        653.19786        655.84199        653.19786      0.7479        drrr_15+rroi 
I         29        650.44017        653.19786        650.44017      0.7841         drrr_15+rrg 
I         39        646.83147        650.44017        646.83147      0.8521        drrr_15+rroi 
I         40        644.89240        646.83147        644.89240      0.8576         drrr_15+rrg 
I         46        644.54937        644.89240        644.54937      0.8723        drrr_15+rrri 
I         62        641.38437        644.54937        641.38437      0.9635        drrr_15+rroi 
I         93        637.45311        641.38437        637.45311      1.1484        drrr_15+rroi 
I         95        636.46206        637.45311        636.46206      1.1581        drrr_15+rroi 
I        100        634.67433        636.46206        634.67433      1.1729         drrr_15+rrg 
I        133        633.75710        634.67433        633.75710      1.2856         drrr_15+rrg 
I        155        632.77823        633.75710        632.77823      1.3565         drrr_15+rrg 
I        893        632.68206        632.77823        632.68206      2.2411        drrr_15+rrri 
I        928        632.65412        632.68206        632.65412      2.2751        drrr_15+rroi 
I        930        632.29300        632.65412        632.29300      2.2756        drrr_15+rroi 
I        952        631.80331        632.29300        631.80331      2.3012        drrr_15+rroi 
I       2458        630.04708        631.80331        630.04708      3.3203         drrr_15+rrg 
I       2469        628.71129        630.04708        628.71129      3.3269        drrr_15+rroi 
I       2795        627.77618        628.71129        627.77618      3.4952        drrr_15+rroi 
I       4991        626.33541        627.77618        626.33541      4.4863        drrr_15+rroi 
I       5003        625.94635        626.33541        625.94635      4.4948        drrr_15+rrri 
I      18486        624.21991        625.94635        624.21991      9.3285        drrr_15+rrri 
I      18503        624.21991        624.21991        624.21991      9.3487        drrr_15+rroi 
I      18617        623.19416        624.21991        623.19416      9.3935        drrr_15+rroi 
I      18628        623.19416        623.19416        623.19416      9.3963        drrr_15+rroi 
I      30000        623.19416        623.19416        623.19416     13.2917        drrr_15+rroi 

Method statistics
S  method    iter  succ  succ-rate%  tot-obj-gain  avg-obj-gain  rel-succ%  net-time  net-time%  brut-time  brut-time%
S  con          1     1   100.00000  -99251.35407  -99251.35407    1.33333   0.15169    1.14122    0.15169     1.14122
S  drrr_15  29999    37     0.12334    -181.45177      -0.00605   49.33333   0.25227    1.89792    0.25227     1.89792
S  rrg       9950    12     0.12060     -63.74913      -0.00641   16.00000   5.36802   40.38608    5.36802    40.38608
S  rroi      9996    20     0.20008    -106.55712      -0.01066   26.66667   3.32413   25.00896    3.32413    25.00896
S  rrri     10053     5     0.04974     -11.14552      -0.00111    6.66667   4.11655   30.97071    4.11655    30.97071
S  SUM/AVG  59999    75     0.12500  -99614.25761      -1.66027   20.00000  13.21265   99.40489   13.21265    99.40489

T best solution: EADARPSolution(t_routing=772.803, t_excess=174.367, obj_val=623.194, obj_val_valid=true,
    unserved_requests=Int64[], F_visited=[123, 122, 128, 125, 124, 127, 126], S_visited=Int64[],
    (1, ([115, 40, 96, 9, 65, 36, 92, 39, 13, 95, 69, 27, 83, 24, 80, 129, 122], [19.315095734672642], [16]))
    (2, ([116, 30, 86, 5, 43, 99, 61, 32, 88, 26, 2, 82, 58, 25, 81, 10, 66, 129, 123], [19.169745862820132], [18]))
    (3, ([117, 48, 104, 56, 11, 67, 112, 46, 49, 102, 105, 8, 64, 14, 70, 1, 4, 60, 57, 129, 124], [60.64372337880375], [20]))
    (4, ([118, 38, 55, 94, 111, 41, 97, 35, 91, 54, 22, 110, 78, 29, 20, 85, 76, 129, 125], [21.940211077479983], [18]))
    (5, ([119, 15, 3, 71, 59, 44, 37, 100, 93, 18, 74, 47, 103, 53, 109, 131, 33, 89, 31, 87, 17, 12, 73, 68, 126], [73.71430692184211], [16]))
    (6, ([120, 16, 72, 51, 34, 107, 90, 28, 84, 6, 62, 19, 75, 129, 127], [8.477438993714223], [14]))
    (7, ([121, 50, 45, 101, 106, 52, 108, 7, 63, 42, 23, 79, 98, 21, 77, 129, 128], [2.5425527821117813], [16])))

T best obj: 623.1941576945236
T best iteration: 18628
T total iterations: 30000
T best time [s]: 9.396
T total time [s]: 13.2918
