EADARP version 585c-dirty
ARGS: --ifile=EADARP/instances/l1/a7-56.txt --infeasible_arcs=EADARP/infeasible_arcs --gamma=0.7 --only_single_s_visits=false --odir=EADARP/out/a7-56 --oname=run59
Settings:
--alns_gamma=0.025
--alns_segment_size=100
--alns_sigma1=10
--alns_sigma2=9
--alns_sigma3=3
--at_most_one_s=false
--gamma=0.7
--ifile=EADARP/instances/l1/a7-56.txt
--infeasible_arcs=EADARP/infeasible_arcs
--insert_charging_otf=true
--insert_cost_noise=0.014
--lns_init_temp_factor=0.0
--lns_temp_dec_factor=0.99
--mh_checkit=false
--mh_lfreq=0
--mh_lnewinc=true
--mh_tciter=-1
--mh_tctime=-1.0
--mh_titer=30000
--mh_tobj=-1.0
--mh_ttime=-1.0
--odir=EADARP/out/a7-56
--oname=run59
--only_single_s_visits=false
--repair_max_routes=0
--seed=1736894288
--use_milp_in_otf=0
--xcheck_isfeasible=false

EADARPInstance(EADARP/instances/l1/a7-56.txt, n=56, n_K=7, S=[129, 130, 131], Q=14.85, n_F=7, γ=0.7, T_plan=480.0, F=[122, 123, 124, 125, 126, 127, 128])

T preprocessing time [s]: 1.7458
I       iter             best          obj_old          obj_new        time              method info
I          1        778.43426     100056.00000        778.43426      0.1529                 con 
I          2        757.70048        778.43426        757.70048      0.1994         drrr_15+rrg 
I          3        722.40077        757.70048        722.40077      0.2232        drrr_15+rrri 
I          6        719.68211        722.40077        719.68211      0.3131        drrr_15+rroi 
I         10        716.35687        719.68211        716.35687      0.4447        drrr_15+rroi 
I         11        713.08431        716.35687        713.08431      0.4675        drrr_15+rrri 
I         13        699.63981        713.08431        699.63981      0.5255        drrr_15+rrri 
I         14        698.29785        699.63981        698.29785      0.5797        drrr_15+rrri 
I         15        690.17578        698.29785        690.17578      0.6089         drrr_15+rrg 
I         19        685.49575        690.17578        685.49575      0.7369        drrr_15+rrri 
I         21        671.59577        685.49575        671.59577      0.7655        drrr_15+rroi 
I         22        652.72675        671.59577        652.72675      0.7751        drrr_15+rroi 
I         27        647.53602        652.72675        647.53602      0.8624        drrr_15+rroi 
I         31        643.95438        647.53602        643.95438      0.9001         drrr_15+rrg 
I         54        642.96073        643.95438        642.96073      1.0371        drrr_15+rrri 
I         70        642.87932        642.96073        642.87932      1.0931        drrr_15+rroi 
I         87        641.94074        642.87932        641.94074      1.1426         drrr_15+rrg 
I        114        641.85933        641.94074        641.85933      1.2017        drrr_15+rroi 
I        181        641.57426        641.85933        641.57426      1.3663        drrr_15+rrri 
I        201        641.07875        641.57426        641.07875      1.3964         drrr_15+rrg 
I        211        640.13164        641.07875        640.13164      1.4163         drrr_15+rrg 
I        213        635.98143        640.13164        635.98143      1.4240        drrr_15+rrri 
I        217        635.05942        635.98143        635.05942      1.4320        drrr_15+rroi 
I        287        634.91860        635.05942        634.91860      1.5755         drrr_15+rrg 
I        344        633.49632        634.91860        633.49632      1.7022         drrr_15+rrg 
I        379        632.30056        633.49632        632.30056      1.7578        drrr_15+rrri 
I        409        631.75197        632.30056        631.75197      1.8014         drrr_15+rrg 
I        582        631.42693        631.75197        631.42693      2.0685         drrr_15+rrg 
I        678        630.11552        631.42693        630.11552      2.2701        drrr_15+rrri 
I       3790        629.70343        630.11552        629.70343      4.1990        drrr_15+rroi 
I       4384        628.12687        629.70343        628.12687      4.5099        drrr_15+rroi 
I       5365        627.55695        628.12687        627.55695      4.9813         drrr_15+rrg 
I      10185        627.28275        627.55695        627.28275      6.8993        drrr_15+rrri 
I      10187        619.41741        627.28275        619.41741      6.9002         drrr_15+rrg 
I      10358        618.83846        619.41741        618.83846      7.0095        drrr_15+rrri 
I      10541        617.90336        618.83846        617.90336      7.1276         drrr_15+rrg 
I      30000        617.90336        617.90336        617.90336     13.7829        drrr_15+rroi 

Method statistics
S  method    iter  succ  succ-rate%  tot-obj-gain  avg-obj-gain  rel-succ%  net-time  net-time%  brut-time  brut-time%
S  con          1     1   100.00000  -99277.56574  -99277.56574    1.40845   0.15286    1.10905    0.15286     1.10905
S  drrr_15  29999    35     0.11667    -160.53090      -0.00535   49.29577   0.25974    1.88451    0.25974     1.88451
S  rrg       9950    13     0.13065     -46.62577      -0.00469   18.30986   5.58136   40.49465    5.58136    40.49465
S  rroi     10096    10     0.09905     -47.07712      -0.00466   14.08451   3.14278   22.80195    3.14278    22.80195
S  rrri      9953    12     0.12057     -66.82801      -0.00671   16.90141   4.57383   33.18464    4.57383    33.18464
S  SUM/AVG  59999    71     0.11834  -99598.62755      -1.66000   20.00000  13.71057   99.47479   13.71057    99.47479

T best solution: EADARPSolution(t_routing=766.478, t_excess=172.18, obj_val=617.903, obj_val_valid=true,
    unserved_requests=Int64[], F_visited=[122, 125, 123, 128, 124, 126, 127], S_visited=Int64[],
    (1, ([115, 56, 11, 67, 112, 41, 97, 18, 74, 47, 103, 53, 51, 107, 109, 33, 89, 31, 87, 129, 122], [43.22536625749959], [20]))
    (2, ([116, 38, 55, 94, 111, 46, 49, 102, 105, 8, 64, 129, 16, 72, 34, 90, 28, 84, 6, 62, 19, 75, 123], [58.87002201349972], [12]))
    (3, ([117, 48, 104, 39, 95, 54, 22, 110, 78, 25, 81, 10, 12, 17, 73, 66, 68, 129, 124], [12.683843930718908], [18]))
    (4, ([118, 30, 86, 5, 43, 99, 61, 14, 70, 1, 4, 60, 57, 129, 125], [12.588720003650975], [14]))
    (5, ([119, 15, 3, 71, 59, 44, 37, 100, 93, 35, 91, 32, 88, 42, 23, 79, 98, 21, 77, 129, 126], [30.975055236845765], [20]))
    (6, ([120, 40, 96, 9, 65, 36, 92, 13, 69, 27, 83, 24, 80, 129, 127], [14.787607229639962], [14]))
    (7, ([121, 50, 45, 101, 106, 52, 108, 7, 63, 131, 26, 2, 82, 58, 29, 20, 85, 76, 128], [26.347227108316535], [10])))

T best obj: 617.903355825063
T best iteration: 10541
T total iterations: 30000
T best time [s]: 7.128
T total time [s]: 13.7830
