EADARP version 585c-dirty
ARGS: --ifile=EADARP/instances/l1/a7-56.txt --infeasible_arcs=EADARP/infeasible_arcs --gamma=0.7 --only_single_s_visits=false --odir=EADARP/out/a7-56 --oname=run67
Settings:
--alns_gamma=0.025
--alns_segment_size=100
--alns_sigma1=10
--alns_sigma2=9
--alns_sigma3=3
--at_most_one_s=false
--gamma=0.7
--ifile=EADARP/instances/l1/a7-56.txt
--infeasible_arcs=EADARP/infeasible_arcs
--insert_charging_otf=true
--insert_cost_noise=0.014
--lns_init_temp_factor=0.0
--lns_temp_dec_factor=0.99
--mh_checkit=false
--mh_lfreq=0
--mh_lnewinc=true
--mh_tciter=-1
--mh_tctime=-1.0
--mh_titer=30000
--mh_tobj=-1.0
--mh_ttime=-1.0
--odir=EADARP/out/a7-56
--oname=run67
--only_single_s_visits=false
--repair_max_routes=0
--seed=855186290
--use_milp_in_otf=0
--xcheck_isfeasible=false

EADARPInstance(EADARP/instances/l1/a7-56.txt, n=56, n_K=7, S=[129, 130, 131], Q=14.85, n_F=7, γ=0.7, T_plan=480.0, F=[122, 123, 124, 125, 126, 127, 128])

T preprocessing time [s]: 1.63321
I       iter             best          obj_old          obj_new        time              method info
I          1        754.92693     100056.00000        754.92693      0.1487                 con 
I          2        721.56837        754.92693        721.56837      0.2285         drrr_15+rrg 
I          3        717.37234        721.56837        717.37234      0.2577        drrr_15+rrri 
I          7        715.85841        717.37234        715.85841      0.3740        drrr_15+rroi 
I         10        707.13668        715.85841        707.13668      0.4420        drrr_15+rroi 
I         11        704.05744        707.13668        704.05744      0.4586        drrr_15+rroi 
I         12        699.45564        704.05744        699.45564      0.4677        drrr_15+rroi 
I         14        696.30955        699.45564        696.30955      0.4894        drrr_15+rroi 
I         15        689.61975        696.30955        689.61975      0.5277         drrr_15+rrg 
I         16        686.99655        689.61975        686.99655      0.5495        drrr_15+rroi 
I         22        683.86481        686.99655        683.86481      0.6673        drrr_15+rrri 
I         23        673.75667        683.86481        673.75667      0.6845         drrr_15+rrg 
I         35        668.52302        673.75667        668.52302      0.8100        drrr_15+rroi 
I         54        666.33805        668.52302        666.33805      0.9105        drrr_15+rroi 
I         55        664.26692        666.33805        664.26692      0.9136         drrr_15+rrg 
I         63        664.18096        664.26692        664.18096      0.9559         drrr_15+rrg 
I         71        654.93946        664.18096        654.93946      0.9864        drrr_15+rroi 
I         72        653.76035        654.93946        653.76035      1.0067        drrr_15+rroi 
I         76        649.74763        653.76035        649.74763      1.0369        drrr_15+rroi 
I         78        647.99957        649.74763        647.99957      1.0446        drrr_15+rroi 
I         80        646.23099        647.99957        646.23099      1.0605         drrr_15+rrg 
I         85        643.85674        646.23099        643.85674      1.0937         drrr_15+rrg 
I         87        643.36479        643.85674        643.36479      1.1003         drrr_15+rrg 
I        126        643.17588        643.36479        643.17588      1.1995        drrr_15+rroi 
I        165        642.26861        643.17588        642.26861      1.2549         drrr_15+rrg 
I        173        642.07681        642.26861        642.07681      1.2713        drrr_15+rroi 
I        859        641.34315        642.07681        641.34315      2.1200        drrr_15+rroi 
I        879        641.28008        641.34315        641.28008      2.1291        drrr_15+rrri 
I        880        640.81331        641.28008        640.81331      2.1293        drrr_15+rroi 
I        917        639.69264        640.81331        639.69264      2.1647        drrr_15+rrri 
I        925        637.39875        639.69264        637.39875      2.1714         drrr_15+rrg 
I        933        635.08835        637.39875        635.08835      2.1799        drrr_15+rrri 
I        993        634.59867        635.08835        634.59867      2.2806        drrr_15+rrri 
I       1197        634.01972        634.59867        634.01972      2.5170        drrr_15+rrri 
I       1768        633.39083        634.01972        633.39083      3.0120        drrr_15+rrri 
I       1770        632.87260        633.39083        632.87260      3.0126         drrr_15+rrg 
I       1772        632.45943        632.87260        632.45943      3.0133         drrr_15+rrg 
I       1799        629.67731        632.45943        629.67731      3.0357        drrr_15+rroi 
I       1993        629.09836        629.67731        629.09836      3.2041        drrr_15+rrri 
I       2544        628.42111        629.09836        628.42111      3.5083        drrr_15+rrri 
I       2563        628.33548        628.42111        628.33548      3.5230        drrr_15+rroi 
I      23161        627.47405        628.33548        627.47405     11.1721        drrr_15+rrri 
I      23166        626.48300        627.47405        626.48300     11.1736        drrr_15+rrri 
I      23181        626.18653        626.48300        626.18653     11.1873        drrr_15+rrri 
I      23185        623.09265        626.18653        623.09265     11.1883        drrr_15+rrri 
I      23235        622.08929        623.09265        622.08929     11.2038        drrr_15+rroi 
I      23278        621.58825        622.08929        621.58825     11.2156        drrr_15+rrri 
I      23282        621.15308        621.58825        621.15308     11.2167        drrr_15+rroi 
I      30000        621.15308        621.15308        622.22795     13.5456         drrr_15+rrg 

Method statistics
S  method    iter  succ  succ-rate%  tot-obj-gain  avg-obj-gain  rel-succ%  net-time  net-time%  brut-time  brut-time%
S  con          1     1   100.00000  -99301.07307  -99301.07307    1.05263   0.14863    1.09723    0.14863     1.09723
S  drrr_15  29999    47     0.15667    -133.77385      -0.00446   49.47368   0.28111    2.07527    0.28111     2.07527
S  rrg      10001    12     0.11999     -61.08093      -0.00611   12.63158   5.60641   41.38899    5.60641    41.38899
S  rroi     10080    20     0.19841     -53.17342      -0.00528   21.05263   3.18916   23.54380    3.18916    23.54380
S  rrri      9918    15     0.15124     -19.51951      -0.00197   15.78947   4.25888   31.44091    4.25888    31.44091
S  SUM/AVG  59999    95     0.15834  -99568.62078      -1.65950   20.00000  13.48420   99.54619   13.48420    99.54619

T best solution: EADARPSolution(t_routing=770.811, t_excess=172.18, obj_val=621.153, obj_val_valid=true,
    unserved_requests=Int64[], F_visited=[123, 126, 124, 125, 127, 122, 128], S_visited=Int64[],
    (1, ([115, 48, 104, 39, 95, 47, 103, 53, 51, 107, 109, 28, 84, 131, 6, 62, 19, 75, 122], [19.364435375050444], [14]))
    (2, ([116, 30, 86, 5, 43, 99, 61, 14, 70, 7, 63, 42, 23, 79, 98, 21, 77, 129, 123], [34.150769500177866], [18]))
    (3, ([117, 15, 3, 71, 59, 44, 37, 100, 93, 18, 74, 130, 54, 22, 110, 78, 25, 81, 10, 12, 17, 73, 66, 68, 124], [61.062976960291344], [12]))
    (4, ([118, 40, 96, 9, 65, 36, 92, 13, 69, 27, 83, 1, 4, 60, 57, 129, 125], [14.823245005278645], [16]))
    (5, ([119, 38, 55, 94, 111, 46, 49, 102, 105, 8, 64, 16, 72, 34, 90, 33, 89, 31, 87, 129, 126], [45.261693460396174], [20]))
    (6, ([120, 50, 45, 101, 106, 52, 108, 24, 80, 29, 20, 85, 76, 129, 127], [17.16622332030724], [14]))
    (7, ([121, 56, 11, 67, 112, 41, 97, 35, 91, 32, 88, 26, 2, 82, 58, 129, 128], [11.981458005468424], [16])))

T best obj: 621.153075710162
T best iteration: 23282
T total iterations: 30000
T best time [s]: 11.217
T total time [s]: 13.5457
