EADARP version 585c-dirty
ARGS: --ifile=EADARP/instances/l1/a7-56.txt --infeasible_arcs=EADARP/infeasible_arcs --gamma=0.7 --only_single_s_visits=false --odir=EADARP/out/a7-56 --oname=run71
Settings:
--alns_gamma=0.025
--alns_segment_size=100
--alns_sigma1=10
--alns_sigma2=9
--alns_sigma3=3
--at_most_one_s=false
--gamma=0.7
--ifile=EADARP/instances/l1/a7-56.txt
--infeasible_arcs=EADARP/infeasible_arcs
--insert_charging_otf=true
--insert_cost_noise=0.014
--lns_init_temp_factor=0.0
--lns_temp_dec_factor=0.99
--mh_checkit=false
--mh_lfreq=0
--mh_lnewinc=true
--mh_tciter=-1
--mh_tctime=-1.0
--mh_titer=30000
--mh_tobj=-1.0
--mh_ttime=-1.0
--odir=EADARP/out/a7-56
--oname=run71
--only_single_s_visits=false
--repair_max_routes=0
--seed=983772885
--use_milp_in_otf=0
--xcheck_isfeasible=false

EADARPInstance(EADARP/instances/l1/a7-56.txt, n=56, n_K=7, S=[129, 130, 131], Q=14.85, n_F=7, γ=0.7, T_plan=480.0, F=[122, 123, 124, 125, 126, 127, 128])

T preprocessing time [s]: 1.6797
I       iter             best          obj_old          obj_new        time              method info
I          1        794.44278     100056.00000        794.44278      0.1578                 con 
I          2        763.56867        794.44278        763.56867      0.1966        drrr_15+rroi 
I          3        750.89076        763.56867        750.89076      0.2456         drrr_15+rrg 
I          4        741.36520        750.89076        741.36520      0.2850         drrr_15+rrg 
I          5        719.08436        741.36520        719.08436      0.3056        drrr_15+rrri 
I          6        711.16177        719.08436        711.16177      0.3238        drrr_15+rrri 
I          7        698.44552        711.16177        698.44552      0.3948         drrr_15+rrg 
I          8        697.37514        698.44552        697.37514      0.4074         drrr_15+rrg 
I          9        674.84489        697.37514        674.84489      0.4278         drrr_15+rrg 
I         11        670.35634        674.84489        670.35634      0.4445         drrr_15+rrg 
I         13        665.44528        670.35634        665.44528      0.4776        drrr_15+rroi 
I         14        656.04097        665.44528        656.04097      0.5041        drrr_15+rrri 
I         21        654.73422        656.04097        654.73422      0.7001         drrr_15+rrg 
I         32        643.68957        654.73422        643.68957      0.8181        drrr_15+rrri 
I         46        642.04666        643.68957        642.04666      0.8688         drrr_15+rrg 
I        101        641.98200        642.04666        641.98200      1.0663         drrr_15+rrg 
I        495        639.93947        641.98200        639.93947      1.7202        drrr_15+rrri 
I        762        639.65652        639.93947        639.65652      2.1503        drrr_15+rrri 
I        998        639.47150        639.65652        639.47150      2.3319        drrr_15+rrri 
I       1492        638.18845        639.47150        638.18845      2.8606        drrr_15+rrri 
I       1522        637.87542        638.18845        637.87542      2.8874        drrr_15+rrri 
I       1524        637.70607        637.87542        637.70607      2.8893        drrr_15+rrri 
I       1892        637.21706        637.70607        637.21706      3.1494        drrr_15+rrri 
I       6681        635.30382        637.21706        635.30382      5.3994        drrr_15+rrri 
I       7891        635.11880        635.30382        635.11880      5.8758        drrr_15+rrri 
I      13974        634.79367        635.11880        634.79367      8.0943        drrr_15+rrri 
I      13976        633.72316        634.79367        633.72316      8.0950        drrr_15+rroi 
I      13977        632.28232        633.72316        632.28232      8.0952        drrr_15+rrri 
I      14003        631.89325        632.28232        631.89325      8.1083        drrr_15+rrri 
I      14005        631.10887        631.89325        631.10887      8.1087        drrr_15+rroi 
I      25481        630.94766        631.10887        630.94766     12.5024        drrr_15+rrri 
I      25491        630.40777        630.94766        630.40777     12.5061         drrr_15+rrg 
I      25494        629.82456        630.40777        629.82456     12.5067        drrr_15+rroi 
I      25507        627.77848        629.82456        627.77848     12.5127        drrr_15+rrri 
I      25585        627.69872        627.77848        627.69872     12.5387        drrr_15+rrri 
I      30000        627.69872        627.69872        637.19065     14.0997         drrr_15+rrg 

Method statistics
S  method    iter  succ  succ-rate%  tot-obj-gain  avg-obj-gain  rel-succ%  net-time  net-time%  brut-time  brut-time%
S  con          1     1   100.00000  -99261.55722  -99261.55722    1.44928   0.15777    1.11893    0.15777     1.11893
S  drrr_15  29999    34     0.11334    -166.74406      -0.00556   49.27536   0.28855    2.04647    0.28855     2.04647
S  rrg      10064    10     0.09936     -66.56312      -0.00661   14.49275   5.84387   41.44665    5.84387    41.44665
S  rroi     10105     5     0.04948     -38.22328      -0.00378    7.24638   3.03056   21.49376    3.03056    21.49376
S  rrri      9830    19     0.19329     -61.95767      -0.00630   27.53623   4.71986   33.47483    4.71986    33.47483
S  SUM/AVG  59999    69     0.11500  -99595.04534      -1.65995   20.00000  14.04061   99.58066   14.04061    99.58066

T best solution: EADARPSolution(t_routing=779.629, t_excess=171.909, obj_val=627.699, obj_val_valid=true,
    unserved_requests=Int64[], F_visited=[128, 127, 122, 123, 125, 126, 124], S_visited=Int64[],
    (1, ([115, 38, 55, 94, 111, 46, 49, 102, 105, 8, 64, 129, 16, 72, 21, 77, 6, 25, 62, 81, 10, 12, 17, 73, 66, 68, 122], [50.26403644083395], [12]))
    (2, ([116, 9, 65, 36, 92, 39, 95, 47, 103, 53, 51, 107, 109, 26, 82, 129, 123], [4.637039717633067], [16]))
    (3, ([117, 30, 86, 14, 70, 7, 63, 131, 33, 89, 24, 80, 29, 20, 85, 76, 129, 124], [62.42235221433111, 4.766936017526695], [8, 17]))
    (4, ([118, 48, 104, 56, 11, 67, 112, 41, 97, 18, 74, 27, 83, 1, 4, 60, 57, 129, 125], [14.93750742259007], [18]))
    (5, ([119, 15, 3, 71, 59, 44, 37, 100, 93, 35, 91, 54, 34, 110, 90, 28, 84, 129, 126], [20.172238155466164], [18]))
    (6, ([120, 40, 96, 5, 43, 99, 61, 32, 88, 42, 23, 79, 98, 31, 87, 129, 127], [20.96990334757533], [16]))
    (7, ([121, 50, 45, 101, 106, 52, 108, 131, 13, 69, 22, 2, 58, 78, 19, 75, 128], [34.458744025790125], [8])))

T best obj: 627.6987199582823
T best iteration: 25585
T total iterations: 30000
T best time [s]: 12.539
T total time [s]: 14.0997
