EADARP version 2def-dirty
ARGS: --ifile=EADARP/instances/l1/a7-56.txt --odir=EADARP/out/a7-56 --oname=run78
Settings:
--alns_gamma=0.025
--alns_segment_size=100
--alns_sigma1=10
--alns_sigma2=9
--alns_sigma3=3
--at_most_one_s=false
--gamma=-1.0
--ifile=EADARP/instances/l1/a7-56.txt
--insert_charging_otf=true
--insert_cost_noise=0.014
--lns_init_temp_factor=0.0
--lns_temp_dec_factor=0.99
--mh_checkit=false
--mh_lfreq=0
--mh_lnewinc=true
--mh_tciter=-1
--mh_tctime=-1.0
--mh_titer=300
--mh_tobj=-1.0
--mh_ttime=-1.0
--odir=EADARP/out/a7-56
--oname=run78
--only_single_s_visits=true
--repair_max_routes=0
--seed=1414852975
--use_milp_in_otf=0
--xcheck_isfeasible=false

EADARPInstance(EADARP/instances/l1/a7-56.txt, n=56, n_K=7, S=[129, 130, 131], Q=14.85, n_F=7, γ=0.7, T_plan=480.0, F=[122, 123, 124, 125, 126, 127, 128])

T preprocessing time [s]: 1.54181
I       iter             best          obj_old          obj_new        time              method info
I          1     100007.00000     100056.00000     100007.00000      0.1722                 con 
I          2     100004.00000     100007.00000     100004.00000      0.2327         drrr_15+rrg 
I         10     100003.00000     100004.00000     100003.00000      0.5198        drrr_15+rroi 
I         23     100002.00000     100003.00000     100002.00000      0.7767        drrr_15+rrri 
I         25     100001.00000     100002.00000     100001.00000      0.8551        drrr_15+rroi 
I        300     100001.00000     100001.00000     100002.00000      2.3518        drrr_15+rrri 

Method statistics
S  method    iter  succ  succ-rate%  tot-obj-gain  avg-obj-gain  rel-succ%  net-time  net-time%  brut-time  brut-time%
S  con          1     1   100.00000     -49.00000     -49.00000   11.11111   0.17218    7.32133    0.17218     7.32133
S  drrr_15    299     4     1.33779      -6.00000      -0.02007   44.44444   0.00356    0.15143    0.00356     0.15143
S  rrg        103     1     0.97087      -3.00000      -0.02913   11.11111   0.92155   39.18476    0.92155    39.18476
S  rroi       108     2     1.85185      -2.00000      -0.01852   22.22222   0.66678   28.35177    0.66678    28.35177
S  rrri        88     1     1.13636      -1.00000      -0.01136   11.11111   0.58633   24.93079    0.58633    24.93079
S  SUM/AVG    599     9     1.50250     -61.00000      -0.10184   20.00000   2.35040   99.94008    2.35040    99.94008

T best solution: EADARPSolution(t_routing=-1.0, t_excess=-1.0, obj_val=100001.0, obj_val_valid=true,
    unserved_requests=[19], F_visited=[125, 124, 128, 122, 123, 126, 127], S_visited=[131, 130, 129],
    (1, ([115, 38, 55, 94, 111, 41, 97, 46, 49, 102, 105, 14, 70, 47, 103, 53, 51, 107, 109, 129, 31, 87, 12, 68, 122], [104.16399181515257], [20]))
    (2, ([116, 40, 96, 5, 43, 99, 61, 35, 91, 32, 88, 26, 82, 123], Float64[], Int64[]))
    (3, ([117, 30, 86, 9, 65, 33, 89, 24, 80, 124], Float64[], Int64[]))
    (4, ([118, 11, 67, 16, 72, 2, 58, 29, 20, 85, 76, 125], Float64[], Int64[]))
    (5, ([119, 56, 112, 15, 3, 71, 59, 44, 37, 100, 93, 18, 74, 52, 108, 7, 63, 23, 42, 79, 34, 98, 90, 28, 84, 131, 126], [85.29428892825514], [26]))
    (6, ([120, 50, 45, 101, 106, 36, 8, 92, 64, 39, 13, 95, 69, 54, 22, 110, 78, 21, 77, 6, 62, 130, 127], [81.48531925129986], [22]))
    (7, ([121, 48, 104, 27, 83, 1, 4, 60, 57, 25, 81, 10, 17, 73, 66, 128], Float64[], Int64[])))

T best obj: 100001.0
T best iteration: 25
T total iterations: 300
T best time [s]: 0.855
T total time [s]: 2.3518
