EADARP version 2def-dirty
ARGS: --ifile=EADARP/instances/l1/a7-56.txt --odir=EADARP/out/a7-56 --oname=run74
Settings:
--alns_gamma=0.025
--alns_segment_size=100
--alns_sigma1=10
--alns_sigma2=9
--alns_sigma3=3
--at_most_one_s=false
--gamma=-1.0
--ifile=EADARP/instances/l1/a7-56.txt
--insert_charging_otf=true
--insert_cost_noise=0.014
--lns_init_temp_factor=0.0
--lns_temp_dec_factor=0.99
--mh_checkit=false
--mh_lfreq=0
--mh_lnewinc=true
--mh_tciter=-1
--mh_tctime=-1.0
--mh_titer=300
--mh_tobj=-1.0
--mh_ttime=-1.0
--odir=EADARP/out/a7-56
--oname=run74
--only_single_s_visits=true
--repair_max_routes=0
--seed=431979682
--use_milp_in_otf=0
--xcheck_isfeasible=false

EADARPInstance(EADARP/instances/l1/a7-56.txt, n=56, n_K=7, S=[129, 130, 131], Q=14.85, n_F=7, γ=0.7, T_plan=480.0, F=[122, 123, 124, 125, 126, 127, 128])

T preprocessing time [s]: 1.52151
I       iter             best          obj_old          obj_new        time              method info
I          1     100006.00000     100056.00000     100006.00000      0.1716                 con 
I          7     100005.00000     100006.00000     100005.00000      0.3556        drrr_15+rroi 
I         13     100004.00000     100005.00000     100004.00000      0.5780        drrr_15+rrri 
I         30     100003.00000     100004.00000     100003.00000      0.9155        drrr_15+rrri 
I         78     100002.00000     100003.00000     100002.00000      1.2432        drrr_15+rroi 
I        146     100001.00000     100002.00000     100001.00000      1.6330        drrr_15+rrri 
I        300     100001.00000     100001.00000     100003.00000      2.0185         drrr_15+rrg 

Method statistics
S  method    iter  succ  succ-rate%  tot-obj-gain  avg-obj-gain  rel-succ%  net-time  net-time%  brut-time  brut-time%
S  con          1     1   100.00000     -50.00000     -50.00000    9.09091   0.17158    8.50017    0.17158     8.50017
S  drrr_15    299     5     1.67224      -5.00000      -0.01672   45.45455   0.00347    0.17198    0.00347     0.17198
S  rrg         85     0     0.00000       0.00000       0.00000    0.00000   0.48376   23.96616    0.48376    23.96616
S  rroi        99     2     2.02020      -2.00000      -0.02020   18.18182   0.55705   27.59709    0.55705    27.59709
S  rrri       115     3     2.60870      -3.00000      -0.02609   27.27273   0.80137   39.70092    0.80137    39.70092
S  SUM/AVG    599    11     1.83639     -60.00000      -0.10017   20.00000   2.01723   99.93632    2.01723    99.93632

T best solution: EADARPSolution(t_routing=-1.0, t_excess=-1.0, obj_val=100001.0, obj_val_valid=true,
    unserved_requests=[24], F_visited=[122, 125, 128, 123, 124, 126, 127], S_visited=[131, 129, 130],
    (1, ([115, 5, 43, 99, 61, 16, 72, 25, 81, 10, 12, 66, 68, 122], Float64[], Int64[]))
    (2, ([116, 50, 45, 48, 104, 106, 101, 3, 59, 44, 37, 100, 93, 18, 74, 52, 108, 7, 63, 42, 23, 79, 98, 130, 17, 73, 19, 75, 123], [101.94221527149625], [24]))
    (3, ([117, 56, 11, 67, 112, 15, 71, 49, 46, 102, 105, 8, 64, 14, 70, 47, 103, 13, 69, 27, 83, 1, 4, 60, 57, 129, 124], [125.82134984829015], [26]))
    (4, ([118, 40, 96, 9, 65, 36, 92, 131, 39, 95, 54, 22, 110, 78, 29, 20, 85, 76, 125], [40.630100807162364], [8]))
    (5, ([119, 30, 86, 34, 90, 33, 89, 31, 87, 126], Float64[], Int64[]))
    (6, ([120, 38, 94, 41, 97, 35, 91, 32, 53, 88, 109, 28, 84, 127], Float64[], Int64[]))
    (7, ([121, 55, 111, 51, 107, 26, 2, 82, 58, 21, 77, 6, 62, 128], Float64[], Int64[])))

T best obj: 100001.0
T best iteration: 146
T total iterations: 300
T best time [s]: 1.633
T total time [s]: 2.0185
