EADARP version 585c-dirty
ARGS: --ifile=EADARP/instances/l1/a7-56.txt --infeasible_arcs=EADARP/infeasible_arcs --gamma=0.7 --only_single_s_visits=false --odir=EADARP/out/a7-56 --oname=run80
Settings:
--alns_gamma=0.025
--alns_segment_size=100
--alns_sigma1=10
--alns_sigma2=9
--alns_sigma3=3
--at_most_one_s=false
--gamma=0.7
--ifile=EADARP/instances/l1/a7-56.txt
--infeasible_arcs=EADARP/infeasible_arcs
--insert_charging_otf=true
--insert_cost_noise=0.014
--lns_init_temp_factor=0.0
--lns_temp_dec_factor=0.99
--mh_checkit=false
--mh_lfreq=0
--mh_lnewinc=true
--mh_tciter=-1
--mh_tctime=-1.0
--mh_titer=30000
--mh_tobj=-1.0
--mh_ttime=-1.0
--odir=EADARP/out/a7-56
--oname=run80
--only_single_s_visits=false
--repair_max_routes=0
--seed=999211561
--use_milp_in_otf=0
--xcheck_isfeasible=false

EADARPInstance(EADARP/instances/l1/a7-56.txt, n=56, n_K=7, S=[129, 130, 131], Q=14.85, n_F=7, γ=0.7, T_plan=480.0, F=[122, 123, 124, 125, 126, 127, 128])

T preprocessing time [s]: 1.69837
I       iter             best          obj_old          obj_new        time              method info
I          1        760.14508     100056.00000        760.14508      0.1511                 con 
I          2        734.07627        760.14508        734.07627      0.2029        drrr_15+rroi 
I          4        720.23231        734.07627        720.23231      0.3063        drrr_15+rrri 
I          5        696.06919        720.23231        696.06919      0.3535        drrr_15+rroi 
I          7        683.02013        696.06919        683.02013      0.4259         drrr_15+rrg 
I          8        680.89623        683.02013        680.89623      0.4573        drrr_15+rrri 
I         10        678.33947        680.89623        678.33947      0.5158        drrr_15+rroi 
I         11        675.85258        678.33947        675.85258      0.5459        drrr_15+rroi 
I         12        672.76244        675.85258        672.76244      0.5875         drrr_15+rrg 
I         14        669.15522        672.76244        669.15522      0.6316        drrr_15+rrri 
I         18        665.26307        669.15522        665.26307      0.7213         drrr_15+rrg 
I         28        662.76859        665.26307        662.76859      0.8268        drrr_15+rrri 
I         29        661.28358        662.76859        661.28358      0.8363        drrr_15+rroi 
I         30        654.82659        661.28358        654.82659      0.8530         drrr_15+rrg 
I         39        652.88922        654.82659        652.88922      0.9383        drrr_15+rroi 
I         42        648.83726        652.88922        648.83726      0.9641        drrr_15+rroi 
I         59        644.88912        648.83726        644.88912      1.0382        drrr_15+rrri 
I        107        643.18310        644.88912        643.18310      1.2041        drrr_15+rroi 
I       2318        642.19033        643.18310        642.19033      3.1742        drrr_15+rrri 
I       2400        641.71260        642.19033        641.71260      3.2336         drrr_15+rrg 
I       2474        641.67002        641.71260        641.67002      3.2662        drrr_15+rroi 
I       2481        638.33526        641.67002        638.33526      3.2868         drrr_15+rrg 
I       2485        638.16660        638.33526        638.16660      3.2878        drrr_15+rroi 
I       5918        637.97583        638.16660        637.97583      4.8397        drrr_15+rrri 
I       6944        637.59892        637.97583        637.59892      5.3722         drrr_15+rrg 
I       6963        636.40316        637.59892        636.40316      5.3923        drrr_15+rrri 
I       8980        635.48764        636.40316        635.48764      6.2212         drrr_15+rrg 
I      10192        635.24619        635.48764        635.24619      6.7712        drrr_15+rroi 
I      14306        635.16820        635.24619        635.16820      8.3523        drrr_15+rroi 
I      30000        635.16820        635.16820        635.16820     13.7056         drrr_15+rrg 

Method statistics
S  method    iter  succ  succ-rate%  tot-obj-gain  avg-obj-gain  rel-succ%  net-time  net-time%  brut-time  brut-time%
S  con          1     1   100.00000  -99295.85492  -99295.85492    1.75439   0.15112    1.10264    0.15112     1.10264
S  drrr_15  29999    28     0.09334    -124.97689      -0.00417   49.12281   0.26758    1.95231    0.26758     1.95231
S  rrg       9979     8     0.08017     -31.59327      -0.00317   14.03509   5.69057   41.52003    5.69057    41.52003
S  rroi      9945    12     0.12066     -64.98662      -0.00653   21.05263   3.01595   22.00523    3.01595    22.00523
S  rrri     10075     8     0.07940     -28.39700      -0.00282   14.03509   4.52222   32.99542    4.52222    32.99542
S  SUM/AVG  59999    57     0.09500  -99545.80869      -1.65912   20.00000  13.64744   99.57563   13.64744    99.57563

T best solution: EADARPSolution(t_routing=778.116, t_excess=206.324, obj_val=635.168, obj_val_valid=true,
    unserved_requests=Int64[], F_visited=[122, 125, 126, 128, 123, 127, 124], S_visited=Int64[],
    (1, ([115, 48, 104, 39, 95, 54, 22, 110, 78, 19, 75, 122], Float64[], Int64[]))
    (2, ([116, 50, 45, 101, 106, 37, 93, 18, 74, 35, 91, 32, 88, 26, 2, 82, 58, 129, 123], [33.95405974608846], [18]))
    (3, ([117, 9, 8, 36, 65, 92, 64, 16, 72, 21, 77, 124], Float64[], Int64[]))
    (4, ([118, 30, 86, 34, 90, 28, 84, 131, 6, 25, 62, 81, 10, 12, 17, 73, 66, 68, 125], [16.847671837596742], [8]))
    (5, ([119, 56, 11, 67, 112, 41, 97, 46, 49, 102, 105, 131, 13, 69, 27, 83, 1, 4, 60, 57, 29, 20, 85, 76, 129, 126], [71.8165003714044, 7.481522546470387], [12, 25]))
    (6, ([120, 38, 55, 94, 111, 15, 3, 71, 59, 44, 100, 52, 108, 7, 63, 42, 23, 79, 98, 31, 87, 129, 127], [42.65719060002879], [22]))
    (7, ([121, 40, 96, 5, 43, 99, 61, 14, 70, 47, 103, 53, 51, 107, 109, 33, 89, 24, 80, 129, 128], [74.83961594165201], [20])))

T best obj: 635.1681958609802
T best iteration: 14306
T total iterations: 30000
T best time [s]: 8.352
T total time [s]: 13.7056
