EADARP version 585c-dirty
ARGS: --ifile=EADARP/instances/l1/a7-56.txt --infeasible_arcs=EADARP/infeasible_arcs --gamma=0.7 --only_single_s_visits=false --odir=EADARP/out/a7-56 --oname=run88
Settings:
--alns_gamma=0.025
--alns_segment_size=100
--alns_sigma1=10
--alns_sigma2=9
--alns_sigma3=3
--at_most_one_s=false
--gamma=0.7
--ifile=EADARP/instances/l1/a7-56.txt
--infeasible_arcs=EADARP/infeasible_arcs
--insert_charging_otf=true
--insert_cost_noise=0.014
--lns_init_temp_factor=0.0
--lns_temp_dec_factor=0.99
--mh_checkit=false
--mh_lfreq=0
--mh_lnewinc=true
--mh_tciter=-1
--mh_tctime=-1.0
--mh_titer=30000
--mh_tobj=-1.0
--mh_ttime=-1.0
--odir=EADARP/out/a7-56
--oname=run88
--only_single_s_visits=false
--repair_max_routes=0
--seed=636170223
--use_milp_in_otf=0
--xcheck_isfeasible=false

EADARPInstance(EADARP/instances/l1/a7-56.txt, n=56, n_K=7, S=[129, 130, 131], Q=14.85, n_F=7, γ=0.7, T_plan=480.0, F=[122, 123, 124, 125, 126, 127, 128])

T preprocessing time [s]: 1.61357
I       iter             best          obj_old          obj_new        time              method info
I          1        801.57367     100056.00000        801.57367      0.1387                 con 
I          2        781.28598        801.57367        781.28598      0.2020         drrr_15+rrg 
I          3        778.57437        781.28598        778.57437      0.2266         drrr_15+rrg 
I          4        749.10539        778.57437        749.10539      0.2680         drrr_15+rrg 
I          6        731.93993        749.10539        731.93993      0.3712         drrr_15+rrg 
I          7        706.83562        731.93993        706.83562      0.3903        drrr_15+rrri 
I          8        702.04527        706.83562        702.04527      0.4066        drrr_15+rrri 
I         11        698.20480        702.04527        698.20480      0.4821        drrr_15+rrri 
I         12        694.26290        698.20480        694.26290      0.5084         drrr_15+rrg 
I         15        692.51607        694.26290        692.51607      0.5619         drrr_15+rrg 
I         18        683.43435        692.51607        683.43435      0.6143         drrr_15+rrg 
I         19        667.48414        683.43435        667.48414      0.6326        drrr_15+rrri 
I         24        666.36852        667.48414        666.36852      0.6826        drrr_15+rroi 
I         30        663.02288        666.36852        663.02288      0.7564        drrr_15+rroi 
I         36        658.87309        663.02288        658.87309      0.7841        drrr_15+rrri 
I         44        656.38027        658.87309        656.38027      0.8345        drrr_15+rrri 
I         53        656.09105        656.38027        656.09105      0.9056         drrr_15+rrg 
I         55        650.49878        656.09105        650.49878      0.9101        drrr_15+rroi 
I         72        649.97997        650.49878        649.97997      0.9801         drrr_15+rrg 
I        102        646.22081        649.97997        646.22081      1.0856        drrr_15+rrri 
I        105        645.10574        646.22081        645.10574      1.1011        drrr_15+rroi 
I        120        638.19215        645.10574        638.19215      1.1551        drrr_15+rrri 
I        129        636.08952        638.19215        636.08952      1.1975        drrr_15+rrri 
I        132        635.58370        636.08952        635.58370      1.2066        drrr_15+rroi 
I        138        635.50245        635.58370        635.50245      1.2325        drrr_15+rrri 
I        144        635.09058        635.50245        635.09058      1.2741        drrr_15+rroi 
I        162        635.02752        635.09058        635.02752      1.3222         drrr_15+rrg 
I        166        633.39156        635.02752        633.39156      1.3346        drrr_15+rroi 
I        168        631.68873        633.39156        631.68873      1.3436        drrr_15+rroi 
I        169        630.48823        631.68873        630.48823      1.3464        drrr_15+rrri 
I        218        629.80030        630.48823        629.80030      1.4275        drrr_15+rrri 
I        823        629.08522        629.80030        629.08522      2.2334        drrr_15+rrri 
I        837        627.84154        629.08522        627.84154      2.2408        drrr_15+rroi 
I        912        627.77728        627.84154        627.77728      2.3028        drrr_15+rroi 
I       2359        626.88598        627.77728        626.88598      3.3052        drrr_15+rrri 
I       2466        624.94619        626.88598        624.94619      3.3744         drrr_15+rrg 
I       4519        624.87020        624.94619        624.87020      4.5008        drrr_15+rroi 
I       4538        623.98487        624.87020        623.98487      4.5058        drrr_15+rroi 
I       4557        622.07043        623.98487        622.07043      4.5161        drrr_15+rrri 
I      18198        621.71316        622.07043        621.71316      9.7416        drrr_15+rroi 
I      30000        621.71316        621.71316        623.02110     13.7017        drrr_15+rrri 

Method statistics
S  method    iter  succ  succ-rate%  tot-obj-gain  avg-obj-gain  rel-succ%  net-time  net-time%  brut-time  brut-time%
S  con          1     1   100.00000  -99254.42633  -99254.42633    1.26582   0.13864    1.01181    0.13864     1.01181
S  drrr_15  29999    39     0.13000    -179.86050      -0.00600   49.36709   0.24815    1.81106    0.24815     1.81106
S  rrg      10003    11     0.10997     -87.21507      -0.00872   13.92405   5.90183   43.07348    5.90183    43.07348
S  rroi      9822    13     0.13236     -18.05158      -0.00184   16.45570   3.03493   22.14989    3.03493    22.14989
S  rrri     10174    15     0.14743     -74.59384      -0.00733   18.98734   4.31849   31.51777    4.31849    31.51777
S  SUM/AVG  59999    79     0.13167  -99614.14734      -1.66026   20.00000  13.64203   99.56401   13.64203    99.56401

T best solution: EADARPSolution(t_routing=771.558, t_excess=172.18, obj_val=621.713, obj_val_valid=true,
    unserved_requests=Int64[], F_visited=[122, 126, 128, 127, 123, 125, 124], S_visited=Int64[],
    (1, ([115, 48, 104, 13, 69, 27, 83, 24, 80, 29, 20, 85, 76, 129, 122], [12.946696749547213], [14]))
    (2, ([116, 38, 55, 94, 111, 41, 97, 35, 91, 32, 88, 26, 2, 82, 58, 123], Float64[], Int64[]))
    (3, ([117, 56, 11, 67, 112, 5, 43, 99, 61, 14, 70, 1, 4, 60, 57, 129, 124], [33.71091950907105], [16]))
    (4, ([118, 30, 86, 46, 49, 102, 105, 8, 64, 16, 72, 34, 90, 33, 89, 31, 87, 129, 125], [39.87617629700414], [18]))
    (5, ([119, 50, 45, 101, 106, 52, 108, 7, 63, 42, 23, 79, 98, 21, 77, 129, 126], [2.5425527821117813], [16]))
    (6, ([120, 15, 3, 71, 59, 44, 37, 100, 93, 18, 74, 130, 54, 22, 110, 78, 25, 81, 10, 12, 17, 73, 66, 68, 127], [61.062976960291344], [12]))
    (7, ([121, 40, 96, 9, 65, 36, 92, 39, 95, 47, 103, 53, 51, 107, 109, 131, 28, 84, 6, 62, 19, 75, 128], [54.97317555847629], [16])))

T best obj: 621.7131643555127
T best iteration: 18198
T total iterations: 30000
T best time [s]: 9.742
T total time [s]: 13.7018
