EADARP version 585c-dirty
ARGS: --ifile=EADARP/instances/l1/a7-56.txt --infeasible_arcs=EADARP/infeasible_arcs --gamma=0.7 --only_single_s_visits=false --odir=EADARP/out/a7-56 --oname=run89
Settings:
--alns_gamma=0.025
--alns_segment_size=100
--alns_sigma1=10
--alns_sigma2=9
--alns_sigma3=3
--at_most_one_s=false
--gamma=0.7
--ifile=EADARP/instances/l1/a7-56.txt
--infeasible_arcs=EADARP/infeasible_arcs
--insert_charging_otf=true
--insert_cost_noise=0.014
--lns_init_temp_factor=0.0
--lns_temp_dec_factor=0.99
--mh_checkit=false
--mh_lfreq=0
--mh_lnewinc=true
--mh_tciter=-1
--mh_tctime=-1.0
--mh_titer=30000
--mh_tobj=-1.0
--mh_ttime=-1.0
--odir=EADARP/out/a7-56
--oname=run89
--only_single_s_visits=false
--repair_max_routes=0
--seed=592168005
--use_milp_in_otf=0
--xcheck_isfeasible=false

EADARPInstance(EADARP/instances/l1/a7-56.txt, n=56, n_K=7, S=[129, 130, 131], Q=14.85, n_F=7, γ=0.7, T_plan=480.0, F=[122, 123, 124, 125, 126, 127, 128])

T preprocessing time [s]: 1.62588
I       iter             best          obj_old          obj_new        time              method info
I          1        767.58885     100056.00000        767.58885      0.1555                 con 
I          2        752.86107        767.58885        752.86107      0.2008        drrr_15+rroi 
I          5        740.99849        752.86107        740.99849      0.3288        drrr_15+rroi 
I          7        727.25180        740.99849        727.25180      0.4287        drrr_15+rrri 
I         10        707.34320        727.25180        707.34320      0.4719        drrr_15+rroi 
I         12        704.27170        707.34320        704.27170      0.5119        drrr_15+rroi 
I         13        701.85020        704.27170        701.85020      0.5214        drrr_15+rroi 
I         15        699.61735        701.85020        699.61735      0.5599        drrr_15+rrri 
I         17        698.59240        699.61735        698.59240      0.5831         drrr_15+rrg 
I         19        695.85855        698.59240        695.85855      0.6000        drrr_15+rroi 
I         20        681.81392        695.85855        681.81392      0.6174        drrr_15+rroi 
I         21        681.75794        681.81392        681.75794      0.6348         drrr_15+rrg 
I         22        673.86790        681.75794        673.86790      0.6773        drrr_15+rrri 
I         23        670.18682        673.86790        670.18682      0.6981         drrr_15+rrg 
I         27        669.16510        670.18682        669.16510      0.7464        drrr_15+rrri 
I         32        668.87096        669.16510        668.87096      0.8119        drrr_15+rrri 
I         33        663.06280        668.87096        663.06280      0.8360        drrr_15+rrri 
I         54        662.75371        663.06280        662.75371      0.9601        drrr_15+rroi 
I         55        658.77307        662.75371        658.77307      0.9604        drrr_15+rroi 
I         59        657.22735        658.77307        657.22735      0.9840         drrr_15+rrg 
I         74        655.61495        657.22735        655.61495      1.0295        drrr_15+rroi 
I         76        655.46271        655.61495        655.46271      1.0380        drrr_15+rrri 
I         77        655.13801        655.46271        655.13801      1.0405        drrr_15+rroi 
I         81        653.45263        655.13801        653.45263      1.0580         drrr_15+rrg 
I         82        651.70365        653.45263        651.70365      1.0608        drrr_15+rroi 
I         86        651.37895        651.70365        651.37895      1.0773         drrr_15+rrg 
I         89        650.59074        651.37895        650.59074      1.0910        drrr_15+rroi 
I         90        649.02059        650.59074        649.02059      1.0912        drrr_15+rrri 
I         96        644.03627        649.02059        644.03627      1.1027        drrr_15+rrri 
I        114        643.52226        644.03627        643.52226      1.1762        drrr_15+rroi 
I        117        643.22999        643.52226        643.22999      1.1789         drrr_15+rrg 
I        122        642.11979        643.22999        642.11979      1.1989        drrr_15+rrri 
I        128        641.18225        642.11979        641.18225      1.2095        drrr_15+rroi 
I        246        640.57907        641.18225        640.57907      1.4393        drrr_15+rroi 
I        270        640.26999        640.57907        640.26999      1.4987        drrr_15+rrri 
I        877        637.30351        640.26999        637.30351      2.0354        drrr_15+rroi 
I        945        636.78950        637.30351        636.78950      2.0630        drrr_15+rrri 
I       1131        636.59770        636.78950        636.59770      2.1787         drrr_15+rrg 
I       1201        636.48586        636.59770        636.48586      2.2376         drrr_15+rrg 
I       1215        635.50895        636.48586        635.50895      2.2669         drrr_15+rrg 
I       1221        633.67000        635.50895        633.67000      2.2688        drrr_15+rrri 
I       4089        632.87960        633.67000        632.87960      3.7464        drrr_15+rrri 
I       4226        631.10967        632.87960        631.10967      3.8180        drrr_15+rrri 
I       4245        630.66577        631.10967        630.66577      3.8228        drrr_15+rroi 
I       4263        630.65753        630.66577        630.65753      3.8293        drrr_15+rrri 
I       6688        630.44084        630.65753        630.44084      4.8536        drrr_15+rrri 
I       6733        630.30003        630.44084        630.30003      4.8804         drrr_15+rrg 
I       8023        629.59523        630.30003        629.59523      5.4888        drrr_15+rrri 
I      30000        629.59523        629.59523        642.54808     13.0034        drrr_15+rrri 

Method statistics
S  method    iter  succ  succ-rate%  tot-obj-gain  avg-obj-gain  rel-succ%  net-time  net-time%  brut-time  brut-time%
S  con          1     1   100.00000  -99288.41115  -99288.41115    1.05263   0.15547    1.19560    0.15547     1.19560
S  drrr_15  29999    47     0.15667    -137.99362      -0.00460   49.47368   0.27809    2.13860    0.27809     2.13860
S  rrg       9882    11     0.11131     -10.03144      -0.00102   11.57895   5.28929   40.67619    5.28929    40.67619
S  rroi     10115    18     0.17795     -82.99956      -0.00821   18.94737   3.23043   24.84300    3.23043    24.84300
S  rrri     10002    18     0.17996     -44.96262      -0.00450   18.94737   3.99019   30.68577    3.99019    30.68577
S  SUM/AVG  59999    95     0.15834  -99564.39839      -1.65943   20.00000  12.94348   99.53916   12.94348    99.53916

T best solution: EADARPSolution(t_routing=774.55, t_excess=194.73, obj_val=629.595, obj_val_valid=true,
    unserved_requests=Int64[], F_visited=[122, 123, 125, 126, 128, 127, 124], S_visited=Int64[],
    (1, ([115, 15, 3, 71, 59, 44, 37, 100, 93, 18, 74, 27, 83, 1, 4, 60, 57, 129, 122], [20.242392291863514], [18]))
    (2, ([116, 38, 55, 94, 111, 41, 97, 35, 91, 32, 88, 42, 23, 79, 98, 31, 87, 129, 123], [24.882475536039582], [18]))
    (3, ([117, 40, 96, 5, 43, 99, 61, 34, 90, 33, 89, 24, 80, 129, 124], [19.619907682210552], [14]))
    (4, ([118, 48, 104, 56, 11, 67, 112, 46, 49, 102, 105, 8, 64, 129, 16, 54, 72, 110, 29, 20, 85, 76, 125], [56.71883418139014], [14]))
    (5, ([119, 30, 86, 14, 70, 47, 103, 53, 51, 107, 109, 131, 28, 84, 6, 25, 62, 81, 10, 12, 17, 73, 66, 68, 129, 126], [60.191353040849435, 10.936294661865777], [12, 25]))
    (6, ([120, 9, 65, 36, 92, 131, 39, 13, 95, 69, 22, 2, 58, 78, 19, 75, 127], [25.938094727713484], [6]))
    (7, ([121, 50, 45, 101, 106, 52, 108, 7, 63, 26, 82, 21, 77, 128], Float64[], Int64[])))

T best obj: 629.5952314225368
T best iteration: 8023
T total iterations: 30000
T best time [s]: 5.489
T total time [s]: 13.0034
