EADARP version 2def-dirty
ARGS: --ifile=EADARP/instances/l1/a7-56.txt --odir=EADARP/out/a7-56 --oname=run98
Settings:
--alns_gamma=0.025
--alns_segment_size=100
--alns_sigma1=10
--alns_sigma2=9
--alns_sigma3=3
--at_most_one_s=false
--gamma=-1.0
--ifile=EADARP/instances/l1/a7-56.txt
--insert_charging_otf=true
--insert_cost_noise=0.014
--lns_init_temp_factor=0.0
--lns_temp_dec_factor=0.99
--mh_checkit=false
--mh_lfreq=0
--mh_lnewinc=true
--mh_tciter=-1
--mh_tctime=-1.0
--mh_titer=300
--mh_tobj=-1.0
--mh_ttime=-1.0
--odir=EADARP/out/a7-56
--oname=run98
--only_single_s_visits=true
--repair_max_routes=0
--seed=697065458
--use_milp_in_otf=0
--xcheck_isfeasible=false

EADARPInstance(EADARP/instances/l1/a7-56.txt, n=56, n_K=7, S=[129, 130, 131], Q=14.85, n_F=7, γ=0.7, T_plan=480.0, F=[122, 123, 124, 125, 126, 127, 128])

T preprocessing time [s]: 1.55981
I       iter             best          obj_old          obj_new        time              method info
I          1     100004.00000     100056.00000     100004.00000      0.1500                 con 
I          9     100003.00000     100004.00000     100003.00000      0.4711         drrr_15+rrg 
I         20     100002.00000     100003.00000     100002.00000      0.7120        drrr_15+rroi 
I         90     100001.00000     100002.00000     100001.00000      1.4644        drrr_15+rroi 
I        300     100001.00000     100001.00000     100002.00000      2.4611        drrr_15+rrri 

Method statistics
S  method    iter  succ  succ-rate%  tot-obj-gain  avg-obj-gain  rel-succ%  net-time  net-time%  brut-time  brut-time%
S  con          1     1   100.00000     -52.00000     -52.00000   14.28571   0.14995    6.09269    0.14995     6.09269
S  drrr_15    299     3     1.00334      -3.00000      -0.01003   42.85714   0.00362    0.14728    0.00362     0.14728
S  rrg         94     1     1.06383      -1.00000      -0.01064   14.28571   0.66235   26.91281    0.66235    26.91281
S  rroi       104     2     1.92308      -2.00000      -0.01923   28.57143   0.82897   33.68289    0.82897    33.68289
S  rrri       101     0     0.00000       0.00000       0.00000    0.00000   0.81489   33.11081    0.81489    33.11081
S  SUM/AVG    599     7     1.16861     -58.00000      -0.09683   20.00000   2.45978   99.94648    2.45978    99.94648

T best solution: EADARPSolution(t_routing=-1.0, t_excess=-1.0, obj_val=100001.0, obj_val_valid=true,
    unserved_requests=[22], F_visited=[122, 128, 126, 123, 125, 124, 127], S_visited=[131, 130, 129],
    (1, ([115, 50, 45, 101, 106, 3, 59, 30, 86, 41, 97, 46, 102, 35, 91, 47, 103, 129, 24, 80, 19, 75, 122], [110.66963559547523], [18]))
    (2, ([116, 48, 104, 44, 37, 100, 93, 18, 74, 16, 72, 51, 107, 21, 77, 123], Float64[], Int64[]))
    (3, ([117, 52, 108, 1, 6, 57, 62, 25, 81, 10, 66, 124], Float64[], Int64[]))
    (4, ([118, 38, 55, 94, 111, 15, 71, 49, 105, 8, 36, 92, 64, 14, 70, 13, 7, 69, 63, 42, 34, 98, 90, 28, 84, 131, 125], [126.89448026936073], [26]))
    (5, ([119, 40, 96, 9, 65, 27, 4, 83, 33, 60, 89, 126], Float64[], Int64[]))
    (6, ([120, 56, 11, 67, 112, 5, 43, 99, 61, 32, 53, 88, 109, 26, 23, 79, 82, 130, 31, 87, 17, 12, 73, 68, 127], [75.08469799982696], [18]))
    (7, ([121, 39, 95, 54, 2, 58, 110, 29, 20, 85, 76, 128], Float64[], Int64[])))

T best obj: 100001.0
T best iteration: 90
T total iterations: 300
T best time [s]: 1.464
T total time [s]: 2.4611
