EADARP version c9cc1-dirty
ARGS: ["--mh_ttime=900", "--mh_lfreq=1", "--only_single_s_visits=0", "--gamma=0.7", "--mh_checkit=true", "--ifile=EADARP/instances/l2/a240-4800.txt", "--odir=EADARP/out/l2-s0-g0.7", "--oname=a240-4800_42"]
Settings:
--alns_gamma=0.025
--alns_segment_size=100
--alns_sigma1=10
--alns_sigma2=9
--alns_sigma3=3
--at_most_one_s=false
--gamma=0.7
--ifile=EADARP/instances/l2/a240-4800.txt
--infeasible_arcs=EADARP/infeasible_arcs
--insert_charging_otf=true
--insert_cost_noise=0.014
--lns_init_temp_factor=0.0
--lns_temp_dec_factor=0.99
--log_all_sols_fname=
--mh_checkit=true
--mh_lfreq=1
--mh_lnewinc=true
--mh_tciter=-1
--mh_tctime=-1.0
--mh_titer=30000
--mh_tobj=-1.0
--mh_ttime=900.0
--odir=EADARP/out/l2-s0-g0.7
--oname=a240-4800_42
--only_single_s_visits=false
--repair_max_routes=0
--route_based_ops=0
--seed=118751365
--tightened_windows=EADARP/tightened_windows
--use_milp_in_otf=0
--xcheck_isfeasible=false

EADARPInstance(EADARP/instances/l2/a240-4800.txt, n=4800, n_K=240, S=[10083, 10084, 10085], Q=14.85, n_F=240, γ=0.7, T_plan=1200.0)

T preprocessing time [s]: 22.74731
I       iter             best          obj_old          obj_new        time              method info
I          1      46892.53785     104800.00000      46892.53785    751.4472                 con 
I          2      46877.41530      46892.53785      46877.41530    754.7667         drrr_15+rrg 
I          3      46873.29805      46877.41530      46873.29805    758.1505         drrr_15+rrg 
I          4      46846.18192      46873.29805      46846.18192    761.4194         drrr_15+rrg 
I          5      46817.23892      46846.18192      46817.23892    765.1628         drrr_15+rrg 
I          6      46801.14802      46817.23892      46801.14802    768.4477        drrr_15+rrri 
I          7      46788.30032      46801.14802      46788.30032    772.0447         drrr_15+rrg 
I          8      46761.87288      46788.30032      46761.87288    775.6410        drrr_15+rroi 
I          9      46761.87288      46761.87288      46769.48098    779.1622        drrr_15+rrri 
I         10      46730.52943      46761.87288      46730.52943    782.6565        drrr_15+rrri 
I         11      46718.77400      46730.52943      46718.77400    786.4584        drrr_15+rroi 
I         12      46718.77400      46718.77400      46718.84963    789.6955        drrr_15+rroi 
I         13      46714.15342      46718.77400      46714.15342    793.6441         drrr_15+rrg 
I         14      46694.63842      46714.15342      46694.63842    796.7228         drrr_15+rrg 
I         15      46691.33293      46694.63842      46691.33293    800.4981         drrr_15+rrg 
I         16      46674.91586      46691.33293      46674.91586    804.2897         drrr_15+rrg 
I         17      46651.04704      46674.91586      46651.04704    807.3649        drrr_15+rroi 
I         18      46638.81247      46651.04704      46638.81247    811.6652        drrr_15+rroi 
I         19      46620.54667      46638.81247      46620.54667    814.8733        drrr_15+rroi 
I         20      46603.02055      46620.54667      46603.02055    818.9955        drrr_15+rrri 
I         21      46603.02055      46603.02055      46609.53732    823.1382         drrr_15+rrg 
I         22      46574.99431      46603.02055      46574.99431    827.5126        drrr_15+rrri 
I         23      46574.99431      46574.99431      46579.12805    830.5212        drrr_15+rroi 
I         24      46564.21510      46574.99431      46564.21510    833.8039         drrr_15+rrg 
I         25      46562.77202      46564.21510      46562.77202    837.1370         drrr_15+rrg 
I         26      46560.36557      46562.77202      46560.36557    841.0537         drrr_15+rrg 
I         27      46553.85582      46560.36557      46553.85582    844.8569         drrr_15+rrg 
I         28      46532.68904      46553.85582      46532.68904    849.3314        drrr_15+rrri 
I         29      46525.63554      46532.68904      46525.63554    852.7535        drrr_15+rroi 
I         30      46490.56429      46525.63554      46490.56429    856.5252        drrr_15+rrri 
I         31      46470.08496      46490.56429      46470.08496    859.8966        drrr_15+rroi 
I         32      46461.43310      46470.08496      46461.43310    863.7093        drrr_15+rroi 
I         33      46428.15561      46461.43310      46428.15561    867.6446         drrr_15+rrg 
I         34      46412.72574      46428.15561      46412.72574    872.6541         drrr_15+rrg 
I         35      46412.72574      46412.72574      46423.74546    875.8103         drrr_15+rrg 
I         36      46404.83513      46412.72574      46404.83513    879.6936         drrr_15+rrg 
I         37      46387.87411      46404.83513      46387.87411    883.0450        drrr_15+rrri 
I         38      46364.16499      46387.87411      46364.16499    887.3590        drrr_15+rrri 
I         39      46354.09664      46364.16499      46354.09664    891.5225        drrr_15+rroi 
I         40      46340.70821      46354.09664      46340.70821    895.5223         drrr_15+rrg 
I         41      46319.40811      46340.70821      46319.40811    899.2800         drrr_15+rrg 
I         42      46311.70984      46319.40811      46311.70984    903.9946         drrr_15+rrg 

Method statistics
S  method    iter  succ  succ-rate%  tot-obj-gain  avg-obj-gain  rel-succ%  net-time  net-time%  brut-time  brut-time%
S  con          1     1   100.00000  -57907.46215  -57907.46215    1.36986 750.41354   83.01084  750.41354    83.01084
S  drrr_15     41    36    87.80488    -580.82801     -14.16654   49.31507   0.33022    0.03653    0.33022     0.03653
S  rrg         21    19    90.47619    -252.12804     -12.00610   26.02740  54.11351    5.98604   54.11351     5.98604
S  rroi        11     9    81.81818    -138.80510     -12.61865   12.32877  26.14060    2.89168   26.14060     2.89168
S  rrri         9     8    88.88889    -189.89487     -21.09943   10.95890  24.21253    2.67839   24.21253     2.67839
S  SUM/AVG     83    73    87.95181  -59069.11817    -711.67612   20.00000 855.21039   94.60348  855.21039    94.60348

T best solution: EADARPSolution(t_routing=52882.335, t_excess=26599.834, obj_val=46311.71, obj_val_valid=true,
    unserved_requests=Int64[])

T best obj: 46311.70983642481
T best iteration: 42
T total iterations: 42
T best time [s]: 903.994
T total time [s]: 903.9947
