EADARP version c9cc1-dirty
ARGS: ["--mh_ttime=900", "--mh_lfreq=1", "--only_single_s_visits=0", "--gamma=0.7", "--mh_checkit=true", "--ifile=EADARP/instances/l2/a240-4800.txt", "--odir=EADARP/out/l2-s0-g0.7", "--oname=a240-4800_24"]
Settings:
--alns_gamma=0.025
--alns_segment_size=100
--alns_sigma1=10
--alns_sigma2=9
--alns_sigma3=3
--at_most_one_s=false
--gamma=0.7
--ifile=EADARP/instances/l2/a240-4800.txt
--infeasible_arcs=EADARP/infeasible_arcs
--insert_charging_otf=true
--insert_cost_noise=0.014
--lns_init_temp_factor=0.0
--lns_temp_dec_factor=0.99
--log_all_sols_fname=
--mh_checkit=true
--mh_lfreq=1
--mh_lnewinc=true
--mh_tciter=-1
--mh_tctime=-1.0
--mh_titer=30000
--mh_tobj=-1.0
--mh_ttime=900.0
--odir=EADARP/out/l2-s0-g0.7
--oname=a240-4800_24
--only_single_s_visits=false
--repair_max_routes=0
--route_based_ops=0
--seed=1880426283
--tightened_windows=EADARP/tightened_windows
--use_milp_in_otf=0
--xcheck_isfeasible=false

EADARPInstance(EADARP/instances/l2/a240-4800.txt, n=4800, n_K=240, S=[10083, 10084, 10085], Q=14.85, n_F=240, γ=0.7, T_plan=1200.0)

T preprocessing time [s]: 24.83109
I       iter             best          obj_old          obj_new        time              method info
I          1      46412.70151     104800.00000      46412.70151    979.8386                 con 

Method statistics
S  method    iter  succ  succ-rate%  tot-obj-gain  avg-obj-gain  rel-succ%  net-time  net-time%  brut-time  brut-time%
S  con          1     1   100.00000  -58387.29849  -58387.29849  100.00000 978.57185   99.87071  978.57185    99.87071
S  drrr_15      0     0         NaN       0.00000           NaN    0.00000   0.00000    0.00000    0.00000     0.00000
S  rrg          0     0         NaN       0.00000           NaN    0.00000   0.00000    0.00000    0.00000     0.00000
S  rroi         0     0         NaN       0.00000           NaN    0.00000   0.00000    0.00000    0.00000     0.00000
S  rrri         0     0         NaN       0.00000           NaN    0.00000   0.00000    0.00000    0.00000     0.00000
S  SUM/AVG      1     1   100.00000  -58387.29849  -58387.29849   20.00000 978.57185   99.87071  978.57185    99.87071

T best solution: EADARPSolution(t_routing=52369.561, t_excess=28542.123, obj_val=46412.702, obj_val_valid=true,
    unserved_requests=Int64[])

T best obj: 46412.7015127595
T best iteration: 1
T total iterations: 1
T best time [s]: 978.572
T total time [s]: 979.8386
