EADARP version 585c-dirty
ARGS: --ifile=EADARP/instances/l1/a5-60.txt --infeasible_arcs=EADARP/infeasible_arcs --gamma=0.7 --only_single_s_visits=false --odir=EADARP/prunedArcs/a5-60 --oname=run15
Settings:
--alns_gamma=0.025
--alns_segment_size=100
--alns_sigma1=10
--alns_sigma2=9
--alns_sigma3=3
--at_most_one_s=false
--gamma=0.7
--ifile=EADARP/instances/l1/a5-60.txt
--infeasible_arcs=EADARP/infeasible_arcs
--insert_charging_otf=true
--insert_cost_noise=0.014
--lns_init_temp_factor=0.0
--lns_temp_dec_factor=0.99
--mh_checkit=false
--mh_lfreq=0
--mh_lnewinc=true
--mh_tciter=-1
--mh_tctime=-1.0
--mh_titer=30000
--mh_tobj=-1.0
--mh_ttime=-1.0
--odir=EADARP/prunedArcs/a5-60
--oname=run15
--only_single_s_visits=false
--repair_max_routes=0
--seed=1275365688
--use_milp_in_otf=0
--xcheck_isfeasible=false

EADARPInstance(EADARP/instances/l1/a5-60.txt, n=60, n_K=5, S=[133, 134, 135], Q=14.85, n_F=5, γ=0.7, T_plan=720.0, F=[128, 129, 130, 131, 132])

T preprocessing time [s]: 1.45886
I       iter             best          obj_old          obj_new        time              method info
I          1     100009.00000     100060.00000     100009.00000      0.1837                 con 
I          7     100008.00000     100009.00000     100008.00000      0.4401         drrr_15+rrg 
I          8     100007.00000     100008.00000     100007.00000      0.4927        drrr_15+rroi 
I         12     100006.00000     100007.00000     100006.00000      0.5630        drrr_15+rrri 
I         33     100005.00000     100006.00000     100005.00000      0.9042        drrr_15+rroi 
I         67     100004.00000     100005.00000     100004.00000      1.2062         drrr_15+rrg 
I        214     100003.00000     100004.00000     100003.00000      1.7078         drrr_15+rrg 
I       2325     100002.00000     100003.00000     100002.00000      3.2544        drrr_15+rrri 
I      30000     100002.00000     100002.00000     100003.00000      8.5677        drrr_15+rrri 

Method statistics
S  method    iter  succ  succ-rate%  tot-obj-gain  avg-obj-gain  rel-succ%  net-time  net-time%  brut-time  brut-time%
S  con          1     1   100.00000     -51.00000     -51.00000    6.66667   0.18372    2.14435    0.18372     2.14435
S  drrr_15  29999     7     0.02333      -7.00000      -0.00023   46.66667   0.28888    3.37165    0.28888     3.37165
S  rrg      10156     3     0.02954      -3.00000      -0.00030   20.00000   3.84473   44.87442    3.84473    44.87442
S  rroi      9957     2     0.02009      -2.00000      -0.00020   13.33333   1.76035   20.54620    1.76035    20.54620
S  rrri      9886     2     0.02023      -2.00000      -0.00020   13.33333   2.44483   28.53517    2.44483    28.53517
S  SUM/AVG  59999    15     0.02500     -65.00000      -0.00108   20.00000   8.52251   99.47180    8.52251    99.47180

T best solution: EADARPSolution(t_routing=-1.0, t_excess=-1.0, obj_val=100002.0, obj_val_valid=true,
    unserved_requests=[28, 37], F_visited=[131, 130, 128, 129, 132], S_visited=Int64[],
    (1, ([123, 40, 100, 21, 52, 112, 81, 30, 90, 23, 43, 83, 103, 1, 61, 59, 12, 119, 72, 60, 120, 42, 6, 102, 44, 66, 9, 104, 69, 133, 128], [169.7736080706102], [30]))
    (2, ([124, 7, 67, 56, 116, 45, 105, 11, 27, 71, 87, 34, 94, 133, 31, 36, 96, 91, 41, 101, 14, 19, 74, 79, 129], [82.50202756721595], [14]))
    (3, ([125, 24, 84, 134, 51, 111, 13, 73, 4, 64, 133, 15, 29, 75, 89, 10, 70, 50, 17, 77, 110, 18, 26, 86, 25, 78, 85, 133, 130], [15.067331502038115, 60.48692819779603, 57.441389167675766], [4, 11, 28]))
    (4, ([126, 49, 54, 109, 114, 2, 62, 39, 99, 3, 63, 53, 113, 46, 58, 118, 106, 35, 95, 133, 131], [82.69818269210772], [20]))
    (5, ([127, 38, 8, 68, 98, 20, 80, 16, 57, 76, 117, 55, 115, 135, 47, 107, 33, 32, 93, 92, 22, 82, 48, 108, 5, 65, 133, 132], [0.36807892011618626, 143.44618950085885], [14, 27])))

T best obj: 100002.0
T best iteration: 2325
T total iterations: 30000
T best time [s]: 3.254
T total time [s]: 8.5678
