EADARP version 585c-dirty
ARGS: --ifile=EADARP/instances/l1/a5-60.txt --infeasible_arcs=EADARP/infeasible_arcs --gamma=0.7 --only_single_s_visits=false --odir=EADARP/prunedArcs/a5-60 --oname=run24
Settings:
--alns_gamma=0.025
--alns_segment_size=100
--alns_sigma1=10
--alns_sigma2=9
--alns_sigma3=3
--at_most_one_s=false
--gamma=0.7
--ifile=EADARP/instances/l1/a5-60.txt
--infeasible_arcs=EADARP/infeasible_arcs
--insert_charging_otf=true
--insert_cost_noise=0.014
--lns_init_temp_factor=0.0
--lns_temp_dec_factor=0.99
--mh_checkit=false
--mh_lfreq=0
--mh_lnewinc=true
--mh_tciter=-1
--mh_tctime=-1.0
--mh_titer=30000
--mh_tobj=-1.0
--mh_ttime=-1.0
--odir=EADARP/prunedArcs/a5-60
--oname=run24
--only_single_s_visits=false
--repair_max_routes=0
--seed=1475997731
--use_milp_in_otf=0
--xcheck_isfeasible=false

EADARPInstance(EADARP/instances/l1/a5-60.txt, n=60, n_K=5, S=[133, 134, 135], Q=14.85, n_F=5, γ=0.7, T_plan=720.0, F=[128, 129, 130, 131, 132])

T preprocessing time [s]: 1.43963
I       iter             best          obj_old          obj_new        time              method info
I          1     100009.00000     100060.00000     100009.00000      0.1205                 con 
I          8     100008.00000     100009.00000     100008.00000      0.3367        drrr_15+rrri 
I         12     100007.00000     100008.00000     100007.00000      0.4780        drrr_15+rrri 
I         14     100006.00000     100007.00000     100006.00000      0.4990        drrr_15+rrri 
I         20     100005.00000     100006.00000     100005.00000      0.5821        drrr_15+rrri 
I         34     100004.00000     100005.00000     100004.00000      0.6808        drrr_15+rroi 
I        306     100003.00000     100004.00000     100003.00000      1.5246        drrr_15+rrri 
I        439     100002.00000     100003.00000     100002.00000      1.9175         drrr_15+rrg 
I      30000     100002.00000     100002.00000     100003.00000     10.4816        drrr_15+rrri 

Method statistics
S  method    iter  succ  succ-rate%  tot-obj-gain  avg-obj-gain  rel-succ%  net-time  net-time%  brut-time  brut-time%
S  con          1     1   100.00000     -51.00000     -51.00000    6.66667   0.12045    1.14911    0.12045     1.14911
S  drrr_15  29999     7     0.02333      -7.00000      -0.00023   46.66667   0.28046    2.67572    0.28046     2.67572
S  rrg       9942     1     0.01006      -1.00000      -0.00010    6.66667   4.46432   42.59207    4.46432    42.59207
S  rroi      9945     1     0.01006      -1.00000      -0.00010    6.66667   2.09961   20.03142    2.09961    20.03142
S  rrri     10112     5     0.04945      -5.00000      -0.00049   33.33333   3.46205   33.02985    3.46205    33.02985
S  SUM/AVG  59999    15     0.02500     -65.00000      -0.00108   20.00000  10.42689   99.47817   10.42689    99.47817

T best solution: EADARPSolution(t_routing=-1.0, t_excess=-1.0, obj_val=100002.0, obj_val_valid=true,
    unserved_requests=[35, 37], F_visited=[129, 131, 128, 132, 130], S_visited=Int64[],
    (1, ([123, 40, 100, 21, 52, 112, 81, 30, 90, 23, 43, 83, 54, 103, 114, 59, 12, 119, 72, 60, 120, 42, 6, 102, 44, 66, 9, 104, 69, 133, 128], [156.80102421318082], [30]))
    (2, ([124, 28, 88, 49, 109, 134, 1, 61, 7, 56, 116, 67, 3, 63, 34, 94, 48, 108, 31, 36, 96, 91, 46, 106, 133, 129], [2.4581768300548235, 119.00149506856314], [6, 25]))
    (3, ([125, 24, 84, 51, 111, 13, 73, 4, 64, 133, 15, 75, 10, 70, 50, 17, 110, 77, 18, 26, 86, 25, 78, 85, 133, 130], [61.54771947164694, 57.441389167675766], [10, 25]))
    (4, ([126, 38, 8, 68, 98, 20, 80, 16, 57, 76, 117, 55, 115, 47, 107, 33, 32, 93, 92, 22, 82, 5, 29, 89, 65, 133, 131], [126.85416686459106], [26]))
    (5, ([127, 2, 62, 39, 45, 105, 99, 11, 27, 71, 87, 53, 113, 133, 58, 41, 118, 101, 14, 74, 19, 79, 132], [93.2487344067442], [14])))

T best obj: 100002.0
T best iteration: 439
T total iterations: 30000
T best time [s]: 1.918
T total time [s]: 10.4816
