EADARP version 2def-dirty
ARGS: --ifile=EADARP/instances/l1/a8-64.txt --odir=EADARP/out/a8-64 --oname=run26
Settings:
--alns_gamma=0.025
--alns_segment_size=100
--alns_sigma1=10
--alns_sigma2=9
--alns_sigma3=3
--at_most_one_s=false
--gamma=-1.0
--ifile=EADARP/instances/l1/a8-64.txt
--insert_charging_otf=true
--insert_cost_noise=0.014
--lns_init_temp_factor=0.0
--lns_temp_dec_factor=0.99
--mh_checkit=false
--mh_lfreq=0
--mh_lnewinc=true
--mh_tciter=-1
--mh_tctime=-1.0
--mh_titer=300
--mh_tobj=-1.0
--mh_ttime=-1.0
--odir=EADARP/out/a8-64
--oname=run26
--only_single_s_visits=true
--repair_max_routes=0
--seed=851343624
--use_milp_in_otf=0
--xcheck_isfeasible=false

EADARPInstance(EADARP/instances/l1/a8-64.txt, n=64, n_K=8, S=[147, 148, 149], Q=14.85, n_F=8, γ=0.7, T_plan=480.0, F=[139, 140, 141, 142, 143, 144, 145, 146])

T preprocessing time [s]: 2.43678
I       iter             best          obj_old          obj_new        time              method info
I          1     100004.00000     100064.00000     100004.00000      0.2806                 con 
I          2     100003.00000     100004.00000     100003.00000      0.3624        drrr_15+rrri 
I         34     100002.00000     100003.00000     100002.00000      1.4313        drrr_15+rroi 
I         35     100001.00000     100002.00000     100001.00000      1.4503        drrr_15+rrri 
I         58        739.93070     100001.00000        739.93070      1.9113         drrr_15+rrg 
I         59        735.03374        739.93070        735.03374      1.9604        drrr_15+rrri 
I         61        733.45138        735.03374        733.45138      2.0236        drrr_15+rroi 
I         67        730.67222        733.45138        730.67222      2.1421        drrr_15+rroi 
I         69        721.75169        730.67222        721.75169      2.1609        drrr_15+rroi 
I         77        714.95698        721.75169        714.95698      2.2233        drrr_15+rroi 
I         80        714.62005        714.95698        714.62005      2.2621        drrr_15+rroi 
I         82        711.12615        714.62005        711.12615      2.2882        drrr_15+rrri 
I         86        696.42429        711.12615        696.42429      2.3456        drrr_15+rroi 
I         88        692.54013        696.42429        692.54013      2.3634        drrr_15+rroi 
I         92        691.01218        692.54013        691.01218      2.3940        drrr_15+rroi 
I         93        690.78076        691.01218        690.78076      2.3993        drrr_15+rrri 
I         98        686.02342        690.78076        686.02342      2.4520        drrr_15+rrri 
I        113        673.69934        686.02342        673.69934      2.5214        drrr_15+rroi 
I        115        673.36007        673.69934        673.36007      2.5363         drrr_15+rrg 
I        141        668.95088        673.36007        668.95088      2.6336        drrr_15+rroi 
I        144        667.33779        668.95088        667.33779      2.6458         drrr_15+rrg 
I        161        666.31305        667.33779        666.31305      2.7355        drrr_15+rrri 
I        193        665.42055        666.31305        665.42055      2.7964        drrr_15+rrri 
I        300        665.42055        665.42055        667.36900      3.0460        drrr_15+rroi 

Method statistics
S  method    iter  succ  succ-rate%  tot-obj-gain  avg-obj-gain  rel-succ%  net-time  net-time%  brut-time  brut-time%
S  con          1     1   100.00000     -60.00000     -60.00000    2.22222   0.28059    9.21178    0.28059     9.21178
S  drrr_15    299    22     7.35786  -99338.57945    -332.23605   48.88889   0.00561    0.18402    0.00561     0.18402
S  rrg        100     3     3.00000  -99263.02167    -992.63022    6.66667   0.77747   25.52458    0.77747    25.52458
S  rroi        95    11    11.57895     -58.26092      -0.61327   24.44444   0.76141   24.99713    0.76141    24.99713
S  rrri       104     8     7.69231     -17.29686      -0.16632   17.77778   1.21910   40.02313    1.21910    40.02313
S  SUM/AVG    599    45     7.51252 -198737.15890    -331.78157   20.00000   3.04417   99.94065    3.04417    99.94065

T best solution: EADARPSolution(t_routing=826.755, t_excess=181.417, obj_val=665.421, obj_val_valid=true,
    unserved_requests=Int64[], F_visited=[139, 142, 146, 144, 143, 145, 141, 140], S_visited=[148, 149, 147],
    (1, ([131, 26, 32, 96, 90, 8, 44, 57, 72, 108, 121, 38, 102, 59, 123, 149, 5, 19, 83, 69, 39, 103, 30, 50, 94, 114, 25, 89, 139], [72.93317816723344], [16]))
    (2, ([132, 48, 112, 6, 70, 53, 117, 54, 118, 140], Float64[], Int64[]))
    (3, ([133, 45, 109, 52, 116, 40, 104, 61, 22, 125, 86, 62, 126, 12, 7, 76, 71, 141], Float64[], Int64[]))
    (4, ([134, 55, 119, 56, 120, 46, 110, 16, 80, 49, 28, 92, 113, 42, 106, 148, 2, 66, 60, 23, 124, 18, 87, 82, 142], [81.90895707370123], [16]))
    (5, ([135, 64, 34, 128, 98, 11, 29, 75, 93, 43, 107, 20, 84, 36, 100, 9, 47, 73, 111, 4, 68, 58, 122, 51, 115, 15, 79, 147, 143], [72.73097062925298], [28]))
    (6, ([136, 3, 67, 13, 77, 31, 95, 41, 63, 127, 105, 10, 74, 144], Float64[], Int64[]))
    (7, ([137, 33, 97, 1, 35, 65, 99, 21, 85, 27, 24, 88, 91, 145], Float64[], Int64[]))
    (8, ([138, 37, 101, 17, 81, 14, 78, 146], Float64[], Int64[])))

T best obj: 665.4205523586978
T best iteration: 193
T total iterations: 300
T best time [s]: 2.796
T total time [s]: 3.0460
