EADARP version 2def-dirty
ARGS: --ifile=EADARP/instances/l1/a8-64.txt --odir=EADARP/out/a8-64 --oname=run29
Settings:
--alns_gamma=0.025
--alns_segment_size=100
--alns_sigma1=10
--alns_sigma2=9
--alns_sigma3=3
--at_most_one_s=false
--gamma=-1.0
--ifile=EADARP/instances/l1/a8-64.txt
--insert_charging_otf=true
--insert_cost_noise=0.014
--lns_init_temp_factor=0.0
--lns_temp_dec_factor=0.99
--mh_checkit=false
--mh_lfreq=0
--mh_lnewinc=true
--mh_tciter=-1
--mh_tctime=-1.0
--mh_titer=300
--mh_tobj=-1.0
--mh_ttime=-1.0
--odir=EADARP/out/a8-64
--oname=run29
--only_single_s_visits=true
--repair_max_routes=0
--seed=601664617
--use_milp_in_otf=0
--xcheck_isfeasible=false

EADARPInstance(EADARP/instances/l1/a8-64.txt, n=64, n_K=8, S=[147, 148, 149], Q=14.85, n_F=8, γ=0.7, T_plan=480.0, F=[139, 140, 141, 142, 143, 144, 145, 146])

T preprocessing time [s]: 2.09618
I       iter             best          obj_old          obj_new        time              method info
I          1     100004.00000     100064.00000     100004.00000      0.2572                 con 
I          2     100003.00000     100004.00000     100003.00000      0.3360        drrr_15+rrri 
I          9     100002.00000     100003.00000     100002.00000      0.6247         drrr_15+rrg 
I         15     100001.00000     100002.00000     100001.00000      0.8800        drrr_15+rroi 
I         39        688.61773     100001.00000        688.61773      1.5452        drrr_15+rrri 
I         51        685.38393        688.61773        685.38393      1.6836         drrr_15+rrg 
I         54        684.41971        685.38393        684.41971      1.6933        drrr_15+rrri 
I         59        683.43534        684.41971        683.43534      1.7528         drrr_15+rrg 
I         64        681.59360        683.43534        681.59360      1.7836        drrr_15+rroi 
I         68        680.08769        681.59360        680.08769      1.8092         drrr_15+rrg 
I         69        679.78658        680.08769        679.78658      1.8108        drrr_15+rrri 
I         71        676.26133        679.78658        676.26133      1.8174        drrr_15+rroi 
I        116        676.23182        676.26133        676.23182      1.9658         drrr_15+rrg 
I        126        672.93404        676.23182        672.93404      2.0523         drrr_15+rrg 
I        170        672.18750        672.93404        672.18750      2.2462        drrr_15+rrri 
I        176        671.68375        672.18750        671.68375      2.2942        drrr_15+rrri 
I        300        671.68375        671.68375     100001.00000      2.6482         drrr_15+rrg 

Method statistics
S  method    iter  succ  succ-rate%  tot-obj-gain  avg-obj-gain  rel-succ%  net-time  net-time%  brut-time  brut-time%
S  con          1     1   100.00000     -60.00000     -60.00000    3.22581   0.25722    9.71287    0.25722     9.71287
S  drrr_15    299    15     5.01672  -99332.31625    -332.21510   48.38710   0.00393    0.14847    0.00393     0.14847
S  rrg        102     6     5.88235     -10.05137      -0.09854   19.35484   1.02014   38.52121    1.02014    38.52121
S  rroi       105     3     2.85714      -6.36699      -0.06064    9.67742   0.48871   18.45386    0.48871    18.45386
S  rrri        92     6     6.52174  -99315.89789   -1079.52063   19.35484   0.87662   33.10177    0.87662    33.10177
S  SUM/AVG    599    31     5.17529 -198724.63250    -331.76066   20.00000   2.64662   99.93820    2.64662    99.93820

T best solution: EADARPSolution(t_routing=829.151, t_excess=199.281, obj_val=671.684, obj_val_valid=true,
    unserved_requests=Int64[], F_visited=[145, 143, 144, 142, 140, 146, 139, 141], S_visited=[147, 149, 148],
    (1, ([131, 45, 109, 26, 32, 96, 90, 8, 44, 57, 72, 108, 121, 6, 70, 42, 106, 148, 2, 66, 60, 23, 124, 18, 87, 82, 139], [65.82547973770585], [18]))
    (2, ([132, 3, 67, 13, 52, 77, 116, 17, 81, 38, 102, 21, 85, 36, 100, 9, 73, 4, 68, 58, 122, 51, 115, 15, 79, 147, 140], [92.67324799845059], [26]))
    (3, ([133, 40, 104, 39, 103, 30, 50, 94, 114, 141], Float64[], Int64[]))
    (4, ([134, 47, 111, 61, 22, 125, 86, 62, 126, 54, 118, 25, 89, 142], Float64[], Int64[]))
    (5, ([135, 55, 119, 56, 120, 29, 16, 93, 43, 80, 107, 20, 84, 59, 123, 49, 28, 92, 113, 31, 95, 41, 63, 127, 105, 10, 74, 149, 27, 91, 143], [86.68836116430299], [28]))
    (6, ([136, 37, 101, 48, 112, 46, 110, 53, 117, 12, 7, 76, 71, 144], Float64[], Int64[]))
    (7, ([137, 33, 97, 1, 35, 65, 99, 5, 19, 83, 69, 24, 88, 145], Float64[], Int64[]))
    (8, ([138, 64, 34, 128, 98, 11, 75, 14, 78, 146], Float64[], Int64[])))

T best obj: 671.6837484601637
T best iteration: 176
T total iterations: 300
T best time [s]: 2.294
T total time [s]: 2.6483
