EADARP version 585c-dirty
ARGS: --ifile=EADARP/instances/l1/a8-64.txt --infeasible_arcs=EADARP/infeasible_arcs --gamma=0.7 --only_single_s_visits=false --odir=EADARP/out/a8-64 --oname=run2
Settings:
--alns_gamma=0.025
--alns_segment_size=100
--alns_sigma1=10
--alns_sigma2=9
--alns_sigma3=3
--at_most_one_s=false
--gamma=0.7
--ifile=EADARP/instances/l1/a8-64.txt
--infeasible_arcs=EADARP/infeasible_arcs
--insert_charging_otf=true
--insert_cost_noise=0.014
--lns_init_temp_factor=0.0
--lns_temp_dec_factor=0.99
--mh_checkit=false
--mh_lfreq=0
--mh_lnewinc=true
--mh_tciter=-1
--mh_tctime=-1.0
--mh_titer=30000
--mh_tobj=-1.0
--mh_ttime=-1.0
--odir=EADARP/out/a8-64
--oname=run2
--only_single_s_visits=false
--repair_max_routes=0
--seed=2009490316
--use_milp_in_otf=0
--xcheck_isfeasible=false

EADARPInstance(EADARP/instances/l1/a8-64.txt, n=64, n_K=8, S=[147, 148, 149], Q=14.85, n_F=8, γ=0.7, T_plan=480.0, F=[139, 140, 141, 142, 143, 144, 145, 146])

T preprocessing time [s]: 2.25561
I       iter             best          obj_old          obj_new        time              method info
I          1        754.50492     100064.00000        754.50492      0.2463                 con 
I          2        750.03953        754.50492        750.03953      0.3035        drrr_15+rrri 
I          3        738.14397        750.03953        738.14397      0.3774        drrr_15+rrri 
I          4        718.28810        738.14397        718.28810      0.4388        drrr_15+rrri 
I          7        713.61057        718.28810        713.61057      0.6218        drrr_15+rrri 
I         16        710.81393        713.61057        710.81393      0.8379         drrr_15+rrg 
I         18        701.74534        710.81393        701.74534      0.8545        drrr_15+rroi 
I         19        690.46261        701.74534        690.46261      0.9056        drrr_15+rroi 
I         24        685.09347        690.46261        685.09347      1.0094        drrr_15+rroi 
I         28        684.15839        685.09347        684.15839      1.0640        drrr_15+rroi 
I         33        682.90192        684.15839        682.90192      1.1379         drrr_15+rrg 
I         35        680.19810        682.90192        680.19810      1.1538         drrr_15+rrg 
I         36        676.72933        680.19810        676.72933      1.1598        drrr_15+rroi 
I         39        673.98376        676.72933        673.98376      1.2179        drrr_15+rroi 
I         42        673.88535        673.98376        673.88535      1.2455         drrr_15+rrg 
I         45        666.59711        673.88535        666.59711      1.2572        drrr_15+rrri 
I         97        664.47531        666.59711        664.47531      1.5997        drrr_15+rroi 
I        116        663.70071        664.47531        663.70071      1.6776         drrr_15+rrg 
I        123        661.22805        663.70071        661.22805      1.7264        drrr_15+rrri 
I        176        660.16675        661.22805        660.16675      1.8386        drrr_15+rroi 
I        192        657.93026        660.16675        657.93026      1.9070         drrr_15+rrg 
I       1282        657.69270        657.93026        657.69270      3.3408        drrr_15+rrri 
I       1322        655.09587        657.69270        655.09587      3.3860        drrr_15+rroi 
I       1414        654.86205        655.09587        654.86205      3.4743        drrr_15+rrri 
I       1596        654.71842        654.86205        654.71842      3.6508         drrr_15+rrg 
I       1729        653.95014        654.71842        653.95014      3.8037        drrr_15+rrri 
I       2693        653.89739        653.95014        653.89739      4.4975        drrr_15+rrri 
I       2708        653.21840        653.89739        653.21840      4.5025        drrr_15+rroi 
I       4102        653.16482        653.21840        653.16482      5.3635        drrr_15+rroi 
I       7011        652.42298        653.16482        652.42298      7.0140        drrr_15+rrri 
I       7896        651.39382        652.42298        651.39382      7.6554        drrr_15+rroi 
I       7899        650.90190        651.39382        650.90190      7.6575        drrr_15+rroi 
I       7908        644.89339        650.90190        644.89339      7.6795         drrr_15+rrg 
I       9173        644.47686        644.89339        644.47686      8.6247        drrr_15+rroi 
I       9187        642.61458        644.47686        642.61458      8.6352        drrr_15+rrri 
I      10052        642.17174        642.61458        642.17174      9.1735         drrr_15+rrg 
I      10646        641.97477        642.17174        641.97477      9.4974         drrr_15+rrg 
I      10651        640.78961        641.97477        640.78961      9.5005        drrr_15+rrri 
I      10905        640.39569        640.78961        640.39569      9.6349        drrr_15+rroi 
I      10929        640.26184        640.39569        640.26184      9.6431         drrr_15+rrg 
I      10935        638.56183        640.26184        638.56183      9.6472        drrr_15+rrri 
I      11498        638.53478        638.56183        638.53478      9.9438        drrr_15+rroi 
I      14639        637.97888        638.53478        637.97888     11.5378        drrr_15+rroi 
I      30000        637.97888        637.97888        638.65786     17.6780         drrr_15+rrg 

Method statistics
S  method    iter  succ  succ-rate%  tot-obj-gain  avg-obj-gain  rel-succ%  net-time  net-time%  brut-time  brut-time%
S  con          1     1   100.00000  -99309.49508  -99309.49508    1.17647   0.24626    1.39302    0.24626     1.39302
S  drrr_15  29999    42     0.14000    -116.52604      -0.00388   49.41176   0.27793    1.57219    0.27793     1.57219
S  rrg      10060    11     0.10934     -16.79223      -0.00167   12.94118   6.73348   38.08945    6.73348    38.08945
S  rroi      9867    17     0.17229     -42.29687      -0.00429   20.00000   4.05725   22.95078    4.05725    22.95078
S  rrri     10072    14     0.13900     -57.43695      -0.00570   16.47059   6.27302   35.48477    6.27302    35.48477
S  SUM/AVG  59999    85     0.14167  -99542.54717      -1.65907   20.00000  17.58795   99.49022   17.58795    99.49022

T best solution: EADARPSolution(t_routing=787.385, t_excess=189.76, obj_val=637.979, obj_val_valid=true,
    unserved_requests=Int64[], F_visited=[140, 144, 139, 141, 142, 146, 145, 143], S_visited=Int64[],
    (1, ([131, 45, 109, 52, 116, 17, 81, 38, 102, 21, 85, 62, 126, 149, 54, 118, 25, 89, 139], [9.900380142431617], [14]))
    (2, ([132, 8, 44, 57, 72, 108, 121, 42, 106, 51, 115, 39, 103, 30, 50, 94, 114, 147, 140], [31.07313340499551], [18]))
    (3, ([133, 3, 67, 13, 77, 29, 16, 93, 43, 80, 107, 20, 84, 36, 100, 5, 19, 83, 69, 15, 79, 147, 141], [34.978765454524016], [22]))
    (4, ([134, 55, 119, 56, 120, 46, 110, 53, 117, 27, 24, 88, 91, 147, 142], [8.775616801127548], [14]))
    (5, ([135, 33, 97, 59, 123, 49, 28, 113, 92, 14, 78, 143], Float64[], Int64[]))
    (6, ([136, 37, 101, 48, 112, 6, 70, 31, 95, 41, 63, 127, 105, 10, 74, 144], Float64[], Int64[]))
    (7, ([137, 64, 34, 128, 98, 11, 75, 1, 35, 99, 65, 9, 47, 73, 111, 4, 68, 58, 122, 148, 2, 66, 60, 23, 124, 18, 87, 82, 145], [84.68047171721254], [20]))
    (8, ([138, 26, 32, 96, 90, 40, 104, 61, 22, 125, 86, 12, 7, 76, 71, 146], Float64[], Int64[])))

T best obj: 637.9788768135352
T best iteration: 14639
T total iterations: 30000
T best time [s]: 11.538
T total time [s]: 17.6781
