EADARP version 2def-dirty
ARGS: --ifile=EADARP/instances/l1/a8-64.txt --odir=EADARP/out/a8-64 --oname=run25
Settings:
--alns_gamma=0.025
--alns_segment_size=100
--alns_sigma1=10
--alns_sigma2=9
--alns_sigma3=3
--at_most_one_s=false
--gamma=-1.0
--ifile=EADARP/instances/l1/a8-64.txt
--insert_charging_otf=true
--insert_cost_noise=0.014
--lns_init_temp_factor=0.0
--lns_temp_dec_factor=0.99
--mh_checkit=false
--mh_lfreq=0
--mh_lnewinc=true
--mh_tciter=-1
--mh_tctime=-1.0
--mh_titer=300
--mh_tobj=-1.0
--mh_ttime=-1.0
--odir=EADARP/out/a8-64
--oname=run25
--only_single_s_visits=true
--repair_max_routes=0
--seed=1679561609
--use_milp_in_otf=0
--xcheck_isfeasible=false

EADARPInstance(EADARP/instances/l1/a8-64.txt, n=64, n_K=8, S=[147, 148, 149], Q=14.85, n_F=8, γ=0.7, T_plan=480.0, F=[139, 140, 141, 142, 143, 144, 145, 146])

T preprocessing time [s]: 2.09849
I       iter             best          obj_old          obj_new        time              method info
I          1     100004.00000     100064.00000     100004.00000      0.2597                 con 
I          4     100001.00000     100004.00000     100001.00000      0.5063         drrr_15+rrg 
I         62        709.71530     100001.00000        709.71530      2.1464        drrr_15+rrri 
I         63        706.48081        709.71530        706.48081      2.1606         drrr_15+rrg 
I         64        696.88257        706.48081        696.88257      2.1790        drrr_15+rroi 
I         68        691.72587        696.88257        691.72587      2.2690        drrr_15+rrri 
I         70        686.82532        691.72587        686.82532      2.2996        drrr_15+rrri 
I         74        686.01454        686.82532        686.01454      2.3521        drrr_15+rrri 
I         79        683.50020        686.01454        683.50020      2.4241         drrr_15+rrg 
I         82        681.78913        683.50020        681.78913      2.4859        drrr_15+rrri 
I         92        680.81169        681.78913        680.81169      2.6252         drrr_15+rrg 
I         94        680.77542        680.81169        680.77542      2.6256        drrr_15+rroi 
I         95        678.32652        680.77542        678.32652      2.6401         drrr_15+rrg 
I         98        676.21747        678.32652        676.21747      2.6637        drrr_15+rroi 
I        106        675.79952        676.21747        675.79952      2.7178        drrr_15+rroi 
I        117        675.79952        675.79952        675.79952      2.7588        drrr_15+rroi 
I        119        674.75103        675.79952        674.75103      2.7632        drrr_15+rroi 
I        122        672.29190        674.75103        672.29190      2.7885        drrr_15+rroi 
I        124        672.28935        672.29190        672.28935      2.7976        drrr_15+rroi 
I        276        671.90931        672.28935        671.90931      3.1383        drrr_15+rrri 
I        294        671.49391        671.90931        671.49391      3.1580         drrr_15+rrg 
I        300        671.49391        671.49391     100002.00000      3.1631        drrr_15+rroi 

Method statistics
S  method    iter  succ  succ-rate%  tot-obj-gain  avg-obj-gain  rel-succ%  net-time  net-time%  brut-time  brut-time%
S  con          1     1   100.00000     -60.00000     -60.00000    2.43902   0.25966    8.20886    0.25966     8.20886
S  drrr_15    299    20     6.68896  -99332.50609    -332.21574   48.78049   0.00553    0.17468    0.00553     0.17468
S  rrg         95     6     6.31579     -12.59058      -0.13253   14.63415   1.24820   39.46093    1.24820    39.46093
S  rroi       104     8     7.69231     -15.67168      -0.15069   19.51220   0.69956   22.11618    0.69956    22.11618
S  rrri       100     6     6.00000  -99304.24383    -993.04244   14.63415   0.94844   29.98444    0.94844    29.98444
S  SUM/AVG    599    41     6.84474 -198725.01218    -331.76129   20.00000   3.16139   99.94510    3.16139    99.94510

T best solution: EADARPSolution(t_routing=834.579, t_excess=182.238, obj_val=671.494, obj_val_valid=true,
    unserved_requests=Int64[], F_visited=[139, 146, 140, 143, 142, 141, 145, 144], S_visited=[149, 148, 147],
    (1, ([131, 33, 97, 56, 120, 46, 110, 42, 106, 51, 115, 139], Float64[], Int64[]))
    (2, ([132, 37, 101, 48, 17, 112, 81, 38, 102, 59, 123, 49, 28, 92, 113, 53, 117, 62, 126, 149, 54, 118, 25, 89, 140], [69.468572500023], [20]))
    (3, ([133, 45, 109, 26, 32, 96, 90, 8, 44, 57, 72, 108, 121, 6, 70, 31, 95, 41, 63, 127, 105, 10, 74, 14, 78, 147, 141], [65.92454738592697], [26]))
    (4, ([134, 55, 119, 3, 67, 52, 116, 13, 77, 21, 85, 36, 100, 4, 68, 58, 122, 148, 2, 66, 23, 87, 27, 91, 142], [85.49182611638555], [18]))
    (5, ([135, 1, 35, 99, 65, 9, 47, 73, 111, 61, 22, 125, 86, 12, 76, 24, 88, 143], Float64[], Int64[]))
    (6, ([136, 64, 34, 128, 98, 11, 29, 16, 75, 93, 43, 80, 107, 20, 84, 7, 71, 144], Float64[], Int64[]))
    (7, ([137, 5, 19, 83, 69, 39, 103, 30, 50, 94, 114, 145], Float64[], Int64[]))
    (8, ([138, 40, 104, 15, 79, 60, 124, 18, 82, 146], Float64[], Int64[])))

T best obj: 671.4939089122537
T best iteration: 294
T total iterations: 300
T best time [s]: 3.158
T total time [s]: 3.1631
