EADARP version 585c-dirty
ARGS: --ifile=EADARP/instances/l1/a8-64.txt --infeasible_arcs=EADARP/infeasible_arcs --gamma=0.7 --only_single_s_visits=false --odir=EADARP/out/a8-64 --oname=run39
Settings:
--alns_gamma=0.025
--alns_segment_size=100
--alns_sigma1=10
--alns_sigma2=9
--alns_sigma3=3
--at_most_one_s=false
--gamma=0.7
--ifile=EADARP/instances/l1/a8-64.txt
--infeasible_arcs=EADARP/infeasible_arcs
--insert_charging_otf=true
--insert_cost_noise=0.014
--lns_init_temp_factor=0.0
--lns_temp_dec_factor=0.99
--mh_checkit=false
--mh_lfreq=0
--mh_lnewinc=true
--mh_tciter=-1
--mh_tctime=-1.0
--mh_titer=30000
--mh_tobj=-1.0
--mh_ttime=-1.0
--odir=EADARP/out/a8-64
--oname=run39
--only_single_s_visits=false
--repair_max_routes=0
--seed=1587373237
--use_milp_in_otf=0
--xcheck_isfeasible=false

EADARPInstance(EADARP/instances/l1/a8-64.txt, n=64, n_K=8, S=[147, 148, 149], Q=14.85, n_F=8, γ=0.7, T_plan=480.0, F=[139, 140, 141, 142, 143, 144, 145, 146])

T preprocessing time [s]: 2.17355
I       iter             best          obj_old          obj_new        time              method info
I          1        748.17513     100064.00000        748.17513      0.2626                 con 
I          2        740.98687        748.17513        740.98687      0.3671         drrr_15+rrg 
I          3        738.83987        740.98687        738.83987      0.4245        drrr_15+rroi 
I          4        730.68315        738.83987        730.68315      0.4619        drrr_15+rroi 
I          6        727.35144        730.68315        727.35144      0.5366        drrr_15+rroi 
I         11        715.38941        727.35144        715.38941      0.6291        drrr_15+rrri 
I         15        707.51943        715.38941        707.51943      0.7122        drrr_15+rroi 
I         18        702.72559        707.51943        702.72559      0.8039         drrr_15+rrg 
I         22        690.75077        702.72559        690.75077      0.9068        drrr_15+rrri 
I         23        688.71818        690.75077        688.71818      0.9153        drrr_15+rroi 
I         25        686.46750        688.71818        686.46750      0.9510        drrr_15+rroi 
I         33        685.10618        686.46750        685.10618      1.0673        drrr_15+rrri 
I         48        680.25230        685.10618        680.25230      1.2169        drrr_15+rrri 
I         54        680.24912        680.25230        680.24912      1.2673        drrr_15+rroi 
I         82        677.21146        680.24912        677.21146      1.4332         drrr_15+rrg 
I         83        676.75542        677.21146        676.75542      1.4507        drrr_15+rroi 
I         91        676.47129        676.75542        676.47129      1.5209        drrr_15+rrri 
I         92        676.36671        676.47129        676.36671      1.5330         drrr_15+rrg 
I         94        675.64669        676.36671        675.64669      1.5429        drrr_15+rroi 
I         95        671.70854        675.64669        671.70854      1.5564        drrr_15+rrri 
I         96        668.44870        671.70854        668.44870      1.5963        drrr_15+rrri 
I         97        667.92676        668.44870        667.92676      1.6130         drrr_15+rrg 
I         98        664.14984        667.92676        664.14984      1.6333        drrr_15+rrri 
I         99        659.41011        664.14984        659.41011      1.6414         drrr_15+rrg 
I        100        657.29313        659.41011        657.29313      1.6504        drrr_15+rroi 
I        109        657.26605        657.29313        657.26605      1.7032        drrr_15+rrri 
I        153        656.39632        657.26605        656.39632      1.9104        drrr_15+rrri 
I        169        654.73829        656.39632        654.73829      1.9468        drrr_15+rrri 
I        175        652.87901        654.73829        652.87901      1.9645         drrr_15+rrg 
I        186        650.53723        652.87901        650.53723      1.9841        drrr_15+rroi 
I        212        649.58123        650.53723        649.58123      2.0561        drrr_15+rrri 
I        213        648.54492        649.58123        648.54492      2.0639        drrr_15+rrri 
I        214        647.08014        648.54492        647.08014      2.0643        drrr_15+rroi 
I        646        646.04383        647.08014        646.04383      2.8168        drrr_15+rroi 
I       1125        644.60623        646.04383        644.60623      3.3650         drrr_15+rrg 
I       1137        644.26696        644.60623        644.26696      3.3702         drrr_15+rrg 
I      30000        644.26696        644.26696        668.82785     17.0835         drrr_15+rrg 

Method statistics
S  method    iter  succ  succ-rate%  tot-obj-gain  avg-obj-gain  rel-succ%  net-time  net-time%  brut-time  brut-time%
S  con          1     1   100.00000  -99315.82487  -99315.82487    1.40845   0.26254    1.53683    0.26254     1.53683
S  drrr_15  29999    35     0.11667    -103.90817      -0.00346   49.29577   0.28679    1.67873    0.28679     1.67873
S  rrg      10183     9     0.08838     -24.02215      -0.00236   12.67606   6.73298   39.41213    6.73298    39.41213
S  rroi      9881    13     0.13157     -33.92777      -0.00343   18.30986   4.21796   24.69021    4.21796    24.69021
S  rrri      9935    13     0.13085     -45.95825      -0.00463   18.30986   5.50059   32.19826    5.50059    32.19826
S  SUM/AVG  59999    71     0.11834  -99523.64122      -1.65875   20.00000  17.00086   99.51615   17.00086    99.51615

T best solution: EADARPSolution(t_routing=799.544, t_excess=178.435, obj_val=644.267, obj_val_valid=true,
    unserved_requests=Int64[], F_visited=[139, 140, 142, 144, 143, 146, 141, 145], S_visited=Int64[],
    (1, ([131, 139], Float64[], Int64[]))
    (2, ([132, 55, 119, 56, 120, 6, 70, 42, 106, 51, 115, 15, 79, 147, 140], [15.758716059713668], [14]))
    (3, ([133, 33, 97, 1, 35, 99, 65, 53, 117, 27, 24, 88, 91, 141], Float64[], Int64[]))
    (4, ([134, 64, 34, 128, 98, 11, 75, 16, 43, 80, 107, 20, 84, 59, 123, 149, 5, 19, 83, 69, 39, 103, 30, 50, 94, 114, 25, 89, 142], [67.01312676235682], [16]))
    (5, ([135, 26, 32, 96, 90, 8, 44, 57, 72, 108, 121, 9, 47, 73, 111, 61, 22, 125, 86, 62, 126, 12, 7, 76, 71, 147, 143], [39.91396862315549], [26]))
    (6, ([136, 3, 67, 13, 77, 14, 78, 144], Float64[], Int64[]))
    (7, ([137, 37, 101, 48, 112, 46, 110, 29, 93, 40, 104, 28, 49, 92, 113, 31, 95, 41, 63, 127, 105, 10, 74, 54, 118, 147, 145], [57.20732229115782], [26]))
    (8, ([138, 45, 109, 52, 116, 17, 81, 38, 102, 21, 85, 36, 100, 4, 68, 58, 122, 148, 2, 66, 60, 23, 124, 18, 87, 82, 146], [71.39007293161657], [18])))

T best obj: 644.266956404569
T best iteration: 1137
T total iterations: 30000
T best time [s]: 3.370
T total time [s]: 17.0835
