EADARP version 585c-dirty
ARGS: --ifile=EADARP/instances/l1/a8-64.txt --infeasible_arcs=EADARP/infeasible_arcs --gamma=0.7 --only_single_s_visits=false --odir=EADARP/out/a8-64 --oname=run38
Settings:
--alns_gamma=0.025
--alns_segment_size=100
--alns_sigma1=10
--alns_sigma2=9
--alns_sigma3=3
--at_most_one_s=false
--gamma=0.7
--ifile=EADARP/instances/l1/a8-64.txt
--infeasible_arcs=EADARP/infeasible_arcs
--insert_charging_otf=true
--insert_cost_noise=0.014
--lns_init_temp_factor=0.0
--lns_temp_dec_factor=0.99
--mh_checkit=false
--mh_lfreq=0
--mh_lnewinc=true
--mh_tciter=-1
--mh_tctime=-1.0
--mh_titer=30000
--mh_tobj=-1.0
--mh_ttime=-1.0
--odir=EADARP/out/a8-64
--oname=run38
--only_single_s_visits=false
--repair_max_routes=0
--seed=906239854
--use_milp_in_otf=0
--xcheck_isfeasible=false

EADARPInstance(EADARP/instances/l1/a8-64.txt, n=64, n_K=8, S=[147, 148, 149], Q=14.85, n_F=8, γ=0.7, T_plan=480.0, F=[139, 140, 141, 142, 143, 144, 145, 146])

T preprocessing time [s]: 2.25938
I       iter             best          obj_old          obj_new        time              method info
I          1        748.17513     100064.00000        748.17513      0.2462                 con 
I          5        741.10713        748.17513        741.10713      0.4633         drrr_15+rrg 
I          8        741.07535        741.10713        741.07535      0.5879        drrr_15+rrri 
I          9        740.23833        741.07535        740.23833      0.6257        drrr_15+rroi 
I         10        716.77902        740.23833        716.77902      0.6506        drrr_15+rroi 
I         22        715.72269        716.77902        715.72269      0.9337        drrr_15+rroi 
I         23        712.42490        715.72269        712.42490      0.9612        drrr_15+rroi 
I         25        711.43666        712.42490        711.43666      0.9975         drrr_15+rrg 
I         26        710.64149        711.43666        710.64149      1.0196         drrr_15+rrg 
I         27        706.97969        710.64149        706.97969      1.0448         drrr_15+rrg 
I         28        702.96429        706.97969        702.96429      1.0472         drrr_15+rrg 
I         29        697.65895        702.96429        697.65895      1.0762        drrr_15+rroi 
I         34        690.82886        697.65895        690.82886      1.2275        drrr_15+rrri 
I         49        688.94295        690.82886        688.94295      1.3199         drrr_15+rrg 
I         55        685.61919        688.94295        685.61919      1.3747         drrr_15+rrg 
I         58        685.20124        685.61919        685.20124      1.4490        drrr_15+rroi 
I         59        683.33990        685.20124        683.33990      1.4718        drrr_15+rrri 
I         65        683.33735        683.33990        683.33735      1.5253        drrr_15+rroi 
I         82        682.03103        683.33735        682.03103      1.6541        drrr_15+rrri 
I         83        681.08931        682.03103        681.08931      1.6543        drrr_15+rroi 
I         91        676.08240        681.08931        676.08240      1.7136        drrr_15+rroi 
I         94        674.74530        676.08240        674.74530      1.7229         drrr_15+rrg 
I        120        674.39457        674.74530        674.39457      1.8719        drrr_15+rrri 
I        141        673.25578        674.39457        673.25578      1.9084         drrr_15+rrg 
I        143        667.07937        673.25578        667.07937      1.9171        drrr_15+rrri 
I        144        666.23349        667.07937        666.23349      1.9200        drrr_15+rrri 
I        190        665.34031        666.23349        665.34031      2.0635        drrr_15+rrri 
I        233        665.23835        665.34031        665.23835      2.1825        drrr_15+rroi 
I        244        664.89907        665.23835        664.89907      2.2018         drrr_15+rrg 
I        340        664.78494        664.89907        664.78494      2.3860        drrr_15+rrri 
I        342        659.57650        664.78494        659.57650      2.3907         drrr_15+rrg 
I        344        659.15589        659.57650        659.15589      2.3975        drrr_15+rroi 
I        355        658.85673        659.15589        658.85673      2.4528        drrr_15+rrri 
I        358        658.61256        658.85673        658.61256      2.4596        drrr_15+rrri 
I        385        653.23377        658.61256        653.23377      2.5050        drrr_15+rrri 
I        461        653.19988        653.23377        653.19988      2.6213        drrr_15+rrri 
I        498        652.99739        653.19988        652.99739      2.7188        drrr_15+rrri 
I        559        652.93010        652.99739        652.93010      2.8852        drrr_15+rroi 
I        602        651.89582        652.93010        651.89582      2.9367         drrr_15+rrg 
I        999        649.32646        651.89582        649.32646      3.5272        drrr_15+rroi 
I       1025        647.51710        649.32646        647.51710      3.5613         drrr_15+rrg 
I       1284        647.36694        647.51710        647.36694      3.8670        drrr_15+rrri 
I       1406        646.34092        647.36694        646.34092      4.0106        drrr_15+rrri 
I       1412        645.67182        646.34092        645.67182      4.0258        drrr_15+rroi 
I       1476        645.59292        645.67182        645.59292      4.1271        drrr_15+rroi 
I       1843        644.91434        645.59292        644.91434      4.4776        drrr_15+rrri 
I       1891        643.87803        644.91434        643.87803      4.5386        drrr_15+rroi 
I       3709        643.85097        643.87803        643.85097      5.9116        drrr_15+rroi 
I       9703        643.06908        643.85097        643.06908      9.2276        drrr_15+rrri 
I       9710        642.32163        643.06908        642.32163      9.2384        drrr_15+rroi 
I       9712        641.25459        642.32163        641.25459      9.2439        drrr_15+rrri 
I       9726        641.14886        641.25459        641.14886      9.2864        drrr_15+rrri 
I       9764        639.82055        641.14886        639.82055      9.3739        drrr_15+rrri 
I      23934        639.49290        639.82055        639.49290     16.0406        drrr_15+rrri 
I      30000        639.49290        639.49290        641.32591     18.5622        drrr_15+rrri 

Method statistics
S  method    iter  succ  succ-rate%  tot-obj-gain  avg-obj-gain  rel-succ%  net-time  net-time%  brut-time  brut-time%
S  con          1     1   100.00000  -99315.82487  -99315.82487    0.93458   0.24616    1.32614    0.24616     1.32614
S  drrr_15  29999    53     0.17667    -108.68223      -0.00362   49.53271   0.27457    1.47917    0.27457     1.47917
S  rrg       9964    13     0.13047     -32.60551      -0.00327   12.14953   7.24289   39.01954    7.24289    39.01954
S  rroi      9955    18     0.18081     -46.04296      -0.00463   16.82243   4.52633   24.38466    4.52633    24.38466
S  rrri     10080    22     0.21825     -30.03376      -0.00298   20.56075   6.19595   33.37938    6.19595    33.37938
S  SUM/AVG  59999   107     0.17834  -99533.18934      -1.65891   20.00000  18.48590   99.58889   18.48590    99.58889

T best solution: EADARPSolution(t_routing=783.019, t_excess=208.916, obj_val=639.493, obj_val_valid=true,
    unserved_requests=Int64[], F_visited=[143, 144, 142, 140, 139, 145, 141, 146], S_visited=Int64[],
    (1, ([131, 55, 119, 56, 120, 6, 70, 9, 47, 73, 111, 4, 68, 58, 122, 148, 2, 66, 60, 23, 124, 18, 87, 82, 139], [75.0611930099321], [16]))
    (2, ([132, 33, 97, 1, 35, 65, 99, 21, 85, 62, 126, 54, 118, 25, 89, 140], Float64[], Int64[]))
    (3, ([133, 64, 34, 128, 98, 11, 29, 16, 75, 93, 43, 80, 107, 20, 84, 49, 28, 92, 113, 31, 95, 41, 63, 127, 105, 10, 74, 147, 141], [49.85453984237637], [28]))
    (4, ([134, 26, 32, 96, 90, 40, 104, 61, 22, 125, 86, 12, 7, 76, 71, 142], Float64[], Int64[]))
    (5, ([135, 8, 44, 57, 72, 108, 121, 42, 106, 51, 115, 15, 79, 147, 143], [3.65879863946865], [14]))
    (6, ([136, 37, 101, 48, 112, 46, 110, 53, 117, 27, 24, 88, 91, 144], Float64[], Int64[]))
    (7, ([137, 45, 109, 52, 116, 17, 81, 38, 102, 59, 123, 36, 100, 5, 19, 83, 69, 39, 103, 30, 50, 94, 114, 147, 145], [45.60140777180575], [24]))
    (8, ([138, 3, 67, 13, 77, 14, 78, 146], Float64[], Int64[])))

T best obj: 639.4928965564038
T best iteration: 23934
T total iterations: 30000
T best time [s]: 16.041
T total time [s]: 18.5622
