EADARP version 2def-dirty
ARGS: --ifile=EADARP/instances/l1/a8-64.txt --odir=EADARP/out/a8-64 --oname=run32
Settings:
--alns_gamma=0.025
--alns_segment_size=100
--alns_sigma1=10
--alns_sigma2=9
--alns_sigma3=3
--at_most_one_s=false
--gamma=-1.0
--ifile=EADARP/instances/l1/a8-64.txt
--insert_charging_otf=true
--insert_cost_noise=0.014
--lns_init_temp_factor=0.0
--lns_temp_dec_factor=0.99
--mh_checkit=false
--mh_lfreq=0
--mh_lnewinc=true
--mh_tciter=-1
--mh_tctime=-1.0
--mh_titer=300
--mh_tobj=-1.0
--mh_ttime=-1.0
--odir=EADARP/out/a8-64
--oname=run32
--only_single_s_visits=true
--repair_max_routes=0
--seed=186664620
--use_milp_in_otf=0
--xcheck_isfeasible=false

EADARPInstance(EADARP/instances/l1/a8-64.txt, n=64, n_K=8, S=[147, 148, 149], Q=14.85, n_F=8, γ=0.7, T_plan=480.0, F=[139, 140, 141, 142, 143, 144, 145, 146])

T preprocessing time [s]: 2.09003
I       iter             best          obj_old          obj_new        time              method info
I          1     100004.00000     100064.00000     100004.00000      0.2277                 con 
I          3     100003.00000     100004.00000     100003.00000      0.3783        drrr_15+rrri 
I          4     100002.00000     100003.00000     100002.00000      0.4345         drrr_15+rrg 
I          5     100001.00000     100002.00000     100001.00000      0.4739        drrr_15+rroi 
I         78        738.70928     100001.00000        738.70928      2.1057        drrr_15+rroi 
I         81        726.03027        738.70928        726.03027      2.1412        drrr_15+rrri 
I        110        725.90577        726.03027        725.90577      2.4338        drrr_15+rrri 
I        113        723.11674        725.90577        723.11674      2.5106         drrr_15+rrg 
I        127        698.84009        723.11674        698.84009      2.6229         drrr_15+rrg 
I        128        695.65339        698.84009        695.65339      2.6296        drrr_15+rrri 
I        129        695.41288        695.65339        695.41288      2.6319        drrr_15+rrri 
I        138        687.77527        695.41288        687.77527      2.6549        drrr_15+rroi 
I        144        685.85924        687.77527        685.85924      2.6757        drrr_15+rrri 
I        145        679.16286        685.85924        679.16286      2.6830        drrr_15+rroi 
I        300        679.16286        679.16286        695.59177      3.0122         drrr_15+rrg 

Method statistics
S  method    iter  succ  succ-rate%  tot-obj-gain  avg-obj-gain  rel-succ%  net-time  net-time%  brut-time  brut-time%
S  con          1     1   100.00000     -60.00000     -60.00000    3.70370   0.22766    7.55783    0.22766     7.55783
S  drrr_15    299    13     4.34783  -99324.83714    -332.19009   48.14815   0.00382    0.12693    0.00382     0.12693
S  rrg         96     3     3.12500     -28.06568      -0.29235   11.11111   0.85326   28.32632    0.85326    28.32632
S  rroi       104     4     3.84615  -99277.62471    -954.59255   14.81481   0.84250   27.96902    0.84250    27.96902
S  rrri        99     6     6.06061     -19.14674      -0.19340   22.22222   1.08338   35.96556    1.08338    35.96556
S  SUM/AVG    599    27     4.50751 -198709.67428    -331.73568   20.00000   3.01063   99.94566    3.01063    99.94566

T best solution: EADARPSolution(t_routing=851.219, t_excess=162.994, obj_val=679.163, obj_val_valid=true,
    unserved_requests=Int64[], F_visited=[144, 146, 142, 139, 141, 143, 145, 140], S_visited=[149, 147, 148],
    (1, ([131, 45, 109, 52, 116, 4, 68, 10, 74, 54, 118, 27, 91, 139], Float64[], Int64[]))
    (2, ([132, 3, 67, 13, 77, 29, 93, 40, 104, 28, 9, 92, 47, 73, 111, 61, 22, 125, 86, 62, 126, 15, 79, 147, 140], [79.02116877201524], [24]))
    (3, ([133, 26, 32, 96, 90, 8, 44, 57, 72, 108, 121, 42, 106, 51, 115, 141], Float64[], Int64[]))
    (4, ([134, 59, 123, 5, 19, 83, 69, 39, 103, 30, 50, 94, 114, 142], Float64[], Int64[]))
    (5, ([135, 33, 97, 1, 35, 99, 65, 14, 78, 143], Float64[], Int64[]))
    (6, ([136, 37, 101, 48, 112, 46, 110, 16, 43, 80, 107, 20, 84, 12, 7, 76, 71, 144], Float64[], Int64[]))
    (7, ([137, 64, 34, 128, 98, 11, 75, 17, 81, 38, 102, 21, 85, 36, 49, 100, 113, 31, 95, 41, 63, 127, 105, 58, 122, 148, 23, 87, 25, 89, 145], [102.64821890224195], [26]))
    (8, ([138, 55, 119, 56, 120, 6, 70, 53, 117, 149, 2, 66, 60, 124, 24, 18, 88, 82, 146], [71.05008582469884], [10])))

T best obj: 679.1628619557083
T best iteration: 145
T total iterations: 300
T best time [s]: 2.683
T total time [s]: 3.0123
