EADARP version 585c-dirty
ARGS: --ifile=EADARP/instances/l1/a8-64.txt --infeasible_arcs=EADARP/infeasible_arcs --gamma=0.7 --only_single_s_visits=false --odir=EADARP/out/a8-64 --oname=run44
Settings:
--alns_gamma=0.025
--alns_segment_size=100
--alns_sigma1=10
--alns_sigma2=9
--alns_sigma3=3
--at_most_one_s=false
--gamma=0.7
--ifile=EADARP/instances/l1/a8-64.txt
--infeasible_arcs=EADARP/infeasible_arcs
--insert_charging_otf=true
--insert_cost_noise=0.014
--lns_init_temp_factor=0.0
--lns_temp_dec_factor=0.99
--mh_checkit=false
--mh_lfreq=0
--mh_lnewinc=true
--mh_tciter=-1
--mh_tctime=-1.0
--mh_titer=30000
--mh_tobj=-1.0
--mh_ttime=-1.0
--odir=EADARP/out/a8-64
--oname=run44
--only_single_s_visits=false
--repair_max_routes=0
--seed=95033621
--use_milp_in_otf=0
--xcheck_isfeasible=false

EADARPInstance(EADARP/instances/l1/a8-64.txt, n=64, n_K=8, S=[147, 148, 149], Q=14.85, n_F=8, γ=0.7, T_plan=480.0, F=[139, 140, 141, 142, 143, 144, 145, 146])

T preprocessing time [s]: 2.21612
I       iter             best          obj_old          obj_new        time              method info
I          1        726.72407     100064.00000        726.72407      0.2429                 con 
I          2        716.69467        726.72407        716.69467      0.3121        drrr_15+rrri 
I          5        705.73805        716.69467        705.73805      0.4205        drrr_15+rrri 
I          7        704.93664        705.73805        704.93664      0.5026        drrr_15+rrri 
I         10        704.28952        704.93664        704.28952      0.6210         drrr_15+rrg 
I         13        698.51251        704.28952        698.51251      0.6859         drrr_15+rrg 
I         14        694.70813        698.51251        694.70813      0.7231        drrr_15+rroi 
I         18        693.33381        694.70813        693.33381      0.8293        drrr_15+rrri 
I         22        690.61327        693.33381        690.61327      0.8806         drrr_15+rrg 
I         23        690.08044        690.61327        690.08044      0.9657        drrr_15+rroi 
I         26        687.48776        690.08044        687.48776      1.0795        drrr_15+rroi 
I         34        686.52997        687.48776        686.52997      1.1807         drrr_15+rrg 
I         42        686.52997        686.52997        686.52997      1.2702         drrr_15+rrg 
I         66        685.17026        686.52997        685.17026      1.4627        drrr_15+rrri 
I         79        683.70171        685.17026        683.70171      1.5796        drrr_15+rroi 
I         80        682.32971        683.70171        682.32971      1.5848        drrr_15+rroi 
I         82        680.66792        682.32971        680.66792      1.5926        drrr_15+rroi 
I         89        677.37497        680.66792        677.37497      1.6269         drrr_15+rrg 
I         97        671.67603        677.37497        671.67603      1.6758        drrr_15+rrri 
I        100        669.31603        671.67603        669.31603      1.7615        drrr_15+rrri 
I        114        667.84137        669.31603        667.84137      1.8716        drrr_15+rroi 
I        118        667.73359        667.84137        667.73359      1.9155        drrr_15+rrri 
I        119        666.03781        667.73359        666.03781      1.9208        drrr_15+rrri 
I        182        663.86986        666.03781        663.86986      2.1948         drrr_15+rrg 
I        199        662.54446        663.86986        662.54446      2.2442        drrr_15+rroi 
I        222        662.50092        662.54446        662.50092      2.3304        drrr_15+rrri 
I        223        661.75347        662.50092        661.75347      2.3331        drrr_15+rrri 
I        257        659.74113        661.75347        659.74113      2.4693        drrr_15+rroi 
I        275        655.74980        659.74113        655.74980      2.5316        drrr_15+rrri 
I        299        653.60343        655.74980        653.60343      2.6412        drrr_15+rrri 
I        392        653.41500        653.60343        653.41500      2.8527         drrr_15+rrg 
I       3803        653.19379        653.41500        653.19379      5.6710        drrr_15+rroi 
I       6010        652.93175        653.19379        652.93175      6.9075        drrr_15+rrri 
I       6016        652.45612        652.93175        652.45612      6.9105         drrr_15+rrg 
I       6021        650.52509        652.45612        650.52509      6.9117        drrr_15+rroi 
I      30000        650.52509        650.52509        657.08471     17.3250        drrr_15+rroi 

Method statistics
S  method    iter  succ  succ-rate%  tot-obj-gain  avg-obj-gain  rel-succ%  net-time  net-time%  brut-time  brut-time%
S  con          1     1   100.00000  -99337.27593  -99337.27593    1.44928   0.24287    1.40186    0.24287     1.40186
S  drrr_15  29999    34     0.11334     -76.19898      -0.00254   49.27536   0.31661    1.82744    0.31661     1.82744
S  rrg       9815     9     0.09170     -16.22741      -0.00165   13.04348   6.78150   39.14271    6.78150    39.14271
S  rroi     10126    11     0.10863     -18.39685      -0.00182   15.94203   4.01339   23.16521    4.01339    23.16521
S  rrri     10058    14     0.13919     -41.57471      -0.00413   20.28986   5.90289   34.07140    5.90289    34.07140
S  SUM/AVG  59999    69     0.11500  -99489.67388      -1.65819   20.00000  17.25726   99.60862   17.25726    99.60862

T best solution: EADARPSolution(t_routing=801.651, t_excess=197.147, obj_val=650.525, obj_val_valid=true,
    unserved_requests=Int64[], F_visited=[139, 144, 145, 141, 143, 142, 140, 146], S_visited=Int64[],
    (1, ([131, 33, 97, 59, 123, 12, 76, 18, 82, 139], Float64[], Int64[]))
    (2, ([132, 37, 101, 40, 104, 28, 49, 92, 113, 31, 95, 41, 63, 127, 105, 58, 122, 10, 74, 149, 54, 118, 25, 89, 140], [39.23227510254892], [20]))
    (3, ([133, 55, 119, 56, 120, 6, 70, 9, 47, 73, 111, 61, 22, 125, 86, 62, 126, 7, 71, 147, 141], [35.99908408513021], [20]))
    (4, ([134, 142], Float64[], Int64[]))
    (5, ([135, 45, 109, 52, 116, 48, 17, 112, 81, 38, 102, 21, 85, 14, 78, 147, 143], [22.771977199400112], [16]))
    (6, ([136, 3, 67, 13, 77, 46, 110, 16, 43, 80, 107, 20, 84, 36, 100, 147, 5, 19, 83, 69, 39, 103, 30, 50, 94, 114, 144], [64.13520163670619], [16]))
    (7, ([137, 64, 34, 128, 98, 11, 29, 75, 93, 1, 35, 99, 65, 148, 4, 68, 42, 106, 51, 115, 15, 79, 2, 66, 60, 23, 124, 24, 87, 88, 147, 145], [76.22660329404182, 15.637613030361438], [14, 31]))
    (8, ([138, 26, 32, 96, 90, 8, 44, 57, 72, 108, 121, 53, 117, 27, 91, 147, 146], [13.339630055062427], [16])))

T best obj: 650.5250929797389
T best iteration: 6021
T total iterations: 30000
T best time [s]: 6.912
T total time [s]: 17.3251
