EADARP version 585c-dirty
ARGS: --ifile=EADARP/instances/l1/a8-64.txt --infeasible_arcs=EADARP/infeasible_arcs --gamma=0.7 --only_single_s_visits=false --odir=EADARP/out/a8-64 --oname=run49
Settings:
--alns_gamma=0.025
--alns_segment_size=100
--alns_sigma1=10
--alns_sigma2=9
--alns_sigma3=3
--at_most_one_s=false
--gamma=0.7
--ifile=EADARP/instances/l1/a8-64.txt
--infeasible_arcs=EADARP/infeasible_arcs
--insert_charging_otf=true
--insert_cost_noise=0.014
--lns_init_temp_factor=0.0
--lns_temp_dec_factor=0.99
--mh_checkit=false
--mh_lfreq=0
--mh_lnewinc=true
--mh_tciter=-1
--mh_tctime=-1.0
--mh_titer=30000
--mh_tobj=-1.0
--mh_ttime=-1.0
--odir=EADARP/out/a8-64
--oname=run49
--only_single_s_visits=false
--repair_max_routes=0
--seed=338332376
--use_milp_in_otf=0
--xcheck_isfeasible=false

EADARPInstance(EADARP/instances/l1/a8-64.txt, n=64, n_K=8, S=[147, 148, 149], Q=14.85, n_F=8, γ=0.7, T_plan=480.0, F=[139, 140, 141, 142, 143, 144, 145, 146])

T preprocessing time [s]: 2.20811
I       iter             best          obj_old          obj_new        time              method info
I          1        734.10105     100064.00000        734.10105      0.2831                 con 
I          5        732.06845        734.10105        732.06845      0.5061         drrr_15+rrg 
I          6        717.05402        732.06845        717.05402      0.5602        drrr_15+rroi 
I          9        715.34762        717.05402        715.34762      0.6669        drrr_15+rroi 
I         12        711.66914        715.34762        711.66914      0.7618         drrr_15+rrg 
I         14        702.47033        711.66914        702.47033      0.8153         drrr_15+rrg 
I         15        701.98976        702.47033        701.98976      0.8452        drrr_15+rrri 
I         16        698.22108        701.98976        698.22108      0.8692         drrr_15+rrg 
I         45        695.28301        698.22108        695.28301      1.1176        drrr_15+rrri 
I         61        693.31892        695.28301        693.31892      1.2743        drrr_15+rrri 
I         65        692.74003        693.31892        692.74003      1.2816        drrr_15+rrri 
I         67        690.49716        692.74003        690.49716      1.2915        drrr_15+rroi 
I         72        690.49462        690.49716        690.49462      1.3264        drrr_15+rroi 
I         87        688.94636        690.49462        688.94636      1.3988        drrr_15+rroi 
I        101        687.40613        688.94636        687.40613      1.4419        drrr_15+rroi 
I        104        687.39560        687.40613        687.39560      1.4759        drrr_15+rroi 
I        127        686.37657        687.39560        686.37657      1.5924        drrr_15+rroi 
I        131        683.71184        686.37657        683.71184      1.6000        drrr_15+rroi 
I        179        681.77330        683.71184        681.77330      1.8279        drrr_15+rroi 
I        185        681.43403        681.77330        681.43403      1.8438         drrr_15+rrg 
I        190        679.20070        681.43403        679.20070      1.8548        drrr_15+rroi 
I        207        678.88888        679.20070        678.88888      1.9226        drrr_15+rroi 
I        272        674.72074        678.88888        674.72074      2.0134         drrr_15+rrg 
I        278        674.11718        674.72074        674.11718      2.0527        drrr_15+rrri 
I        282        671.49434        674.11718        671.49434      2.0918        drrr_15+rroi 
I        489        668.40004        671.49434        668.40004      2.5526        drrr_15+rrri 
I        513        666.43762        668.40004        666.43762      2.5888         drrr_15+rrg 
I        518        663.96304        666.43762        663.96304      2.6028        drrr_15+rrri 
I        534        659.98602        663.96304        659.98602      2.6486        drrr_15+rrri 
I        623        658.88968        659.98602        658.88968      2.7716        drrr_15+rrri 
I        630        657.76011        658.88968        657.76011      2.7807         drrr_15+rrg 
I       1404        655.73407        657.76011        655.73407      3.5915         drrr_15+rrg 
I       8195        655.20372        655.73407        655.20372      7.7448        drrr_15+rrri 
I      20238        653.20649        655.20372        653.20649     13.4465        drrr_15+rrri 
I      28482        652.36357        653.20649        652.36357     17.0385        drrr_15+rroi 
I      29280        649.64966        652.36357        649.64966     17.3767        drrr_15+rroi 
I      30000        649.64966        649.64966        660.57277     17.7107        drrr_15+rroi 

Method statistics
S  method    iter  succ  succ-rate%  tot-obj-gain  avg-obj-gain  rel-succ%  net-time  net-time%  brut-time  brut-time%
S  con          1     1   100.00000  -99329.89895  -99329.89895    1.40845   0.28308    1.59835    0.28308     1.59835
S  drrr_15  29999    35     0.11667     -84.45138      -0.00282   49.29577   0.30106    1.69986    0.30106     1.69986
S  rrg      10139     9     0.08877     -28.30402      -0.00279   12.67606   7.15572   40.40331    7.15572    40.40331
S  rroi      9947    15     0.15080     -36.41237      -0.00366   21.12676   4.09952   23.14707    4.09952    23.14707
S  rrri      9913    11     0.11097     -19.73499      -0.00199   15.49296   5.74567   32.44173    5.74567    32.44173
S  SUM/AVG  59999    71     0.11834  -99498.80172      -1.65834   20.00000  17.58504   99.29032   17.58504    99.29032

T best solution: EADARPSolution(t_routing=801.843, t_excess=193.07, obj_val=649.65, obj_val_valid=true,
    unserved_requests=Int64[], F_visited=[139, 144, 146, 143, 145, 142, 141, 140], S_visited=Int64[],
    (1, ([131, 3, 67, 13, 77, 14, 78, 139], Float64[], Int64[]))
    (2, ([132, 64, 34, 128, 98, 11, 75, 17, 81, 38, 102, 21, 85, 36, 100, 148, 53, 117, 27, 24, 88, 91, 140], [55.770012321419735], [16]))
    (3, ([133, 26, 32, 96, 90, 8, 44, 57, 72, 108, 121, 148, 40, 104, 61, 22, 125, 86, 62, 126, 39, 103, 30, 50, 94, 114, 147, 141], [22.628073066780775, 48.11541390983541], [12, 27]))
    (4, ([134, 45, 109, 46, 110, 29, 93, 1, 35, 99, 65, 9, 47, 73, 111, 4, 68, 58, 122, 148, 2, 66, 60, 23, 124, 18, 87, 82, 142], [62.25442005651909], [20]))
    (5, ([135, 37, 52, 116, 101, 48, 112, 6, 70, 31, 95, 41, 63, 127, 105, 10, 74, 149, 54, 118, 25, 89, 143], [36.939451027950774], [18]))
    (6, ([136, 144], Float64[], Int64[]))
    (7, ([137, 55, 119, 56, 120, 16, 43, 80, 107, 20, 84, 49, 28, 92, 113, 42, 106, 51, 5, 115, 69, 15, 79, 147, 145], [61.63187103439067], [24]))
    (8, ([138, 33, 97, 59, 123, 19, 83, 12, 7, 76, 71, 146], Float64[], Int64[])))

T best obj: 649.6496643812105
T best iteration: 29280
T total iterations: 30000
T best time [s]: 17.377
T total time [s]: 17.7107
