EADARP version 585c-dirty
ARGS: --ifile=EADARP/instances/l1/a8-64.txt --infeasible_arcs=EADARP/infeasible_arcs --gamma=0.7 --only_single_s_visits=false --odir=EADARP/out/a8-64 --oname=run50
Settings:
--alns_gamma=0.025
--alns_segment_size=100
--alns_sigma1=10
--alns_sigma2=9
--alns_sigma3=3
--at_most_one_s=false
--gamma=0.7
--ifile=EADARP/instances/l1/a8-64.txt
--infeasible_arcs=EADARP/infeasible_arcs
--insert_charging_otf=true
--insert_cost_noise=0.014
--lns_init_temp_factor=0.0
--lns_temp_dec_factor=0.99
--mh_checkit=false
--mh_lfreq=0
--mh_lnewinc=true
--mh_tciter=-1
--mh_tctime=-1.0
--mh_titer=30000
--mh_tobj=-1.0
--mh_ttime=-1.0
--odir=EADARP/out/a8-64
--oname=run50
--only_single_s_visits=false
--repair_max_routes=0
--seed=2083766707
--use_milp_in_otf=0
--xcheck_isfeasible=false

EADARPInstance(EADARP/instances/l1/a8-64.txt, n=64, n_K=8, S=[147, 148, 149], Q=14.85, n_F=8, γ=0.7, T_plan=480.0, F=[139, 140, 141, 142, 143, 144, 145, 146])

T preprocessing time [s]: 2.21114
I       iter             best          obj_old          obj_new        time              method info
I          1        726.72407     100064.00000        726.72407      0.2610                 con 
I          2        725.46789        726.72407        725.46789      0.3392        drrr_15+rrri 
I          5        720.50437        725.46789        720.50437      0.5209        drrr_15+rroi 
I         10        713.81334        720.50437        713.81334      0.6657         drrr_15+rrg 
I         14        705.78485        713.81334        705.78485      0.8342        drrr_15+rroi 
I         15        704.90217        705.78485        704.90217      0.8671        drrr_15+rrri 
I         16        701.10553        704.90217        701.10553      0.8868        drrr_15+rroi 
I         19        697.42688        701.10553        697.42688      0.9668        drrr_15+rrri 
I         26        689.91602        697.42688        689.91602      1.0499        drrr_15+rroi 
I         31        687.11090        689.91602        687.11090      1.1037        drrr_15+rroi 
I         48        686.88206        687.11090        686.88206      1.2563         drrr_15+rrg 
I         49        682.10541        686.88206        682.10541      1.2663        drrr_15+rrri 
I         54        680.64612        682.10541        680.64612      1.3323        drrr_15+rrri 
I         61        680.47546        680.64612        680.47546      1.3570        drrr_15+rroi 
I         64        679.61472        680.47546        679.61472      1.3713        drrr_15+rroi 
I         76        676.03708        679.61472        676.03708      1.4171        drrr_15+rrri 
I        107        675.02116        676.03708        675.02116      1.6100        drrr_15+rroi 
I        112        672.08140        675.02116        672.08140      1.6250        drrr_15+rroi 
I        149        671.68830        672.08140        671.68830      1.7295        drrr_15+rrri 
I        151        668.47984        671.68830        668.47984      1.7377        drrr_15+rroi 
I        182        664.77135        668.47984        664.77135      1.8106         drrr_15+rrg 
I        192        664.69728        664.77135        664.69728      1.8542        drrr_15+rrri 
I        206        664.38900        664.69728        664.38900      1.9023        drrr_15+rroi 
I        237        663.64155        664.38900        663.64155      2.0378        drrr_15+rroi 
I        256        661.14046        663.64155        661.14046      2.1012         drrr_15+rrg 
I        365        660.17168        661.14046        660.17168      2.2522        drrr_15+rrri 
I        386        659.84888        660.17168        659.84888      2.2912        drrr_15+rrri 
I        402        659.30071        659.84888        659.30071      2.3565        drrr_15+rroi 
I        473        659.07102        659.30071        659.07102      2.4805        drrr_15+rroi 
I        666        656.64571        659.07102        656.64571      2.8471         drrr_15+rrg 
I       1363        655.69585        656.64571        655.69585      3.5160        drrr_15+rrri 
I       1418        652.26703        655.69585        652.26703      3.5987        drrr_15+rroi 
I       1515        652.13700        652.26703        652.13700      3.8610        drrr_15+rroi 
I       2178        651.89706        652.13700        651.89706      4.5171        drrr_15+rroi 
I       2179        646.31040        651.89706        646.31040      4.5174        drrr_15+rroi 
I       4739        646.01108        646.31040        646.01108      6.2959         drrr_15+rrg 
I       5686        646.01108        646.01108        646.01108      6.7455        drrr_15+rrri 
I      20209        645.94440        646.01108        645.94440     13.4664        drrr_15+rrri 
I      20212        643.08234        645.94440        643.08234     13.4761         drrr_15+rrg 
I      20855        642.42581        643.08234        642.42581     13.8696        drrr_15+rrri 
I      20865        641.31301        642.42581        641.31301     13.8797        drrr_15+rrri 
I      30000        641.31301        641.31301        641.31301     17.5987        drrr_15+rroi 

Method statistics
S  method    iter  succ  succ-rate%  tot-obj-gain  avg-obj-gain  rel-succ%  net-time  net-time%  brut-time  brut-time%
S  con          1     1   100.00000  -99337.27593  -99337.27593    1.23457   0.26100    1.48307    0.26100     1.48307
S  drrr_15  29999    40     0.13334     -85.41106      -0.00285   49.38272   0.28748    1.63355    0.28748     1.63355
S  rrg       9906     7     0.07066     -18.71613      -0.00189    8.64198   6.99858   39.76762    6.99858    39.76762
S  rroi     10117    18     0.17792     -46.51920      -0.00460   22.22222   3.87711   22.03067    3.87711    22.03067
S  rrri      9976    15     0.15036     -20.17573      -0.00202   18.51852   6.08746   34.59040    6.08746    34.59040
S  SUM/AVG  59999    81     0.13500  -99508.09805      -1.65850   20.00000  17.51164   99.50529   17.51164    99.50529

T best solution: EADARPSolution(t_routing=798.937, t_excess=168.441, obj_val=641.313, obj_val_valid=true,
    unserved_requests=Int64[], F_visited=[142, 146, 143, 139, 145, 144, 141, 140], S_visited=Int64[],
    (1, ([131, 55, 119, 56, 120, 6, 70, 42, 106, 51, 5, 115, 69, 39, 103, 30, 50, 94, 114, 147, 139], [47.70171085343124], [20]))
    (2, ([132, 33, 97, 43, 107, 20, 84, 49, 28, 92, 113, 31, 95, 41, 63, 127, 105, 10, 74, 147, 140], [6.600451286069515], [20]))
    (3, ([133, 37, 101, 48, 112, 46, 110, 29, 93, 40, 104, 15, 79, 141], Float64[], Int64[]))
    (4, ([134, 59, 123, 19, 83, 12, 7, 76, 71, 142], Float64[], Int64[]))
    (5, ([135, 45, 109, 52, 116, 4, 68, 58, 122, 148, 2, 66, 60, 23, 124, 18, 87, 82, 143], [16.541148228534293], [10]))
    (6, ([136, 64, 34, 128, 98, 11, 75, 17, 81, 38, 102, 21, 85, 36, 100, 148, 53, 117, 27, 24, 88, 91, 144], [55.770012321419735], [16]))
    (7, ([137, 26, 32, 96, 90, 8, 44, 57, 72, 108, 121, 16, 80, 1, 35, 65, 99, 9, 47, 73, 111, 61, 22, 125, 86, 62, 126, 149, 54, 118, 25, 89, 147, 145], [78.34429146080566, 8.461341545535559], [28, 33]))
    (8, ([138, 3, 67, 13, 77, 14, 78, 146], Float64[], Int64[])))

T best obj: 641.3130067073778
T best iteration: 20865
T total iterations: 30000
T best time [s]: 13.880
T total time [s]: 17.5987
