EADARP version 585c-dirty
ARGS: --ifile=EADARP/instances/l1/a8-64.txt --infeasible_arcs=EADARP/infeasible_arcs --gamma=0.7 --only_single_s_visits=false --odir=EADARP/out/a8-64 --oname=run51
Settings:
--alns_gamma=0.025
--alns_segment_size=100
--alns_sigma1=10
--alns_sigma2=9
--alns_sigma3=3
--at_most_one_s=false
--gamma=0.7
--ifile=EADARP/instances/l1/a8-64.txt
--infeasible_arcs=EADARP/infeasible_arcs
--insert_charging_otf=true
--insert_cost_noise=0.014
--lns_init_temp_factor=0.0
--lns_temp_dec_factor=0.99
--mh_checkit=false
--mh_lfreq=0
--mh_lnewinc=true
--mh_tciter=-1
--mh_tctime=-1.0
--mh_titer=30000
--mh_tobj=-1.0
--mh_ttime=-1.0
--odir=EADARP/out/a8-64
--oname=run51
--only_single_s_visits=false
--repair_max_routes=0
--seed=211056112
--use_milp_in_otf=0
--xcheck_isfeasible=false

EADARPInstance(EADARP/instances/l1/a8-64.txt, n=64, n_K=8, S=[147, 148, 149], Q=14.85, n_F=8, γ=0.7, T_plan=480.0, F=[139, 140, 141, 142, 143, 144, 145, 146])

T preprocessing time [s]: 2.28009
I       iter             best          obj_old          obj_new        time              method info
I          1        743.67725     100064.00000        743.67725      0.2388                 con 
I          2        731.48043        743.67725        731.48043      0.3369        drrr_15+rroi 
I          7        729.67628        731.48043        729.67628      0.5738        drrr_15+rroi 
I          8        723.15155        729.67628        723.15155      0.6098        drrr_15+rrri 
I         11        713.56562        723.15155        713.56562      0.7220         drrr_15+rrg 
I         13        710.00882        713.56562        710.00882      0.7774        drrr_15+rroi 
I         17        685.75769        710.00882        685.75769      0.8731        drrr_15+rrri 
I         20        682.32327        685.75769        682.32327      0.9362        drrr_15+rrri 
I         31        674.82504        682.32327        674.82504      1.0758         drrr_15+rrg 
I         33        674.82047        674.82504        674.82047      1.1495        drrr_15+rroi 
I         35        673.75664        674.82047        673.75664      1.1654        drrr_15+rrri 
I         42        673.62013        673.75664        673.62013      1.2315         drrr_15+rrg 
I         47        672.94653        673.62013        672.94653      1.2739        drrr_15+rrri 
I         49        670.05812        672.94653        670.05812      1.2821         drrr_15+rrg 
I         60        667.33931        670.05812        667.33931      1.3597        drrr_15+rrri 
I         62        660.42936        667.33931        660.42936      1.3701        drrr_15+rroi 
I         65        659.36520        660.42936        659.36520      1.3807         drrr_15+rrg 
I         68        656.28089        659.36520        656.28089      1.4123        drrr_15+rrri 
I         71        656.28089        656.28089        656.28089      1.4509        drrr_15+rrri 
I        189        656.23921        656.28089        656.23921      1.8845        drrr_15+rroi 
I        268        655.94305        656.23921        655.94305      2.0606        drrr_15+rroi 
I       1193        655.76989        655.94305        655.76989      3.2326        drrr_15+rroi 
I       1271        655.62626        655.76989        655.62626      3.2944        drrr_15+rroi 
I       1276        655.06396        655.62626        655.06396      3.3008        drrr_15+rrri 
I       1369        654.02765        655.06396        654.02765      3.4368        drrr_15+rrri 
I       1473        652.33385        654.02765        652.33385      3.5556        drrr_15+rrri 
I       1502        652.15684        652.33385        652.15684      3.5769        drrr_15+rroi 
I       1691        649.43709        652.15684        649.43709      3.7503        drrr_15+rrri 
I       1711        649.09782        649.43709        649.09782      3.7947         drrr_15+rrg 
I       1716        648.84457        649.09782        648.84457      3.7960        drrr_15+rroi 
I       1718        648.66756        648.84457        648.66756      3.7997         drrr_15+rrg 
I       1780        647.00578        648.66756        647.00578      3.8459         drrr_15+rrg 
I       2393        646.67813        647.00578        646.67813      4.2651         drrr_15+rrg 
I       3338        643.48132        646.67813        643.48132      4.8048        drrr_15+rroi 
I       4027        642.81858        643.48132        642.81858      5.1996        drrr_15+rroi 
I       4044        641.22306        642.81858        641.22306      5.2063        drrr_15+rrri 
I       4076        641.05787        641.22306        641.05787      5.2218        drrr_15+rroi 
I      30000        641.05787        641.05787        662.54519     16.6445         drrr_15+rrg 

Method statistics
S  method    iter  succ  succ-rate%  tot-obj-gain  avg-obj-gain  rel-succ%  net-time  net-time%  brut-time  brut-time%
S  con          1     1   100.00000  -99320.32275  -99320.32275    1.36986   0.23874    1.43434    0.23874     1.43434
S  drrr_15  29999    36     0.12000    -102.61938      -0.00342   49.31507   0.28095    1.68796    0.28095     1.68796
S  rrg      10065     9     0.08942     -23.67896      -0.00235   12.32877   6.69761   40.23900    6.69761    40.23900
S  rroi      9856    14     0.14205     -29.58193      -0.00300   19.17808   3.77670   22.69027    3.77670    22.69027
S  rrri     10078    13     0.12899     -49.35850      -0.00490   17.80822   5.55272   33.36054    5.55272    33.36054
S  SUM/AVG  59999    73     0.12167  -99525.56152      -1.65879   20.00000  16.54671   99.41212   16.54671    99.41212

T best solution: EADARPSolution(t_routing=791.301, t_excess=190.33, obj_val=641.058, obj_val_valid=true,
    unserved_requests=Int64[], F_visited=[141, 140, 146, 144, 143, 145, 139, 142], S_visited=Int64[],
    (1, ([131, 64, 34, 128, 98, 11, 29, 75, 93, 1, 35, 99, 65, 9, 73, 4, 68, 58, 122, 148, 2, 66, 60, 23, 124, 18, 87, 82, 139], [80.45161480093704], [20]))
    (2, ([132, 3, 67, 13, 77, 14, 78, 140], Float64[], Int64[]))
    (3, ([133, 55, 119, 56, 120, 46, 110, 16, 43, 80, 107, 20, 84, 36, 47, 100, 111, 61, 22, 125, 86, 12, 7, 76, 71, 147, 141], [48.758177738323575], [26]))
    (4, ([134, 37, 101, 48, 112, 6, 70, 42, 106, 51, 115, 15, 79, 147, 142], [5.426804868905128], [14]))
    (5, ([135, 26, 32, 96, 90, 40, 104, 28, 49, 92, 113, 53, 117, 27, 24, 88, 91, 147, 143], [15.679072919956674], [18]))
    (6, ([136, 45, 109, 52, 116, 17, 81, 38, 102, 21, 85, 62, 126, 149, 54, 118, 25, 89, 144], [9.900380142431617], [14]))
    (7, ([137, 8, 44, 57, 72, 108, 121, 31, 95, 41, 63, 127, 105, 10, 74, 147, 145], [2.6238276627513746], [16]))
    (8, ([138, 33, 97, 59, 123, 5, 19, 83, 69, 39, 103, 30, 50, 94, 114, 146], Float64[], Int64[])))

T best obj: 641.0578684359247
T best iteration: 4076
T total iterations: 30000
T best time [s]: 5.222
T total time [s]: 16.6446
