EADARP version 2def-dirty
ARGS: --ifile=EADARP/instances/l1/a8-64.txt --odir=EADARP/out/a8-64 --oname=run60
Settings:
--alns_gamma=0.025
--alns_segment_size=100
--alns_sigma1=10
--alns_sigma2=9
--alns_sigma3=3
--at_most_one_s=false
--gamma=-1.0
--ifile=EADARP/instances/l1/a8-64.txt
--insert_charging_otf=true
--insert_cost_noise=0.014
--lns_init_temp_factor=0.0
--lns_temp_dec_factor=0.99
--mh_checkit=false
--mh_lfreq=0
--mh_lnewinc=true
--mh_tciter=-1
--mh_tctime=-1.0
--mh_titer=300
--mh_tobj=-1.0
--mh_ttime=-1.0
--odir=EADARP/out/a8-64
--oname=run60
--only_single_s_visits=true
--repair_max_routes=0
--seed=984738414
--use_milp_in_otf=0
--xcheck_isfeasible=false

EADARPInstance(EADARP/instances/l1/a8-64.txt, n=64, n_K=8, S=[147, 148, 149], Q=14.85, n_F=8, γ=0.7, T_plan=480.0, F=[139, 140, 141, 142, 143, 144, 145, 146])

T preprocessing time [s]: 2.08711
I       iter             best          obj_old          obj_new        time              method info
I          1     100003.00000     100064.00000     100003.00000      0.2613                 con 
I          2     100001.00000     100003.00000     100001.00000      0.3297         drrr_15+rrg 
I         30        729.87009     100001.00000        729.87009      1.1435         drrr_15+rrg 
I         31        721.28897        729.87009        721.28897      1.1852        drrr_15+rroi 
I         32        720.47636        721.28897        720.47636      1.2192        drrr_15+rroi 
I         71        712.50670        720.47636        712.50670      1.6892         drrr_15+rrg 
I         74        711.91819        712.50670        711.91819      1.7342         drrr_15+rrg 
I         76        707.48849        711.91819        707.48849      1.8322        drrr_15+rrri 
I         78        700.08843        707.48849        700.08843      1.9112        drrr_15+rroi 
I         89        699.24225        700.08843        699.24225      2.0827        drrr_15+rrri 
I         99        695.39688        699.24225        695.39688      2.1563        drrr_15+rrri 
I        100        694.34838        695.39688        694.34838      2.1565        drrr_15+rroi 
I        106        693.51888        694.34838        693.51888      2.1787        drrr_15+rroi 
I        113        692.90023        693.51888        692.90023      2.2143        drrr_15+rroi 
I        181        691.30407        692.90023        691.30407      2.5326         drrr_15+rrg 
I        185        689.57256        691.30407        689.57256      2.5602         drrr_15+rrg 
I        208        684.31168        689.57256        684.31168      2.6746        drrr_15+rrri 
I        234        683.69484        684.31168        683.69484      2.7213         drrr_15+rrg 
I        236        682.08395        683.69484        682.08395      2.7284         drrr_15+rrg 
I        247        678.23858        682.08395        678.23858      2.7930        drrr_15+rroi 
I        253        674.57179        678.23858        674.57179      2.8197        drrr_15+rrri 
I        258        667.61189        674.57179        667.61189      2.8527        drrr_15+rroi 
I        259        667.08604        667.61189        667.08604      2.8648         drrr_15+rrg 
I        262        663.43598        667.08604        663.43598      2.8728        drrr_15+rrri 
I        264        660.84050        663.43598        660.84050      2.8833        drrr_15+rrri 
I        277        659.03765        660.84050        659.03765      2.9475        drrr_15+rrri 
I        300        659.03765        659.03765        676.12905      2.9979        drrr_15+rrri 

Method statistics
S  method    iter  succ  succ-rate%  tot-obj-gain  avg-obj-gain  rel-succ%  net-time  net-time%  brut-time  brut-time%
S  con          1     1   100.00000     -61.00000     -61.00000    1.96078   0.26129    8.71582    0.26129     8.71582
S  drrr_15    299    25     8.36120  -99343.96235    -332.25405   49.01961   0.00403    0.13453    0.00403     0.13453
S  rrg        108     9     8.33333  -99287.76934    -919.33120   17.64706   1.18158   39.41360    1.18158    39.41360
S  rroi        93     8     8.60215     -30.09569      -0.32361   15.68627   0.81332   27.12977    0.81332    27.12977
S  rrri        98     8     8.16327     -26.09732      -0.26630   15.68627   0.73563   24.53828    0.73563    24.53828
S  SUM/AVG    599    51     8.51419 -198748.92470    -331.80121   20.00000   2.99586   99.93200    2.99586    99.93200

T best solution: EADARPSolution(t_routing=819.039, t_excess=179.033, obj_val=659.038, obj_val_valid=true,
    unserved_requests=Int64[], F_visited=[143, 141, 145, 144, 140, 146, 139, 142], S_visited=[148, 147, 149],
    (1, ([131, 33, 97, 1, 35, 99, 65, 31, 95, 41, 63, 127, 105, 10, 74, 139], Float64[], Int64[]))
    (2, ([132, 55, 119, 56, 120, 17, 81, 38, 102, 21, 85, 36, 100, 58, 122, 51, 5, 115, 69, 15, 79, 147, 140], [59.9317954832045], [22]))
    (3, ([133, 59, 123, 19, 83, 39, 103, 30, 50, 94, 114, 25, 89, 141], Float64[], Int64[]))
    (4, ([134, 26, 32, 96, 90, 40, 104, 61, 22, 125, 86, 62, 126, 12, 7, 76, 71, 142], Float64[], Int64[]))
    (5, ([135, 3, 37, 67, 101, 48, 112, 46, 110, 6, 70, 9, 47, 73, 111, 4, 68, 148, 2, 66, 23, 87, 27, 91, 143], [73.45752946329672], [18]))
    (6, ([136, 8, 44, 57, 72, 108, 121, 42, 106, 60, 124, 24, 88, 144], Float64[], Int64[]))
    (7, ([137, 45, 109, 52, 116, 13, 77, 14, 78, 145], Float64[], Int64[]))
    (8, ([138, 64, 34, 128, 98, 11, 29, 16, 75, 93, 43, 80, 107, 20, 84, 49, 28, 92, 113, 53, 117, 149, 54, 118, 18, 82, 146], [82.25295184728863], [22])))

T best obj: 659.0376516508929
T best iteration: 277
T total iterations: 300
T best time [s]: 2.947
T total time [s]: 2.9979
