EADARP version 585c-dirty
ARGS: --ifile=EADARP/instances/l1/a8-64.txt --infeasible_arcs=EADARP/infeasible_arcs --gamma=0.7 --only_single_s_visits=false --odir=EADARP/out/a8-64 --oname=run6
Settings:
--alns_gamma=0.025
--alns_segment_size=100
--alns_sigma1=10
--alns_sigma2=9
--alns_sigma3=3
--at_most_one_s=false
--gamma=0.7
--ifile=EADARP/instances/l1/a8-64.txt
--infeasible_arcs=EADARP/infeasible_arcs
--insert_charging_otf=true
--insert_cost_noise=0.014
--lns_init_temp_factor=0.0
--lns_temp_dec_factor=0.99
--mh_checkit=false
--mh_lfreq=0
--mh_lnewinc=true
--mh_tciter=-1
--mh_tctime=-1.0
--mh_titer=30000
--mh_tobj=-1.0
--mh_ttime=-1.0
--odir=EADARP/out/a8-64
--oname=run6
--only_single_s_visits=false
--repair_max_routes=0
--seed=1041574703
--use_milp_in_otf=0
--xcheck_isfeasible=false

EADARPInstance(EADARP/instances/l1/a8-64.txt, n=64, n_K=8, S=[147, 148, 149], Q=14.85, n_F=8, γ=0.7, T_plan=480.0, F=[139, 140, 141, 142, 143, 144, 145, 146])

T preprocessing time [s]: 2.18484
I       iter             best          obj_old          obj_new        time              method info
I          1        730.35890     100064.00000        730.35890      0.2617                 con 
I          2        728.66948        730.35890        728.66948      0.3134         drrr_15+rrg 
I          3        707.10221        728.66948        707.10221      0.4110        drrr_15+rroi 
I          7        698.34946        707.10221        698.34946      0.5588         drrr_15+rrg 
I          8        694.12454        698.34946        694.12454      0.6124         drrr_15+rrg 
I          9        692.19534        694.12454        692.19534      0.6313        drrr_15+rrri 
I         18        688.80307        692.19534        688.80307      0.8359        drrr_15+rroi 
I         24        682.83185        688.80307        682.83185      0.9786        drrr_15+rroi 
I         26        682.62698        682.83185        682.62698      1.0011         drrr_15+rrg 
I         27        675.94284        682.62698        675.94284      1.0269        drrr_15+rroi 
I         28        673.38977        675.94284        673.38977      1.0455        drrr_15+rrri 
I         32        666.16155        673.38977        666.16155      1.1681        drrr_15+rrri 
I         38        665.41159        666.16155        665.41159      1.2563        drrr_15+rroi 
I         51        661.97733        665.41159        661.97733      1.4401        drrr_15+rroi 
I         62        661.27969        661.97733        661.27969      1.5513        drrr_15+rrri 
I         94        660.42209        661.27969        660.42209      1.9041        drrr_15+rroi 
I        111        659.65794        660.42209        659.65794      1.9844        drrr_15+rrri 
I        114        658.83715        659.65794        658.83715      1.9950        drrr_15+rroi 
I        248        658.80045        658.83715        658.80045      2.6284        drrr_15+rrri 
I        250        658.24375        658.80045        658.24375      2.6289        drrr_15+rrri 
I        317        655.30399        658.24375        655.30399      2.7360        drrr_15+rrri 
I        464        654.71779        655.30399        654.71779      2.9587        drrr_15+rroi 
I        477        654.24216        654.71779        654.24216      3.0027        drrr_15+rrri 
I        590        653.00092        654.24216        653.00092      3.2428        drrr_15+rrri 
I        615        649.75947        653.00092        649.75947      3.4736         drrr_15+rrg 
I        617        647.82927        649.75947        647.82927      3.4747         drrr_15+rrg 
I        946        645.96699        647.82927        645.96699      3.8261        drrr_15+rroi 
I        971        645.65870        645.96699        645.65870      3.8494         drrr_15+rrg 
I        985        645.25053        645.65870        645.25053      3.8628         drrr_15+rrg 
I        993        644.91125        645.25053        644.91125      3.8809        drrr_15+rroi 
I       1132        642.41017        644.91125        642.41017      4.1318         drrr_15+rrg 
I       2152        641.91512        642.41017        641.91512      5.0267        drrr_15+rroi 
I      25437        641.88855        641.91512        641.88855     16.1529        drrr_15+rrri 
I      25474        641.74492        641.88855        641.74492     16.1942        drrr_15+rroi 
I      26538        641.00959        641.74492        641.00959     16.6455        drrr_15+rroi 
I      28518        640.94765        641.00959        640.94765     17.5476        drrr_15+rrri 
I      30000        640.94765        640.94765        640.94765     18.2382         drrr_15+rrg 

Method statistics
S  method    iter  succ  succ-rate%  tot-obj-gain  avg-obj-gain  rel-succ%  net-time  net-time%  brut-time  brut-time%
S  con          1     1   100.00000  -99333.64110  -99333.64110    1.40845   0.26168    1.43480    0.26168     1.43480
S  drrr_15  29999    35     0.11667     -89.41125      -0.00298   49.29577   0.29830    1.63556    0.29830     1.63556
S  rrg      10015     9     0.08987     -23.26116      -0.00232   12.67606   7.94617   43.56879    7.94617    43.56879
S  rroi      9952    14     0.14068     -47.63927      -0.00479   19.71831   3.90936   21.43499    3.90936    21.43499
S  rrri     10032    12     0.11962     -18.51082      -0.00185   16.90141   5.74561   31.50309    5.74561    31.50309
S  SUM/AVG  59999    71     0.11834  -99512.46361      -1.65857   20.00000  18.16112   99.57724   18.16112    99.57724

T best solution: EADARPSolution(t_routing=795.068, t_excess=178.587, obj_val=640.948, obj_val_valid=true,
    unserved_requests=Int64[], F_visited=[139, 144, 142, 141, 140, 146, 143, 145], S_visited=Int64[],
    (1, ([131, 55, 119, 56, 120, 6, 70, 42, 106, 51, 5, 115, 69, 39, 103, 30, 50, 94, 114, 147, 139], [47.70171085343124], [20]))
    (2, ([132, 37, 101, 48, 112, 46, 110, 53, 117, 27, 24, 88, 91, 140], Float64[], Int64[]))
    (3, ([133, 8, 44, 57, 72, 108, 121, 16, 80, 59, 123, 19, 83, 149, 54, 118, 25, 89, 141], [24.45964388444892], [14]))
    (4, ([134, 33, 97, 43, 107, 20, 84, 49, 28, 92, 113, 31, 95, 41, 63, 127, 105, 10, 74, 147, 142], [6.600451286069515], [20]))
    (5, ([135, 45, 109, 52, 116, 17, 81, 38, 102, 21, 85, 36, 47, 100, 111, 61, 22, 125, 86, 62, 126, 12, 7, 76, 71, 147, 143], [42.7374171251173], [26]))
    (6, ([136, 64, 34, 128, 98, 11, 29, 75, 93, 1, 35, 99, 65, 9, 73, 4, 68, 58, 122, 148, 2, 66, 60, 23, 124, 18, 87, 82, 144], [80.45161480093704], [20]))
    (7, ([137, 26, 32, 96, 90, 40, 104, 15, 79, 145], Float64[], Int64[]))
    (8, ([138, 3, 67, 13, 77, 14, 78, 146], Float64[], Int64[])))

T best obj: 640.9476480263868
T best iteration: 28518
T total iterations: 30000
T best time [s]: 17.548
T total time [s]: 18.2382
