EADARP version 585c-dirty
ARGS: --ifile=EADARP/instances/l1/a8-64.txt --infeasible_arcs=EADARP/infeasible_arcs --gamma=0.7 --only_single_s_visits=false --odir=EADARP/out/a8-64 --oname=run79
Settings:
--alns_gamma=0.025
--alns_segment_size=100
--alns_sigma1=10
--alns_sigma2=9
--alns_sigma3=3
--at_most_one_s=false
--gamma=0.7
--ifile=EADARP/instances/l1/a8-64.txt
--infeasible_arcs=EADARP/infeasible_arcs
--insert_charging_otf=true
--insert_cost_noise=0.014
--lns_init_temp_factor=0.0
--lns_temp_dec_factor=0.99
--mh_checkit=false
--mh_lfreq=0
--mh_lnewinc=true
--mh_tciter=-1
--mh_tctime=-1.0
--mh_titer=30000
--mh_tobj=-1.0
--mh_ttime=-1.0
--odir=EADARP/out/a8-64
--oname=run79
--only_single_s_visits=false
--repair_max_routes=0
--seed=288631362
--use_milp_in_otf=0
--xcheck_isfeasible=false

EADARPInstance(EADARP/instances/l1/a8-64.txt, n=64, n_K=8, S=[147, 148, 149], Q=14.85, n_F=8, γ=0.7, T_plan=480.0, F=[139, 140, 141, 142, 143, 144, 145, 146])

T preprocessing time [s]: 2.2583
I       iter             best          obj_old          obj_new        time              method info
I          1        730.35890     100064.00000        730.35890      0.2421                 con 
I          2        712.31787        730.35890        712.31787      0.3231        drrr_15+rroi 
I          4        702.66265        712.31787        702.66265      0.4074        drrr_15+rroi 
I          5        693.41098        702.66265        693.41098      0.4316        drrr_15+rroi 
I          6        691.42802        693.41098        691.42802      0.4443        drrr_15+rroi 
I         16        689.73928        691.42802        689.73928      0.7492         drrr_15+rrg 
I         17        679.02082        689.73928        679.02082      0.7816        drrr_15+rrri 
I         18        677.08496        679.02082        677.08496      0.8143        drrr_15+rroi 
I         22        676.06499        677.08496        676.06499      0.8720        drrr_15+rrri 
I         24        672.75781        676.06499        672.75781      0.9353         drrr_15+rrg 
I         28        670.15529        672.75781        670.15529      0.9741        drrr_15+rroi 
I         58        667.65421        670.15529        667.65421      1.1725         drrr_15+rrg 
I        113        666.45810        667.65421        666.45810      1.4748        drrr_15+rrri 
I        154        665.31163        666.45810        665.31163      1.5853        drrr_15+rroi 
I        204        664.72938        665.31163        664.72938      1.7958         drrr_15+rrg 
I        213        664.28551        664.72938        664.28551      1.8204         drrr_15+rrg 
I        218        661.94686        664.28551        661.94686      1.8451        drrr_15+rrri 
I        502        661.48205        661.94686        661.48205      2.4566        drrr_15+rrri 
I        519        658.59405        661.48205        658.59405      2.4706        drrr_15+rrri 
I        523        658.11842        658.59405        658.11842      2.4835         drrr_15+rrg 
I        567        657.14478        658.11842        657.14478      2.5472        drrr_15+rrri 
I       1072        656.39049        657.14478        656.39049      3.2100        drrr_15+rroi 
I       1094        656.38172        656.39049        656.38172      3.2200        drrr_15+rroi 
I       1144        656.37692        656.38172        656.37692      3.3518         drrr_15+rrg 
I       1160        650.22797        656.37692        650.22797      3.3700         drrr_15+rrg 
I       1198        648.81759        650.22797        648.81759      3.3978         drrr_15+rrg 
I       1336        647.80158        648.81759        647.80158      3.5446        drrr_15+rrri 
I       1337        645.42083        647.80158        645.42083      3.5448        drrr_15+rroi 
I       2385        642.08006        645.42083        642.08006      4.3086        drrr_15+rrri 
I      10001        641.75690        642.08006        641.75690      8.1776        drrr_15+rroi 
I      30000        641.75690        641.75690        653.09281     16.6367        drrr_15+rroi 

Method statistics
S  method    iter  succ  succ-rate%  tot-obj-gain  avg-obj-gain  rel-succ%  net-time  net-time%  brut-time  brut-time%
S  con          1     1   100.00000  -99333.64110  -99333.64110    1.69492   0.24206    1.45497    0.24206     1.45497
S  drrr_15  29999    29     0.09667     -88.60201      -0.00295   49.15254   0.28929    1.73889    0.28929     1.73889
S  rrg       9883     9     0.09107     -16.56287      -0.00168   15.25424   6.78894   40.80704    6.78894    40.80704
S  rroi     10101    11     0.10890     -48.08271      -0.00476   18.64407   3.78459   22.74843    3.78459    22.74843
S  rrri     10015     9     0.08987     -23.95642      -0.00239   15.25424   5.43365   32.66062    5.43365    32.66062
S  SUM/AVG  59999    59     0.09833  -99510.84511      -1.65854   20.00000  16.53852   99.40994   16.53852    99.40994

T best solution: EADARPSolution(t_routing=784.604, t_excess=213.214, obj_val=641.757, obj_val_valid=true,
    unserved_requests=Int64[], F_visited=[141, 146, 140, 139, 145, 143, 144, 142], S_visited=Int64[],
    (1, ([131, 37, 101, 48, 17, 112, 81, 38, 102, 21, 85, 5, 19, 83, 69, 39, 103, 30, 50, 94, 114, 147, 139], [42.09797459259464], [22]))
    (2, ([132, 26, 32, 96, 90, 8, 44, 57, 72, 108, 121, 53, 117, 27, 24, 88, 91, 147, 140], [17.007539598012272], [18]))
    (3, ([133, 3, 67, 13, 77, 29, 16, 93, 43, 80, 107, 20, 84, 59, 123, 36, 47, 100, 111, 61, 22, 125, 86, 62, 126, 12, 7, 76, 71, 147, 141], [62.175988858069886], [30]))
    (4, ([134, 142], Float64[], Int64[]))
    (5, ([135, 33, 97, 1, 35, 99, 65, 9, 73, 4, 68, 42, 106, 51, 115, 15, 79, 147, 143], [18.257057212715726], [18]))
    (6, ([136, 45, 109, 52, 116, 40, 104, 28, 49, 92, 113, 31, 95, 41, 63, 127, 105, 10, 74, 149, 54, 118, 25, 89, 144], [43.3117934677267], [20]))
    (7, ([137, 55, 119, 56, 120, 46, 110, 6, 70, 14, 78, 147, 145], [6.3447827345110275], [12]))
    (8, ([138, 64, 34, 128, 98, 11, 75, 58, 122, 148, 2, 66, 60, 23, 124, 18, 87, 82, 146], [28.409270410534013], [10])))

T best obj: 641.7568955342001
T best iteration: 10001
T total iterations: 30000
T best time [s]: 8.178
T total time [s]: 16.6367
