EADARP version 2def-dirty
ARGS: --ifile=EADARP/instances/l1/a8-64.txt --odir=EADARP/out/a8-64 --oname=run7
Settings:
--alns_gamma=0.025
--alns_segment_size=100
--alns_sigma1=10
--alns_sigma2=9
--alns_sigma3=3
--at_most_one_s=false
--gamma=-1.0
--ifile=EADARP/instances/l1/a8-64.txt
--insert_charging_otf=true
--insert_cost_noise=0.014
--lns_init_temp_factor=0.0
--lns_temp_dec_factor=0.99
--mh_checkit=false
--mh_lfreq=0
--mh_lnewinc=true
--mh_tciter=-1
--mh_tctime=-1.0
--mh_titer=300
--mh_tobj=-1.0
--mh_ttime=-1.0
--odir=EADARP/out/a8-64
--oname=run7
--only_single_s_visits=true
--repair_max_routes=0
--seed=1637335130
--use_milp_in_otf=0
--xcheck_isfeasible=false

EADARPInstance(EADARP/instances/l1/a8-64.txt, n=64, n_K=8, S=[147, 148, 149], Q=14.85, n_F=8, γ=0.7, T_plan=480.0, F=[139, 140, 141, 142, 143, 144, 145, 146])

T preprocessing time [s]: 2.12947
I       iter             best          obj_old          obj_new        time              method info
I          1     100003.00000     100064.00000     100003.00000      0.2434                 con 
I          8     100002.00000     100003.00000     100002.00000      0.5793        drrr_15+rrri 
I         11     100001.00000     100002.00000     100001.00000      0.7531        drrr_15+rrri 
I         15        751.16292     100001.00000        751.16292      0.9469        drrr_15+rrri 
I         19        746.97409        751.16292        746.97409      1.0194        drrr_15+rrri 
I         24        742.51572        746.97409        742.51572      1.1244         drrr_15+rrg 
I         28        733.67689        742.51572        733.67689      1.1918         drrr_15+rrg 
I         32        730.82040        733.67689        730.82040      1.2309        drrr_15+rrri 
I         36        730.53582        730.82040        730.53582      1.3208        drrr_15+rroi 
I         52        728.02755        730.53582        728.02755      1.5091         drrr_15+rrg 
I         75        725.35444        728.02755        725.35444      1.6427        drrr_15+rroi 
I        174        724.94797        725.35444        724.94797      2.0732        drrr_15+rroi 
I        206        724.49347        724.94797        724.49347      2.3137        drrr_15+rroi 
I        209        722.84284        724.49347        722.84284      2.3403        drrr_15+rroi 
I        220        719.49399        722.84284        719.49399      2.4532        drrr_15+rrri 
I        234        718.16822        719.49399        718.16822      2.6353        drrr_15+rrri 
I        239        716.96269        718.16822        716.96269      2.6572        drrr_15+rrri 
I        258        716.69633        716.96269        716.69633      2.7303        drrr_15+rroi 
I        259        710.63803        716.69633        710.63803      2.7363         drrr_15+rrg 
I        268        699.72646        710.63803        699.72646      2.8081        drrr_15+rrri 
I        280        696.41002        699.72646        696.41002      2.8670        drrr_15+rroi 
I        286        693.47026        696.41002        693.47026      2.8752        drrr_15+rrri 
I        292        693.11740        693.47026        693.11740      2.8974         drrr_15+rrg 
I        299        691.82724        693.11740        691.82724      2.9323        drrr_15+rroi 
I        300        691.82724        691.82724        691.82724      2.9349        drrr_15+rroi 

Method statistics
S  method    iter  succ  succ-rate%  tot-obj-gain  avg-obj-gain  rel-succ%  net-time  net-time%  brut-time  brut-time%
S  con          1     1   100.00000     -61.00000     -61.00000    2.12766   0.24342    8.29378    0.24342     8.29378
S  drrr_15    299    23     7.69231  -99311.17276    -332.14439   48.93617   0.00400    0.13621    0.00400     0.13621
S  rrg        109     5     4.58716     -22.21663      -0.20382   10.63830   0.81045   27.61366    0.81045    27.61366
S  rroi        98     8     8.16327     -10.34225      -0.10553   17.02128   0.91507   31.17836    0.91507    31.17836
S  rrri        92    10    10.86957  -99278.61388   -1079.11537   21.27660   0.96012   32.71327    0.96012    32.71327
S  SUM/AVG    599    47     7.84641 -198683.34552    -331.69173   20.00000   2.93306   99.93527    2.93306    99.93527

T best solution: EADARPSolution(t_routing=866.091, t_excess=169.035, obj_val=691.827, obj_val_valid=true,
    unserved_requests=Int64[], F_visited=[139, 141, 145, 142, 146, 144, 143, 140], S_visited=[147, 148, 149],
    (1, ([131, 33, 97, 43, 107, 20, 84, 59, 123, 47, 111, 61, 22, 125, 86, 54, 118, 139], Float64[], Int64[]))
    (2, ([132, 37, 101, 48, 112, 46, 110, 29, 93, 40, 104, 15, 79, 140], Float64[], Int64[]))
    (3, ([133, 64, 34, 128, 98, 11, 75, 35, 99, 5, 19, 83, 69, 39, 103, 141], Float64[], Int64[]))
    (4, ([134, 26, 32, 96, 90, 8, 44, 57, 72, 108, 121, 16, 80, 49, 28, 113, 92, 41, 105, 4, 68, 51, 115, 149, 27, 24, 88, 91, 142], [97.69174568202618], [24]))
    (5, ([135, 1, 65, 9, 73, 10, 74, 14, 78, 143], Float64[], Int64[]))
    (6, ([136, 3, 67, 13, 52, 77, 116, 17, 81, 38, 102, 21, 85, 36, 100, 53, 117, 62, 126, 12, 7, 76, 71, 147, 144], [72.89696417832265], [24]))
    (7, ([137, 45, 109, 42, 106, 2, 66, 60, 23, 124, 18, 87, 82, 145], Float64[], Int64[]))
    (8, ([138, 55, 119, 56, 120, 6, 70, 31, 95, 63, 127, 58, 122, 148, 30, 50, 94, 114, 25, 89, 146], [58.54706668758174], [14])))

T best obj: 691.8272377986607
T best iteration: 299
T total iterations: 300
T best time [s]: 2.932
T total time [s]: 2.9350
