EADARP version 585c-dirty
ARGS: --ifile=EADARP/instances/l1/a8-64.txt --infeasible_arcs=EADARP/infeasible_arcs --gamma=0.7 --only_single_s_visits=false --odir=EADARP/out/a8-64 --oname=run80
Settings:
--alns_gamma=0.025
--alns_segment_size=100
--alns_sigma1=10
--alns_sigma2=9
--alns_sigma3=3
--at_most_one_s=false
--gamma=0.7
--ifile=EADARP/instances/l1/a8-64.txt
--infeasible_arcs=EADARP/infeasible_arcs
--insert_charging_otf=true
--insert_cost_noise=0.014
--lns_init_temp_factor=0.0
--lns_temp_dec_factor=0.99
--mh_checkit=false
--mh_lfreq=0
--mh_lnewinc=true
--mh_tciter=-1
--mh_tctime=-1.0
--mh_titer=30000
--mh_tobj=-1.0
--mh_ttime=-1.0
--odir=EADARP/out/a8-64
--oname=run80
--only_single_s_visits=false
--repair_max_routes=0
--seed=425580290
--use_milp_in_otf=0
--xcheck_isfeasible=false

EADARPInstance(EADARP/instances/l1/a8-64.txt, n=64, n_K=8, S=[147, 148, 149], Q=14.85, n_F=8, γ=0.7, T_plan=480.0, F=[139, 140, 141, 142, 143, 144, 145, 146])

T preprocessing time [s]: 2.20456
I       iter             best          obj_old          obj_new        time              method info
I          1        740.58549     100064.00000        740.58549      0.2358                 con 
I          2        726.27661        740.58549        726.27661      0.2668        drrr_15+rrri 
I          4        722.41324        726.27661        722.41324      0.3867        drrr_15+rroi 
I          7        721.17273        722.41324        721.17273      0.4775        drrr_15+rrri 
I         10        708.52828        721.17273        708.52828      0.6324         drrr_15+rrg 
I         14        706.10322        708.52828        706.10322      0.7832         drrr_15+rrg 
I         19        700.23118        706.10322        700.23118      1.0008         drrr_15+rrg 
I         37        699.00928        700.23118        699.00928      1.3762        drrr_15+rroi 
I         51        699.00673        699.00928        699.00673      1.5426        drrr_15+rrri 
I         52        696.47388        699.00673        696.47388      1.5453        drrr_15+rroi 
I         59        696.35390        696.47388        696.35390      1.5885        drrr_15+rrri 
I         83        693.71477        696.35390        693.71477      1.8444        drrr_15+rroi 
I         88        680.40637        693.71477        680.40637      1.8861        drrr_15+rroi 
I         89        680.10048        680.40637        680.10048      1.8962         drrr_15+rrg 
I         93        678.82084        680.10048        678.82084      1.9419        drrr_15+rroi 
I         97        677.95873        678.82084        677.95873      2.0116        drrr_15+rroi 
I        102        675.30819        677.95873        675.30819      2.0409        drrr_15+rroi 
I        105        674.61582        675.30819        674.61582      2.0540        drrr_15+rrri 
I        107        673.85674        674.61582        673.85674      2.0678        drrr_15+rroi 
I        115        672.18457        673.85674        672.18457      2.1529        drrr_15+rrri 
I        122        670.34954        672.18457        670.34954      2.1900        drrr_15+rroi 
I        123        665.72095        670.34954        665.72095      2.1934        drrr_15+rrri 
I        147        661.52764        665.72095        661.52764      2.3627         drrr_15+rrg 
I        151        658.83063        661.52764        658.83063      2.3715        drrr_15+rrri 
I        324        657.13865        658.83063        657.13865      2.9559        drrr_15+rroi 
I        491        649.35580        657.13865        649.35580      3.3482         drrr_15+rrg 
I        498        649.01887        649.35580        649.01887      3.4058         drrr_15+rrg 
I        641        647.59223        649.01887        647.59223      3.7992        drrr_15+rrri 
I        646        647.58483        647.59223        647.58483      3.8104         drrr_15+rrg 
I       1172        647.41993        647.58483        647.41993      4.6536        drrr_15+rrri 
I       1728        646.48213        647.41993        646.48213      5.1858         drrr_15+rrg 
I       1766        645.80101        646.48213        645.80101      5.2658         drrr_15+rrg 
I       2652        644.92107        645.80101        644.92107      6.0042         drrr_15+rrg 
I       2735        644.53384        644.92107        644.53384      6.0825        drrr_15+rroi 
I       3212        643.39813        644.53384        643.39813      6.4442        drrr_15+rroi 
I       3215        643.27591        643.39813        643.27591      6.4479        drrr_15+rroi 
I       3224        642.88868        643.27591        642.88868      6.4542        drrr_15+rroi 
I       9393        642.41884        642.88868        642.41884      9.5987        drrr_15+rrri 
I       9866        639.23110        642.41884        639.23110      9.8550        drrr_15+rrri 
I      28563        639.20583        639.23110        639.20583     17.5338        drrr_15+rrri 
I      30000        639.20583        639.20583        641.73219     18.1334        drrr_15+rroi 

Method statistics
S  method    iter  succ  succ-rate%  tot-obj-gain  avg-obj-gain  rel-succ%  net-time  net-time%  brut-time  brut-time%
S  con          1     1   100.00000  -99323.41451  -99323.41451    1.26582   0.23573    1.29999    0.23573     1.29999
S  drrr_15  29999    39     0.13000    -101.37966      -0.00338   49.36709   0.28671    1.58112    0.28671     1.58112
S  rrg       9863    11     0.11153     -36.06679      -0.00366   13.92405   7.55557   41.66661    7.55557    41.66661
S  rroi     10105    15     0.14844     -34.67642      -0.00343   18.98734   4.27728   23.58788    4.27728    23.58788
S  rrri     10031    13     0.12960     -30.63644      -0.00305   16.45570   5.71787   31.53225    5.71787    31.53225
S  SUM/AVG  59999    79     0.13167  -99526.17384      -1.65880   20.00000  18.07316   99.66785   18.07316    99.66785

T best solution: EADARPSolution(t_routing=775.944, t_excess=228.99, obj_val=639.206, obj_val_valid=true,
    unserved_requests=Int64[], F_visited=[146, 145, 139, 140, 143, 141, 144, 142], S_visited=Int64[],
    (1, ([131, 26, 32, 96, 90, 8, 44, 57, 72, 108, 121, 6, 70, 31, 95, 41, 63, 127, 105, 10, 74, 147, 139], [25.42049531500694], [22]))
    (2, ([132, 33, 97, 1, 35, 99, 65, 9, 73, 4, 68, 58, 122, 148, 2, 66, 60, 23, 124, 18, 87, 82, 140], [40.0232534208145], [14]))
    (3, ([133, 45, 109, 52, 116, 40, 104, 15, 79, 141], Float64[], Int64[]))
    (4, ([134, 64, 34, 128, 98, 11, 29, 16, 75, 93, 43, 80, 107, 20, 84, 36, 47, 100, 111, 61, 22, 125, 86, 62, 126, 149, 54, 118, 25, 89, 142], [57.70764814862], [26]))
    (5, ([135, 59, 123, 49, 28, 92, 113, 42, 106, 51, 5, 115, 69, 39, 103, 30, 50, 94, 114, 147, 143], [29.775339665339988], [20]))
    (6, ([136, 55, 119, 56, 120, 46, 110, 53, 117, 27, 24, 88, 91, 147, 144], [8.775616801127548], [14]))
    (7, ([137, 3, 67, 13, 77, 14, 78, 145], Float64[], Int64[]))
    (8, ([138, 37, 101, 48, 17, 112, 81, 38, 102, 21, 85, 19, 83, 12, 7, 76, 71, 147, 146], [11.322185219876149], [18])))

T best obj: 639.2058259697968
T best iteration: 28563
T total iterations: 30000
T best time [s]: 17.534
T total time [s]: 18.1334
