EADARP version 2def-dirty
ARGS: --ifile=EADARP/instances/l1/a8-64.txt --odir=EADARP/out/a8-64 --oname=run84
Settings:
--alns_gamma=0.025
--alns_segment_size=100
--alns_sigma1=10
--alns_sigma2=9
--alns_sigma3=3
--at_most_one_s=false
--gamma=-1.0
--ifile=EADARP/instances/l1/a8-64.txt
--insert_charging_otf=true
--insert_cost_noise=0.014
--lns_init_temp_factor=0.0
--lns_temp_dec_factor=0.99
--mh_checkit=false
--mh_lfreq=0
--mh_lnewinc=true
--mh_tciter=-1
--mh_tctime=-1.0
--mh_titer=300
--mh_tobj=-1.0
--mh_ttime=-1.0
--odir=EADARP/out/a8-64
--oname=run84
--only_single_s_visits=true
--repair_max_routes=0
--seed=1256169260
--use_milp_in_otf=0
--xcheck_isfeasible=false

EADARPInstance(EADARP/instances/l1/a8-64.txt, n=64, n_K=8, S=[147, 148, 149], Q=14.85, n_F=8, γ=0.7, T_plan=480.0, F=[139, 140, 141, 142, 143, 144, 145, 146])

T preprocessing time [s]: 2.08382
I       iter             best          obj_old          obj_new        time              method info
I          1     100004.00000     100064.00000     100004.00000      0.2757                 con 
I          4     100003.00000     100004.00000     100003.00000      0.4354        drrr_15+rrri 
I          6     100001.00000     100003.00000     100001.00000      0.5640        drrr_15+rroi 
I         32        738.20312     100001.00000        738.20312      1.3268        drrr_15+rrri 
I         33        726.53717        738.20312        726.53717      1.3495         drrr_15+rrg 
I         68        716.97928        726.53717        716.97928      1.7606        drrr_15+rroi 
I         73        711.63583        716.97928        711.63583      1.8094         drrr_15+rrg 
I         84        704.36526        711.63583        704.36526      1.8987        drrr_15+rroi 
I         89        702.28659        704.36526        702.28659      1.9205        drrr_15+rrri 
I         96        699.71673        702.28659        699.71673      1.9864        drrr_15+rroi 
I         99        694.62692        699.71673        694.62692      2.0105        drrr_15+rrri 
I        103        690.73351        694.62692        690.73351      2.0493        drrr_15+rroi 
I        104        689.76532        690.73351        689.76532      2.0508        drrr_15+rrri 
I        124        688.58385        689.76532        688.58385      2.1549        drrr_15+rroi 
I        179        687.31728        688.58385        687.31728      2.3046        drrr_15+rroi 
I        193        686.95716        687.31728        686.95716      2.3464         drrr_15+rrg 
I        250        685.40890        686.95716        685.40890      2.5138        drrr_15+rroi 
I        251        685.25334        685.40890        685.25334      2.5171        drrr_15+rrri 
I        254        683.70508        685.25334        683.70508      2.5196        drrr_15+rroi 
I        271        682.43154        683.70508        682.43154      2.5830        drrr_15+rrri 
I        282        680.15372        682.43154        680.15372      2.6078        drrr_15+rroi 
I        300        680.15372        680.15372        680.45483      2.6346        drrr_15+rroi 

Method statistics
S  method    iter  succ  succ-rate%  tot-obj-gain  avg-obj-gain  rel-succ%  net-time  net-time%  brut-time  brut-time%
S  con          1     1   100.00000     -60.00000     -60.00000    2.43902   0.27571   10.46485    0.27571    10.46485
S  drrr_15    299    20     6.68896  -99323.84628    -332.18678   48.78049   0.00650    0.24661    0.00650     0.24661
S  rrg         99     3     3.03030     -17.36953      -0.17545    7.31707   0.85291   32.37312    0.85291    32.37312
S  rroi       112    10     8.92857     -33.11410      -0.29566   24.39024   0.79901   30.32709    0.79901    30.32709
S  rrri        88     7     7.95455  -99273.36265   -1128.10639   17.07317   0.69877   26.52259    0.69877    26.52259
S  SUM/AVG    599    41     6.84474 -198707.69255    -331.73237   20.00000   2.63290   99.93426    2.63290    99.93426

T best solution: EADARPSolution(t_routing=838.045, t_excess=206.48, obj_val=680.154, obj_val_valid=true,
    unserved_requests=Int64[], F_visited=[142, 144, 141, 146, 140, 143, 139, 145], S_visited=[148, 149, 147],
    (1, ([131, 64, 34, 128, 98, 11, 29, 75, 93, 28, 49, 92, 113, 31, 95, 41, 63, 127, 105, 148, 14, 78, 139], [63.485254049003366], [20]))
    (2, ([132, 40, 104, 15, 79, 2, 66, 60, 23, 124, 24, 87, 88, 140], Float64[], Int64[]))
    (3, ([133, 3, 67, 52, 116, 13, 77, 46, 110, 6, 70, 9, 73, 4, 68, 42, 106, 51, 10, 115, 7, 74, 71, 147, 141], [66.68512992205414], [24]))
    (4, ([134, 33, 97, 59, 123, 5, 19, 83, 69, 39, 103, 30, 50, 94, 114, 142], Float64[], Int64[]))
    (5, ([135, 35, 99, 47, 111, 61, 22, 125, 86, 54, 118, 25, 89, 143], Float64[], Int64[]))
    (6, ([136, 45, 109, 26, 32, 96, 90, 8, 44, 57, 72, 108, 121, 38, 102, 21, 85, 36, 100, 53, 58, 122, 117, 62, 126, 149, 18, 82, 144], [85.959782592821], [26]))
    (7, ([137, 37, 101, 48, 112, 16, 43, 80, 107, 20, 84, 12, 76, 27, 91, 145], Float64[], Int64[]))
    (8, ([138, 55, 119, 56, 120, 17, 1, 81, 65, 146], Float64[], Int64[])))

T best obj: 680.1537227630657
T best iteration: 282
T total iterations: 300
T best time [s]: 2.608
T total time [s]: 2.6346
