EADARP version 2def-dirty
ARGS: --ifile=EADARP/instances/l1/a8-64.txt --odir=EADARP/out/a8-64 --oname=run98
Settings:
--alns_gamma=0.025
--alns_segment_size=100
--alns_sigma1=10
--alns_sigma2=9
--alns_sigma3=3
--at_most_one_s=false
--gamma=-1.0
--ifile=EADARP/instances/l1/a8-64.txt
--insert_charging_otf=true
--insert_cost_noise=0.014
--lns_init_temp_factor=0.0
--lns_temp_dec_factor=0.99
--mh_checkit=false
--mh_lfreq=0
--mh_lnewinc=true
--mh_tciter=-1
--mh_tctime=-1.0
--mh_titer=300
--mh_tobj=-1.0
--mh_ttime=-1.0
--odir=EADARP/out/a8-64
--oname=run98
--only_single_s_visits=true
--repair_max_routes=0
--seed=544750681
--use_milp_in_otf=0
--xcheck_isfeasible=false

EADARPInstance(EADARP/instances/l1/a8-64.txt, n=64, n_K=8, S=[147, 148, 149], Q=14.85, n_F=8, γ=0.7, T_plan=480.0, F=[139, 140, 141, 142, 143, 144, 145, 146])

T preprocessing time [s]: 2.08592
I       iter             best          obj_old          obj_new        time              method info
I          1     100003.00000     100064.00000     100003.00000      0.2451                 con 
I          2     100001.00000     100003.00000     100001.00000      0.3045        drrr_15+rrri 
I         64        727.97167     100001.00000        727.97167      1.8677        drrr_15+rroi 
I         65        715.45283        727.97167        715.45283      1.8920        drrr_15+rroi 
I         67        712.76122        715.45283        712.76122      1.9298         drrr_15+rrg 
I         72        697.78661        712.76122        697.78661      2.0214        drrr_15+rrri 
I         75        696.23836        697.78661        696.23836      2.0635        drrr_15+rroi 
I         76        691.43783        696.23836        691.43783      2.0924        drrr_15+rroi 
I         78        688.74230        691.43783        688.74230      2.1294         drrr_15+rrg 
I         93        686.04579        688.74230        686.04579      2.2521         drrr_15+rrg 
I         96        684.40931        686.04579        684.40931      2.2662        drrr_15+rrri 
I        101        683.46103        684.40931        683.46103      2.2878        drrr_15+rrri 
I        115        682.66304        683.46103        682.66304      2.4103        drrr_15+rrri 
I        300        682.66304        682.66304        688.61775      2.7876        drrr_15+rrri 

Method statistics
S  method    iter  succ  succ-rate%  tot-obj-gain  avg-obj-gain  rel-succ%  net-time  net-time%  brut-time  brut-time%
S  con          1     1   100.00000     -61.00000     -61.00000    4.00000   0.24505    8.79047    0.24505     8.79047
S  drrr_15    299    12     4.01338  -99320.33696    -332.17504   48.00000   0.00468    0.16799    0.00468     0.16799
S  rrg        109     3     2.75229      -8.08366      -0.07416   12.00000   0.98506   35.33638    0.98506    35.33638
S  rroi        78     4     5.12821  -99291.89595   -1272.97302   16.00000   0.56237   20.17364    0.56237    20.17364
S  rrri       112     5     4.46429     -20.35735      -0.18176   20.00000   0.98893   35.47538    0.98893    35.47538
S  SUM/AVG    599    25     4.17362 -198701.67391    -331.72233   20.00000   2.78610   99.94386    2.78610    99.94386

T best solution: EADARPSolution(t_routing=839.216, t_excess=213.005, obj_val=682.663, obj_val_valid=true,
    unserved_requests=Int64[], F_visited=[141, 145, 143, 139, 142, 144, 146, 140], S_visited=[149, 147, 148],
    (1, ([131, 45, 109, 26, 32, 96, 90, 8, 44, 57, 72, 108, 121, 4, 68, 58, 122, 10, 74, 149, 54, 118, 25, 89, 139], [45.99914989776667], [20]))
    (2, ([132, 33, 97, 56, 120, 46, 110, 42, 106, 51, 115, 140], Float64[], Int64[]))
    (3, ([133, 1, 65, 9, 47, 73, 111, 61, 22, 125, 86, 62, 126, 7, 71, 141], Float64[], Int64[]))
    (4, ([134, 37, 101, 48, 112, 6, 70, 31, 95, 41, 63, 127, 105, 142], Float64[], Int64[]))
    (5, ([135, 40, 104, 15, 79, 2, 66, 60, 23, 124, 87, 27, 91, 143], Float64[], Int64[]))
    (6, ([136, 35, 99, 21, 85, 5, 19, 83, 69, 12, 76, 18, 24, 88, 82, 144], Float64[], Int64[]))
    (7, ([137, 55, 119, 3, 67, 13, 52, 77, 116, 17, 81, 38, 102, 59, 123, 49, 28, 113, 92, 147, 39, 103, 30, 50, 94, 114, 145], [109.23513997218348], [20]))
    (8, ([138, 64, 34, 128, 98, 11, 29, 16, 75, 93, 43, 80, 107, 20, 84, 36, 100, 148, 53, 117, 14, 78, 146], [54.27730973828496], [18])))

T best obj: 682.6630430862576
T best iteration: 115
T total iterations: 300
T best time [s]: 2.410
T total time [s]: 2.7877
