EADARP version 2def-dirty
ARGS: --ifile=EADARP/instances/l1/a8-64.txt --odir=EADARP/out/a8-64 --oname=run94
Settings:
--alns_gamma=0.025
--alns_segment_size=100
--alns_sigma1=10
--alns_sigma2=9
--alns_sigma3=3
--at_most_one_s=false
--gamma=-1.0
--ifile=EADARP/instances/l1/a8-64.txt
--insert_charging_otf=true
--insert_cost_noise=0.014
--lns_init_temp_factor=0.0
--lns_temp_dec_factor=0.99
--mh_checkit=false
--mh_lfreq=0
--mh_lnewinc=true
--mh_tciter=-1
--mh_tctime=-1.0
--mh_titer=300
--mh_tobj=-1.0
--mh_ttime=-1.0
--odir=EADARP/out/a8-64
--oname=run94
--only_single_s_visits=true
--repair_max_routes=0
--seed=730076147
--use_milp_in_otf=0
--xcheck_isfeasible=false

EADARPInstance(EADARP/instances/l1/a8-64.txt, n=64, n_K=8, S=[147, 148, 149], Q=14.85, n_F=8, γ=0.7, T_plan=480.0, F=[139, 140, 141, 142, 143, 144, 145, 146])

T preprocessing time [s]: 2.08787
I       iter             best          obj_old          obj_new        time              method info
I          1     100004.00000     100064.00000     100004.00000      0.2841                 con 
I          5     100003.00000     100004.00000     100003.00000      0.4448         drrr_15+rrg 
I         12     100001.00000     100003.00000     100001.00000      0.7447         drrr_15+rrg 
I         48        709.28711     100001.00000        709.28711      1.7900        drrr_15+rroi 
I         56        703.58299        709.28711        703.58299      1.9719        drrr_15+rroi 
I         59        702.43101        703.58299        702.43101      2.0239        drrr_15+rroi 
I         62        697.47144        702.43101        697.47144      2.0463        drrr_15+rroi 
I         70        691.31623        697.47144        691.31623      2.1760         drrr_15+rrg 
I         76        691.10166        691.31623        691.10166      2.2126        drrr_15+rroi 
I        106        690.87410        691.10166        690.87410      2.3731        drrr_15+rroi 
I        112        687.70354        690.87410        687.70354      2.3913        drrr_15+rroi 
I        125        686.71449        687.70354        686.71449      2.4576         drrr_15+rrg 
I        142        685.14787        686.71449        685.14787      2.5111        drrr_15+rrri 
I        144        684.83025        685.14787        684.83025      2.5179         drrr_15+rrg 
I        157        681.72987        684.83025        681.72987      2.6259         drrr_15+rrg 
I        169        681.48461        681.72987        681.48461      2.6939         drrr_15+rrg 
I        193        679.90943        681.48461        679.90943      2.7881         drrr_15+rrg 
I        300        679.90943        679.90943        679.90943      3.0029         drrr_15+rrg 

Method statistics
S  method    iter  succ  succ-rate%  tot-obj-gain  avg-obj-gain  rel-succ%  net-time  net-time%  brut-time  brut-time%
S  con          1     1   100.00000     -60.00000     -60.00000    3.03030   0.28404    9.45900    0.28404     9.45900
S  drrr_15    299    16     5.35117  -99324.09057    -332.18759   48.48485   0.00577    0.19216    0.00577     0.19216
S  rrg        112     8     7.14286     -15.38270      -0.13735   24.24242   1.24255   41.37828    1.24255    41.37828
S  rroi       110     7     6.36364  -99307.14125    -902.79219   21.21212   0.94811   31.57309    0.94811    31.57309
S  rrri        77     1     1.29870      -1.56663      -0.02035    3.03030   0.52066   17.33863    0.52066    17.33863
S  SUM/AVG    599    33     5.50918 -198708.18115    -331.73319   20.00000   3.00113   99.94117    3.00113    99.94117

T best solution: EADARPSolution(t_routing=847.151, t_excess=178.185, obj_val=679.909, obj_val_valid=true,
    unserved_requests=Int64[], F_visited=[146, 145, 143, 144, 141, 139, 142, 140], S_visited=[148, 147, 149],
    (1, ([131, 45, 109, 52, 116, 40, 104, 15, 79, 60, 23, 124, 24, 87, 88, 139], Float64[], Int64[]))
    (2, ([132, 64, 34, 128, 98, 11, 75, 35, 99, 5, 19, 83, 69, 39, 103, 140], Float64[], Int64[]))
    (3, ([133, 33, 97, 21, 85, 47, 111, 61, 22, 125, 86, 12, 7, 76, 71, 141], Float64[], Int64[]))
    (4, ([134, 26, 32, 96, 90, 8, 44, 57, 72, 108, 121, 59, 123, 49, 28, 92, 113, 31, 95, 41, 63, 127, 105, 10, 74, 149, 27, 91, 142], [75.78238104941232], [26]))
    (5, ([135, 37, 101, 48, 112, 46, 110, 6, 70, 42, 106, 51, 115, 143], Float64[], Int64[]))
    (6, ([136, 1, 65, 9, 73, 4, 68, 14, 78, 144], Float64[], Int64[]))
    (7, ([137, 55, 119, 56, 120, 17, 81, 38, 102, 147, 53, 117, 62, 126, 54, 118, 18, 82, 145], [71.34062289864951], [10]))
    (8, ([138, 3, 67, 13, 77, 29, 16, 93, 43, 80, 107, 20, 84, 36, 100, 58, 122, 148, 2, 30, 66, 50, 94, 114, 25, 89, 146], [71.17464936466105], [18])))

T best obj: 679.9094254142569
T best iteration: 193
T total iterations: 300
T best time [s]: 2.788
T total time [s]: 3.0029
