EADARP version 585c-dirty
ARGS: --ifile=EADARP/instances/l1/a7-56.txt --infeasible_arcs=EADARP/infeasible_arcs --gamma=0.7 --only_single_s_visits=false --odir=EADARP/prunedArcs/a7-56 --oname=run16
Settings:
--alns_gamma=0.025
--alns_segment_size=100
--alns_sigma1=10
--alns_sigma2=9
--alns_sigma3=3
--at_most_one_s=false
--gamma=0.7
--ifile=EADARP/instances/l1/a7-56.txt
--infeasible_arcs=EADARP/infeasible_arcs
--insert_charging_otf=true
--insert_cost_noise=0.014
--lns_init_temp_factor=0.0
--lns_temp_dec_factor=0.99
--mh_checkit=false
--mh_lfreq=0
--mh_lnewinc=true
--mh_tciter=-1
--mh_tctime=-1.0
--mh_titer=30000
--mh_tobj=-1.0
--mh_ttime=-1.0
--odir=EADARP/prunedArcs/a7-56
--oname=run16
--only_single_s_visits=false
--repair_max_routes=0
--seed=1888617225
--use_milp_in_otf=0
--xcheck_isfeasible=false

EADARPInstance(EADARP/instances/l1/a7-56.txt, n=56, n_K=7, S=[129, 130, 131], Q=14.85, n_F=7, γ=0.7, T_plan=480.0, F=[122, 123, 124, 125, 126, 127, 128])

T preprocessing time [s]: 1.31853
I       iter             best          obj_old          obj_new        time              method info
I          1     100009.00000     100056.00000     100009.00000      0.1270                 con 
I          5     100008.00000     100009.00000     100008.00000      0.2926        drrr_15+rrri 
I          6     100007.00000     100008.00000     100007.00000      0.3237        drrr_15+rrri 
I          7     100006.00000     100007.00000     100006.00000      0.3549        drrr_15+rrri 
I         10     100005.00000     100006.00000     100005.00000      0.5100         drrr_15+rrg 
I         24     100003.00000     100005.00000     100003.00000      0.9645        drrr_15+rroi 
I        108     100002.00000     100003.00000     100002.00000      2.0411        drrr_15+rroi 
I        896     100001.00000     100002.00000     100001.00000      5.3430        drrr_15+rroi 
I       2571        761.13255     100001.00000        761.13255      7.3361        drrr_15+rroi 
I       2591        759.15373        761.13255        759.15373      7.3427        drrr_15+rrri 
I       2597        758.77191        759.15373        758.77191      7.3449        drrr_15+rrri 
I       2738        758.17848        758.77191        758.17848      7.4154         drrr_15+rrg 
I       2801        753.62846        758.17848        753.62846      7.4356        drrr_15+rrri 
I       2808        748.34777        753.62846        748.34777      7.4366         drrr_15+rrg 
I       2810        747.99756        748.34777        747.99756      7.4380         drrr_15+rrg 
I      30000        747.99756        747.99756     100004.00000     12.2157         drrr_15+rrg 

Method statistics
S  method    iter  succ  succ-rate%  tot-obj-gain  avg-obj-gain  rel-succ%  net-time  net-time%  brut-time  brut-time%
S  con          1     1   100.00000     -47.00000     -47.00000    3.44828   0.12695    1.03922    0.12695     1.03922
S  drrr_15  29999    14     0.04667  -99261.00244      -3.30881   48.27586   0.28480    2.33145    0.28480     2.33145
S  rrg       9995     4     0.04002      -7.22433      -0.00072   13.79310   5.08012   41.58660    5.08012    41.58660
S  rroi     10123     4     0.03951  -99243.86745      -9.80380   13.79310   2.96527   24.27410    2.96527    24.27410
S  rrri      9881     6     0.06072      -9.91067      -0.00100   20.68966   3.68692   30.18167    3.68692    30.18167
S  SUM/AVG  59999    29     0.04833 -198569.00488      -3.30954   20.00000  12.14406   99.41305   12.14406    99.41305

T best solution: EADARPSolution(t_routing=918.696, t_excess=235.903, obj_val=747.998, obj_val_valid=true,
    unserved_requests=Int64[], F_visited=[123, 124, 128, 125, 122, 127, 126], S_visited=Int64[],
    (1, ([115, 48, 104, 37, 93, 18, 74, 36, 92, 39, 13, 95, 69, 54, 110, 129, 122], [23.83897923144522], [16]))
    (2, ([116, 16, 72, 42, 26, 82, 98, 130, 21, 77, 6, 25, 62, 81, 10, 12, 17, 73, 66, 68, 129, 123], [30.061014633005584, 0.8936106941714953], [8, 21]))
    (3, ([117, 56, 11, 67, 112, 41, 97, 5, 43, 99, 61, 14, 70, 129, 124], [36.66620020554028], [14]))
    (4, ([118, 50, 45, 101, 106, 44, 100, 52, 108, 7, 63, 131, 27, 83, 1, 4, 60, 57, 24, 80, 129, 125], [0.4690363784883431, 82.32517494037535], [12, 21]))
    (5, ([119, 38, 55, 94, 111, 15, 3, 71, 59, 22, 2, 58, 78, 130, 31, 87, 19, 75, 126], [59.367327575521216], [14]))
    (6, ([120, 30, 86, 49, 9, 105, 65, 8, 64, 35, 91, 32, 53, 88, 109, 129, 127], [34.470058835322995], [16]))
    (7, ([121, 40, 96, 46, 102, 129, 47, 103, 23, 51, 34, 79, 107, 90, 33, 28, 84, 89, 129, 29, 20, 85, 76, 129, 128], [33.738360864721464, 34.28204850198256, 15.584010046991107], [6, 19, 24])))

T best obj: 747.9975588031712
T best iteration: 2810
T total iterations: 30000
T best time [s]: 7.438
T total time [s]: 12.2158
