EADARP version 585c-dirty
ARGS: --ifile=EADARP/instances/l1/a7-56.txt --infeasible_arcs=EADARP/infeasible_arcs --gamma=0.7 --only_single_s_visits=false --odir=EADARP/prunedArcs/a7-56 --oname=run29
Settings:
--alns_gamma=0.025
--alns_segment_size=100
--alns_sigma1=10
--alns_sigma2=9
--alns_sigma3=3
--at_most_one_s=false
--gamma=0.7
--ifile=EADARP/instances/l1/a7-56.txt
--infeasible_arcs=EADARP/infeasible_arcs
--insert_charging_otf=true
--insert_cost_noise=0.014
--lns_init_temp_factor=0.0
--lns_temp_dec_factor=0.99
--mh_checkit=false
--mh_lfreq=0
--mh_lnewinc=true
--mh_tciter=-1
--mh_tctime=-1.0
--mh_titer=30000
--mh_tobj=-1.0
--mh_ttime=-1.0
--odir=EADARP/prunedArcs/a7-56
--oname=run29
--only_single_s_visits=false
--repair_max_routes=0
--seed=759519870
--use_milp_in_otf=0
--xcheck_isfeasible=false

EADARPInstance(EADARP/instances/l1/a7-56.txt, n=56, n_K=7, S=[129, 130, 131], Q=14.85, n_F=7, γ=0.7, T_plan=480.0, F=[122, 123, 124, 125, 126, 127, 128])

T preprocessing time [s]: 1.31204
I       iter             best          obj_old          obj_new        time              method info
I          1     100009.00000     100056.00000     100009.00000      0.1921                 con 
I          3     100008.00000     100009.00000     100008.00000      0.2887         drrr_15+rrg 
I          4     100006.00000     100008.00000     100006.00000      0.3228        drrr_15+rrri 
I          8     100005.00000     100006.00000     100005.00000      0.3831        drrr_15+rroi 
I         24     100004.00000     100005.00000     100004.00000      0.6830        drrr_15+rrri 
I         48     100003.00000     100004.00000     100003.00000      0.9295        drrr_15+rrri 
I         95     100002.00000     100003.00000     100002.00000      1.4675        drrr_15+rrri 
I        264     100001.00000     100002.00000     100001.00000      2.3276        drrr_15+rroi 
I      30000     100001.00000     100001.00000     100003.00000     15.1725        drrr_15+rroi 

Method statistics
S  method    iter  succ  succ-rate%  tot-obj-gain  avg-obj-gain  rel-succ%  net-time  net-time%  brut-time  brut-time%
S  con          1     1   100.00000     -47.00000     -47.00000    6.66667   0.19211    1.26616    0.19211     1.26616
S  drrr_15  29999     7     0.02333      -8.00000      -0.00027   46.66667   0.31060    2.04712    0.31060     2.04712
S  rrg       9882     1     0.01012      -1.00000      -0.00010    6.66667   5.87329   38.70991    5.87329    38.70991
S  rroi     10046     2     0.01991      -2.00000      -0.00020   13.33333   4.11124   27.09653    4.11124    27.09653
S  rrri     10071     4     0.03972      -5.00000      -0.00050   26.66667   4.58638   30.22812    4.58638    30.22812
S  SUM/AVG  59999    15     0.02500     -63.00000      -0.00105   20.00000  15.07361   99.34784   15.07361    99.34784

T best solution: EADARPSolution(t_routing=-1.0, t_excess=-1.0, obj_val=100001.0, obj_val_valid=true,
    unserved_requests=[37], F_visited=[122, 125, 123, 126, 128, 127, 124], S_visited=Int64[],
    (1, ([115, 26, 23, 79, 82, 131, 28, 84, 6, 25, 62, 81, 10, 12, 17, 73, 66, 68, 122], [18.201318893100314], [6]))
    (2, ([116, 40, 30, 86, 96, 5, 43, 99, 61, 35, 91, 47, 103, 53, 51, 107, 109, 34, 90, 129, 123], [45.24014019679977], [20]))
    (3, ([117, 38, 55, 111, 94, 46, 102, 129, 2, 42, 58, 98, 21, 77, 129, 24, 80, 29, 20, 85, 76, 129, 124], [29.949223102818095, 9.165041502823584, 23.432765812419973], [8, 15, 22]))
    (4, ([118, 50, 48, 104, 106, 130, 54, 110, 1, 4, 60, 57, 129, 31, 87, 19, 75, 125], [36.63949490525638, 55.211133502499365], [6, 13]))
    (5, ([119, 45, 101, 3, 15, 71, 59, 44, 100, 52, 108, 7, 63, 27, 83, 22, 78, 129, 126], [57.31623083369417], [18]))
    (6, ([120, 9, 65, 36, 92, 39, 13, 95, 69, 16, 72, 33, 89, 129, 127], [16.302635290261946], [14]))
    (7, ([121, 56, 11, 67, 112, 41, 97, 18, 49, 74, 105, 8, 64, 14, 70, 32, 88, 129, 128], [89.14921401546468], [18])))

T best obj: 100001.0
T best iteration: 264
T total iterations: 30000
T best time [s]: 2.328
T total time [s]: 15.1726
