EADARP version 585c-dirty
ARGS: --ifile=EADARP/instances/l1/a7-56.txt --infeasible_arcs=EADARP/infeasible_arcs --gamma=0.7 --only_single_s_visits=false --odir=EADARP/prunedArcs/a7-56 --oname=run27
Settings:
--alns_gamma=0.025
--alns_segment_size=100
--alns_sigma1=10
--alns_sigma2=9
--alns_sigma3=3
--at_most_one_s=false
--gamma=0.7
--ifile=EADARP/instances/l1/a7-56.txt
--infeasible_arcs=EADARP/infeasible_arcs
--insert_charging_otf=true
--insert_cost_noise=0.014
--lns_init_temp_factor=0.0
--lns_temp_dec_factor=0.99
--mh_checkit=false
--mh_lfreq=0
--mh_lnewinc=true
--mh_tciter=-1
--mh_tctime=-1.0
--mh_titer=30000
--mh_tobj=-1.0
--mh_ttime=-1.0
--odir=EADARP/prunedArcs/a7-56
--oname=run27
--only_single_s_visits=false
--repair_max_routes=0
--seed=425706275
--use_milp_in_otf=0
--xcheck_isfeasible=false

EADARPInstance(EADARP/instances/l1/a7-56.txt, n=56, n_K=7, S=[129, 130, 131], Q=14.85, n_F=7, γ=0.7, T_plan=480.0, F=[122, 123, 124, 125, 126, 127, 128])

T preprocessing time [s]: 1.33147
I       iter             best          obj_old          obj_new        time              method info
I          1     100010.00000     100056.00000     100010.00000      0.1626                 con 
I          2     100009.00000     100010.00000     100009.00000      0.2430        drrr_15+rroi 
I          3     100008.00000     100009.00000     100008.00000      0.3083         drrr_15+rrg 
I          4     100007.00000     100008.00000     100007.00000      0.3412         drrr_15+rrg 
I          7     100006.00000     100007.00000     100006.00000      0.4512        drrr_15+rrri 
I         10     100005.00000     100006.00000     100005.00000      0.5824        drrr_15+rrri 
I         16     100004.00000     100005.00000     100004.00000      0.7706        drrr_15+rroi 
I         20     100003.00000     100004.00000     100003.00000      0.8610        drrr_15+rroi 
I         33     100002.00000     100003.00000     100002.00000      1.0014         drrr_15+rrg 
I         75     100001.00000     100002.00000     100001.00000      1.5238        drrr_15+rrri 
I      18373        797.92145     100001.00000        797.92145     17.2185        drrr_15+rroi 
I      18377        789.11337        797.92145        789.11337     17.2331        drrr_15+rroi 
I      18405        783.57070        789.11337        783.57070     17.2549        drrr_15+rrri 
I      18416        772.64039        783.57070        772.64039     17.2564        drrr_15+rroi 
I      18486        772.55898        772.64039        772.55898     17.2752        drrr_15+rrri 
I      18503        771.93324        772.55898        771.93324     17.2771        drrr_15+rrri 
I      19580        769.80203        771.93324        769.80203     17.4661        drrr_15+rrri 
I      21929        765.06215        769.80203        765.06215     17.8148        drrr_15+rroi 
I      21956        764.89279        765.06215        764.89279     17.8182        drrr_15+rroi 
I      22097        760.99951        764.89279        760.99951     17.8457        drrr_15+rrri 
I      22117        760.91810        760.99951        760.91810     17.8502        drrr_15+rroi 
I      22128        760.61769        760.91810        760.61769     17.8519        drrr_15+rrri 
I      22213        760.53628        760.61769        760.53628     17.8639        drrr_15+rroi 
I      30000        760.53628        760.53628        770.09940     19.0441        drrr_15+rrri 

Method statistics
S  method    iter  succ  succ-rate%  tot-obj-gain  avg-obj-gain  rel-succ%  net-time  net-time%  brut-time  brut-time%
S  con          1     1   100.00000     -46.00000     -46.00000    2.22222   0.16254    0.85351    0.16254     0.85351
S  drrr_15  29999    22     0.07334  -99249.46372      -3.30843   48.88889   0.29691    1.55904    0.29691     1.55904
S  rrg       9891     3     0.03033      -3.00000      -0.00030    6.66667   7.38970   38.80292    7.38970    38.80292
S  rroi     10063    10     0.09937  -99230.88900      -9.86096   22.22222   5.28478   27.75012    5.28478    27.75012
S  rrri     10045     9     0.08960     -15.57472      -0.00155   20.00000   5.76501   30.27176    5.76501    30.27176
S  SUM/AVG  59999    45     0.07500 -198544.92745      -3.30914   20.00000  18.89895   99.23735   18.89895    99.23735

T best solution: EADARPSolution(t_routing=934.806, t_excess=237.727, obj_val=760.536, obj_val_valid=true,
    unserved_requests=Int64[], F_visited=[128, 122, 127, 123, 124, 126, 125], S_visited=Int64[],
    (1, ([115, 56, 11, 67, 112, 41, 97, 5, 43, 99, 61, 14, 70, 129, 122], [36.66620020554028], [14]))
    (2, ([116, 30, 86, 49, 9, 105, 65, 8, 64, 35, 91, 47, 32, 53, 103, 88, 109, 129, 123], [47.344245634629154], [18]))
    (3, ([117, 38, 94, 46, 102, 36, 92, 131, 26, 2, 34, 82, 58, 90, 33, 28, 84, 89, 130, 17, 73, 19, 75, 124], [45.29669438697342, 37.23497685214322], [8, 19]))
    (4, ([118, 55, 111, 15, 3, 71, 59, 44, 100, 22, 78, 130, 31, 87, 10, 12, 66, 68, 125], [52.94125186570368], [12]))
    (5, ([119, 48, 104, 37, 93, 18, 74, 52, 108, 39, 13, 95, 69, 16, 54, 72, 110, 129, 126], [29.296048493224706], [18]))
    (6, ([120, 50, 45, 101, 106, 7, 63, 27, 83, 1, 4, 60, 57, 6, 25, 62, 81, 129, 127], [59.108640670005045], [18]))
    (7, ([121, 130, 40, 96, 51, 107, 42, 23, 79, 98, 130, 21, 77, 24, 80, 29, 20, 85, 76, 129, 128], [3.14603838651514, 33.339251971330214, 23.432765812419973], [2, 11, 20])))

T best obj: 760.5362761300834
T best iteration: 22213
T total iterations: 30000
T best time [s]: 17.864
T total time [s]: 19.0442
