EADARP version ecec-dirty
ARGS: --ifile=EADARP/instances/random/r6-48-00000.txt  --gamma=0.7 --only_single_s_visits=false --odir=EADARP/solutions/random/r6-48-00000 --oname=run10
Settings:
--alns_gamma=0.025
--alns_segment_size=100
--alns_sigma1=10
--alns_sigma2=9
--alns_sigma3=3
--at_most_one_s=false
--gamma=0.7
--ifile=EADARP/instances/random/r6-48-00000.txt
--infeasible_arcs=EADARP/infeasible_arcs
--insert_charging_otf=true
--insert_cost_noise=0.014
--lns_init_temp_factor=0.0
--lns_temp_dec_factor=0.99
--log_all_sols_fname=
--mh_checkit=false
--mh_lfreq=0
--mh_lnewinc=true
--mh_tciter=-1
--mh_tctime=-1.0
--mh_titer=30000
--mh_tobj=-1.0
--mh_ttime=-1.0
--odir=EADARP/solutions/random/r6-48-00000
--ofile=
--oname=run10
--only_single_s_visits=false
--prepthreshold=0.1
--repair_max_routes=0
--route_based_ops=0
--seed=481339547
--tightened_windows=EADARP/tightened_windows
--use_milp_in_otf=0
--xcheck_isfeasible=false

EADARPInstance(EADARP/instances/random/r6-48-00000.txt, n=48, n_K=6, S=[109, 110, 111], Q=14.85, n_F=6, γ=0.7, T_plan=720.0, F=[103, 104, 105, 106, 107, 108])

Percentage of arcs removed: 68.80934989043097%
Minimum Degree: 8
T preprocessing time [s]: 1.703
I       iter             best          obj_old          obj_new        time              method info
I          1        575.89476     100048.00000        575.89476      0.0960                 con 
I          2        569.95679        575.89476        569.95679      0.1210         drrr_15+rrg 
I          3        561.98317        569.95679        561.98317      0.1390         drrr_15+rrg 
I          4        561.29735        561.98317        561.29735      0.1550         drrr_15+rrg 
I          5        559.23163        561.29735        559.23163      0.1580         drrr_15+rrg 
I          6        558.05394        559.23163        558.05394      0.1610        drrr_15+rrri 
I          8        555.76516        558.05394        555.76516      0.1900        drrr_15+rroi 
I          9        555.45029        555.76516        555.45029      0.2020         drrr_15+rrg 
I         10        545.31518        555.45029        545.31518      0.2040        drrr_15+rrri 
I         13        540.49745        545.31518        540.49745      0.2180        drrr_15+rroi 
I         16        535.89976        540.49745        535.89976      0.2470        drrr_15+rrri 
I         17        534.72536        535.89976        534.72536      0.2490         drrr_15+rrg 
I         18        533.16303        534.72536        533.16303      0.2570        drrr_15+rroi 
I         20        531.36503        533.16303        531.36503      0.2650         drrr_15+rrg 
I         26        527.60904        531.36503        527.60904      0.2840        drrr_15+rrri 
I         31        525.03314        527.60904        525.03314      0.2890         drrr_15+rrg 
I         35        524.42450        525.03314        524.42450      0.3010        drrr_15+rroi 
I         51        523.10259        524.42450        523.10259      0.3430        drrr_15+rrri 
I         53        522.88867        523.10259        522.88867      0.3450         drrr_15+rrg 
I         55        515.74050        522.88867        515.74050      0.3470         drrr_15+rrg 
I         57        514.52473        515.74050        514.52473      0.3540        drrr_15+rrri 
I         74        512.47211        514.52473        512.47211      0.3980        drrr_15+rrri 
I         78        511.45183        512.47211        511.45183      0.4230        drrr_15+rroi 
I        135        511.39391        511.45183        511.39391      0.4850         drrr_15+rrg 
I        162        507.74864        511.39391        507.74864      0.5110        drrr_15+rroi 
I        462        507.34630        507.74864        507.34630      0.8320         drrr_15+rrg 
I       1208        506.75616        507.34630        506.75616      1.3850        drrr_15+rroi 
I       1259        506.37619        506.75616        506.37619      1.4260        drrr_15+rroi 
I       6134        505.98011        506.37619        505.98011      4.5020         drrr_15+rrg 
I       6248        504.84964        505.98011        504.84964      4.5710        drrr_15+rroi 
I       6695        503.32204        504.84964        503.32204      4.8090         drrr_15+rrg 
I       6732        503.17210        503.32204        503.17210      4.8230        drrr_15+rrri 
I       6735        502.53362        503.17210        502.53362      4.8250         drrr_15+rrg 
I       6742        502.11183        502.53362        502.11183      4.8280        drrr_15+rrri 
I       6932        501.66985        502.11183        501.66985      4.9320         drrr_15+rrg 
I       6934        501.59748        501.66985        501.59748      4.9330        drrr_15+rrri 
I       6939        499.91354        501.59748        499.91354      4.9360        drrr_15+rroi 
I       6947        497.29977        499.91354        497.29977      4.9400        drrr_15+rroi 
I       6956        497.17950        497.29977        497.17950      4.9430         drrr_15+rrg 
I       6958        497.15286        497.17950        497.15286      4.9440        drrr_15+rroi 
I       6959        496.65112        497.15286        496.65112      4.9440        drrr_15+rrri 
I       6972        496.40968        496.65112        496.40968      4.9670         drrr_15+rrg 
I       7102        494.56526        496.40968        494.56526      5.0640        drrr_15+rrri 
I       7151        494.32382        494.56526        494.32382      5.0890        drrr_15+rrri 
I      30000        494.32382        494.32382        504.95647     17.9660        drrr_15+rrri 

Method statistics
S  method    iter  succ  succ-rate%  tot-obj-gain  avg-obj-gain  rel-succ%  net-time  net-time%  brut-time  brut-time%
S  con          1     1   100.00000  -99472.10524  -99472.10524    1.14943   0.09600    0.53434    0.09600     0.53434
S  drrr_15  29999    43     0.14334     -81.57094      -0.00272   49.42529   0.49900    2.77747    0.49900     2.77747
S  rrg       9912    18     0.18160     -33.71447      -0.00340   20.68966   9.21400   51.28574    9.21400    51.28574
S  rroi     10144    12     0.11830     -20.36798      -0.00201   13.79310   3.85801   21.47395    3.85801    21.47395
S  rrri      9943    13     0.13075     -27.48849      -0.00276   14.94253   4.16299   23.17151    4.16299    23.17151
S  SUM/AVG  59999    87     0.14500  -99635.24712      -1.66062   20.00000  17.83000   99.24302   17.83000    99.24302

T best solution: EADARPSolution(t_routing=622.713, t_excess=109.155, obj_val=494.324, obj_val_valid=true,
    unserved_requests=Int64[], F_visited=[105, 107, 103, 108, 104, 106], S_visited=Int64[],
    (1, ([97, 34, 82, 29, 77, 37, 85, 41, 89, 38, 86, 111, 1, 49, 10, 58, 48, 96, 103], [45.97684749721616], [12]))
    (2, ([98, 40, 88, 19, 67, 3, 51, 20, 14, 68, 62, 35, 83, 11, 59, 39, 87, 23, 71, 16, 18, 66, 64, 109, 104], [17.51166824366628], [24]))
    (3, ([99, 47, 95, 31, 79, 8, 33, 81, 56, 46, 94, 25, 32, 73, 17, 80, 65, 2, 50, 109, 105], [34.137718396421334], [20]))
    (4, ([100, 24, 72, 13, 45, 61, 93, 26, 74, 4, 52, 30, 36, 78, 84, 21, 69, 43, 91, 109, 106], [57.4070380908616], [20]))
    (5, ([101, 5, 12, 53, 60, 42, 90, 28, 6, 76, 54, 107], Float64[], Int64[]))
    (6, ([102, 44, 92, 15, 63, 7, 55, 27, 75, 22, 70, 9, 57, 108], Float64[], Int64[])))

T best obj: 494.32381690339616
T best iteration: 7151
T total iterations: 30000
T best time [s]: 5.089
T total time [s]: 17.9660
