EADARP version ecec-dirty
ARGS: --ifile=EADARP/instances/random/r6-48-00000.txt  --gamma=0.7 --only_single_s_visits=false --odir=EADARP/solutions/random/r6-48-00000 --oname=run23
Settings:
--alns_gamma=0.025
--alns_segment_size=100
--alns_sigma1=10
--alns_sigma2=9
--alns_sigma3=3
--at_most_one_s=false
--gamma=0.7
--ifile=EADARP/instances/random/r6-48-00000.txt
--infeasible_arcs=EADARP/infeasible_arcs
--insert_charging_otf=true
--insert_cost_noise=0.014
--lns_init_temp_factor=0.0
--lns_temp_dec_factor=0.99
--log_all_sols_fname=
--mh_checkit=false
--mh_lfreq=0
--mh_lnewinc=true
--mh_tciter=-1
--mh_tctime=-1.0
--mh_titer=30000
--mh_tobj=-1.0
--mh_ttime=-1.0
--odir=EADARP/solutions/random/r6-48-00000
--ofile=
--oname=run23
--only_single_s_visits=false
--prepthreshold=0.1
--repair_max_routes=0
--route_based_ops=0
--seed=1161165807
--tightened_windows=EADARP/tightened_windows
--use_milp_in_otf=0
--xcheck_isfeasible=false

EADARPInstance(EADARP/instances/random/r6-48-00000.txt, n=48, n_K=6, S=[109, 110, 111], Q=14.85, n_F=6, γ=0.7, T_plan=720.0, F=[103, 104, 105, 106, 107, 108])

Percentage of arcs removed: 68.80934989043097%
Minimum Degree: 8
T preprocessing time [s]: 1.697
I       iter             best          obj_old          obj_new        time              method info
I          1        576.14732     100048.00000        576.14732      0.1390                 con 
I          2        572.43805        576.14732        572.43805      0.1810         drrr_15+rrg 
I          3        565.18412        572.43805        565.18412      0.2060        drrr_15+rrri 
I          4        559.46673        565.18412        559.46673      0.2130        drrr_15+rroi 
I          5        557.44372        559.46673        557.44372      0.2290         drrr_15+rrg 
I          8        549.06108        557.44372        549.06108      0.3430         drrr_15+rrg 
I          9        546.22673        549.06108        546.22673      0.3520        drrr_15+rrri 
I         19        541.43686        546.22673        541.43686      0.4020         drrr_15+rrg 
I         27        537.59936        541.43686        537.59936      0.4540         drrr_15+rrg 
I         28        533.06772        537.59936        533.06772      0.4540         drrr_15+rrg 
I         31        529.16603        533.06772        529.16603      0.4610         drrr_15+rrg 
I         32        525.05943        529.16603        525.05943      0.4720         drrr_15+rrg 
I         34        522.54815        525.05943        522.54815      0.4840         drrr_15+rrg 
I         40        522.53028        522.54815        522.53028      0.5000        drrr_15+rrri 
I         41        519.47893        522.53028        519.47893      0.5010         drrr_15+rrg 
I         51        519.43705        519.47893        519.43705      0.5200         drrr_15+rrg 
I         63        516.94311        519.43705        516.94311      0.5530        drrr_15+rrri 
I         66        512.03738        516.94311        512.03738      0.5580         drrr_15+rrg 
I         71        511.51626        512.03738        511.51626      0.5800        drrr_15+rrri 
I         77        510.09472        511.51626        510.09472      0.5870        drrr_15+rrri 
I        106        509.44238        510.09472        509.44238      0.6220         drrr_15+rrg 
I        107        508.11760        509.44238        508.11760      0.6240         drrr_15+rrg 
I        117        506.48166        508.11760        506.48166      0.6360         drrr_15+rrg 
I        120        502.43724        506.48166        502.43724      0.6460        drrr_15+rrri 
I        124        502.30391        502.43724        502.30391      0.6480        drrr_15+rroi 
I        129        502.25714        502.30391        502.25714      0.6560        drrr_15+rrri 
I        151        501.96249        502.25714        501.96249      0.6820        drrr_15+rrri 
I        227        501.43992        501.96249        501.43992      0.7580         drrr_15+rrg 
I        457        500.75463        501.43992        500.75463      0.9400        drrr_15+rrri 
I        482        500.70142        500.75463        500.70142      0.9560        drrr_15+rroi 
I        556        500.33149        500.70142        500.33149      1.0010        drrr_15+rroi 
I       5696        499.58627        500.33149        499.58627      4.2940        drrr_15+rrri 
I       5697        499.08060        499.58627        499.08060      4.2940        drrr_15+rroi 
I       6195        498.96353        499.08060        498.96353      4.6300         drrr_15+rrg 
I       6307        498.70960        498.96353        498.70960      4.7250        drrr_15+rroi 
I       6319        498.52137        498.70960        498.52137      4.7340         drrr_15+rrg 
I       6325        498.46816        498.52137        498.46816      4.7370        drrr_15+rrri 
I      30000        498.46816        498.46816        515.63042     17.6410         drrr_15+rrg 

Method statistics
S  method    iter  succ  succ-rate%  tot-obj-gain  avg-obj-gain  rel-succ%  net-time  net-time%  brut-time  brut-time%
S  con          1     1   100.00000  -99471.85268  -99471.85268    1.36986   0.13900    0.78794    0.13900     0.78794
S  drrr_15  29999    36     0.12000     -77.67916      -0.00259   49.31507   0.47000    2.66422    0.47000     2.66422
S  rrg       9969    18     0.18056     -50.23338      -0.00504   24.65753   9.31299   52.79175    9.31299    52.79175
S  rroi      9961     6     0.06023      -7.03346      -0.00071    8.21918   3.53400   20.03290    3.53400    20.03290
S  rrri     10069    12     0.11918     -20.41232      -0.00203   16.43836   4.00201   22.68584    4.00201    22.68584
S  SUM/AVG  59999    73     0.12167  -99627.21100      -1.66048   20.00000  17.45800   98.96265   17.45800    98.96265

T best solution: EADARPSolution(t_routing=613.139, t_excess=154.456, obj_val=498.468, obj_val_valid=true,
    unserved_requests=Int64[], F_visited=[103, 107, 104, 108, 106, 105], S_visited=Int64[],
    (1, ([97, 44, 92, 5, 12, 53, 60, 42, 90, 30, 36, 78, 84, 11, 59, 39, 87, 23, 71, 16, 18, 66, 64, 109, 103], [40.997691461153096], [24]))
    (2, ([98, 47, 95, 3, 51, 9, 57, 104], Float64[], Int64[]))
    (3, ([99, 24, 72, 13, 45, 61, 93, 26, 74, 4, 52, 10, 58, 48, 96, 109, 105], [30.269980765093152], [16]))
    (4, ([100, 40, 88, 19, 67, 20, 14, 15, 68, 62, 63, 7, 35, 83, 55, 27, 75, 1, 49, 21, 69, 43, 91, 109, 106], [40.56901041905273], [24]))
    (5, ([101, 34, 82, 29, 77, 37, 85, 41, 89, 38, 86, 22, 70, 28, 6, 76, 54, 109, 107], [43.001014792618456], [18]))
    (6, ([102, 31, 79, 8, 33, 81, 56, 46, 94, 25, 32, 73, 17, 80, 65, 2, 50, 109, 108], [15.358743665049733], [18])))

T best obj: 498.4681589588079
T best iteration: 6325
T total iterations: 30000
T best time [s]: 4.737
T total time [s]: 17.6410
