EADARP version ecec-dirty
ARGS: --ifile=EADARP/instances/random/r6-48-00000.txt  --gamma=0.7 --only_single_s_visits=false --odir=EADARP/solutions/random/r6-48-00000 --oname=run33
Settings:
--alns_gamma=0.025
--alns_segment_size=100
--alns_sigma1=10
--alns_sigma2=9
--alns_sigma3=3
--at_most_one_s=false
--gamma=0.7
--ifile=EADARP/instances/random/r6-48-00000.txt
--infeasible_arcs=EADARP/infeasible_arcs
--insert_charging_otf=true
--insert_cost_noise=0.014
--lns_init_temp_factor=0.0
--lns_temp_dec_factor=0.99
--log_all_sols_fname=
--mh_checkit=false
--mh_lfreq=0
--mh_lnewinc=true
--mh_tciter=-1
--mh_tctime=-1.0
--mh_titer=30000
--mh_tobj=-1.0
--mh_ttime=-1.0
--odir=EADARP/solutions/random/r6-48-00000
--ofile=
--oname=run33
--only_single_s_visits=false
--prepthreshold=0.1
--repair_max_routes=0
--route_based_ops=0
--seed=2107323804
--tightened_windows=EADARP/tightened_windows
--use_milp_in_otf=0
--xcheck_isfeasible=false

EADARPInstance(EADARP/instances/random/r6-48-00000.txt, n=48, n_K=6, S=[109, 110, 111], Q=14.85, n_F=6, γ=0.7, T_plan=720.0, F=[103, 104, 105, 106, 107, 108])

Percentage of arcs removed: 68.80934989043097%
Minimum Degree: 8
T preprocessing time [s]: 1.606
I       iter             best          obj_old          obj_new        time              method info
I          1        576.99299     100048.00000        576.99299      0.0900                 con 
I          2        566.71447        576.99299        566.71447      0.1200        drrr_15+rrri 
I          3        556.53795        566.71447        556.53795      0.1200        drrr_15+rroi 
I          4        555.53297        556.53795        555.53297      0.1580         drrr_15+rrg 
I          5        552.17091        555.53297        552.17091      0.1810        drrr_15+rrri 
I          6        549.04905        552.17091        549.04905      0.1960        drrr_15+rroi 
I          8        540.96041        549.04905        540.96041      0.2260         drrr_15+rrg 
I         11        540.71692        540.96041        540.71692      0.2560         drrr_15+rrg 
I         20        536.14644        540.71692        536.14644      0.3560         drrr_15+rrg 
I         27        531.57044        536.14644        531.57044      0.4060        drrr_15+rroi 
I         37        526.11192        531.57044        526.11192      0.4560        drrr_15+rroi 
I         40        524.13989        526.11192        524.13989      0.4820        drrr_15+rrri 
I         43        523.62344        524.13989        523.62344      0.4820        drrr_15+rrri 
I         44        521.87206        523.62344        521.87206      0.4820        drrr_15+rroi 
I         48        519.34130        521.87206        519.34130      0.4820         drrr_15+rrg 
I         58        511.53378        519.34130        511.53378      0.5120        drrr_15+rroi 
I         61        510.00292        511.53378        510.00292      0.5120        drrr_15+rrri 
I         64        509.76148        510.00292        509.76148      0.5270        drrr_15+rrri 
I        161        509.36097        509.76148        509.36097      0.6170         drrr_15+rrg 
I        172        507.47238        509.36097        507.47238      0.6330        drrr_15+rrri 
I        451        507.18358        507.47238        507.18358      0.8900        drrr_15+rroi 
I        496        505.84045        507.18358        505.84045      0.9350        drrr_15+rrri 
I        499        503.05848        505.84045        503.05848      0.9350        drrr_15+rroi 
I        565        501.34765        503.05848        501.34765      0.9950        drrr_15+rroi 
I        568        501.28010        501.34765        501.28010      0.9950        drrr_15+rrri 
I        708        501.10621        501.28010        501.10621      1.1160        drrr_15+rroi 
I       2100        500.61031        501.10621        500.61031      2.0660        drrr_15+rrri 
I       3351        499.50180        500.61031        499.50180      2.7910        drrr_15+rroi 
I       3414        496.93855        499.50180        496.93855      2.8360        drrr_15+rrri 
I       3512        496.66437        496.93855        496.66437      2.8810        drrr_15+rrri 
I       3526        495.07435        496.66437        495.07435      2.9110        drrr_15+rrri 
I       3527        493.42594        495.07435        493.42594      2.9110        drrr_15+rrri 
I      30000        493.42594        493.42594        497.79326     18.9090        drrr_15+rrri 

Method statistics
S  method    iter  succ  succ-rate%  tot-obj-gain  avg-obj-gain  rel-succ%  net-time  net-time%  brut-time  brut-time%
S  con          1     1   100.00000  -99471.00701  -99471.00701    1.58730   0.09000    0.47596    0.09000     0.47596
S  drrr_15  29999    31     0.10334     -83.56704      -0.00279   49.20635   0.42100    2.22645    0.42100     2.22645
S  rrg       9959     6     0.06025     -16.83885      -0.00169    9.52381  10.18000   53.83680   10.18000    53.83680
S  rroi      9951    11     0.11054     -38.95580      -0.00391   17.46032   3.87900   20.51405    3.87900    20.51405
S  rrri     10089    14     0.13876     -27.77239      -0.00275   22.22222   4.19200   22.16933    4.19200    22.16933
S  SUM/AVG  59999    63     0.10500  -99638.14110      -1.66066   20.00000  18.76200   99.22259   18.76200    99.22259

T best solution: EADARPSolution(t_routing=630.208, t_excess=83.078, obj_val=493.426, obj_val_valid=true,
    unserved_requests=Int64[], F_visited=[104, 103, 106, 105, 108, 107], S_visited=Int64[],
    (1, ([97, 40, 88, 19, 67, 3, 51, 20, 14, 68, 62, 35, 83, 7, 55, 27, 75, 22, 70, 28, 76, 18, 66, 109, 103], [42.52437004417696], [24]))
    (2, ([98, 34, 82, 29, 77, 37, 85, 41, 89, 38, 86, 111, 1, 49, 10, 58, 48, 96, 104], [45.97684749721616], [12]))
    (3, ([99, 44, 92, 15, 63, 21, 69, 25, 32, 73, 17, 80, 65, 2, 50, 109, 105], [24.31040504897672], [16]))
    (4, ([100, 24, 72, 13, 45, 61, 93, 26, 74, 4, 52, 30, 36, 78, 84, 11, 59, 39, 87, 23, 71, 111, 16, 64, 109, 106], [63.85639407147437, 2.1098957357489323], [22, 25]))
    (5, ([101, 47, 95, 31, 79, 8, 33, 81, 56, 46, 94, 9, 57, 107], Float64[], Int64[]))
    (6, ([102, 5, 12, 53, 60, 42, 90, 6, 43, 91, 54, 108], Float64[], Int64[])))

T best obj: 493.4259446834363
T best iteration: 3527
T total iterations: 30000
T best time [s]: 2.911
T total time [s]: 18.9090
