EADARP version ecec-dirty
ARGS: --ifile=EADARP/instances/random/r6-48-00000.txt  --gamma=0.7 --only_single_s_visits=false --odir=EADARP/solutions/random/r6-48-00000 --oname=run46
Settings:
--alns_gamma=0.025
--alns_segment_size=100
--alns_sigma1=10
--alns_sigma2=9
--alns_sigma3=3
--at_most_one_s=false
--gamma=0.7
--ifile=EADARP/instances/random/r6-48-00000.txt
--infeasible_arcs=EADARP/infeasible_arcs
--insert_charging_otf=true
--insert_cost_noise=0.014
--lns_init_temp_factor=0.0
--lns_temp_dec_factor=0.99
--log_all_sols_fname=
--mh_checkit=false
--mh_lfreq=0
--mh_lnewinc=true
--mh_tciter=-1
--mh_tctime=-1.0
--mh_titer=30000
--mh_tobj=-1.0
--mh_ttime=-1.0
--odir=EADARP/solutions/random/r6-48-00000
--ofile=
--oname=run46
--only_single_s_visits=false
--prepthreshold=0.1
--repair_max_routes=0
--route_based_ops=0
--seed=478398472
--tightened_windows=EADARP/tightened_windows
--use_milp_in_otf=0
--xcheck_isfeasible=false

EADARPInstance(EADARP/instances/random/r6-48-00000.txt, n=48, n_K=6, S=[109, 110, 111], Q=14.85, n_F=6, γ=0.7, T_plan=720.0, F=[103, 104, 105, 106, 107, 108])

Percentage of arcs removed: 68.80934989043097%
Minimum Degree: 8
T preprocessing time [s]: 1.599
I       iter             best          obj_old          obj_new        time              method info
I          1        583.12919     100048.00000        583.12919      0.0940                 con 
I          2        578.01861        583.12919        578.01861      0.1100        drrr_15+rroi 
I          4        575.22820        578.01861        575.22820      0.1410        drrr_15+rrri 
I          6        560.72074        575.22820        560.72074      0.1410        drrr_15+rroi 
I          9        559.58434        560.72074        559.58434      0.1720        drrr_15+rrri 
I         10        544.43133        559.58434        544.43133      0.2040        drrr_15+rrri 
I         11        542.36319        544.43133        542.36319      0.2200        drrr_15+rroi 
I         13        537.27095        542.36319        537.27095      0.2350         drrr_15+rrg 
I         16        529.39491        537.27095        529.39491      0.2660        drrr_15+rroi 
I         17        527.82268        529.39491        527.82268      0.2660        drrr_15+rrri 
I         25        527.45610        527.82268        527.45610      0.2980        drrr_15+rroi 
I         26        526.85307        527.45610        526.85307      0.2980         drrr_15+rrg 
I         31        525.37737        526.85307        525.37737      0.3300         drrr_15+rrg 
I         33        524.84408        525.37737        524.84408      0.3300         drrr_15+rrg 
I         37        524.66331        524.84408        524.66331      0.3450         drrr_15+rrg 
I         46        522.65560        524.66331        522.65560      0.3760         drrr_15+rrg 
I         86        519.95351        522.65560        519.95351      0.4390         drrr_15+rrg 
I        124        518.05352        519.95351        518.05352      0.4860        drrr_15+rroi 
I        129        518.04549        518.05352        518.04549      0.4860        drrr_15+rrri 
I        196        517.99228        518.04549        517.99228      0.5800         drrr_15+rrg 
I        218        516.65089        517.99228        516.65089      0.5960         drrr_15+rrg 
I        276        516.28017        516.65089        516.28017      0.6590        drrr_15+rroi 
I        620        515.91782        516.28017        515.91782      0.9560         drrr_15+rrg 
I        639        515.74100        515.91782        515.74100      0.9720        drrr_15+rroi 
I       1032        515.37028        515.74100        515.37028      1.2420        drrr_15+rroi 
I       1294        514.32146        515.37028        514.32146      1.4370        drrr_15+rrri 
I       1320        512.74250        514.32146        512.74250      1.4670        drrr_15+rroi 
I       1321        510.86428        512.74250        510.86428      1.4680         drrr_15+rrg 
I       1367        507.86919        510.86428        507.86919      1.5110        drrr_15+rrri 
I       1488        507.86491        507.86919        507.86491      1.5740        drrr_15+rroi 
I       1537        507.65033        507.86491        507.65033      1.6070        drrr_15+rroi 
I       2108        507.10726        507.65033        507.10726      2.0540        drrr_15+rroi 
I       2582        504.59866        507.10726        504.59866      2.3550        drrr_15+rroi 
I       2595        503.96018        504.59866        503.96018      2.3610         drrr_15+rrg 
I       2602        503.74560        503.96018        503.74560      2.3630         drrr_15+rrg 
I      16841        502.80083        503.74560        502.80083     10.4890        drrr_15+rrri 
I      16870        500.69337        502.80083        500.69337     10.5080        drrr_15+rroi 
I      30000        500.69337        500.69337        517.13126     18.0770        drrr_15+rroi 

Method statistics
S  method    iter  succ  succ-rate%  tot-obj-gain  avg-obj-gain  rel-succ%  net-time  net-time%  brut-time  brut-time%
S  con          1     1   100.00000  -99464.87081  -99464.87081    1.36986   0.09400    0.52000    0.09400     0.52000
S  drrr_15  29999    36     0.12000     -82.43581      -0.00275   49.31507   0.49200    2.72170    0.49200     2.72170
S  rrg      10025    13     0.12968     -17.08306      -0.00170   17.80822   9.29500   51.41890    9.29500    51.41890
S  rroi      9972    15     0.15042     -39.70398      -0.00398   20.54795   3.93500   21.76802    3.93500    21.76802
S  rrri     10002     8     0.07998     -25.64878      -0.00256   10.95890   4.13000   22.84671    4.13000    22.84671
S  SUM/AVG  59999    73     0.12167  -99629.74244      -1.66052   20.00000  17.94600   99.27533   17.94600    99.27533

T best solution: EADARPSolution(t_routing=623.239, t_excess=133.057, obj_val=500.693, obj_val_valid=true,
    unserved_requests=Int64[], F_visited=[107, 105, 103, 106, 104, 108], S_visited=Int64[],
    (1, ([97, 24, 72, 13, 61, 20, 14, 15, 68, 62, 63, 4, 52, 35, 83, 7, 55, 27, 75, 22, 70, 6, 43, 91, 54, 109, 103], [65.15093320435207], [26]))
    (2, ([98, 34, 82, 29, 77, 37, 85, 41, 89, 38, 86, 1, 49, 10, 58, 11, 59, 39, 87, 23, 71, 109, 104], [49.6457691640348], [22]))
    (3, ([99, 31, 45, 79, 93, 26, 74, 8, 33, 81, 56, 46, 94, 25, 32, 73, 17, 80, 65, 2, 50, 109, 105], [50.196922732269236], [22]))
    (4, ([100, 40, 88, 19, 67, 3, 51, 9, 57, 106], Float64[], Int64[]))
    (5, ([101, 47, 95, 28, 76, 48, 96, 107], Float64[], Int64[]))
    (6, ([102, 44, 92, 5, 12, 53, 60, 42, 90, 30, 36, 78, 84, 21, 69, 16, 18, 66, 64, 109, 108], [33.81955899049545], [20])))

T best obj: 500.69337435717034
T best iteration: 16870
T total iterations: 30000
T best time [s]: 10.508
T total time [s]: 18.0770
