EADARP version ecec-dirty
ARGS: --ifile=EADARP/instances/random/r6-48-00000.txt  --gamma=0.7 --only_single_s_visits=false --odir=EADARP/solutions/random/r6-48-00000 --oname=run40
Settings:
--alns_gamma=0.025
--alns_segment_size=100
--alns_sigma1=10
--alns_sigma2=9
--alns_sigma3=3
--at_most_one_s=false
--gamma=0.7
--ifile=EADARP/instances/random/r6-48-00000.txt
--infeasible_arcs=EADARP/infeasible_arcs
--insert_charging_otf=true
--insert_cost_noise=0.014
--lns_init_temp_factor=0.0
--lns_temp_dec_factor=0.99
--log_all_sols_fname=
--mh_checkit=false
--mh_lfreq=0
--mh_lnewinc=true
--mh_tciter=-1
--mh_tctime=-1.0
--mh_titer=30000
--mh_tobj=-1.0
--mh_ttime=-1.0
--odir=EADARP/solutions/random/r6-48-00000
--ofile=
--oname=run40
--only_single_s_visits=false
--prepthreshold=0.1
--repair_max_routes=0
--route_based_ops=0
--seed=461982131
--tightened_windows=EADARP/tightened_windows
--use_milp_in_otf=0
--xcheck_isfeasible=false

EADARPInstance(EADARP/instances/random/r6-48-00000.txt, n=48, n_K=6, S=[109, 110, 111], Q=14.85, n_F=6, γ=0.7, T_plan=720.0, F=[103, 104, 105, 106, 107, 108])

Percentage of arcs removed: 68.80934989043097%
Minimum Degree: 8
T preprocessing time [s]: 1.655
I       iter             best          obj_old          obj_new        time              method info
I          1        576.25284     100048.00000        576.25284      0.0880                 con 
I          2        565.18206        576.25284        565.18206      0.1150         drrr_15+rrg 
I          3        558.06000        565.18206        558.06000      0.1310        drrr_15+rrri 
I          4        552.49307        558.06000        552.49307      0.1530         drrr_15+rrg 
I          5        542.45764        552.49307        542.45764      0.1610        drrr_15+rrri 
I          6        534.97276        542.45764        534.97276      0.1700         drrr_15+rrg 
I          9        531.86113        534.97276        531.86113      0.1830         drrr_15+rrg 
I         10        528.49455        531.86113        528.49455      0.1860        drrr_15+rroi 
I         21        521.67897        528.49455        521.67897      0.2420         drrr_15+rrg 
I         27        520.78887        521.67897        520.78887      0.2770         drrr_15+rrg 
I         30        520.47476        520.78887        520.47476      0.2900         drrr_15+rrg 
I         32        519.92054        520.47476        519.92054      0.2940        drrr_15+rrri 
I         33        519.60644        519.92054        519.60644      0.2940        drrr_15+rrri 
I         49        519.23167        519.60644        519.23167      0.3150        drrr_15+rroi 
I         56        517.08423        519.23167        517.08423      0.3260        drrr_15+rrri 
I         78        514.24204        517.08423        514.24204      0.3650        drrr_15+rrri 
I        111        514.13218        514.24204        514.13218      0.4200        drrr_15+rroi 
I        281        513.28550        514.13218        513.28550      0.6110        drrr_15+rrri 
I        300        511.52067        513.28550        511.52067      0.6280        drrr_15+rrri 
I        317        511.29719        511.52067        511.29719      0.6490        drrr_15+rrri 
I        406        511.28934        511.29719        511.28934      0.7370        drrr_15+rrri 
I        420        509.05984        511.28934        509.05984      0.7440         drrr_15+rrg 
I        421        505.06394        509.05984        505.06394      0.7440        drrr_15+rrri 
I        425        502.60767        505.06394        502.60767      0.7500        drrr_15+rrri 
I        602        502.18589        502.60767        502.18589      0.8790        drrr_15+rrri 
I       1497        501.63090        502.18589        501.63090      1.5310        drrr_15+rroi 
I       3683        501.45557        501.63090        501.45557      2.7690        drrr_15+rrri 
I       3690        501.21414        501.45557        501.21414      2.7720        drrr_15+rroi 
I       7505        501.09691        501.21414        501.09691      4.9710        drrr_15+rroi 
I       9457        498.94112        501.09691        498.94112      6.0990        drrr_15+rroi 
I       9616        494.66957        498.94112        494.66957      6.1940         drrr_15+rrg 
I      30000        494.66957        494.66957        507.29193     17.4490        drrr_15+rroi 

Method statistics
S  method    iter  succ  succ-rate%  tot-obj-gain  avg-obj-gain  rel-succ%  net-time  net-time%  brut-time  brut-time%
S  con          1     1   100.00000  -99471.74716  -99471.74716    1.63934   0.08800    0.50433    0.08800     0.50433
S  drrr_15  29999    30     0.10000     -81.58326      -0.00272   49.18033   0.48200    2.76235    0.48200     2.76235
S  rrg      10021     9     0.08981     -41.75505      -0.00417   14.75410   8.99000   51.52156    8.99000    51.52156
S  rroi     10110     7     0.06924      -6.92066      -0.00068   11.47541   3.64300   20.87797    3.64300    20.87797
S  rrri      9868    14     0.14187     -32.90755      -0.00333   22.95082   4.10400   23.51999    4.10400    23.51999
S  SUM/AVG  59999    61     0.10167  -99634.91369      -1.66061   20.00000  17.30700   99.18620   17.30700    99.18620

T best solution: EADARPSolution(t_routing=628.168, t_excess=94.175, obj_val=494.67, obj_val_valid=true,
    unserved_requests=Int64[], F_visited=[103, 106, 104, 107, 105, 108], S_visited=Int64[],
    (1, ([97, 44, 92, 15, 63, 7, 55, 27, 75, 22, 70, 9, 57, 103], Float64[], Int64[]))
    (2, ([98, 5, 12, 53, 60, 42, 90, 28, 6, 76, 54, 18, 66, 109, 104], [0.4736551599754532], [14]))
    (3, ([99, 47, 95, 31, 79, 8, 33, 81, 56, 46, 94, 25, 32, 73, 17, 80, 65, 2, 50, 109, 105], [34.137718396421334], [20]))
    (4, ([100, 40, 88, 19, 67, 3, 51, 20, 14, 68, 62, 35, 83, 21, 69, 43, 91, 109, 106], [1.3826790444855483], [18]))
    (5, ([101, 24, 72, 13, 45, 61, 93, 26, 74, 4, 52, 30, 36, 78, 84, 11, 59, 39, 87, 23, 71, 111, 16, 64, 109, 107], [63.85639407147437, 2.1098957357489323], [22, 25]))
    (6, ([102, 34, 82, 29, 77, 37, 85, 41, 89, 38, 86, 111, 1, 49, 10, 58, 48, 96, 108], [45.97684749721616], [12])))

T best obj: 494.6695739862223
T best iteration: 9616
T total iterations: 30000
T best time [s]: 6.194
T total time [s]: 17.4490
