EADARP version ecec-dirty
ARGS: --ifile=EADARP/instances/random/r6-48-00000.txt  --gamma=0.7 --only_single_s_visits=false --odir=EADARP/solutions/random/r6-48-00000 --oname=run68
Settings:
--alns_gamma=0.025
--alns_segment_size=100
--alns_sigma1=10
--alns_sigma2=9
--alns_sigma3=3
--at_most_one_s=false
--gamma=0.7
--ifile=EADARP/instances/random/r6-48-00000.txt
--infeasible_arcs=EADARP/infeasible_arcs
--insert_charging_otf=true
--insert_cost_noise=0.014
--lns_init_temp_factor=0.0
--lns_temp_dec_factor=0.99
--log_all_sols_fname=
--mh_checkit=false
--mh_lfreq=0
--mh_lnewinc=true
--mh_tciter=-1
--mh_tctime=-1.0
--mh_titer=30000
--mh_tobj=-1.0
--mh_ttime=-1.0
--odir=EADARP/solutions/random/r6-48-00000
--ofile=
--oname=run68
--only_single_s_visits=false
--prepthreshold=0.1
--repair_max_routes=0
--route_based_ops=0
--seed=1052889171
--tightened_windows=EADARP/tightened_windows
--use_milp_in_otf=0
--xcheck_isfeasible=false

EADARPInstance(EADARP/instances/random/r6-48-00000.txt, n=48, n_K=6, S=[109, 110, 111], Q=14.85, n_F=6, γ=0.7, T_plan=720.0, F=[103, 104, 105, 106, 107, 108])

Percentage of arcs removed: 68.80934989043097%
Minimum Degree: 8
T preprocessing time [s]: 1.654
I       iter             best          obj_old          obj_new        time              method info
I          1        576.87045     100048.00000        576.87045      0.0960                 con 
I          2        570.97870        576.87045        570.97870      0.1170         drrr_15+rrg 
I          3        564.38252        570.97870        564.38252      0.1370        drrr_15+rroi 
I          4        558.51550        564.38252        558.51550      0.1530        drrr_15+rroi 
I          5        553.15010        558.51550        553.15010      0.1610         drrr_15+rrg 
I         10        537.36929        553.15010        537.36929      0.2290        drrr_15+rroi 
I         77        536.96469        537.36929        536.96469      0.3760        drrr_15+rroi 
I         78        534.89297        536.96469        534.89297      0.3800        drrr_15+rroi 
I         79        534.52529        534.89297        534.52529      0.3800        drrr_15+rrri 
I         84        529.56229        534.52529        529.56229      0.3880        drrr_15+rroi 
I         93        528.36459        529.56229        528.36459      0.4000         drrr_15+rrg 
I        100        526.88448        528.36459        526.88448      0.4120         drrr_15+rrg 
I        104        526.30438        526.88448        526.30438      0.4160         drrr_15+rrg 
I        105        521.56441        526.30438        521.56441      0.4160         drrr_15+rrg 
I        115        518.72222        521.56441        518.72222      0.4200        drrr_15+rroi 
I        218        517.69166        518.72222        517.69166      0.5900        drrr_15+rrri 
I        263        517.50325        517.69166        517.50325      0.6590        drrr_15+rrri 
I        315        514.34532        517.50325        514.34532      0.7280         drrr_15+rrg 
I        373        513.86576        514.34532        513.86576      0.8000         drrr_15+rrg 
I        375        513.22728        513.86576        513.22728      0.8000        drrr_15+rrri 
I        379        511.95695        513.22728        511.95695      0.8040        drrr_15+rroi 
I        385        510.53961        511.95695        510.53961      0.8040        drrr_15+rrri 
I        390        509.92605        510.53961        509.92605      0.8080        drrr_15+rroi 
I        393        509.43062        509.92605        509.43062      0.8120        drrr_15+rroi 
I        429        509.18918        509.43062        509.18918      0.8400        drrr_15+rroi 
I        558        509.10418        509.18918        509.10418      0.9490         drrr_15+rrg 
I        576        508.92460        509.10418        508.92460      0.9700        drrr_15+rrri 
I        587        508.36136        508.92460        508.36136      0.9780        drrr_15+rroi 
I        644        506.59511        508.36136        506.59511      1.0220         drrr_15+rrg 
I        698        506.35367        506.59511        506.35367      1.0500        drrr_15+rrri 
I       4773        506.17835        506.35367        506.17835      3.7760        drrr_15+rrri 
I       4780        505.93691        506.17835        505.93691      3.7760         drrr_15+rrg 
I       5605        505.81250        505.93691        505.81250      4.2420         drrr_15+rrg 
I       5704        505.07436        505.81250        505.07436      4.2870        drrr_15+rrri 
I       5799        503.89782        505.07436        503.89782      4.6440        drrr_15+rroi 
I       5800        503.89782        503.89782        503.89782      4.6440        drrr_15+rroi 
I       5809        503.72394        503.89782        503.72394      4.6520        drrr_15+rroi 
I       5833        503.72394        503.72394        503.72394      4.7010         drrr_15+rrg 
I      28534        502.65460        503.72394        502.65460     17.8920         drrr_15+rrg 
I      30000        502.65460        502.65460        517.90082     18.8090         drrr_15+rrg 

Method statistics
S  method    iter  succ  succ-rate%  tot-obj-gain  avg-obj-gain  rel-succ%  net-time  net-time%  brut-time  brut-time%
S  con          1     1   100.00000  -99471.12955  -99471.12955    1.29870   0.09600    0.51039    0.09600     0.51039
S  drrr_15  29999    38     0.12667     -74.21585      -0.00247   49.35065   0.57600    3.06235    0.57600     3.06235
S  rrg      10053    14     0.13926     -26.17897      -0.00260   18.18182   9.49200   50.46521    9.49200    50.46521
S  rroi     10015    15     0.14978     -43.05994      -0.00430   19.48052   3.90100   20.74008    3.90100    20.74008
S  rrri      9931     9     0.09063      -4.97695      -0.00050   11.68831   4.57800   24.33941    4.57800    24.33941
S  SUM/AVG  59999    77     0.12834  -99619.56125      -1.66035   20.00000  18.64300   99.11744   18.64300    99.11744

T best solution: EADARPSolution(t_routing=633.821, t_excess=109.155, obj_val=502.655, obj_val_valid=true,
    unserved_requests=Int64[], F_visited=[105, 108, 107, 103, 104, 106], S_visited=Int64[],
    (1, ([97, 24, 72, 13, 45, 61, 93, 41, 89, 27, 75, 1, 49, 11, 59, 39, 87, 23, 71, 16, 18, 66, 64, 109, 103], [49.75902524593526], [24]))
    (2, ([98, 5, 12, 53, 60, 42, 90, 30, 36, 78, 84, 21, 69, 25, 32, 73, 17, 80, 65, 2, 50, 109, 104], [47.07351959812186], [22]))
    (3, ([99, 26, 74, 8, 33, 81, 56, 46, 94, 9, 57, 105], Float64[], Int64[]))
    (4, ([100, 44, 92, 34, 82, 29, 77, 37, 85, 15, 63, 4, 52, 35, 83, 7, 55, 43, 91, 109, 106], [54.59105806024389], [20]))
    (5, ([101, 40, 88, 19, 67, 3, 51, 20, 14, 68, 62, 10, 58, 48, 96, 107], Float64[], Int64[]))
    (6, ([102, 47, 95, 31, 79, 38, 86, 22, 70, 28, 6, 76, 54, 109, 108], [22.536327666604482], [14])))

T best obj: 502.6545989579734
T best iteration: 28534
T total iterations: 30000
T best time [s]: 17.892
T total time [s]: 18.8090
