EADARP version ecec-dirty
ARGS: --ifile=EADARP/instances/random/r6-48-00000.txt  --gamma=0.7 --only_single_s_visits=false --odir=EADARP/solutions/random/r6-48-00000 --oname=run61
Settings:
--alns_gamma=0.025
--alns_segment_size=100
--alns_sigma1=10
--alns_sigma2=9
--alns_sigma3=3
--at_most_one_s=false
--gamma=0.7
--ifile=EADARP/instances/random/r6-48-00000.txt
--infeasible_arcs=EADARP/infeasible_arcs
--insert_charging_otf=true
--insert_cost_noise=0.014
--lns_init_temp_factor=0.0
--lns_temp_dec_factor=0.99
--log_all_sols_fname=
--mh_checkit=false
--mh_lfreq=0
--mh_lnewinc=true
--mh_tciter=-1
--mh_tctime=-1.0
--mh_titer=30000
--mh_tobj=-1.0
--mh_ttime=-1.0
--odir=EADARP/solutions/random/r6-48-00000
--ofile=
--oname=run61
--only_single_s_visits=false
--prepthreshold=0.1
--repair_max_routes=0
--route_based_ops=0
--seed=657347933
--tightened_windows=EADARP/tightened_windows
--use_milp_in_otf=0
--xcheck_isfeasible=false

EADARPInstance(EADARP/instances/random/r6-48-00000.txt, n=48, n_K=6, S=[109, 110, 111], Q=14.85, n_F=6, γ=0.7, T_plan=720.0, F=[103, 104, 105, 106, 107, 108])

Percentage of arcs removed: 68.80934989043097%
Minimum Degree: 8
T preprocessing time [s]: 1.666
I       iter             best          obj_old          obj_new        time              method info
I          1        594.08230     100048.00000        594.08230      0.0900                 con 
I          2        577.52918        594.08230        577.52918      0.1200        drrr_15+rrri 
I          3        573.39252        577.52918        573.39252      0.1360        drrr_15+rrri 
I          6        568.79438        573.39252        568.79438      0.2010        drrr_15+rrri 
I          9        567.29016        568.79438        567.29016      0.2400        drrr_15+rrri 
I         10        546.78831        567.29016        546.78831      0.2570        drrr_15+rrri 
I         13        542.63907        546.78831        542.63907      0.2770         drrr_15+rrg 
I         16        529.40143        542.63907        529.40143      0.3100        drrr_15+rrri 
I         17        526.54369        529.40143        526.54369      0.3190        drrr_15+rroi 
I         27        526.49047        526.54369        526.49047      0.3970         drrr_15+rrg 
I         28        524.32883        526.49047        524.32883      0.3980         drrr_15+rrg 
I         32        524.27552        524.32883        524.27552      0.4130        drrr_15+rroi 
I         37        521.76417        524.27552        521.76417      0.4400        drrr_15+rroi 
I         48        520.38101        521.76417        520.38101      0.4640         drrr_15+rrg 
I         51        515.42677        520.38101        515.42677      0.4690         drrr_15+rrg 
I         81        513.92173        515.42677        513.92173      0.5990        drrr_15+rroi 
I         90        513.53818        513.92173        513.53818      0.6130         drrr_15+rrg 
I        158        513.10385        513.53818        513.10385      0.7110         drrr_15+rrg 
I        169        509.92494        513.10385        509.92494      0.7200        drrr_15+rrri 
I        179        508.84546        509.92494        508.84546      0.7460         drrr_15+rrg 
I        182        507.24797        508.84546        507.24797      0.7470        drrr_15+rrri 
I        188        505.31365        507.24797        505.31365      0.7510        drrr_15+rrri 
I        193        504.32552        505.31365        504.32552      0.7530        drrr_15+rroi 
I        810        504.23439        504.32552        504.23439      1.2630        drrr_15+rroi 
I       3793        504.12949        504.23439        504.12949      3.1910        drrr_15+rrri 
I       5749        503.52349        504.12949        503.52349      4.2940        drrr_15+rrri 
I       5762        503.28205        503.52349        503.28205      4.3020        drrr_15+rroi 
I       5763        501.85008        503.28205        501.85008      4.3020        drrr_15+rrri 
I       5765        501.60864        501.85008        501.60864      4.3050         drrr_15+rrg 
I       5829        501.55542        501.60864        501.55542      4.3350        drrr_15+rrri 
I       6025        501.15172        501.55542        501.15172      4.4350        drrr_15+rroi 
I       6302        499.51691        501.15172        499.51691      4.5830         drrr_15+rrg 
I       7716        499.08898        499.51691        499.08898      5.3820        drrr_15+rroi 
I       7726        499.03577        499.08898        499.03577      5.3860        drrr_15+rrri 
I       7731        498.62780        499.03577        498.62780      5.3880        drrr_15+rroi 
I       7745        498.23075        498.62780        498.23075      5.3950        drrr_15+rrri 
I       7793        497.98931        498.23075        497.98931      5.4210        drrr_15+rrri 
I      14736        497.72937        497.98931        497.72937      9.3170         drrr_15+rrg 
I      30000        497.72937        497.72937        509.65997     18.0480        drrr_15+rroi 

Method statistics
S  method    iter  succ  succ-rate%  tot-obj-gain  avg-obj-gain  rel-succ%  net-time  net-time%  brut-time  brut-time%
S  con          1     1   100.00000  -99453.91770  -99453.91770    1.33333   0.08900    0.49313    0.08900     0.49313
S  drrr_15  29999    37     0.12334     -96.35292      -0.00321   49.33333   0.48000    2.65958    0.48000     2.65958
S  rrg      10137    11     0.10851     -16.73505      -0.00165   14.66667   9.32699   51.67882    9.32699    51.67882
S  rroi      9985    10     0.10015      -9.48775      -0.00095   13.33333   3.90401   21.63123    3.90401    21.63123
S  rrri      9877    16     0.16199     -70.13013      -0.00710   21.33333   4.05600   22.47339    4.05600    22.47339
S  SUM/AVG  59999    75     0.12500  -99646.62355      -1.66080   20.00000  17.85600   98.93616   17.85600    98.93616

T best solution: EADARPSolution(t_routing=617.226, t_excess=139.238, obj_val=497.729, obj_val_valid=true,
    unserved_requests=Int64[], F_visited=[103, 104, 105, 106, 108, 107], S_visited=Int64[],
    (1, ([97, 44, 92, 5, 12, 53, 60, 41, 89, 38, 86, 1, 49, 10, 58, 39, 87, 23, 71, 16, 18, 66, 64, 109, 103], [53.97819316486489], [24]))
    (2, ([98, 47, 95, 3, 51, 9, 57, 104], Float64[], Int64[]))
    (3, ([99, 24, 72, 13, 45, 61, 93, 26, 74, 4, 52, 35, 83, 11, 59, 48, 96, 109, 105], [37.00954051868331], [18]))
    (4, ([100, 34, 82, 29, 77, 37, 85, 42, 90, 30, 36, 78, 84, 21, 69, 43, 91, 109, 106], [35.64554129551299], [18]))
    (5, ([101, 31, 79, 8, 33, 81, 56, 46, 94, 25, 32, 73, 17, 80, 65, 2, 50, 109, 107], [15.358743665049733], [18]))
    (6, ([102, 40, 88, 19, 67, 20, 14, 15, 68, 62, 63, 7, 55, 27, 75, 22, 70, 28, 6, 76, 54, 109, 108], [32.29206219552581], [22])))

T best obj: 497.72937201668856
T best iteration: 14736
T total iterations: 30000
T best time [s]: 9.317
T total time [s]: 18.0480
