EADARP version ecec-dirty
ARGS: --ifile=EADARP/instances/random/r6-48-00000.txt  --gamma=0.7 --only_single_s_visits=false --odir=EADARP/solutions/random/r6-48-00000 --oname=run67
Settings:
--alns_gamma=0.025
--alns_segment_size=100
--alns_sigma1=10
--alns_sigma2=9
--alns_sigma3=3
--at_most_one_s=false
--gamma=0.7
--ifile=EADARP/instances/random/r6-48-00000.txt
--infeasible_arcs=EADARP/infeasible_arcs
--insert_charging_otf=true
--insert_cost_noise=0.014
--lns_init_temp_factor=0.0
--lns_temp_dec_factor=0.99
--log_all_sols_fname=
--mh_checkit=false
--mh_lfreq=0
--mh_lnewinc=true
--mh_tciter=-1
--mh_tctime=-1.0
--mh_titer=30000
--mh_tobj=-1.0
--mh_ttime=-1.0
--odir=EADARP/solutions/random/r6-48-00000
--ofile=
--oname=run67
--only_single_s_visits=false
--prepthreshold=0.1
--repair_max_routes=0
--route_based_ops=0
--seed=1362512632
--tightened_windows=EADARP/tightened_windows
--use_milp_in_otf=0
--xcheck_isfeasible=false

EADARPInstance(EADARP/instances/random/r6-48-00000.txt, n=48, n_K=6, S=[109, 110, 111], Q=14.85, n_F=6, γ=0.7, T_plan=720.0, F=[103, 104, 105, 106, 107, 108])

Percentage of arcs removed: 68.80934989043097%
Minimum Degree: 8
T preprocessing time [s]: 1.593
I       iter             best          obj_old          obj_new        time              method info
I          1        590.84096     100048.00000        590.84096      0.0920                 con 
I          2        571.32922        590.84096        571.32922      0.1200        drrr_15+rrri 
I          3        568.22067        571.32922        568.22067      0.1400         drrr_15+rrg 
I          4        565.36965        568.22067        565.36965      0.1700         drrr_15+rrg 
I          9        546.40271        565.36965        546.40271      0.2900         drrr_15+rrg 
I         11        545.98824        546.40271        545.98824      0.3020         drrr_15+rrg 
I         16        542.65729        545.98824        542.65729      0.3230        drrr_15+rroi 
I         17        541.64508        542.65729        541.64508      0.3310        drrr_15+rroi 
I         18        538.99922        541.64508        538.99922      0.3350         drrr_15+rrg 
I         35        536.38561        538.99922        536.38561      0.3890        drrr_15+rrri 
I         40        535.47662        536.38561        535.47662      0.3970        drrr_15+rrri 
I         43        528.46912        535.47662        528.46912      0.4010        drrr_15+rrri 
I         46        524.38678        528.46912        524.38678      0.4050        drrr_15+rrri 
I         51        520.54316        524.38678        520.54316      0.4220         drrr_15+rrg 
I         56        518.08291        520.54316        518.08291      0.4300         drrr_15+rrg 
I         93        512.68138        518.08291        512.68138      0.4990         drrr_15+rrg 
I        155        512.43994        512.68138        512.43994      0.5590        drrr_15+rrri 
I        198        512.18263        512.43994        512.18263      0.5920         drrr_15+rrg 
I        224        511.21439        512.18263        511.21439      0.6140         drrr_15+rrg 
I        225        510.94416        511.21439        510.94416      0.6140        drrr_15+rrri 
I        226        509.81631        510.94416        509.81631      0.6140        drrr_15+rroi 
I        230        509.25575        509.81631        509.25575      0.6140        drrr_15+rroi 
I        235        509.01431        509.25575        509.01431      0.6160        drrr_15+rroi 
I        248        507.36716        509.01431        507.36716      0.6200        drrr_15+rroi 
I        251        507.12572        507.36716        507.12572      0.6250        drrr_15+rrri 
I        270        506.76530        507.12572        506.76530      0.6450        drrr_15+rroi 
I        272        506.01659        506.76530        506.01659      0.6450        drrr_15+rrri 
I        280        505.71511        506.01659        505.71511      0.6530         drrr_15+rrg 
I        328        505.34871        505.71511        505.34871      0.6980         drrr_15+rrg 
I        342        505.10727        505.34871        505.10727      0.7140         drrr_15+rrg 
I        357        504.09097        505.10727        504.09097      0.7220        drrr_15+rroi 
I        440        503.84953        504.09097        503.84953      0.7880        drrr_15+rrri 
I        874        503.67792        503.84953        503.67792      1.1850         drrr_15+rrg 
I        878        501.11905        503.67792        501.11905      1.1850        drrr_15+rroi 
I        892        500.83573        501.11905        500.83573      1.1970        drrr_15+rrri 
I       1571        500.65538        500.83573        500.65538      1.6640        drrr_15+rrri 
I       1575        500.41395        500.65538        500.41395      1.6690        drrr_15+rroi 
I       4571        499.87082        500.41395        499.87082      3.5000        drrr_15+rrri 
I       4579        499.79088        499.87082        499.79088      3.5090         drrr_15+rrg 
I      27897        499.55590        499.79088        499.55590     17.2230         drrr_15+rrg 
I      27916        498.78397        499.55590        498.78397     17.2310         drrr_15+rrg 
I      27930        495.93002        498.78397        495.93002     17.2390        drrr_15+rroi 
I      29129        494.29189        495.93002        494.29189     17.8340        drrr_15+rroi 
I      30000        494.29189        494.29189        514.70715     18.4230         drrr_15+rrg 

Method statistics
S  method    iter  succ  succ-rate%  tot-obj-gain  avg-obj-gain  rel-succ%  net-time  net-time%  brut-time  brut-time%
S  con          1     1   100.00000  -99457.15904  -99457.15904    1.17647   0.09200    0.49938    0.09200     0.49938
S  drrr_15  29999    42     0.14000     -96.54907      -0.00322   49.41176   0.48200    2.61629    0.48200     2.61629
S  rrg       9914    17     0.17147     -43.08555      -0.00435   20.00000   9.53701   51.76685    9.53701    51.76685
S  rroi     10101    12     0.11880     -16.58929      -0.00164   14.11765   3.89000   21.11490    3.89000    21.11490
S  rrri      9984    13     0.13021     -36.87423      -0.00369   15.29412   4.22599   22.93869    4.22599    22.93869
S  SUM/AVG  59999    85     0.14167  -99650.25718      -1.66087   20.00000  18.22700   98.93611   18.22700    98.93611

T best solution: EADARPSolution(t_routing=627.664, t_excess=94.175, obj_val=494.292, obj_val_valid=true,
    unserved_requests=Int64[], F_visited=[106, 108, 107, 104, 103, 105], S_visited=Int64[],
    (1, ([97, 34, 82, 29, 77, 37, 85, 41, 89, 38, 86, 1, 49, 10, 58, 39, 87, 23, 71, 16, 64, 109, 103], [55.85442481063681], [22]))
    (2, ([98, 47, 95, 31, 79, 8, 33, 81, 56, 46, 94, 25, 32, 73, 17, 80, 65, 2, 50, 109, 104], [34.137718396421334], [20]))
    (3, ([99, 5, 12, 53, 60, 42, 90, 28, 6, 76, 54, 18, 66, 109, 105], [0.4736551599754532], [14]))
    (4, ([100, 40, 88, 19, 67, 3, 51, 20, 14, 68, 62, 30, 36, 78, 84, 11, 59, 48, 96, 109, 106], [19.296847975513582], [20]))
    (5, ([101, 24, 72, 13, 45, 61, 93, 26, 74, 4, 52, 35, 83, 7, 55, 27, 75, 22, 70, 9, 57, 109, 107], [46.30111054845607], [22]))
    (6, ([102, 44, 92, 15, 63, 21, 69, 43, 91, 108], Float64[], Int64[])))

T best obj: 494.29188943983104
T best iteration: 29129
T total iterations: 30000
T best time [s]: 17.834
T total time [s]: 18.4230
