EADARP version ecec-dirty
ARGS: --ifile=EADARP/instances/random/r6-48-00000.txt  --gamma=0.7 --only_single_s_visits=false --odir=EADARP/solutions/random/r6-48-00000 --oname=run82
Settings:
--alns_gamma=0.025
--alns_segment_size=100
--alns_sigma1=10
--alns_sigma2=9
--alns_sigma3=3
--at_most_one_s=false
--gamma=0.7
--ifile=EADARP/instances/random/r6-48-00000.txt
--infeasible_arcs=EADARP/infeasible_arcs
--insert_charging_otf=true
--insert_cost_noise=0.014
--lns_init_temp_factor=0.0
--lns_temp_dec_factor=0.99
--log_all_sols_fname=
--mh_checkit=false
--mh_lfreq=0
--mh_lnewinc=true
--mh_tciter=-1
--mh_tctime=-1.0
--mh_titer=30000
--mh_tobj=-1.0
--mh_ttime=-1.0
--odir=EADARP/solutions/random/r6-48-00000
--ofile=
--oname=run82
--only_single_s_visits=false
--prepthreshold=0.1
--repair_max_routes=0
--route_based_ops=0
--seed=658425930
--tightened_windows=EADARP/tightened_windows
--use_milp_in_otf=0
--xcheck_isfeasible=false

EADARPInstance(EADARP/instances/random/r6-48-00000.txt, n=48, n_K=6, S=[109, 110, 111], Q=14.85, n_F=6, γ=0.7, T_plan=720.0, F=[103, 104, 105, 106, 107, 108])

Percentage of arcs removed: 68.80934989043097%
Minimum Degree: 8
T preprocessing time [s]: 1.056
I       iter             best          obj_old          obj_new        time              method info
I          1        579.11557     100048.00000        579.11557      0.0640                 con 
I          3        574.90241        579.11557        574.90241      0.0850         drrr_15+rrg 
I          4        570.62756        574.90241        570.62756      0.1010        drrr_15+rrri 
I          5        566.75127        570.62756        566.75127      0.1080        drrr_15+rrri 
I          6        561.47449        566.75127        561.47449      0.1140        drrr_15+rrri 
I          8        551.77116        561.47449        551.77116      0.1400        drrr_15+rrri 
I         10        546.14669        551.77116        546.14669      0.1490        drrr_15+rroi 
I         11        535.78942        546.14669        535.78942      0.1560        drrr_15+rroi 
I         13        530.78719        535.78942        530.78719      0.1760         drrr_15+rrg 
I         31        523.79288        530.78719        523.79288      0.2180        drrr_15+rrri 
I         43        521.71544        523.79288        521.71544      0.2360        drrr_15+rroi 
I         47        520.97751        521.71544        520.97751      0.2420        drrr_15+rroi 
I         67        519.95656        520.97751        519.95656      0.2550         drrr_15+rrg 
I         72        517.76838        519.95656        517.76838      0.2600         drrr_15+rrg 
I         77        517.74349        517.76838        517.74349      0.2620        drrr_15+rroi 
I         81        515.96374        517.74349        515.96374      0.2630        drrr_15+rrri 
I        102        515.26666        515.96374        515.26666      0.2740        drrr_15+rroi 
I        119        515.01199        515.26666        515.01199      0.2890        drrr_15+rrri 
I        122        514.95074        515.01199        514.95074      0.2890        drrr_15+rroi 
I        127        513.71154        514.95074        513.71154      0.2940        drrr_15+rroi 
I        163        513.12871        513.71154        513.12871      0.3310        drrr_15+rroi 
I        336        512.73098        513.12871        512.73098      0.4240        drrr_15+rroi 
I        340        511.53463        512.73098        511.53463      0.4250        drrr_15+rrri 
I        353        510.99172        511.53463        510.99172      0.4320        drrr_15+rroi 
I        362        510.75028        510.99172        510.75028      0.4360         drrr_15+rrg 
I        372        510.69706        510.75028        510.69706      0.4410        drrr_15+rrri 
I        379        509.68594        510.69706        509.68594      0.4460        drrr_15+rrri 
I        520        509.62469        509.68594        509.62469      0.5150        drrr_15+rroi 
I        641        508.56408        509.62469        508.56408      0.6390        drrr_15+rrri 
I        684        508.32264        508.56408        508.32264      0.6650        drrr_15+rrri 
I        958        507.75379        508.32264        507.75379      0.7920        drrr_15+rrri 
I       1069        507.47426        507.75379        507.47426      0.8360        drrr_15+rroi 
I       1073        506.48124        507.47426        506.48124      0.8380         drrr_15+rrg 
I       1397        504.92609        506.48124        504.92609      1.0020        drrr_15+rroi 
I       6730        503.94589        504.92609        503.94589      3.2380        drrr_15+rroi 
I      11184        503.52048        503.94589        503.52048      5.0060        drrr_15+rrri 
I      11189        503.27904        503.52048        503.27904      5.0080         drrr_15+rrg 
I      13515        502.08795        503.27904        502.08795      5.8460        drrr_15+rrri 
I      13540        497.86105        502.08795        497.86105      5.8530        drrr_15+rrri 
I      14882        497.79579        497.86105        497.79579      6.3380        drrr_15+rrri 
I      30000        497.79579        497.79579        534.89585     11.7320         drrr_15+rrg 

Method statistics
S  method    iter  succ  succ-rate%  tot-obj-gain  avg-obj-gain  rel-succ%  net-time  net-time%  brut-time  brut-time%
S  con          1     1   100.00000  -99468.88443  -99468.88443    1.26582   0.06400    0.54552    0.06400     0.54552
S  drrr_15  29999    39     0.13000     -81.31978      -0.00271   49.36709   0.30700    2.61679    0.30700     2.61679
S  rrg       9977     7     0.07016     -13.90043      -0.00139    8.86076   6.19901   52.83846    6.19901    52.83846
S  rroi     10046    15     0.14931     -25.21912      -0.00251   18.98734   2.48600   21.18990    2.48600    21.18990
S  rrri      9976    17     0.17041     -42.20023      -0.00423   21.51899   2.57899   21.98252    2.57899    21.98252
S  SUM/AVG  59999    79     0.13167  -99631.52399      -1.66055   20.00000  11.63500   99.17319   11.63500    99.17319

T best solution: EADARPSolution(t_routing=636.035, t_excess=83.078, obj_val=497.796, obj_val_valid=true,
    unserved_requests=Int64[], F_visited=[104, 107, 108, 103, 105, 106], S_visited=Int64[],
    (1, ([97, 47, 95, 31, 79, 38, 86, 1, 49, 10, 58, 48, 96, 109, 103], [24.806000539731247], [14]))
    (2, ([98, 5, 12, 53, 60, 42, 90, 6, 43, 91, 54, 104], Float64[], Int64[]))
    (3, ([99, 34, 82, 29, 77, 37, 85, 41, 89, 4, 52, 30, 36, 78, 84, 11, 59, 39, 87, 23, 71, 111, 16, 64, 109, 105], [63.85639407147437, 4.228408027836661], [22, 25]))
    (4, ([100, 44, 92, 15, 63, 21, 69, 25, 32, 73, 17, 80, 65, 2, 50, 109, 106], [24.31040504897672], [16]))
    (5, ([101, 24, 72, 13, 45, 61, 93, 26, 74, 8, 33, 81, 56, 46, 94, 9, 57, 109, 107], [18.12456545893688], [18]))
    (6, ([102, 40, 88, 19, 67, 3, 51, 20, 14, 68, 62, 35, 83, 7, 55, 27, 75, 22, 70, 28, 76, 18, 66, 109, 108], [42.52437004417696], [24])))

T best obj: 497.7957905986879
T best iteration: 14882
T total iterations: 30000
T best time [s]: 6.338
T total time [s]: 11.7320
