EADARP version ecec-dirty
ARGS: --ifile=EADARP/instances/random/r6-48-00000.txt  --gamma=0.7 --only_single_s_visits=false --odir=EADARP/solutions/random/r6-48-00000 --oname=run94
Settings:
--alns_gamma=0.025
--alns_segment_size=100
--alns_sigma1=10
--alns_sigma2=9
--alns_sigma3=3
--at_most_one_s=false
--gamma=0.7
--ifile=EADARP/instances/random/r6-48-00000.txt
--infeasible_arcs=EADARP/infeasible_arcs
--insert_charging_otf=true
--insert_cost_noise=0.014
--lns_init_temp_factor=0.0
--lns_temp_dec_factor=0.99
--log_all_sols_fname=
--mh_checkit=false
--mh_lfreq=0
--mh_lnewinc=true
--mh_tciter=-1
--mh_tctime=-1.0
--mh_titer=30000
--mh_tobj=-1.0
--mh_ttime=-1.0
--odir=EADARP/solutions/random/r6-48-00000
--ofile=
--oname=run94
--only_single_s_visits=false
--prepthreshold=0.1
--repair_max_routes=0
--route_based_ops=0
--seed=207146689
--tightened_windows=EADARP/tightened_windows
--use_milp_in_otf=0
--xcheck_isfeasible=false

EADARPInstance(EADARP/instances/random/r6-48-00000.txt, n=48, n_K=6, S=[109, 110, 111], Q=14.85, n_F=6, γ=0.7, T_plan=720.0, F=[103, 104, 105, 106, 107, 108])

Percentage of arcs removed: 68.80934989043097%
Minimum Degree: 8
T preprocessing time [s]: 1.078
I       iter             best          obj_old          obj_new        time              method info
I          1        576.87045     100048.00000        576.87045      0.0600                 con 
I          2        567.30587        576.87045        567.30587      0.0810        drrr_15+rroi 
I          5        561.40660        567.30587        561.40660      0.1050         drrr_15+rrg 
I          7        546.71237        561.40660        546.71237      0.1210        drrr_15+rroi 
I          9        546.63701        546.71237        546.63701      0.1340        drrr_15+rroi 
I         10        545.84720        546.63701        545.84720      0.1480        drrr_15+rrri 
I         11        542.06169        545.84720        542.06169      0.1630        drrr_15+rroi 
I         13        537.55063        542.06169        537.55063      0.1720        drrr_15+rrri 
I         14        535.63743        537.55063        535.63743      0.1790        drrr_15+rroi 
I         15        528.80301        535.63743        528.80301      0.1810         drrr_15+rrg 
I         18        525.08355        528.80301        525.08355      0.1950        drrr_15+rrri 
I         28        524.25933        525.08355        524.25933      0.2180         drrr_15+rrg 
I         44        523.96922        524.25933        523.96922      0.2450        drrr_15+rroi 
I         48        521.54667        523.96922        521.54667      0.2540         drrr_15+rrg 
I         57        510.63159        521.54667        510.63159      0.2700         drrr_15+rrg 
I         58        507.81780        510.63159        507.81780      0.2700        drrr_15+rrri 
I         78        507.64391        507.81780        507.64391      0.2800        drrr_15+rroi 
I        127        506.37160        507.64391        506.37160      0.3130        drrr_15+rrri 
I        131        504.90238        506.37160        504.90238      0.3160        drrr_15+rrri 
I        134        504.66094        504.90238        504.66094      0.3180        drrr_15+rrri 
I        145        501.60579        504.66094        501.60579      0.3230        drrr_15+rrri 
I        164        501.41709        501.60579        501.41709      0.3340        drrr_15+rroi 
I        958        500.96719        501.41709        500.96719      0.7580         drrr_15+rrg 
I        985        500.72575        500.96719        500.72575      0.7750        drrr_15+rroi 
I       1752        499.04751        500.72575        499.04751      1.0880         drrr_15+rrg 
I      12499        497.99213        499.04751        497.99213      5.1410        drrr_15+rrri 
I      12533        497.75069        497.99213        497.75069      5.1520        drrr_15+rroi 
I      14768        495.39701        497.75069        495.39701      5.9860        drrr_15+rrri 
I      30000        495.39701        495.39701        513.06348     11.5780        drrr_15+rrri 

Method statistics
S  method    iter  succ  succ-rate%  tot-obj-gain  avg-obj-gain  rel-succ%  net-time  net-time%  brut-time  brut-time%
S  con          1     1   100.00000  -99471.12955  -99471.12955    1.81818   0.06000    0.51822    0.06000     0.51822
S  drrr_15  29999    27     0.09000     -81.47344      -0.00272   49.09091   0.31400    2.71205    0.31400     2.71205
S  rrg      10016     7     0.06989     -29.02368      -0.00290   12.72727   6.12300   52.88482    6.12300    52.88482
S  rroi     10045    10     0.09955     -31.16844      -0.00310   18.18182   2.39500   20.68577    2.39500    20.68577
S  rrri      9938    10     0.10062     -21.28132      -0.00214   18.18182   2.55800   22.09360    2.55800    22.09360
S  SUM/AVG  59999    55     0.09167  -99634.07642      -1.66060   20.00000  11.45000   98.89446   11.45000    98.89446

T best solution: EADARPSolution(t_routing=623.372, t_excess=111.473, obj_val=495.397, obj_val_valid=true,
    unserved_requests=Int64[], F_visited=[107, 108, 104, 103, 106, 105], S_visited=Int64[],
    (1, ([97, 34, 82, 29, 77, 37, 85, 41, 89, 38, 86, 22, 70, 28, 6, 76, 54, 109, 103], [43.001014792618456], [18]))
    (2, ([98, 24, 72, 13, 45, 61, 93, 26, 74, 4, 52, 10, 58, 48, 96, 109, 104], [30.269980765093152], [16]))
    (3, ([99, 40, 88, 19, 67, 3, 51, 20, 14, 68, 62, 35, 83, 27, 75, 1, 36, 49, 84, 11, 59, 39, 87, 23, 71, 16, 18, 66, 64, 109, 105], [53.94719993386084], [30]))
    (4, ([100, 44, 92, 15, 63, 21, 69, 25, 32, 73, 17, 80, 65, 2, 50, 109, 106], [24.31040504897672], [16]))
    (5, ([101, 47, 95, 31, 79, 8, 33, 81, 56, 46, 94, 9, 57, 107], Float64[], Int64[]))
    (6, ([102, 5, 12, 53, 60, 42, 90, 30, 78, 7, 55, 43, 91, 108], Float64[], Int64[])))

T best obj: 495.39701314728967
T best iteration: 14768
T total iterations: 30000
T best time [s]: 5.986
T total time [s]: 11.5780
