EADARP version ecec-dirty
ARGS: --ifile=EADARP/instances/random/r6-48-00000.txt  --gamma=0.7 --only_single_s_visits=false --odir=EADARP/solutions/random/r6-48-00000 --oname=run95
Settings:
--alns_gamma=0.025
--alns_segment_size=100
--alns_sigma1=10
--alns_sigma2=9
--alns_sigma3=3
--at_most_one_s=false
--gamma=0.7
--ifile=EADARP/instances/random/r6-48-00000.txt
--infeasible_arcs=EADARP/infeasible_arcs
--insert_charging_otf=true
--insert_cost_noise=0.014
--lns_init_temp_factor=0.0
--lns_temp_dec_factor=0.99
--log_all_sols_fname=
--mh_checkit=false
--mh_lfreq=0
--mh_lnewinc=true
--mh_tciter=-1
--mh_tctime=-1.0
--mh_titer=30000
--mh_tobj=-1.0
--mh_ttime=-1.0
--odir=EADARP/solutions/random/r6-48-00000
--ofile=
--oname=run95
--only_single_s_visits=false
--prepthreshold=0.1
--repair_max_routes=0
--route_based_ops=0
--seed=1393806380
--tightened_windows=EADARP/tightened_windows
--use_milp_in_otf=0
--xcheck_isfeasible=false

EADARPInstance(EADARP/instances/random/r6-48-00000.txt, n=48, n_K=6, S=[109, 110, 111], Q=14.85, n_F=6, γ=0.7, T_plan=720.0, F=[103, 104, 105, 106, 107, 108])

Percentage of arcs removed: 68.80934989043097%
Minimum Degree: 8
T preprocessing time [s]: 1.065
I       iter             best          obj_old          obj_new        time              method info
I          1        578.45381     100048.00000        578.45381      0.0620                 con 
I          2        569.68575        578.45381        569.68575      0.0820        drrr_15+rroi 
I          4        563.31617        569.68575        563.31617      0.0980        drrr_15+rroi 
I          5        560.53490        563.31617        560.53490      0.1100         drrr_15+rrg 
I          6        560.09526        560.53490        560.09526      0.1180         drrr_15+rrg 
I          9        554.20542        560.09526        554.20542      0.1230        drrr_15+rroi 
I         11        551.50812        554.20542        551.50812      0.1370        drrr_15+rrri 
I         13        536.98630        551.50812        536.98630      0.1500        drrr_15+rrri 
I         16        532.62476        536.98630        532.62476      0.1710         drrr_15+rrg 
I         18        522.68312        532.62476        522.68312      0.1790        drrr_15+rroi 
I         19        518.74729        522.68312        518.74729      0.1820        drrr_15+rrri 
I         21        514.19726        518.74729        514.19726      0.1860        drrr_15+rrri 
I        142        513.21024        514.19726        513.21024      0.3700         drrr_15+rrg 
I        143        509.08060        513.21024        509.08060      0.3700        drrr_15+rrri 
I        144        508.83916        509.08060        508.83916      0.3720         drrr_15+rrg 
I        200        507.97754        508.83916        507.97754      0.4030        drrr_15+rroi 
I        210        507.11885        507.97754        507.11885      0.4130         drrr_15+rrg 
I        233        505.90713        507.11885        505.90713      0.4320        drrr_15+rroi 
I        293        505.80446        505.90713        505.80446      0.4570         drrr_15+rrg 
I        301        505.69210        505.80446        505.69210      0.4620        drrr_15+rrri 
I        305        505.51109        505.69210        505.51109      0.4630        drrr_15+rrri 
I        346        504.89767        505.51109        504.89767      0.4890         drrr_15+rrg 
I        389        504.36285        504.89767        504.36285      0.5050         drrr_15+rrg 
I       1881        503.96512        504.36285        503.96512      1.1630        drrr_15+rrri 
I       1884        501.79591        503.96512        501.79591      1.1670         drrr_15+rrg 
I       1917        501.74269        501.79591        501.74269      1.1780         drrr_15+rrg 
I       4721        501.70954        501.74269        501.70954      2.2770        drrr_15+rrri 
I       4735        501.65633        501.70954        501.65633      2.2810        drrr_15+rroi 
I       5236        500.91726        501.65633        500.91726      2.4640        drrr_15+rrri 
I       5246        500.64143        500.91726        500.64143      2.4670        drrr_15+rrri 
I       5251        498.35400        500.64143        498.35400      2.4690        drrr_15+rrri 
I       5314        498.30079        498.35400        498.30079      2.4890        drrr_15+rroi 
I       5318        498.21254        498.30079        498.21254      2.4910        drrr_15+rroi 
I       5321        498.11256        498.21254        498.11256      2.4910        drrr_15+rroi 
I       5325        498.05935        498.11256        498.05935      2.4930         drrr_15+rrg 
I      12496        497.75135        498.05935        497.75135      4.9850        drrr_15+rrri 
I      13998        497.32835        497.75135        497.32835      5.5100        drrr_15+rrri 
I      14320        495.96690        497.32835        495.96690      5.6200        drrr_15+rroi 
I      14375        495.80711        495.96690        495.80711      5.6380        drrr_15+rroi 
I      14440        494.82691        495.80711        494.82691      5.6590        drrr_15+rrri 
I      30000        494.82691        494.82691        495.56378     11.1970        drrr_15+rroi 

Method statistics
S  method    iter  succ  succ-rate%  tot-obj-gain  avg-obj-gain  rel-succ%  net-time  net-time%  brut-time  brut-time%
S  con          1     1   100.00000  -99469.54619  -99469.54619    1.26582   0.06200    0.55372    0.06200     0.55372
S  drrr_15  29999    39     0.13000     -83.62689      -0.00279   49.36709   0.29100    2.59891    0.29100     2.59891
S  rrg       9883    12     0.12142     -13.19615      -0.00134   15.18987   5.83699   52.12998    5.83699    52.12998
S  rroi     10026    12     0.11969     -34.85833      -0.00348   15.18987   2.39300   21.37178    2.39300    21.37178
S  rrri     10090    15     0.14866     -35.57242      -0.00353   18.98734   2.52301   22.53290    2.52301    22.53290
S  SUM/AVG  59999    79     0.13167  -99636.79998      -1.66064   20.00000  11.10600   99.18729   11.10600    99.18729

T best solution: EADARPSolution(t_routing=623.384, t_excess=109.155, obj_val=494.827, obj_val_valid=true,
    unserved_requests=Int64[], F_visited=[104, 108, 106, 103, 107, 105], S_visited=Int64[],
    (1, ([97, 47, 95, 31, 79, 8, 33, 81, 56, 46, 94, 25, 32, 73, 17, 80, 65, 2, 50, 109, 103], [34.137718396421334], [20]))
    (2, ([98, 44, 92, 15, 63, 7, 55, 27, 75, 22, 70, 9, 57, 104], Float64[], Int64[]))
    (3, ([99, 24, 72, 13, 45, 61, 93, 26, 74, 4, 52, 10, 58, 48, 96, 109, 105], [30.269980765093152], [16]))
    (4, ([100, 40, 88, 19, 67, 3, 51, 20, 14, 68, 62, 35, 83, 30, 36, 78, 84, 11, 59, 39, 87, 23, 71, 16, 18, 66, 64, 109, 106], [46.265403004054875], [28]))
    (5, ([101, 5, 12, 53, 60, 42, 90, 28, 6, 76, 54, 107], Float64[], Int64[]))
    (6, ([102, 34, 82, 29, 77, 37, 85, 41, 89, 38, 86, 1, 49, 21, 69, 43, 91, 109, 108], [45.030962661023885], [18])))

T best obj: 494.8269113522171
T best iteration: 14440
T total iterations: 30000
T best time [s]: 5.659
T total time [s]: 11.1970
