EADARP version 2def-dirty
ARGS: --ifile=EADARP/instances/b1/a3-18.txt --odir=EADARP/out/a3-18 --oname=run17
Settings:
--alns_gamma=0.025
--alns_segment_size=100
--alns_sigma1=10
--alns_sigma2=9
--alns_sigma3=3
--at_most_one_s=false
--gamma=-1.0
--ifile=EADARP/instances/b1/a3-18.txt
--insert_charging_otf=true
--insert_cost_noise=0.014
--lns_init_temp_factor=0.0
--lns_temp_dec_factor=0.99
--mh_checkit=false
--mh_lfreq=0
--mh_lnewinc=true
--mh_tciter=-1
--mh_tctime=-1.0
--mh_titer=300
--mh_tobj=-1.0
--mh_ttime=-1.0
--odir=EADARP/out/a3-18
--oname=run17
--only_single_s_visits=true
--repair_max_routes=0
--seed=38207030
--use_milp_in_otf=0
--xcheck_isfeasible=false

EADARPInstance(EADARP/instances/b1/a3-18.txt, n=18, n_K=3, S=[45, 46, 47], Q=14.85, n_F=3, γ=0.7, T_plan=360.0, F=[42, 43, 44])

T preprocessing time [s]: 0.16546
I       iter             best          obj_old          obj_new        time              method info
I          1        257.43964     100018.00000        257.43964      0.0244                 con 
I          3        250.56884        257.43964        250.56884      0.0395         drrr_15+rrg 
I         13        249.77051        250.56884        249.77051      0.0630        drrr_15+rroi 
I         20        247.54651        249.77051        247.54651      0.0782        drrr_15+rrri 
I         25        246.87572        247.54651        246.87572      0.0863        drrr_15+rrri 
I         71        243.36965        246.87572        243.36965      0.1186        drrr_15+rrri 
I        239        240.57679        243.36965        240.57679      0.1751        drrr_15+rroi 
I        300        240.57679        240.57679        266.74272      0.1881        drrr_15+rroi 

Method statistics
S  method    iter  succ  succ-rate%  tot-obj-gain  avg-obj-gain  rel-succ%  net-time  net-time%  brut-time  brut-time%
S  con          1     1   100.00000  -99760.56036  -99760.56036    7.69231   0.02442   12.98375    0.02442    12.98375
S  drrr_15    299     6     2.00669     -16.86285      -0.05640   46.15385   0.00109    0.57692    0.00109     0.57692
S  rrg         92     1     1.08696      -6.87080      -0.07468    7.69231   0.05649   30.03778    0.05649    30.03778
S  rroi       115     2     1.73913      -3.59119      -0.03123   15.38462   0.03110   16.53707    0.03110    16.53707
S  rrri        92     3     3.26087      -6.40086      -0.06957   23.07692   0.07431   39.51334    0.07431    39.51334
S  SUM/AVG    599    13     2.17028  -99794.28606    -166.60148   20.00000   0.18741   99.64885    0.18741    99.64885

T best solution: EADARPSolution(t_routing=309.356, t_excess=34.241, obj_val=240.577, obj_val_valid=true,
    unserved_requests=Int64[], F_visited=[42, 43, 44], S_visited=[46, 47, 45],
    (1, ([39, 6, 24, 13, 31, 16, 12, 30, 34, 18, 1, 36, 19, 42], Float64[], Int64[]))
    (2, ([40, 7, 25, 9, 27, 11, 29, 10, 28, 46, 43], [7.783380522744944], [10]))
    (3, ([41, 17, 35, 2, 4, 22, 20, 14, 32, 15, 33, 5, 23, 47, 3, 21, 8, 26, 45, 44], [53.83253294705764, 17.162686514077148], [14, 19])))

T best obj: 240.57679451080023
T best iteration: 239
T total iterations: 300
T best time [s]: 0.175
T total time [s]: 0.1881
