EADARP version 2def-dirty
ARGS: --ifile=EADARP/instances/b1/a3-18.txt --odir=EADARP/out/a3-18 --oname=run11
Settings:
--alns_gamma=0.025
--alns_segment_size=100
--alns_sigma1=10
--alns_sigma2=9
--alns_sigma3=3
--at_most_one_s=false
--gamma=-1.0
--ifile=EADARP/instances/b1/a3-18.txt
--insert_charging_otf=true
--insert_cost_noise=0.014
--lns_init_temp_factor=0.0
--lns_temp_dec_factor=0.99
--mh_checkit=false
--mh_lfreq=0
--mh_lnewinc=true
--mh_tciter=-1
--mh_tctime=-1.0
--mh_titer=300
--mh_tobj=-1.0
--mh_ttime=-1.0
--odir=EADARP/out/a3-18
--oname=run11
--only_single_s_visits=true
--repair_max_routes=0
--seed=1663630766
--use_milp_in_otf=0
--xcheck_isfeasible=false

EADARPInstance(EADARP/instances/b1/a3-18.txt, n=18, n_K=3, S=[45, 46, 47], Q=14.85, n_F=3, γ=0.7, T_plan=360.0, F=[42, 43, 44])

T preprocessing time [s]: 0.14947
I       iter             best          obj_old          obj_new        time              method info
I          1        281.89001     100018.00000        281.89001      0.0173                 con 
I          2        271.08885        281.89001        271.08885      0.0372        drrr_15+rrri 
I          3        258.43181        271.08885        258.43181      0.0441         drrr_15+rrg 
I          8        253.91216        258.43181        253.91216      0.0558        drrr_15+rroi 
I         20        247.63032        253.91216        247.63032      0.0816        drrr_15+rrri 
I         73        247.13425        247.63032        247.13425      0.1385        drrr_15+rrri 
I        143        240.57679        247.13425        240.57679      0.1706        drrr_15+rroi 
I        300        240.57679        240.57679        261.32479      0.1928         drrr_15+rrg 

Method statistics
S  method    iter  succ  succ-rate%  tot-obj-gain  avg-obj-gain  rel-succ%  net-time  net-time%  brut-time  brut-time%
S  con          1     1   100.00000  -99736.10999  -99736.10999    7.69231   0.01726    8.95064    0.01726     8.95064
S  drrr_15    299     6     2.00669     -41.31321      -0.13817   46.15385   0.01380    7.16019    0.01380     7.16019
S  rrg         90     1     1.11111     -12.65704      -0.14063    7.69231   0.04627   24.00015    0.04627    24.00015
S  rroi       108     2     1.85185     -11.07711      -0.10257   15.38462   0.03097   16.06618    0.03097    16.06618
S  rrri       101     3     2.97030     -17.57906      -0.17405   23.07692   0.08382   43.47546    0.08382    43.47546
S  SUM/AVG    599    13     2.17028  -99818.73642    -166.64230   20.00000   0.19212   99.65262    0.19212    99.65262

T best solution: EADARPSolution(t_routing=309.356, t_excess=34.241, obj_val=240.577, obj_val_valid=true,
    unserved_requests=Int64[], F_visited=[42, 44, 43], S_visited=[46, 47, 45],
    (1, ([39, 17, 35, 2, 4, 22, 20, 14, 32, 15, 33, 5, 23, 47, 3, 21, 8, 26, 45, 42], [53.83253294705764, 17.162686514077148], [14, 19]))
    (2, ([40, 7, 25, 9, 27, 11, 29, 10, 28, 46, 43], [7.783380522744944], [10]))
    (3, ([41, 6, 24, 13, 31, 16, 12, 30, 34, 18, 1, 36, 19, 44], Float64[], Int64[])))

T best obj: 240.57679451080023
T best iteration: 143
T total iterations: 300
T best time [s]: 0.171
T total time [s]: 0.1928
