EADARP version 2def-dirty
ARGS: --ifile=EADARP/instances/b1/a3-18.txt --odir=EADARP/out/a3-18 --oname=run100
Settings:
--alns_gamma=0.025
--alns_segment_size=100
--alns_sigma1=10
--alns_sigma2=9
--alns_sigma3=3
--at_most_one_s=false
--gamma=-1.0
--ifile=EADARP/instances/b1/a3-18.txt
--insert_charging_otf=true
--insert_cost_noise=0.014
--lns_init_temp_factor=0.0
--lns_temp_dec_factor=0.99
--mh_checkit=false
--mh_lfreq=0
--mh_lnewinc=true
--mh_tciter=-1
--mh_tctime=-1.0
--mh_titer=300
--mh_tobj=-1.0
--mh_ttime=-1.0
--odir=EADARP/out/a3-18
--oname=run100
--only_single_s_visits=true
--repair_max_routes=0
--seed=562362824
--use_milp_in_otf=0
--xcheck_isfeasible=false

EADARPInstance(EADARP/instances/b1/a3-18.txt, n=18, n_K=3, S=[45, 46, 47], Q=14.85, n_F=3, γ=0.7, T_plan=360.0, F=[42, 43, 44])

T preprocessing time [s]: 0.16662
I       iter             best          obj_old          obj_new        time              method info
I          1        277.15997     100018.00000        277.15997      0.0182                 con 
I          2        257.94715        277.15997        257.94715      0.0290        drrr_15+rrri 
I         17        257.43964        257.94715        257.43964      0.0775        drrr_15+rroi 
I         29        256.73779        257.43964        256.73779      0.0830         drrr_15+rrg 
I         33        256.30610        256.73779        256.30610      0.0880        drrr_15+rroi 
I         35        250.31606        256.30610        250.31606      0.0953        drrr_15+rroi 
I         49        246.40942        250.31606        246.40942      0.1019         drrr_15+rrg 
I         83        246.05968        246.40942        246.05968      0.1122        drrr_15+rrri 
I         92        245.31756        246.05968        245.31756      0.1158        drrr_15+rrri 
I        173        244.92190        245.31756        244.92190      0.1604        drrr_15+rrri 
I        297        244.82498        244.92190        244.82498      0.1859         drrr_15+rrg 
I        300        244.82498        244.82498        259.77361      0.1863         drrr_15+rrg 

Method statistics
S  method    iter  succ  succ-rate%  tot-obj-gain  avg-obj-gain  rel-succ%  net-time  net-time%  brut-time  brut-time%
S  con          1     1   100.00000  -99740.84003  -99740.84003    4.76190   0.01821    9.77277    0.01821     9.77277
S  drrr_15    299    10     3.34448     -32.33498      -0.10814   47.61905   0.00111    0.59760    0.00111     0.59760
S  rrg         83     3     3.61446      -4.70542      -0.05669   14.28571   0.05381   28.88233    0.05381    28.88233
S  rroi       121     3     2.47934      -6.92923      -0.05727   14.28571   0.04513   24.22398    0.04513    24.22398
S  rrri        95     4     4.21053     -20.70033      -0.21790   19.04762   0.06728   36.11254    0.06728    36.11254
S  SUM/AVG    599    21     3.50584  -99805.51000    -166.62022   20.00000   0.18555   99.58923    0.18555    99.58923

T best solution: EADARPSolution(t_routing=315.02, t_excess=34.241, obj_val=244.825, obj_val_valid=true,
    unserved_requests=Int64[], F_visited=[43, 44, 42], S_visited=[46, 47, 45],
    (1, ([39, 7, 25, 9, 27, 11, 29, 13, 31, 16, 12, 30, 34, 18, 1, 36, 19, 46, 42], [36.18341224524408], [18]))
    (2, ([40, 6, 24, 10, 28, 43], Float64[], Int64[]))
    (3, ([41, 17, 35, 2, 4, 22, 20, 14, 32, 15, 33, 5, 23, 47, 3, 21, 8, 26, 45, 44], [53.83253294705764, 17.162686514077148], [14, 19])))

T best obj: 244.82498135381658
T best iteration: 297
T total iterations: 300
T best time [s]: 0.186
T total time [s]: 0.1863
