EADARP version 2def-dirty
ARGS: --ifile=EADARP/instances/b1/a3-18.txt --odir=EADARP/out/a3-18 --oname=run28
Settings:
--alns_gamma=0.025
--alns_segment_size=100
--alns_sigma1=10
--alns_sigma2=9
--alns_sigma3=3
--at_most_one_s=false
--gamma=-1.0
--ifile=EADARP/instances/b1/a3-18.txt
--insert_charging_otf=true
--insert_cost_noise=0.014
--lns_init_temp_factor=0.0
--lns_temp_dec_factor=0.99
--mh_checkit=false
--mh_lfreq=0
--mh_lnewinc=true
--mh_tciter=-1
--mh_tctime=-1.0
--mh_titer=300
--mh_tobj=-1.0
--mh_ttime=-1.0
--odir=EADARP/out/a3-18
--oname=run28
--only_single_s_visits=true
--repair_max_routes=0
--seed=992882697
--use_milp_in_otf=0
--xcheck_isfeasible=false

EADARPInstance(EADARP/instances/b1/a3-18.txt, n=18, n_K=3, S=[45, 46, 47], Q=14.85, n_F=3, γ=0.7, T_plan=360.0, F=[42, 43, 44])

T preprocessing time [s]: 0.14981
I       iter             best          obj_old          obj_new        time              method info
I          1        262.35078     100018.00000        262.35078      0.0233                 con 
I          9        254.52142        262.35078        254.52142      0.0650         drrr_15+rrg 
I         12        253.13747        254.52142        253.13747      0.0766        drrr_15+rroi 
I         14        249.50040        253.13747        249.50040      0.0779         drrr_15+rrg 
I         22        246.27908        249.50040        246.27908      0.1074         drrr_15+rrg 
I         49        244.92190        246.27908        244.92190      0.1171        drrr_15+rrri 
I        101        243.26682        244.92190        243.26682      0.1392        drrr_15+rrri 
I        247        242.97867        243.26682        242.97867      0.1682        drrr_15+rroi 
I        300        242.97867        242.97867        254.57995      0.1875         drrr_15+rrg 

Method statistics
S  method    iter  succ  succ-rate%  tot-obj-gain  avg-obj-gain  rel-succ%  net-time  net-time%  brut-time  brut-time%
S  con          1     1   100.00000  -99755.64922  -99755.64922    6.66667   0.02328   12.41887    0.02328    12.41887
S  drrr_15    299     7     2.34114     -19.37211      -0.06479   46.66667   0.00106    0.56319    0.00106     0.56319
S  rrg        107     3     2.80374     -14.68776      -0.13727   20.00000   0.07236   38.59230    0.07236    38.59230
S  rroi        99     2     2.02020      -1.67209      -0.01689   13.33333   0.03442   18.35759    0.03442    18.35759
S  rrri        93     2     2.15054      -3.01226      -0.03239   13.33333   0.05573   29.72523    0.05573    29.72523
S  SUM/AVG    599    15     2.50417  -99794.39344    -166.60166   20.00000   0.18685   99.65718    0.18685    99.65718

T best solution: EADARPSolution(t_routing=307.189, t_excess=50.348, obj_val=242.979, obj_val_valid=true,
    unserved_requests=Int64[], F_visited=[43, 42, 44], S_visited=[46, 47, 45],
    (1, ([39, 7, 25, 9, 27, 11, 29, 10, 28, 46, 42], [7.783380522744944], [10]))
    (2, ([40, 17, 35, 2, 4, 22, 20, 14, 32, 15, 33, 5, 23, 47, 3, 21, 8, 26, 45, 43], [53.83253294705764, 17.162686514077148], [14, 19]))
    (3, ([41, 6, 24, 13, 16, 12, 31, 30, 34, 18, 1, 36, 19, 44], Float64[], Int64[])))

T best obj: 242.97866978031018
T best iteration: 247
T total iterations: 300
T best time [s]: 0.168
T total time [s]: 0.1875
