EADARP version 2def-dirty
ARGS: --ifile=EADARP/instances/b1/a3-18.txt --odir=EADARP/out/a3-18 --oname=run23
Settings:
--alns_gamma=0.025
--alns_segment_size=100
--alns_sigma1=10
--alns_sigma2=9
--alns_sigma3=3
--at_most_one_s=false
--gamma=-1.0
--ifile=EADARP/instances/b1/a3-18.txt
--insert_charging_otf=true
--insert_cost_noise=0.014
--lns_init_temp_factor=0.0
--lns_temp_dec_factor=0.99
--mh_checkit=false
--mh_lfreq=0
--mh_lnewinc=true
--mh_tciter=-1
--mh_tctime=-1.0
--mh_titer=300
--mh_tobj=-1.0
--mh_ttime=-1.0
--odir=EADARP/out/a3-18
--oname=run23
--only_single_s_visits=true
--repair_max_routes=0
--seed=316884403
--use_milp_in_otf=0
--xcheck_isfeasible=false

EADARPInstance(EADARP/instances/b1/a3-18.txt, n=18, n_K=3, S=[45, 46, 47], Q=14.85, n_F=3, γ=0.7, T_plan=360.0, F=[42, 43, 44])

T preprocessing time [s]: 0.15038
I       iter             best          obj_old          obj_new        time              method info
I          1        281.89001     100018.00000        281.89001      0.0170                 con 
I          2        251.10222        281.89001        251.10222      0.0273        drrr_15+rroi 
I          5        249.68106        251.10222        249.68106      0.0327        drrr_15+rroi 
I          8        246.40152        249.68106        246.40152      0.0481        drrr_15+rroi 
I        172        242.62754        246.40152        242.62754      0.1715        drrr_15+rroi 
I        300        242.62754        242.62754        265.94069      0.1985        drrr_15+rrri 

Method statistics
S  method    iter  succ  succ-rate%  tot-obj-gain  avg-obj-gain  rel-succ%  net-time  net-time%  brut-time  brut-time%
S  con          1     1   100.00000  -99736.10999  -99736.10999   11.11111   0.01699    8.55738    0.01699     8.55738
S  drrr_15    299     4     1.33779     -39.26247      -0.13131   44.44444   0.00107    0.54131    0.00107     0.54131
S  rrg         97     0     0.00000       0.00000       0.00000    0.00000   0.05718   28.80532    0.05718    28.80532
S  rroi       111     4     3.60360     -39.26247      -0.35372   44.44444   0.06593   33.21211    0.06593    33.21211
S  rrri        91     0     0.00000       0.00000       0.00000    0.00000   0.05672   28.57304    0.05672    28.57304
S  SUM/AVG    599     9     1.50250  -99814.63493    -166.63545   20.00000   0.19789   99.68917    0.19789    99.68917

T best solution: EADARPSolution(t_routing=308.878, t_excess=43.875, obj_val=242.628, obj_val_valid=true,
    unserved_requests=Int64[], F_visited=[44, 42, 43], S_visited=[46, 47, 45],
    (1, ([39, 17, 35, 2, 4, 22, 20, 14, 32, 15, 33, 5, 23, 47, 3, 21, 8, 26, 45, 42], [53.83253294705764, 17.162686514077148], [14, 19]))
    (2, ([40, 6, 24, 13, 16, 31, 12, 30, 34, 18, 1, 36, 19, 43], Float64[], Int64[]))
    (3, ([41, 7, 25, 9, 27, 11, 29, 10, 28, 46, 44], [7.783380522744944], [10])))

T best obj: 242.62753637698617
T best iteration: 172
T total iterations: 300
T best time [s]: 0.171
T total time [s]: 0.1985
