EADARP version 2def-dirty
ARGS: --ifile=EADARP/instances/b1/a3-18.txt --odir=EADARP/out/a3-18 --oname=run41
Settings:
--alns_gamma=0.025
--alns_segment_size=100
--alns_sigma1=10
--alns_sigma2=9
--alns_sigma3=3
--at_most_one_s=false
--gamma=-1.0
--ifile=EADARP/instances/b1/a3-18.txt
--insert_charging_otf=true
--insert_cost_noise=0.014
--lns_init_temp_factor=0.0
--lns_temp_dec_factor=0.99
--mh_checkit=false
--mh_lfreq=0
--mh_lnewinc=true
--mh_tciter=-1
--mh_tctime=-1.0
--mh_titer=300
--mh_tobj=-1.0
--mh_ttime=-1.0
--odir=EADARP/out/a3-18
--oname=run41
--only_single_s_visits=true
--repair_max_routes=0
--seed=1953509457
--use_milp_in_otf=0
--xcheck_isfeasible=false

EADARPInstance(EADARP/instances/b1/a3-18.txt, n=18, n_K=3, S=[45, 46, 47], Q=14.85, n_F=3, γ=0.7, T_plan=360.0, F=[42, 43, 44])

T preprocessing time [s]: 0.1507
I       iter             best          obj_old          obj_new        time              method info
I          1        262.35078     100018.00000        262.35078      0.0234                 con 
I          2        255.34477        262.35078        255.34477      0.0336         drrr_15+rrg 
I          9        253.87722        255.34477        253.87722      0.0545        drrr_15+rroi 
I         22        246.94667        253.87722        246.94667      0.0842        drrr_15+rroi 
I         68        242.62754        246.94667        242.62754      0.1181        drrr_15+rroi 
I        256        240.57679        242.62754        240.57679      0.1835        drrr_15+rrri 
I        300        240.57679        240.57679     100001.00000      0.2034        drrr_15+rroi 

Method statistics
S  method    iter  succ  succ-rate%  tot-obj-gain  avg-obj-gain  rel-succ%  net-time  net-time%  brut-time  brut-time%
S  con          1     1   100.00000  -99755.64922  -99755.64922    9.09091   0.02339   11.49837    0.02339    11.49837
S  drrr_15    299     5     1.67224     -21.77399      -0.07282   45.45455   0.00107    0.52425    0.00107     0.52425
S  rrg         92     1     1.08696      -7.00601      -0.07615    9.09091   0.06745   33.16280    0.06745    33.16280
S  rroi       110     3     2.72727     -12.71724      -0.11561   27.27273   0.04892   24.05193    0.04892    24.05193
S  rrri        97     1     1.03093      -2.05074      -0.02114    9.09091   0.06191   30.44014    0.06191    30.44014
S  SUM/AVG    599    11     1.83639  -99799.19719    -166.60968   20.00000   0.20272   99.67750    0.20272    99.67750

T best solution: EADARPSolution(t_routing=309.356, t_excess=34.241, obj_val=240.577, obj_val_valid=true,
    unserved_requests=Int64[], F_visited=[44, 43, 42], S_visited=[46, 47, 45],
    (1, ([39, 17, 35, 2, 4, 22, 20, 14, 32, 15, 33, 5, 23, 47, 3, 21, 8, 26, 45, 42], [53.83253294705764, 17.162686514077148], [14, 19]))
    (2, ([40, 7, 25, 9, 27, 11, 29, 10, 28, 46, 43], [7.783380522744944], [10]))
    (3, ([41, 6, 24, 13, 31, 16, 12, 30, 34, 18, 1, 36, 19, 44], Float64[], Int64[])))

T best obj: 240.57679451080023
T best iteration: 256
T total iterations: 300
T best time [s]: 0.183
T total time [s]: 0.2034
