EADARP version 2def-dirty
ARGS: --ifile=EADARP/instances/b1/a3-18.txt --odir=EADARP/out/a3-18 --oname=run40
Settings:
--alns_gamma=0.025
--alns_segment_size=100
--alns_sigma1=10
--alns_sigma2=9
--alns_sigma3=3
--at_most_one_s=false
--gamma=-1.0
--ifile=EADARP/instances/b1/a3-18.txt
--insert_charging_otf=true
--insert_cost_noise=0.014
--lns_init_temp_factor=0.0
--lns_temp_dec_factor=0.99
--mh_checkit=false
--mh_lfreq=0
--mh_lnewinc=true
--mh_tciter=-1
--mh_tctime=-1.0
--mh_titer=300
--mh_tobj=-1.0
--mh_ttime=-1.0
--odir=EADARP/out/a3-18
--oname=run40
--only_single_s_visits=true
--repair_max_routes=0
--seed=1832106172
--use_milp_in_otf=0
--xcheck_isfeasible=false

EADARPInstance(EADARP/instances/b1/a3-18.txt, n=18, n_K=3, S=[45, 46, 47], Q=14.85, n_F=3, γ=0.7, T_plan=360.0, F=[42, 43, 44])

T preprocessing time [s]: 0.14956
I       iter             best          obj_old          obj_new        time              method info
I          1        262.35078     100018.00000        262.35078      0.0238                 con 
I          2        248.84979        262.35078        248.84979      0.0553         drrr_15+rrg 
I          3        248.05576        248.84979        248.05576      0.0597        drrr_15+rrri 
I         14        245.69337        248.05576        245.69337      0.0839         drrr_15+rrg 
I         31        244.82498        245.69337        244.82498      0.1193         drrr_15+rrg 
I        100        243.26682        244.82498        243.26682      0.1577        drrr_15+rrri 
I        227        242.62754        243.26682        242.62754      0.1935        drrr_15+rrri 
I        279        240.57679        242.62754        240.57679      0.2031        drrr_15+rrri 
I        300        240.57679        240.57679        267.33736      0.2057        drrr_15+rroi 

Method statistics
S  method    iter  succ  succ-rate%  tot-obj-gain  avg-obj-gain  rel-succ%  net-time  net-time%  brut-time  brut-time%
S  con          1     1   100.00000  -99755.64922  -99755.64922    6.66667   0.02379   11.56659    0.02379    11.56659
S  drrr_15    299     7     2.34114     -21.77399      -0.07282   46.66667   0.00101    0.49188    0.00101     0.49188
S  rrg         93     3     3.22581     -16.73178      -0.17991   20.00000   0.08317   40.43960    0.08317    40.43960
S  rroi        90     0     0.00000       0.00000       0.00000    0.00000   0.03380   16.43475    0.03380    16.43475
S  rrri       116     4     3.44828      -5.04221      -0.04347   26.66667   0.06325   30.75266    0.06325    30.75266
S  SUM/AVG    599    15     2.50417  -99799.19719    -166.60968   20.00000   0.20501   99.68549    0.20501    99.68549

T best solution: EADARPSolution(t_routing=309.356, t_excess=34.241, obj_val=240.577, obj_val_valid=true,
    unserved_requests=Int64[], F_visited=[43, 44, 42], S_visited=[47, 45, 46],
    (1, ([39, 17, 35, 2, 4, 22, 20, 14, 32, 15, 33, 5, 23, 47, 3, 21, 8, 26, 45, 42], [53.83253294705764, 17.162686514077148], [14, 19]))
    (2, ([40, 7, 25, 9, 27, 11, 29, 10, 28, 46, 43], [7.783380522744944], [10]))
    (3, ([41, 6, 24, 13, 31, 16, 12, 30, 34, 18, 1, 36, 19, 44], Float64[], Int64[])))

T best obj: 240.57679451080023
T best iteration: 279
T total iterations: 300
T best time [s]: 0.203
T total time [s]: 0.2057
