EADARP version 2def-dirty
ARGS: --ifile=EADARP/instances/b1/a3-18.txt --odir=EADARP/out/a3-18 --oname=run53
Settings:
--alns_gamma=0.025
--alns_segment_size=100
--alns_sigma1=10
--alns_sigma2=9
--alns_sigma3=3
--at_most_one_s=false
--gamma=-1.0
--ifile=EADARP/instances/b1/a3-18.txt
--insert_charging_otf=true
--insert_cost_noise=0.014
--lns_init_temp_factor=0.0
--lns_temp_dec_factor=0.99
--mh_checkit=false
--mh_lfreq=0
--mh_lnewinc=true
--mh_tciter=-1
--mh_tctime=-1.0
--mh_titer=300
--mh_tobj=-1.0
--mh_ttime=-1.0
--odir=EADARP/out/a3-18
--oname=run53
--only_single_s_visits=true
--repair_max_routes=0
--seed=2065325106
--use_milp_in_otf=0
--xcheck_isfeasible=false

EADARPInstance(EADARP/instances/b1/a3-18.txt, n=18, n_K=3, S=[45, 46, 47], Q=14.85, n_F=3, γ=0.7, T_plan=360.0, F=[42, 43, 44])

T preprocessing time [s]: 0.17033
I       iter             best          obj_old          obj_new        time              method info
I          1        262.70192     100018.00000        262.70192      0.0232                 con 
I          4        251.86142        262.70192        251.86142      0.0308        drrr_15+rroi 
I         12        248.32982        251.86142        248.32982      0.0524        drrr_15+rroi 
I         76        246.27908        248.32982        246.27908      0.1209        drrr_15+rrri 
I        175        245.31756        246.27908        245.31756      0.1682        drrr_15+rroi 
I        300        245.31756        245.31756        264.72532      0.1894        drrr_15+rrri 

Method statistics
S  method    iter  succ  succ-rate%  tot-obj-gain  avg-obj-gain  rel-succ%  net-time  net-time%  brut-time  brut-time%
S  con          1     1   100.00000  -99755.29808  -99755.29808   11.11111   0.02321   12.25581    0.02321    12.25581
S  drrr_15    299     4     1.33779     -17.38435      -0.05814   44.44444   0.00107    0.56479    0.00107     0.56479
S  rrg         97     0     0.00000       0.00000       0.00000    0.00000   0.03821   20.17355    0.03821    20.17355
S  rroi        97     3     3.09278     -15.33361      -0.15808   33.33333   0.04263   22.50811    0.04263    22.50811
S  rrri       105     1     0.95238      -2.05074      -0.01953   11.11111   0.08366   44.16695    0.08366    44.16695
S  SUM/AVG    599     9     1.50250  -99790.06679    -166.59444   20.00000   0.18879   99.66921    0.18879    99.66921

T best solution: EADARPSolution(t_routing=312.465, t_excess=43.875, obj_val=245.318, obj_val_valid=true,
    unserved_requests=Int64[], F_visited=[42, 43, 44], S_visited=[46, 47, 45],
    (1, ([39, 7, 25, 6, 24, 13, 16, 31, 12, 30, 34, 18, 1, 36, 19, 46, 42], [11.858452489578514], [16]))
    (2, ([40, 9, 27, 11, 29, 10, 28, 43], Float64[], Int64[]))
    (3, ([41, 17, 35, 2, 4, 22, 20, 14, 32, 15, 33, 5, 23, 47, 3, 21, 8, 26, 45, 44], [53.83253294705764, 17.162686514077148], [14, 19])))

T best obj: 245.31756390443638
T best iteration: 175
T total iterations: 300
T best time [s]: 0.168
T total time [s]: 0.1894
