EADARP version 2def-dirty
ARGS: --ifile=EADARP/instances/b1/a3-18.txt --odir=EADARP/out/a3-18 --oname=run52
Settings:
--alns_gamma=0.025
--alns_segment_size=100
--alns_sigma1=10
--alns_sigma2=9
--alns_sigma3=3
--at_most_one_s=false
--gamma=-1.0
--ifile=EADARP/instances/b1/a3-18.txt
--insert_charging_otf=true
--insert_cost_noise=0.014
--lns_init_temp_factor=0.0
--lns_temp_dec_factor=0.99
--mh_checkit=false
--mh_lfreq=0
--mh_lnewinc=true
--mh_tciter=-1
--mh_tctime=-1.0
--mh_titer=300
--mh_tobj=-1.0
--mh_ttime=-1.0
--odir=EADARP/out/a3-18
--oname=run52
--only_single_s_visits=true
--repair_max_routes=0
--seed=537680276
--use_milp_in_otf=0
--xcheck_isfeasible=false

EADARPInstance(EADARP/instances/b1/a3-18.txt, n=18, n_K=3, S=[45, 46, 47], Q=14.85, n_F=3, γ=0.7, T_plan=360.0, F=[42, 43, 44])

T preprocessing time [s]: 0.15116
I       iter             best          obj_old          obj_new        time              method info
I          1        274.43218     100018.00000        274.43218      0.0173                 con 
I          4        269.69808        274.43218        269.69808      0.0551        drrr_15+rrri 
I          5        263.24186        269.69808        263.24186      0.0567         drrr_15+rrg 
I          7        255.81166        263.24186        255.81166      0.0640        drrr_15+rroi 
I          9        254.65719        255.81166        254.65719      0.0771        drrr_15+rrri 
I         10        250.71616        254.65719        250.71616      0.0815        drrr_15+rrri 
I         37        247.68439        250.71616        247.68439      0.1134         drrr_15+rrg 
I         88        246.26962        247.68439        246.26962      0.1474        drrr_15+rroi 
I        103        244.69456        246.26962        244.69456      0.1529        drrr_15+rrri 
I        300        244.69456        244.69456     100001.00000      0.1971         drrr_15+rrg 

Method statistics
S  method    iter  succ  succ-rate%  tot-obj-gain  avg-obj-gain  rel-succ%  net-time  net-time%  brut-time  brut-time%
S  con          1     1   100.00000  -99743.56782  -99743.56782    5.88235   0.01730    8.77496    0.01730     8.77496
S  drrr_15    299     8     2.67559     -29.73762      -0.09946   47.05882   0.00104    0.52635    0.00104     0.52635
S  rrg        103     2     1.94175      -9.48799      -0.09212   11.76471   0.07477   37.92825    0.07477    37.92825
S  rroi       104     2     1.92308      -8.84497      -0.08505   11.76471   0.03152   15.99008    0.03152    15.99008
S  rrri        92     4     4.34783     -11.40466      -0.12396   23.52941   0.07186   36.45272    0.07186    36.45272
S  SUM/AVG    599    17     2.83806  -99803.04306    -166.61610   20.00000   0.19648   99.67236    0.19648    99.67236

T best solution: EADARPSolution(t_routing=318.157, t_excess=24.306, obj_val=244.695, obj_val_valid=true,
    unserved_requests=Int64[], F_visited=[44, 43, 42], S_visited=[45, 46, 47],
    (1, ([39, 7, 25, 9, 27, 11, 29, 10, 28, 1, 19, 45, 42], [27.565042522736473], [12]))
    (2, ([40, 46, 4, 2, 22, 20, 14, 32, 15, 33, 5, 23, 47, 3, 21, 8, 26, 43], [1.1565428065643677, 53.83253294705764], [2, 13]))
    (3, ([41, 17, 35, 6, 24, 13, 31, 16, 12, 30, 34, 18, 36, 44], Float64[], Int64[])))

T best obj: 244.69455634014318
T best iteration: 103
T total iterations: 300
T best time [s]: 0.153
T total time [s]: 0.1971
