EADARP version 2def-dirty
ARGS: --ifile=EADARP/instances/b1/a3-18.txt --odir=EADARP/out/a3-18 --oname=run58
Settings:
--alns_gamma=0.025
--alns_segment_size=100
--alns_sigma1=10
--alns_sigma2=9
--alns_sigma3=3
--at_most_one_s=false
--gamma=-1.0
--ifile=EADARP/instances/b1/a3-18.txt
--insert_charging_otf=true
--insert_cost_noise=0.014
--lns_init_temp_factor=0.0
--lns_temp_dec_factor=0.99
--mh_checkit=false
--mh_lfreq=0
--mh_lnewinc=true
--mh_tciter=-1
--mh_tctime=-1.0
--mh_titer=300
--mh_tobj=-1.0
--mh_ttime=-1.0
--odir=EADARP/out/a3-18
--oname=run58
--only_single_s_visits=true
--repair_max_routes=0
--seed=959130138
--use_milp_in_otf=0
--xcheck_isfeasible=false

EADARPInstance(EADARP/instances/b1/a3-18.txt, n=18, n_K=3, S=[45, 46, 47], Q=14.85, n_F=3, γ=0.7, T_plan=360.0, F=[42, 43, 44])

T preprocessing time [s]: 0.15033
I       iter             best          obj_old          obj_new        time              method info
I          1        262.56413     100018.00000        262.56413      0.0238                 con 
I          3        255.38890        262.56413        255.38890      0.0331        drrr_15+rroi 
I         13        253.88915        255.38890        253.88915      0.0738        drrr_15+rroi 
I         32        251.19046        253.88915        251.19046      0.0969        drrr_15+rroi 
I         40        243.36965        251.19046        243.36965      0.1073        drrr_15+rrri 
I         64        242.97867        243.36965        242.97867      0.1231        drrr_15+rrri 
I        300        242.97867        242.97867        277.18926      0.1890        drrr_15+rrri 

Method statistics
S  method    iter  succ  succ-rate%  tot-obj-gain  avg-obj-gain  rel-succ%  net-time  net-time%  brut-time  brut-time%
S  con          1     1   100.00000  -99755.43587  -99755.43587    9.09091   0.02374   12.55559    0.02374    12.55559
S  drrr_15    299     5     1.67224     -19.58546      -0.06550   45.45455   0.00108    0.56984    0.00108     0.56984
S  rrg        100     0     0.00000       0.00000       0.00000    0.00000   0.03242   17.14549    0.03242    17.14549
S  rroi        96     3     3.12500     -11.37367      -0.11848   27.27273   0.06053   32.01450    0.06053    32.01450
S  rrri       103     2     1.94175      -8.21179      -0.07973   18.18182   0.07066   37.36994    0.07066    37.36994
S  SUM/AVG    599    11     1.83639  -99794.60679    -166.60201   20.00000   0.18842   99.65537    0.18842    99.65537

T best solution: EADARPSolution(t_routing=307.189, t_excess=50.348, obj_val=242.979, obj_val_valid=true,
    unserved_requests=Int64[], F_visited=[43, 42, 44], S_visited=[46, 47, 45],
    (1, ([39, 7, 25, 9, 27, 11, 29, 10, 28, 46, 42], [7.783380522744944], [10]))
    (2, ([40, 17, 35, 2, 4, 22, 20, 14, 32, 15, 33, 5, 23, 47, 3, 21, 8, 26, 45, 43], [53.83253294705764, 17.162686514077148], [14, 19]))
    (3, ([41, 6, 24, 13, 16, 12, 31, 30, 34, 18, 1, 36, 19, 44], Float64[], Int64[])))

T best obj: 242.97866978031018
T best iteration: 64
T total iterations: 300
T best time [s]: 0.123
T total time [s]: 0.1891
