EADARP version 2def-dirty
ARGS: --ifile=EADARP/instances/b1/a3-18.txt --odir=EADARP/out/a3-18 --oname=run57
Settings:
--alns_gamma=0.025
--alns_segment_size=100
--alns_sigma1=10
--alns_sigma2=9
--alns_sigma3=3
--at_most_one_s=false
--gamma=-1.0
--ifile=EADARP/instances/b1/a3-18.txt
--insert_charging_otf=true
--insert_cost_noise=0.014
--lns_init_temp_factor=0.0
--lns_temp_dec_factor=0.99
--mh_checkit=false
--mh_lfreq=0
--mh_lnewinc=true
--mh_tciter=-1
--mh_tctime=-1.0
--mh_titer=300
--mh_tobj=-1.0
--mh_ttime=-1.0
--odir=EADARP/out/a3-18
--oname=run57
--only_single_s_visits=true
--repair_max_routes=0
--seed=336978981
--use_milp_in_otf=0
--xcheck_isfeasible=false

EADARPInstance(EADARP/instances/b1/a3-18.txt, n=18, n_K=3, S=[45, 46, 47], Q=14.85, n_F=3, γ=0.7, T_plan=360.0, F=[42, 43, 44])

T preprocessing time [s]: 0.1487
I       iter             best          obj_old          obj_new        time              method info
I          1        262.35078     100018.00000        262.35078      0.0235                 con 
I          2        253.13747        262.35078        253.13747      0.0248        drrr_15+rroi 
I         35        252.47595        253.13747        252.47595      0.0998         drrr_15+rrg 
I         50        242.62754        252.47595        242.62754      0.1076        drrr_15+rroi 
I        250        240.57679        242.62754        240.57679      0.1805        drrr_15+rrri 
I        300        240.57679        240.57679        263.67447      0.1872         drrr_15+rrg 

Method statistics
S  method    iter  succ  succ-rate%  tot-obj-gain  avg-obj-gain  rel-succ%  net-time  net-time%  brut-time  brut-time%
S  con          1     1   100.00000  -99755.64922  -99755.64922   11.11111   0.02344   12.52213    0.02344    12.52213
S  drrr_15    299     4     1.33779     -21.77399      -0.07282   44.44444   0.00106    0.56770    0.00106     0.56770
S  rrg        102     1     0.98039      -0.66152      -0.00649   11.11111   0.06404   34.21433    0.06404    34.21433
S  rroi       113     2     1.76991     -19.06172      -0.16869   22.22222   0.04219   22.54024    0.04219    22.54024
S  rrri        84     1     1.19048      -2.05074      -0.02441   11.11111   0.05583   29.82596    0.05583    29.82596
S  SUM/AVG    599     9     1.50250  -99799.19719    -166.60968   20.00000   0.18656   99.67036    0.18656    99.67036

T best solution: EADARPSolution(t_routing=309.356, t_excess=34.241, obj_val=240.577, obj_val_valid=true,
    unserved_requests=Int64[], F_visited=[44, 43, 42], S_visited=[46, 47, 45],
    (1, ([39, 6, 24, 13, 31, 16, 12, 30, 34, 18, 1, 36, 19, 42], Float64[], Int64[]))
    (2, ([40, 7, 25, 9, 27, 11, 29, 10, 28, 46, 43], [7.783380522744944], [10]))
    (3, ([41, 17, 35, 2, 4, 22, 20, 14, 32, 15, 33, 5, 23, 47, 3, 21, 8, 26, 45, 44], [53.83253294705764, 17.162686514077148], [14, 19])))

T best obj: 240.57679451080023
T best iteration: 250
T total iterations: 300
T best time [s]: 0.181
T total time [s]: 0.1872
