EADARP version 2def-dirty
ARGS: --ifile=EADARP/instances/b1/a3-18.txt --odir=EADARP/out/a3-18 --oname=run64
Settings:
--alns_gamma=0.025
--alns_segment_size=100
--alns_sigma1=10
--alns_sigma2=9
--alns_sigma3=3
--at_most_one_s=false
--gamma=-1.0
--ifile=EADARP/instances/b1/a3-18.txt
--insert_charging_otf=true
--insert_cost_noise=0.014
--lns_init_temp_factor=0.0
--lns_temp_dec_factor=0.99
--mh_checkit=false
--mh_lfreq=0
--mh_lnewinc=true
--mh_tciter=-1
--mh_tctime=-1.0
--mh_titer=300
--mh_tobj=-1.0
--mh_ttime=-1.0
--odir=EADARP/out/a3-18
--oname=run64
--only_single_s_visits=true
--repair_max_routes=0
--seed=654938387
--use_milp_in_otf=0
--xcheck_isfeasible=false

EADARPInstance(EADARP/instances/b1/a3-18.txt, n=18, n_K=3, S=[45, 46, 47], Q=14.85, n_F=3, γ=0.7, T_plan=360.0, F=[42, 43, 44])

T preprocessing time [s]: 0.15257
I       iter             best          obj_old          obj_new        time              method info
I          1        277.38525     100018.00000        277.38525      0.0170                 con 
I          2        262.97857        277.38525        262.97857      0.0280        drrr_15+rrri 
I          4        262.06025        262.97857        262.06025      0.0357        drrr_15+rroi 
I          5        248.47283        262.06025        248.47283      0.0391        drrr_15+rrri 
I         37        247.98145        248.47283        247.98145      0.1082         drrr_15+rrg 
I         64        245.31756        247.98145        245.31756      0.1669        drrr_15+rrri 
I        101        243.26682        245.31756        243.26682      0.1768        drrr_15+rrri 
I        300        243.26682        243.26682        261.05431      0.2259        drrr_15+rroi 

Method statistics
S  method    iter  succ  succ-rate%  tot-obj-gain  avg-obj-gain  rel-succ%  net-time  net-time%  brut-time  brut-time%
S  con          1     1   100.00000  -99740.61475  -99740.61475    7.69231   0.01699    7.51978    0.01699     7.51978
S  drrr_15    299     6     2.00669     -34.11843      -0.11411   46.15385   0.00123    0.54408    0.00123     0.54408
S  rrg         95     1     1.05263      -0.49138      -0.00517    7.69231   0.04534   20.06884    0.04534    20.06884
S  rroi       102     1     0.98039      -0.91832      -0.00900    7.69231   0.07143   31.61680    0.07143    31.61680
S  rrri       102     4     3.92157     -32.70873      -0.32067   30.76923   0.09012   39.88654    0.09012    39.88654
S  SUM/AVG    599    13     2.17028  -99808.85161    -166.62580   20.00000   0.22511   99.63605    0.22511    99.63605

T best solution: EADARPSolution(t_routing=312.942, t_excess=34.241, obj_val=243.267, obj_val_valid=true,
    unserved_requests=Int64[], F_visited=[43, 44, 42], S_visited=[47, 45, 46],
    (1, ([39, 9, 27, 11, 29, 10, 28, 42], Float64[], Int64[]))
    (2, ([40, 7, 25, 6, 24, 13, 31, 16, 12, 30, 34, 18, 1, 36, 19, 46, 43], [12.335572481815198], [16]))
    (3, ([41, 17, 35, 2, 4, 22, 20, 14, 32, 15, 33, 5, 23, 47, 3, 21, 8, 26, 45, 44], [53.83253294705764, 17.162686514077148], [14, 19])))

T best obj: 243.26682203825044
T best iteration: 101
T total iterations: 300
T best time [s]: 0.177
T total time [s]: 0.2259
