EADARP version 2def-dirty
ARGS: --ifile=EADARP/instances/b1/a3-18.txt --odir=EADARP/out/a3-18 --oname=run6
Settings:
--alns_gamma=0.025
--alns_segment_size=100
--alns_sigma1=10
--alns_sigma2=9
--alns_sigma3=3
--at_most_one_s=false
--gamma=-1.0
--ifile=EADARP/instances/b1/a3-18.txt
--insert_charging_otf=true
--insert_cost_noise=0.014
--lns_init_temp_factor=0.0
--lns_temp_dec_factor=0.99
--mh_checkit=false
--mh_lfreq=0
--mh_lnewinc=true
--mh_tciter=-1
--mh_tctime=-1.0
--mh_titer=300
--mh_tobj=-1.0
--mh_ttime=-1.0
--odir=EADARP/out/a3-18
--oname=run6
--only_single_s_visits=true
--repair_max_routes=0
--seed=1491719095
--use_milp_in_otf=0
--xcheck_isfeasible=false

EADARPInstance(EADARP/instances/b1/a3-18.txt, n=18, n_K=3, S=[45, 46, 47], Q=14.85, n_F=3, γ=0.7, T_plan=360.0, F=[42, 43, 44])

T preprocessing time [s]: 0.16531
I       iter             best          obj_old          obj_new        time              method info
I          1        282.29436     100018.00000        282.29436      0.0173                 con 
I          2        264.56976        282.29436        264.56976      0.0246        drrr_15+rroi 
I          3        258.91022        264.56976        258.91022      0.0362         drrr_15+rrg 
I          4        248.05576        258.91022        248.05576      0.0426         drrr_15+rrg 
I          6        244.89154        248.05576        244.89154      0.0464        drrr_15+rroi 
I        147        242.97867        244.89154        242.97867      0.1375        drrr_15+rroi 
I        300        242.97867        242.97867     100001.00000      0.1706        drrr_15+rrri 

Method statistics
S  method    iter  succ  succ-rate%  tot-obj-gain  avg-obj-gain  rel-succ%  net-time  net-time%  brut-time  brut-time%
S  con          1     1   100.00000  -99735.70564  -99735.70564    9.09091   0.01724   10.10729    0.01724    10.10729
S  drrr_15    299     5     1.67224     -39.31569      -0.13149   45.45455   0.00102    0.60087    0.00102     0.60087
S  rrg         87     2     2.29885     -16.51399      -0.18982   18.18182   0.06764   39.65273    0.06764    39.65273
S  rroi       110     3     2.72727     -22.80170      -0.20729   27.27273   0.04316   25.30120    0.04316    25.30120
S  rrri       102     0     0.00000       0.00000       0.00000    0.00000   0.04092   23.98863    0.04092    23.98863
S  SUM/AVG    599    11     1.83639  -99814.33702    -166.63495   20.00000   0.16998   99.65072    0.16998    99.65072

T best solution: EADARPSolution(t_routing=307.189, t_excess=50.348, obj_val=242.979, obj_val_valid=true,
    unserved_requests=Int64[], F_visited=[44, 42, 43], S_visited=[46, 47, 45],
    (1, ([39, 7, 25, 9, 27, 11, 29, 10, 28, 46, 42], [7.783380522744944], [10]))
    (2, ([40, 17, 35, 2, 4, 22, 20, 14, 32, 15, 33, 5, 23, 47, 3, 21, 8, 26, 45, 43], [53.83253294705764, 17.162686514077148], [14, 19]))
    (3, ([41, 6, 24, 13, 16, 12, 31, 30, 34, 18, 1, 36, 19, 44], Float64[], Int64[])))

T best obj: 242.97866978031018
T best iteration: 147
T total iterations: 300
T best time [s]: 0.138
T total time [s]: 0.1706
