EADARP version 2def-dirty
ARGS: --ifile=EADARP/instances/b1/a3-18.txt --odir=EADARP/out/a3-18 --oname=run61
Settings:
--alns_gamma=0.025
--alns_segment_size=100
--alns_sigma1=10
--alns_sigma2=9
--alns_sigma3=3
--at_most_one_s=false
--gamma=-1.0
--ifile=EADARP/instances/b1/a3-18.txt
--insert_charging_otf=true
--insert_cost_noise=0.014
--lns_init_temp_factor=0.0
--lns_temp_dec_factor=0.99
--mh_checkit=false
--mh_lfreq=0
--mh_lnewinc=true
--mh_tciter=-1
--mh_tctime=-1.0
--mh_titer=300
--mh_tobj=-1.0
--mh_ttime=-1.0
--odir=EADARP/out/a3-18
--oname=run61
--only_single_s_visits=true
--repair_max_routes=0
--seed=27728581
--use_milp_in_otf=0
--xcheck_isfeasible=false

EADARPInstance(EADARP/instances/b1/a3-18.txt, n=18, n_K=3, S=[45, 46, 47], Q=14.85, n_F=3, γ=0.7, T_plan=360.0, F=[42, 43, 44])

T preprocessing time [s]: 0.16574
I       iter             best          obj_old          obj_new        time              method info
I          1        281.89001     100018.00000        281.89001      0.0175                 con 
I          2        261.97418        281.89001        261.97418      0.0280        drrr_15+rrri 
I          5        256.77407        261.97418        256.77407      0.0615        drrr_15+rroi 
I          7        251.10222        256.77407        251.10222      0.0651        drrr_15+rroi 
I         41        250.77430        251.10222        250.77430      0.1091         drrr_15+rrg 
I         51        246.87572        250.77430        246.87572      0.1144        drrr_15+rroi 
I        124        246.73968        246.87572        246.73968      0.1476        drrr_15+rrri 
I        147        245.46057        246.73968        245.46057      0.1502        drrr_15+rroi 
I        287        244.82498        245.46057        244.82498      0.1775        drrr_15+rrri 
I        300        244.82498        244.82498        262.92930      0.1810        drrr_15+rrri 

Method statistics
S  method    iter  succ  succ-rate%  tot-obj-gain  avg-obj-gain  rel-succ%  net-time  net-time%  brut-time  brut-time%
S  con          1     1   100.00000  -99736.10999  -99736.10999    5.88235   0.01744    9.63389    0.01744     9.63389
S  drrr_15    299     8     2.67559     -37.06503      -0.12396   47.05882   0.00114    0.63244    0.00114     0.63244
S  rrg         95     1     1.05263      -0.32792      -0.00345    5.88235   0.06252   34.53531    0.06252    34.53531
S  rroi        98     4     4.08163     -16.04965      -0.16377   23.52941   0.03240   17.90029    0.03240    17.90029
S  rrri       106     3     2.83019     -20.68746      -0.19516   17.64706   0.06678   36.88886    0.06678    36.88886
S  SUM/AVG    599    17     2.83806  -99810.24004    -166.62811   20.00000   0.18029   99.59080    0.18029    99.59080

T best solution: EADARPSolution(t_routing=315.02, t_excess=34.241, obj_val=244.825, obj_val_valid=true,
    unserved_requests=Int64[], F_visited=[44, 42, 43], S_visited=[46, 47, 45],
    (1, ([39, 7, 25, 9, 27, 11, 29, 13, 31, 16, 12, 30, 34, 18, 1, 36, 19, 46, 42], [36.18341224524408], [18]))
    (2, ([40, 6, 24, 10, 28, 43], Float64[], Int64[]))
    (3, ([41, 17, 35, 2, 4, 22, 20, 14, 32, 15, 33, 5, 23, 47, 3, 21, 8, 26, 45, 44], [53.83253294705764, 17.162686514077148], [14, 19])))

T best obj: 244.82498135381658
T best iteration: 287
T total iterations: 300
T best time [s]: 0.178
T total time [s]: 0.1810
