EADARP version 2def-dirty
ARGS: --ifile=EADARP/instances/b1/a3-18.txt --odir=EADARP/out/a3-18 --oname=run66
Settings:
--alns_gamma=0.025
--alns_segment_size=100
--alns_sigma1=10
--alns_sigma2=9
--alns_sigma3=3
--at_most_one_s=false
--gamma=-1.0
--ifile=EADARP/instances/b1/a3-18.txt
--insert_charging_otf=true
--insert_cost_noise=0.014
--lns_init_temp_factor=0.0
--lns_temp_dec_factor=0.99
--mh_checkit=false
--mh_lfreq=0
--mh_lnewinc=true
--mh_tciter=-1
--mh_tctime=-1.0
--mh_titer=300
--mh_tobj=-1.0
--mh_ttime=-1.0
--odir=EADARP/out/a3-18
--oname=run66
--only_single_s_visits=true
--repair_max_routes=0
--seed=1760248481
--use_milp_in_otf=0
--xcheck_isfeasible=false

EADARPInstance(EADARP/instances/b1/a3-18.txt, n=18, n_K=3, S=[45, 46, 47], Q=14.85, n_F=3, γ=0.7, T_plan=360.0, F=[42, 43, 44])

T preprocessing time [s]: 0.15049
I       iter             best          obj_old          obj_new        time              method info
I          1        262.35078     100018.00000        262.35078      0.0234                 con 
I          4        257.20904        262.35078        257.20904      0.0486         drrr_15+rrg 
I         24        251.67137        257.20904        251.67137      0.0780        drrr_15+rrri 
I         28        245.46057        251.67137        245.46057      0.0843        drrr_15+rrri 
I         43        244.82498        245.46057        244.82498      0.1068         drrr_15+rrg 
I        300        244.82498        244.82498        264.14656      0.1873         drrr_15+rrg 

Method statistics
S  method    iter  succ  succ-rate%  tot-obj-gain  avg-obj-gain  rel-succ%  net-time  net-time%  brut-time  brut-time%
S  con          1     1   100.00000  -99755.64922  -99755.64922   11.11111   0.02342   12.50485    0.02342    12.50485
S  drrr_15    299     4     1.33779     -17.52580      -0.05861   44.44444   0.00101    0.54167    0.00101     0.54167
S  rrg        111     2     1.80180      -5.77733      -0.05205   22.22222   0.08104   43.27255    0.08104    43.27255
S  rroi        98     0     0.00000       0.00000       0.00000    0.00000   0.01728    9.22785    0.01728     9.22785
S  rrri        90     2     2.22222     -11.74847      -0.13054   22.22222   0.06395   34.14679    0.06395    34.14679
S  SUM/AVG    599     9     1.50250  -99790.70082    -166.59549   20.00000   0.18671   99.69371    0.18671    99.69371

T best solution: EADARPSolution(t_routing=315.02, t_excess=34.241, obj_val=244.825, obj_val_valid=true,
    unserved_requests=Int64[], F_visited=[42, 43, 44], S_visited=[46, 47, 45],
    (1, ([39, 17, 35, 2, 4, 22, 20, 14, 32, 15, 33, 5, 23, 47, 3, 21, 8, 26, 45, 42], [53.83253294705764, 17.162686514077148], [14, 19]))
    (2, ([40, 7, 25, 9, 27, 11, 29, 13, 31, 16, 12, 30, 34, 18, 1, 36, 19, 46, 43], [36.18341224524408], [18]))
    (3, ([41, 6, 24, 10, 28, 44], Float64[], Int64[])))

T best obj: 244.82498135381658
T best iteration: 43
T total iterations: 300
T best time [s]: 0.107
T total time [s]: 0.1873
