EADARP version 2def-dirty
ARGS: --ifile=EADARP/instances/b1/a3-18.txt --odir=EADARP/out/a3-18 --oname=run79
Settings:
--alns_gamma=0.025
--alns_segment_size=100
--alns_sigma1=10
--alns_sigma2=9
--alns_sigma3=3
--at_most_one_s=false
--gamma=-1.0
--ifile=EADARP/instances/b1/a3-18.txt
--insert_charging_otf=true
--insert_cost_noise=0.014
--lns_init_temp_factor=0.0
--lns_temp_dec_factor=0.99
--mh_checkit=false
--mh_lfreq=0
--mh_lnewinc=true
--mh_tciter=-1
--mh_tctime=-1.0
--mh_titer=300
--mh_tobj=-1.0
--mh_ttime=-1.0
--odir=EADARP/out/a3-18
--oname=run79
--only_single_s_visits=true
--repair_max_routes=0
--seed=876882700
--use_milp_in_otf=0
--xcheck_isfeasible=false

EADARPInstance(EADARP/instances/b1/a3-18.txt, n=18, n_K=3, S=[45, 46, 47], Q=14.85, n_F=3, γ=0.7, T_plan=360.0, F=[42, 43, 44])

T preprocessing time [s]: 0.15212
I       iter             best          obj_old          obj_new        time              method info
I          1        262.35078     100018.00000        262.35078      0.0239                 con 
I         12        261.70011        262.35078        261.70011      0.0707         drrr_15+rrg 
I         18        255.54940        261.70011        255.54940      0.0814         drrr_15+rrg 
I         19        247.74411        255.54940        247.74411      0.0825        drrr_15+rrri 
I         27        244.82498        247.74411        244.82498      0.0914         drrr_15+rrg 
I        131        244.35078        244.82498        244.35078      0.1446        drrr_15+rroi 
I        300        244.35078        244.35078        261.50119      0.1886        drrr_15+rrri 

Method statistics
S  method    iter  succ  succ-rate%  tot-obj-gain  avg-obj-gain  rel-succ%  net-time  net-time%  brut-time  brut-time%
S  con          1     1   100.00000  -99755.64922  -99755.64922    9.09091   0.02383   12.63317    0.02383    12.63317
S  drrr_15    299     5     1.67224     -18.00000      -0.06020   45.45455   0.00103    0.54682    0.00103     0.54682
S  rrg        112     3     2.67857      -9.72051      -0.08679   27.27273   0.06891   36.52481    0.06891    36.52481
S  rroi        95     1     1.05263      -0.47420      -0.00499    9.09091   0.02802   14.85430    0.02802    14.85430
S  rrri        92     1     1.08696      -7.80529      -0.08484    9.09091   0.06627   35.12636    0.06627    35.12636
S  SUM/AVG    599    11     1.83639  -99791.64922    -166.59708   20.00000   0.18807   99.68546    0.18807    99.68546

T best solution: EADARPSolution(t_routing=314.387, t_excess=34.241, obj_val=244.351, obj_val_valid=true,
    unserved_requests=Int64[], F_visited=[44, 42, 43], S_visited=[45, 46, 47],
    (1, ([39, 14, 32, 15, 33, 5, 23, 47, 3, 21, 8, 26, 42], [26.348821345341783], [8]))
    (2, ([40, 7, 25, 9, 27, 11, 29, 10, 28, 45, 43], [7.060191985421324], [10]))
    (3, ([41, 17, 35, 2, 4, 22, 20, 6, 24, 13, 31, 16, 12, 30, 34, 18, 1, 36, 19, 46, 44], [37.97847542293387], [20])))

T best obj: 244.35078302854282
T best iteration: 131
T total iterations: 300
T best time [s]: 0.145
T total time [s]: 0.1887
