EADARP version 2def-dirty
ARGS: --ifile=EADARP/instances/b1/a3-18.txt --odir=EADARP/out/a3-18 --oname=run81
Settings:
--alns_gamma=0.025
--alns_segment_size=100
--alns_sigma1=10
--alns_sigma2=9
--alns_sigma3=3
--at_most_one_s=false
--gamma=-1.0
--ifile=EADARP/instances/b1/a3-18.txt
--insert_charging_otf=true
--insert_cost_noise=0.014
--lns_init_temp_factor=0.0
--lns_temp_dec_factor=0.99
--mh_checkit=false
--mh_lfreq=0
--mh_lnewinc=true
--mh_tciter=-1
--mh_tctime=-1.0
--mh_titer=300
--mh_tobj=-1.0
--mh_ttime=-1.0
--odir=EADARP/out/a3-18
--oname=run81
--only_single_s_visits=true
--repair_max_routes=0
--seed=867500294
--use_milp_in_otf=0
--xcheck_isfeasible=false

EADARPInstance(EADARP/instances/b1/a3-18.txt, n=18, n_K=3, S=[45, 46, 47], Q=14.85, n_F=3, γ=0.7, T_plan=360.0, F=[42, 43, 44])

T preprocessing time [s]: 0.15214
I       iter             best          obj_old          obj_new        time              method info
I          1        262.35078     100018.00000        262.35078      0.0235                 con 
I          4        249.23738        262.35078        249.23738      0.0740         drrr_15+rrg 
I         17        246.73968        249.23738        246.73968      0.1164        drrr_15+rroi 
I         29        246.40152        246.73968        246.40152      0.1220        drrr_15+rroi 
I         56        244.89154        246.40152        244.89154      0.1469        drrr_15+rrri 
I         83        243.26682        244.89154        243.26682      0.1549        drrr_15+rrri 
I        133        242.97867        243.26682        242.97867      0.1812        drrr_15+rroi 
I        300        242.97867        242.97867        268.65135      0.2207         drrr_15+rrg 

Method statistics
S  method    iter  succ  succ-rate%  tot-obj-gain  avg-obj-gain  rel-succ%  net-time  net-time%  brut-time  brut-time%
S  con          1     1   100.00000  -99755.64922  -99755.64922    7.69231   0.02352   10.65449    0.02352    10.65449
S  drrr_15    299     6     2.00669     -19.37211      -0.06479   46.15385   0.00106    0.48014    0.00106     0.48014
S  rrg         89     1     1.12360     -13.11340      -0.14734    7.69231   0.05971   27.05386    0.05971    27.05386
S  rroi        96     3     3.12500      -3.12401      -0.03254   23.07692   0.03096   14.02473    0.03096    14.02473
S  rrri       114     2     1.75439      -3.13470      -0.02750   15.38462   0.10483   47.49589    0.10483    47.49589
S  SUM/AVG    599    13     2.17028  -99794.39344    -166.60166   20.00000   0.22008   99.70911    0.22008    99.70911

T best solution: EADARPSolution(t_routing=307.189, t_excess=50.348, obj_val=242.979, obj_val_valid=true,
    unserved_requests=Int64[], F_visited=[42, 44, 43], S_visited=[46, 47, 45],
    (1, ([39, 6, 24, 13, 16, 12, 31, 30, 34, 18, 1, 36, 19, 42], Float64[], Int64[]))
    (2, ([40, 17, 35, 2, 4, 22, 20, 14, 32, 15, 33, 5, 23, 47, 3, 21, 8, 26, 45, 43], [53.83253294705764, 17.162686514077148], [14, 19]))
    (3, ([41, 7, 25, 9, 27, 11, 29, 10, 28, 46, 44], [7.783380522744944], [10])))

T best obj: 242.97866978031018
T best iteration: 133
T total iterations: 300
T best time [s]: 0.181
T total time [s]: 0.2207
