EADARP version 2def-dirty
ARGS: --ifile=EADARP/instances/b1/a3-18.txt --odir=EADARP/out/a3-18 --oname=run93
Settings:
--alns_gamma=0.025
--alns_segment_size=100
--alns_sigma1=10
--alns_sigma2=9
--alns_sigma3=3
--at_most_one_s=false
--gamma=-1.0
--ifile=EADARP/instances/b1/a3-18.txt
--insert_charging_otf=true
--insert_cost_noise=0.014
--lns_init_temp_factor=0.0
--lns_temp_dec_factor=0.99
--mh_checkit=false
--mh_lfreq=0
--mh_lnewinc=true
--mh_tciter=-1
--mh_tctime=-1.0
--mh_titer=300
--mh_tobj=-1.0
--mh_ttime=-1.0
--odir=EADARP/out/a3-18
--oname=run93
--only_single_s_visits=true
--repair_max_routes=0
--seed=2017748316
--use_milp_in_otf=0
--xcheck_isfeasible=false

EADARPInstance(EADARP/instances/b1/a3-18.txt, n=18, n_K=3, S=[45, 46, 47], Q=14.85, n_F=3, γ=0.7, T_plan=360.0, F=[42, 43, 44])

T preprocessing time [s]: 0.15333
I       iter             best          obj_old          obj_new        time              method info
I          1        276.94662     100018.00000        276.94662      0.0173                 con 
I          2        264.56792        276.94662        264.56792      0.0391        drrr_15+rrri 
I          3        257.20904        264.56792        257.20904      0.0485         drrr_15+rrg 
I          4        248.28863        257.20904        248.28863      0.0605         drrr_15+rrg 
I          7        247.98145        248.28863        247.98145      0.0619         drrr_15+rrg 
I         95        246.87572        247.98145        246.87572      0.1338        drrr_15+rroi 
I        127        245.69337        246.87572        245.69337      0.1454         drrr_15+rrg 
I        153        244.82498        245.69337        244.82498      0.1547         drrr_15+rrg 
I        300        244.82498        244.82498        256.77407      0.1984        drrr_15+rroi 

Method statistics
S  method    iter  succ  succ-rate%  tot-obj-gain  avg-obj-gain  rel-succ%  net-time  net-time%  brut-time  brut-time%
S  con          1     1   100.00000  -99741.05338  -99741.05338    6.66667   0.01729    8.71340    0.01729     8.71340
S  drrr_15    299     7     2.34114     -32.12164      -0.10743   46.66667   0.00105    0.52939    0.00105     0.52939
S  rrg        110     5     4.54545     -18.63721      -0.16943   33.33333   0.07580   38.18887    0.07580    38.18887
S  rroi        89     1     1.12360      -1.10573      -0.01242    6.66667   0.03352   16.88972    0.03352    16.88972
S  rrri       100     1     1.00000     -12.37870      -0.12379    6.66667   0.07013   35.33662    0.07013    35.33662
S  SUM/AVG    599    15     2.50417  -99805.29666    -166.61986   20.00000   0.19780   99.65800    0.19780    99.65800

T best solution: EADARPSolution(t_routing=315.02, t_excess=34.241, obj_val=244.825, obj_val_valid=true,
    unserved_requests=Int64[], F_visited=[42, 44, 43], S_visited=[46, 47, 45],
    (1, ([39, 17, 35, 2, 4, 22, 20, 14, 32, 15, 33, 5, 23, 47, 3, 21, 8, 26, 45, 42], [53.83253294705764, 17.162686514077148], [14, 19]))
    (2, ([40, 7, 25, 9, 27, 11, 29, 13, 31, 16, 12, 30, 34, 18, 1, 36, 19, 46, 43], [36.18341224524408], [18]))
    (3, ([41, 6, 24, 10, 28, 44], Float64[], Int64[])))

T best obj: 244.82498135381658
T best iteration: 153
T total iterations: 300
T best time [s]: 0.155
T total time [s]: 0.1985
