EADARP version 2def-dirty
ARGS: --ifile=EADARP/instances/b1/a3-36.txt --odir=EADARP/out/a3-36 --oname=run18
Settings:
--alns_gamma=0.025
--alns_segment_size=100
--alns_sigma1=10
--alns_sigma2=9
--alns_sigma3=3
--at_most_one_s=false
--gamma=-1.0
--ifile=EADARP/instances/b1/a3-36.txt
--insert_charging_otf=true
--insert_cost_noise=0.014
--lns_init_temp_factor=0.0
--lns_temp_dec_factor=0.99
--mh_checkit=false
--mh_lfreq=0
--mh_lnewinc=true
--mh_tciter=-1
--mh_tctime=-1.0
--mh_titer=300
--mh_tobj=-1.0
--mh_ttime=-1.0
--odir=EADARP/out/a3-36
--oname=run18
--only_single_s_visits=true
--repair_max_routes=0
--seed=1855623890
--use_milp_in_otf=0
--xcheck_isfeasible=false

EADARPInstance(EADARP/instances/b1/a3-36.txt, n=36, n_K=3, S=[81, 82, 83], Q=14.85, n_F=3, γ=0.7, T_plan=720.0, F=[78, 79, 80])

T preprocessing time [s]: 0.60487
I       iter             best          obj_old          obj_new        time              method info
I          1     100001.00000     100036.00000     100001.00000      0.0433                 con 
I        129        573.57622     100001.00000        573.57622      0.2584        drrr_15+rrri 
I        153        532.59948        573.57622        532.59948      0.2706         drrr_15+rrg 
I        157        531.89587        532.59948        531.89587      0.2737        drrr_15+rroi 
I        178        521.74156        531.89587        521.74156      0.3107         drrr_15+rrg 
I        181        516.94930        521.74156        516.94930      0.3131        drrr_15+rroi 
I        221        511.50279        516.94930        511.50279      0.3289        drrr_15+rrri 
I        233        510.12010        511.50279        510.12010      0.3304         drrr_15+rrg 
I        259        507.02841        510.12010        507.02841      0.3368        drrr_15+rrri 
I        300        507.02841        507.02841     100001.00000      0.3416        drrr_15+rroi 

Method statistics
S  method    iter  succ  succ-rate%  tot-obj-gain  avg-obj-gain  rel-succ%  net-time  net-time%  brut-time  brut-time%
S  con          1     1   100.00000     -35.00000     -35.00000    5.88235   0.04326   12.66185    0.04326    12.66185
S  drrr_15    299     8     2.67559  -99493.97159    -332.75576   47.05882   0.00265    0.77704    0.00265     0.77704
S  rrg        106     3     2.83019     -52.51374      -0.49541   17.64706   0.13520   39.57522    0.13520    39.57522
S  rroi        92     2     2.17391      -5.49587      -0.05974   11.76471   0.04369   12.78789    0.04369    12.78789
S  rrri       101     3     2.97030  -99435.96198    -984.51448   17.64706   0.11608   33.97782    0.11608    33.97782
S  SUM/AVG    599    17     2.83806 -199022.94319    -332.25867   20.00000   0.34087   99.77981    0.34087    99.77981

T best solution: EADARPSolution(t_routing=636.954, t_excess=117.25, obj_val=507.028, obj_val_valid=true,
    unserved_requests=Int64[], F_visited=[78, 80, 79], S_visited=[82, 81, 83],
    (1, ([75, 21, 57, 1, 37, 31, 67, 9, 30, 66, 45, 17, 5, 41, 53, 12, 48, 82, 4, 6, 26, 40, 42, 62, 78], [103.65528156609912], [18]))
    (2, ([76, 13, 49, 24, 60, 16, 52, 2, 38, 8, 44, 19, 10, 55, 46, 20, 56, 81, 15, 51, 3, 32, 68, 39, 18, 54, 33, 69, 79], [129.69053011396213], [18]))
    (3, ([77, 36, 72, 11, 47, 22, 7, 58, 43, 35, 25, 61, 71, 27, 63, 23, 59, 29, 65, 28, 64, 34, 70, 14, 50, 83, 80], [160.60862796578007], [26])))

T best obj: 507.0284058043645
T best iteration: 259
T total iterations: 300
T best time [s]: 0.337
T total time [s]: 0.3416
