EADARP version 2def-dirty
ARGS: --ifile=EADARP/instances/b1/a3-36.txt --odir=EADARP/out/a3-36 --oname=run21
Settings:
--alns_gamma=0.025
--alns_segment_size=100
--alns_sigma1=10
--alns_sigma2=9
--alns_sigma3=3
--at_most_one_s=false
--gamma=-1.0
--ifile=EADARP/instances/b1/a3-36.txt
--insert_charging_otf=true
--insert_cost_noise=0.014
--lns_init_temp_factor=0.0
--lns_temp_dec_factor=0.99
--mh_checkit=false
--mh_lfreq=0
--mh_lnewinc=true
--mh_tciter=-1
--mh_tctime=-1.0
--mh_titer=300
--mh_tobj=-1.0
--mh_ttime=-1.0
--odir=EADARP/out/a3-36
--oname=run21
--only_single_s_visits=true
--repair_max_routes=0
--seed=1385828377
--use_milp_in_otf=0
--xcheck_isfeasible=false

EADARPInstance(EADARP/instances/b1/a3-36.txt, n=36, n_K=3, S=[81, 82, 83], Q=14.85, n_F=3, γ=0.7, T_plan=720.0, F=[78, 79, 80])

T preprocessing time [s]: 0.60583
I       iter             best          obj_old          obj_new        time              method info
I          1     100001.00000     100036.00000     100001.00000      0.0429                 con 
I         23        537.43845     100001.00000        537.43845      0.1296        drrr_15+rrri 
I         28        524.69429        537.43845        524.69429      0.1388        drrr_15+rroi 
I         37        503.11677        524.69429        503.11677      0.1438        drrr_15+rroi 
I         43        502.87215        503.11677        502.87215      0.1463        drrr_15+rroi 
I         53        502.83771        502.87215        502.83771      0.1577        drrr_15+rroi 
I         96        501.20837        502.83771        501.20837      0.2070        drrr_15+rrri 
I        300        501.20837        501.20837        512.05208      0.2649         drrr_15+rrg 

Method statistics
S  method    iter  succ  succ-rate%  tot-obj-gain  avg-obj-gain  rel-succ%  net-time  net-time%  brut-time  brut-time%
S  con          1     1   100.00000     -35.00000     -35.00000    7.69231   0.04284   16.16889    0.04284    16.16889
S  drrr_15    299     6     2.00669  -99499.79163    -332.77522   46.15385   0.00264    0.99495    0.00264     0.99495
S  rrg        110     0     0.00000       0.00000       0.00000    0.00000   0.09230   34.83847    0.09230    34.83847
S  rroi       103     4     3.88350     -34.60074      -0.33593   30.76923   0.05957   22.48352    0.05957    22.48352
S  rrri        86     2     2.32558  -99465.19089   -1156.57199   15.38462   0.06695   25.27047    0.06695    25.27047
S  SUM/AVG    599    13     2.17028 -199034.58326    -332.27810   20.00000   0.26429   99.75630    0.26429    99.75630

T best solution: EADARPSolution(t_routing=629.194, t_excess=117.25, obj_val=501.208, obj_val_valid=true,
    unserved_requests=Int64[], F_visited=[78, 79, 80], S_visited=[83, 81, 82],
    (1, ([75, 13, 49, 11, 47, 22, 7, 58, 43, 27, 63, 23, 59, 29, 65, 12, 48, 82, 4, 6, 26, 40, 42, 62, 78], [99.39715758216124], [18]))
    (2, ([76, 36, 72, 24, 60, 1, 37, 31, 67, 8, 44, 19, 10, 55, 46, 20, 56, 28, 64, 34, 70, 15, 51, 83, 79], [151.54827600530086], [24]))
    (3, ([77, 21, 57, 16, 52, 2, 38, 35, 25, 61, 71, 9, 30, 66, 45, 17, 5, 41, 53, 81, 14, 50, 3, 32, 68, 39, 18, 54, 33, 69, 80], [135.24895523319947], [20])))

T best obj: 501.20836768547963
T best iteration: 96
T total iterations: 300
T best time [s]: 0.207
T total time [s]: 0.2649
