EADARP version 2def-dirty
ARGS: --ifile=EADARP/instances/b1/a3-36.txt --odir=EADARP/out/a3-36 --oname=run3
Settings:
--alns_gamma=0.025
--alns_segment_size=100
--alns_sigma1=10
--alns_sigma2=9
--alns_sigma3=3
--at_most_one_s=false
--gamma=-1.0
--ifile=EADARP/instances/b1/a3-36.txt
--insert_charging_otf=true
--insert_cost_noise=0.014
--lns_init_temp_factor=0.0
--lns_temp_dec_factor=0.99
--mh_checkit=false
--mh_lfreq=0
--mh_lnewinc=true
--mh_tciter=-1
--mh_tctime=-1.0
--mh_titer=300
--mh_tobj=-1.0
--mh_ttime=-1.0
--odir=EADARP/out/a3-36
--oname=run3
--only_single_s_visits=true
--repair_max_routes=0
--seed=1922333235
--use_milp_in_otf=0
--xcheck_isfeasible=false

EADARPInstance(EADARP/instances/b1/a3-36.txt, n=36, n_K=3, S=[81, 82, 83], Q=14.85, n_F=3, γ=0.7, T_plan=720.0, F=[78, 79, 80])

T preprocessing time [s]: 0.61482
I       iter             best          obj_old          obj_new        time              method info
I          1     100001.00000     100036.00000     100001.00000      0.0426                 con 
I        244        528.49303     100001.00000        528.49303      0.2918        drrr_15+rrri 
I        245        520.05277        528.49303        520.05277      0.2969        drrr_15+rrri 
I        249        516.28280        520.05277        516.28280      0.2977        drrr_15+rroi 
I        263        515.38711        516.28280        515.38711      0.3004         drrr_15+rrg 
I        280        510.77827        515.38711        510.77827      0.3026        drrr_15+rroi 
I        300        510.77827        510.77827     100002.00000      0.3103        drrr_15+rrri 

Method statistics
S  method    iter  succ  succ-rate%  tot-obj-gain  avg-obj-gain  rel-succ%  net-time  net-time%  brut-time  brut-time%
S  con          1     1   100.00000     -35.00000     -35.00000    9.09091   0.04254   13.70726    0.04254    13.70726
S  drrr_15    299     5     1.67224  -99490.22173    -332.74322   45.45455   0.00337    1.08733    0.00337     1.08733
S  rrg        107     1     0.93458      -0.89569      -0.00837    9.09091   0.09321   30.03421    0.09321    30.03421
S  rroi       121     2     1.65289      -8.37881      -0.06925   18.18182   0.07648   24.64165    0.07648    24.64165
S  rrri        71     2     2.81690  -99480.94723   -1401.14010   18.18182   0.09410   30.32129    0.09410    30.32129
S  SUM/AVG    599    11     1.83639 -199015.44345    -332.24615   20.00000   0.30971   99.79174    0.30971    99.79174

T best solution: EADARPSolution(t_routing=633.069, t_excess=143.907, obj_val=510.778, obj_val_valid=true,
    unserved_requests=Int64[], F_visited=[79, 80, 78], S_visited=[83, 82, 81],
    (1, ([75, 21, 57, 22, 7, 58, 43, 27, 63, 9, 45, 23, 59, 29, 65, 17, 53, 81, 14, 50, 33, 69, 78], [120.53451730667803], [18]))
    (2, ([76, 13, 49, 24, 60, 16, 52, 2, 38, 35, 25, 61, 71, 30, 66, 28, 64, 34, 70, 15, 51, 3, 32, 39, 18, 68, 54, 83, 79], [120.13368088978268], [28]))
    (3, ([77, 36, 72, 11, 47, 1, 37, 31, 67, 8, 44, 19, 10, 55, 46, 20, 5, 56, 41, 12, 48, 82, 4, 6, 26, 40, 42, 62, 80], [149.4003390009552], [22])))

T best obj: 510.77827454393616
T best iteration: 280
T total iterations: 300
T best time [s]: 0.303
T total time [s]: 0.3104
