EADARP version 2def-dirty
ARGS: --ifile=EADARP/instances/b1/a3-36.txt --odir=EADARP/out/a3-36 --oname=run54
Settings:
--alns_gamma=0.025
--alns_segment_size=100
--alns_sigma1=10
--alns_sigma2=9
--alns_sigma3=3
--at_most_one_s=false
--gamma=-1.0
--ifile=EADARP/instances/b1/a3-36.txt
--insert_charging_otf=true
--insert_cost_noise=0.014
--lns_init_temp_factor=0.0
--lns_temp_dec_factor=0.99
--mh_checkit=false
--mh_lfreq=0
--mh_lnewinc=true
--mh_tciter=-1
--mh_tctime=-1.0
--mh_titer=300
--mh_tobj=-1.0
--mh_ttime=-1.0
--odir=EADARP/out/a3-36
--oname=run54
--only_single_s_visits=true
--repair_max_routes=0
--seed=850346036
--use_milp_in_otf=0
--xcheck_isfeasible=false

EADARPInstance(EADARP/instances/b1/a3-36.txt, n=36, n_K=3, S=[81, 82, 83], Q=14.85, n_F=3, γ=0.7, T_plan=720.0, F=[78, 79, 80])

T preprocessing time [s]: 0.61084
I       iter             best          obj_old          obj_new        time              method info
I          1     100001.00000     100036.00000     100001.00000      0.0428                 con 
I          3        522.07983     100001.00000        522.07983      0.0612        drrr_15+rrri 
I         26        503.12862        522.07983        503.12862      0.1329        drrr_15+rrri 
I        219        502.90997        503.12862        502.90997      0.2435        drrr_15+rroi 
I        260        502.89506        502.90997        502.89506      0.2513        drrr_15+rroi 
I        300        502.89506        502.89506     100002.00000      0.2614        drrr_15+rrri 

Method statistics
S  method    iter  succ  succ-rate%  tot-obj-gain  avg-obj-gain  rel-succ%  net-time  net-time%  brut-time  brut-time%
S  con          1     1   100.00000     -35.00000     -35.00000   11.11111   0.04282   16.38037    0.04282    16.38037
S  drrr_15    299     4     1.33779  -99498.10494    -332.76958   44.44444   0.00255    0.97576    0.00255     0.97576
S  rrg         99     0     0.00000       0.00000       0.00000    0.00000   0.09617   36.78835    0.09617    36.78835
S  rroi        96     2     2.08333      -0.23356      -0.00243   22.22222   0.03399   13.00358    0.03399    13.00358
S  rrri       104     2     1.92308  -99497.87138    -956.71030   22.22222   0.08528   32.62075    0.08528    32.62075
S  SUM/AVG    599     9     1.50250 -199031.20988    -332.27247   20.00000   0.26082   99.76881    0.26082    99.76881

T best solution: EADARPSolution(t_routing=632.006, t_excess=115.562, obj_val=502.895, obj_val_valid=true,
    unserved_requests=Int64[], F_visited=[79, 78, 80], S_visited=[82, 83, 81],
    (1, ([75, 36, 72, 11, 47, 22, 7, 58, 43, 35, 71, 9, 30, 45, 66, 28, 64, 12, 48, 82, 4, 6, 26, 40, 42, 62, 78], [150.42392444459907], [20]))
    (2, ([76, 13, 49, 24, 60, 16, 52, 2, 38, 8, 44, 19, 10, 55, 46, 20, 5, 56, 41, 34, 70, 15, 51, 3, 39, 18, 54, 83, 79], [119.59647722403952], [28]))
    (3, ([77, 21, 57, 1, 37, 31, 67, 25, 61, 27, 63, 23, 59, 29, 65, 17, 53, 81, 14, 50, 32, 68, 33, 69, 80], [118.98579031999614], [18])))

T best obj: 502.89506002797157
T best iteration: 260
T total iterations: 300
T best time [s]: 0.251
T total time [s]: 0.2614
