EADARP version 2def-dirty
ARGS: --ifile=EADARP/instances/b1/a3-36.txt --odir=EADARP/out/a3-36 --oname=run60
Settings:
--alns_gamma=0.025
--alns_segment_size=100
--alns_sigma1=10
--alns_sigma2=9
--alns_sigma3=3
--at_most_one_s=false
--gamma=-1.0
--ifile=EADARP/instances/b1/a3-36.txt
--insert_charging_otf=true
--insert_cost_noise=0.014
--lns_init_temp_factor=0.0
--lns_temp_dec_factor=0.99
--mh_checkit=false
--mh_lfreq=0
--mh_lnewinc=true
--mh_tciter=-1
--mh_tctime=-1.0
--mh_titer=300
--mh_tobj=-1.0
--mh_ttime=-1.0
--odir=EADARP/out/a3-36
--oname=run60
--only_single_s_visits=true
--repair_max_routes=0
--seed=1326292378
--use_milp_in_otf=0
--xcheck_isfeasible=false

EADARPInstance(EADARP/instances/b1/a3-36.txt, n=36, n_K=3, S=[81, 82, 83], Q=14.85, n_F=3, γ=0.7, T_plan=720.0, F=[78, 79, 80])

T preprocessing time [s]: 0.59956
I       iter             best          obj_old          obj_new        time              method info
I          1     100001.00000     100036.00000     100001.00000      0.0432                 con 
I         51        523.63386     100001.00000        523.63386      0.1922        drrr_15+rroi 
I         55        513.81304        523.63386        513.81304      0.1925        drrr_15+rroi 
I         56        512.60740        513.81304        512.60740      0.1926        drrr_15+rroi 
I         72        512.08849        512.60740        512.08849      0.1978        drrr_15+rrri 
I        105        511.51438        512.08849        511.51438      0.2135        drrr_15+rrri 
I        157        511.49946        511.51438        511.49946      0.2249        drrr_15+rroi 
I        300        511.49946        511.49946     100001.00000      0.2570         drrr_15+rrg 

Method statistics
S  method    iter  succ  succ-rate%  tot-obj-gain  avg-obj-gain  rel-succ%  net-time  net-time%  brut-time  brut-time%
S  con          1     1   100.00000     -35.00000     -35.00000    7.69231   0.04317   16.79657    0.04317    16.79657
S  drrr_15    299     6     2.00669  -99489.50054    -332.74080   46.15385   0.00348    1.35379    0.00348     1.35379
S  rrg         96     0     0.00000       0.00000       0.00000    0.00000   0.10246   39.86159    0.10246    39.86159
S  rroi       110     4     3.63636  -99488.40751    -904.44007   30.76923   0.05406   21.03205    0.05406    21.03205
S  rrri        93     2     2.15054      -1.09303      -0.01175   15.38462   0.05323   20.70889    0.05323    20.70889
S  SUM/AVG    599    13     2.17028 -199014.00107    -332.24374   20.00000   0.25640   99.75289    0.25640    99.75289

T best solution: EADARPSolution(t_routing=644.784, t_excess=111.646, obj_val=511.499, obj_val_valid=true,
    unserved_requests=Int64[], F_visited=[79, 78, 80], S_visited=[82, 81, 83],
    (1, ([75, 21, 57, 1, 37, 31, 67, 25, 61, 27, 63, 23, 59, 17, 5, 41, 53, 12, 48, 82, 4, 6, 26, 40, 42, 62, 78], [143.2445934559811], [20]))
    (2, ([76, 13, 49, 24, 60, 16, 52, 2, 38, 8, 44, 19, 10, 55, 46, 20, 56, 29, 65, 28, 64, 34, 70, 15, 51, 3, 32, 39, 68, 81, 79], [151.41488170903736], [30]))
    (3, ([77, 36, 72, 11, 47, 22, 7, 58, 43, 35, 71, 9, 30, 66, 45, 83, 14, 50, 18, 54, 33, 69, 80], [107.12447202894053], [16])))

T best obj: 511.49946254375436
T best iteration: 157
T total iterations: 300
T best time [s]: 0.225
T total time [s]: 0.2570
