EADARP version 2def-dirty
ARGS: --ifile=EADARP/instances/b1/a3-36.txt --odir=EADARP/out/a3-36 --oname=run67
Settings:
--alns_gamma=0.025
--alns_segment_size=100
--alns_sigma1=10
--alns_sigma2=9
--alns_sigma3=3
--at_most_one_s=false
--gamma=-1.0
--ifile=EADARP/instances/b1/a3-36.txt
--insert_charging_otf=true
--insert_cost_noise=0.014
--lns_init_temp_factor=0.0
--lns_temp_dec_factor=0.99
--mh_checkit=false
--mh_lfreq=0
--mh_lnewinc=true
--mh_tciter=-1
--mh_tctime=-1.0
--mh_titer=300
--mh_tobj=-1.0
--mh_ttime=-1.0
--odir=EADARP/out/a3-36
--oname=run67
--only_single_s_visits=true
--repair_max_routes=0
--seed=1995108421
--use_milp_in_otf=0
--xcheck_isfeasible=false

EADARPInstance(EADARP/instances/b1/a3-36.txt, n=36, n_K=3, S=[81, 82, 83], Q=14.85, n_F=3, γ=0.7, T_plan=720.0, F=[78, 79, 80])

T preprocessing time [s]: 0.60708
I       iter             best          obj_old          obj_new        time              method info
I          1     100001.00000     100036.00000     100001.00000      0.0431                 con 
I         99        529.15567     100001.00000        529.15567      0.2127        drrr_15+rroi 
I        102        514.10880        529.15567        514.10880      0.2144        drrr_15+rrri 
I        104        507.01723        514.10880        507.01723      0.2148         drrr_15+rrg 
I        125        500.64498        507.01723        500.64498      0.2179        drrr_15+rrri 
I        141        500.61054        500.64498        500.61054      0.2196        drrr_15+rrri 
I        300        500.61054        500.61054     100002.00000      0.2673        drrr_15+rroi 

Method statistics
S  method    iter  succ  succ-rate%  tot-obj-gain  avg-obj-gain  rel-succ%  net-time  net-time%  brut-time  brut-time%
S  con          1     1   100.00000     -35.00000     -35.00000    9.09091   0.04311   16.12963    0.04311    16.12963
S  drrr_15    299     5     1.67224  -99500.38946    -332.77722   45.45455   0.00255    0.95547    0.00255     0.95547
S  rrg        109     1     0.91743      -7.09157      -0.06506    9.09091   0.11875   44.42736    0.11875    44.42736
S  rroi        96     1     1.04167  -99471.84433   -1036.16505    9.09091   0.03777   14.13129    0.03777    14.13129
S  rrri        94     3     3.19149     -21.45356      -0.22823   27.27273   0.06453   24.14013    0.06453    24.14013
S  SUM/AVG    599    11     1.83639 -199035.77892    -332.28010   20.00000   0.26672   99.78388    0.26672    99.78388

T best solution: EADARPSolution(t_routing=626.773, t_excess=122.122, obj_val=500.611, obj_val_valid=true,
    unserved_requests=Int64[], F_visited=[80, 78, 79], S_visited=[82, 83, 81],
    (1, ([75, 13, 49, 11, 47, 22, 7, 58, 43, 27, 63, 23, 59, 12, 48, 15, 51, 3, 32, 68, 39, 18, 54, 81, 78], [125.77620700908993], [24]))
    (2, ([76, 36, 72, 24, 60, 16, 52, 2, 38, 35, 25, 61, 71, 9, 30, 45, 66, 17, 5, 41, 53, 14, 50, 83, 33, 69, 79], [104.48314383457267], [24]))
    (3, ([77, 21, 57, 1, 37, 31, 67, 8, 44, 19, 10, 55, 46, 20, 56, 29, 65, 28, 64, 34, 70, 82, 4, 6, 26, 40, 42, 62, 80], [153.51388700943215], [22])))

T best obj: 500.61053809289587
T best iteration: 141
T total iterations: 300
T best time [s]: 0.220
T total time [s]: 0.2673
