EADARP version 2def-dirty
ARGS: --ifile=EADARP/instances/b1/a3-36.txt --odir=EADARP/out/a3-36 --oname=run92
Settings:
--alns_gamma=0.025
--alns_segment_size=100
--alns_sigma1=10
--alns_sigma2=9
--alns_sigma3=3
--at_most_one_s=false
--gamma=-1.0
--ifile=EADARP/instances/b1/a3-36.txt
--insert_charging_otf=true
--insert_cost_noise=0.014
--lns_init_temp_factor=0.0
--lns_temp_dec_factor=0.99
--mh_checkit=false
--mh_lfreq=0
--mh_lnewinc=true
--mh_tciter=-1
--mh_tctime=-1.0
--mh_titer=300
--mh_tobj=-1.0
--mh_ttime=-1.0
--odir=EADARP/out/a3-36
--oname=run92
--only_single_s_visits=true
--repair_max_routes=0
--seed=1401070488
--use_milp_in_otf=0
--xcheck_isfeasible=false

EADARPInstance(EADARP/instances/b1/a3-36.txt, n=36, n_K=3, S=[81, 82, 83], Q=14.85, n_F=3, γ=0.7, T_plan=720.0, F=[78, 79, 80])

T preprocessing time [s]: 0.61187
I       iter             best          obj_old          obj_new        time              method info
I          1     100001.00000     100036.00000     100001.00000      0.0433                 con 
I         36        535.73218     100001.00000        535.73218      0.1755        drrr_15+rroi 
I         44        524.56268        535.73218        524.56268      0.1814        drrr_15+rrri 
I         64        523.83969        524.56268        523.83969      0.1882        drrr_15+rrri 
I         69        521.22392        523.83969        521.22392      0.1888        drrr_15+rroi 
I         75        520.02054        521.22392        520.02054      0.1909        drrr_15+rroi 
I        150        508.42367        520.02054        508.42367      0.2203        drrr_15+rrri 
I        161        503.72413        508.42367        503.72413      0.2229         drrr_15+rrg 
I        196        501.93776        503.72413        501.93776      0.2328        drrr_15+rrri 
I        300        501.93776        501.93776        504.46608      0.2765        drrr_15+rroi 

Method statistics
S  method    iter  succ  succ-rate%  tot-obj-gain  avg-obj-gain  rel-succ%  net-time  net-time%  brut-time  brut-time%
S  con          1     1   100.00000     -35.00000     -35.00000    5.88235   0.04323   15.63449    0.04323    15.63449
S  drrr_15    299     8     2.67559  -99499.06224    -332.77278   47.05882   0.00177    0.64059    0.00177     0.64059
S  rrg        100     1     1.00000      -4.69954      -0.04700    5.88235   0.09604   34.73380    0.09604    34.73380
S  rroi       103     3     2.91262  -99469.08696    -965.71929   17.64706   0.06608   23.89783    0.06608    23.89783
S  rrri        96     4     4.16667     -25.27574      -0.26329   23.52941   0.06869   24.84117    0.06869    24.84117
S  SUM/AVG    599    17     2.83806 -199033.12447    -332.27567   20.00000   0.27580   99.74787    0.27580    99.74787

T best solution: EADARPSolution(t_routing=623.745, t_excess=136.516, obj_val=501.938, obj_val_valid=true,
    unserved_requests=Int64[], F_visited=[79, 78, 80], S_visited=[81, 82, 83],
    (1, ([75, 21, 57, 16, 52, 2, 38, 35, 25, 61, 71, 9, 30, 45, 66, 28, 64, 12, 48, 82, 4, 6, 26, 40, 42, 62, 78], [129.63197785664056], [20]))
    (2, ([76, 13, 49, 1, 37, 31, 67, 8, 44, 19, 10, 55, 46, 20, 5, 56, 41, 34, 70, 15, 51, 3, 32, 68, 39, 18, 54, 81, 79], [127.79524557091635], [28]))
    (3, ([77, 36, 72, 24, 60, 11, 47, 22, 7, 58, 43, 27, 63, 23, 59, 29, 65, 17, 53, 14, 50, 83, 33, 69, 80], [123.31778352065794], [22])))

T best obj: 501.937763618046
T best iteration: 196
T total iterations: 300
T best time [s]: 0.233
T total time [s]: 0.2765
