EADARP version 2def-dirty
ARGS: --ifile=EADARP/instances/b1/a3-36.txt --odir=EADARP/out/a3-36 --oname=run93
Settings:
--alns_gamma=0.025
--alns_segment_size=100
--alns_sigma1=10
--alns_sigma2=9
--alns_sigma3=3
--at_most_one_s=false
--gamma=-1.0
--ifile=EADARP/instances/b1/a3-36.txt
--insert_charging_otf=true
--insert_cost_noise=0.014
--lns_init_temp_factor=0.0
--lns_temp_dec_factor=0.99
--mh_checkit=false
--mh_lfreq=0
--mh_lnewinc=true
--mh_tciter=-1
--mh_tctime=-1.0
--mh_titer=300
--mh_tobj=-1.0
--mh_ttime=-1.0
--odir=EADARP/out/a3-36
--oname=run93
--only_single_s_visits=true
--repair_max_routes=0
--seed=1563197865
--use_milp_in_otf=0
--xcheck_isfeasible=false

EADARPInstance(EADARP/instances/b1/a3-36.txt, n=36, n_K=3, S=[81, 82, 83], Q=14.85, n_F=3, γ=0.7, T_plan=720.0, F=[78, 79, 80])

T preprocessing time [s]: 0.62983
I       iter             best          obj_old          obj_new        time              method info
I          1     100001.00000     100036.00000     100001.00000      0.0421                 con 
I         21        540.49512     100001.00000        540.49512      0.1537        drrr_15+rroi 
I         23        537.79305        540.49512        537.79305      0.1612        drrr_15+rroi 
I         26        523.57479        537.79305        523.57479      0.1720        drrr_15+rroi 
I         38        522.03711        523.57479        522.03711      0.1824        drrr_15+rrri 
I         73        521.30510        522.03711        521.30510      0.1966        drrr_15+rroi 
I         92        520.68400        521.30510        520.68400      0.2060         drrr_15+rrg 
I        108        519.24219        520.68400        519.24219      0.2093        drrr_15+rrri 
I        110        517.98193        519.24219        517.98193      0.2097        drrr_15+rroi 
I        112        517.77143        517.98193        517.77143      0.2099        drrr_15+rroi 
I        170        517.09129        517.77143        517.09129      0.2248        drrr_15+rroi 
I        188        511.45631        517.09129        511.45631      0.2375        drrr_15+rrri 
I        190        508.52618        511.45631        508.52618      0.2379        drrr_15+rrri 
I        194        507.76460        508.52618        507.76460      0.2416        drrr_15+rroi 
I        281        503.98778        507.76460        503.98778      0.2590        drrr_15+rroi 
I        300        503.98778        503.98778     100003.00000      0.2615        drrr_15+rrri 

Method statistics
S  method    iter  succ  succ-rate%  tot-obj-gain  avg-obj-gain  rel-succ%  net-time  net-time%  brut-time  brut-time%
S  con          1     1   100.00000     -35.00000     -35.00000    3.44828   0.04205   16.07825    0.04205    16.07825
S  drrr_15    299    14     4.68227  -99497.01222    -332.76593   48.27586   0.00265    1.01312    0.00265     1.01312
S  rrg         94     1     1.06383      -0.62111      -0.00661    3.44828   0.08141   31.12760    0.08141    31.12760
S  rroi        96     9     9.37500  -99484.84651   -1036.30048   31.03448   0.05193   19.85453    0.05193    19.85453
S  rrri       109     4     3.66972     -11.54460      -0.10591   13.79310   0.08266   31.60554    0.08266    31.60554
S  SUM/AVG    599    29     4.84140 -199029.02444    -332.26882   20.00000   0.26071   99.67903    0.26071    99.67903

T best solution: EADARPSolution(t_routing=628.102, t_excess=131.644, obj_val=503.988, obj_val_valid=true,
    unserved_requests=Int64[], F_visited=[80, 79, 78], S_visited=[81, 82, 83],
    (1, ([75, 13, 49, 24, 60, 16, 52, 2, 38, 27, 63, 23, 59, 29, 65, 28, 64, 34, 70, 14, 50, 83, 33, 69, 78], [125.95868777686026], [22]))
    (2, ([76, 36, 72, 11, 47, 22, 7, 58, 43, 35, 25, 61, 71, 9, 30, 66, 45, 17, 53, 12, 48, 82, 4, 6, 26, 40, 42, 62, 79], [133.49027938682164], [22]))
    (3, ([77, 21, 57, 1, 37, 31, 67, 8, 44, 19, 10, 55, 46, 20, 5, 56, 41, 15, 51, 3, 32, 68, 39, 18, 54, 81, 80], [125.65343944982665], [26])))

T best obj: 503.9877797339249
T best iteration: 281
T total iterations: 300
T best time [s]: 0.259
T total time [s]: 0.2615
