EADARP version 2def-dirty
ARGS: --ifile=EADARP/instances/b1/a3-36.txt --odir=EADARP/out/a3-36 --oname=run98
Settings:
--alns_gamma=0.025
--alns_segment_size=100
--alns_sigma1=10
--alns_sigma2=9
--alns_sigma3=3
--at_most_one_s=false
--gamma=-1.0
--ifile=EADARP/instances/b1/a3-36.txt
--insert_charging_otf=true
--insert_cost_noise=0.014
--lns_init_temp_factor=0.0
--lns_temp_dec_factor=0.99
--mh_checkit=false
--mh_lfreq=0
--mh_lnewinc=true
--mh_tciter=-1
--mh_tctime=-1.0
--mh_titer=300
--mh_tobj=-1.0
--mh_ttime=-1.0
--odir=EADARP/out/a3-36
--oname=run98
--only_single_s_visits=true
--repair_max_routes=0
--seed=1117299278
--use_milp_in_otf=0
--xcheck_isfeasible=false

EADARPInstance(EADARP/instances/b1/a3-36.txt, n=36, n_K=3, S=[81, 82, 83], Q=14.85, n_F=3, γ=0.7, T_plan=720.0, F=[78, 79, 80])

T preprocessing time [s]: 0.60528
I       iter             best          obj_old          obj_new        time              method info
I          1     100001.00000     100036.00000     100001.00000      0.0425                 con 
I        109        530.84123     100001.00000        530.84123      0.2462        drrr_15+rroi 
I        114        530.24335        530.84123        530.24335      0.2475        drrr_15+rrri 
I        127        519.62015        530.24335        519.62015      0.2508        drrr_15+rrri 
I        137        514.23924        519.62015        514.23924      0.2545        drrr_15+rroi 
I        204        512.06601        514.23924        512.06601      0.2833        drrr_15+rrri 
I        205        510.25927        512.06601        510.25927      0.2834        drrr_15+rroi 
I        219        509.00192        510.25927        509.00192      0.2851        drrr_15+rroi 
I        223        508.80875        509.00192        508.80875      0.2869        drrr_15+rroi 
I        237        506.36207        508.80875        506.36207      0.2911        drrr_15+rrri 
I        240        499.71241        506.36207        499.71241      0.2966        drrr_15+rrri 
I        253        499.70903        499.71241        499.70903      0.2986        drrr_15+rrri 
I        300        499.70903        499.70903     100001.00000      0.3076         drrr_15+rrg 

Method statistics
S  method    iter  succ  succ-rate%  tot-obj-gain  avg-obj-gain  rel-succ%  net-time  net-time%  brut-time  brut-time%
S  con          1     1   100.00000     -35.00000     -35.00000    4.34783   0.04245   13.79875    0.04245    13.79875
S  drrr_15    299    11     3.67893  -99501.29097    -332.78024   47.82609   0.00339    1.10066    0.00339     1.10066
S  rrg        121     0     0.00000       0.00000       0.00000    0.00000   0.09916   32.23683    0.09916    32.23683
S  rroi        92     5     5.43478  -99478.79693   -1081.29127   21.73913   0.05991   19.47705    0.05991    19.47705
S  rrri        86     6     6.97674     -22.49403      -0.26156   26.08696   0.10199   33.15427    0.10199    33.15427
S  SUM/AVG    599    23     3.83973 -199037.58194    -332.28311   20.00000   0.30690   99.76756    0.30690    99.76756

T best solution: EADARPSolution(t_routing=630.191, t_excess=108.262, obj_val=499.709, obj_val_valid=true,
    unserved_requests=Int64[], F_visited=[78, 79, 80], S_visited=[83, 81, 82],
    (1, ([75, 21, 57, 1, 37, 31, 67, 8, 44, 19, 10, 55, 46, 20, 56, 29, 65, 12, 48, 82, 4, 6, 26, 40, 42, 62, 78], [120.80725439227867], [20]))
    (2, ([76, 13, 49, 11, 47, 22, 7, 58, 43, 27, 63, 23, 59, 28, 64, 34, 70, 15, 51, 32, 68, 83, 79], [129.93222264721652], [22]))
    (3, ([77, 36, 72, 24, 60, 16, 52, 2, 38, 35, 25, 61, 71, 9, 30, 45, 66, 17, 5, 41, 53, 81, 14, 50, 3, 39, 18, 54, 33, 69, 80], [136.45179232935428], [22])))

T best obj: 499.7090323410607
T best iteration: 253
T total iterations: 300
T best time [s]: 0.299
T total time [s]: 0.3076
