EADARP version 2def-dirty
ARGS: --ifile=EADARP/instances/b1/a2-20.txt --odir=EADARP/out/a2-20 --oname=run71
Settings:
--alns_gamma=0.025
--alns_segment_size=100
--alns_sigma1=10
--alns_sigma2=9
--alns_sigma3=3
--at_most_one_s=false
--gamma=-1.0
--ifile=EADARP/instances/b1/a2-20.txt
--insert_charging_otf=true
--insert_cost_noise=0.014
--lns_init_temp_factor=0.0
--lns_temp_dec_factor=0.99
--mh_checkit=false
--mh_lfreq=0
--mh_lnewinc=true
--mh_tciter=-1
--mh_tctime=-1.0
--mh_titer=300
--mh_tobj=-1.0
--mh_ttime=-1.0
--odir=EADARP/out/a2-20
--oname=run71
--only_single_s_visits=true
--repair_max_routes=0
--seed=285799383
--use_milp_in_otf=0
--xcheck_isfeasible=false

EADARPInstance(EADARP/instances/b1/a2-20.txt, n=20, n_K=2, S=[47, 48, 49], Q=14.85, n_F=2, γ=0.7, T_plan=600.0, F=[45, 46])

T preprocessing time [s]: 0.20013
I       iter             best          obj_old          obj_new        time              method info
I          1     100001.00000     100020.00000     100001.00000      0.0237                 con 
I        300     100001.00000     100001.00000     100002.00000      0.1342        drrr_15+rroi 

Method statistics
S  method    iter  succ  succ-rate%  tot-obj-gain  avg-obj-gain  rel-succ%  net-time  net-time%  brut-time  brut-time%
S  con          1     1   100.00000     -19.00000     -19.00000  100.00000   0.02366   17.62649    0.02366    17.62649
S  drrr_15    299     0     0.00000       0.00000       0.00000    0.00000   0.00093    0.69458    0.00093     0.69458
S  rrg         96     0     0.00000       0.00000       0.00000    0.00000   0.04478   33.35713    0.04478    33.35713
S  rroi       116     0     0.00000       0.00000       0.00000    0.00000   0.01716   12.78378    0.01716    12.78378
S  rrri        87     0     0.00000       0.00000       0.00000    0.00000   0.04732   35.24943    0.04732    35.24943
S  SUM/AVG    599     1     0.16694     -19.00000      -0.03172   20.00000   0.13386   99.71141    0.13386    99.71141

T best solution: EADARPSolution(t_routing=-1.0, t_excess=-1.0, obj_val=100001.0, obj_val_valid=true,
    unserved_requests=[9], F_visited=[45, 46], S_visited=[49, 47, 48],
    (1, ([43, 17, 37, 49, 6, 16, 26, 36, 15, 35, 13, 4, 24, 33, 5, 8, 25, 28, 14, 34, 20, 40, 1, 21, 47, 45], [14.132819968088883, 109.05015125073135], [4, 25]))
    (2, ([44, 12, 19, 39, 32, 3, 23, 48, 2, 22, 7, 27, 18, 38, 11, 10, 31, 30, 46], [44.01070604043608], [8])))

T best obj: 100001.0
T best iteration: 1
T total iterations: 300
T best time [s]: 0.024
T total time [s]: 0.1342
