EADARP version 2def-dirty
ARGS: --ifile=EADARP/instances/b1/a2-20.txt --odir=EADARP/out/a2-20 --oname=run88
Settings:
--alns_gamma=0.025
--alns_segment_size=100
--alns_sigma1=10
--alns_sigma2=9
--alns_sigma3=3
--at_most_one_s=false
--gamma=-1.0
--ifile=EADARP/instances/b1/a2-20.txt
--insert_charging_otf=true
--insert_cost_noise=0.014
--lns_init_temp_factor=0.0
--lns_temp_dec_factor=0.99
--mh_checkit=false
--mh_lfreq=0
--mh_lnewinc=true
--mh_tciter=-1
--mh_tctime=-1.0
--mh_titer=300
--mh_tobj=-1.0
--mh_ttime=-1.0
--odir=EADARP/out/a2-20
--oname=run88
--only_single_s_visits=true
--repair_max_routes=0
--seed=1360787615
--use_milp_in_otf=0
--xcheck_isfeasible=false

EADARPInstance(EADARP/instances/b1/a2-20.txt, n=20, n_K=2, S=[47, 48, 49], Q=14.85, n_F=2, γ=0.7, T_plan=600.0, F=[45, 46])

T preprocessing time [s]: 0.18814
I       iter             best          obj_old          obj_new        time              method info
I          1     100002.00000     100020.00000     100002.00000      0.0305                 con 
I          3     100001.00000     100002.00000     100001.00000      0.0339         drrr_15+rrg 
I         43        294.10680     100001.00000        294.10680      0.0638        drrr_15+rrri 
I        118        293.26634        294.10680        293.26634      0.0884        drrr_15+rrri 
I        300        293.26634        293.26634     100001.00000      0.1168        drrr_15+rroi 

Method statistics
S  method    iter  succ  succ-rate%  tot-obj-gain  avg-obj-gain  rel-succ%  net-time  net-time%  brut-time  brut-time%
S  con          1     1   100.00000     -18.00000     -18.00000   14.28571   0.03044   26.05996    0.03044    26.05996
S  drrr_15    299     3     1.00334  -99708.73366    -333.47403   42.85714   0.00096    0.82327    0.00096     0.82327
S  rrg         95     1     1.05263      -1.00000      -0.01053   14.28571   0.03510   30.05218    0.03510    30.05218
S  rroi       115     0     0.00000       0.00000       0.00000    0.00000   0.01871   16.02154    0.01871    16.02154
S  rrri        89     2     2.24719  -99707.73366   -1120.31161   28.57143   0.03111   26.63908    0.03111    26.63908
S  SUM/AVG    599     7     1.16861 -199435.46731    -332.94736   20.00000   0.11632   99.59602    0.11632    99.59602

T best solution: EADARPSolution(t_routing=372.954, t_excess=54.202, obj_val=293.266, obj_val_valid=true,
    unserved_requests=Int64[], F_visited=[45, 46], S_visited=[48, 47, 49],
    (1, ([43, 17, 37, 15, 35, 3, 23, 48, 8, 28, 14, 34, 20, 40, 1, 21, 7, 27, 18, 38, 11, 31, 47, 45], [84.88959464091381, 33.14143648801263], [8, 23]))
    (2, ([44, 6, 16, 26, 36, 12, 19, 39, 32, 13, 4, 24, 33, 5, 25, 2, 22, 49, 9, 10, 29, 30, 46], [92.9232617187138], [18])))

T best obj: 293.2663443824067
T best iteration: 118
T total iterations: 300
T best time [s]: 0.088
T total time [s]: 0.1168
