EADARP version e957-dirty
ARGS: ["--prepthreshold=0.375", "--only_single_s_visits=0", "--gamma=0.7", "--ifile=EADARP/instances/l1/a5-60.txt", "--odir=EADARP/out/l1-s0-g0.7", "--oname=a5-60_0.375_19"]
Settings:
--alns_gamma=0.025
--alns_segment_size=100
--alns_sigma1=10
--alns_sigma2=9
--alns_sigma3=3
--at_most_one_s=false
--gamma=0.7
--ifile=EADARP/instances/l1/a5-60.txt
--infeasible_arcs=EADARP/infeasible_arcs
--insert_charging_otf=true
--insert_cost_noise=0.014
--lns_init_temp_factor=0.0
--lns_temp_dec_factor=0.99
--log_all_sols_fname=
--mh_checkit=false
--mh_lfreq=0
--mh_lnewinc=true
--mh_tciter=-1
--mh_tctime=-1.0
--mh_titer=30000
--mh_tobj=-1.0
--mh_ttime=-1.0
--odir=EADARP/out/l1-s0-g0.7
--ofile=
--oname=a5-60_0.375_19
--only_single_s_visits=false
--prepthreshold=0.375
--repair_max_routes=0
--route_based_ops=0
--seed=514501915
--tightened_windows=EADARP/tightened_windows
--use_milp_in_otf=0
--xcheck_isfeasible=false

EADARPInstance(EADARP/instances/l1/a5-60.txt, n=60, n_K=5, S=[133, 134, 135], Q=14.85, n_F=5, γ=0.7, T_plan=720.0, F=[128, 129, 130, 131, 132])

T preprocessing time [s]: 2.36242
I       iter             best          obj_old          obj_new        time              method info
I          1        819.01472     100060.00000        819.01472      0.0971                 con 
I          2        787.63433        819.01472        787.63433      0.1250         drrr_15+rrg 
I          3        785.56816        787.63433        785.56816      0.1415         drrr_15+rrg 
I          4        778.35470        785.56816        778.35470      0.1567        drrr_15+rroi 
I          5        771.84741        778.35470        771.84741      0.1711        drrr_15+rroi 
I          7        765.54969        771.84741        765.54969      0.1910        drrr_15+rrri 
I         10        765.28844        765.54969        765.28844      0.2251        drrr_15+rroi 
I         11        764.37479        765.28844        764.37479      0.2362        drrr_15+rroi 
I         14        760.78048        764.37479        760.78048      0.2606        drrr_15+rrri 
I         16        758.31100        760.78048        758.31100      0.2742         drrr_15+rrg 
I         21        756.32687        758.31100        756.32687      0.3051        drrr_15+rroi 
I         24        755.72797        756.32687        755.72797      0.3186         drrr_15+rrg 
I         27        755.16426        755.72797        755.16426      0.3312         drrr_15+rrg 
I         32        753.44170        755.16426        753.44170      0.3454        drrr_15+rroi 
I         38        753.17198        753.44170        753.17198      0.3829         drrr_15+rrg 
I         43        747.83500        753.17198        747.83500      0.3992        drrr_15+rrri 
I         49        743.28325        747.83500        743.28325      0.4096        drrr_15+rrri 
I         51        738.52503        743.28325        738.52503      0.4185         drrr_15+rrg 
I         52        733.74011        738.52503        733.74011      0.4219        drrr_15+rroi 
I         56        733.69509        733.74011        733.69509      0.4322        drrr_15+rrri 
I         60        732.74943        733.69509        732.74943      0.4400        drrr_15+rroi 
I         66        729.88542        732.74943        729.88542      0.4557        drrr_15+rroi 
I         91        727.23906        729.88542        727.23906      0.5415        drrr_15+rrri 
I        102        726.74787        727.23906        726.74787      0.5603         drrr_15+rrg 
I        105        726.47228        726.74787        726.47228      0.5621        drrr_15+rrri 
I        110        725.58388        726.47228        725.58388      0.5792        drrr_15+rrri 
I        114        725.49989        725.58388        725.49989      0.5853        drrr_15+rroi 
I        116        723.39410        725.49989        723.39410      0.5866        drrr_15+rroi 
I        119        718.81459        723.39410        718.81459      0.5929        drrr_15+rroi 
I        127        718.38289        718.81459        718.38289      0.6106        drrr_15+rroi 
I        143        718.33933        718.38289        718.33933      0.6399        drrr_15+rroi 
I        144        717.91950        718.33933        717.91950      0.6412         drrr_15+rrg 
I        146        717.31552        717.91950        717.31552      0.6455        drrr_15+rrri 
I        229        715.64794        717.31552        715.64794      0.7404        drrr_15+rroi 
I        262        714.44345        715.64794        714.44345      0.7887        drrr_15+rroi 
I        274        713.89222        714.44345        713.89222      0.7984         drrr_15+rrg 
I        278        713.38841        713.89222        713.38841      0.8017         drrr_15+rrg 
I        363        712.04960        713.38841        712.04960      0.8941         drrr_15+rrg 
I        368        710.76161        712.04960        710.76161      0.8995         drrr_15+rrg 
I        439        707.45776        710.76161        707.45776      0.9811        drrr_15+rrri 
I        449        707.29270        707.45776        707.29270      0.9908        drrr_15+rrri 
I        733        707.00139        707.29270        707.00139      1.3178        drrr_15+rrri 
I        791        706.39986        707.00139        706.39986      1.5577        drrr_15+rrri 
I       1008        705.50599        706.39986        705.50599      1.7808         drrr_15+rrg 
I       1401        704.89395        705.50599        704.89395      2.1992        drrr_15+rrri 
I       1429        700.58908        704.89395        700.58908      2.2302        drrr_15+rrri 
I       1453        699.82029        700.58908        699.82029      2.2577        drrr_15+rroi 
I       7720        699.53668        699.82029        699.53668      8.3617        drrr_15+rrri 
I       9229        699.52962        699.53668        699.52962      9.7165         drrr_15+rrg 
I       9235        698.18264        699.52962        698.18264      9.7231        drrr_15+rroi 
I       9241        697.07201        698.18264        697.07201      9.7310        drrr_15+rrri 
I       9269        697.06875        697.07201        697.06875      9.7582         drrr_15+rrg 
I       9279        697.04528        697.06875        697.04528      9.7671         drrr_15+rrg 
I      11401        696.93254        697.04528        696.93254     11.8351        drrr_15+rrri 
I      12316        695.11876        696.93254        695.11876     12.6796        drrr_15+rrri 
I      14182        695.10244        695.11876        695.10244     14.5117         drrr_15+rrg 
I      30000        695.10244        695.10244        722.74997     29.4710         drrr_15+rrg 

Method statistics
S  method    iter  succ  succ-rate%  tot-obj-gain  avg-obj-gain  rel-succ%  net-time  net-time%  brut-time  brut-time%
S  con          1     1   100.00000  -99240.98528  -99240.98528    0.90090   0.09705    0.32932    0.09705     0.32932
S  drrr_15  29999    55     0.18334    -123.91229      -0.00413   49.54955   0.90864    3.08316    0.90864     3.08316
S  rrg      10003    18     0.17995     -47.64343      -0.00476   16.21622  15.62649   53.02306   15.62649    53.02306
S  rroi     10007    18     0.17987     -39.42932      -0.00394   16.21622   6.17684   20.95895    6.17684    20.95895
S  rrri      9989    19     0.19021     -36.83953      -0.00369   17.11712   6.46205   21.92674    6.46205    21.92674
S  SUM/AVG  59999   111     0.18500  -99488.80985      -1.65817   20.00000  29.27107   99.32123   29.27107    99.32123

T best solution: EADARPSolution(t_routing=876.798, t_excess=150.016, obj_val=695.102, obj_val_valid=true,
    unserved_requests=Int64[], F_visited=[129, 130, 132, 128, 131], S_visited=Int64[],
    (1, ([123, 21, 81, 59, 12, 119, 72, 11, 27, 71, 87, 33, 32, 93, 92, 5, 65, 41, 101, 37, 97, 133, 128], [98.22142666821519], [22]))
    (2, ([124, 40, 100, 30, 90, 23, 83, 20, 80, 1, 61, 55, 115, 7, 67, 60, 120, 47, 107, 22, 29, 82, 10, 89, 70, 31, 91, 46, 58, 118, 106, 133, 129], [102.15647675584563], [32]))
    (3, ([125, 52, 112, 28, 88, 49, 2, 109, 62, 39, 99, 3, 63, 53, 113, 13, 73, 44, 9, 104, 69, 133, 48, 108, 18, 26, 86, 78, 25, 85, 133, 130], [77.56649244389507, 38.18238931902334], [22, 31]))
    (4, ([126, 38, 8, 68, 98, 43, 16, 103, 57, 76, 117, 56, 116, 24, 84, 134, 42, 102, 4, 64, 15, 75, 36, 96, 14, 74, 19, 79, 133, 131], [65.58120623850584, 44.67698606189855], [16, 29]))
    (5, ([127, 54, 114, 45, 105, 51, 111, 34, 94, 6, 66, 50, 17, 77, 110, 35, 95, 133, 132], [45.41299038093887], [18])))

T best obj: 695.1024352013615
T best iteration: 14182
T total iterations: 30000
T best time [s]: 14.512
T total time [s]: 29.4711
