EADARP version e957-dirty
ARGS: ["--prepthreshold=0.625", "--only_single_s_visits=0", "--gamma=0.7", "--ifile=EADARP/instances/l1/a5-60.txt", "--odir=EADARP/out/l1-s0-g0.7", "--oname=a5-60_0.625_15"]
Settings:
--alns_gamma=0.025
--alns_segment_size=100
--alns_sigma1=10
--alns_sigma2=9
--alns_sigma3=3
--at_most_one_s=false
--gamma=0.7
--ifile=EADARP/instances/l1/a5-60.txt
--infeasible_arcs=EADARP/infeasible_arcs
--insert_charging_otf=true
--insert_cost_noise=0.014
--lns_init_temp_factor=0.0
--lns_temp_dec_factor=0.99
--log_all_sols_fname=
--mh_checkit=false
--mh_lfreq=0
--mh_lnewinc=true
--mh_tciter=-1
--mh_tctime=-1.0
--mh_titer=30000
--mh_tobj=-1.0
--mh_ttime=-1.0
--odir=EADARP/out/l1-s0-g0.7
--ofile=
--oname=a5-60_0.625_15
--only_single_s_visits=false
--prepthreshold=0.625
--repair_max_routes=0
--route_based_ops=0
--seed=173812043
--tightened_windows=EADARP/tightened_windows
--use_milp_in_otf=0
--xcheck_isfeasible=false

EADARPInstance(EADARP/instances/l1/a5-60.txt, n=60, n_K=5, S=[133, 134, 135], Q=14.85, n_F=5, γ=0.7, T_plan=720.0, F=[128, 129, 130, 131, 132])

T preprocessing time [s]: 2.44426
I       iter             best          obj_old          obj_new        time              method info
I          1        831.89237     100060.00000        831.89237      0.1145                 con 
I          2        800.36412        831.89237        800.36412      0.1353         drrr_15+rrg 
I          5        771.93042        800.36412        771.93042      0.1721        drrr_15+rrri 
I          6        769.10662        771.93042        769.10662      0.1831        drrr_15+rroi 
I          7        761.91753        769.10662        761.91753      0.1962        drrr_15+rroi 
I          9        757.25730        761.91753        757.25730      0.2167         drrr_15+rrg 
I         10        751.59250        757.25730        751.59250      0.2306         drrr_15+rrg 
I         11        749.96839        751.59250        749.96839      0.2340        drrr_15+rrri 
I         13        742.52680        749.96839        742.52680      0.2503        drrr_15+rroi 
I         18        739.21322        742.52680        739.21322      0.2835        drrr_15+rrri 
I         19        734.31611        739.21322        734.31611      0.2962        drrr_15+rrri 
I         22        730.75874        734.31611        730.75874      0.3177         drrr_15+rrg 
I         27        728.79618        730.75874        728.79618      0.3377        drrr_15+rroi 
I         31        726.56681        728.79618        726.56681      0.3671        drrr_15+rrri 
I         46        718.03466        726.56681        718.03466      0.4102        drrr_15+rrri 
I         50        716.52390        718.03466        716.52390      0.4309        drrr_15+rrri 
I         67        711.68196        716.52390        711.68196      0.4856         drrr_15+rrg 
I         75        710.45698        711.68196        710.45698      0.5087         drrr_15+rrg 
I         78        709.95317        710.45698        709.95317      0.5175        drrr_15+rrri 
I         85        709.55682        709.95317        709.55682      0.5379         drrr_15+rrg 
I        138        708.74210        709.55682        708.74210      0.6381         drrr_15+rrg 
I        193        708.21549        708.74210        708.21549      0.7130         drrr_15+rrg 
I       3169        707.91611        708.21549        707.91611      3.8976         drrr_15+rrg 
I       3180        707.71837        707.91611        707.71837      3.9065        drrr_15+rrri 
I       3227        707.48032        707.71837        707.48032      3.9542        drrr_15+rrri 
I       3272        707.08357        707.48032        707.08357      4.0068        drrr_15+rroi 
I       3279        704.52077        707.08357        704.52077      4.0200        drrr_15+rroi 
I       3284        703.26273        704.52077        703.26273      4.0237        drrr_15+rroi 
I       4407        703.13066        703.26273        703.13066      5.1126        drrr_15+rrri 
I       4426        702.63601        703.13066        702.63601      5.1346        drrr_15+rrri 
I       4428        702.20431        702.63601        702.20431      5.1358        drrr_15+rroi 
I      21741        698.55342        702.20431        698.55342     20.3341         drrr_15+rrg 
I      21918        697.09821        698.55342        697.09821     20.4876         drrr_15+rrg 
I      24320        694.08987        697.09821        694.08987     22.5920         drrr_15+rrg 
I      25320        694.01384        694.08987        694.01384     23.4503        drrr_15+rroi 
I      25332        693.59402        694.01384        693.59402     23.4634         drrr_15+rrg 
I      25358        693.44016        693.59402        693.44016     23.4853        drrr_15+rrri 
I      30000        693.44016        693.44016        693.44016     27.5617        drrr_15+rroi 

Method statistics
S  method    iter  succ  succ-rate%  tot-obj-gain  avg-obj-gain  rel-succ%  net-time  net-time%  brut-time  brut-time%
S  con          1     1   100.00000  -99228.10763  -99228.10763    1.36986   0.11440    0.41506    0.11440     0.41506
S  drrr_15  29999    36     0.12000    -138.45221      -0.00462   49.31507   0.87547    3.17641    0.87547     3.17641
S  rrg       9928    14     0.14102     -62.04888      -0.00625   19.17808  14.39362   52.22323   14.39362    52.22323
S  rroi     10113     9     0.08899     -24.14236      -0.00239   12.32877   5.79170   21.01358    5.79170    21.01358
S  rrri      9958    13     0.13055     -52.26097      -0.00525   17.80822   6.07786   22.05182    6.07786    22.05182
S  SUM/AVG  59999    73     0.12167  -99505.01205      -1.65844   20.00000  27.25305   98.88009   27.25305    98.88009

T best solution: EADARPSolution(t_routing=857.485, t_excess=201.305, obj_val=693.44, obj_val_valid=true,
    unserved_requests=Int64[], F_visited=[128, 129, 131, 132, 130], S_visited=Int64[],
    (1, ([123, 21, 52, 112, 81, 59, 12, 119, 72, 51, 111, 33, 32, 93, 15, 92, 75, 134, 50, 17, 77, 110, 35, 95, 133, 128], [22.21229865226027, 93.79432897274991], [18, 25]))
    (2, ([124, 54, 1, 114, 61, 55, 115, 7, 67, 60, 120, 47, 107, 48, 108, 18, 26, 86, 78, 25, 85, 133, 129], [46.058676516220764], [22]))
    (3, ([125, 38, 8, 68, 98, 43, 103, 16, 57, 76, 117, 56, 116, 24, 84, 42, 102, 4, 64, 22, 29, 82, 10, 89, 70, 31, 91, 46, 58, 118, 106, 133, 130], [114.74470833178354], [32]))
    (4, ([126, 40, 100, 30, 90, 28, 88, 49, 2, 109, 62, 39, 45, 105, 99, 11, 27, 71, 87, 13, 73, 44, 9, 104, 69, 135, 36, 96, 14, 74, 19, 79, 133, 131], [110.13292670925614, 9.28278583699441], [26, 33]))
    (5, ([127, 23, 83, 20, 80, 3, 63, 53, 113, 34, 94, 6, 66, 5, 65, 41, 101, 37, 97, 133, 132], [56.259574984772485], [20])))

T best obj: 693.4401606284702
T best iteration: 25358
T total iterations: 30000
T best time [s]: 23.485
T total time [s]: 27.5617
