EADARP version e957-dirty
ARGS: ["--prepthreshold=0.375", "--only_single_s_visits=0", "--gamma=0.7", "--ifile=EADARP/instances/l1/a5-60.txt", "--odir=EADARP/out/l1-s0-g0.7", "--oname=a5-60_0.375_09"]
Settings:
--alns_gamma=0.025
--alns_segment_size=100
--alns_sigma1=10
--alns_sigma2=9
--alns_sigma3=3
--at_most_one_s=false
--gamma=0.7
--ifile=EADARP/instances/l1/a5-60.txt
--infeasible_arcs=EADARP/infeasible_arcs
--insert_charging_otf=true
--insert_cost_noise=0.014
--lns_init_temp_factor=0.0
--lns_temp_dec_factor=0.99
--log_all_sols_fname=
--mh_checkit=false
--mh_lfreq=0
--mh_lnewinc=true
--mh_tciter=-1
--mh_tctime=-1.0
--mh_titer=30000
--mh_tobj=-1.0
--mh_ttime=-1.0
--odir=EADARP/out/l1-s0-g0.7
--ofile=
--oname=a5-60_0.375_09
--only_single_s_visits=false
--prepthreshold=0.375
--repair_max_routes=0
--route_based_ops=0
--seed=218302163
--tightened_windows=EADARP/tightened_windows
--use_milp_in_otf=0
--xcheck_isfeasible=false

EADARPInstance(EADARP/instances/l1/a5-60.txt, n=60, n_K=5, S=[133, 134, 135], Q=14.85, n_F=5, γ=0.7, T_plan=720.0, F=[128, 129, 130, 131, 132])

T preprocessing time [s]: 3.02773
I       iter             best          obj_old          obj_new        time              method info
I          1        805.19713     100060.00000        805.19713      0.1020                 con 
I          2        800.61191        805.19713        800.61191      0.1154        drrr_15+rrri 
I          3        799.14212        800.61191        799.14212      0.1404         drrr_15+rrg 
I          4        785.61215        799.14212        785.61215      0.1645        drrr_15+rroi 
I          7        767.51942        785.61215        767.51942      0.1943         drrr_15+rrg 
I          8        762.07867        767.51942        762.07867      0.2168        drrr_15+rroi 
I          9        755.75430        762.07867        755.75430      0.2474        drrr_15+rroi 
I         13        746.25265        755.75430        746.25265      0.2910        drrr_15+rroi 
I         18        742.82048        746.25265        742.82048      0.3276        drrr_15+rroi 
I         23        742.70023        742.82048        742.70023      0.3456         drrr_15+rrg 
I         29        742.42412        742.70023        742.42412      0.3794         drrr_15+rrg 
I         32        740.52059        742.42412        740.52059      0.3999        drrr_15+rroi 
I         33        737.08609        740.52059        737.08609      0.4048         drrr_15+rrg 
I         37        730.73559        737.08609        730.73559      0.4270        drrr_15+rrri 
I         38        729.11608        730.73559        729.11608      0.4278        drrr_15+rrri 
I         40        728.51333        729.11608        728.51333      0.4379         drrr_15+rrg 
I         52        725.75344        728.51333        725.75344      0.4832         drrr_15+rrg 
I         55        722.76717        725.75344        722.76717      0.4931        drrr_15+rrri 
I         77        722.02071        722.76717        722.02071      0.5327         drrr_15+rrg 
I         80        720.87603        722.02071        720.87603      0.5364         drrr_15+rrg 
I        122        716.39099        720.87603        716.39099      0.6594        drrr_15+rroi 
I        215        709.43919        716.39099        709.43919      0.8139        drrr_15+rroi 
I        229        705.87259        709.43919        705.87259      0.8349        drrr_15+rroi 
I        258        705.68652        705.87259        705.68652      0.8996        drrr_15+rroi 
I        270        705.55037        705.68652        705.55037      0.9199         drrr_15+rrg 
I       1063        704.21420        705.55037        704.21420      1.9094        drrr_15+rrri 
I      30000        704.21420        704.21420        704.21420     30.1534         drrr_15+rrg 

Method statistics
S  method    iter  succ  succ-rate%  tot-obj-gain  avg-obj-gain  rel-succ%  net-time  net-time%  brut-time  brut-time%
S  con          1     1   100.00000  -99254.80287  -99254.80287    1.96078   0.10195    0.33809    0.10195     0.33809
S  drrr_15  29999    25     0.08334    -100.98293      -0.00337   49.01961   0.99766    3.30859    0.99766     3.30859
S  rrg       9943    10     0.10057     -28.78330      -0.00289   19.60784  15.47766   51.32951   15.47766    51.32951
S  rroi     10006    10     0.09994     -55.32196      -0.00553   19.60784   6.41147   21.26273    6.41147    21.26273
S  rrri     10050     5     0.04975     -16.87767      -0.00168    9.80392   6.90461   22.89818    6.90461    22.89818
S  SUM/AVG  59999    51     0.08500  -99456.76873      -1.65764   20.00000  29.89334   99.13711   29.89334    99.13711

T best solution: EADARPSolution(t_routing=872.995, t_excess=197.871, obj_val=704.214, obj_val_valid=true,
    unserved_requests=Int64[], F_visited=[129, 131, 130, 132, 128], S_visited=Int64[],
    (1, ([123, 52, 112, 16, 57, 76, 117, 7, 67, 56, 116, 24, 84, 51, 111, 34, 94, 46, 58, 118, 106, 133, 128], [40.65653789230807], [22]))
    (2, ([124, 21, 81, 28, 88, 23, 83, 54, 1, 114, 61, 55, 115, 133, 42, 102, 5, 29, 89, 65, 14, 74, 19, 79, 129], [92.60811461272213], [14]))
    (3, ([125, 40, 100, 30, 90, 49, 2, 109, 62, 39, 45, 105, 99, 11, 27, 71, 87, 60, 120, 47, 107, 48, 108, 135, 36, 96, 35, 95, 133, 130], [13.682567743437533, 93.79432897274991], [24, 29]))
    (4, ([126, 38, 8, 68, 98, 43, 103, 59, 12, 119, 72, 134, 6, 66, 4, 64, 22, 82, 50, 17, 110, 77, 18, 26, 86, 78, 25, 85, 133, 131], [94.71666818275192, 24.92503168272461], [12, 29]))
    (5, ([127, 134, 20, 80, 3, 63, 53, 113, 13, 73, 44, 9, 104, 69, 33, 32, 93, 15, 92, 75, 10, 70, 31, 91, 41, 101, 37, 97, 133, 132], [3.519285520008804, 104.09289022799783], [2, 29])))

T best obj: 704.2141991860732
T best iteration: 1063
T total iterations: 30000
T best time [s]: 1.909
T total time [s]: 30.1535
