EADARP version e957-dirty
ARGS: ["--prepthreshold=0.500", "--only_single_s_visits=0", "--gamma=0.7", "--ifile=EADARP/instances/l1/a5-60.txt", "--odir=EADARP/out/l1-s0-g0.7", "--oname=a5-60_0.500_00"]
Settings:
--alns_gamma=0.025
--alns_segment_size=100
--alns_sigma1=10
--alns_sigma2=9
--alns_sigma3=3
--at_most_one_s=false
--gamma=0.7
--ifile=EADARP/instances/l1/a5-60.txt
--infeasible_arcs=EADARP/infeasible_arcs
--insert_charging_otf=true
--insert_cost_noise=0.014
--lns_init_temp_factor=0.0
--lns_temp_dec_factor=0.99
--log_all_sols_fname=
--mh_checkit=false
--mh_lfreq=0
--mh_lnewinc=true
--mh_tciter=-1
--mh_tctime=-1.0
--mh_titer=30000
--mh_tobj=-1.0
--mh_ttime=-1.0
--odir=EADARP/out/l1-s0-g0.7
--ofile=
--oname=a5-60_0.500_00
--only_single_s_visits=false
--prepthreshold=0.5
--repair_max_routes=0
--route_based_ops=0
--seed=470030643
--tightened_windows=EADARP/tightened_windows
--use_milp_in_otf=0
--xcheck_isfeasible=false

EADARPInstance(EADARP/instances/l1/a5-60.txt, n=60, n_K=5, S=[133, 134, 135], Q=14.85, n_F=5, γ=0.7, T_plan=720.0, F=[128, 129, 130, 131, 132])

T preprocessing time [s]: 3.11742
I       iter             best          obj_old          obj_new        time              method info
I          1        833.28515     100060.00000        833.28515      0.1165                 con 
I          3        818.25438        833.28515        818.25438      0.1632        drrr_15+rrri 
I          4        791.12726        818.25438        791.12726      0.1769        drrr_15+rrri 
I         11        777.85938        791.12726        777.85938      0.2891         drrr_15+rrg 
I         12        773.88030        777.85938        773.88030      0.3193        drrr_15+rrri 
I         13        773.46048        773.88030        773.46048      0.3309        drrr_15+rroi 
I         15        767.05848        773.46048        767.05848      0.3803        drrr_15+rroi 
I         20        757.52426        767.05848        757.52426      0.4185         drrr_15+rrg 
I         21        754.50816        757.52426        754.50816      0.4192        drrr_15+rroi 
I         22        743.91387        754.50816        743.91387      0.4263         drrr_15+rrg 
I         25        741.76474        743.91387        741.76474      0.4674        drrr_15+rrri 
I         27        737.28012        741.76474        737.28012      0.5221         drrr_15+rrg 
I         28        736.34720        737.28012        736.34720      0.5332         drrr_15+rrg 
I         29        734.41972        736.34720        734.41972      0.5461        drrr_15+rroi 
I         32        731.75117        734.41972        731.75117      0.5705        drrr_15+rroi 
I         33        727.49839        731.75117        727.49839      0.5732        drrr_15+rrri 
I         34        727.44664        727.49839        727.44664      0.5758        drrr_15+rroi 
I         36        727.06396        727.44664        727.06396      0.5899        drrr_15+rroi 
I         42        724.04710        727.06396        724.04710      0.6153        drrr_15+rrri 
I        103        721.61111        724.04710        721.61111      0.7430         drrr_15+rrg 
I        104        720.96662        721.61111        720.96662      0.7458        drrr_15+rrri 
I        105        720.54679        720.96662        720.54679      0.7528         drrr_15+rrg 
I        111        720.11509        720.54679        720.11509      0.7885        drrr_15+rrri 
I        140        719.94971        720.11509        719.94971      0.8587        drrr_15+rrri 
I        143        713.27093        719.94971        713.27093      0.8626        drrr_15+rroi 
I        195        713.15884        713.27093        713.15884      0.9630         drrr_15+rrg 
I        227        710.84044        713.15884        710.84044      1.0092         drrr_15+rrg 
I        510        710.48042        710.84044        710.48042      1.6600        drrr_15+rroi 
I        613        708.87577        710.48042        708.87577      1.7882         drrr_15+rrg 
I        745        707.63592        708.87577        707.63592      1.9586         drrr_15+rrg 
I        818        707.04012        707.63592        707.04012      2.0437        drrr_15+rrri 
I       1191        706.20265        707.04012        706.20265      2.4494        drrr_15+rroi 
I       1234        704.09776        706.20265        704.09776      2.4946         drrr_15+rrg 
I       1245        704.03873        704.09776        704.03873      2.5145        drrr_15+rrri 
I       1463        703.73539        704.03873        703.73539      2.7768        drrr_15+rroi 
I       1607        703.05053        703.73539        703.05053      2.9381        drrr_15+rrri 
I      10965        702.25626        703.05053        702.25626     12.4772        drrr_15+rrri 
I      30000        702.25626        702.25626        729.98298     31.2588         drrr_15+rrg 

Method statistics
S  method    iter  succ  succ-rate%  tot-obj-gain  avg-obj-gain  rel-succ%  net-time  net-time%  brut-time  brut-time%
S  con          1     1   100.00000  -99226.71485  -99226.71485    1.36986   0.11637    0.37229    0.11637     0.37229
S  drrr_15  29999    36     0.12000    -131.02889      -0.00437   49.31507   0.95146    3.04379    0.95146     3.04379
S  rrg       9996    12     0.12005     -49.04963      -0.00491   16.43836  16.14356   51.64457   16.14356    51.64457
S  rroi     10091    11     0.10901     -23.04799      -0.00228   15.06849   6.85586   21.93247    6.85586    21.93247
S  rrri      9912    13     0.13115     -58.93127      -0.00595   17.80822   6.96747   22.28950    6.96747    22.28950
S  SUM/AVG  59999    73     0.12167  -99488.77263      -1.65817   20.00000  31.03472   99.28263   31.03472    99.28263

T best solution: EADARPSolution(t_routing=877.077, t_excess=177.793, obj_val=702.256, obj_val_valid=true,
    unserved_requests=Int64[], F_visited=[129, 132, 131, 130, 128], S_visited=Int64[],
    (1, ([123, 52, 112, 28, 88, 49, 2, 109, 62, 55, 115, 7, 67, 135, 60, 120, 47, 107, 48, 108, 36, 96, 14, 74, 19, 79, 128], [59.14826724381819], [14]))
    (2, ([124, 38, 8, 68, 98, 43, 16, 103, 57, 76, 117, 56, 116, 24, 84, 42, 102, 4, 64, 29, 10, 89, 70, 31, 91, 41, 101, 37, 97, 133, 129], [103.79145042994055], [30]))
    (3, ([125, 54, 114, 45, 105, 51, 111, 34, 94, 33, 32, 93, 15, 92, 75, 50, 17, 77, 110, 35, 95, 133, 130], [87.00877247812835], [22]))
    (4, ([126, 21, 81, 59, 12, 119, 72, 11, 27, 71, 87, 53, 113, 13, 73, 22, 82, 5, 65, 133, 131], [87.23963346271285], [20]))
    (5, ([127, 40, 100, 30, 90, 23, 83, 20, 80, 1, 61, 39, 99, 3, 63, 134, 6, 44, 66, 9, 104, 69, 46, 58, 118, 106, 18, 26, 86, 78, 25, 85, 133, 132], [105.0277227891051, 29.861515252507605], [16, 33])))

T best obj: 702.2562602025821
T best iteration: 10965
T total iterations: 30000
T best time [s]: 12.477
T total time [s]: 31.2590
