EADARP version e957-dirty
ARGS: ["--prepthreshold=0.625", "--only_single_s_visits=0", "--gamma=0.7", "--ifile=EADARP/instances/l1/a5-60.txt", "--odir=EADARP/out/l1-s0-g0.7", "--oname=a5-60_0.625_02"]
Settings:
--alns_gamma=0.025
--alns_segment_size=100
--alns_sigma1=10
--alns_sigma2=9
--alns_sigma3=3
--at_most_one_s=false
--gamma=0.7
--ifile=EADARP/instances/l1/a5-60.txt
--infeasible_arcs=EADARP/infeasible_arcs
--insert_charging_otf=true
--insert_cost_noise=0.014
--lns_init_temp_factor=0.0
--lns_temp_dec_factor=0.99
--log_all_sols_fname=
--mh_checkit=false
--mh_lfreq=0
--mh_lnewinc=true
--mh_tciter=-1
--mh_tctime=-1.0
--mh_titer=30000
--mh_tobj=-1.0
--mh_ttime=-1.0
--odir=EADARP/out/l1-s0-g0.7
--ofile=
--oname=a5-60_0.625_02
--only_single_s_visits=false
--prepthreshold=0.625
--repair_max_routes=0
--route_based_ops=0
--seed=679962456
--tightened_windows=EADARP/tightened_windows
--use_milp_in_otf=0
--xcheck_isfeasible=false

EADARPInstance(EADARP/instances/l1/a5-60.txt, n=60, n_K=5, S=[133, 134, 135], Q=14.85, n_F=5, γ=0.7, T_plan=720.0, F=[128, 129, 130, 131, 132])

T preprocessing time [s]: 3.22807
I       iter             best          obj_old          obj_new        time              method info
I          1        808.45239     100060.00000        808.45239      0.1429                 con 
I          2        790.47723        808.45239        790.47723      0.1599        drrr_15+rroi 
I          3        772.89089        790.47723        772.89089      0.2122         drrr_15+rrg 
I          4        768.39018        772.89089        768.39018      0.2270        drrr_15+rroi 
I          6        762.61428        768.39018        762.61428      0.2773         drrr_15+rrg 
I          8        756.49983        762.61428        756.49983      0.2948        drrr_15+rrri 
I          9        755.55448        756.49983        755.55448      0.2975        drrr_15+rroi 
I         11        742.98156        755.55448        742.98156      0.3184        drrr_15+rroi 
I         12        742.80936        742.98156        742.80936      0.3296         drrr_15+rrg 
I         14        742.69893        742.80936        742.69893      0.3527         drrr_15+rrg 
I         21        741.97621        742.69893        741.97621      0.3895         drrr_15+rrg 
I         22        741.20494        741.97621        741.20494      0.3958        drrr_15+rrri 
I         27        734.63869        741.20494        734.63869      0.4470        drrr_15+rroi 
I         36        734.03486        734.63869        734.03486      0.4934        drrr_15+rrri 
I         43        733.70932        734.03486        733.70932      0.5285         drrr_15+rrg 
I         54        732.24112        733.70932        732.24112      0.5772        drrr_15+rroi 
I         57        732.03475        732.24112        732.03475      0.5921        drrr_15+rroi 
I         62        728.18800        732.03475        728.18800      0.6370        drrr_15+rrri 
I         75        725.16821        728.18800        725.16821      0.6968        drrr_15+rrri 
I        194        720.92187        725.16821        720.92187      0.9580        drrr_15+rrri 
I        262        720.60616        720.92187        720.60616      1.0842        drrr_15+rroi 
I        264        720.27744        720.60616        720.27744      1.0869        drrr_15+rrri 
I        272        715.79792        720.27744        715.79792      1.1049        drrr_15+rroi 
I        276        713.60761        715.79792        713.60761      1.1101        drrr_15+rroi 
I        317        713.34336        713.60761        713.34336      1.3993        drrr_15+rroi 
I        319        713.31712        713.34336        713.31712      1.4009        drrr_15+rrri 
I        341        711.96399        713.31712        711.96399      1.4282        drrr_15+rroi 
I        344        709.41876        711.96399        709.41876      1.4425         drrr_15+rrg 
I        351        709.17229        709.41876        709.17229      1.4704         drrr_15+rrg 
I        359        706.41088        709.17229        706.41088      1.4828        drrr_15+rroi 
I        512        705.99105        706.41088        705.99105      1.6896         drrr_15+rrg 
I       2507        705.48807        705.99105        705.48807      3.9174        drrr_15+rroi 
I       2515        705.23816        705.48807        705.23816      3.9403         drrr_15+rrg 
I       2612        704.94102        705.23816        704.94102      4.1202         drrr_15+rrg 
I       6192        704.76700        704.94102        704.76700      8.0037        drrr_15+rroi 
I       6258        704.34717        704.76700        704.34717      8.0713         drrr_15+rrg 
I       6984        703.06431        704.34717        703.06431      8.8043        drrr_15+rrri 
I       7678        702.45235        703.06431        702.45235      9.4413        drrr_15+rrri 
I       9369        700.56619        702.45235        700.56619     11.0412        drrr_15+rrri 
I       9426        700.54273        700.56619        700.54273     11.1608        drrr_15+rrri 
I       9439        700.14637        700.54273        700.14637     11.1732        drrr_15+rroi 
I      23454        699.83353        700.14637        699.83353     24.5234        drrr_15+rrri 
I      23515        699.81613        699.83353        699.81613     24.5781        drrr_15+rrri 
I      23841        699.57244        699.81613        699.57244     24.8809        drrr_15+rrri 
I      30000        699.57244        699.57244        703.48524     30.8987         drrr_15+rrg 

Method statistics
S  method    iter  succ  succ-rate%  tot-obj-gain  avg-obj-gain  rel-succ%  net-time  net-time%  brut-time  brut-time%
S  con          1     1   100.00000  -99251.54761  -99251.54761    1.14943   0.14280    0.46214    0.14280     0.46214
S  drrr_15  29999    43     0.14334    -108.87995      -0.00363   49.42529   1.07604    3.48246    1.07604     3.48246
S  rrg      10108    12     0.11872     -28.87152      -0.00286   13.79310  15.82515   51.21604   15.82515    51.21604
S  rroi      9960    16     0.16064     -56.67266      -0.00569   18.39080   6.62817   21.45120    6.62817    21.45120
S  rrri      9931    15     0.15104     -23.33577      -0.00235   17.24138   6.90561   22.34911    6.90561    22.34911
S  SUM/AVG  59999    87     0.14500  -99469.30751      -1.65785   20.00000  30.57776   98.96095   30.57776    98.96095

T best solution: EADARPSolution(t_routing=876.008, t_excess=170.267, obj_val=699.572, obj_val_valid=true,
    unserved_requests=Int64[], F_visited=[131, 132, 130, 128, 129], S_visited=Int64[],
    (1, ([123, 38, 8, 68, 98, 43, 103, 16, 57, 76, 117, 56, 116, 24, 84, 51, 111, 34, 94, 33, 32, 93, 15, 92, 75, 5, 65, 133, 128], [135.43189322579542], [28]))
    (2, ([124, 23, 83, 20, 80, 1, 61, 55, 115, 7, 67, 60, 120, 47, 107, 48, 108, 31, 91, 41, 101, 37, 97, 133, 129], [75.42629755035307], [24]))
    (3, ([125, 21, 52, 112, 81, 59, 12, 119, 72, 11, 27, 71, 87, 53, 113, 13, 73, 44, 9, 104, 69, 46, 58, 118, 106, 133, 130], [100.28632901892627], [26]))
    (4, ([126, 54, 114, 45, 105, 42, 102, 4, 64, 50, 17, 77, 110, 35, 95, 14, 74, 19, 79, 133, 131], [44.24269024431787], [20]))
    (5, ([127, 40, 100, 30, 90, 28, 88, 49, 2, 109, 62, 39, 99, 3, 63, 134, 6, 66, 22, 29, 82, 10, 89, 70, 36, 96, 18, 26, 86, 78, 25, 85, 133, 132], [92.30671675691856, 23.313653965641507], [16, 33])))

T best obj: 699.5724392045188
T best iteration: 23841
T total iterations: 30000
T best time [s]: 24.881
T total time [s]: 30.8988
