EADARP version e957-dirty
ARGS: ["--prepthreshold=0.375", "--only_single_s_visits=0", "--gamma=0.7", "--ifile=EADARP/instances/l1/a5-60.txt", "--odir=EADARP/out/l1-s0-g0.7", "--oname=a5-60_0.375_13"]
Settings:
--alns_gamma=0.025
--alns_segment_size=100
--alns_sigma1=10
--alns_sigma2=9
--alns_sigma3=3
--at_most_one_s=false
--gamma=0.7
--ifile=EADARP/instances/l1/a5-60.txt
--infeasible_arcs=EADARP/infeasible_arcs
--insert_charging_otf=true
--insert_cost_noise=0.014
--lns_init_temp_factor=0.0
--lns_temp_dec_factor=0.99
--log_all_sols_fname=
--mh_checkit=false
--mh_lfreq=0
--mh_lnewinc=true
--mh_tciter=-1
--mh_tctime=-1.0
--mh_titer=30000
--mh_tobj=-1.0
--mh_ttime=-1.0
--odir=EADARP/out/l1-s0-g0.7
--ofile=
--oname=a5-60_0.375_13
--only_single_s_visits=false
--prepthreshold=0.375
--repair_max_routes=0
--route_based_ops=0
--seed=2124151421
--tightened_windows=EADARP/tightened_windows
--use_milp_in_otf=0
--xcheck_isfeasible=false

EADARPInstance(EADARP/instances/l1/a5-60.txt, n=60, n_K=5, S=[133, 134, 135], Q=14.85, n_F=5, γ=0.7, T_plan=720.0, F=[128, 129, 130, 131, 132])

T preprocessing time [s]: 3.05008
I       iter             best          obj_old          obj_new        time              method info
I          1        796.08650     100060.00000        796.08650      0.1139                 con 
I          2        794.10254        796.08650        794.10254      0.1331         drrr_15+rrg 
I          3        754.72879        794.10254        754.72879      0.1633         drrr_15+rrg 
I          4        738.44474        754.72879        738.44474      0.1808        drrr_15+rrri 
I          8        736.57760        738.44474        736.57760      0.2255        drrr_15+rrri 
I         16        735.09917        736.57760        735.09917      0.2967        drrr_15+rroi 
I         17        732.83158        735.09917        732.83158      0.3026        drrr_15+rrri 
I         19        729.14916        732.83158        729.14916      0.3212         drrr_15+rrg 
I         53        726.95283        729.14916        726.95283      0.4317        drrr_15+rrri 
I         79        726.21639        726.95283        726.21639      0.4969        drrr_15+rroi 
I         88        724.40750        726.21639        724.40750      0.5217         drrr_15+rrg 
I        114        722.99084        724.40750        722.99084      0.5825         drrr_15+rrg 
I        222        722.57102        722.99084        722.57102      0.7593        drrr_15+rroi 
I        275        722.54051        722.57102        722.54051      0.8409         drrr_15+rrg 
I        280        721.83711        722.54051        721.83711      0.8495        drrr_15+rrri 
I        296        721.09698        721.83711        721.09698      0.9231         drrr_15+rrg 
I        309        717.11646        721.09698        717.11646      0.9998        drrr_15+rroi 
I        332        717.08595        717.11646        717.08595      1.0427        drrr_15+rrri 
I        705        716.98099        717.08595        716.98099      1.5050        drrr_15+rroi 
I        715        716.22048        716.98099        716.22048      1.5171         drrr_15+rrg 
I        728        716.18996        716.22048        716.18996      1.5425         drrr_15+rrg 
I        761        715.82412        716.18996        715.82412      1.5787         drrr_15+rrg 
I        771        715.79361        715.82412        715.79361      1.5919        drrr_15+rroi 
I        819        713.34139        715.79361        713.34139      1.6565        drrr_15+rrri 
I        839        713.31088        713.34139        713.31088      1.6759        drrr_15+rrri 
I        847        712.22106        713.31088        712.22106      1.6823        drrr_15+rrri 
I        852        711.16398        712.22106        711.16398      1.6855        drrr_15+rroi 
I        908        710.73227        711.16398        710.73227      1.7490        drrr_15+rroi 
I        923        710.70176        710.73227        710.70176      1.7617         drrr_15+rrg 
I       1126        709.94613        710.70176        709.94613      2.0256        drrr_15+rrri 
I       1181        709.91562        709.94613        709.91562      2.1121        drrr_15+rroi 
I       1182        705.82337        709.91562        705.82337      2.1128        drrr_15+rrri 
I       3611        702.50099        705.82337        702.50099      4.9026         drrr_15+rrg 
I      30000        702.50099        702.50099        708.99336     31.1648         drrr_15+rrg 

Method statistics
S  method    iter  succ  succ-rate%  tot-obj-gain  avg-obj-gain  rel-succ%  net-time  net-time%  brut-time  brut-time%
S  con          1     1   100.00000  -99263.91350  -99263.91350    1.53846   0.11379    0.36511    0.11379     0.36511
S  drrr_15  29999    32     0.10667     -93.58552      -0.00312   49.23077   1.04274    3.34587    1.04274     3.34587
S  rrg      10218    12     0.11744     -53.54609      -0.00524   18.46154  16.15778   51.84593   16.15778    51.84593
S  rroi      9810     9     0.09174      -8.26999      -0.00084   13.84615   6.54778   21.01004    6.54778    21.01004
S  rrri      9971    11     0.11032     -31.76943      -0.00319   16.92308   7.07104   22.68905    7.07104    22.68905
S  SUM/AVG  59999    65     0.10834  -99451.08453      -1.65755   20.00000  30.93313   99.25599   30.93313    99.25599

T best solution: EADARPSolution(t_routing=888.373, t_excess=144.884, obj_val=702.501, obj_val_valid=true,
    unserved_requests=Int64[], F_visited=[128, 130, 132, 131, 129], S_visited=Int64[],
    (1, ([123, 40, 100, 30, 90, 23, 83, 20, 80, 1, 61, 39, 99, 3, 63, 53, 113, 33, 32, 93, 92, 5, 65, 133, 128], [85.62528439826617], [24]))
    (2, ([124, 38, 8, 68, 98, 43, 103, 59, 12, 119, 72, 134, 51, 111, 34, 94, 6, 66, 15, 75, 50, 17, 77, 110, 35, 95, 133, 129], [54.22123978055124, 93.79432897274991], [12, 27]))
    (3, ([125, 21, 81, 28, 88, 49, 2, 109, 62, 55, 115, 7, 67, 135, 60, 120, 47, 107, 22, 29, 82, 10, 89, 70, 31, 91, 14, 74, 19, 79, 133, 130], [87.08462556915151, 10.871905401419985], [14, 31]))
    (4, ([126, 52, 112, 16, 57, 76, 117, 56, 116, 45, 105, 11, 27, 71, 87, 13, 73, 44, 9, 104, 69, 41, 101, 37, 97, 133, 131], [84.34310616807923], [26]))
    (5, ([127, 54, 114, 24, 84, 42, 102, 4, 64, 48, 108, 135, 36, 96, 58, 46, 118, 106, 18, 26, 86, 78, 25, 85, 133, 132], [14.416063886681897, 53.01687751707186], [12, 25])))

T best obj: 702.5009862800202
T best iteration: 3611
T total iterations: 30000
T best time [s]: 4.903
T total time [s]: 31.1650
