EADARP version e957-dirty
ARGS: ["--prepthreshold=0.500", "--only_single_s_visits=0", "--gamma=0.7", "--ifile=EADARP/instances/l1/a5-60.txt", "--odir=EADARP/out/l1-s0-g0.7", "--oname=a5-60_0.500_03"]
Settings:
--alns_gamma=0.025
--alns_segment_size=100
--alns_sigma1=10
--alns_sigma2=9
--alns_sigma3=3
--at_most_one_s=false
--gamma=0.7
--ifile=EADARP/instances/l1/a5-60.txt
--infeasible_arcs=EADARP/infeasible_arcs
--insert_charging_otf=true
--insert_cost_noise=0.014
--lns_init_temp_factor=0.0
--lns_temp_dec_factor=0.99
--log_all_sols_fname=
--mh_checkit=false
--mh_lfreq=0
--mh_lnewinc=true
--mh_tciter=-1
--mh_tctime=-1.0
--mh_titer=30000
--mh_tobj=-1.0
--mh_ttime=-1.0
--odir=EADARP/out/l1-s0-g0.7
--ofile=
--oname=a5-60_0.500_03
--only_single_s_visits=false
--prepthreshold=0.5
--repair_max_routes=0
--route_based_ops=0
--seed=624825239
--tightened_windows=EADARP/tightened_windows
--use_milp_in_otf=0
--xcheck_isfeasible=false

EADARPInstance(EADARP/instances/l1/a5-60.txt, n=60, n_K=5, S=[133, 134, 135], Q=14.85, n_F=5, γ=0.7, T_plan=720.0, F=[128, 129, 130, 131, 132])

T preprocessing time [s]: 2.48767
I       iter             best          obj_old          obj_new        time              method info
I          1        783.03931     100060.00000        783.03931      0.0996                 con 
I          3        768.95619        783.03931        768.95619      0.1367         drrr_15+rrg 
I         10        751.10937        768.95619        751.10937      0.2261        drrr_15+rrri 
I         13        750.03588        751.10937        750.03588      0.2437        drrr_15+rroi 
I         14        747.02121        750.03588        747.02121      0.2490         drrr_15+rrg 
I         15        746.88668        747.02121        746.88668      0.2512        drrr_15+rroi 
I         17        730.47789        746.88668        730.47789      0.2579        drrr_15+rrri 
I         22        727.64204        730.47789        727.64204      0.2753        drrr_15+rroi 
I         24        726.36514        727.64204        726.36514      0.2773         drrr_15+rrg 
I         25        724.41192        726.36514        724.41192      0.2780        drrr_15+rrri 
I         27        721.78724        724.41192        721.78724      0.2945         drrr_15+rrg 
I         29        716.43643        721.78724        716.43643      0.3131         drrr_15+rrg 
I         37        716.00472        716.43643        716.00472      0.3447        drrr_15+rroi 
I         51        715.96432        716.00472        715.96432      0.3811        drrr_15+rroi 
I         52        715.75933        715.96432        715.75933      0.3817        drrr_15+rroi 
I         60        714.16839        715.75933        714.16839      0.4064        drrr_15+rroi 
I         63        713.78571        714.16839        713.78571      0.4172        drrr_15+rroi 
I        181        712.87469        713.78571        712.87469      0.6450        drrr_15+rrri 
I        238        712.81346        712.87469        712.81346      0.7203        drrr_15+rroi 
I        246        712.64417        712.81346        712.64417      0.7418        drrr_15+rrri 
I        254        711.58001        712.64417        711.58001      0.7536         drrr_15+rrg 
I        506        710.05442        711.58001        710.05442      1.0459         drrr_15+rrg 
I        516        709.91357        710.05442        709.91357      1.0602         drrr_15+rrg 
I        526        709.75589        709.91357        709.75589      1.0670        drrr_15+rroi 
I        529        709.67303        709.75589        709.67303      1.0743        drrr_15+rrri 
I        949        708.26052        709.67303        708.26052      1.5574         drrr_15+rrg 
I        986        708.23215        708.26052        708.23215      1.5972        drrr_15+rroi 
I       1007        707.83580        708.23215        707.83580      1.6354        drrr_15+rroi 
I       1857        706.88964        707.83580        706.88964      2.5759         drrr_15+rrg 
I       2487        704.91769        706.88964        704.91769      3.1612        drrr_15+rrri 
I       2533        702.78716        704.91769        702.78716      3.2227        drrr_15+rroi 
I      30000        702.78716        702.78716        714.96139     26.2015        drrr_15+rrri 

Method statistics
S  method    iter  succ  succ-rate%  tot-obj-gain  avg-obj-gain  rel-succ%  net-time  net-time%  brut-time  brut-time%
S  con          1     1   100.00000  -99276.96069  -99276.96069    1.63934   0.09958    0.38005    0.09958     0.38005
S  drrr_15  29999    30     0.10000     -80.25215      -0.00268   49.18033   0.82048    3.13140    0.82048     3.13140
S  rrg       9964    10     0.10036     -31.43946      -0.00316   16.39344  13.92859   53.15927   13.92859    53.15927
S  rroi      9989    13     0.13014      -9.46873      -0.00095   21.31148   5.42587   20.70815    5.42587    20.70815
S  rrri     10046     7     0.06968     -39.34395      -0.00392   11.47541   5.75696   21.97179    5.75696    21.97179
S  SUM/AVG  59999    61     0.10167  -99437.46499      -1.65732   20.00000  26.03148   99.35065   26.03148    99.35065

T best solution: EADARPSolution(t_routing=881.979, t_excess=165.212, obj_val=702.787, obj_val_valid=true,
    unserved_requests=Int64[], F_visited=[129, 132, 131, 130, 128], S_visited=Int64[],
    (1, ([123, 40, 100, 30, 90, 28, 88, 49, 2, 109, 62, 55, 115, 7, 67, 60, 120, 47, 107, 50, 17, 77, 110, 35, 95, 133, 128], [71.60734573183888], [26]))
    (2, ([124, 23, 83, 20, 80, 1, 61, 39, 99, 3, 63, 6, 66, 9, 69, 135, 36, 96, 14, 74, 19, 79, 129], [78.71713740546798], [16]))
    (3, ([125, 38, 8, 68, 98, 43, 103, 16, 57, 76, 117, 56, 116, 24, 84, 42, 102, 4, 44, 64, 104, 134, 48, 108, 18, 26, 86, 78, 25, 85, 133, 130], [77.95311495997208, 38.75951220093058], [22, 31]))
    (4, ([126, 134, 21, 52, 112, 81, 59, 12, 119, 72, 11, 27, 71, 87, 53, 113, 13, 73, 22, 29, 82, 10, 89, 70, 31, 91, 46, 58, 118, 106, 133, 131], [5.2885201488196, 114.89106080687554], [2, 31]))
    (5, ([127, 54, 114, 45, 105, 51, 111, 34, 94, 33, 32, 93, 15, 92, 75, 5, 65, 41, 101, 37, 97, 133, 132], [89.76221731044694], [22])))

T best obj: 702.7871616915058
T best iteration: 2533
T total iterations: 30000
T best time [s]: 3.223
T total time [s]: 26.2016
