EADARP version 585c-dirty
ARGS: --ifile=EADARP/instances/l1/a5-60.txt --infeasible_arcs=EADARP/infeasible_arcs --gamma=0.7 --only_single_s_visits=false --odir=EADARP/out/a5-60 --oname=run1
Settings:
--alns_gamma=0.025
--alns_segment_size=100
--alns_sigma1=10
--alns_sigma2=9
--alns_sigma3=3
--at_most_one_s=false
--gamma=0.7
--ifile=EADARP/instances/l1/a5-60.txt
--infeasible_arcs=EADARP/infeasible_arcs
--insert_charging_otf=true
--insert_cost_noise=0.014
--lns_init_temp_factor=0.0
--lns_temp_dec_factor=0.99
--mh_checkit=false
--mh_lfreq=0
--mh_lnewinc=true
--mh_tciter=-1
--mh_tctime=-1.0
--mh_titer=30000
--mh_tobj=-1.0
--mh_ttime=-1.0
--odir=EADARP/out/a5-60
--oname=run1
--only_single_s_visits=false
--repair_max_routes=0
--seed=726392735
--use_milp_in_otf=0
--xcheck_isfeasible=false

EADARPInstance(EADARP/instances/l1/a5-60.txt, n=60, n_K=5, S=[133, 134, 135], Q=14.85, n_F=5, γ=0.7, T_plan=720.0, F=[128, 129, 130, 131, 132])

T preprocessing time [s]: 2.02543
I       iter             best          obj_old          obj_new        time              method info
I          1        814.93331     100060.00000        814.93331      0.1554                 con 
I          2        794.02590        814.93331        794.02590      0.1890         drrr_15+rrg 
I          3        785.48649        794.02590        785.48649      0.2217        drrr_15+rroi 
I          5        770.92030        785.48649        770.92030      0.3113         drrr_15+rrg 
I          6        762.21079        770.92030        762.21079      0.3316        drrr_15+rroi 
I          8        749.60932        762.21079        749.60932      0.3601        drrr_15+rroi 
I          9        748.10273        749.60932        748.10273      0.4058         drrr_15+rrg 
I         10        744.29407        748.10273        744.29407      0.4296        drrr_15+rroi 
I         17        733.88534        744.29407        733.88534      0.4905        drrr_15+rroi 
I         18        730.53245        733.88534        730.53245      0.4965         drrr_15+rrg 
I         21        726.77460        730.53245        726.77460      0.5551        drrr_15+rrri 
I         22        724.94969        726.77460        724.94969      0.5612         drrr_15+rrg 
I         27        724.56702        724.94969        724.56702      0.6234        drrr_15+rrri 
I         36        724.17066        724.56702        724.17066      0.6799         drrr_15+rrg 
I         48        718.49869        724.17066        718.49869      0.7354        drrr_15+rrri 
I         49        718.38593        718.49869        718.38593      0.7370        drrr_15+rrri 
I         80        716.71462        718.38593        716.71462      0.8118         drrr_15+rrg 
I         92        715.25838        716.71462        715.25838      0.8681         drrr_15+rrg 
I         93        708.79651        715.25838        708.79651      0.8702        drrr_15+rrri 
I        208        707.81837        708.79651        707.81837      1.0581        drrr_15+rrri 
I        215        704.88795        707.81837        704.88795      1.0706        drrr_15+rrri 
I        254        703.68597        704.88795        703.68597      1.1162        drrr_15+rroi 
I        259        703.68597        703.68597        703.68597      1.1204        drrr_15+rrri 
I        292        702.50896        703.68597        702.50896      1.1717        drrr_15+rroi 
I        299        699.27183        702.50896        699.27183      1.1774        drrr_15+rrri 
I        300        699.27183        699.27183        699.27183      1.1777        drrr_15+rrri 
I       1020        698.57881        699.27183        698.57881      1.7232        drrr_15+rroi 
I       1027        698.00661        698.57881        698.00661      1.7253         drrr_15+rrg 
I       1096        696.39173        698.00661        696.39173      1.7863         drrr_15+rrg 
I       1097        696.00906        696.39173        696.00906      1.7865        drrr_15+rrri 
I      30000        696.00906        696.00906        730.71803     11.8269         drrr_15+rrg 

Method statistics
S  method    iter  succ  succ-rate%  tot-obj-gain  avg-obj-gain  rel-succ%  net-time  net-time%  brut-time  brut-time%
S  con          1     1   100.00000  -99245.06669  -99245.06669    1.69492   0.15542    1.31414    0.15542     1.31414
S  drrr_15  29999    29     0.09667    -118.92426      -0.00396   49.15254   0.28096    2.37558    0.28096     2.37558
S  rrg      10049    10     0.09951     -47.86899      -0.00476   16.94915   5.48202   46.35206    5.48202    46.35206
S  rroi      9932     8     0.08055     -47.13978      -0.00475   13.55932   2.51768   21.28768    2.51768    21.28768
S  rrri     10018    11     0.10980     -23.91548      -0.00239   18.64407   3.33088   28.16356    3.33088    28.16356
S  SUM/AVG  59999    59     0.09833  -99482.91520      -1.65808   20.00000  11.76696   99.49301   11.76696    99.49301

T best solution: EADARPSolution(t_routing=862.596, t_excess=196.25, obj_val=696.009, obj_val_valid=true,
    unserved_requests=Int64[], F_visited=[131, 132, 129, 128, 130], S_visited=Int64[],
    (1, ([123, 49, 2, 109, 62, 39, 45, 105, 99, 11, 27, 71, 87, 13, 73, 22, 29, 82, 10, 89, 70, 31, 91, 46, 58, 118, 106, 133, 128], [103.13115682910052], [28]))
    (2, ([124, 21, 52, 112, 81, 59, 12, 119, 72, 51, 111, 34, 94, 6, 66, 50, 17, 77, 110, 35, 95, 133, 129], [82.06931817658145], [22]))
    (3, ([125, 40, 100, 30, 90, 28, 88, 23, 83, 54, 1, 114, 61, 55, 115, 7, 67, 60, 120, 47, 107, 9, 69, 135, 36, 96, 14, 74, 19, 79, 130], [91.42589404960148], [24]))
    (4, ([126, 20, 80, 3, 63, 53, 113, 33, 32, 93, 15, 92, 75, 5, 65, 41, 101, 37, 97, 133, 131], [64.25652820853699], [20]))
    (5, ([127, 38, 8, 68, 98, 43, 103, 16, 57, 76, 117, 56, 116, 24, 84, 42, 102, 4, 44, 64, 104, 134, 48, 108, 18, 26, 86, 78, 25, 85, 133, 132], [77.95311495997208, 38.75951220093058], [22, 31])))

T best obj: 696.0090555791724
T best iteration: 1097
T total iterations: 30000
T best time [s]: 1.787
T total time [s]: 11.8269
