EADARP version 2def-dirty
ARGS: --ifile=EADARP/instances/l1/a5-60.txt --odir=EADARP/out/a5-60 --oname=run27
Settings:
--alns_gamma=0.025
--alns_segment_size=100
--alns_sigma1=10
--alns_sigma2=9
--alns_sigma3=3
--at_most_one_s=false
--gamma=-1.0
--ifile=EADARP/instances/l1/a5-60.txt
--insert_charging_otf=true
--insert_cost_noise=0.014
--lns_init_temp_factor=0.0
--lns_temp_dec_factor=0.99
--mh_checkit=false
--mh_lfreq=0
--mh_lnewinc=true
--mh_tciter=-1
--mh_tctime=-1.0
--mh_titer=300
--mh_tobj=-1.0
--mh_ttime=-1.0
--odir=EADARP/out/a5-60
--oname=run27
--only_single_s_visits=true
--repair_max_routes=0
--seed=359016986
--use_milp_in_otf=0
--xcheck_isfeasible=false

EADARPInstance(EADARP/instances/l1/a5-60.txt, n=60, n_K=5, S=[133, 134, 135], Q=14.85, n_F=5, γ=0.7, T_plan=720.0, F=[128, 129, 130, 131, 132])

T preprocessing time [s]: 1.80748
I       iter             best          obj_old          obj_new        time              method info
I          1     100010.00000     100060.00000     100010.00000      0.1558                 con 
I          4     100009.00000     100010.00000     100009.00000      0.2901        drrr_15+rroi 
I         25     100008.00000     100009.00000     100008.00000      0.7326        drrr_15+rroi 
I         60     100007.00000     100008.00000     100007.00000      1.0903        drrr_15+rroi 
I         79     100006.00000     100007.00000     100006.00000      1.3287        drrr_15+rrri 
I         94     100005.00000     100006.00000     100005.00000      1.4303        drrr_15+rrri 
I         97     100004.00000     100005.00000     100004.00000      1.4596        drrr_15+rrri 
I        111     100003.00000     100004.00000     100003.00000      1.6164        drrr_15+rroi 
I        300     100003.00000     100003.00000     100003.00000      2.1300        drrr_15+rroi 

Method statistics
S  method    iter  succ  succ-rate%  tot-obj-gain  avg-obj-gain  rel-succ%  net-time  net-time%  brut-time  brut-time%
S  con          1     1   100.00000     -50.00000     -50.00000    6.66667   0.15575    7.31235    0.15575     7.31235
S  drrr_15    299     7     2.34114      -7.00000      -0.02341   46.66667   0.00544    0.25556    0.00544     0.25556
S  rrg         92     0     0.00000       0.00000       0.00000    0.00000   0.62446   29.31743    0.62446    29.31743
S  rroi       107     4     3.73832      -4.00000      -0.03738   26.66667   0.71946   33.77735    0.71946    33.77735
S  rrri       100     3     3.00000      -3.00000      -0.03000   20.00000   0.62353   29.27389    0.62353    29.27389
S  SUM/AVG    599    15     2.50417     -64.00000      -0.10684   20.00000   2.12865   99.93658    2.12865    99.93658

T best solution: EADARPSolution(t_routing=-1.0, t_excess=-1.0, obj_val=100003.0, obj_val_valid=true,
    unserved_requests=[59, 5, 35], F_visited=[132, 131, 130, 128, 129], S_visited=[133, 134, 135],
    (1, ([123, 23, 83, 54, 1, 114, 61, 39, 45, 105, 99, 51, 42, 111, 102, 4, 44, 64, 104, 22, 29, 82, 48, 89, 36, 108, 96, 133, 128], [129.1638421630979], [28]))
    (2, ([124, 40, 100, 30, 90, 28, 88, 20, 80, 16, 57, 76, 117, 55, 115, 3, 12, 63, 72, 11, 71, 60, 120, 135, 50, 17, 110, 77, 18, 26, 86, 78, 25, 85, 129], [182.5265213298645], [24]))
    (3, ([125, 21, 81, 52, 112, 38, 8, 68, 98, 43, 103, 7, 67, 56, 116, 24, 84, 27, 87, 53, 113, 13, 73, 47, 107, 9, 69, 33, 32, 93, 15, 92, 75, 134, 130], [188.72245245469335], [34]))
    (4, ([126, 34, 94, 6, 66, 10, 70, 31, 91, 41, 101, 37, 97, 131], Float64[], Int64[]))
    (5, ([127, 49, 2, 109, 62, 46, 58, 118, 106, 14, 74, 19, 79, 132], Float64[], Int64[])))

T best obj: 100003.0
T best iteration: 111
T total iterations: 300
T best time [s]: 1.616
T total time [s]: 2.1300
