EADARP version 2def-dirty
ARGS: --ifile=EADARP/instances/l1/a5-60.txt --odir=EADARP/out/a5-60 --oname=run32
Settings:
--alns_gamma=0.025
--alns_segment_size=100
--alns_sigma1=10
--alns_sigma2=9
--alns_sigma3=3
--at_most_one_s=false
--gamma=-1.0
--ifile=EADARP/instances/l1/a5-60.txt
--insert_charging_otf=true
--insert_cost_noise=0.014
--lns_init_temp_factor=0.0
--lns_temp_dec_factor=0.99
--mh_checkit=false
--mh_lfreq=0
--mh_lnewinc=true
--mh_tciter=-1
--mh_tctime=-1.0
--mh_titer=300
--mh_tobj=-1.0
--mh_ttime=-1.0
--odir=EADARP/out/a5-60
--oname=run32
--only_single_s_visits=true
--repair_max_routes=0
--seed=713367637
--use_milp_in_otf=0
--xcheck_isfeasible=false

EADARPInstance(EADARP/instances/l1/a5-60.txt, n=60, n_K=5, S=[133, 134, 135], Q=14.85, n_F=5, γ=0.7, T_plan=720.0, F=[128, 129, 130, 131, 132])

T preprocessing time [s]: 1.75488
I       iter             best          obj_old          obj_new        time              method info
I          1     100012.00000     100060.00000     100012.00000      0.1675                 con 
I          2     100011.00000     100012.00000     100011.00000      0.1984        drrr_15+rroi 
I          7     100010.00000     100011.00000     100010.00000      0.3997         drrr_15+rrg 
I         12     100009.00000     100010.00000     100009.00000      0.4955        drrr_15+rroi 
I         14     100008.00000     100009.00000     100008.00000      0.5353        drrr_15+rroi 
I         18     100007.00000     100008.00000     100007.00000      0.6290         drrr_15+rrg 
I         43     100006.00000     100007.00000     100006.00000      0.8604         drrr_15+rrg 
I         97     100005.00000     100006.00000     100005.00000      1.1497        drrr_15+rrri 
I        110     100004.00000     100005.00000     100004.00000      1.2396         drrr_15+rrg 
I        113     100003.00000     100004.00000     100003.00000      1.2531        drrr_15+rroi 
I        300     100003.00000     100003.00000     100005.00000      1.8453        drrr_15+rroi 

Method statistics
S  method    iter  succ  succ-rate%  tot-obj-gain  avg-obj-gain  rel-succ%  net-time  net-time%  brut-time  brut-time%
S  con          1     1   100.00000     -48.00000     -48.00000    5.26316   0.16749    9.07612    0.16749     9.07612
S  drrr_15    299     9     3.01003      -9.00000      -0.03010   47.36842   0.00351    0.18996    0.00351     0.18996
S  rrg        105     4     3.80952      -4.00000      -0.03810   21.05263   0.64883   35.16023    0.64883    35.16023
S  rroi        91     4     4.39560      -4.00000      -0.04396   21.05263   0.42615   23.09284    0.42615    23.09284
S  rrri       103     1     0.97087      -1.00000      -0.00971    5.26316   0.59797   32.40392    0.59797    32.40392
S  SUM/AVG    599    19     3.17195     -66.00000      -0.11018   20.00000   1.84394   99.92307    1.84394    99.92307

T best solution: EADARPSolution(t_routing=-1.0, t_excess=-1.0, obj_val=100003.0, obj_val_valid=true,
    unserved_requests=[41, 37, 18], F_visited=[128, 129, 131, 132, 130], S_visited=[135, 134, 133],
    (1, ([123, 52, 112, 20, 80, 3, 63, 53, 113, 34, 94, 46, 58, 106, 118, 128], Float64[], Int64[]))
    (2, ([124, 43, 103, 16, 57, 76, 117, 56, 39, 116, 45, 99, 105, 51, 111, 13, 73, 44, 9, 104, 69, 33, 32, 93, 92, 22, 82, 48, 108, 135, 129], [165.1094643227911], [30]))
    (3, ([125, 40, 100, 30, 90, 23, 83, 54, 1, 114, 61, 55, 115, 24, 84, 42, 6, 102, 4, 66, 64, 15, 29, 75, 89, 5, 65, 134, 130], [117.56228008871993], [28]))
    (4, ([126, 7, 67, 60, 120, 47, 107, 10, 70, 31, 36, 96, 91, 14, 74, 19, 79, 131], Float64[], Int64[]))
    (5, ([127, 21, 81, 38, 8, 98, 68, 28, 88, 49, 2, 109, 62, 59, 12, 119, 72, 11, 27, 71, 87, 133, 50, 17, 77, 110, 35, 26, 95, 86, 25, 85, 132], [198.30661048675938], [22])))

T best obj: 100003.0
T best iteration: 113
T total iterations: 300
T best time [s]: 1.253
T total time [s]: 1.8454
