EADARP version 585c-dirty
ARGS: --ifile=EADARP/instances/l1/a5-60.txt --infeasible_arcs=EADARP/infeasible_arcs --gamma=0.7 --only_single_s_visits=false --odir=EADARP/out/a5-60 --oname=run47
Settings:
--alns_gamma=0.025
--alns_segment_size=100
--alns_sigma1=10
--alns_sigma2=9
--alns_sigma3=3
--at_most_one_s=false
--gamma=0.7
--ifile=EADARP/instances/l1/a5-60.txt
--infeasible_arcs=EADARP/infeasible_arcs
--insert_charging_otf=true
--insert_cost_noise=0.014
--lns_init_temp_factor=0.0
--lns_temp_dec_factor=0.99
--mh_checkit=false
--mh_lfreq=0
--mh_lnewinc=true
--mh_tciter=-1
--mh_tctime=-1.0
--mh_titer=30000
--mh_tobj=-1.0
--mh_ttime=-1.0
--odir=EADARP/out/a5-60
--oname=run47
--only_single_s_visits=false
--repair_max_routes=0
--seed=1128127290
--use_milp_in_otf=0
--xcheck_isfeasible=false

EADARPInstance(EADARP/instances/l1/a5-60.txt, n=60, n_K=5, S=[133, 134, 135], Q=14.85, n_F=5, γ=0.7, T_plan=720.0, F=[128, 129, 130, 131, 132])

T preprocessing time [s]: 1.87083
I       iter             best          obj_old          obj_new        time              method info
I          1        819.05223     100060.00000        819.05223      0.1544                 con 
I          2        807.86817        819.05223        807.86817      0.2255         drrr_15+rrg 
I          3        800.81884        807.86817        800.81884      0.2789        drrr_15+rrri 
I          8        799.63169        800.81884        799.63169      0.4036        drrr_15+rroi 
I          9        793.98714        799.63169        793.98714      0.4132        drrr_15+rroi 
I         10        785.69116        793.98714        785.69116      0.4405        drrr_15+rrri 
I         11        753.03071        785.69116        753.03071      0.4639         drrr_15+rrg 
I         22        752.09003        753.03071        752.09003      0.5891        drrr_15+rrri 
I         23        751.27384        752.09003        751.27384      0.6020         drrr_15+rrg 
I         26        742.53211        751.27384        742.53211      0.6254        drrr_15+rrri 
I         28        736.35525        742.53211        736.35525      0.6298        drrr_15+rroi 
I         29        736.27454        736.35525        736.27454      0.6362        drrr_15+rroi 
I         32        735.06476        736.27454        735.06476      0.6738         drrr_15+rrg 
I         34        733.62973        735.06476        733.62973      0.6982         drrr_15+rrg 
I         38        733.45315        733.62973        733.45315      0.7219        drrr_15+rroi 
I         41        733.30797        733.45315        733.30797      0.7552         drrr_15+rrg 
I         42        733.20759        733.30797        733.20759      0.7630        drrr_15+rrri 
I         44        732.20795        733.20759        732.20795      0.7730        drrr_15+rroi 
I         46        731.00174        732.20795        731.00174      0.7872         drrr_15+rrg 
I         52        730.77612        731.00174        730.77612      0.8421         drrr_15+rrg 
I         63        730.57289        730.77612        730.57289      0.9019        drrr_15+rroi 
I        113        728.61279        730.57289        728.61279      1.0442        drrr_15+rrri 
I        133        728.27792        728.61279        728.27792      1.0906        drrr_15+rrri 
I        135        722.30343        728.27792        722.30343      1.0996        drrr_15+rrri 
I        143        719.81631        722.30343        719.81631      1.1390        drrr_15+rrri 
I        155        719.11132        719.81631        719.11132      1.2064        drrr_15+rroi 
I        192        718.33667        719.11132        718.33667      1.3484         drrr_15+rrg 
I        248        717.55661        718.33667        717.55661      1.4848         drrr_15+rrg 
I        265        717.21882        717.55661        717.21882      1.5132        drrr_15+rrri 
I        283        716.47086        717.21882        716.47086      1.5477        drrr_15+rrri 
I        323        716.03916        716.47086        716.03916      1.6206         drrr_15+rrg 
I        332        714.33050        716.03916        714.33050      1.6269         drrr_15+rrg 
I        349        711.57383        714.33050        711.57383      1.6452        drrr_15+rroi 
I        354        710.90720        711.57383        710.90720      1.6471         drrr_15+rrg 
I        368        710.48738        710.90720        710.48738      1.6709        drrr_15+rrri 
I        375        709.81957        710.48738        709.81957      1.6853         drrr_15+rrg 
I        410        709.68341        709.81957        709.68341      1.7213        drrr_15+rroi 
I        520        708.82062        709.68341        708.82062      1.7932         drrr_15+rrg 
I        524        708.09140        708.82062        708.09140      1.7942        drrr_15+rroi 
I        537        706.38275        708.09140        706.38275      1.8113        drrr_15+rrri 
I       1356        703.19121        706.38275        703.19121      2.4372         drrr_15+rrg 
I       2279        701.15642        703.19121        701.15642      2.8947        drrr_15+rrri 
I       2710        699.27293        701.15642        699.27293      3.1246        drrr_15+rroi 
I       2712        698.84123        699.27293        698.84123      3.1252         drrr_15+rrg 
I       4082        697.43326        698.84123        697.43326      3.8827        drrr_15+rroi 
I       4656        696.58151        697.43326        696.58151      4.2210        drrr_15+rroi 
I       4664        693.14661        696.58151        693.14661      4.2224        drrr_15+rrri 
I      30000        693.14661        693.14661        693.14661     12.7477        drrr_15+rroi 

Method statistics
S  method    iter  succ  succ-rate%  tot-obj-gain  avg-obj-gain  rel-succ%  net-time  net-time%  brut-time  brut-time%
S  con          1     1   100.00000  -99240.94777  -99240.94777    1.07527   0.15433    1.21067    0.15433     1.21067
S  drrr_15  29999    46     0.15334    -125.90561      -0.00420   49.46237   0.28251    2.21612    0.28251     2.21612
S  rrg      10086    17     0.16855     -58.39805      -0.00579   18.27957   5.65480   44.35911    5.65480    44.35911
S  rroi     10051    14     0.13929     -22.93898      -0.00228   15.05376   2.86613   22.48336    2.86613    22.48336
S  rrri      9862    15     0.15210     -44.56858      -0.00452   16.12903   3.73184   29.27448    3.73184    29.27448
S  SUM/AVG  59999    93     0.15500  -99492.75900      -1.65824   20.00000  12.68960   99.54374   12.68960    99.54374

T best solution: EADARPSolution(t_routing=854.64, t_excess=208.667, obj_val=693.147, obj_val_valid=true,
    unserved_requests=Int64[], F_visited=[128, 130, 131, 129, 132], S_visited=Int64[],
    (1, ([123, 21, 81, 28, 88, 49, 2, 109, 62, 55, 115, 7, 67, 135, 60, 120, 47, 107, 48, 108, 18, 26, 86, 78, 25, 85, 128], [79.19932349090391], [14]))
    (2, ([124, 38, 8, 68, 98, 43, 103, 59, 12, 119, 72, 134, 42, 102, 4, 64, 22, 29, 82, 10, 89, 70, 31, 36, 96, 91, 14, 74, 19, 79, 133, 129], [92.43790435170655, 21.041807778401473], [12, 31]))
    (3, ([125, 52, 112, 16, 57, 76, 117, 56, 116, 24, 84, 51, 111, 34, 94, 6, 66, 50, 17, 77, 110, 35, 95, 133, 130], [73.90930262412232], [24]))
    (4, ([126, 54, 1, 114, 61, 39, 45, 105, 99, 11, 27, 71, 87, 13, 73, 44, 9, 104, 69, 46, 58, 118, 106, 133, 131], [87.55646924389681], [24]))
    (5, ([127, 40, 100, 30, 90, 23, 83, 20, 80, 3, 63, 53, 113, 33, 32, 93, 15, 92, 75, 5, 65, 41, 101, 37, 97, 133, 132], [95.49497110102676], [26])))

T best obj: 693.1466130139082
T best iteration: 4664
T total iterations: 30000
T best time [s]: 4.222
T total time [s]: 12.7478
