EADARP version 585c-dirty
ARGS: --ifile=EADARP/instances/l1/a5-60.txt --infeasible_arcs=EADARP/infeasible_arcs --gamma=0.7 --only_single_s_visits=false --odir=EADARP/out/a5-60 --oname=run42
Settings:
--alns_gamma=0.025
--alns_segment_size=100
--alns_sigma1=10
--alns_sigma2=9
--alns_sigma3=3
--at_most_one_s=false
--gamma=0.7
--ifile=EADARP/instances/l1/a5-60.txt
--infeasible_arcs=EADARP/infeasible_arcs
--insert_charging_otf=true
--insert_cost_noise=0.014
--lns_init_temp_factor=0.0
--lns_temp_dec_factor=0.99
--mh_checkit=false
--mh_lfreq=0
--mh_lnewinc=true
--mh_tciter=-1
--mh_tctime=-1.0
--mh_titer=30000
--mh_tobj=-1.0
--mh_ttime=-1.0
--odir=EADARP/out/a5-60
--oname=run42
--only_single_s_visits=false
--repair_max_routes=0
--seed=933270765
--use_milp_in_otf=0
--xcheck_isfeasible=false

EADARPInstance(EADARP/instances/l1/a5-60.txt, n=60, n_K=5, S=[133, 134, 135], Q=14.85, n_F=5, γ=0.7, T_plan=720.0, F=[128, 129, 130, 131, 132])

T preprocessing time [s]: 1.80294
I       iter             best          obj_old          obj_new        time              method info
I          1        821.66686     100060.00000        821.66686      0.1457                 con 
I          2        792.08846        821.66686        792.08846      0.1772        drrr_15+rroi 
I          3        782.31693        792.08846        782.31693      0.2140        drrr_15+rroi 
I          4        772.70320        782.31693        772.70320      0.2545        drrr_15+rroi 
I          5        767.77693        772.70320        767.77693      0.2690        drrr_15+rrri 
I          9        763.55004        767.77693        763.55004      0.3726        drrr_15+rroi 
I         11        750.52154        763.55004        750.52154      0.4038        drrr_15+rrri 
I         13        745.74315        750.52154        745.74315      0.4514         drrr_15+rrg 
I         17        741.87358        745.74315        741.87358      0.5341         drrr_15+rrg 
I         19        738.02756        741.87358        738.02756      0.5622        drrr_15+rroi 
I         20        737.44325        738.02756        737.44325      0.5833        drrr_15+rrri 
I         37        735.48454        737.44325        735.48454      0.7465        drrr_15+rrri 
I         39        734.00898        735.48454        734.00898      0.7547        drrr_15+rrri 
I         40        731.67000        734.00898        731.67000      0.7587         drrr_15+rrg 
I         43        731.17876        731.67000        731.17876      0.7715        drrr_15+rrri 
I         48        730.28734        731.17876        730.28734      0.8379        drrr_15+rrri 
I         51        726.36471        730.28734        726.36471      0.8425        drrr_15+rrri 
I         60        725.03112        726.36471        725.03112      0.8612         drrr_15+rrg 
I         62        720.01135        725.03112        720.01135      0.8779         drrr_15+rrg 
I         63        718.67298        720.01135        718.67298      0.8794        drrr_15+rrri 
I         64        712.64781        718.67298        712.64781      0.8907        drrr_15+rroi 
I         87        711.87637        712.64781        711.87637      0.9662        drrr_15+rroi 
I        100        710.64371        711.87637        710.64371      1.0036        drrr_15+rrri 
I        118        709.48883        710.64371        709.48883      1.0788        drrr_15+rrri 
I        149        706.39700        709.48883        706.39700      1.1213        drrr_15+rrri 
I        160        705.97718        706.39700        705.97718      1.1356         drrr_15+rrg 
I        393        705.93430        705.97718        705.93430      1.4672         drrr_15+rrg 
I       1456        704.72488        705.93430        704.72488      2.3721        drrr_15+rrri 
I       1472        704.72162        704.72488        704.72162      2.3773        drrr_15+rrri 
I       2515        703.90584        704.72162        703.90584      2.9166        drrr_15+rroi 
I       2521        703.48602        703.90584        703.48602      2.9186         drrr_15+rrg 
I       3099        703.04574        703.48602        703.04574      3.2320        drrr_15+rroi 
I       3179        702.62592        703.04574        702.62592      3.2652        drrr_15+rrri 
I       6976        701.67918        702.62592        701.67918      4.8898        drrr_15+rroi 
I       7010        701.14474        701.67918        701.14474      4.9010        drrr_15+rrri 
I      11787        698.14073        701.14474        698.14073      6.7282         drrr_15+rrg 
I      17460        697.65777        698.14073        697.65777      8.6780         drrr_15+rrg 
I      17507        697.38793        697.65777        697.38793      8.7237         drrr_15+rrg 
I      17783        696.29705        697.38793        696.29705      8.8586        drrr_15+rrri 
I      17796        695.91888        696.29705        695.91888      8.8617         drrr_15+rrg 
I      30000        695.91888        695.91888        695.91888     13.2754         drrr_15+rrg 

Method statistics
S  method    iter  succ  succ-rate%  tot-obj-gain  avg-obj-gain  rel-succ%  net-time  net-time%  brut-time  brut-time%
S  con          1     1   100.00000  -99238.33314  -99238.33314    1.26582   0.14566    1.09725    0.14566     1.09725
S  drrr_15  29999    39     0.13000    -125.74799      -0.00419   49.36709   0.28869    2.17460    0.28869     2.17460
S  rrg       9808    12     0.12235     -22.35781      -0.00228   15.18987   5.48829   41.34187    5.48829    41.34187
S  rroi     10113    10     0.09888     -66.03598      -0.00653   12.65823   3.38998   25.53582    3.38998    25.53582
S  rrri     10078    17     0.16868     -37.35419      -0.00371   21.51899   3.90110   29.38596    3.90110    29.38596
S  SUM/AVG  59999    79     0.13167  -99489.82911      -1.65819   20.00000  13.21373   99.53550   13.21373    99.53550

T best solution: EADARPSolution(t_routing=866.187, t_excess=185.113, obj_val=695.919, obj_val_valid=true,
    unserved_requests=Int64[], F_visited=[129, 128, 130, 132, 131], S_visited=Int64[],
    (1, ([123, 23, 83, 20, 80, 11, 27, 71, 87, 33, 32, 93, 15, 92, 75, 5, 65, 41, 101, 37, 97, 133, 128], [90.36899847850498], [22]))
    (2, ([124, 40, 100, 30, 90, 28, 88, 49, 2, 109, 62, 39, 99, 3, 63, 53, 113, 13, 73, 44, 9, 104, 69, 135, 36, 96, 14, 74, 19, 79, 129], [104.27498194619511], [24]))
    (3, ([125, 54, 1, 114, 61, 55, 115, 7, 67, 60, 120, 47, 107, 48, 108, 18, 26, 86, 78, 25, 85, 133, 130], [46.058676516220764], [22]))
    (4, ([126, 21, 52, 112, 81, 59, 119, 24, 84, 42, 102, 4, 64, 50, 17, 77, 110, 35, 95, 133, 131], [53.97603089634727], [20]))
    (5, ([127, 38, 8, 68, 98, 43, 16, 103, 57, 76, 117, 56, 116, 45, 105, 12, 72, 134, 51, 111, 34, 94, 6, 66, 22, 29, 82, 10, 89, 70, 31, 91, 46, 58, 106, 118, 133, 132], [50.650448909410315, 115.8583047117719], [18, 37])))

T best obj: 695.9188781014329
T best iteration: 17796
T total iterations: 30000
T best time [s]: 8.862
T total time [s]: 13.2754
