EADARP version 585c-dirty
ARGS: --ifile=EADARP/instances/l1/a5-60.txt --infeasible_arcs=EADARP/infeasible_arcs --gamma=0.7 --only_single_s_visits=false --odir=EADARP/out/a5-60 --oname=run5
Settings:
--alns_gamma=0.025
--alns_segment_size=100
--alns_sigma1=10
--alns_sigma2=9
--alns_sigma3=3
--at_most_one_s=false
--gamma=0.7
--ifile=EADARP/instances/l1/a5-60.txt
--infeasible_arcs=EADARP/infeasible_arcs
--insert_charging_otf=true
--insert_cost_noise=0.014
--lns_init_temp_factor=0.0
--lns_temp_dec_factor=0.99
--mh_checkit=false
--mh_lfreq=0
--mh_lnewinc=true
--mh_tciter=-1
--mh_tctime=-1.0
--mh_titer=30000
--mh_tobj=-1.0
--mh_ttime=-1.0
--odir=EADARP/out/a5-60
--oname=run5
--only_single_s_visits=false
--repair_max_routes=0
--seed=1731246471
--use_milp_in_otf=0
--xcheck_isfeasible=false

EADARPInstance(EADARP/instances/l1/a5-60.txt, n=60, n_K=5, S=[133, 134, 135], Q=14.85, n_F=5, γ=0.7, T_plan=720.0, F=[128, 129, 130, 131, 132])

T preprocessing time [s]: 1.79805
I       iter             best          obj_old          obj_new        time              method info
I          1        799.00237     100060.00000        799.00237      0.1691                 con 
I          3        787.54833        799.00237        787.54833      0.2398        drrr_15+rrri 
I          4        766.07711        787.54833        766.07711      0.2658         drrr_15+rrg 
I          6        760.94661        766.07711        760.94661      0.3349        drrr_15+rroi 
I          7        758.15648        760.94661        758.15648      0.3562         drrr_15+rrg 
I         10        744.57377        758.15648        744.57377      0.4250        drrr_15+rrri 
I         12        741.37065        744.57377        741.37065      0.4640         drrr_15+rrg 
I         15        737.43594        741.37065        737.43594      0.5253        drrr_15+rrri 
I         22        733.80386        737.43594        733.80386      0.6082         drrr_15+rrg 
I         25        731.99167        733.80386        731.99167      0.6245        drrr_15+rrri 
I         26        729.24711        731.99167        729.24711      0.6345         drrr_15+rrg 
I         30        723.15035        729.24711        723.15035      0.6680        drrr_15+rroi 
I         32        721.42600        723.15035        721.42600      0.6874        drrr_15+rroi 
I         33        719.97751        721.42600        719.97751      0.6926        drrr_15+rrri 
I         37        719.94700        719.97751        719.94700      0.7121        drrr_15+rroi 
I         41        717.34212        719.94700        717.34212      0.7472        drrr_15+rrri 
I         47        716.92230        717.34212        716.92230      0.7741        drrr_15+rrri 
I         75        713.57029        716.92230        713.57029      0.8634         drrr_15+rrg 
I        301        713.00917        713.57029        713.00917      1.1693        drrr_15+rrri 
I        316        712.61259        713.00917        712.61259      1.2502        drrr_15+rrri 
I        607        712.52625        712.61259        712.52625      1.6039        drrr_15+rrri 
I        627        711.64115        712.52625        711.64115      1.6241        drrr_15+rrri 
I       1034        711.18478        711.64115        711.18478      1.9944        drrr_15+rrri 
I       1219        711.16825        711.18478        711.16825      2.1036         drrr_15+rrg 
I       1224        710.54084        711.16825        710.54084      2.1088         drrr_15+rrg 
I       1637        708.99438        710.54084        708.99438      2.3862        drrr_15+rrri 
I       1639        708.30894        708.99438        708.30894      2.3868         drrr_15+rrg 
I       1640        707.80913        708.30894        707.80913      2.3874         drrr_15+rrg 
I       1643        707.37743        707.80913        707.37743      2.3908        drrr_15+rrri 
I       1647        706.63825        707.37743        706.63825      2.3922         drrr_15+rrg 
I       1649        706.48309        706.63825        706.48309      2.3925        drrr_15+rrri 
I       1661        704.19577        706.48309        704.19577      2.3997        drrr_15+rrri 
I       1669        703.38516        704.19577        703.38516      2.4032        drrr_15+rrri 
I       1691        696.87752        703.38516        696.87752      2.4316        drrr_15+rrri 
I      30000        696.87752        696.87752        697.30922     12.3060        drrr_15+rrri 

Method statistics
S  method    iter  succ  succ-rate%  tot-obj-gain  avg-obj-gain  rel-succ%  net-time  net-time%  brut-time  brut-time%
S  con          1     1   100.00000  -99260.99763  -99260.99763    1.49254   0.16907    1.37384    0.16907     1.37384
S  drrr_15  29999    33     0.11000    -102.12485      -0.00340   49.25373   0.27640    2.24608    0.27640     2.24608
S  rrg       9922    11     0.11086     -39.76147      -0.00401   16.41791   5.37613   43.68684    5.37613    43.68684
S  rroi     10098     4     0.03961     -12.98213      -0.00129    5.97015   2.90591   23.61363    2.90591    23.61363
S  rrri      9979    18     0.18038     -49.38125      -0.00495   26.86567   3.52897   28.67671    3.52897    28.67671
S  SUM/AVG  59999    67     0.11167  -99465.24733      -1.65778   20.00000  12.25648   99.59710   12.25648    99.59710

T best solution: EADARPSolution(t_routing=861.21, t_excess=203.881, obj_val=696.878, obj_val_valid=true,
    unserved_requests=Int64[], F_visited=[131, 128, 130, 132, 129], S_visited=Int64[],
    (1, ([123, 40, 100, 30, 90, 49, 2, 109, 62, 39, 45, 105, 99, 6, 66, 4, 64, 22, 29, 82, 10, 89, 70, 31, 91, 41, 101, 37, 97, 133, 128], [90.57741812364257], [30]))
    (2, ([124, 38, 8, 68, 98, 43, 103, 59, 119, 51, 111, 34, 94, 33, 32, 93, 15, 92, 75, 5, 65, 133, 129], [107.31654793562228], [22]))
    (3, ([125, 21, 81, 28, 88, 23, 83, 54, 1, 114, 61, 55, 115, 7, 67, 135, 60, 120, 47, 107, 48, 108, 36, 96, 58, 46, 118, 106, 18, 26, 86, 78, 25, 85, 133, 130], [104.35480638949524, 33.35914650495263], [16, 35]))
    (4, ([126, 52, 112, 16, 57, 76, 117, 56, 116, 24, 84, 42, 102, 44, 9, 104, 69, 14, 74, 19, 79, 133, 131], [33.56705750063866], [22]))
    (5, ([127, 20, 80, 3, 12, 63, 72, 11, 27, 71, 87, 53, 113, 13, 73, 50, 17, 77, 110, 35, 95, 133, 132], [87.03467624792141], [22])))

T best obj: 696.8775209888299
T best iteration: 1691
T total iterations: 30000
T best time [s]: 2.432
T total time [s]: 12.3061
