EADARP version 2def-dirty
ARGS: --ifile=EADARP/instances/l1/a5-60.txt --odir=EADARP/out/a5-60 --oname=run50
Settings:
--alns_gamma=0.025
--alns_segment_size=100
--alns_sigma1=10
--alns_sigma2=9
--alns_sigma3=3
--at_most_one_s=false
--gamma=-1.0
--ifile=EADARP/instances/l1/a5-60.txt
--insert_charging_otf=true
--insert_cost_noise=0.014
--lns_init_temp_factor=0.0
--lns_temp_dec_factor=0.99
--mh_checkit=false
--mh_lfreq=0
--mh_lnewinc=true
--mh_tciter=-1
--mh_tctime=-1.0
--mh_titer=300
--mh_tobj=-1.0
--mh_ttime=-1.0
--odir=EADARP/out/a5-60
--oname=run50
--only_single_s_visits=true
--repair_max_routes=0
--seed=914237711
--use_milp_in_otf=0
--xcheck_isfeasible=false

EADARPInstance(EADARP/instances/l1/a5-60.txt, n=60, n_K=5, S=[133, 134, 135], Q=14.85, n_F=5, γ=0.7, T_plan=720.0, F=[128, 129, 130, 131, 132])

T preprocessing time [s]: 1.9533
I       iter             best          obj_old          obj_new        time              method info
I          1     100011.00000     100060.00000     100011.00000      0.2470                 con 
I          9     100010.00000     100011.00000     100010.00000      0.5033        drrr_15+rroi 
I         11     100009.00000     100010.00000     100009.00000      0.6126         drrr_15+rrg 
I         14     100008.00000     100009.00000     100008.00000      0.6733        drrr_15+rrri 
I         16     100007.00000     100008.00000     100007.00000      0.7372         drrr_15+rrg 
I         48     100006.00000     100007.00000     100006.00000      1.1490        drrr_15+rrri 
I        126     100005.00000     100006.00000     100005.00000      1.8276         drrr_15+rrg 
I        157     100004.00000     100005.00000     100004.00000      1.9993        drrr_15+rroi 
I        193     100003.00000     100004.00000     100003.00000      2.1255        drrr_15+rrri 
I        300     100003.00000     100003.00000     100005.00000      2.4280        drrr_15+rroi 

Method statistics
S  method    iter  succ  succ-rate%  tot-obj-gain  avg-obj-gain  rel-succ%  net-time  net-time%  brut-time  brut-time%
S  con          1     1   100.00000     -49.00000     -49.00000    5.88235   0.24697   10.17172    0.24697    10.17172
S  drrr_15    299     8     2.67559      -8.00000      -0.02676   47.05882   0.00472    0.19444    0.00472     0.19444
S  rrg         94     3     3.19149      -3.00000      -0.03191   17.64706   0.78767   32.44106    0.78767    32.44106
S  rroi       110     2     1.81818      -2.00000      -0.01818   11.76471   0.65813   27.10567    0.65813    27.10567
S  rrri        95     3     3.15789      -3.00000      -0.03158   17.64706   0.72885   30.01826    0.72885    30.01826
S  SUM/AVG    599    17     2.83806     -65.00000      -0.10851   20.00000   2.42635   99.93115    2.42635    99.93115

T best solution: EADARPSolution(t_routing=-1.0, t_excess=-1.0, obj_val=100003.0, obj_val_valid=true,
    unserved_requests=[35, 5, 41], F_visited=[130, 131, 129, 128, 132], S_visited=[135, 134, 133],
    (1, ([123, 54, 114, 7, 67, 34, 94, 46, 58, 118, 106, 37, 97, 128], Float64[], Int64[]))
    (2, ([124, 40, 100, 30, 90, 23, 83, 20, 80, 1, 61, 59, 12, 119, 72, 51, 111, 134, 10, 70, 50, 17, 77, 110, 18, 26, 86, 78, 25, 85, 129], [144.2074378817461], [18]))
    (3, ([125, 21, 52, 112, 81, 28, 88, 49, 2, 109, 62, 55, 39, 115, 99, 11, 27, 71, 87, 53, 113, 13, 73, 4, 44, 64, 104, 22, 29, 82, 89, 133, 130], [170.35144389074122], [32]))
    (4, ([126, 60, 120, 47, 107, 48, 108, 31, 36, 96, 91, 14, 19, 74, 79, 131], Float64[], Int64[]))
    (5, ([127, 38, 8, 68, 98, 43, 103, 16, 57, 76, 117, 56, 116, 45, 105, 3, 63, 24, 84, 42, 6, 102, 66, 9, 69, 33, 32, 93, 15, 92, 75, 135, 132], [159.78717278382524], [32])))

T best obj: 100003.0
T best iteration: 193
T total iterations: 300
T best time [s]: 2.126
T total time [s]: 2.4280
