EADARP version 585c-dirty
ARGS: --ifile=EADARP/instances/l1/a5-60.txt --infeasible_arcs=EADARP/infeasible_arcs --gamma=0.7 --only_single_s_visits=false --odir=EADARP/out/a5-60 --oname=run76
Settings:
--alns_gamma=0.025
--alns_segment_size=100
--alns_sigma1=10
--alns_sigma2=9
--alns_sigma3=3
--at_most_one_s=false
--gamma=0.7
--ifile=EADARP/instances/l1/a5-60.txt
--infeasible_arcs=EADARP/infeasible_arcs
--insert_charging_otf=true
--insert_cost_noise=0.014
--lns_init_temp_factor=0.0
--lns_temp_dec_factor=0.99
--mh_checkit=false
--mh_lfreq=0
--mh_lnewinc=true
--mh_tciter=-1
--mh_tctime=-1.0
--mh_titer=30000
--mh_tobj=-1.0
--mh_ttime=-1.0
--odir=EADARP/out/a5-60
--oname=run76
--only_single_s_visits=false
--repair_max_routes=0
--seed=2110679863
--use_milp_in_otf=0
--xcheck_isfeasible=false

EADARPInstance(EADARP/instances/l1/a5-60.txt, n=60, n_K=5, S=[133, 134, 135], Q=14.85, n_F=5, γ=0.7, T_plan=720.0, F=[128, 129, 130, 131, 132])

T preprocessing time [s]: 1.77362
I       iter             best          obj_old          obj_new        time              method info
I          1        814.79459     100060.00000        814.79459      0.1533                 con 
I          2        799.32310        814.79459        799.32310      0.1922         drrr_15+rrg 
I          3        777.05993        799.32310        777.05993      0.2265        drrr_15+rroi 
I          4        775.92132        777.05993        775.92132      0.2756        drrr_15+rroi 
I          5        760.73592        775.92132        760.73592      0.3084         drrr_15+rrg 
I          6        747.23123        760.73592        747.23123      0.3439        drrr_15+rroi 
I          7        747.01575        747.23123        747.01575      0.4285        drrr_15+rrri 
I         10        741.45190        747.01575        741.45190      0.4895         drrr_15+rrg 
I         13        737.57686        741.45190        737.57686      0.5572         drrr_15+rrg 
I         14        732.29337        737.57686        732.29337      0.6048        drrr_15+rrri 
I         15        731.20296        732.29337        731.20296      0.6415        drrr_15+rroi 
I         19        730.72814        731.20296        730.72814      0.7086         drrr_15+rrg 
I         26        724.82822        730.72814        724.82822      0.7730        drrr_15+rroi 
I         50        724.40404        724.82822        724.40404      0.9174         drrr_15+rrg 
I         55        724.07865        724.40404        724.07865      0.9409         drrr_15+rrg 
I         74        721.55394        724.07865        721.55394      0.9838        drrr_15+rroi 
I         88        721.05012        721.55394        721.05012      1.0291        drrr_15+rrri 
I        104        719.51568        721.05012        719.51568      1.0559        drrr_15+rroi 
I        152        719.31245        719.51568        719.31245      1.1738        drrr_15+rroi 
I        154        719.31245        719.31245        719.31245      1.1819        drrr_15+rrri 
I        183        717.47045        719.31245        717.47045      1.2312        drrr_15+rrri 
I        186        711.87778        717.47045        711.87778      1.2361         drrr_15+rrg 
I        204        711.85938        711.87778        711.85938      1.2784        drrr_15+rrri 
I        239        711.58183        711.85938        711.58183      1.3209        drrr_15+rroi 
I        253        707.67753        711.58183        707.67753      1.3336        drrr_15+rrri 
I        334        707.52084        707.67753        707.52084      1.4037         drrr_15+rrg 
I        645        703.71741        707.52084        703.71741      1.7045        drrr_15+rrri 
I        746        697.66587        703.71741        697.66587      1.7864         drrr_15+rrg 
I        778        697.59633        697.66587        697.59633      1.8144        drrr_15+rroi 
I       3584        697.49243        697.59633        697.49243      3.0576        drrr_15+rrri 
I       3646        695.77067        697.49243        695.77067      3.1202        drrr_15+rroi 
I       6006        694.83507        695.77067        694.83507      4.1239        drrr_15+rroi 
I       7520        694.26499        694.83507        694.26499      4.6575         drrr_15+rrg 
I      30000        694.26499        694.26499        743.73490     12.1341        drrr_15+rroi 

Method statistics
S  method    iter  succ  succ-rate%  tot-obj-gain  avg-obj-gain  rel-succ%  net-time  net-time%  brut-time  brut-time%
S  con          1     1   100.00000  -99245.20541  -99245.20541    1.53846   0.15331    1.26344    0.15331     1.26344
S  drrr_15  29999    32     0.10667    -120.52959      -0.00402   49.23077   0.28932    2.38436    0.28932     2.38436
S  rrg      10017    11     0.10981     -53.69113      -0.00536   16.92308   5.71321   47.08377    5.71321    47.08377
S  rroi     10052    12     0.11938     -51.16363      -0.00509   18.46154   2.71206   22.35063    2.71206    22.35063
S  rrri      9930     9     0.09063     -15.67483      -0.00158   13.84615   3.19786   26.35423    3.19786    26.35423
S  SUM/AVG  59999    65     0.10834  -99486.26460      -1.65813   20.00000  12.06576   99.43644   12.06576    99.43644

T best solution: EADARPSolution(t_routing=868.931, t_excess=170.267, obj_val=694.265, obj_val_valid=true,
    unserved_requests=Int64[], F_visited=[128, 132, 131, 130, 129], S_visited=Int64[],
    (1, ([123, 20, 80, 1, 61, 55, 115, 7, 67, 60, 120, 47, 107, 48, 108, 36, 96, 14, 74, 19, 79, 133, 128], [43.744057711028084], [22]))
    (2, ([124, 21, 52, 112, 81, 59, 12, 119, 72, 11, 27, 71, 87, 13, 73, 4, 64, 22, 29, 82, 10, 89, 70, 133, 129], [84.05644502064945], [24]))
    (3, ([125, 40, 100, 30, 90, 28, 88, 49, 2, 109, 62, 39, 99, 51, 111, 34, 94, 6, 66, 50, 17, 77, 110, 35, 95, 133, 130], [92.70013916759076], [26]))
    (4, ([126, 38, 8, 68, 98, 43, 103, 16, 57, 76, 117, 56, 116, 24, 84, 42, 102, 44, 9, 104, 69, 133, 31, 91, 46, 58, 118, 106, 18, 26, 86, 78, 25, 85, 133, 131], [100.45888862544632, 45.889407823498516], [22, 35]))
    (5, ([127, 23, 83, 54, 114, 45, 105, 3, 63, 53, 113, 33, 32, 93, 15, 92, 75, 5, 65, 41, 101, 37, 97, 133, 132], [97.08204948350574], [24])))

T best obj: 694.2649945068434
T best iteration: 7520
T total iterations: 30000
T best time [s]: 4.657
T total time [s]: 12.1341
