EADARP version 2def-dirty
ARGS: --ifile=EADARP/instances/l1/a5-60.txt --odir=EADARP/out/a5-60 --oname=run78
Settings:
--alns_gamma=0.025
--alns_segment_size=100
--alns_sigma1=10
--alns_sigma2=9
--alns_sigma3=3
--at_most_one_s=false
--gamma=-1.0
--ifile=EADARP/instances/l1/a5-60.txt
--insert_charging_otf=true
--insert_cost_noise=0.014
--lns_init_temp_factor=0.0
--lns_temp_dec_factor=0.99
--mh_checkit=false
--mh_lfreq=0
--mh_lnewinc=true
--mh_tciter=-1
--mh_tctime=-1.0
--mh_titer=300
--mh_tobj=-1.0
--mh_ttime=-1.0
--odir=EADARP/out/a5-60
--oname=run78
--only_single_s_visits=true
--repair_max_routes=0
--seed=1892839791
--use_milp_in_otf=0
--xcheck_isfeasible=false

EADARPInstance(EADARP/instances/l1/a5-60.txt, n=60, n_K=5, S=[133, 134, 135], Q=14.85, n_F=5, γ=0.7, T_plan=720.0, F=[128, 129, 130, 131, 132])

T preprocessing time [s]: 1.74723
I       iter             best          obj_old          obj_new        time              method info
I          1     100011.00000     100060.00000     100011.00000      0.1138                 con 
I          7     100009.00000     100011.00000     100009.00000      0.3922         drrr_15+rrg 
I          8     100008.00000     100009.00000     100008.00000      0.4262        drrr_15+rroi 
I         46     100007.00000     100008.00000     100007.00000      1.2850         drrr_15+rrg 
I         63     100006.00000     100007.00000     100006.00000      1.4932        drrr_15+rrri 
I        150     100005.00000     100006.00000     100005.00000      2.3710        drrr_15+rrri 
I        169     100004.00000     100005.00000     100004.00000      2.5132        drrr_15+rrri 
I        255     100003.00000     100004.00000     100003.00000      2.8756         drrr_15+rrg 
I        300     100003.00000     100003.00000     100004.00000      2.9707        drrr_15+rroi 

Method statistics
S  method    iter  succ  succ-rate%  tot-obj-gain  avg-obj-gain  rel-succ%  net-time  net-time%  brut-time  brut-time%
S  con          1     1   100.00000     -49.00000     -49.00000    6.66667   0.11374    3.82878    0.11374     3.82878
S  drrr_15    299     7     2.34114      -8.00000      -0.02676   46.66667   0.00383    0.12896    0.00383     0.12896
S  rrg         92     3     3.26087      -4.00000      -0.04348   20.00000   0.94560   31.83087    0.94560    31.83087
S  rroi        94     1     1.06383      -1.00000      -0.01064    6.66667   0.75725   25.49057    0.75725    25.49057
S  rrri       113     3     2.65487      -3.00000      -0.02655   20.00000   1.14861   38.66462    1.14861    38.66462
S  SUM/AVG    599    15     2.50417     -65.00000      -0.10851   20.00000   2.96904   99.94380    2.96904    99.94380

T best solution: EADARPSolution(t_routing=-1.0, t_excess=-1.0, obj_val=100003.0, obj_val_valid=true,
    unserved_requests=[5, 35, 46], F_visited=[131, 132, 130, 129, 128], S_visited=[134, 135, 133],
    (1, ([123, 21, 52, 112, 81, 38, 8, 68, 98, 43, 103, 54, 114, 59, 12, 119, 72, 11, 27, 71, 87, 133, 31, 36, 96, 58, 91, 41, 118, 101, 37, 97, 128], [175.3718867707978], [22]))
    (2, ([124, 23, 83, 20, 80, 1, 2, 61, 62, 55, 115, 7, 67, 3, 63, 24, 84, 51, 111, 13, 73, 44, 9, 104, 69, 33, 32, 93, 15, 92, 75, 134, 129], [190.12593446824184], [32]))
    (3, ([125, 16, 57, 76, 117, 56, 116, 53, 113, 34, 94, 14, 74, 19, 79, 130], Float64[], Int64[]))
    (4, ([126, 60, 120, 47, 107, 17, 77, 18, 26, 86, 78, 25, 85, 131], Float64[], Int64[]))
    (5, ([127, 40, 100, 30, 90, 28, 88, 49, 109, 39, 45, 105, 99, 42, 6, 102, 66, 4, 64, 22, 29, 82, 48, 10, 89, 70, 108, 50, 110, 135, 132], [110.19631454257905], [30])))

T best obj: 100003.0
T best iteration: 255
T total iterations: 300
T best time [s]: 2.876
T total time [s]: 2.9707
