EADARP version 2def-dirty
ARGS: --ifile=EADARP/instances/l1/a5-60.txt --odir=EADARP/out/a5-60 --oname=run81
Settings:
--alns_gamma=0.025
--alns_segment_size=100
--alns_sigma1=10
--alns_sigma2=9
--alns_sigma3=3
--at_most_one_s=false
--gamma=-1.0
--ifile=EADARP/instances/l1/a5-60.txt
--insert_charging_otf=true
--insert_cost_noise=0.014
--lns_init_temp_factor=0.0
--lns_temp_dec_factor=0.99
--mh_checkit=false
--mh_lfreq=0
--mh_lnewinc=true
--mh_tciter=-1
--mh_tctime=-1.0
--mh_titer=300
--mh_tobj=-1.0
--mh_ttime=-1.0
--odir=EADARP/out/a5-60
--oname=run81
--only_single_s_visits=true
--repair_max_routes=0
--seed=1036678534
--use_milp_in_otf=0
--xcheck_isfeasible=false

EADARPInstance(EADARP/instances/l1/a5-60.txt, n=60, n_K=5, S=[133, 134, 135], Q=14.85, n_F=5, γ=0.7, T_plan=720.0, F=[128, 129, 130, 131, 132])

T preprocessing time [s]: 1.76878
I       iter             best          obj_old          obj_new        time              method info
I          1     100011.00000     100060.00000     100011.00000      0.1159                 con 
I          5     100009.00000     100011.00000     100009.00000      0.2507        drrr_15+rrri 
I          8     100007.00000     100009.00000     100007.00000      0.3348        drrr_15+rrri 
I         20     100006.00000     100007.00000     100006.00000      0.6387        drrr_15+rrri 
I         27     100005.00000     100006.00000     100005.00000      0.7222        drrr_15+rrri 
I         32     100004.00000     100005.00000     100004.00000      0.9062         drrr_15+rrg 
I        300     100004.00000     100004.00000     100008.00000      2.4717         drrr_15+rrg 

Method statistics
S  method    iter  succ  succ-rate%  tot-obj-gain  avg-obj-gain  rel-succ%  net-time  net-time%  brut-time  brut-time%
S  con          1     1   100.00000     -49.00000     -49.00000    9.09091   0.11585    4.68700    0.11585     4.68700
S  drrr_15    299     5     1.67224      -7.00000      -0.02341   45.45455   0.00543    0.21950    0.00543     0.21950
S  rrg         98     1     1.02041      -1.00000      -0.01020    9.09091   0.81945   33.15220    0.81945    33.15220
S  rroi       104     0     0.00000       0.00000       0.00000    0.00000   0.69984   28.31341    0.69984    28.31341
S  rrri        97     4     4.12371      -6.00000      -0.06186   36.36364   0.82978   33.57006    0.82978    33.57006
S  SUM/AVG    599    11     1.83639     -63.00000      -0.10518   20.00000   2.47034   99.94217    2.47034    99.94217

T best solution: EADARPSolution(t_routing=-1.0, t_excess=-1.0, obj_val=100004.0, obj_val_valid=true,
    unserved_requests=[5, 34, 41, 47], F_visited=[128, 131, 129, 130, 132], S_visited=[135, 134, 133],
    (1, ([123, 40, 100, 30, 90, 28, 88, 23, 83, 54, 1, 114, 61, 55, 115, 7, 67, 135, 60, 120, 22, 29, 82, 10, 48, 89, 70, 36, 108, 96, 14, 74, 19, 79, 128], [94.70905725554853], [18]))
    (2, ([124, 21, 52, 112, 81, 8, 38, 68, 98, 20, 80, 59, 12, 119, 72, 11, 27, 71, 87, 53, 113, 133, 31, 46, 58, 91, 118, 106, 18, 26, 86, 78, 25, 85, 129], [159.52111375038808], [22]))
    (3, ([125, 43, 103, 16, 57, 76, 117, 56, 116, 45, 105, 3, 63, 24, 84, 51, 111, 13, 73, 44, 9, 104, 69, 33, 32, 93, 92, 15, 75, 134, 130], [169.83123279532148], [30]))
    (4, ([126, 49, 2, 109, 62, 39, 99, 6, 66, 37, 97, 131], Float64[], Int64[]))
    (5, ([127, 42, 102, 4, 64, 50, 17, 77, 110, 35, 95, 132], Float64[], Int64[])))

T best obj: 100004.0
T best iteration: 32
T total iterations: 300
T best time [s]: 0.906
T total time [s]: 2.4718
