EADARP version 585c-dirty
ARGS: --ifile=EADARP/instances/l1/a5-60.txt --infeasible_arcs=EADARP/infeasible_arcs --gamma=0.7 --only_single_s_visits=false --odir=EADARP/out/a5-60 --oname=run84
Settings:
--alns_gamma=0.025
--alns_segment_size=100
--alns_sigma1=10
--alns_sigma2=9
--alns_sigma3=3
--at_most_one_s=false
--gamma=0.7
--ifile=EADARP/instances/l1/a5-60.txt
--infeasible_arcs=EADARP/infeasible_arcs
--insert_charging_otf=true
--insert_cost_noise=0.014
--lns_init_temp_factor=0.0
--lns_temp_dec_factor=0.99
--mh_checkit=false
--mh_lfreq=0
--mh_lnewinc=true
--mh_tciter=-1
--mh_tctime=-1.0
--mh_titer=30000
--mh_tobj=-1.0
--mh_ttime=-1.0
--odir=EADARP/out/a5-60
--oname=run84
--only_single_s_visits=false
--repair_max_routes=0
--seed=198504525
--use_milp_in_otf=0
--xcheck_isfeasible=false

EADARPInstance(EADARP/instances/l1/a5-60.txt, n=60, n_K=5, S=[133, 134, 135], Q=14.85, n_F=5, γ=0.7, T_plan=720.0, F=[128, 129, 130, 131, 132])

T preprocessing time [s]: 1.79548
I       iter             best          obj_old          obj_new        time              method info
I          1        813.22764     100060.00000        813.22764      0.1456                 con 
I          2        803.99508        813.22764        803.99508      0.1784         drrr_15+rrg 
I          3        791.88733        803.99508        791.88733      0.2015        drrr_15+rroi 
I          4        767.53224        791.88733        767.53224      0.2477        drrr_15+rroi 
I          7        760.88956        767.53224        760.88956      0.2929        drrr_15+rroi 
I          8        748.66740        760.88956        748.66740      0.3126        drrr_15+rrri 
I          9        740.23067        748.66740        740.23067      0.3443         drrr_15+rrg 
I         15        735.29527        740.23067        735.29527      0.4587        drrr_15+rroi 
I         18        734.82314        735.29527        734.82314      0.4797        drrr_15+rrri 
I         19        734.52459        734.82314        734.52459      0.4871         drrr_15+rrg 
I         20        733.62186        734.52459        733.62186      0.4890         drrr_15+rrg 
I         41        732.21004        733.62186        732.21004      0.5723        drrr_15+rroi 
I         50        732.14594        732.21004        732.14594      0.6115        drrr_15+rrri 
I         52        730.12445        732.14594        730.12445      0.6325        drrr_15+rrri 
I         61        728.88032        730.12445        728.88032      0.6938        drrr_15+rroi 
I         76        726.76548        728.88032        726.76548      0.7628        drrr_15+rrri 
I         87        725.86890        726.76548        725.86890      0.8337         drrr_15+rrg 
I        109        725.60159        725.86890        725.60159      0.8839        drrr_15+rroi 
I        115        724.50358        725.60159        724.50358      0.8953        drrr_15+rrri 
I        117        723.49391        724.50358        723.49391      0.9080        drrr_15+rroi 
I        138        721.08292        723.49391        721.08292      1.0227        drrr_15+rrri 
I        149        720.26910        721.08292        720.26910      1.0784        drrr_15+rroi 
I        315        719.35782        720.26910        719.35782      1.2762         drrr_15+rrg 
I        325        719.21917        719.35782        719.21917      1.2920         drrr_15+rrg 
I        427        718.63779        719.21917        718.63779      1.3960        drrr_15+rrri 
I        432        715.70482        718.63779        715.70482      1.3975        drrr_15+rrri 
I        563        715.39345        715.70482        715.39345      1.5388        drrr_15+rrri 
I        566        714.90747        715.39345        714.90747      1.5514        drrr_15+rroi 
I        587        714.83492        714.90747        714.83492      1.5722         drrr_15+rrg 
I        714        714.83492        714.83492        714.83492      1.6675         drrr_15+rrg 
I        749        714.43857        714.83492        714.43857      1.7046        drrr_15+rrri 
I       1235        709.64126        714.43857        709.64126      1.9408        drrr_15+rroi 
I       1259        708.95641        709.64126        708.95641      1.9544        drrr_15+rrri 
I       1352        708.68083        708.95641        708.68083      2.0153         drrr_15+rrg 
I       1419        705.98717        708.68083        705.98717      2.0561        drrr_15+rrri 
I       1569        705.70356        705.98717        705.70356      2.1633        drrr_15+rrri 
I      30000        705.70356        705.70356        722.81788     12.0253        drrr_15+rrri 

Method statistics
S  method    iter  succ  succ-rate%  tot-obj-gain  avg-obj-gain  rel-succ%  net-time  net-time%  brut-time  brut-time%
S  con          1     1   100.00000  -99246.77236  -99246.77236    1.40845   0.14559    1.21072    0.14559     1.21072
S  drrr_15  29999    35     0.11667    -107.52409      -0.00358   49.29577   0.27504    2.28720    0.27504     2.28720
S  rrg      10012    10     0.09988     -21.16521      -0.00211   14.08451   5.44155   45.25091    5.44155    45.25091
S  rroi      9878    11     0.11136     -58.07095      -0.00588   15.49296   2.80644   23.33781    2.80644    23.33781
S  rrri     10109    14     0.13849     -28.28792      -0.00280   19.71831   3.29399   27.39222    3.29399    27.39222
S  SUM/AVG  59999    71     0.11834  -99461.82053      -1.65772   20.00000  11.96263   99.47886   11.96263    99.47886

T best solution: EADARPSolution(t_routing=886.908, t_excess=162.09, obj_val=705.704, obj_val_valid=true,
    unserved_requests=Int64[], F_visited=[130, 132, 129, 128, 131], S_visited=Int64[],
    (1, ([123, 40, 100, 30, 90, 28, 88, 49, 2, 109, 62, 39, 99, 3, 63, 134, 42, 102, 44, 9, 104, 69, 33, 32, 93, 15, 92, 75, 50, 17, 77, 110, 35, 95, 133, 128], [64.15089727272354, 93.79432897274991], [16, 35]))
    (2, ([124, 38, 8, 68, 98, 43, 103, 16, 57, 76, 117, 56, 116, 45, 105, 12, 72, 6, 66, 4, 64, 29, 10, 89, 70, 133, 129], [86.84503579365071], [26]))
    (3, ([125, 23, 83, 54, 1, 114, 61, 55, 115, 7, 67, 24, 84, 51, 111, 34, 94, 133, 31, 91, 46, 58, 118, 106, 18, 26, 86, 78, 25, 85, 133, 130], [127.67934699783694, 7.359704515965827], [18, 31]))
    (4, ([126, 20, 80, 11, 27, 71, 87, 53, 113, 13, 73, 22, 82, 5, 65, 41, 101, 37, 97, 133, 131], [71.71054595268313], [20]))
    (5, ([127, 21, 52, 112, 81, 59, 119, 60, 120, 47, 107, 48, 108, 36, 96, 14, 74, 19, 79, 133, 132], [30.36825676197898], [20])))

T best obj: 705.7035561305174
T best iteration: 1569
T total iterations: 30000
T best time [s]: 2.163
T total time [s]: 12.0253
