EADARP version 585c-dirty
ARGS: --ifile=EADARP/instances/l1/a5-60.txt --infeasible_arcs=EADARP/infeasible_arcs --gamma=0.7 --only_single_s_visits=false --odir=EADARP/out/a5-60 --oname=run8
Settings:
--alns_gamma=0.025
--alns_segment_size=100
--alns_sigma1=10
--alns_sigma2=9
--alns_sigma3=3
--at_most_one_s=false
--gamma=0.7
--ifile=EADARP/instances/l1/a5-60.txt
--infeasible_arcs=EADARP/infeasible_arcs
--insert_charging_otf=true
--insert_cost_noise=0.014
--lns_init_temp_factor=0.0
--lns_temp_dec_factor=0.99
--mh_checkit=false
--mh_lfreq=0
--mh_lnewinc=true
--mh_tciter=-1
--mh_tctime=-1.0
--mh_titer=30000
--mh_tobj=-1.0
--mh_ttime=-1.0
--odir=EADARP/out/a5-60
--oname=run8
--only_single_s_visits=false
--repair_max_routes=0
--seed=962333541
--use_milp_in_otf=0
--xcheck_isfeasible=false

EADARPInstance(EADARP/instances/l1/a5-60.txt, n=60, n_K=5, S=[133, 134, 135], Q=14.85, n_F=5, γ=0.7, T_plan=720.0, F=[128, 129, 130, 131, 132])

T preprocessing time [s]: 1.7764
I       iter             best          obj_old          obj_new        time              method info
I          1        818.93354     100060.00000        818.93354      0.1547                 con 
I          2        812.09326        818.93354        812.09326      0.2103         drrr_15+rrg 
I          4        785.30396        812.09326        785.30396      0.2733        drrr_15+rrri 
I          5        785.20440        785.30396        785.20440      0.3129        drrr_15+rroi 
I          6        782.59425        785.20440        782.59425      0.3264         drrr_15+rrg 
I          7        781.56588        782.59425        781.56588      0.3563        drrr_15+rroi 
I          8        778.36504        781.56588        778.36504      0.3709        drrr_15+rrri 
I         10        774.58131        778.36504        774.58131      0.3872        drrr_15+rrri 
I         11        768.77611        774.58131        768.77611      0.4052        drrr_15+rrri 
I         12        767.79029        768.77611        767.79029      0.4199        drrr_15+rroi 
I         14        756.40039        767.79029        756.40039      0.4509        drrr_15+rroi 
I         16        749.98238        756.40039        749.98238      0.4768         drrr_15+rrg 
I         18        745.84860        749.98238        745.84860      0.5252        drrr_15+rroi 
I         24        738.79521        745.84860        738.79521      0.6105        drrr_15+rroi 
I         37        737.10724        738.79521        737.10724      0.7044        drrr_15+rrri 
I         39        728.52903        737.10724        728.52903      0.7196         drrr_15+rrg 
I         44        727.02205        728.52903        727.02205      0.7355         drrr_15+rrg 
I         45        723.04962        727.02205        723.04962      0.7382        drrr_15+rrri 
I         52        722.01688        723.04962        722.01688      0.7578        drrr_15+rrri 
I         54        717.77020        722.01688        717.77020      0.7944        drrr_15+rrri 
I         59        717.45062        717.77020        717.45062      0.8019         drrr_15+rrg 
I         78        707.74718        717.45062        707.74718      0.8633         drrr_15+rrg 
I        154        705.26445        707.74718        705.26445      0.9912        drrr_15+rroi 
I        164        704.96944        705.26445        704.96944      1.0214         drrr_15+rrg 
I        167        704.53774        704.96944        704.53774      1.0251         drrr_15+rrg 
I       1280        704.52848        704.53774        704.52848      1.8176        drrr_15+rrri 
I       1292        704.51565        704.52848        704.51565      1.8281        drrr_15+rrri 
I       1386        704.02467        704.51565        704.02467      1.8999        drrr_15+rroi 
I      30000        704.02467        704.02467        707.79933     12.0518        drrr_15+rroi 

Method statistics
S  method    iter  succ  succ-rate%  tot-obj-gain  avg-obj-gain  rel-succ%  net-time  net-time%  brut-time  brut-time%
S  con          1     1   100.00000  -99241.06646  -99241.06646    1.81818   0.15466    1.28326    0.15466     1.28326
S  drrr_15  29999    27     0.09000    -114.90888      -0.00383   49.09091   0.28109    2.33233    0.28109     2.33233
S  rrg      10151     9     0.08866     -36.70337      -0.00362   16.36364   5.49746   45.61526    5.49746    45.61526
S  rroi      9852     8     0.08120     -27.66454      -0.00281   14.54545   2.85251   23.66876    2.85251    23.66876
S  rrri      9996    10     0.10004     -50.54097      -0.00506   18.18182   3.19870   26.54129    3.19870    26.54129
S  SUM/AVG  59999    55     0.09167  -99470.88421      -1.65788   20.00000  11.98441   99.44090   11.98441    99.44090

T best solution: EADARPSolution(t_routing=872.828, t_excess=197.616, obj_val=704.025, obj_val_valid=true,
    unserved_requests=Int64[], F_visited=[129, 130, 128, 132, 131], S_visited=Int64[],
    (1, ([123, 38, 8, 68, 98, 43, 103, 16, 57, 76, 117, 56, 116, 24, 84, 51, 111, 34, 94, 46, 58, 118, 106, 133, 128], [83.16329581037871], [24]))
    (2, ([124, 23, 83, 20, 80, 3, 63, 42, 102, 4, 64, 29, 10, 89, 70, 31, 91, 14, 74, 19, 79, 133, 129], [43.85649614028739], [22]))
    (3, ([125, 21, 52, 112, 81, 59, 12, 119, 72, 6, 66, 48, 108, 36, 96, 35, 95, 133, 130], [48.81504347571614], [18]))
    (4, ([126, 54, 1, 114, 61, 55, 115, 7, 67, 135, 60, 120, 13, 73, 44, 9, 104, 69, 33, 32, 93, 15, 92, 75, 5, 65, 41, 101, 37, 97, 133, 131], [43.175259431796626, 98.87492814302482], [10, 31]))
    (5, ([127, 40, 100, 30, 90, 28, 88, 49, 2, 109, 62, 39, 45, 105, 99, 11, 27, 71, 87, 53, 113, 135, 47, 107, 135, 22, 82, 50, 17, 110, 77, 18, 26, 86, 78, 25, 85, 133, 132], [22.89471583497255, 74.03109461879302, 53.01687751707186], [22, 25, 38])))

T best obj: 704.0246676933314
T best iteration: 1386
T total iterations: 30000
T best time [s]: 1.900
T total time [s]: 12.0518
