EADARP version 585c-dirty
ARGS: --ifile=EADARP/instances/l1/a5-60.txt --infeasible_arcs=EADARP/infeasible_arcs --gamma=0.7 --only_single_s_visits=false --odir=EADARP/out/a5-60 --oname=run97
Settings:
--alns_gamma=0.025
--alns_segment_size=100
--alns_sigma1=10
--alns_sigma2=9
--alns_sigma3=3
--at_most_one_s=false
--gamma=0.7
--ifile=EADARP/instances/l1/a5-60.txt
--infeasible_arcs=EADARP/infeasible_arcs
--insert_charging_otf=true
--insert_cost_noise=0.014
--lns_init_temp_factor=0.0
--lns_temp_dec_factor=0.99
--mh_checkit=false
--mh_lfreq=0
--mh_lnewinc=true
--mh_tciter=-1
--mh_tctime=-1.0
--mh_titer=30000
--mh_tobj=-1.0
--mh_ttime=-1.0
--odir=EADARP/out/a5-60
--oname=run97
--only_single_s_visits=false
--repair_max_routes=0
--seed=972949532
--use_milp_in_otf=0
--xcheck_isfeasible=false

EADARPInstance(EADARP/instances/l1/a5-60.txt, n=60, n_K=5, S=[133, 134, 135], Q=14.85, n_F=5, γ=0.7, T_plan=720.0, F=[128, 129, 130, 131, 132])

T preprocessing time [s]: 1.93114
I       iter             best          obj_old          obj_new        time              method info
I          1        819.07223     100060.00000        819.07223      0.1571                 con 
I          3        812.45158        819.07223        812.45158      0.2320        drrr_15+rroi 
I          4        784.46190        812.45158        784.46190      0.2617        drrr_15+rroi 
I          6        781.65429        784.46190        781.65429      0.3529        drrr_15+rroi 
I          7        774.17906        781.65429        774.17906      0.4031        drrr_15+rrri 
I          9        769.54787        774.17906        769.54787      0.4434        drrr_15+rroi 
I         12        763.46831        769.54787        763.46831      0.5280        drrr_15+rrri 
I         17        754.74649        763.46831        754.74649      0.5833         drrr_15+rrg 
I         18        750.44172        754.74649        750.44172      0.6065         drrr_15+rrg 
I         27        744.46587        750.44172        744.46587      0.7286        drrr_15+rroi 
I         28        738.79378        744.46587        738.79378      0.7400        drrr_15+rroi 
I         29        736.51046        738.79378        736.51046      0.7536        drrr_15+rroi 
I         31        736.07847        736.51046        736.07847      0.7689         drrr_15+rrg 
I         32        731.90745        736.07847        731.90745      0.7815         drrr_15+rrg 
I         34        729.40478        731.90745        729.40478      0.7972        drrr_15+rroi 
I         37        727.69262        729.40478        727.69262      0.8395         drrr_15+rrg 
I         48        722.02874        727.69262        722.02874      0.9115         drrr_15+rrg 
I         54        719.87677        722.02874        719.87677      0.9312         drrr_15+rrg 
I         88        717.23042        719.87677        717.23042      1.0711        drrr_15+rrri 
I         89        713.31476        717.23042        713.31476      1.0726        drrr_15+rrri 
I        172        712.58648        713.31476        712.58648      1.2093         drrr_15+rrg 
I        181        710.57883        712.58648        710.57883      1.2165         drrr_15+rrg 
I        193        708.35417        710.57883        708.35417      1.2272         drrr_15+rrg 
I        197        708.31931        708.35417        708.31931      1.2340         drrr_15+rrg 
I        199        706.64320        708.31931        706.64320      1.2347        drrr_15+rroi 
I        228        705.58427        706.64320        705.58427      1.2741         drrr_15+rrg 
I        235        704.22986        705.58427        704.22986      1.2903        drrr_15+rroi 
I       1848        703.02879        704.22986        703.02879      2.4645         drrr_15+rrg 
I       6546        702.87459        703.02879        702.87459      4.4712        drrr_15+rrri 
I       6547        702.62630        702.87459        702.62630      4.4714        drrr_15+rroi 
I       6616        701.51884        702.62630        701.51884      4.5044        drrr_15+rrri 
I       6618        700.86892        701.51884        700.86892      4.5048        drrr_15+rrri 
I       6633        696.24069        700.86892        696.24069      4.5301        drrr_15+rrri 
I      30000        696.24069        696.24069        702.35604     12.4888         drrr_15+rrg 

Method statistics
S  method    iter  succ  succ-rate%  tot-obj-gain  avg-obj-gain  rel-succ%  net-time  net-time%  brut-time  brut-time%
S  con          1     1   100.00000  -99240.92777  -99240.92777    1.53846   0.15706    1.25761    0.15706     1.25761
S  drrr_15  29999    32     0.10667    -122.83154      -0.00409   49.23077   0.28338    2.26909    0.28338     2.26909
S  rrg      10015    13     0.12981     -34.41308      -0.00344   20.00000   5.48938   43.95440    5.48938    43.95440
S  rroi      9998    11     0.11002     -61.76185      -0.00618   16.92308   2.99022   23.94323    2.99022    23.94323
S  rrri      9986     8     0.08011     -26.65661      -0.00267   12.30769   3.48338   27.89200    3.48338    27.89200
S  SUM/AVG  59999    65     0.10834  -99486.59085      -1.65814   20.00000  12.40342   99.31632   12.40342    99.31632

T best solution: EADARPSolution(t_routing=870.223, t_excess=174.294, obj_val=696.241, obj_val_valid=true,
    unserved_requests=Int64[], F_visited=[132, 129, 130, 128, 131], S_visited=Int64[],
    (1, ([123, 134, 21, 52, 112, 81, 59, 12, 119, 72, 11, 27, 71, 87, 53, 113, 13, 73, 22, 29, 82, 10, 89, 70, 31, 91, 46, 58, 118, 106, 133, 128], [5.2885201488196, 114.89106080687554], [2, 31]))
    (2, ([124, 20, 80, 1, 61, 55, 115, 7, 67, 60, 120, 47, 107, 48, 108, 36, 96, 35, 95, 133, 129], [53.69578910550499], [20]))
    (3, ([125, 38, 8, 68, 98, 43, 103, 16, 57, 76, 117, 56, 116, 24, 84, 51, 111, 34, 94, 41, 101, 37, 97, 133, 130], [90.74357785735215], [24]))
    (4, ([126, 40, 100, 30, 90, 28, 88, 23, 83, 54, 114, 45, 105, 3, 63, 134, 42, 102, 44, 9, 104, 69, 33, 32, 93, 15, 92, 75, 5, 65, 134, 14, 74, 19, 79, 133, 131], [86.58226365634802, 58.624366222462754, 2.9045273166819254], [16, 31, 36]))
    (5, ([127, 49, 2, 109, 62, 39, 99, 6, 66, 4, 64, 50, 17, 110, 77, 18, 26, 86, 78, 25, 85, 133, 132], [52.49275830613769], [22])))

T best obj: 696.2406884720415
T best iteration: 6633
T total iterations: 30000
T best time [s]: 4.530
T total time [s]: 12.4888
