EADARP version 585c-dirty
ARGS: --ifile=EADARP/instances/l1/a5-60.txt --infeasible_arcs=EADARP/infeasible_arcs --gamma=0.7 --only_single_s_visits=false --odir=EADARP/out/a5-60 --oname=run91
Settings:
--alns_gamma=0.025
--alns_segment_size=100
--alns_sigma1=10
--alns_sigma2=9
--alns_sigma3=3
--at_most_one_s=false
--gamma=0.7
--ifile=EADARP/instances/l1/a5-60.txt
--infeasible_arcs=EADARP/infeasible_arcs
--insert_charging_otf=true
--insert_cost_noise=0.014
--lns_init_temp_factor=0.0
--lns_temp_dec_factor=0.99
--mh_checkit=false
--mh_lfreq=0
--mh_lnewinc=true
--mh_tciter=-1
--mh_tctime=-1.0
--mh_titer=30000
--mh_tobj=-1.0
--mh_ttime=-1.0
--odir=EADARP/out/a5-60
--oname=run91
--only_single_s_visits=false
--repair_max_routes=0
--seed=663467640
--use_milp_in_otf=0
--xcheck_isfeasible=false

EADARPInstance(EADARP/instances/l1/a5-60.txt, n=60, n_K=5, S=[133, 134, 135], Q=14.85, n_F=5, γ=0.7, T_plan=720.0, F=[128, 129, 130, 131, 132])

T preprocessing time [s]: 1.84254
I       iter             best          obj_old          obj_new        time              method info
I          1        823.90504     100060.00000        823.90504      0.1563                 con 
I          3        820.50891        823.90504        820.50891      0.2263         drrr_15+rrg 
I          5        817.60949        820.50891        817.60949      0.2754        drrr_15+rrri 
I          7        816.18512        817.60949        816.18512      0.3185         drrr_15+rrg 
I          8        808.34729        816.18512        808.34729      0.3332        drrr_15+rrri 
I          9        794.46674        808.34729        794.46674      0.3527         drrr_15+rrg 
I         12        786.98894        794.46674        786.98894      0.4024        drrr_15+rroi 
I         14        779.88195        786.98894        779.88195      0.4251        drrr_15+rroi 
I         16        749.87625        779.88195        749.87625      0.4527        drrr_15+rroi 
I         17        746.32038        749.87625        746.32038      0.4795         drrr_15+rrg 
I         18        742.21713        746.32038        742.21713      0.4920        drrr_15+rrri 
I         20        736.60081        742.21713        736.60081      0.5249         drrr_15+rrg 
I         35        735.14285        736.60081        735.14285      0.6558        drrr_15+rrri 
I         37        731.24855        735.14285        731.24855      0.6778        drrr_15+rroi 
I         38        730.96767        731.24855        730.96767      0.6810         drrr_15+rrg 
I         39        721.64400        730.96767        721.64400      0.7012        drrr_15+rroi 
I         42        718.63731        721.64400        718.63731      0.7129         drrr_15+rrg 
I         65        718.51468        718.63731        718.51468      0.8684        drrr_15+rroi 
I         67        718.25815        718.51468        718.25815      0.8860         drrr_15+rrg 
I         68        718.22764        718.25815        718.22764      0.9012         drrr_15+rrg 
I         71        712.80468        718.22764        712.80468      0.9263         drrr_15+rrg 
I         75        712.42200        712.80468        712.42200      0.9483        drrr_15+rrri 
I         94        712.42200        712.42200        712.42200      1.0240         drrr_15+rrg 
I        303        711.81698        712.42200        711.81698      1.3393         drrr_15+rrg 
I        984        710.83875        711.81698        710.83875      1.8513         drrr_15+rrg 
I        999        710.80824        710.83875        710.80824      1.8709        drrr_15+rroi 
I       1867        710.40498        710.80824        710.40498      2.4082        drrr_15+rrri 
I       1889        710.05281        710.40498        710.05281      2.4287         drrr_15+rrg 
I       1953        710.02230        710.05281        710.02230      2.4690         drrr_15+rrg 
I       2193        706.93835        710.02230        706.93835      2.5767         drrr_15+rrg 
I       2199        706.90784        706.93835        706.90784      2.5801        drrr_15+rroi 
I       3638        706.44887        706.90784        706.44887      3.1690         drrr_15+rrg 
I       3644        705.16013        706.44887        705.16013      3.1713         drrr_15+rrg 
I       3656        703.47040        705.16013        703.47040      3.1750        drrr_15+rroi 
I       3658        703.43989        703.47040        703.43989      3.1757        drrr_15+rrri 
I       3662        703.36777        703.43989        703.36777      3.1772         drrr_15+rrg 
I       3667        702.93606        703.36777        702.93606      3.1784        drrr_15+rroi 
I       3723        701.62666        702.93606        701.62666      3.2174        drrr_15+rrri 
I       3725        701.59615        701.62666        701.59615      3.2178        drrr_15+rroi 
I       3840        700.42719        701.59615        700.42719      3.2668         drrr_15+rrg 
I       3841        699.83030        700.42719        699.83030      3.2670        drrr_15+rrri 
I       3853        699.79979        699.83030        699.79979      3.2698        drrr_15+rrri 
I       3888        698.81755        699.79979        698.81755      3.2821        drrr_15+rrri 
I       3902        698.34425        698.81755        698.34425      3.2857        drrr_15+rrri 
I       3926        698.31374        698.34425        698.31374      3.2939        drrr_15+rrri 
I       3927        698.31374        698.31374        698.31374      3.2941        drrr_15+rrri 
I      20354        697.42208        698.31374        697.42208      9.0901        drrr_15+rrri 
I      20367        696.43902        697.42208        696.43902      9.0931        drrr_15+rroi 
I      20387        696.43902        696.43902        696.43902      9.0987        drrr_15+rroi 
I      30000        696.43902        696.43902        696.83538     12.2554         drrr_15+rrg 

Method statistics
S  method    iter  succ  succ-rate%  tot-obj-gain  avg-obj-gain  rel-succ%  net-time  net-time%  brut-time  brut-time%
S  con          1     1   100.00000  -99236.09496  -99236.09496    1.03093   0.15631    1.27546    0.15631     1.27546
S  drrr_15  29999    48     0.16001    -127.46602      -0.00425   49.48454   0.27403    2.23599    0.27403     2.23599
S  rrg      10066    20     0.19869     -44.90949      -0.00446   20.61856   5.45456   44.50742    5.45456    44.50742
S  rroi      9970    13     0.13039     -61.12710      -0.00613   13.40206   2.72367   22.22424    2.72367    22.22424
S  rrri      9963    15     0.15056     -21.42943      -0.00215   15.46392   3.60007   29.37536    3.60007    29.37536
S  SUM/AVG  59999    97     0.16167  -99491.02700      -1.65821   20.00000  12.20864   99.61847   12.20864    99.61847

T best solution: EADARPSolution(t_routing=877.526, t_excess=153.177, obj_val=696.439, obj_val_valid=true,
    unserved_requests=Int64[], F_visited=[131, 129, 130, 128, 132], S_visited=Int64[],
    (1, ([123, 21, 52, 112, 81, 59, 12, 119, 72, 11, 27, 71, 87, 13, 73, 44, 9, 104, 69, 33, 32, 93, 92, 5, 65, 133, 128], [117.25176059924138], [26]))
    (2, ([124, 54, 114, 45, 105, 42, 102, 4, 64, 22, 29, 82, 10, 89, 70, 31, 91, 14, 74, 19, 79, 133, 129], [34.0340908737756], [22]))
    (3, ([125, 38, 8, 68, 98, 43, 103, 16, 57, 76, 117, 56, 116, 24, 84, 51, 111, 133, 48, 108, 36, 96, 58, 46, 118, 106, 18, 26, 86, 78, 25, 85, 133, 130], [133.13569260906166, 14.936081394525322], [18, 33]))
    (4, ([126, 40, 100, 30, 90, 28, 88, 49, 2, 109, 62, 39, 99, 3, 63, 53, 113, 34, 94, 6, 66, 15, 75, 41, 101, 37, 97, 133, 131], [103.26088401046468], [28]))
    (5, ([127, 23, 83, 20, 80, 1, 61, 55, 115, 7, 67, 60, 120, 47, 107, 50, 17, 77, 110, 35, 95, 133, 132], [69.90788989133222], [22])))

T best obj: 696.4390219016756
T best iteration: 20387
T total iterations: 30000
T best time [s]: 9.099
T total time [s]: 12.2554
