EADARP version e957-dirty
ARGS: ["--prepthreshold=1.125", "--only_single_s_visits=0", "--gamma=0.7", "--ifile=EADARP/instances/l1/a8-80.txt", "--odir=EADARP/out/l1-s0-g0.7", "--oname=a8-80_1.125_12"]
Settings:
--alns_gamma=0.025
--alns_segment_size=100
--alns_sigma1=10
--alns_sigma2=9
--alns_sigma3=3
--at_most_one_s=false
--gamma=0.7
--ifile=EADARP/instances/l1/a8-80.txt
--infeasible_arcs=EADARP/infeasible_arcs
--insert_charging_otf=true
--insert_cost_noise=0.014
--lns_init_temp_factor=0.0
--lns_temp_dec_factor=0.99
--log_all_sols_fname=
--mh_checkit=false
--mh_lfreq=0
--mh_lnewinc=true
--mh_tciter=-1
--mh_tctime=-1.0
--mh_titer=30000
--mh_tobj=-1.0
--mh_ttime=-1.0
--odir=EADARP/out/l1-s0-g0.7
--ofile=
--oname=a8-80_1.125_12
--only_single_s_visits=false
--prepthreshold=1.125
--repair_max_routes=0
--route_based_ops=0
--seed=1288711853
--tightened_windows=EADARP/tightened_windows
--use_milp_in_otf=0
--xcheck_isfeasible=false

EADARPInstance(EADARP/instances/l1/a8-80.txt, n=80, n_K=8, S=[179, 180, 181], Q=14.85, n_F=8, γ=0.7, T_plan=600.0, F=[171, 172, 173, 174, 175, 176, 177, 178])

T preprocessing time [s]: 5.95216
I       iter             best          obj_old          obj_new        time              method info
I          1        950.24856     100080.00000        950.24856      0.2775                 con 
I          3        945.37755        950.24856        945.37755      0.3660        drrr_15+rroi 
I          4        929.13945        945.37755        929.13945      0.4255         drrr_15+rrg 
I          5        917.76207        929.13945        917.76207      0.4611        drrr_15+rroi 
I          7        911.25898        917.76207        911.25898      0.4812         drrr_15+rrg 
I         10        910.46844        911.25898        910.46844      0.5397        drrr_15+rrri 
I         11        908.85037        910.46844        908.85037      0.5692        drrr_15+rroi 
I         12        906.64701        908.85037        906.64701      0.5804        drrr_15+rroi 
I         13        892.85245        906.64701        892.85245      0.6054        drrr_15+rroi 
I         14        888.10963        892.85245        888.10963      0.6314         drrr_15+rrg 
I         15        886.41624        888.10963        886.41624      0.6547         drrr_15+rrg 
I         16        883.99531        886.41624        883.99531      0.6611        drrr_15+rrri 
I         21        880.89351        883.99531        880.89351      0.7504         drrr_15+rrg 
I         22        870.66877        880.89351        870.66877      0.7633         drrr_15+rrg 
I         27        866.38469        870.66877        866.38469      0.8452        drrr_15+rroi 
I         37        866.29269        866.38469        866.29269      0.9497        drrr_15+rroi 
I         49        866.03748        866.29269        866.03748      1.0031        drrr_15+rrri 
I         58        864.69344        866.03748        864.69344      1.0595         drrr_15+rrg 
I         69        863.10184        864.69344        863.10184      1.1331        drrr_15+rrri 
I         71        857.68630        863.10184        857.68630      1.1492         drrr_15+rrg 
I         73        856.96911        857.68630        856.96911      1.1613         drrr_15+rrg 
I         91        855.13769        856.96911        855.13769      1.2873        drrr_15+rrri 
I         93        852.82157        855.13769        852.82157      1.3046         drrr_15+rrg 
I        101        852.70354        852.82157        852.70354      1.3370        drrr_15+rroi 
I        128        852.70354        852.70354        852.70354      1.5646         drrr_15+rrg 
I        138        852.57866        852.70354        852.57866      1.6133         drrr_15+rrg 
I        151        852.40194        852.57866        852.40194      1.6447        drrr_15+rrri 
I       1234        851.57351        852.40194        851.57351      3.7562         drrr_15+rrg 
I       1427        851.16262        851.57351        851.16262      4.0992        drrr_15+rrri 
I       5796        850.61725        851.16262        850.61725     10.5050        drrr_15+rrri 
I       7316        849.58731        850.61725        849.58731     12.6181        drrr_15+rrri 
I       7978        849.57542        849.58731        849.57542     13.5342        drrr_15+rrri 
I       8694        848.65574        849.57542        848.65574     14.4806        drrr_15+rrri 
I       8845        848.30657        848.65574        848.30657     14.6931        drrr_15+rroi 
I       8865        845.96044        848.30657        845.96044     14.7134        drrr_15+rroi 
I       8891        844.01577        845.96044        844.01577     14.7467        drrr_15+rroi 
I       9139        842.18060        844.01577        842.18060     15.0805        drrr_15+rrri 
I      10753        842.16800        842.18060        842.16800     17.2377        drrr_15+rroi 
I      10756        841.80252        842.16800        841.80252     17.2415        drrr_15+rroi 
I      10786        841.56706        841.80252        841.56706     17.2898         drrr_15+rrg 
I      10888        841.44219        841.56706        841.44219     17.4665        drrr_15+rrri 
I      10907        841.16806        841.44219        841.16806     17.4951        drrr_15+rroi 
I      12201        840.43761        841.16806        840.43761     19.4111        drrr_15+rrri 
I      12202        839.95846        840.43761        839.95846     19.4122        drrr_15+rrri 
I      12226        838.80253        839.95846        838.80253     19.4481        drrr_15+rrri 
I      14546        836.69450        838.80253        836.69450     22.5187        drrr_15+rroi 
I      14556        836.09938        836.69450        836.09938     22.5309         drrr_15+rrg 
I      14600        835.97451        836.09938        835.97451     22.5926        drrr_15+rrri 
I      14649        835.83637        835.97451        835.83637     22.6643         drrr_15+rrg 
I      14664        835.32194        835.83637        835.32194     22.6878         drrr_15+rrg 
I      14912        835.19706        835.32194        835.19706     23.0072        drrr_15+rroi 
I      15032        834.09985        835.19706        834.09985     23.1541        drrr_15+rroi 
I      15048        833.75973        834.09985        833.75973     23.1764         drrr_15+rrg 
I      15087        833.54339        833.75973        833.54339     23.2327        drrr_15+rroi 
I      15173        833.41571        833.54339        833.41571     23.3454        drrr_15+rroi 
I      26147        833.20743        833.41571        833.20743     37.4631        drrr_15+rrri 
I      26247        832.18434        833.20743        832.18434     37.5851         drrr_15+rrg 
I      26274        831.85691        832.18434        831.85691     37.6170         drrr_15+rrg 
I      26275        831.21760        831.85691        831.21760     37.6179        drrr_15+rrri 
I      26390        831.09273        831.21760        831.09273     37.7620         drrr_15+rrg 
I      30000        831.09273        831.09273        853.64696     42.3404        drrr_15+rroi 

Method statistics
S  method    iter  succ  succ-rate%  tot-obj-gain  avg-obj-gain  rel-succ%  net-time  net-time%  brut-time  brut-time%
S  con          1     1   100.00000  -99129.75144  -99129.75144    0.84034   0.27743    0.65524    0.27743     0.65524
S  drrr_15  29999    59     0.19667    -119.15583      -0.00397   49.57983   1.38428    3.26940    1.38428     3.26940
S  rrg      10090    21     0.20813     -56.54878      -0.00560   17.64706  20.08625   47.43984   20.08625    47.43984
S  rroi      9965    19     0.19067     -47.32482      -0.00475   15.96639   9.77683   23.09099    9.77683    23.09099
S  rrri      9944    19     0.19107     -15.28223      -0.00154   15.96639  10.48430   24.76188   10.48430    24.76188
S  SUM/AVG  59999   119     0.19834  -99368.06310      -1.65616   20.00000  42.00909   99.21735   42.00909    99.21735

T best solution: EADARPSolution(t_routing=1030.268, t_excess=233.567, obj_val=831.093, obj_val_valid=true,
    unserved_requests=Int64[], F_visited=[177, 172, 178, 175, 173, 174, 176, 171], S_visited=Int64[],
    (1, ([163, 40, 120, 67, 147, 53, 133, 45, 125, 21, 24, 1, 104, 101, 81, 171], Float64[], Int64[]))
    (2, ([164, 76, 156, 31, 30, 111, 110, 34, 114, 72, 152, 75, 155, 181, 65, 145, 14, 79, 94, 159, 32, 112, 172], [73.86605385791577], [14]))
    (3, ([165, 63, 143, 64, 144, 13, 3, 93, 48, 83, 128, 42, 122, 60, 17, 140, 97, 15, 95, 10, 90, 179, 173], [61.78659756792847], [22]))
    (4, ([166, 69, 149, 68, 6, 86, 148, 80, 73, 153, 160, 11, 91, 20, 100, 26, 106, 12, 92, 23, 103, 8, 88, 179, 174], [22.957965624128043], [24]))
    (5, ([167, 47, 127, 61, 141, 18, 98, 71, 46, 126, 151, 39, 37, 119, 117, 22, 102, 179, 175], [30.100412891760733], [18]))
    (6, ([168, 51, 131, 56, 59, 136, 139, 54, 134, 35, 5, 85, 115, 44, 124, 19, 99, 179, 78, 158, 36, 43, 116, 123, 70, 150, 49, 4, 129, 84, 179, 176], [86.46194329261817, 19.98456495061841], [18, 31]))
    (7, ([169, 38, 50, 118, 130, 52, 132, 2, 82, 25, 105, 74, 154, 27, 28, 107, 108, 66, 146, 41, 121, 62, 142, 179, 177], [40.245193390721084], [24]))
    (8, ([170, 58, 33, 138, 113, 16, 96, 77, 55, 135, 157, 29, 109, 7, 87, 9, 57, 89, 137, 179, 178], [50.64063805942964], [20])))

T best obj: 831.0927304463096
T best iteration: 26390
T total iterations: 30000
T best time [s]: 37.762
T total time [s]: 42.3405
