EADARP version e957-dirty
ARGS: ["--prepthreshold=1.000", "--only_single_s_visits=0", "--gamma=0.7", "--ifile=EADARP/instances/l1/a8-80.txt", "--odir=EADARP/out/l1-s0-g0.7", "--oname=a8-80_1.000_00"]
Settings:
--alns_gamma=0.025
--alns_segment_size=100
--alns_sigma1=10
--alns_sigma2=9
--alns_sigma3=3
--at_most_one_s=false
--gamma=0.7
--ifile=EADARP/instances/l1/a8-80.txt
--infeasible_arcs=EADARP/infeasible_arcs
--insert_charging_otf=true
--insert_cost_noise=0.014
--lns_init_temp_factor=0.0
--lns_temp_dec_factor=0.99
--log_all_sols_fname=
--mh_checkit=false
--mh_lfreq=0
--mh_lnewinc=true
--mh_tciter=-1
--mh_tctime=-1.0
--mh_titer=30000
--mh_tobj=-1.0
--mh_ttime=-1.0
--odir=EADARP/out/l1-s0-g0.7
--ofile=
--oname=a8-80_1.000_00
--only_single_s_visits=false
--prepthreshold=1.0
--repair_max_routes=0
--route_based_ops=0
--seed=664500792
--tightened_windows=EADARP/tightened_windows
--use_milp_in_otf=0
--xcheck_isfeasible=false

EADARPInstance(EADARP/instances/l1/a8-80.txt, n=80, n_K=8, S=[179, 180, 181], Q=14.85, n_F=8, γ=0.7, T_plan=600.0, F=[171, 172, 173, 174, 175, 176, 177, 178])

T preprocessing time [s]: 5.49827
I       iter             best          obj_old          obj_new        time              method info
I          1        958.95531     100080.00000        958.95531      0.2760                 con 
I          2        958.17577        958.95531        958.17577      0.3194         drrr_15+rrg 
I          5        954.24255        958.17577        954.24255      0.3976        drrr_15+rrri 
I          6        935.71331        954.24255        935.71331      0.4301         drrr_15+rrg 
I          7        927.64651        935.71331        927.64651      0.4575        drrr_15+rrri 
I          9        923.38128        927.64651        923.38128      0.5929         drrr_15+rrg 
I         10        921.25188        923.38128        921.25188      0.6367         drrr_15+rrg 
I         11        897.81883        921.25188        897.81883      0.6641        drrr_15+rroi 
I         12        892.61448        897.81883        892.61448      0.6763        drrr_15+rrri 
I         13        885.78091        892.61448        885.78091      0.7246        drrr_15+rrri 
I         18        878.40440        885.78091        878.40440      0.8482        drrr_15+rrri 
I         22        876.07327        878.40440        876.07327      0.9079        drrr_15+rroi 
I         25        875.79087        876.07327        875.79087      0.9415         drrr_15+rrg 
I         29        875.77660        875.79087        875.77660      0.9745         drrr_15+rrg 
I         30        874.86828        875.77660        874.86828      0.9806         drrr_15+rrg 
I         36        870.92778        874.86828        870.92778      1.0313         drrr_15+rrg 
I         46        870.89831        870.92778        870.89831      1.1071        drrr_15+rrri 
I         55        869.60504        870.89831        869.60504      1.1591        drrr_15+rrri 
I         60        869.17851        869.60504        869.17851      1.1790        drrr_15+rroi 
I         62        867.28236        869.17851        867.28236      1.1923        drrr_15+rrri 
I         63        866.98076        867.28236        866.98076      1.2058        drrr_15+rroi 
I         69        865.21604        866.98076        865.21604      1.2518        drrr_15+rrri 
I        102        861.04330        865.21604        861.04330      1.4435        drrr_15+rrri 
I        116        857.45606        861.04330        857.45606      1.4930        drrr_15+rroi 
I        117        854.90141        857.45606        854.90141      1.4999        drrr_15+rrri 
I        124        854.48178        854.90141        854.48178      1.5280        drrr_15+rroi 
I        129        848.39233        854.48178        848.39233      1.5509        drrr_15+rrri 
I        190        847.83451        848.39233        847.83451      1.7495        drrr_15+rroi 
I        395        846.33786        847.83451        846.33786      2.2235         drrr_15+rrg 
I        406        845.94655        846.33786        845.94655      2.2523        drrr_15+rroi 
I        437        844.83611        845.94655        844.83611      2.3151        drrr_15+rrri 
I        573        844.48239        844.83611        844.48239      2.6018         drrr_15+rrg 
I        603        843.75882        844.48239        843.75882      2.6564        drrr_15+rroi 
I        622        841.78041        843.75882        841.78041      2.6912        drrr_15+rroi 
I       2914        841.12809        841.78041        841.12809      6.1792         drrr_15+rrg 
I       6224        839.93472        841.12809        839.93472     10.4767        drrr_15+rrri 
I       6229        839.25302        839.93472        839.25302     10.4829        drrr_15+rroi 
I       6248        839.21053        839.25302        839.21053     10.5099        drrr_15+rroi 
I       6253        838.88765        839.21053        838.88765     10.5143        drrr_15+rroi 
I       6258        838.71093        838.88765        838.71093     10.5247        drrr_15+rroi 
I       6278        838.23311        838.71093        838.23311     10.5512        drrr_15+rrri 
I       6282        837.58014        838.23311        837.58014     10.5553         drrr_15+rrg 
I       6413        836.90497        837.58014        836.90497     10.7383        drrr_15+rroi 
I       6483        836.69521        836.90497        836.69521     10.8269         drrr_15+rrg 
I       6485        836.47318        836.69521        836.47318     10.8339        drrr_15+rroi 
I       6497        836.44997        836.47318        836.44997     10.8502        drrr_15+rroi 
I       6689        835.73492        836.44997        835.73492     11.1316         drrr_15+rrg 
I       6692        835.55820        835.73492        835.55820     11.1373         drrr_15+rrg 
I       7075        835.24780        835.55820        835.24780     11.6328        drrr_15+rroi 
I       7085        834.27635        835.24780        834.27635     11.6491         drrr_15+rrg 
I       7395        833.80056        834.27635        833.80056     12.0512        drrr_15+rrri 
I       7398        832.30178        833.80056        832.30178     12.0603        drrr_15+rrri 
I       7399        831.75064        832.30178        831.75064     12.0614        drrr_15+rroi 
I       7405        831.57391        831.75064        831.57391     12.0679        drrr_15+rroi 
I       7918        831.01465        831.57391        831.01465     12.7442         drrr_15+rrg 
I       7925        830.84603        831.01465        830.84603     12.7574         drrr_15+rrg 
I       8008        830.79796        830.84603        830.79796     12.8631         drrr_15+rrg 
I       8159        830.23896        830.79796        830.23896     13.0757        drrr_15+rroi 
I      14996        829.96886        830.23896        829.96886     21.7663        drrr_15+rrri 
I      15885        829.93767        829.96886        829.93767     22.8724        drrr_15+rroi 
I      27255        828.09342        829.93767        828.09342     37.1422         drrr_15+rrg 
I      27270        826.55534        828.09342        826.55534     37.1592        drrr_15+rroi 
I      30000        826.55534        826.55534        829.14329     40.6172         drrr_15+rrg 

Method statistics
S  method    iter  succ  succ-rate%  tot-obj-gain  avg-obj-gain  rel-succ%  net-time  net-time%  brut-time  brut-time%
S  con          1     1   100.00000  -99121.04469  -99121.04469    0.81301   0.27597    0.67943    0.27597     0.67943
S  drrr_15  29999    61     0.20334    -132.39997      -0.00441   49.59350   1.19031    2.93056    1.19031     2.93056
S  rrg       9985    20     0.20030     -38.69774      -0.00388   16.26016  19.10696   47.04143   19.10696    47.04143
S  rroi     10039    23     0.22911     -39.46104      -0.00393   18.69919   9.38086   23.09573    9.38086    23.09573
S  rrri      9975    18     0.18045     -54.24119      -0.00544   14.63415  10.27009   25.28502   10.27009    25.28502
S  SUM/AVG  59999   123     0.20500  -99385.84463      -1.65646   20.00000  40.22420   99.03218   40.22420    99.03218

T best solution: EADARPSolution(t_routing=1031.143, t_excess=212.792, obj_val=826.555, obj_val_valid=true,
    unserved_requests=Int64[], F_visited=[171, 172, 176, 175, 177, 174, 178, 173], S_visited=Int64[],
    (1, ([163, 68, 6, 86, 148, 80, 73, 153, 160, 11, 91, 14, 79, 94, 159, 32, 112, 179, 171], [7.9185591422787835], [18]))
    (2, ([164, 63, 143, 64, 34, 144, 114, 56, 59, 136, 139, 54, 134, 35, 115, 180, 44, 124, 19, 28, 99, 108, 60, 17, 140, 97, 78, 158, 36, 43, 123, 116, 70, 150, 179, 172], [72.71371568060283, 53.57764003708159], [16, 35]))
    (3, ([165, 76, 156, 31, 111, 72, 152, 67, 147, 53, 133, 29, 109, 47, 127, 61, 141, 181, 18, 98, 71, 46, 126, 151, 39, 37, 119, 117, 22, 102, 179, 173], [115.29961999690642, 10.144425477113003], [18, 31]))
    (4, ([166, 69, 149, 30, 110, 13, 3, 93, 83, 45, 125, 12, 92, 8, 88, 174], Float64[], Int64[]))
    (5, ([167, 51, 131, 2, 82, 25, 105, 181, 42, 122, 65, 145, 15, 95, 21, 24, 1, 104, 101, 81, 175], [7.502672675886115], [8]))
    (6, ([168, 38, 50, 118, 130, 52, 132, 5, 85, 75, 155, 74, 154, 27, 107, 66, 146, 41, 121, 62, 142, 179, 176], [45.845737251558255], [22]))
    (7, ([169, 58, 33, 138, 113, 16, 96, 77, 55, 135, 157, 20, 100, 48, 7, 128, 87, 9, 57, 89, 137, 179, 177], [60.854448521980686], [22]))
    (8, ([170, 40, 120, 26, 106, 23, 103, 10, 90, 4, 49, 129, 84, 179, 178], [12.907112577940083], [14])))

T best obj: 826.5553409974953
T best iteration: 27270
T total iterations: 30000
T best time [s]: 37.159
T total time [s]: 40.6173
