EADARP version e957-dirty
ARGS: ["--prepthreshold=1.250", "--only_single_s_visits=0", "--gamma=0.7", "--ifile=EADARP/instances/l1/a8-80.txt", "--odir=EADARP/out/l1-s0-g0.7", "--oname=a8-80_1.250_14"]
Settings:
--alns_gamma=0.025
--alns_segment_size=100
--alns_sigma1=10
--alns_sigma2=9
--alns_sigma3=3
--at_most_one_s=false
--gamma=0.7
--ifile=EADARP/instances/l1/a8-80.txt
--infeasible_arcs=EADARP/infeasible_arcs
--insert_charging_otf=true
--insert_cost_noise=0.014
--lns_init_temp_factor=0.0
--lns_temp_dec_factor=0.99
--log_all_sols_fname=
--mh_checkit=false
--mh_lfreq=0
--mh_lnewinc=true
--mh_tciter=-1
--mh_tctime=-1.0
--mh_titer=30000
--mh_tobj=-1.0
--mh_ttime=-1.0
--odir=EADARP/out/l1-s0-g0.7
--ofile=
--oname=a8-80_1.250_14
--only_single_s_visits=false
--prepthreshold=1.25
--repair_max_routes=0
--route_based_ops=0
--seed=487294623
--tightened_windows=EADARP/tightened_windows
--use_milp_in_otf=0
--xcheck_isfeasible=false

EADARPInstance(EADARP/instances/l1/a8-80.txt, n=80, n_K=8, S=[179, 180, 181], Q=14.85, n_F=8, γ=0.7, T_plan=600.0, F=[171, 172, 173, 174, 175, 176, 177, 178])

T preprocessing time [s]: 5.01373
I       iter             best          obj_old          obj_new        time              method info
I          1        943.76735     100080.00000        943.76735      0.3451                 con 
I          2        928.05881        943.76735        928.05881      0.3776         drrr_15+rrg 
I          4        917.42337        928.05881        917.42337      0.4211        drrr_15+rroi 
I          6        916.70795        917.42337        916.70795      0.4668        drrr_15+rrri 
I         10        911.91552        916.70795        911.91552      0.5314        drrr_15+rrri 
I         11        902.09660        911.91552        902.09660      0.5485        drrr_15+rroi 
I         14        892.37674        902.09660        892.37674      0.6353         drrr_15+rrg 
I         15        887.57318        892.37674        887.57318      0.6577        drrr_15+rrri 
I         16        886.24053        887.57318        886.24053      0.6736        drrr_15+rrri 
I         17        880.40404        886.24053        880.40404      0.6899        drrr_15+rroi 
I         18        875.97832        880.40404        875.97832      0.7161        drrr_15+rrri 
I         19        870.70712        875.97832        870.70712      0.7325        drrr_15+rrri 
I         24        866.78037        870.70712        866.78037      0.8304         drrr_15+rrg 
I         26        866.33492        866.78037        866.33492      0.8514         drrr_15+rrg 
I         29        858.17355        866.33492        858.17355      0.8907         drrr_15+rrg 
I         34        854.43689        858.17355        854.43689      0.9865         drrr_15+rrg 
I         38        852.56274        854.43689        852.56274      1.0198        drrr_15+rroi 
I         42        852.38601        852.56274        852.38601      1.0387        drrr_15+rroi 
I         44        849.79125        852.38601        849.79125      1.0521        drrr_15+rroi 
I         47        848.38619        849.79125        848.38619      1.0642        drrr_15+rrri 
I         52        846.59977        848.38619        846.59977      1.1370         drrr_15+rrg 
I         59        846.28846        846.59977        846.28846      1.1996        drrr_15+rroi 
I         74        844.47793        846.28846        844.47793      1.2933        drrr_15+rrri 
I         82        843.85324        844.47793        843.85324      1.3137        drrr_15+rroi 
I         88        843.30583        843.85324        843.30583      1.3403        drrr_15+rroi 
I         92        841.89972        843.30583        841.89972      1.3546         drrr_15+rrg 
I        108        840.07487        841.89972        840.07487      1.4104         drrr_15+rrg 
I        141        838.87374        840.07487        838.87374      1.5072         drrr_15+rrg 
I        144        837.58411        838.87374        837.58411      1.5111        drrr_15+rrri 
I        158        836.61559        837.58411        836.61559      1.5327        drrr_15+rrri 
I        267        834.38069        836.61559        834.38069      1.8082         drrr_15+rrg 
I        282        832.79893        834.38069        832.79893      1.8521        drrr_15+rrri 
I        304        831.64342        832.79893        831.64342      1.8995         drrr_15+rrg 
I        314        830.59851        831.64342        830.59851      1.9260         drrr_15+rrg 
I        369        830.57559        830.59851        830.57559      2.0192        drrr_15+rroi 
I        392        828.58247        830.57559        828.58247      2.0591         drrr_15+rrg 
I        393        828.50030        828.58247        828.50030      2.0612         drrr_15+rrg 
I       1769        827.39848        828.50030        827.39848      4.2558        drrr_15+rrri 
I       2027        827.38251        827.39848        827.38251      4.6425         drrr_15+rrg 
I       2056        826.23294        827.38251        826.23294      4.7000         drrr_15+rrg 
I       2063        826.18294        826.23294        826.18294      4.7123        drrr_15+rroi 
I       5208        826.09366        826.18294        826.09366      8.9813        drrr_15+rroi 
I       5223        825.91694        826.09366        825.91694      9.0107         drrr_15+rrg 
I       5403        822.86857        825.91694        822.86857      9.2532        drrr_15+rroi 
I       8098        822.21595        822.86857        822.21595     12.7634        drrr_15+rrri 
I      26158        821.80500        822.21595        821.80500     34.9966         drrr_15+rrg 
I      30000        821.80500        821.80500        858.18940     39.7102         drrr_15+rrg 

Method statistics
S  method    iter  succ  succ-rate%  tot-obj-gain  avg-obj-gain  rel-succ%  net-time  net-time%  brut-time  brut-time%
S  con          1     1   100.00000  -99136.23265  -99136.23265    1.09890   0.34505    0.86891    0.34505     0.86891
S  drrr_15  29999    45     0.15001    -121.96236      -0.00407   49.45055   1.20856    3.04345    1.20856     3.04345
S  rrg      10020    19     0.18962     -56.18095      -0.00561   20.87912  18.88308   47.55208   18.88308    47.55208
S  rroi     10087    13     0.12888     -35.63048      -0.00353   14.28571   9.27940   23.36775    9.27940    23.36775
S  rrri      9892    13     0.13142     -30.15092      -0.00305   14.28571   9.68502   24.38919    9.68502    24.38919
S  SUM/AVG  59999    91     0.15167  -99380.15736      -1.65636   20.00000  39.40111   99.22137   39.40111    99.22137

T best solution: EADARPSolution(t_routing=1000.829, t_excess=284.734, obj_val=821.805, obj_val_valid=true,
    unserved_requests=Int64[], F_visited=[171, 174, 175, 172, 173, 176, 178, 177], S_visited=Int64[],
    (1, ([163, 53, 133, 29, 109, 3, 47, 83, 127, 61, 45, 125, 141, 18, 98, 71, 46, 126, 151, 8, 88, 179, 171], [37.56859677288718], [22]))
    (2, ([164, 69, 149, 31, 30, 111, 110, 34, 114, 19, 99, 172], Float64[], Int64[]))
    (3, ([165, 40, 120, 67, 147, 2, 82, 179, 25, 105, 74, 154, 78, 41, 121, 158, 32, 112, 173], [25.48100669910358], [8]))
    (4, ([166, 76, 156, 80, 160, 11, 91, 5, 85, 75, 155, 181, 42, 122, 65, 145, 14, 79, 94, 159, 180, 62, 142, 21, 24, 1, 104, 101, 81, 174], [11.125396220335329, 79.29450309105488], [12, 21]))
    (5, ([167, 63, 143, 52, 132, 27, 28, 107, 108, 12, 92, 23, 103, 39, 37, 119, 117, 22, 102, 179, 175], [25.72738271716307], [20]))
    (6, ([168, 68, 6, 86, 148, 64, 73, 153, 51, 144, 131, 56, 59, 136, 139, 54, 134, 35, 20, 100, 115, 44, 124, 180, 66, 146, 36, 43, 123, 116, 70, 150, 49, 4, 129, 84, 176], [102.30028130322567], [24]))
    (7, ([169, 38, 50, 118, 130, 13, 93, 48, 7, 128, 87, 60, 17, 140, 97, 15, 95, 10, 90, 179, 177], [62.81748126885933], [20]))
    (8, ([170, 58, 33, 138, 113, 16, 96, 77, 72, 55, 135, 157, 152, 26, 106, 9, 57, 89, 137, 179, 178], [33.00160542649173], [20])))

T best obj: 821.8049950007037
T best iteration: 26158
T total iterations: 30000
T best time [s]: 34.997
T total time [s]: 39.7103
