EADARP version e957-dirty
ARGS: ["--prepthreshold=1.000", "--only_single_s_visits=0", "--gamma=0.7", "--ifile=EADARP/instances/l1/a8-80.txt", "--odir=EADARP/out/l1-s0-g0.7", "--oname=a8-80_1.000_13"]
Settings:
--alns_gamma=0.025
--alns_segment_size=100
--alns_sigma1=10
--alns_sigma2=9
--alns_sigma3=3
--at_most_one_s=false
--gamma=0.7
--ifile=EADARP/instances/l1/a8-80.txt
--infeasible_arcs=EADARP/infeasible_arcs
--insert_charging_otf=true
--insert_cost_noise=0.014
--lns_init_temp_factor=0.0
--lns_temp_dec_factor=0.99
--log_all_sols_fname=
--mh_checkit=false
--mh_lfreq=0
--mh_lnewinc=true
--mh_tciter=-1
--mh_tctime=-1.0
--mh_titer=30000
--mh_tobj=-1.0
--mh_ttime=-1.0
--odir=EADARP/out/l1-s0-g0.7
--ofile=
--oname=a8-80_1.000_13
--only_single_s_visits=false
--prepthreshold=1.0
--repair_max_routes=0
--route_based_ops=0
--seed=1465750603
--tightened_windows=EADARP/tightened_windows
--use_milp_in_otf=0
--xcheck_isfeasible=false

EADARPInstance(EADARP/instances/l1/a8-80.txt, n=80, n_K=8, S=[179, 180, 181], Q=14.85, n_F=8, γ=0.7, T_plan=600.0, F=[171, 172, 173, 174, 175, 176, 177, 178])

T preprocessing time [s]: 6.32662
I       iter             best          obj_old          obj_new        time              method info
I          1        943.11580     100080.00000        943.11580      0.2667                 con 
I          2        942.48724        943.11580        942.48724      0.3113        drrr_15+rrri 
I          3        923.63534        942.48724        923.63534      0.3408        drrr_15+rroi 
I          4        904.27997        923.63534        904.27997      0.3630        drrr_15+rroi 
I          6        892.33098        904.27997        892.33098      0.4447        drrr_15+rroi 
I          7        882.98679        892.33098        882.98679      0.4740         drrr_15+rrg 
I         12        882.56716        882.98679        882.56716      0.5626        drrr_15+rrri 
I         28        880.77922        882.56716        880.77922      0.7687        drrr_15+rrri 
I         30        880.45256        880.77922        880.45256      0.7819        drrr_15+rrri 
I         31        879.45292        880.45256        879.45292      0.7868        drrr_15+rrri 
I         33        860.61904        879.45292        860.61904      0.8408         drrr_15+rrg 
I         44        859.11357        860.61904        859.11357      0.9800         drrr_15+rrg 
I         46        858.99652        859.11357        858.99652      1.0006         drrr_15+rrg 
I         63        858.81980        858.99652        858.81980      1.1363         drrr_15+rrg 
I         78        858.51951        858.81980        858.51951      1.2077        drrr_15+rrri 
I         79        858.22219        858.51951        858.22219      1.2129        drrr_15+rrri 
I         95        856.69374        858.22219        856.69374      1.2820        drrr_15+rrri 
I        108        855.04926        856.69374        855.04926      1.3305        drrr_15+rrri 
I        118        850.79128        855.04926        850.79128      1.3759        drrr_15+rrri 
I        119        849.87264        850.79128        849.87264      1.3768        drrr_15+rrri 
I        170        848.98927        849.87264        848.98927      1.5746        drrr_15+rroi 
I        214        848.60910        848.98927        848.60910      1.6845         drrr_15+rrg 
I        227        848.18947        848.60910        848.18947      1.7132         drrr_15+rrg 
I        522        847.15710        848.18947        847.15710      2.4242        drrr_15+rroi 
I        529        846.37824        847.15710        846.37824      2.4367         drrr_15+rrg 
I        583        843.33414        846.37824        843.33414      2.5729        drrr_15+rroi 
I        618        842.96049        843.33414        842.96049      2.6608         drrr_15+rrg 
I        702        842.36139        842.96049        842.36139      2.8019         drrr_15+rrg 
I        716        840.83989        842.36139        840.83989      2.8506        drrr_15+rrri 
I        718        840.63085        840.83989        840.63085      2.8524        drrr_15+rrri 
I        730        840.33149        840.63085        840.33149      2.9035        drrr_15+rrri 
I        753        840.08368        840.33149        840.08368      2.9577         drrr_15+rrg 
I        756        839.44438        840.08368        839.44438      2.9715        drrr_15+rroi 
I        773        839.24145        839.44438        839.24145      2.9924        drrr_15+rrri 
I       1323        837.84450        839.24145        837.84450      3.9378        drrr_15+rroi 
I       1328        837.76532        837.84450        837.76532      3.9437        drrr_15+rroi 
I       1333        837.56839        837.76532        837.56839      3.9544         drrr_15+rrg 
I       1360        837.39167        837.56839        837.39167      3.9941        drrr_15+rroi 
I       7485        837.25415        837.39167        837.25415     12.3991         drrr_15+rrg 
I       7503        837.01999        837.25415        837.01999     12.4183        drrr_15+rrri 
I       7507        836.13161        837.01999        836.13161     12.4230         drrr_15+rrg 
I       7515        833.98966        836.13161        833.98966     12.4329        drrr_15+rroi 
I      17026        833.48835        833.98966        833.48835     24.5847        drrr_15+rrri 
I      22699        830.43998        833.48835        830.43998     31.6362        drrr_15+rrri 
I      22724        829.60613        830.43998        829.60613     31.6900        drrr_15+rroi 
I      23721        829.42972        829.60613        829.42972     32.9094        drrr_15+rrri 
I      23744        828.22320        829.42972        828.22320     32.9397         drrr_15+rrg 
I      23749        827.35020        828.22320        827.35020     32.9468        drrr_15+rroi 
I      23758        827.06728        827.35020        827.06728     32.9599         drrr_15+rrg 
I      30000        827.06728        827.06728        837.92898     40.8662         drrr_15+rrg 

Method statistics
S  method    iter  succ  succ-rate%  tot-obj-gain  avg-obj-gain  rel-succ%  net-time  net-time%  brut-time  brut-time%
S  con          1     1   100.00000  -99136.88420  -99136.88420    1.03093   0.26662    0.65242    0.26662     0.65242
S  drrr_15  29999    48     0.16001    -116.04852      -0.00387   49.48454   1.20009    2.93662    1.20009     2.93662
S  rrg       9917    16     0.16134     -35.48881      -0.00358   16.49485  19.09930   46.73615   19.09930    46.73615
S  rroi     10032    13     0.12959     -61.25706      -0.00611   13.40206   9.63018   23.56514    9.63018    23.56514
S  rrri     10050    19     0.18905     -19.30265      -0.00192   19.58763  10.34994   25.32639   10.34994    25.32639
S  SUM/AVG  59999    97     0.16167  -99368.98123      -1.65618   20.00000  40.54612   99.21672   40.54612    99.21672

T best solution: EADARPSolution(t_routing=1022.36, t_excess=241.189, obj_val=827.067, obj_val_valid=true,
    unserved_requests=Int64[], F_visited=[172, 171, 176, 174, 178, 173, 175, 177], S_visited=Int64[],
    (1, ([163, 68, 6, 86, 148, 80, 160, 73, 153, 52, 132, 179, 47, 127, 61, 141, 65, 145, 60, 17, 140, 97, 71, 46, 126, 151, 8, 88, 179, 171], [46.366616296656524, 23.27654664299674], [12, 29]))
    (2, ([164, 38, 50, 118, 130, 63, 143, 64, 144, 13, 3, 93, 48, 83, 128, 27, 28, 107, 108, 62, 142, 179, 172], [55.27251919233607], [22]))
    (3, ([165, 72, 152, 67, 53, 133, 147, 56, 59, 136, 54, 139, 134, 35, 20, 100, 115, 44, 124, 180, 66, 146, 41, 121, 49, 4, 129, 84, 173], [64.31680745800158], [20]))
    (4, ([166, 58, 33, 138, 113, 5, 85, 75, 155, 42, 122, 14, 79, 94, 159, 36, 43, 123, 116, 70, 150, 179, 174], [50.87012205433182], [22]))
    (5, ([167, 51, 131, 2, 82, 25, 105, 74, 154, 78, 158, 32, 112, 179, 175], [6.578745204173618], [14]))
    (6, ([168, 69, 149, 16, 96, 77, 55, 135, 157, 11, 91, 29, 109, 7, 87, 9, 57, 89, 137, 179, 176], [36.660859966585136], [20]))
    (7, ([169, 76, 156, 31, 30, 111, 110, 34, 114, 19, 99, 181, 18, 98, 15, 95, 10, 90, 21, 24, 1, 104, 101, 81, 179, 177], [76.25177597253285, 1.1263127666320407], [12, 25]))
    (8, ([170, 40, 120, 26, 106, 45, 125, 12, 92, 23, 103, 39, 37, 119, 117, 22, 102, 179, 178], [13.639842566056776], [18])))

T best obj: 827.0672822019358
T best iteration: 23758
T total iterations: 30000
T best time [s]: 32.960
T total time [s]: 40.8662
