EADARP version e957-dirty
ARGS: ["--prepthreshold=1.250", "--only_single_s_visits=0", "--gamma=0.7", "--ifile=EADARP/instances/l1/a8-80.txt", "--odir=EADARP/out/l1-s0-g0.7", "--oname=a8-80_1.250_06"]
Settings:
--alns_gamma=0.025
--alns_segment_size=100
--alns_sigma1=10
--alns_sigma2=9
--alns_sigma3=3
--at_most_one_s=false
--gamma=0.7
--ifile=EADARP/instances/l1/a8-80.txt
--infeasible_arcs=EADARP/infeasible_arcs
--insert_charging_otf=true
--insert_cost_noise=0.014
--lns_init_temp_factor=0.0
--lns_temp_dec_factor=0.99
--log_all_sols_fname=
--mh_checkit=false
--mh_lfreq=0
--mh_lnewinc=true
--mh_tciter=-1
--mh_tctime=-1.0
--mh_titer=30000
--mh_tobj=-1.0
--mh_ttime=-1.0
--odir=EADARP/out/l1-s0-g0.7
--ofile=
--oname=a8-80_1.250_06
--only_single_s_visits=false
--prepthreshold=1.25
--repair_max_routes=0
--route_based_ops=0
--seed=575054122
--tightened_windows=EADARP/tightened_windows
--use_milp_in_otf=0
--xcheck_isfeasible=false

EADARPInstance(EADARP/instances/l1/a8-80.txt, n=80, n_K=8, S=[179, 180, 181], Q=14.85, n_F=8, γ=0.7, T_plan=600.0, F=[171, 172, 173, 174, 175, 176, 177, 178])

T preprocessing time [s]: 4.43363
I       iter             best          obj_old          obj_new        time              method info
I          1        954.27383     100080.00000        954.27383      0.3133                 con 
I          2        931.54812        954.27383        931.54812      0.3709         drrr_15+rrg 
I          3        919.97748        931.54812        919.97748      0.4073         drrr_15+rrg 
I          4        919.29096        919.97748        919.29096      0.4367         drrr_15+rrg 
I          5        919.10412        919.29096        919.10412      0.4555         drrr_15+rrg 
I          6        893.92431        919.10412        893.92431      0.4695        drrr_15+rroi 
I          7        892.08837        893.92431        892.08837      0.4812         drrr_15+rrg 
I          9        887.57775        892.08837        887.57775      0.5330         drrr_15+rrg 
I         13        880.36010        887.57775        880.36010      0.5956        drrr_15+rrri 
I         16        876.33314        880.36010        876.33314      0.6629         drrr_15+rrg 
I         22        870.63325        876.33314        870.63325      0.7260        drrr_15+rroi 
I         23        868.46141        870.63325        868.46141      0.7548        drrr_15+rroi 
I         24        867.20577        868.46141        867.20577      0.7714         drrr_15+rrg 
I         32        866.55405        867.20577        866.55405      0.8346        drrr_15+rroi 
I         33        866.17485        866.55405        866.17485      0.8433         drrr_15+rrg 
I         35        862.85599        866.17485        862.85599      0.8651         drrr_15+rrg 
I         39        858.47507        862.85599        858.47507      0.9100         drrr_15+rrg 
I         40        854.65815        858.47507        854.65815      0.9227         drrr_15+rrg 
I         42        854.25218        854.65815        854.25218      0.9327         drrr_15+rrg 
I         43        852.99457        854.25218        852.99457      0.9500        drrr_15+rrri 
I         46        850.40239        852.99457        850.40239      0.9933         drrr_15+rrg 
I         55        848.09510        850.40239        848.09510      1.0731         drrr_15+rrg 
I         91        846.53766        848.09510        846.53766      1.2099        drrr_15+rrri 
I         95        845.20536        846.53766        845.20536      1.2197         drrr_15+rrg 
I        103        844.43469        845.20536        844.43469      1.2552         drrr_15+rrg 
I        106        843.55265        844.43469        843.55265      1.2627        drrr_15+rroi 
I        115        841.91966        843.55265        841.91966      1.2977        drrr_15+rroi 
I        456        840.96782        841.91966        840.96782      1.9818        drrr_15+rrri 
I        483        840.14077        840.96782        840.14077      2.0306        drrr_15+rroi 
I        536        839.48260        840.14077        839.48260      2.1181        drrr_15+rroi 
I        559        839.28821        839.48260        839.28821      2.1792         drrr_15+rrg 
I        565        838.56034        839.28821        838.56034      2.1920         drrr_15+rrg 
I        630        838.23147        838.56034        838.23147      2.2996        drrr_15+rrri 
I        682        837.98399        838.23147        837.98399      2.3943        drrr_15+rrri 
I        687        837.46850        837.98399        837.46850      2.4053        drrr_15+rrri 
I        707        835.65582        837.46850        835.65582      2.4515         drrr_15+rrg 
I        710        834.72190        835.65582        834.72190      2.4621         drrr_15+rrg 
I        733        833.87032        834.72190        833.87032      2.5969         drrr_15+rrg 
I        745        833.69360        833.87032        833.69360      2.6232        drrr_15+rroi 
I        800        833.57932        833.69360        833.57932      2.6954        drrr_15+rrri 
I        892        832.35260        833.57932        832.35260      2.8298        drrr_15+rrri 
I        893        830.76834        832.35260        830.76834      2.8315         drrr_15+rrg 
I       1337        830.59779        830.76834        830.59779      3.5298        drrr_15+rrri 
I       1377        830.48350        830.59779        830.48350      3.5862        drrr_15+rrri 
I       3239        830.29770        830.48350        830.29770      6.0310         drrr_15+rrg 
I       4081        830.25222        830.29770        830.25222      7.1242        drrr_15+rrri 
I       5383        829.37020        830.25222        829.37020      8.6893        drrr_15+rroi 
I       5393        827.47125        829.37020        827.47125      8.7048        drrr_15+rroi 
I       5477        827.01879        827.47125        827.01879      8.8188        drrr_15+rroi 
I       5533        825.79635        827.01879        825.79635      8.8784        drrr_15+rroi 
I       7992        825.73062        825.79635        825.73062     11.8075         drrr_15+rrg 
I       8090        825.09131        825.73062        825.09131     11.9263        drrr_15+rrri 
I      14312        824.20185        825.09131        824.20185     18.9994         drrr_15+rrg 
I      14446        823.83863        824.20185        823.83863     19.1553        drrr_15+rroi 
I      15162        823.19933        823.83863        823.19933     20.0379        drrr_15+rroi 
I      15350        822.12607        823.19933        822.12607     20.2430        drrr_15+rrri 
I      18433        821.47375        822.12607        821.47375     23.8069        drrr_15+rroi 
I      30000        821.47375        821.47375        854.69072     36.9273        drrr_15+rroi 

Method statistics
S  method    iter  succ  succ-rate%  tot-obj-gain  avg-obj-gain  rel-succ%  net-time  net-time%  brut-time  brut-time%
S  con          1     1   100.00000  -99125.72617  -99125.72617    0.88496   0.31328    0.84836    0.31328     0.84836
S  drrr_15  29999    56     0.18667    -132.80008      -0.00443   49.55752   1.07241    2.90409    1.07241     2.90409
S  rrg      10000    26     0.26000     -73.34889      -0.00733   23.00885  17.48891   47.36029   17.48891    47.36029
S  rroi      9918    16     0.16132     -43.99093      -0.00444   14.15929   8.56244   23.18724    8.56244    23.18724
S  rrri     10081    14     0.13888     -15.46026      -0.00153   12.38938   9.25633   25.06631    9.25633    25.06631
S  SUM/AVG  59999   113     0.18834  -99391.32632      -1.65655   20.00000  36.69336   99.36629   36.69336    99.36629

T best solution: EADARPSolution(t_routing=1004.106, t_excess=273.576, obj_val=821.474, obj_val_valid=true,
    unserved_requests=Int64[], F_visited=[178, 177, 171, 175, 172, 173, 174, 176], S_visited=Int64[],
    (1, ([163, 58, 33, 138, 113, 11, 91, 20, 100, 26, 106, 9, 57, 89, 137, 62, 142, 179, 171], [17.31383532282587], [18]))
    (2, ([164, 38, 50, 118, 130, 52, 132, 172], Float64[], Int64[]))
    (3, ([165, 34, 114, 56, 59, 136, 139, 35, 115, 180, 44, 124, 19, 28, 99, 108, 66, 146, 41, 121, 49, 4, 129, 84, 173], [44.10943992399865], [10]))
    (4, ([166, 69, 149, 16, 96, 77, 72, 55, 135, 157, 152, 29, 109, 7, 87, 60, 17, 140, 97, 78, 158, 180, 32, 112, 174], [85.52494996763829], [22]))
    (5, ([167, 76, 156, 31, 30, 111, 110, 13, 3, 93, 48, 83, 128, 181, 15, 95, 10, 90, 21, 24, 1, 104, 101, 81, 175], [90.52424060388034], [14]))
    (6, ([168, 63, 143, 80, 160, 54, 134, 5, 85, 75, 155, 42, 122, 14, 79, 94, 159, 36, 43, 123, 116, 70, 150, 179, 176], [50.29674577908864], [24]))
    (7, ([169, 68, 6, 86, 148, 64, 73, 153, 51, 144, 131, 47, 127, 61, 141, 65, 145, 181, 18, 98, 71, 46, 126, 151, 39, 37, 119, 117, 22, 102, 177], [76.27004530366816], [18]))
    (8, ([170, 40, 120, 67, 53, 133, 147, 2, 82, 25, 105, 74, 154, 27, 45, 107, 125, 12, 92, 23, 103, 8, 88, 179, 178], [32.40617842164161], [24])))

T best obj: 821.4737522342955
T best iteration: 18433
T total iterations: 30000
T best time [s]: 23.807
T total time [s]: 36.9274
