EADARP version e957-dirty
ARGS: ["--prepthreshold=1.125", "--only_single_s_visits=0", "--gamma=0.7", "--ifile=EADARP/instances/l1/a8-80.txt", "--odir=EADARP/out/l1-s0-g0.7", "--oname=a8-80_1.125_13"]
Settings:
--alns_gamma=0.025
--alns_segment_size=100
--alns_sigma1=10
--alns_sigma2=9
--alns_sigma3=3
--at_most_one_s=false
--gamma=0.7
--ifile=EADARP/instances/l1/a8-80.txt
--infeasible_arcs=EADARP/infeasible_arcs
--insert_charging_otf=true
--insert_cost_noise=0.014
--lns_init_temp_factor=0.0
--lns_temp_dec_factor=0.99
--log_all_sols_fname=
--mh_checkit=false
--mh_lfreq=0
--mh_lnewinc=true
--mh_tciter=-1
--mh_tctime=-1.0
--mh_titer=30000
--mh_tobj=-1.0
--mh_ttime=-1.0
--odir=EADARP/out/l1-s0-g0.7
--ofile=
--oname=a8-80_1.125_13
--only_single_s_visits=false
--prepthreshold=1.125
--repair_max_routes=0
--route_based_ops=0
--seed=890271684
--tightened_windows=EADARP/tightened_windows
--use_milp_in_otf=0
--xcheck_isfeasible=false

EADARPInstance(EADARP/instances/l1/a8-80.txt, n=80, n_K=8, S=[179, 180, 181], Q=14.85, n_F=8, γ=0.7, T_plan=600.0, F=[171, 172, 173, 174, 175, 176, 177, 178])

T preprocessing time [s]: 5.81262
I       iter             best          obj_old          obj_new        time              method info
I          1        966.74012     100080.00000        966.74012      0.2716                 con 
I          2        944.05737        966.74012        944.05737      0.3317         drrr_15+rrg 
I          3        940.32555        944.05737        940.32555      0.3696        drrr_15+rrri 
I          5        938.51207        940.32555        938.51207      0.4543        drrr_15+rrri 
I          7        921.69637        938.51207        921.69637      0.5130        drrr_15+rrri 
I          9        915.93383        921.69637        915.93383      0.5583         drrr_15+rrg 
I         13        913.68983        915.93383        913.68983      0.6900        drrr_15+rroi 
I         14        909.38114        913.68983        909.38114      0.7213        drrr_15+rroi 
I         16        903.23856        909.38114        903.23856      0.7833        drrr_15+rrri 
I         17        899.62350        903.23856        899.62350      0.8106         drrr_15+rrg 
I         21        892.90393        899.62350        892.90393      0.8817         drrr_15+rrg 
I         23        890.29209        892.90393        890.29209      0.9151        drrr_15+rrri 
I         28        884.84434        890.29209        884.84434      0.9622        drrr_15+rroi 
I         29        878.25938        884.84434        878.25938      0.9768        drrr_15+rrri 
I         30        869.83998        878.25938        869.83998      0.9951        drrr_15+rroi 
I         34        866.51794        869.83998        866.51794      1.0402        drrr_15+rroi 
I         37        862.58846        866.51794        862.58846      1.0724        drrr_15+rrri 
I         38        859.90517        862.58846        859.90517      1.0855        drrr_15+rroi 
I         39        858.19296        859.90517        858.19296      1.1129         drrr_15+rrg 
I         41        857.28599        858.19296        857.28599      1.1350        drrr_15+rrri 
I         46        852.32230        857.28599        852.32230      1.2869        drrr_15+rroi 
I         49        851.99565        852.32230        851.99565      1.3115        drrr_15+rrri 
I         55        849.36958        851.99565        849.36958      1.3556        drrr_15+rroi 
I         61        848.66473        849.36958        848.66473      1.4037         drrr_15+rrg 
I         62        847.76414        848.66473        847.76414      1.4119         drrr_15+rrg 
I         64        846.28909        847.76414        846.28909      1.4356        drrr_15+rrri 
I         76        846.28617        846.28909        846.28617      1.4766        drrr_15+rroi 
I         89        842.54110        846.28617        842.54110      1.5389        drrr_15+rroi 
I         93        840.75890        842.54110        840.75890      1.5716        drrr_15+rroi 
I        112        840.06452        840.75890        840.06452      1.6505         drrr_15+rrg 
I        116        838.68475        840.06452        838.68475      1.6558         drrr_15+rrg 
I        122        838.13882        838.68475        838.13882      1.6762         drrr_15+rrg 
I        125        837.02477        838.13882        837.02477      1.6821        drrr_15+rrri 
I        219        835.91203        837.02477        835.91203      1.8841        drrr_15+rrri 
I        224        833.79352        835.91203        833.79352      1.9033        drrr_15+rrri 
I        226        833.28969        833.79352        833.28969      1.9093        drrr_15+rroi 
I        238        832.87006        833.28969        832.87006      1.9465         drrr_15+rrg 
I        247        832.13505        832.87006        832.13505      1.9676        drrr_15+rroi 
I        249        832.06734        832.13505        832.06734      1.9723         drrr_15+rrg 
I       1007        831.65589        832.06734        831.65589      3.3137        drrr_15+rrri 
I       1024        829.37051        831.65589        829.37051      3.3338         drrr_15+rrg 
I       1025        829.06892        829.37051        829.06892      3.3348        drrr_15+rroi 
I       1880        827.20709        829.06892        827.20709      4.6279        drrr_15+rroi 
I       3002        826.92226        827.20709        826.92226      6.2099        drrr_15+rrri 
I      30000        826.92226        826.92226        826.98998     41.5447        drrr_15+rroi 

Method statistics
S  method    iter  succ  succ-rate%  tot-obj-gain  avg-obj-gain  rel-succ%  net-time  net-time%  brut-time  brut-time%
S  con          1     1   100.00000  -99113.25988  -99113.25988    1.14943   0.27148    0.65345    0.27148     0.65345
S  drrr_15  29999    43     0.14334    -139.81786      -0.00466   49.42529   1.17365    2.82503    1.17365     2.82503
S  rrg      10082    13     0.12894     -47.49038      -0.00471   14.94253  19.74663   47.53090   19.74663    47.53090
S  rroi      9987    15     0.15020     -42.94737      -0.00430   17.24138   9.56760   23.02958    9.56760    23.02958
S  rrri      9930    15     0.15106     -49.38012      -0.00497   17.24138  10.39124   25.01212   10.39124    25.01212
S  SUM/AVG  59999    87     0.14500  -99392.89560      -1.65658   20.00000  41.15059   99.05108   41.15059    99.05108

T best solution: EADARPSolution(t_routing=1029.544, t_excess=219.056, obj_val=826.922, obj_val_valid=true,
    unserved_requests=Int64[], F_visited=[173, 171, 178, 177, 176, 174, 175, 172], S_visited=Int64[],
    (1, ([163, 38, 50, 118, 130, 34, 114, 72, 152, 29, 109, 3, 47, 83, 127, 61, 141, 181, 15, 95, 10, 90, 21, 24, 1, 104, 101, 81, 171], [118.74738452842725], [18]))
    (2, ([164, 69, 149, 16, 96, 77, 55, 135, 157, 5, 85, 9, 57, 89, 137, 172], Float64[], Int64[]))
    (3, ([165, 68, 6, 86, 148, 64, 144, 51, 131, 2, 82, 25, 105, 27, 107, 62, 142, 173], Float64[], Int64[]))
    (4, ([166, 58, 33, 138, 113, 11, 91, 20, 100, 44, 124, 180, 66, 146, 41, 121, 49, 4, 129, 84, 174], [30.86669497306348], [12]))
    (5, ([167, 63, 143, 80, 160, 73, 153, 52, 132, 42, 122, 65, 145, 18, 98, 71, 46, 126, 151, 8, 88, 179, 175], [14.223072371393286], [22]))
    (6, ([168, 53, 133, 26, 75, 106, 155, 74, 154, 19, 28, 99, 108, 14, 79, 94, 159, 36, 43, 123, 116, 70, 150, 179, 176], [66.46321840859083], [24]))
    (7, ([169, 76, 156, 31, 30, 111, 110, 13, 93, 48, 7, 128, 87, 60, 17, 140, 97, 78, 158, 180, 32, 112, 177], [100.18974684607144], [20]))
    (8, ([170, 40, 120, 67, 147, 56, 59, 136, 139, 54, 134, 35, 115, 180, 45, 125, 12, 92, 23, 103, 39, 37, 119, 117, 22, 102, 178], [60.920300396295026], [14])))

T best obj: 826.9222592271003
T best iteration: 3002
T total iterations: 30000
T best time [s]: 6.210
T total time [s]: 41.5448
