EADARP version 2def-dirty
ARGS: --ifile=EADARP/instances/l1/a8-80.txt --odir=EADARP/out/a8-80 --oname=run23
Settings:
--alns_gamma=0.025
--alns_segment_size=100
--alns_sigma1=10
--alns_sigma2=9
--alns_sigma3=3
--at_most_one_s=false
--gamma=-1.0
--ifile=EADARP/instances/l1/a8-80.txt
--insert_charging_otf=true
--insert_cost_noise=0.014
--lns_init_temp_factor=0.0
--lns_temp_dec_factor=0.99
--mh_checkit=false
--mh_lfreq=0
--mh_lnewinc=true
--mh_tciter=-1
--mh_tctime=-1.0
--mh_titer=300
--mh_tobj=-1.0
--mh_ttime=-1.0
--odir=EADARP/out/a8-80
--oname=run23
--only_single_s_visits=true
--repair_max_routes=0
--seed=1038881092
--use_milp_in_otf=0
--xcheck_isfeasible=false

EADARPInstance(EADARP/instances/l1/a8-80.txt, n=80, n_K=8, S=[179, 180, 181], Q=14.85, n_F=8, γ=0.7, T_plan=600.0, F=[171, 172, 173, 174, 175, 176, 177, 178])

T preprocessing time [s]: 3.18653
I       iter             best          obj_old          obj_new        time              method info
I          1     100014.00000     100080.00000     100014.00000      0.2371                 con 
I          2     100012.00000     100014.00000     100012.00000      0.3478         drrr_15+rrg 
I          4     100010.00000     100012.00000     100010.00000      0.4813         drrr_15+rrg 
I          6     100009.00000     100010.00000     100009.00000      0.5641        drrr_15+rroi 
I         11     100008.00000     100009.00000     100008.00000      0.7850         drrr_15+rrg 
I         14     100006.00000     100008.00000     100006.00000      0.9525        drrr_15+rroi 
I         68     100005.00000     100006.00000     100005.00000      2.1234        drrr_15+rrri 
I         94     100004.00000     100005.00000     100004.00000      2.4028         drrr_15+rrg 
I        184     100003.00000     100004.00000     100003.00000      3.5869        drrr_15+rrri 
I        292     100002.00000     100003.00000     100002.00000      4.4943        drrr_15+rrri 
I        300     100002.00000     100002.00000     100003.00000      4.5819         drrr_15+rrg 

Method statistics
S  method    iter  succ  succ-rate%  tot-obj-gain  avg-obj-gain  rel-succ%  net-time  net-time%  brut-time  brut-time%
S  con          1     1   100.00000     -66.00000     -66.00000    5.26316   0.23708    5.17421    0.23708     5.17421
S  drrr_15    299     9     3.01003     -12.00000      -0.04013   47.36842   0.00545    0.11905    0.00545     0.11905
S  rrg         87     4     4.59770      -6.00000      -0.06897   21.05263   1.45537   31.76317    1.45537    31.76317
S  rroi       111     2     1.80180      -3.00000      -0.02703   10.52632   1.56084   34.06499    1.56084    34.06499
S  rrri       101     3     2.97030      -3.00000      -0.02970   15.78947   1.32145   28.84029    1.32145    28.84029
S  SUM/AVG    599    19     3.17195     -90.00000      -0.15025   20.00000   4.58020   99.96171    4.58020    99.96171

T best solution: EADARPSolution(t_routing=-1.0, t_excess=-1.0, obj_val=100002.0, obj_val_valid=true,
    unserved_requests=[48, 49], F_visited=[174, 177, 172, 173, 171, 175, 178, 176], S_visited=[179, 180, 181],
    (1, ([163, 2, 82, 44, 124, 66, 146, 36, 43, 123, 116, 70, 150, 171], Float64[], Int64[]))
    (2, ([164, 68, 6, 86, 148, 55, 135, 46, 126, 39, 37, 119, 117, 22, 102, 172], Float64[], Int64[]))
    (3, ([165, 63, 143, 80, 160, 54, 134, 65, 145, 18, 98, 71, 151, 8, 88, 173], Float64[], Int64[]))
    (4, ([166, 69, 149, 5, 85, 74, 154, 78, 41, 121, 158, 174], Float64[], Int64[]))
    (5, ([167, 58, 33, 138, 113, 30, 110, 34, 114, 77, 53, 133, 157, 11, 91, 35, 29, 115, 109, 7, 87, 9, 28, 89, 108, 60, 17, 140, 97, 179, 175], [141.9024736648521], [30]))
    (6, ([168, 38, 50, 118, 130, 64, 73, 153, 51, 144, 131, 52, 132, 13, 93, 3, 47, 83, 127, 61, 19, 141, 99, 57, 14, 79, 137, 94, 159, 180, 32, 112, 176], [136.64791459371537], [30]))
    (7, ([169, 25, 105, 27, 45, 107, 125, 12, 92, 23, 103, 62, 142, 4, 84, 177], Float64[], Int64[]))
    (8, ([170, 76, 156, 31, 16, 40, 111, 96, 120, 72, 67, 152, 147, 56, 59, 136, 139, 20, 100, 26, 75, 106, 155, 42, 122, 181, 15, 95, 10, 90, 21, 24, 1, 104, 101, 81, 178], [172.97102291530592], [26])))

T best obj: 100002.0
T best iteration: 292
T total iterations: 300
T best time [s]: 4.494
T total time [s]: 4.5820
