EADARP version 2def-dirty
ARGS: --ifile=EADARP/instances/l1/a8-80.txt --odir=EADARP/out/a8-80 --oname=run47
Settings:
--alns_gamma=0.025
--alns_segment_size=100
--alns_sigma1=10
--alns_sigma2=9
--alns_sigma3=3
--at_most_one_s=false
--gamma=-1.0
--ifile=EADARP/instances/l1/a8-80.txt
--insert_charging_otf=true
--insert_cost_noise=0.014
--lns_init_temp_factor=0.0
--lns_temp_dec_factor=0.99
--mh_checkit=false
--mh_lfreq=0
--mh_lnewinc=true
--mh_tciter=-1
--mh_tctime=-1.0
--mh_titer=300
--mh_tobj=-1.0
--mh_ttime=-1.0
--odir=EADARP/out/a8-80
--oname=run47
--only_single_s_visits=true
--repair_max_routes=0
--seed=657467090
--use_milp_in_otf=0
--xcheck_isfeasible=false

EADARPInstance(EADARP/instances/l1/a8-80.txt, n=80, n_K=8, S=[179, 180, 181], Q=14.85, n_F=8, γ=0.7, T_plan=600.0, F=[171, 172, 173, 174, 175, 176, 177, 178])

T preprocessing time [s]: 3.22286
I       iter             best          obj_old          obj_new        time              method info
I          1     100012.00000     100080.00000     100012.00000      0.2539                 con 
I         15     100011.00000     100012.00000     100011.00000      1.0026         drrr_15+rrg 
I         16     100010.00000     100011.00000     100010.00000      1.0289        drrr_15+rroi 
I         17     100009.00000     100010.00000     100009.00000      1.0542        drrr_15+rroi 
I         21     100008.00000     100009.00000     100008.00000      1.2145        drrr_15+rrri 
I         54     100006.00000     100008.00000     100006.00000      1.8820        drrr_15+rrri 
I         76     100005.00000     100006.00000     100005.00000      2.3799         drrr_15+rrg 
I         90     100004.00000     100005.00000     100004.00000      2.5559        drrr_15+rrri 
I        150     100003.00000     100004.00000     100003.00000      3.2407        drrr_15+rrri 
I        186     100002.00000     100003.00000     100002.00000      3.5444         drrr_15+rrg 
I        300     100002.00000     100002.00000     100002.00000      4.2130         drrr_15+rrg 

Method statistics
S  method    iter  succ  succ-rate%  tot-obj-gain  avg-obj-gain  rel-succ%  net-time  net-time%  brut-time  brut-time%
S  con          1     1   100.00000     -68.00000     -68.00000    5.26316   0.25389    6.02621    0.25389     6.02621
S  drrr_15    299     9     3.01003     -10.00000      -0.03344   47.36842   0.00442    0.10501    0.00442     0.10501
S  rrg        110     3     2.72727      -3.00000      -0.02727   15.78947   1.32994   31.56732    1.32994    31.56732
S  rroi       104     2     1.92308      -2.00000      -0.01923   10.52632   1.18713   28.17771    1.18713    28.17771
S  rrri        85     4     4.70588      -5.00000      -0.05882   21.05263   1.43598   34.08440    1.43598    34.08440
S  SUM/AVG    599    19     3.17195     -88.00000      -0.14691   20.00000   4.21136   99.96065    4.21136    99.96065

T best solution: EADARPSolution(t_routing=-1.0, t_excess=-1.0, obj_val=100002.0, obj_val_valid=true,
    unserved_requests=[1, 78], F_visited=[171, 176, 172, 174, 175, 177, 173, 178], S_visited=[179, 180, 181],
    (1, ([163, 76, 50, 156, 130, 63, 143, 64, 144, 72, 77, 152, 157, 11, 91, 20, 29, 100, 109, 3, 47, 83, 127, 61, 141, 27, 107, 60, 17, 140, 97, 181, 171], [167.3622290168536], [32]))
    (2, ([164, 51, 131, 2, 82, 25, 105, 42, 122, 65, 145, 18, 98, 70, 150, 4, 84, 172], Float64[], Int64[]))
    (3, ([165, 68, 6, 86, 148, 80, 73, 153, 160, 35, 115, 26, 106, 9, 57, 89, 137, 173], Float64[], Int64[]))
    (4, ([166, 33, 113, 16, 40, 96, 120, 67, 147, 56, 59, 136, 139, 54, 134, 5, 85, 75, 155, 74, 154, 179, 71, 15, 95, 151, 10, 90, 22, 102, 174], [142.82056131594132], [22]))
    (5, ([167, 55, 135, 53, 133, 66, 41, 121, 146, 36, 43, 123, 116, 24, 104, 175], Float64[], Int64[]))
    (6, ([168, 31, 30, 111, 110, 34, 114, 52, 132, 13, 93, 48, 7, 128, 87, 44, 124, 19, 28, 99, 108, 14, 79, 94, 159, 180, 32, 112, 176], [138.33889324680734], [26]))
    (7, ([169, 58, 138, 38, 118, 45, 125, 46, 126, 62, 142, 21, 101, 177], Float64[], Int64[]))
    (8, ([170, 69, 149, 12, 92, 23, 103, 39, 37, 119, 117, 49, 129, 8, 88, 178], Float64[], Int64[])))

T best obj: 100002.0
T best iteration: 186
T total iterations: 300
T best time [s]: 3.544
T total time [s]: 4.2130
