EADARP version 585c-dirty
ARGS: --ifile=EADARP/instances/l1/a8-80.txt --infeasible_arcs=EADARP/infeasible_arcs --gamma=0.7 --only_single_s_visits=false --odir=EADARP/out/a8-80 --oname=run41
Settings:
--alns_gamma=0.025
--alns_segment_size=100
--alns_sigma1=10
--alns_sigma2=9
--alns_sigma3=3
--at_most_one_s=false
--gamma=0.7
--ifile=EADARP/instances/l1/a8-80.txt
--infeasible_arcs=EADARP/infeasible_arcs
--insert_charging_otf=true
--insert_cost_noise=0.014
--lns_init_temp_factor=0.0
--lns_temp_dec_factor=0.99
--mh_checkit=false
--mh_lfreq=0
--mh_lnewinc=true
--mh_tciter=-1
--mh_tctime=-1.0
--mh_titer=30000
--mh_tobj=-1.0
--mh_ttime=-1.0
--odir=EADARP/out/a8-80
--oname=run41
--only_single_s_visits=false
--repair_max_routes=0
--seed=709634470
--use_milp_in_otf=0
--xcheck_isfeasible=false

EADARPInstance(EADARP/instances/l1/a8-80.txt, n=80, n_K=8, S=[179, 180, 181], Q=14.85, n_F=8, γ=0.7, T_plan=600.0, F=[171, 172, 173, 174, 175, 176, 177, 178])

T preprocessing time [s]: 3.47014
I       iter             best          obj_old          obj_new        time              method info
I          1        951.98708     100080.00000        951.98708      0.3024                 con 
I          2        951.93889        951.98708        951.93889      0.3954        drrr_15+rroi 
I          3        927.67976        951.93889        927.67976      0.4629        drrr_15+rroi 
I          4        912.59790        927.67976        912.59790      0.5149         drrr_15+rrg 
I          5        902.49535        912.59790        902.49535      0.5734        drrr_15+rrri 
I          6        897.30565        902.49535        897.30565      0.5990        drrr_15+rroi 
I          9        894.20443        897.30565        894.20443      0.7041         drrr_15+rrg 
I         11        889.75150        894.20443        889.75150      0.7874         drrr_15+rrg 
I         12        877.57372        889.75150        877.57372      0.8168         drrr_15+rrg 
I         14        873.32574        877.57372        873.32574      0.9389        drrr_15+rroi 
I         15        870.75759        873.32574        870.75759      0.9685        drrr_15+rroi 
I         16        867.24335        870.75759        867.24335      0.9894         drrr_15+rrg 
I         17        866.77915        867.24335        866.77915      1.0149        drrr_15+rroi 
I         18        864.83127        866.77915        864.83127      1.0379        drrr_15+rrri 
I         19        859.05305        864.83127        859.05305      1.0575         drrr_15+rrg 
I         37        858.92112        859.05305        858.92112      1.2939        drrr_15+rroi 
I         41        858.42502        858.92112        858.42502      1.3363        drrr_15+rroi 
I         94        857.58915        858.42502        857.58915      1.5803        drrr_15+rrri 
I         95        854.36071        857.58915        854.36071      1.5818        drrr_15+rrri 
I        108        853.58082        854.36071        853.58082      1.6302         drrr_15+rrg 
I        111        849.98962        853.58082        849.98962      1.6498        drrr_15+rrri 
I        114        846.84932        849.98962        846.84932      1.6718        drrr_15+rroi 
I        133        846.55176        846.84932        846.55176      1.7057        drrr_15+rroi 
I        136        843.84927        846.55176        843.84927      1.7255        drrr_15+rrri 
I        143        843.54768        843.84927        843.54768      1.7609         drrr_15+rrg 
I        163        843.51708        843.54768        843.51708      1.8269        drrr_15+rroi 
I        301        840.41908        843.51708        840.41908      2.1784         drrr_15+rrg 
I        379        840.13425        840.41908        840.13425      2.3114        drrr_15+rrri 
I        536        839.80048        840.13425        839.80048      2.5393        drrr_15+rrri 
I        603        837.65431        839.80048        837.65431      2.6557         drrr_15+rrg 
I        643        837.41012        837.65431        837.41012      2.6988        drrr_15+rrri 
I        986        833.37109        837.41012        833.37109      3.1191        drrr_15+rrri 
I        991        833.08818        833.37109        833.08818      3.1300        drrr_15+rroi 
I       1886        831.73097        833.08818        831.73097      3.9458        drrr_15+rroi 
I       2806        831.26884        831.73097        831.26884      4.5549        drrr_15+rroi 
I       2817        830.46781        831.26884        830.46781      4.5659        drrr_15+rroi 
I       2837        826.21420        830.46781        826.21420      4.5787         drrr_15+rrg 
I       7129        825.82850        826.21420        825.82850      6.9282         drrr_15+rrg 
I       8276        825.01550        825.82850        825.01550      7.5448        drrr_15+rrri 
I       8335        824.81998        825.01550        824.81998      7.6074        drrr_15+rroi 
I      27920        823.18810        824.81998        823.18810     16.6537        drrr_15+rroi 
I      27942        823.18810        823.18810        823.18810     16.6625        drrr_15+rrri 
I      30000        823.18810        823.18810        823.18810     17.5961        drrr_15+rrri 

Method statistics
S  method    iter  succ  succ-rate%  tot-obj-gain  avg-obj-gain  rel-succ%  net-time  net-time%  brut-time  brut-time%
S  con          1     1   100.00000  -99128.01292  -99128.01292    1.20482   0.30239    1.71849    0.30239     1.71849
S  drrr_15  29999    41     0.13667    -128.79899      -0.00429   49.39759   0.35458    2.01510    0.35458     2.01510
S  rrg       9992    12     0.12010     -55.07123      -0.00551   14.45783   7.21722   41.01583    7.21722    41.01583
S  rroi     10089    17     0.16850     -45.60452      -0.00452   20.48193   4.39344   24.96814    4.39344    24.96814
S  rrri      9918    12     0.12099     -28.12325      -0.00284   14.45783   5.26792   29.93789    5.26792    29.93789
S  SUM/AVG  59999    83     0.13834  -99385.61089      -1.65645   20.00000  17.53555   99.65544   17.53555    99.65544

T best solution: EADARPSolution(t_routing=1024.411, t_excess=219.52, obj_val=823.188, obj_val_valid=true,
    unserved_requests=Int64[], F_visited=[173, 177, 172, 178, 176, 175, 174, 171], S_visited=Int64[],
    (1, ([163, 47, 127, 61, 141, 18, 98, 71, 46, 126, 151, 39, 37, 119, 117, 22, 102, 179, 171], [30.100412891760733], [18]))
    (2, ([164, 76, 156, 31, 30, 111, 110, 34, 114, 72, 152, 75, 155, 27, 107, 180, 41, 121, 43, 123, 15, 95, 21, 24, 1, 104, 101, 81, 172], [100.62066279992159], [16]))
    (3, ([165, 63, 143, 51, 131, 56, 59, 136, 139, 54, 134, 35, 5, 85, 115, 180, 44, 124, 19, 28, 99, 108, 66, 146, 32, 112, 173], [61.177418350793985], [16]))
    (4, ([166, 68, 6, 86, 148, 64, 144, 13, 3, 93, 48, 83, 128, 42, 122, 65, 145, 60, 17, 140, 97, 70, 150, 179, 174], [46.50630861926391], [24]))
    (5, ([167, 69, 149, 16, 96, 77, 55, 135, 157, 20, 100, 26, 106, 9, 57, 89, 137, 62, 142, 179, 175], [10.039672876190506], [20]))
    (6, ([168, 38, 50, 118, 130, 80, 160, 73, 153, 52, 132, 2, 82, 25, 105, 74, 154, 78, 158, 180, 49, 4, 129, 84, 176], [68.47915458383684], [20]))
    (7, ([169, 58, 33, 138, 113, 11, 91, 29, 109, 7, 87, 12, 92, 23, 103, 8, 88, 179, 177], [35.70276224404658], [18]))
    (8, ([170, 40, 120, 67, 147, 53, 133, 45, 125, 14, 79, 94, 159, 36, 10, 116, 90, 179, 178], [23.78453956186206], [18])))

T best obj: 823.188095142367
T best iteration: 27942
T total iterations: 30000
T best time [s]: 16.663
T total time [s]: 17.5962
