EADARP version 585c-dirty
ARGS: --ifile=EADARP/instances/l1/a8-80.txt --infeasible_arcs=EADARP/infeasible_arcs --gamma=0.7 --only_single_s_visits=false --odir=EADARP/out/a8-80 --oname=run58
Settings:
--alns_gamma=0.025
--alns_segment_size=100
--alns_sigma1=10
--alns_sigma2=9
--alns_sigma3=3
--at_most_one_s=false
--gamma=0.7
--ifile=EADARP/instances/l1/a8-80.txt
--infeasible_arcs=EADARP/infeasible_arcs
--insert_charging_otf=true
--insert_cost_noise=0.014
--lns_init_temp_factor=0.0
--lns_temp_dec_factor=0.99
--mh_checkit=false
--mh_lfreq=0
--mh_lnewinc=true
--mh_tciter=-1
--mh_tctime=-1.0
--mh_titer=30000
--mh_tobj=-1.0
--mh_ttime=-1.0
--odir=EADARP/out/a8-80
--oname=run58
--only_single_s_visits=false
--repair_max_routes=0
--seed=1037910518
--use_milp_in_otf=0
--xcheck_isfeasible=false

EADARPInstance(EADARP/instances/l1/a8-80.txt, n=80, n_K=8, S=[179, 180, 181], Q=14.85, n_F=8, γ=0.7, T_plan=600.0, F=[171, 172, 173, 174, 175, 176, 177, 178])

T preprocessing time [s]: 3.51171
I       iter             best          obj_old          obj_new        time              method info
I          1        981.39319     100080.00000        981.39319      0.2971                 con 
I          2        962.44456        981.39319        962.44456      0.3888        drrr_15+rrri 
I          3        938.97026        962.44456        938.97026      0.4323        drrr_15+rroi 
I          4        930.42359        938.97026        930.42359      0.4861        drrr_15+rrri 
I          6        927.35131        930.42359        927.35131      0.6000        drrr_15+rrri 
I          7        922.88464        927.35131        922.88464      0.6665         drrr_15+rrg 
I          8        913.26951        922.88464        913.26951      0.7130        drrr_15+rroi 
I          9        910.27179        913.26951        910.27179      0.7704        drrr_15+rroi 
I         10        886.71379        910.27179        886.71379      0.8377        drrr_15+rroi 
I         15        886.64504        886.71379        886.64504      1.0285         drrr_15+rrg 
I         18        886.46832        886.64504        886.46832      1.1130        drrr_15+rrri 
I         19        884.10668        886.46832        884.10668      1.1294        drrr_15+rrri 
I         20        883.33102        884.10668        883.33102      1.1386        drrr_15+rrri 
I         24        878.56966        883.33102        878.56966      1.1986        drrr_15+rroi 
I         35        874.84419        878.56966        874.84419      1.3052        drrr_15+rroi 
I         38        869.69263        874.84419        869.69263      1.3998         drrr_15+rrg 
I         48        868.24859        869.69263        868.24859      1.4675        drrr_15+rrri 
I         55        867.76633        868.24859        867.76633      1.4989         drrr_15+rrg 
I         59        864.26750        867.76633        864.26750      1.5401         drrr_15+rrg 
I         61        864.22343        864.26750        864.22343      1.5583         drrr_15+rrg 
I         70        861.67811        864.22343        861.67811      1.6528        drrr_15+rrri 
I         91        859.11372        861.67811        859.11372      1.7822        drrr_15+rroi 
I         92        858.17598        859.11372        858.17598      1.8010         drrr_15+rrg 
I        105        857.19892        858.17598        857.19892      1.9007         drrr_15+rrg 
I        106        855.01631        857.19892        855.01631      1.9058        drrr_15+rrri 
I        113        851.79308        855.01631        851.79308      1.9631        drrr_15+rroi 
I        117        851.15377        851.79308        851.15377      1.9897        drrr_15+rrri 
I        130        850.82237        851.15377        850.82237      2.0596        drrr_15+rroi 
I        142        850.13190        850.82237        850.13190      2.0883         drrr_15+rrg 
I        171        850.05790        850.13190        850.05790      2.1584        drrr_15+rrri 
I        194        849.52307        850.05790        849.52307      2.2565        drrr_15+rroi 
I        219        848.88376        849.52307        848.88376      2.3090         drrr_15+rrg 
I        351        847.73586        848.88376        847.73586      2.5931        drrr_15+rrri 
I        359        847.63519        847.73586        847.63519      2.6396        drrr_15+rroi 
I        592        847.35404        847.63519        847.35404      2.8914        drrr_15+rroi 
I        695        844.53936        847.35404        844.53936      2.9952        drrr_15+rroi 
I        698        844.16570        844.53936        844.16570      3.0032        drrr_15+rrri 
I        701        843.42397        844.16570        843.42397      3.0088         drrr_15+rrg 
I        709        843.12238        843.42397        843.12238      3.0168        drrr_15+rroi 
I        715        842.78544        843.12238        842.78544      3.0245         drrr_15+rrg 
I        721        842.75994        842.78544        842.75994      3.0351        drrr_15+rrri 
I        771        842.75640        842.75994        842.75640      3.1350        drrr_15+rroi 
I        827        842.38196        842.75640        842.38196      3.2156        drrr_15+rrri 
I        885        842.09712        842.38196        842.09712      3.2715        drrr_15+rroi 
I        893        838.92479        842.09712        838.92479      3.2829        drrr_15+rrri 
I        912        838.33244        838.92479        838.33244      3.3033         drrr_15+rrg 
I        995        838.32692        838.33244        838.32692      3.3861         drrr_15+rrg 
I       1032        836.58194        838.32692        836.58194      3.4231        drrr_15+rrri 
I       1176        835.03196        836.58194        835.03196      3.5821        drrr_15+rroi 
I       1181        835.01797        835.03196        835.01797      3.5923        drrr_15+rrri 
I       1212        833.86205        835.01797        833.86205      3.6291        drrr_15+rrri 
I       2853        831.32565        833.86205        831.32565      4.8864        drrr_15+rroi 
I       2864        830.92865        831.32565        830.92865      4.9072         drrr_15+rrg 
I       2878        830.50902        830.92865        830.50902      4.9204         drrr_15+rrg 
I      16323        830.38059        830.50902        830.38059     11.8085        drrr_15+rrri 
I      16327        830.14635        830.38059        830.14635     11.8100        drrr_15+rrri 
I      16451        829.69551        830.14635        829.69551     11.8623        drrr_15+rroi 
I      17271        829.67761        829.69551        829.67761     12.2622        drrr_15+rrri 
I      26208        829.06761        829.67761        829.06761     16.2716        drrr_15+rrri 
I      26226        828.89889        829.06761        828.89889     16.2777        drrr_15+rrri 
I      26229        828.09616        828.89889        828.09616     16.2786        drrr_15+rroi 
I      30000        828.09616        828.09616        830.10781     17.9961        drrr_15+rrri 

Method statistics
S  method    iter  succ  succ-rate%  tot-obj-gain  avg-obj-gain  rel-succ%  net-time  net-time%  brut-time  brut-time%
S  con          1     1   100.00000  -99098.60681  -99098.60681    0.82645   0.29709    1.65085    0.29709     1.65085
S  drrr_15  29999    60     0.20001    -153.29702      -0.00511   49.58678   0.35386    1.96633    0.35386     1.96633
S  rrg       9940    16     0.16097     -19.44987      -0.00196   13.22314   7.59669   42.21278    7.59669    42.21278
S  rroi     10001    20     0.19998     -83.91227      -0.00839   16.52893   4.01750   22.32418    4.01750    22.32418
S  rrri     10058    24     0.23862     -49.93489      -0.00496   19.83471   5.66093   31.45630    5.66093    31.45630
S  SUM/AVG  59999   121     0.20167  -99405.20086      -1.65678   20.00000  17.92607   99.61043   17.92607    99.61043

T best solution: EADARPSolution(t_routing=1039.953, t_excess=192.525, obj_val=828.096, obj_val_valid=true,
    unserved_requests=Int64[], F_visited=[175, 171, 174, 176, 178, 172, 177, 173], S_visited=Int64[],
    (1, ([163, 40, 120, 67, 147, 56, 59, 136, 139, 54, 134, 35, 115, 26, 106, 45, 125, 12, 92, 23, 103, 10, 90, 179, 171], [62.42350631618968], [24]))
    (2, ([164, 69, 149, 16, 96, 77, 55, 135, 157, 20, 100, 44, 124, 19, 28, 99, 108, 14, 79, 94, 159, 36, 43, 123, 116, 70, 150, 179, 172], [69.56269060087305], [28]))
    (3, ([165, 38, 50, 118, 130, 63, 143, 80, 160, 73, 153, 52, 132, 4, 84, 179, 173], [7.326658483375358], [16]))
    (4, ([166, 58, 33, 138, 113, 11, 91, 5, 85, 75, 155, 181, 27, 107, 66, 146, 41, 121, 49, 129, 8, 88, 174], [50.964016389278775], [12]))
    (5, ([167, 51, 131, 47, 127, 61, 141, 181, 60, 17, 140, 97, 15, 95, 21, 24, 1, 104, 101, 81, 175], [40.36252293999745], [8]))
    (6, ([168, 2, 82, 25, 105, 74, 154, 78, 158, 32, 112, 176], Float64[], Int64[]))
    (7, ([169, 76, 156, 31, 30, 111, 110, 34, 114, 72, 152, 53, 133, 29, 109, 7, 87, 9, 57, 89, 137, 62, 142, 179, 177], [75.38180932492709], [24]))
    (8, ([170, 68, 6, 86, 148, 64, 144, 13, 3, 93, 48, 83, 128, 42, 122, 65, 145, 181, 18, 98, 71, 46, 126, 151, 39, 37, 119, 117, 22, 102, 178], [87.71874294170262], [18])))

T best obj: 828.0961622921963
T best iteration: 26229
T total iterations: 30000
T best time [s]: 16.279
T total time [s]: 17.9962
