EADARP version 2def-dirty
ARGS: --ifile=EADARP/instances/l1/a8-80.txt --odir=EADARP/out/a8-80 --oname=run51
Settings:
--alns_gamma=0.025
--alns_segment_size=100
--alns_sigma1=10
--alns_sigma2=9
--alns_sigma3=3
--at_most_one_s=false
--gamma=-1.0
--ifile=EADARP/instances/l1/a8-80.txt
--insert_charging_otf=true
--insert_cost_noise=0.014
--lns_init_temp_factor=0.0
--lns_temp_dec_factor=0.99
--mh_checkit=false
--mh_lfreq=0
--mh_lnewinc=true
--mh_tciter=-1
--mh_tctime=-1.0
--mh_titer=300
--mh_tobj=-1.0
--mh_ttime=-1.0
--odir=EADARP/out/a8-80
--oname=run51
--only_single_s_visits=true
--repair_max_routes=0
--seed=1233713852
--use_milp_in_otf=0
--xcheck_isfeasible=false

EADARPInstance(EADARP/instances/l1/a8-80.txt, n=80, n_K=8, S=[179, 180, 181], Q=14.85, n_F=8, γ=0.7, T_plan=600.0, F=[171, 172, 173, 174, 175, 176, 177, 178])

T preprocessing time [s]: 3.19433
I       iter             best          obj_old          obj_new        time              method info
I          1     100011.00000     100080.00000     100011.00000      0.2562                 con 
I          2     100010.00000     100011.00000     100010.00000      0.3562        drrr_15+rrri 
I          3     100007.00000     100010.00000     100007.00000      0.4508         drrr_15+rrg 
I          5     100006.00000     100007.00000     100006.00000      0.5628        drrr_15+rroi 
I         11     100004.00000     100006.00000     100004.00000      0.8273        drrr_15+rroi 
I         24     100003.00000     100004.00000     100003.00000      1.1922        drrr_15+rrri 
I        271     100002.00000     100003.00000     100002.00000      3.6909        drrr_15+rroi 
I        300     100002.00000     100002.00000     100002.00000      3.8612        drrr_15+rrri 

Method statistics
S  method    iter  succ  succ-rate%  tot-obj-gain  avg-obj-gain  rel-succ%  net-time  net-time%  brut-time  brut-time%
S  con          1     1   100.00000     -69.00000     -69.00000    7.69231   0.25621    6.63545    0.25621     6.63545
S  drrr_15    299     6     2.00669      -9.00000      -0.03010   46.15385   0.00443    0.11462    0.00443     0.11462
S  rrg         89     1     1.12360      -3.00000      -0.03371    7.69231   1.19430   30.93068    1.19430    30.93068
S  rroi        85     3     3.52941      -4.00000      -0.04706   23.07692   0.94433   24.45667    0.94433    24.45667
S  rrri       125     2     1.60000      -2.00000      -0.01600   15.38462   1.46036   37.82122    1.46036    37.82122
S  SUM/AVG    599    13     2.17028     -87.00000      -0.14524   20.00000   3.85962   99.95864    3.85962    99.95864

T best solution: EADARPSolution(t_routing=-1.0, t_excess=-1.0, obj_val=100002.0, obj_val_valid=true,
    unserved_requests=[78, 4], F_visited=[171, 174, 178, 173, 175, 176, 172, 177], S_visited=[179, 181, 180],
    (1, ([163, 69, 149, 55, 135, 12, 92, 23, 103, 39, 37, 119, 117, 22, 102, 171], Float64[], Int64[]))
    (2, ([164, 58, 33, 138, 31, 113, 16, 111, 96, 72, 77, 152, 157, 52, 132, 13, 93, 48, 128, 74, 154, 27, 28, 107, 108, 14, 79, 94, 159, 180, 172], [154.93733018188598], [30]))
    (3, ([165, 38, 50, 118, 130, 63, 143, 80, 73, 153, 160, 11, 91, 29, 25, 109, 7, 105, 87, 61, 45, 125, 141, 9, 57, 89, 137, 181, 49, 32, 129, 112, 173], [145.25638699356765], [28]))
    (4, ([166, 68, 148, 64, 34, 144, 114, 2, 82, 41, 121, 46, 126, 62, 142, 174], Float64[], Int64[]))
    (5, ([167, 6, 86, 42, 122, 65, 145, 18, 98, 71, 15, 95, 151, 8, 21, 24, 88, 104, 101, 175], Float64[], Int64[]))
    (6, ([168, 51, 131, 47, 127, 66, 146, 36, 43, 123, 116, 176], Float64[], Int64[]))
    (7, ([169, 76, 156, 30, 110, 40, 120, 67, 53, 133, 147, 56, 59, 136, 54, 139, 134, 35, 5, 85, 115, 3, 83, 44, 124, 19, 99, 179, 10, 90, 1, 81, 177], [154.82340608414492], [28]))
    (8, ([170, 20, 100, 26, 75, 106, 155, 60, 17, 140, 97, 70, 150, 178], Float64[], Int64[])))

T best obj: 100002.0
T best iteration: 271
T total iterations: 300
T best time [s]: 3.691
T total time [s]: 3.8612
