EADARP version 2def-dirty
ARGS: --ifile=EADARP/instances/l1/a8-80.txt --odir=EADARP/out/a8-80 --oname=run59
Settings:
--alns_gamma=0.025
--alns_segment_size=100
--alns_sigma1=10
--alns_sigma2=9
--alns_sigma3=3
--at_most_one_s=false
--gamma=-1.0
--ifile=EADARP/instances/l1/a8-80.txt
--insert_charging_otf=true
--insert_cost_noise=0.014
--lns_init_temp_factor=0.0
--lns_temp_dec_factor=0.99
--mh_checkit=false
--mh_lfreq=0
--mh_lnewinc=true
--mh_tciter=-1
--mh_tctime=-1.0
--mh_titer=300
--mh_tobj=-1.0
--mh_ttime=-1.0
--odir=EADARP/out/a8-80
--oname=run59
--only_single_s_visits=true
--repair_max_routes=0
--seed=1582223190
--use_milp_in_otf=0
--xcheck_isfeasible=false

EADARPInstance(EADARP/instances/l1/a8-80.txt, n=80, n_K=8, S=[179, 180, 181], Q=14.85, n_F=8, γ=0.7, T_plan=600.0, F=[171, 172, 173, 174, 175, 176, 177, 178])

T preprocessing time [s]: 3.19004
I       iter             best          obj_old          obj_new        time              method info
I          1     100015.00000     100080.00000     100015.00000      0.2256                 con 
I          3     100014.00000     100015.00000     100014.00000      0.3716        drrr_15+rrri 
I          4     100013.00000     100014.00000     100013.00000      0.4263        drrr_15+rrri 
I          6     100010.00000     100013.00000     100010.00000      0.5868        drrr_15+rrri 
I          8     100009.00000     100010.00000     100009.00000      0.6751        drrr_15+rrri 
I          9     100008.00000     100009.00000     100008.00000      0.7627        drrr_15+rroi 
I         12     100007.00000     100008.00000     100007.00000      0.9471        drrr_15+rroi 
I         15     100006.00000     100007.00000     100006.00000      1.0833        drrr_15+rrri 
I         30     100005.00000     100006.00000     100005.00000      1.6456         drrr_15+rrg 
I         35     100004.00000     100005.00000     100004.00000      1.8436        drrr_15+rroi 
I         76     100003.00000     100004.00000     100003.00000      2.4160         drrr_15+rrg 
I        300     100003.00000     100003.00000     100003.00000      4.1226        drrr_15+rrri 

Method statistics
S  method    iter  succ  succ-rate%  tot-obj-gain  avg-obj-gain  rel-succ%  net-time  net-time%  brut-time  brut-time%
S  con          1     1   100.00000     -65.00000     -65.00000    4.76190   0.22558    5.47172    0.22558     5.47172
S  drrr_15    299    10     3.34448     -12.00000      -0.04013   47.61905   0.00446    0.10821    0.00446     0.10821
S  rrg         78     2     2.56410      -2.00000      -0.02564    9.52381   0.91837   22.27652    0.91837    22.27652
S  rroi       113     3     2.65487      -3.00000      -0.02655   14.28571   1.23946   30.06497    1.23946    30.06497
S  rrri       108     5     4.62963      -7.00000      -0.06481   23.80952   1.73302   42.03701    1.73302    42.03701
S  SUM/AVG    599    21     3.50584     -89.00000      -0.14858   20.00000   4.12088   99.95844    4.12088    99.95844

T best solution: EADARPSolution(t_routing=-1.0, t_excess=-1.0, obj_val=100003.0, obj_val_valid=true,
    unserved_requests=[10, 36, 78], F_visited=[173, 171, 177, 175, 178, 174, 172, 176], S_visited=[181, 180, 179],
    (1, ([163, 58, 33, 138, 113, 30, 110, 34, 114, 77, 157, 11, 91, 2, 82, 13, 3, 93, 48, 83, 128, 45, 44, 124, 125, 9, 89, 180, 49, 4, 129, 84, 171], [166.02782380183092], [28]))
    (2, ([164, 7, 87, 65, 145, 15, 95, 21, 24, 1, 104, 101, 81, 172], Float64[], Int64[]))
    (3, ([165, 63, 143, 80, 160, 54, 134, 42, 122, 12, 92, 23, 103, 8, 88, 173], Float64[], Int64[]))
    (4, ([166, 55, 135, 5, 85, 57, 79, 137, 159, 43, 123, 70, 150, 174], Float64[], Int64[]))
    (5, ([167, 38, 50, 118, 130, 52, 132, 17, 97, 18, 98, 62, 142, 175], Float64[], Int64[]))
    (6, ([168, 40, 120, 29, 109, 47, 127, 61, 19, 141, 99, 176], Float64[], Int64[]))
    (7, ([169, 76, 156, 31, 111, 68, 6, 86, 148, 64, 73, 153, 51, 144, 131, 56, 59, 136, 139, 35, 20, 100, 115, 25, 105, 74, 154, 181, 71, 46, 126, 151, 39, 37, 119, 117, 22, 102, 177], [153.05995151013852], [28]))
    (8, ([170, 69, 149, 16, 96, 72, 152, 67, 147, 53, 133, 26, 75, 106, 155, 27, 28, 107, 108, 60, 14, 140, 94, 66, 146, 41, 121, 179, 32, 112, 178], [107.90928505409077], [28])))

T best obj: 100003.0
T best iteration: 76
T total iterations: 300
T best time [s]: 2.416
T total time [s]: 4.1226
