EADARP version 2def-dirty
ARGS: --ifile=EADARP/instances/l1/a8-80.txt --odir=EADARP/out/a8-80 --oname=run6
Settings:
--alns_gamma=0.025
--alns_segment_size=100
--alns_sigma1=10
--alns_sigma2=9
--alns_sigma3=3
--at_most_one_s=false
--gamma=-1.0
--ifile=EADARP/instances/l1/a8-80.txt
--insert_charging_otf=true
--insert_cost_noise=0.014
--lns_init_temp_factor=0.0
--lns_temp_dec_factor=0.99
--mh_checkit=false
--mh_lfreq=0
--mh_lnewinc=true
--mh_tciter=-1
--mh_tctime=-1.0
--mh_titer=300
--mh_tobj=-1.0
--mh_ttime=-1.0
--odir=EADARP/out/a8-80
--oname=run6
--only_single_s_visits=true
--repair_max_routes=0
--seed=1456956068
--use_milp_in_otf=0
--xcheck_isfeasible=false

EADARPInstance(EADARP/instances/l1/a8-80.txt, n=80, n_K=8, S=[179, 180, 181], Q=14.85, n_F=8, γ=0.7, T_plan=600.0, F=[171, 172, 173, 174, 175, 176, 177, 178])

T preprocessing time [s]: 3.21347
I       iter             best          obj_old          obj_new        time              method info
I          1     100012.00000     100080.00000     100012.00000      0.2421                 con 
I          7     100011.00000     100012.00000     100011.00000      0.5666         drrr_15+rrg 
I          8     100009.00000     100011.00000     100009.00000      0.6464        drrr_15+rrri 
I         18     100008.00000     100009.00000     100008.00000      1.0487         drrr_15+rrg 
I         49     100007.00000     100008.00000     100007.00000      1.6535        drrr_15+rroi 
I         50     100005.00000     100007.00000     100005.00000      1.7178         drrr_15+rrg 
I         94     100004.00000     100005.00000     100004.00000      2.3240        drrr_15+rroi 
I        100     100003.00000     100004.00000     100003.00000      2.4209         drrr_15+rrg 
I        185     100002.00000     100003.00000     100002.00000      3.4025        drrr_15+rroi 
I        186     100001.00000     100002.00000     100001.00000      3.4027        drrr_15+rrri 
I        300     100001.00000     100001.00000     100002.00000      3.9826        drrr_15+rrri 

Method statistics
S  method    iter  succ  succ-rate%  tot-obj-gain  avg-obj-gain  rel-succ%  net-time  net-time%  brut-time  brut-time%
S  con          1     1   100.00000     -68.00000     -68.00000    5.26316   0.24209    6.07864    0.24209     6.07864
S  drrr_15    299     9     3.01003     -11.00000      -0.03679   47.36842   0.00465    0.11665    0.00465     0.11665
S  rrg         94     4     4.25532      -5.00000      -0.05319   21.05263   1.22308   30.71011    1.22308    30.71011
S  rroi       107     3     2.80374      -3.00000      -0.02804   15.78947   1.34551   33.78407    1.34551    33.78407
S  rrri        98     2     2.04082      -3.00000      -0.03061   10.52632   1.16566   29.26842    1.16566    29.26842
S  SUM/AVG    599    19     3.17195     -90.00000      -0.15025   20.00000   3.98099   99.95789    3.98099    99.95789

T best solution: EADARPSolution(t_routing=-1.0, t_excess=-1.0, obj_val=100001.0, obj_val_valid=true,
    unserved_requests=[78], F_visited=[176, 173, 172, 177, 171, 175, 174, 178], S_visited=[179, 181, 180],
    (1, ([163, 25, 105, 42, 122, 60, 17, 140, 97, 70, 150, 49, 4, 129, 84, 171], Float64[], Int64[]))
    (2, ([164, 69, 149, 38, 50, 118, 130, 63, 143, 64, 144, 51, 52, 132, 131, 2, 82, 13, 3, 93, 48, 83, 128, 27, 107, 180, 39, 37, 119, 117, 22, 102, 1, 81, 172], [149.64462685782797], [26]))
    (3, ([165, 16, 96, 77, 55, 135, 157, 14, 79, 94, 159, 41, 121, 62, 142, 173], Float64[], Int64[]))
    (4, ([166, 6, 86, 80, 73, 153, 160, 54, 134, 65, 145, 18, 98, 71, 46, 126, 151, 174], Float64[], Int64[]))
    (5, ([167, 40, 120, 26, 106, 66, 146, 36, 43, 123, 116, 175], Float64[], Int64[]))
    (6, ([168, 76, 156, 31, 30, 111, 110, 34, 114, 72, 67, 152, 53, 133, 147, 56, 59, 136, 139, 35, 20, 100, 115, 7, 87, 9, 57, 89, 137, 12, 92, 23, 103, 179, 176], [136.50885784852863], [34]))
    (7, ([169, 29, 109, 47, 127, 44, 124, 19, 28, 99, 108, 8, 88, 177], Float64[], Int64[]))
    (8, ([170, 58, 33, 138, 113, 68, 148, 11, 91, 5, 85, 75, 155, 74, 154, 61, 45, 125, 141, 181, 15, 95, 10, 90, 21, 24, 101, 32, 104, 112, 178], [149.957322922768], [20])))

T best obj: 100001.0
T best iteration: 186
T total iterations: 300
T best time [s]: 3.403
T total time [s]: 3.9827
