EADARP version 585c-dirty
ARGS: --ifile=EADARP/instances/l1/a8-80.txt --infeasible_arcs=EADARP/infeasible_arcs --gamma=0.7 --only_single_s_visits=false --odir=EADARP/out/a8-80 --oname=run77
Settings:
--alns_gamma=0.025
--alns_segment_size=100
--alns_sigma1=10
--alns_sigma2=9
--alns_sigma3=3
--at_most_one_s=false
--gamma=0.7
--ifile=EADARP/instances/l1/a8-80.txt
--infeasible_arcs=EADARP/infeasible_arcs
--insert_charging_otf=true
--insert_cost_noise=0.014
--lns_init_temp_factor=0.0
--lns_temp_dec_factor=0.99
--mh_checkit=false
--mh_lfreq=0
--mh_lnewinc=true
--mh_tciter=-1
--mh_tctime=-1.0
--mh_titer=30000
--mh_tobj=-1.0
--mh_ttime=-1.0
--odir=EADARP/out/a8-80
--oname=run77
--only_single_s_visits=false
--repair_max_routes=0
--seed=441550983
--use_milp_in_otf=0
--xcheck_isfeasible=false

EADARPInstance(EADARP/instances/l1/a8-80.txt, n=80, n_K=8, S=[179, 180, 181], Q=14.85, n_F=8, γ=0.7, T_plan=600.0, F=[171, 172, 173, 174, 175, 176, 177, 178])

T preprocessing time [s]: 3.39965
I       iter             best          obj_old          obj_new        time              method info
I          1        959.18324     100080.00000        959.18324      0.3115                 con 
I          2        955.29364        959.18324        955.29364      0.3908        drrr_15+rroi 
I          4        940.24684        955.29364        940.24684      0.5278         drrr_15+rrg 
I          5        922.17441        940.24684        922.17441      0.5639         drrr_15+rrg 
I          6        917.81265        922.17441        917.81265      0.6102        drrr_15+rrri 
I          7        899.21036        917.81265        899.21036      0.6783         drrr_15+rrg 
I         12        888.84167        899.21036        888.84167      0.8607        drrr_15+rrri 
I         15        885.38052        888.84167        885.38052      0.9978         drrr_15+rrg 
I         17        885.10273        885.38052        885.10273      1.0730         drrr_15+rrg 
I         22        881.65729        885.10273        881.65729      1.1782         drrr_15+rrg 
I         23        880.85979        881.65729        880.85979      1.1960        drrr_15+rrri 
I         24        880.55820        880.85979        880.55820      1.2290        drrr_15+rrri 
I         30        877.96771        880.55820        877.96771      1.3307         drrr_15+rrg 
I         31        873.91364        877.96771        873.91364      1.3518        drrr_15+rrri 
I         35        868.73184        873.91364        868.73184      1.3890        drrr_15+rroi 
I         46        864.65220        868.73184        864.65220      1.4957        drrr_15+rroi 
I         53        862.51288        864.65220        862.51288      1.5365        drrr_15+rroi 
I         60        859.96648        862.51288        859.96648      1.5762        drrr_15+rroi 
I         63        858.92610        859.96648        858.92610      1.5963         drrr_15+rrg 
I         66        858.58397        858.92610        858.58397      1.6358        drrr_15+rrri 
I         69        852.51235        858.58397        852.51235      1.6664        drrr_15+rrri 
I         81        851.47033        852.51235        851.47033      1.7518        drrr_15+rroi 
I         91        850.64911        851.47033        850.64911      1.7962        drrr_15+rrri 
I         92        849.55224        850.64911        849.55224      1.7979        drrr_15+rroi 
I        132        848.65215        849.55224        848.65215      1.8926         drrr_15+rrg 
I        145        847.80597        848.65215        847.80597      1.9134         drrr_15+rrg 
I        149        847.20157        847.80597        847.20157      1.9756         drrr_15+rrg 
I        152        846.49454        847.20157        846.49454      1.9918        drrr_15+rroi 
I        162        841.32294        846.49454        841.32294      2.0337        drrr_15+rrri 
I        172        840.49962        841.32294        840.49962      2.0551        drrr_15+rroi 
I        183        839.98052        840.49962        839.98052      2.0892        drrr_15+rroi 
I        197        839.66717        839.98052        839.66717      2.1489        drrr_15+rrri 
I        198        837.75489        839.66717        837.75489      2.1506        drrr_15+rroi 
I        227        837.57816        837.75489        837.57816      2.2028        drrr_15+rrri 
I        281        837.45719        837.57816        837.45719      2.3150         drrr_15+rrg 
I        284        836.43863        837.45719        836.43863      2.3237         drrr_15+rrg 
I       1882        835.70257        836.43863        835.70257      3.7967        drrr_15+rroi 
I       1888        834.23335        835.70257        834.23335      3.8029        drrr_15+rrri 
I       1894        833.14479        834.23335        833.14479      3.8052        drrr_15+rroi 
I       2184        832.83037        833.14479        832.83037      3.9861        drrr_15+rroi 
I       2186        831.69553        832.83037        831.69553      4.0129        drrr_15+rroi 
I       2190        831.10040        831.69553        831.10040      4.0284        drrr_15+rroi 
I       2195        829.35123        831.10040        829.35123      4.0310        drrr_15+rrri 
I       2205        828.92168        829.35123        828.92168      4.0433         drrr_15+rrg 
I       2215        828.82559        828.92168        828.82559      4.0687         drrr_15+rrg 
I       2225        828.65313        828.82559        828.65313      4.0837        drrr_15+rrri 
I       2227        828.31532        828.65313        828.31532      4.0981         drrr_15+rrg 
I       2237        827.95839        828.31532        827.95839      4.1115        drrr_15+rroi 
I       2256        826.83611        827.95839        826.83611      4.1277        drrr_15+rroi 
I       2262        826.68618        826.83611        826.68618      4.1360        drrr_15+rrri 
I       2265        825.75148        826.68618        825.75148      4.1387         drrr_15+rrg 
I       2273        825.57476        825.75148        825.57476      4.1438        drrr_15+rroi 
I       2275        824.40169        825.57476        824.40169      4.1444        drrr_15+rrri 
I       2966        823.68073        824.40169        823.68073      4.8266         drrr_15+rrg 
I       2973        823.08561        823.68073        823.08561      4.8301        drrr_15+rrri 
I      13308        820.75619        823.08561        820.75619     10.3474        drrr_15+rrri 
I      13319        820.45912        820.75619        820.45912     10.3530         drrr_15+rrg 
I      13800        820.05418        820.45912        820.05418     10.5976        drrr_15+rrri 
I      14295        818.68128        820.05418        818.68128     10.9031        drrr_15+rrri 
I      14296        817.95341        818.68128        817.95341     10.9034        drrr_15+rrri 
I      14298        817.53378        817.95341        817.53378     10.9078        drrr_15+rroi 
I      14373        816.70432        817.53378        816.70432     10.9767        drrr_15+rrri 
I      14383        815.61576        816.70432        815.61576     10.9859        drrr_15+rrri 
I      14879        814.29451        815.61576        814.29451     11.3000        drrr_15+rrri 
I      14926        813.67172        814.29451        813.67172     11.3202        drrr_15+rroi 
I      17121        813.54224        813.67172        813.54224     12.3612        drrr_15+rrri 
I      17125        811.57076        813.54224        811.57076     12.3630        drrr_15+rrri 
I      17152        811.40204        811.57076        811.40204     12.3824        drrr_15+rrri 
I      30000        811.40204        811.40204        811.40204     18.0484        drrr_15+rrri 

Method statistics
S  method    iter  succ  succ-rate%  tot-obj-gain  avg-obj-gain  rel-succ%  net-time  net-time%  brut-time  brut-time%
S  con          1     1   100.00000  -99120.81676  -99120.81676    0.74074   0.31149    1.72585    0.31149     1.72585
S  drrr_15  29999    67     0.22334    -147.78120      -0.00493   49.62963   0.35184    1.94941    0.35184     1.94941
S  rrg      10101    19     0.18810     -68.84314      -0.00682   14.07407   7.94766   44.03507    7.94766    44.03507
S  rroi      9936    21     0.21135     -30.50474      -0.00307   15.55556   4.06841   22.54157    4.06841    22.54157
S  rrri      9962    27     0.27103     -48.43332      -0.00486   20.00000   5.30036   29.36738    5.30036    29.36738
S  SUM/AVG  59999   135     0.22500  -99416.37916      -1.65697   20.00000  17.97975   99.61927   17.97975    99.61927

T best solution: EADARPSolution(t_routing=1012.282, t_excess=208.761, obj_val=811.402, obj_val_valid=true,
    unserved_requests=Int64[], F_visited=[171, 176, 172, 178, 173, 175, 177, 174], S_visited=Int64[],
    (1, ([163, 69, 149, 16, 96, 68, 6, 86, 148, 80, 73, 153, 160, 54, 134, 65, 145, 60, 17, 140, 97, 71, 46, 126, 151, 8, 88, 179, 171], [36.962777365601376], [28]))
    (2, ([164, 76, 156, 31, 30, 111, 110, 34, 114, 72, 77, 152, 157, 11, 91, 20, 100, 26, 106, 57, 137, 62, 142, 179, 172], [69.46529145171559], [24]))
    (3, ([165, 63, 143, 64, 144, 13, 93, 48, 7, 128, 87, 9, 89, 66, 146, 180, 49, 4, 129, 84, 173], [58.162216670677715], [16]))
    (4, ([166, 58, 138, 55, 135, 53, 133, 29, 109, 3, 47, 83, 127, 61, 45, 125, 141, 18, 98, 70, 150, 179, 174], [41.643515862968044], [22]))
    (5, ([167, 40, 120, 67, 147, 56, 59, 136, 139, 35, 115, 44, 124, 19, 99, 179, 41, 121, 43, 123, 15, 95, 21, 24, 1, 104, 101, 81, 175], [72.82295426230398], [16]))
    (6, ([168, 51, 131, 2, 82, 25, 105, 27, 28, 107, 108, 12, 92, 23, 103, 39, 37, 119, 117, 22, 102, 179, 176], [22.55914296456044], [22]))
    (7, ([169, 50, 130, 52, 132, 74, 154, 78, 158, 36, 10, 116, 90, 179, 177], [34.03734265370905], [14]))
    (8, ([170, 38, 33, 118, 113, 5, 85, 75, 155, 181, 42, 122, 14, 79, 94, 159, 32, 112, 178], [28.629043221435964], [10])))

T best obj: 811.4020397232971
T best iteration: 17152
T total iterations: 30000
T best time [s]: 12.382
T total time [s]: 18.0485
