EADARP version 585c-dirty
ARGS: --ifile=EADARP/instances/l1/a8-80.txt --infeasible_arcs=EADARP/infeasible_arcs --gamma=0.7 --only_single_s_visits=false --odir=EADARP/out/a8-80 --oname=run85
Settings:
--alns_gamma=0.025
--alns_segment_size=100
--alns_sigma1=10
--alns_sigma2=9
--alns_sigma3=3
--at_most_one_s=false
--gamma=0.7
--ifile=EADARP/instances/l1/a8-80.txt
--infeasible_arcs=EADARP/infeasible_arcs
--insert_charging_otf=true
--insert_cost_noise=0.014
--lns_init_temp_factor=0.0
--lns_temp_dec_factor=0.99
--mh_checkit=false
--mh_lfreq=0
--mh_lnewinc=true
--mh_tciter=-1
--mh_tctime=-1.0
--mh_titer=30000
--mh_tobj=-1.0
--mh_ttime=-1.0
--odir=EADARP/out/a8-80
--oname=run85
--only_single_s_visits=false
--repair_max_routes=0
--seed=322671234
--use_milp_in_otf=0
--xcheck_isfeasible=false

EADARPInstance(EADARP/instances/l1/a8-80.txt, n=80, n_K=8, S=[179, 180, 181], Q=14.85, n_F=8, γ=0.7, T_plan=600.0, F=[171, 172, 173, 174, 175, 176, 177, 178])

T preprocessing time [s]: 3.38955
I       iter             best          obj_old          obj_new        time              method info
I          1        952.59587     100080.00000        952.59587      0.2795                 con 
I          2        933.98819        952.59587        933.98819      0.3518        drrr_15+rrri 
I          3        933.73140        933.98819        933.73140      0.4065        drrr_15+rroi 
I          4        912.85125        933.73140        912.85125      0.4838        drrr_15+rrri 
I          5        895.54356        912.85125        895.54356      0.5624         drrr_15+rrg 
I          6        881.08932        895.54356        881.08932      0.6009        drrr_15+rrri 
I          7        875.78433        881.08932        875.78433      0.6193        drrr_15+rrri 
I          8        871.51292        875.78433        871.51292      0.6606        drrr_15+rroi 
I          9        871.11004        871.51292        871.11004      0.6912        drrr_15+rrri 
I         10        864.58035        871.11004        864.58035      0.7488         drrr_15+rrg 
I         19        862.73216        864.58035        862.73216      0.9283         drrr_15+rrg 
I         30        861.05312        862.73216        861.05312      1.0445        drrr_15+rrri 
I         38        860.72514        861.05312        860.72514      1.1032        drrr_15+rrri 
I         48        858.60665        860.72514        858.60665      1.1919         drrr_15+rrg 
I         66        855.91368        858.60665        855.91368      1.3376        drrr_15+rrri 
I         75        853.58690        855.91368        853.58690      1.4178        drrr_15+rroi 
I         79        846.66948        853.58690        846.66948      1.4350        drrr_15+rrri 
I         83        846.50421        846.66948        846.50421      1.4586        drrr_15+rrri 
I         85        839.74748        846.50421        839.74748      1.4654         drrr_15+rrg 
I        202        838.15258        839.74748        838.15258      1.7462         drrr_15+rrg 
I        246        837.51327        838.15258        837.51327      1.8312        drrr_15+rrri 
I        381        837.27503        837.51327        837.27503      2.0177        drrr_15+rroi 
I        382        837.07988        837.27503        837.07988      2.0209         drrr_15+rrg 
I        386        836.52208        837.07988        836.52208      2.0373        drrr_15+rrri 
I        389        836.23046        836.52208        836.23046      2.0688        drrr_15+rroi 
I        409        835.92887        836.23046        835.92887      2.1549        drrr_15+rrri 
I        413        835.74191        835.92887        835.74191      2.1770        drrr_15+rroi 
I        417        834.97197        835.74191        834.97197      2.1949        drrr_15+rrri 
I        422        834.57330        834.97197        834.57330      2.2044        drrr_15+rrri 
I        438        833.48474        834.57330        833.48474      2.2616        drrr_15+rroi 
I        454        833.28922        833.48474        833.28922      2.2932        drrr_15+rroi 
I       1192        827.96678        833.28922        827.96678      3.0372        drrr_15+rrri 
I       1735        825.48477        827.96678        825.48477      3.4720        drrr_15+rrri 
I       2203        823.21416        825.48477        823.21416      3.8399        drrr_15+rrri 
I       2264        823.01864        823.21416        823.01864      3.8856        drrr_15+rroi 
I       3516        821.71472        823.01864        821.71472      4.6366        drrr_15+rrri 
I       3564        821.28485        821.71472        821.28485      4.6681        drrr_15+rrri 
I       9999        819.50511        821.28485        819.50511      8.0315         drrr_15+rrg 
I      10004        818.63453        819.50511        818.63453      8.0348         drrr_15+rrg 
I      10182        817.94596        818.63453        817.94596      8.1276         drrr_15+rrg 
I      10205        817.38698        817.94596        817.38698      8.1477        drrr_15+rroi 
I      10210        816.56366        817.38698        816.56366      8.1511        drrr_15+rroi 
I      10225        816.42774        816.56366        816.42774      8.1579        drrr_15+rrri 
I      10232        815.83262        816.42774        815.83262      8.1601        drrr_15+rroi 
I      24125        815.82545        815.83262        815.82545     14.5863        drrr_15+rrri 
I      30000        815.82545        815.82545        815.82545     17.2972         drrr_15+rrg 

Method statistics
S  method    iter  succ  succ-rate%  tot-obj-gain  avg-obj-gain  rel-succ%  net-time  net-time%  brut-time  brut-time%
S  con          1     1   100.00000  -99127.40413  -99127.40413    1.12360   0.27949    1.61581    0.27949     1.61581
S  drrr_15  29999    44     0.14667    -136.77042      -0.00456   49.43820   0.34519    1.99564    0.34519     1.99564
S  rrg       9895    10     0.10106     -39.68974      -0.00401   11.23596   7.29335   42.16487    7.29335    42.16487
S  rroi     10120    12     0.11858     -11.02883      -0.00109   13.48315   3.99065   23.07106    3.99065    23.07106
S  rrri      9984    22     0.22035     -86.05185      -0.00862   24.71910   5.29251   30.59746    5.29251    30.59746
S  SUM/AVG  59999    89     0.14834  -99400.94497      -1.65671   20.00000  17.20119   99.44484   17.20119    99.44484

T best solution: EADARPSolution(t_routing=1005.603, t_excess=246.492, obj_val=815.825, obj_val_valid=true,
    unserved_requests=Int64[], F_visited=[172, 174, 178, 176, 175, 177, 171, 173], S_visited=Int64[],
    (1, ([163, 40, 120, 67, 147, 2, 82, 25, 105, 42, 122, 65, 145, 181, 15, 95, 10, 90, 21, 24, 1, 104, 101, 81, 171], [48.56384115306055], [14]))
    (2, ([164, 76, 156, 31, 30, 111, 110, 34, 114, 56, 59, 136, 139, 54, 134, 35, 5, 85, 115, 44, 124, 19, 28, 99, 108, 66, 146, 41, 121, 62, 142, 179, 172], [87.89649113151027], [32]))
    (3, ([165, 68, 6, 86, 148, 64, 144, 13, 3, 93, 48, 83, 128, 181, 60, 140, 78, 158, 32, 112, 173], [64.61303944577537], [14]))
    (4, ([166, 53, 133, 29, 109, 47, 127, 61, 141, 18, 98, 71, 46, 126, 151, 8, 88, 179, 174], [21.198608133063246], [18]))
    (5, ([167, 38, 50, 118, 130, 51, 131, 7, 87, 12, 92, 23, 103, 39, 37, 119, 117, 22, 102, 179, 175], [31.43920468058548], [20]))
    (6, ([168, 69, 149, 16, 96, 77, 72, 55, 135, 157, 152, 75, 155, 181, 74, 154, 27, 45, 107, 125, 14, 79, 94, 159, 36, 43, 123, 116, 179, 176], [5.223454176202299, 80.69635014696576], [14, 29]))
    (7, ([169, 58, 33, 138, 113, 11, 91, 20, 100, 26, 106, 9, 57, 89, 137, 179, 177], [10.47458908403869], [16]))
    (8, ([170, 63, 143, 80, 160, 73, 153, 52, 132, 17, 97, 70, 150, 49, 4, 129, 84, 179, 178], [7.497827545198955], [18])))

T best obj: 815.8254542546294
T best iteration: 24125
T total iterations: 30000
T best time [s]: 14.586
T total time [s]: 17.2972
