EADARP version 2def-dirty
ARGS: --ifile=EADARP/instances/l1/a8-80.txt --odir=EADARP/out/a8-80 --oname=run86
Settings:
--alns_gamma=0.025
--alns_segment_size=100
--alns_sigma1=10
--alns_sigma2=9
--alns_sigma3=3
--at_most_one_s=false
--gamma=-1.0
--ifile=EADARP/instances/l1/a8-80.txt
--insert_charging_otf=true
--insert_cost_noise=0.014
--lns_init_temp_factor=0.0
--lns_temp_dec_factor=0.99
--mh_checkit=false
--mh_lfreq=0
--mh_lnewinc=true
--mh_tciter=-1
--mh_tctime=-1.0
--mh_titer=300
--mh_tobj=-1.0
--mh_ttime=-1.0
--odir=EADARP/out/a8-80
--oname=run86
--only_single_s_visits=true
--repair_max_routes=0
--seed=306835315
--use_milp_in_otf=0
--xcheck_isfeasible=false

EADARPInstance(EADARP/instances/l1/a8-80.txt, n=80, n_K=8, S=[179, 180, 181], Q=14.85, n_F=8, γ=0.7, T_plan=600.0, F=[171, 172, 173, 174, 175, 176, 177, 178])

T preprocessing time [s]: 3.28657
I       iter             best          obj_old          obj_new        time              method info
I          1     100015.00000     100080.00000     100015.00000      0.2282                 con 
I          3     100013.00000     100015.00000     100013.00000      0.3380        drrr_15+rroi 
I          7     100011.00000     100013.00000     100011.00000      0.5673         drrr_15+rrg 
I          8     100010.00000     100011.00000     100010.00000      0.6000         drrr_15+rrg 
I         11     100009.00000     100010.00000     100009.00000      0.6843        drrr_15+rroi 
I         15     100007.00000     100009.00000     100007.00000      0.8568         drrr_15+rrg 
I         18     100006.00000     100007.00000     100006.00000      0.9860         drrr_15+rrg 
I         55     100005.00000     100006.00000     100005.00000      1.8446         drrr_15+rrg 
I        135     100004.00000     100005.00000     100004.00000      2.6296        drrr_15+rroi 
I        237     100003.00000     100004.00000     100003.00000      3.4887        drrr_15+rrri 
I        300     100003.00000     100003.00000     100005.00000      3.9045         drrr_15+rrg 

Method statistics
S  method    iter  succ  succ-rate%  tot-obj-gain  avg-obj-gain  rel-succ%  net-time  net-time%  brut-time  brut-time%
S  con          1     1   100.00000     -65.00000     -65.00000    5.26316   0.22813    5.84262    0.22813     5.84262
S  drrr_15    299     9     3.01003     -12.00000      -0.04013   47.36842   0.00548    0.14045    0.00548     0.14045
S  rrg        109     5     4.58716      -7.00000      -0.06422   26.31579   1.48261   37.97164    1.48261    37.97164
S  rroi       101     3     2.97030      -4.00000      -0.03960   15.78947   1.15845   29.66936    1.15845    29.66936
S  rrri        89     1     1.12360      -1.00000      -0.01124    5.26316   1.02798   26.32780    1.02798    26.32780
S  SUM/AVG    599    19     3.17195     -89.00000      -0.14858   20.00000   3.90265   99.95187    3.90265    99.95187

T best solution: EADARPSolution(t_routing=-1.0, t_excess=-1.0, obj_val=100003.0, obj_val_valid=true,
    unserved_requests=[78, 30, 71], F_visited=[173, 176, 174, 171, 172, 177, 175, 178], S_visited=[179, 181, 180],
    (1, ([163, 69, 149, 16, 96, 61, 45, 125, 141, 18, 98, 70, 150, 22, 102, 171], Float64[], Int64[]))
    (2, ([164, 48, 7, 128, 87, 9, 57, 89, 137, 62, 142, 172], Float64[], Int64[]))
    (3, ([165, 38, 50, 118, 130, 34, 114, 72, 77, 152, 157, 20, 29, 100, 109, 3, 47, 83, 127, 44, 124, 180, 46, 126, 39, 37, 119, 117, 49, 32, 129, 112, 173], [129.898642443742], [22]))
    (4, ([166, 63, 64, 143, 144, 52, 132, 42, 122, 12, 92, 23, 103, 8, 88, 174], Float64[], Int64[]))
    (5, ([167, 58, 33, 138, 113, 68, 6, 86, 148, 80, 160, 73, 153, 51, 131, 56, 59, 136, 139, 54, 134, 35, 5, 85, 115, 25, 105, 65, 145, 60, 17, 140, 97, 181, 1, 81, 175], [142.07265859168763], [34]))
    (6, ([168, 76, 156, 31, 111, 40, 120, 67, 55, 147, 135, 11, 91, 26, 75, 106, 155, 74, 154, 27, 19, 28, 107, 99, 108, 14, 79, 94, 159, 41, 121, 179, 176], [143.74308053003313], [32]))
    (7, ([169, 2, 82, 13, 93, 43, 123, 15, 95, 21, 24, 104, 101, 177], Float64[], Int64[]))
    (8, ([170, 53, 133, 66, 146, 36, 10, 116, 90, 4, 84, 178], Float64[], Int64[])))

T best obj: 100003.0
T best iteration: 237
T total iterations: 300
T best time [s]: 3.489
T total time [s]: 3.9045
