EADARP version 585c-dirty
ARGS: --ifile=EADARP/instances/l1/a8-80.txt --infeasible_arcs=EADARP/infeasible_arcs --gamma=0.7 --only_single_s_visits=false --odir=EADARP/out/a8-80 --oname=run96
Settings:
--alns_gamma=0.025
--alns_segment_size=100
--alns_sigma1=10
--alns_sigma2=9
--alns_sigma3=3
--at_most_one_s=false
--gamma=0.7
--ifile=EADARP/instances/l1/a8-80.txt
--infeasible_arcs=EADARP/infeasible_arcs
--insert_charging_otf=true
--insert_cost_noise=0.014
--lns_init_temp_factor=0.0
--lns_temp_dec_factor=0.99
--mh_checkit=false
--mh_lfreq=0
--mh_lnewinc=true
--mh_tciter=-1
--mh_tctime=-1.0
--mh_titer=30000
--mh_tobj=-1.0
--mh_ttime=-1.0
--odir=EADARP/out/a8-80
--oname=run96
--only_single_s_visits=false
--repair_max_routes=0
--seed=357133669
--use_milp_in_otf=0
--xcheck_isfeasible=false

EADARPInstance(EADARP/instances/l1/a8-80.txt, n=80, n_K=8, S=[179, 180, 181], Q=14.85, n_F=8, γ=0.7, T_plan=600.0, F=[171, 172, 173, 174, 175, 176, 177, 178])

T preprocessing time [s]: 3.453
I       iter             best          obj_old          obj_new        time              method info
I          1        967.83368     100080.00000        967.83368      0.3287                 con 
I          2        949.24277        967.83368        949.24277      0.4115        drrr_15+rrri 
I          3        933.32605        949.24277        933.32605      0.4821        drrr_15+rroi 
I          4        928.17135        933.32605        928.17135      0.5687         drrr_15+rrg 
I          5        927.96118        928.17135        927.96118      0.6234        drrr_15+rrri 
I          6        921.87254        927.96118        921.87254      0.6918        drrr_15+rrri 
I          9        921.47565        921.87254        921.47565      0.8174        drrr_15+rrri 
I         10        913.31647        921.47565        913.31647      0.8561        drrr_15+rrri 
I         12        902.88095        913.31647        902.88095      0.9495         drrr_15+rrg 
I         13        902.53848        902.88095        902.53848      0.9810        drrr_15+rrri 
I         18        902.42143        902.53848        902.42143      1.1171         drrr_15+rrg 
I         19        901.04784        902.42143        901.04784      1.1382         drrr_15+rrg 
I         20        899.62636        901.04784        899.62636      1.1794        drrr_15+rrri 
I         23        897.31620        899.62636        897.31620      1.2486         drrr_15+rrg 
I         24        896.50239        897.31620        896.50239      1.2863         drrr_15+rrg 
I         25        889.71927        896.50239        889.71927      1.2950        drrr_15+rrri 
I         26        878.79316        889.71927        878.79316      1.3033        drrr_15+rrri 
I         31        875.79076        878.79316        875.79076      1.4114         drrr_15+rrg 
I         35        873.13357        875.79076        873.13357      1.4750         drrr_15+rrg 
I         38        872.35417        873.13357        872.35417      1.4979        drrr_15+rrri 
I         41        869.55806        872.35417        869.55806      1.5307        drrr_15+rrri 
I         54        868.38406        869.55806        868.38406      1.7106         drrr_15+rrg 
I         56        868.35464        868.38406        868.35464      1.7261        drrr_15+rrri 
I         58        861.57172        868.35464        861.57172      1.7406         drrr_15+rrg 
I         63        859.26605        861.57172        859.26605      1.8065        drrr_15+rroi 
I         65        856.90907        859.26605        856.90907      1.8344        drrr_15+rrri 
I         71        852.50929        856.90907        852.50929      1.8701         drrr_15+rrg 
I         87        851.66414        852.50929        851.66414      2.0027         drrr_15+rrg 
I         88        851.42274        851.66414        851.42274      2.0083        drrr_15+rroi 
I         90        850.53097        851.42274        850.53097      2.0213        drrr_15+rroi 
I         92        838.00498        850.53097        838.00498      2.0560        drrr_15+rroi 
I         93        835.96558        838.00498        835.96558      2.0838        drrr_15+rrri 
I         95        832.54667        835.96558        832.54667      2.0906        drrr_15+rrri 
I         97        832.24507        832.54667        832.24507      2.0975        drrr_15+rrri 
I        133        830.91016        832.24507        830.91016      2.2493        drrr_15+rroi 
I        140        830.70343        830.91016        830.70343      2.2917        drrr_15+rroi 
I        141        829.71761        830.70343        829.71761      2.2950        drrr_15+rroi 
I        144        826.74187        829.71761        826.74187      2.2997        drrr_15+rrri 
I        157        826.38867        826.74187        826.38867      2.3300         drrr_15+rrg 
I        201        825.38352        826.38867        825.38352      2.4051        drrr_15+rroi 
I        244        825.08192        825.38352        825.08192      2.4856         drrr_15+rrg 
I        516        824.75972        825.08192        824.75972      2.7845        drrr_15+rrri 
I        517        822.12122        824.75972        822.12122      2.7848        drrr_15+rroi 
I        529        821.14977        822.12122        821.14977      2.8048        drrr_15+rroi 
I        908        819.28692        821.14977        819.28692      3.1271         drrr_15+rrg 
I       1338        819.00208        819.28692        819.00208      3.4826        drrr_15+rrri 
I       1809        817.48306        819.00208        817.48306      3.8107        drrr_15+rroi 
I       3337        816.83074        817.48306        816.83074      4.7330        drrr_15+rrri 
I       7467        815.24417        816.83074        815.24417      7.0134        drrr_15+rrri 
I      30000        815.24417        815.24417        824.01059     17.4546        drrr_15+rrri 

Method statistics
S  method    iter  succ  succ-rate%  tot-obj-gain  avg-obj-gain  rel-succ%  net-time  net-time%  brut-time  brut-time%
S  con          1     1   100.00000  -99112.16632  -99112.16632    1.03093   0.32863    1.88276    0.32863     1.88276
S  drrr_15  29999    48     0.16001    -152.58952      -0.00509   49.48454   0.36847    2.11104    0.36847     2.11104
S  rrg       9917    15     0.15126     -41.58390      -0.00419   15.46392   7.28412   41.73174    7.28412    41.73174
S  rroi     10082    12     0.11902     -40.54314      -0.00402   12.37113   4.13797   23.70699    4.13797    23.70699
S  rrri     10000    21     0.21000     -70.46247      -0.00705   21.64948   5.23450   29.98915    5.23450    29.98915
S  SUM/AVG  59999    97     0.16167  -99417.34535      -1.65698   20.00000  17.35369   99.42168   17.35369    99.42168

T best solution: EADARPSolution(t_routing=997.927, t_excess=267.196, obj_val=815.244, obj_val_valid=true,
    unserved_requests=Int64[], F_visited=[177, 173, 172, 176, 174, 171, 178, 175], S_visited=Int64[],
    (1, ([163, 31, 30, 111, 110, 34, 114, 56, 59, 136, 139, 54, 134, 35, 20, 100, 115, 180, 44, 124, 19, 28, 99, 108, 12, 92, 23, 103, 39, 37, 119, 117, 22, 102, 179, 171], [72.71371568060283, 32.04855691350621], [18, 35]))
    (2, ([164, 38, 50, 118, 130, 52, 132, 179, 2, 82, 25, 105, 27, 107, 66, 146, 41, 121, 49, 4, 129, 84, 172], [31.014330587195154], [8]))
    (3, ([165, 63, 143, 80, 160, 74, 154, 17, 97, 71, 46, 126, 151, 8, 88, 179, 173], [0.2136711598691221], [16]))
    (4, ([166, 40, 120, 67, 147, 53, 133, 29, 109, 3, 47, 83, 127, 61, 45, 125, 141, 18, 98, 70, 150, 179, 174], [39.31980972340799], [22]))
    (5, ([167, 69, 149, 16, 96, 77, 72, 55, 135, 157, 152, 26, 106, 9, 57, 89, 137, 62, 142, 179, 175], [10.658805732952459], [20]))
    (6, ([168, 68, 6, 86, 148, 64, 73, 153, 51, 144, 131, 13, 93, 48, 7, 128, 87, 60, 140, 78, 158, 180, 32, 112, 176], [80.2579044023338], [22]))
    (7, ([169, 58, 33, 138, 113, 11, 91, 5, 85, 75, 155, 181, 14, 79, 94, 159, 36, 43, 123, 116, 10, 90, 179, 177], [78.96169930956528, 4.720965885153077], [12, 23]))
    (8, ([170, 76, 156, 42, 122, 65, 145, 15, 95, 21, 24, 1, 104, 101, 81, 179, 178], [0.01737687461898154], [16])))

T best obj: 815.2441687646742
T best iteration: 7467
T total iterations: 30000
T best time [s]: 7.013
T total time [s]: 17.4546
