EADARP version c9cc1-dirty
ARGS: ["--mh_ttime=900", "--mh_lfreq=1", "--only_single_s_visits=0", "--gamma=0.7", "--mh_checkit=true", "--ifile=EADARP/instances/l2/a200-4000.txt", "--odir=EADARP/out/l2-s0-g0.7", "--oname=a200-4000_23"]
Settings:
--alns_gamma=0.025
--alns_segment_size=100
--alns_sigma1=10
--alns_sigma2=9
--alns_sigma3=3
--at_most_one_s=false
--gamma=0.7
--ifile=EADARP/instances/l2/a200-4000.txt
--infeasible_arcs=EADARP/infeasible_arcs
--insert_charging_otf=true
--insert_cost_noise=0.014
--lns_init_temp_factor=0.0
--lns_temp_dec_factor=0.99
--log_all_sols_fname=
--mh_checkit=true
--mh_lfreq=1
--mh_lnewinc=true
--mh_tciter=-1
--mh_tctime=-1.0
--mh_titer=30000
--mh_tobj=-1.0
--mh_ttime=900.0
--odir=EADARP/out/l2-s0-g0.7
--oname=a200-4000_23
--only_single_s_visits=false
--repair_max_routes=0
--route_based_ops=0
--seed=430150791
--tightened_windows=EADARP/tightened_windows
--use_milp_in_otf=0
--xcheck_isfeasible=false

EADARPInstance(EADARP/instances/l2/a200-4000.txt, n=4000, n_K=200, S=[8403, 8404, 8405], Q=14.85, n_F=200, γ=0.7, T_plan=1200.0)

T preprocessing time [s]: 15.23645
I       iter             best          obj_old          obj_new        time              method info
I          1      39302.67921     104000.00000      39302.67921    689.8643                 con 
I          2      39260.50067      39302.67921      39260.50067    693.5648         drrr_15+rrg 
I          3      39245.37890      39260.50067      39245.37890    696.9857        drrr_15+rrri 
I          4      39245.37890      39245.37890      39245.60868    700.3124        drrr_15+rrri 
I          5      39224.99869      39245.37890      39224.99869    703.6851        drrr_15+rrri 
I          6      39193.61536      39224.99869      39193.61536    707.2307        drrr_15+rrri 
I          7      39147.80721      39193.61536      39147.80721    711.0716        drrr_15+rroi 
I          8      39137.50733      39147.80721      39137.50733    714.6126        drrr_15+rrri 
I          9      39137.50733      39137.50733      39147.87592    717.5006        drrr_15+rrri 
I         10      39107.36319      39137.50733      39107.36319    721.2707         drrr_15+rrg 
I         11      39107.36319      39107.36319      39112.42935    725.0973        drrr_15+rrri 
I         12      39093.60334      39107.36319      39093.60334    728.7420        drrr_15+rroi 
I         13      39062.44194      39093.60334      39062.44194    732.5872         drrr_15+rrg 
I         14      39033.67783      39062.44194      39033.67783    735.6187        drrr_15+rrri 
I         15      39002.86280      39033.67783      39002.86280    739.3522        drrr_15+rrri 
I         16      38999.91619      39002.86280      38999.91619    743.4657        drrr_15+rrri 
I         17      38991.45266      38999.91619      38991.45266    747.5808         drrr_15+rrg 
I         18      38977.12077      38991.45266      38977.12077    750.9825         drrr_15+rrg 
I         19      38959.55209      38977.12077      38959.55209    755.1275        drrr_15+rrri 
I         20      38936.49369      38959.55209      38936.49369    758.1611        drrr_15+rrri 
I         21      38913.28874      38936.49369      38913.28874    761.9506        drrr_15+rrri 
I         22      38904.51932      38913.28874      38904.51932    766.3751        drrr_15+rrri 
I         23      38887.84430      38904.51932      38887.84430    769.7914        drrr_15+rroi 
I         24      38872.96709      38887.84430      38872.96709    773.1704         drrr_15+rrg 
I         25      38851.15024      38872.96709      38851.15024    778.0721        drrr_15+rrri 
I         26      38822.35113      38851.15024      38822.35113    781.4699        drrr_15+rroi 
I         27      38804.22475      38822.35113      38804.22475    784.6815         drrr_15+rrg 
I         28      38800.53193      38804.22475      38800.53193    787.8316        drrr_15+rrri 
I         29      38775.25672      38800.53193      38775.25672    791.8490        drrr_15+rroi 
I         30      38775.25672      38775.25672      38777.87042    795.2697         drrr_15+rrg 
I         31      38768.71860      38775.25672      38768.71860    799.5744        drrr_15+rrri 
I         32      38755.78872      38768.71860      38755.78872    803.7474         drrr_15+rrg 
I         33      38755.78872      38755.78872      38760.94896    807.7488        drrr_15+rroi 
I         34      38751.85806      38755.78872      38751.85806    811.5205        drrr_15+rrri 
I         35      38751.85806      38751.85806      38752.22154    815.5696        drrr_15+rroi 
I         36      38748.79426      38751.85806      38748.79426    818.6279         drrr_15+rrg 
I         37      38748.79426      38748.79426      38756.55941    822.2776         drrr_15+rrg 
I         38      38748.79426      38748.79426      38754.67554    826.0416        drrr_15+rrri 
I         39      38744.54740      38748.79426      38744.54740    828.9332        drrr_15+rroi 
I         40      38726.47480      38744.54740      38726.47480    832.7127        drrr_15+rroi 
I         41      38706.24421      38726.47480      38706.24421    837.3086        drrr_15+rrri 
I         42      38706.24421      38706.24421      38716.17598    841.4459        drrr_15+rroi 
I         43      38699.74615      38706.24421      38699.74615    844.9585        drrr_15+rrri 
I         44      38688.29527      38699.74615      38688.29527    849.1521        drrr_15+rroi 
I         45      38653.63134      38688.29527      38653.63134    852.9326        drrr_15+rrri 
I         46      38637.42087      38653.63134      38637.42087    856.3622         drrr_15+rrg 
I         47      38613.79457      38637.42087      38613.79457    859.2123         drrr_15+rrg 
I         48      38601.91202      38613.79457      38601.91202    863.4149        drrr_15+rroi 
I         49      38593.45369      38601.91202      38593.45369    867.1429         drrr_15+rrg 
I         50      38592.52589      38593.45369      38592.52589    869.9394         drrr_15+rrg 
I         51      38579.93057      38592.52589      38579.93057    874.5706        drrr_15+rrri 
I         52      38575.51617      38579.93057      38575.51617    878.1400        drrr_15+rroi 
I         53      38574.94628      38575.51617      38574.94628    880.9968        drrr_15+rroi 
I         54      38571.48031      38574.94628      38571.48031    885.0004         drrr_15+rrg 
I         55      38555.45530      38571.48031      38555.45530    888.4363         drrr_15+rrg 
I         56      38543.98995      38555.45530      38543.98995    891.6510        drrr_15+rrri 
I         57      38533.14067      38543.98995      38533.14067    895.8761        drrr_15+rroi 
I         58      38506.55860      38533.14067      38506.55860    899.5433        drrr_15+rrri 
I         59      38506.55860      38506.55860      38525.31072    902.7094        drrr_15+rroi 

Method statistics
S  method    iter  succ  succ-rate%  tot-obj-gain  avg-obj-gain  rel-succ%  net-time  net-time%  brut-time  brut-time%
S  con          1     1   100.00000  -64697.32079  -64697.32079    1.03093 688.99811   76.32557  688.99811    76.32557
S  drrr_15     58    48    82.75862    -796.12061     -13.72622   49.48454   0.48313    0.05352    0.48313     0.05352
S  rrg         17    15    88.23529    -243.99067     -14.35239   15.46392  41.17710    4.56150   41.17710     4.56150
S  rroi        16    12    75.00000    -191.80380     -11.98774   12.37113  41.64041    4.61282   41.64041     4.61282
S  rrri        25    21    84.00000    -360.32615     -14.41305   21.64948  65.71080    7.27929   65.71080     7.27929
S  SUM/AVG    117    97    82.90598  -66289.56201    -566.57745   20.00000 838.00955   92.83270  838.00955    92.83270

T best solution: EADARPSolution(t_routing=44448.467, t_excess=20680.835, obj_val=38506.559, obj_val_valid=true,
    unserved_requests=Int64[])

T best obj: 38506.558597891286
T best iteration: 58
T total iterations: 59
T best time [s]: 899.543
T total time [s]: 902.7094
