EADARP version ecec-dirty
ARGS: --ifile=EADARP/instances/random/r7-70-00000.txt  --gamma=0.7 --only_single_s_visits=false --odir=EADARP/solutions/random/r7-70-00000 --oname=run10
Settings:
--alns_gamma=0.025
--alns_segment_size=100
--alns_sigma1=10
--alns_sigma2=9
--alns_sigma3=3
--at_most_one_s=false
--gamma=0.7
--ifile=EADARP/instances/random/r7-70-00000.txt
--infeasible_arcs=EADARP/infeasible_arcs
--insert_charging_otf=true
--insert_cost_noise=0.014
--lns_init_temp_factor=0.0
--lns_temp_dec_factor=0.99
--log_all_sols_fname=
--mh_checkit=false
--mh_lfreq=0
--mh_lnewinc=true
--mh_tciter=-1
--mh_tctime=-1.0
--mh_titer=30000
--mh_tobj=-1.0
--mh_ttime=-1.0
--odir=EADARP/solutions/random/r7-70-00000
--ofile=
--oname=run10
--only_single_s_visits=false
--prepthreshold=0.1
--repair_max_routes=0
--route_based_ops=0
--seed=1951630619
--tightened_windows=EADARP/tightened_windows
--use_milp_in_otf=0
--xcheck_isfeasible=false

EADARPInstance(EADARP/instances/random/r7-70-00000.txt, n=70, n_K=7, S=[155, 156, 157], Q=14.85, n_F=7, γ=0.7, T_plan=720.0, F=[148, 149, 150, 151, 152, 153, 154])

Percentage of arcs removed: 72.1043450038541%
Minimum Degree: 10
T preprocessing time [s]: 3.81
I       iter             best          obj_old          obj_new        time              method info
I          1        840.48429     100070.00000        840.48429      0.2010                 con 
I          3        824.52651        840.48429        824.52651      0.2330         drrr_15+rrg 
I          4        820.79415        824.52651        820.79415      0.2400        drrr_15+rroi 
I          5        813.72504        820.79415        813.72504      0.2490         drrr_15+rrg 
I          6        813.66631        813.72504        813.66631      0.2730        drrr_15+rroi 
I         12        812.61798        813.66631        812.61798      0.3800         drrr_15+rrg 
I         14        811.29554        812.61798        811.29554      0.4100        drrr_15+rrri 
I         16        804.02298        811.29554        804.02298      0.4250        drrr_15+rroi 
I         18        797.42825        804.02298        797.42825      0.4500        drrr_15+rrri 
I         21        791.43330        797.42825        791.43330      0.4900        drrr_15+rroi 
I         36        782.34616        791.43330        782.34616      0.5900        drrr_15+rrri 
I         39        782.21395        782.34616        782.21395      0.6050        drrr_15+rrri 
I         42        780.15393        782.21395        780.15393      0.6330        drrr_15+rroi 
I         61        779.38666        780.15393        779.38666      0.7500         drrr_15+rrg 
I         77        777.58946        779.38666        777.58946      0.7800        drrr_15+rrri 
I         98        775.07616        777.58946        775.07616      0.8310        drrr_15+rrri 
I        119        774.72302        775.07616        774.72302      0.9400        drrr_15+rrri 
I        146        774.31805        774.72302        774.31805      0.9900         drrr_15+rrg 
I        198        774.08157        774.31805        774.08157      1.1420        drrr_15+rrri 
I        215        771.28661        774.08157        771.28661      1.1800        drrr_15+rroi 
I        227        769.52703        771.28661        769.52703      1.2060        drrr_15+rroi 
I        228        769.40245        769.52703        769.40245      1.2060        drrr_15+rroi 
I        279        769.25848        769.40245        769.25848      1.3320        drrr_15+rrri 
I        283        768.14643        769.25848        768.14643      1.3400        drrr_15+rrri 
I        357        768.06800        768.14643        768.06800      1.4800        drrr_15+rroi 
I        365        767.92402        768.06800        767.92402      1.5000        drrr_15+rroi 
I        536        763.81998        767.92402        763.81998      1.6900         drrr_15+rrg 
I        556        763.52520        763.81998        763.52520      1.7100         drrr_15+rrg 
I        565        763.13220        763.52520        763.13220      1.7230        drrr_15+rroi 
I       3803        757.74924        763.13220        757.74924      4.8560        drrr_15+rrri 
I       3847        757.66240        757.74924        757.66240      4.8800         drrr_15+rrg 
I       3889        757.58397        757.66240        757.58397      4.9350         drrr_15+rrg 
I       4182        757.26243        757.58397        757.26243      5.1600         drrr_15+rrg 
I       4481        756.64870        757.26243        756.64870      5.4800        drrr_15+rrri 
I       4512        752.78935        756.64870        752.78935      5.5010        drrr_15+rrri 
I       4568        752.64537        752.78935        752.64537      5.5600        drrr_15+rroi 
I       4602        752.26247        752.64537        752.26247      5.5960        drrr_15+rrri 
I       4827        751.66860        752.26247        751.66860      5.7400        drrr_15+rrri 
I       5154        751.25998        751.66860        751.25998      6.0600        drrr_15+rroi 
I       5163        751.17609        751.25998        751.17609      6.0700        drrr_15+rroi 
I       5420        751.04366        751.17609        751.04366      6.2700        drrr_15+rrri 
I       5494        748.80110        751.04366        748.80110      6.3300         drrr_15+rrg 
I      11343        748.41374        748.80110        748.41374     10.9000        drrr_15+rrri 
I      11358        747.79300        748.41374        747.79300     10.9090        drrr_15+rrri 
I      23469        747.28264        747.79300        747.28264     20.7330         drrr_15+rrg 
I      23495        747.23452        747.28264        747.23452     20.7700        drrr_15+rroi 
I      23578        747.15063        747.23452        747.15063     20.8490        drrr_15+rroi 
I      30000        747.15063        747.15063        749.48562     25.5600        drrr_15+rroi 

Method statistics
S  method    iter  succ  succ-rate%  tot-obj-gain  avg-obj-gain  rel-succ%  net-time  net-time%  brut-time  brut-time%
S  con          1     1   100.00000  -99229.51571  -99229.51571    1.07527   0.20100    0.78638    0.20100     0.78638
S  drrr_15  29999    46     0.15334     -93.33366      -0.00311   49.46237   0.66300    2.59390    0.66300     2.59390
S  rrg       9992    12     0.12010     -32.88601      -0.00329   12.90323  12.48200   48.83413   12.48200    48.83413
S  rroi      9928    16     0.16116     -25.18166      -0.00254   17.20430   5.91800   23.15335    5.91800    23.15335
S  rrri     10079    18     0.17859     -35.26599      -0.00350   19.35484   6.12200   23.95149    6.12200    23.95149
S  SUM/AVG  59999    93     0.15500  -99416.18303      -1.65696   20.00000  25.38600   99.31925   25.38600    99.31925

T best solution: EADARPSolution(t_routing=924.976, t_excess=213.676, obj_val=747.151, obj_val_valid=true,
    unserved_requests=Int64[], F_visited=[152, 151, 149, 150, 153, 148, 154], S_visited=Int64[],
    (1, ([141, 63, 133, 35, 40, 105, 110, 38, 108, 53, 49, 119, 123, 2, 72, 34, 104, 5, 1, 71, 75, 32, 102, 155, 148], [62.33758241663033], [24]))
    (2, ([142, 44, 114, 8, 78, 55, 125, 68, 138, 27, 97, 45, 29, 115, 99, 46, 116, 13, 21, 91, 83, 155, 149], [52.02807343145519], [22]))
    (3, ([143, 70, 140, 10, 80, 23, 62, 93, 132, 28, 98, 41, 26, 111, 96, 48, 118, 155, 150], [37.85895613443438], [18]))
    (4, ([144, 4, 67, 74, 137, 24, 94, 33, 103, 64, 30, 134, 100, 6, 76, 155, 22, 92, 65, 18, 135, 88, 9, 79, 151], [73.33898739412754], [16]))
    (5, ([145, 50, 120, 12, 82, 25, 95, 3, 54, 73, 43, 113, 124, 15, 85, 61, 131, 20, 90, 155, 152], [39.85439423749533], [20]))
    (6, ([146, 42, 112, 39, 51, 121, 109, 36, 106, 69, 37, 107, 139, 11, 81, 17, 57, 87, 127, 52, 122, 59, 129, 155, 153], [72.66025625031968], [24]))
    (7, ([147, 47, 117, 16, 60, 130, 86, 58, 66, 128, 136, 56, 126, 31, 101, 14, 84, 7, 77, 19, 89, 155, 154], [19.8974021523157], [22])))

T best obj: 747.1506298303583
T best iteration: 23578
T total iterations: 30000
T best time [s]: 20.849
T total time [s]: 25.5600
