EADARP version ecec-dirty
ARGS: --ifile=EADARP/instances/random/r7-70-00000.txt  --gamma=0.7 --only_single_s_visits=false --odir=EADARP/solutions/random/r7-70-00000 --oname=run26
Settings:
--alns_gamma=0.025
--alns_segment_size=100
--alns_sigma1=10
--alns_sigma2=9
--alns_sigma3=3
--at_most_one_s=false
--gamma=0.7
--ifile=EADARP/instances/random/r7-70-00000.txt
--infeasible_arcs=EADARP/infeasible_arcs
--insert_charging_otf=true
--insert_cost_noise=0.014
--lns_init_temp_factor=0.0
--lns_temp_dec_factor=0.99
--log_all_sols_fname=
--mh_checkit=false
--mh_lfreq=0
--mh_lnewinc=true
--mh_tciter=-1
--mh_tctime=-1.0
--mh_titer=30000
--mh_tobj=-1.0
--mh_ttime=-1.0
--odir=EADARP/solutions/random/r7-70-00000
--ofile=
--oname=run26
--only_single_s_visits=false
--prepthreshold=0.1
--repair_max_routes=0
--route_based_ops=0
--seed=267308876
--tightened_windows=EADARP/tightened_windows
--use_milp_in_otf=0
--xcheck_isfeasible=false

EADARPInstance(EADARP/instances/random/r7-70-00000.txt, n=70, n_K=7, S=[155, 156, 157], Q=14.85, n_F=7, γ=0.7, T_plan=720.0, F=[148, 149, 150, 151, 152, 153, 154])

Percentage of arcs removed: 72.1043450038541%
Minimum Degree: 10
T preprocessing time [s]: 3.371
I       iter             best          obj_old          obj_new        time              method info
I          1        875.84062     100070.00000        875.84062      0.1640                 con 
I          2        848.96298        875.84062        848.96298      0.1890        drrr_15+rroi 
I          3        847.04518        848.96298        847.04518      0.2030         drrr_15+rrg 
I          5        841.68580        847.04518        841.68580      0.2270        drrr_15+rroi 
I          6        835.41142        841.68580        835.41142      0.2350        drrr_15+rroi 
I          8        827.61713        835.41142        827.61713      0.2580        drrr_15+rroi 
I          9        813.46290        827.61713        813.46290      0.2840         drrr_15+rrg 
I         15        812.19717        813.46290        812.19717      0.3730        drrr_15+rrri 
I         19        809.01909        812.19717        809.01909      0.4060        drrr_15+rrri 
I         20        804.30779        809.01909        804.30779      0.4130        drrr_15+rroi 
I         22        803.64906        804.30779        803.64906      0.4230        drrr_15+rroi 
I         27        796.30908        803.64906        796.30908      0.4400        drrr_15+rrri 
I         35        792.30379        796.30908        792.30379      0.4840         drrr_15+rrg 
I         55        789.79209        792.30379        789.79209      0.5400        drrr_15+rroi 
I         57        789.46407        789.79209        789.46407      0.5450         drrr_15+rrg 
I         64        787.83121        789.46407        787.83121      0.5540        drrr_15+rrri 
I         67        785.73256        787.83121        785.73256      0.5610        drrr_15+rroi 
I         76        785.21221        785.73256        785.21221      0.5780        drrr_15+rroi 
I         83        783.69476        785.21221        783.69476      0.6190        drrr_15+rroi 
I         98        782.80184        783.69476        782.80184      0.7430        drrr_15+rrri 
I        102        781.29758        782.80184        781.29758      0.7580         drrr_15+rrg 
I        104        780.13025        781.29758        780.13025      0.7660        drrr_15+rrri 
I        105        778.22264        780.13025        778.22264      0.7680         drrr_15+rrg 
I        185        777.60622        778.22264        777.60622      0.9030        drrr_15+rroi 
I        312        775.98929        777.60622        775.98929      1.0770         drrr_15+rrg 
I        313        775.40083        775.98929        775.40083      1.0780        drrr_15+rroi 
I        331        775.17647        775.40083        775.17647      1.0970         drrr_15+rrg 
I        345        768.85999        775.17647        768.85999      1.1140        drrr_15+rroi 
I        468        768.23871        768.85999        768.23871      1.2740        drrr_15+rrri 
I        486        768.09474        768.23871        768.09474      1.2920        drrr_15+rroi 
I        487        767.41482        768.09474        767.41482      1.2930        drrr_15+rrri 
I        858        766.08029        767.41482        766.08029      1.7280        drrr_15+rroi 
I        917        762.21728        766.08029        762.21728      1.7830        drrr_15+rrri 
I       1176        762.19041        762.21728        762.19041      2.0350        drrr_15+rroi 
I       1854        760.21710        762.19041        760.21710      2.7260         drrr_15+rrg 
I       7922        758.52073        760.21710        758.52073      8.0020        drrr_15+rrri 
I       7930        758.28042        758.52073        758.28042      8.0070        drrr_15+rrri 
I       7961        757.77459        758.28042        757.77459      8.0310        drrr_15+rroi 
I       8067        757.48692        757.77459        757.48692      8.1890         drrr_15+rrg 
I       8073        757.46005        757.48692        757.46005      8.1930        drrr_15+rroi 
I       8089        757.30680        757.46005        757.30680      8.2090         drrr_15+rrg 
I       8155        755.61063        757.30680        755.61063      8.2650        drrr_15+rrri 
I       8192        754.14626        755.61063        754.14626      8.3060        drrr_15+rrri 
I       8207        754.00228        754.14626        754.00228      8.3140        drrr_15+rrri 
I       9530        752.97717        754.00228        752.97717      9.5220        drrr_15+rrri 
I       9539        752.93357        752.97717        752.93357      9.5320        drrr_15+rroi 
I       9558        752.83319        752.93357        752.83319      9.5510        drrr_15+rroi 
I       9586        752.78959        752.83319        752.78959      9.5720        drrr_15+rroi 
I       9744        752.58361        752.78959        752.58361      9.6710        drrr_15+rroi 
I       9856        752.55675        752.58361        752.55675      9.7730        drrr_15+rrri 
I      15485        751.85558        752.55675        751.85558     14.2670        drrr_15+rrri 
I      15507        751.09170        751.85558        751.09170     14.2790        drrr_15+rroi 
I      15516        750.34589        751.09170        750.34589     14.2850        drrr_15+rroi 
I      15553        749.65229        750.34589        749.65229     14.3080         drrr_15+rrg 
I      17191        749.65064        749.65229        749.65064     15.5890        drrr_15+rrri 
I      17806        749.48088        749.65064        749.48088     16.0260        drrr_15+rroi 
I      18352        749.16900        749.48088        749.16900     16.4300         drrr_15+rrg 
I      18356        749.13467        749.16900        749.13467     16.4330         drrr_15+rrg 
I      18419        747.75407        749.13467        747.75407     16.4760         drrr_15+rrg 
I      18460        747.54810        747.75407        747.54810     16.5030        drrr_15+rroi 
I      28284        747.12264        747.54810        747.12264     23.8430        drrr_15+rrri 
I      29947        746.52081        747.12264        746.52081     25.0520        drrr_15+rroi 
I      29963        746.37683        746.52081        746.37683     25.0680         drrr_15+rrg 
I      30000        746.37683        746.37683        760.52755     25.0920         drrr_15+rrg 

Method statistics
S  method    iter  succ  succ-rate%  tot-obj-gain  avg-obj-gain  rel-succ%  net-time  net-time%  brut-time  brut-time%
S  con          1     1   100.00000  -99194.15938  -99194.15938    0.80000   0.16400    0.65359    0.16400     0.65359
S  drrr_15  29999    62     0.20667    -129.46378      -0.00432   49.60000   0.70800    2.82162    0.70800     2.82162
S  rrg       9939    16     0.16098     -30.63712      -0.00308   12.80000  11.87000   47.30591   11.87000    47.30591
S  rroi      9981    27     0.27051     -70.76411      -0.00709   21.60000   5.53300   22.05087    5.53300    22.05087
S  rrri     10079    19     0.18851     -28.06256      -0.00278   15.20000   6.61300   26.35500    6.61300    26.35500
S  SUM/AVG  59999   125     0.20834  -99453.08695      -1.65758   20.00000  24.88800   99.18700   24.88800    99.18700

T best solution: EADARPSolution(t_routing=944.372, t_excess=152.39, obj_val=746.377, obj_val_valid=true,
    unserved_requests=Int64[], F_visited=[152, 148, 150, 149, 154, 153, 151], S_visited=Int64[],
    (1, ([141, 44, 114, 8, 78, 55, 125, 70, 140, 10, 80, 23, 93, 29, 99, 15, 85, 61, 131, 20, 90, 155, 148], [55.342217920008174], [22]))
    (2, ([142, 12, 82, 36, 106, 38, 108, 11, 81, 17, 87, 155, 22, 92, 65, 18, 135, 88, 9, 79, 149], [85.0507362664773], [12]))
    (3, ([143, 42, 112, 39, 51, 121, 109, 24, 94, 33, 103, 64, 30, 134, 100, 13, 21, 91, 83, 57, 127, 52, 122, 59, 129, 155, 150], [73.03411027470474], [26]))
    (4, ([144, 50, 120, 25, 95, 3, 54, 73, 43, 113, 124, 28, 98, 41, 26, 111, 96, 48, 118, 155, 151], [54.509727827864616], [20]))
    (5, ([145, 63, 133, 35, 40, 105, 110, 68, 138, 27, 97, 66, 136, 56, 126, 46, 116, 155, 152], [25.68872281169173], [18]))
    (6, ([146, 4, 74, 62, 45, 132, 115, 69, 37, 107, 139, 53, 49, 119, 123, 2, 72, 34, 104, 5, 1, 71, 75, 32, 102, 155, 153], [59.401609882407136], [26]))
    (7, ([147, 67, 137, 47, 117, 16, 60, 130, 86, 58, 128, 31, 101, 6, 76, 14, 84, 7, 77, 19, 89, 155, 154], [24.345168847685112], [22])))

T best obj: 746.3768349888941
T best iteration: 29963
T total iterations: 30000
T best time [s]: 25.068
T total time [s]: 25.0920
