EADARP version ecec-dirty
ARGS: --ifile=EADARP/instances/random/r7-70-00000.txt  --gamma=0.7 --only_single_s_visits=false --odir=EADARP/solutions/random/r7-70-00000 --oname=run2
Settings:
--alns_gamma=0.025
--alns_segment_size=100
--alns_sigma1=10
--alns_sigma2=9
--alns_sigma3=3
--at_most_one_s=false
--gamma=0.7
--ifile=EADARP/instances/random/r7-70-00000.txt
--infeasible_arcs=EADARP/infeasible_arcs
--insert_charging_otf=true
--insert_cost_noise=0.014
--lns_init_temp_factor=0.0
--lns_temp_dec_factor=0.99
--log_all_sols_fname=
--mh_checkit=false
--mh_lfreq=0
--mh_lnewinc=true
--mh_tciter=-1
--mh_tctime=-1.0
--mh_titer=30000
--mh_tobj=-1.0
--mh_ttime=-1.0
--odir=EADARP/solutions/random/r7-70-00000
--ofile=
--oname=run2
--only_single_s_visits=false
--prepthreshold=0.1
--repair_max_routes=0
--route_based_ops=0
--seed=793634305
--tightened_windows=EADARP/tightened_windows
--use_milp_in_otf=0
--xcheck_isfeasible=false

EADARPInstance(EADARP/instances/random/r7-70-00000.txt, n=70, n_K=7, S=[155, 156, 157], Q=14.85, n_F=7, γ=0.7, T_plan=720.0, F=[148, 149, 150, 151, 152, 153, 154])

Percentage of arcs removed: 72.1043450038541%
Minimum Degree: 10
T preprocessing time [s]: 3.362
I       iter             best          obj_old          obj_new        time              method info
I          1        842.33947     100070.00000        842.33947      0.2780                 con 
I          4        838.95714        842.33947        838.95714      0.3260        drrr_15+rroi 
I          5        825.57775        838.95714        825.57775      0.3610         drrr_15+rrg 
I          8        817.23631        825.57775        817.23631      0.4060        drrr_15+rrri 
I          9        813.99455        817.23631        813.99455      0.4100         drrr_15+rrg 
I         11        813.02981        813.99455        813.02981      0.4220        drrr_15+rroi 
I         14        807.03581        813.02981        807.03581      0.4620        drrr_15+rrri 
I         15        800.74420        807.03581        800.74420      0.4690        drrr_15+rroi 
I         19        794.83808        800.74420        794.83808      0.5370        drrr_15+rroi 
I         21        793.70814        794.83808        793.70814      0.5490        drrr_15+rrri 
I         22        792.00204        793.70814        792.00204      0.5490        drrr_15+rroi 
I         24        785.66921        792.00204        785.66921      0.5490        drrr_15+rrri 
I         27        784.18528        785.66921        784.18528      0.5640        drrr_15+rrri 
I         30        780.85374        784.18528        780.85374      0.5970        drrr_15+rrri 
I         36        780.15076        780.85374        780.15076      0.6290         drrr_15+rrg 
I         39        779.89996        780.15076        779.89996      0.6290        drrr_15+rroi 
I         40        776.66701        779.89996        776.66701      0.6440         drrr_15+rrg 
I         41        772.49737        776.66701        772.49737      0.6440         drrr_15+rrg 
I         47        770.98964        772.49737        770.98964      0.6760         drrr_15+rrg 
I         50        765.79883        770.98964        765.79883      0.6760        drrr_15+rroi 
I         55        765.17809        765.79883        765.17809      0.6920        drrr_15+rroi 
I         58        763.65778        765.17809        763.65778      0.6920         drrr_15+rrg 
I         62        762.03559        763.65778        762.03559      0.7020        drrr_15+rroi 
I         64        761.46919        762.03559        761.46919      0.7020        drrr_15+rrri 
I         67        761.38412        761.46919        761.38412      0.7230         drrr_15+rrg 
I         70        760.64583        761.38412        760.64583      0.7280        drrr_15+rroi 
I         77        758.19102        760.64583        758.19102      0.7420        drrr_15+rroi 
I         80        754.98026        758.19102        754.98026      0.7420         drrr_15+rrg 
I         94        754.83628        754.98026        754.83628      0.7710         drrr_15+rrg 
I        121        754.65808        754.83628        754.65808      0.8030        drrr_15+rrri 
I        123        754.48140        754.65808        754.48140      0.8030        drrr_15+rroi 
I        142        752.86072        754.48140        752.86072      0.8550         drrr_15+rrg 
I        148        750.03131        752.86072        750.03131      0.8780        drrr_15+rroi 
I        153        747.70928        750.03131        747.70928      0.8780         drrr_15+rrg 
I        176        747.58008        747.70928        747.58008      0.9380         drrr_15+rrg 
I        189        746.51012        747.58008        746.51012      0.9470         drrr_15+rrg 
I        193        746.42165        746.51012        746.42165      0.9630         drrr_15+rrg 
I       2838        746.21966        746.42165        746.21966      4.8100        drrr_15+rroi 
I      17782        745.68652        746.21966        745.68652     15.8700         drrr_15+rrg 
I      17793        744.76715        745.68652        744.76715     15.8850        drrr_15+rroi 
I      17798        744.62318        744.76715        744.62318     15.8850        drrr_15+rroi 
I      17944        744.59904        744.62318        744.59904     15.9950         drrr_15+rrg 
I      19944        743.61770        744.59904        743.61770     17.3760         drrr_15+rrg 
I      19959        743.47372        743.61770        743.47372     17.3920        drrr_15+rroi 
I      19976        743.25346        743.47372        743.25346     17.4080        drrr_15+rrri 
I      19991        743.10948        743.25346        743.10948     17.4080        drrr_15+rrri 
I      20039        742.76827        743.10948        742.76827     17.4550         drrr_15+rrg 
I      30000        742.76827        742.76827        793.32912     24.2430         drrr_15+rrg 

Method statistics
S  method    iter  succ  succ-rate%  tot-obj-gain  avg-obj-gain  rel-succ%  net-time  net-time%  brut-time  brut-time%
S  con          1     1   100.00000  -99227.66053  -99227.66053    1.07527   0.27800    1.14672    0.27800     1.14672
S  drrr_15  29999    46     0.15334     -99.57119      -0.00332   49.46237   0.51500    2.12433    0.51500     2.12433
S  rrg      10031    19     0.18941     -38.30474      -0.00382   20.43011  12.92500   53.31436   12.92500    53.31436
S  rroi     10039    17     0.16934     -33.54394      -0.00334   18.27957   5.18600   21.39175    5.18600    21.39175
S  rrri      9929    10     0.10072     -27.72251      -0.00279   10.75269   5.16600   21.30923    5.16600    21.30923
S  SUM/AVG  59999    93     0.15500  -99426.80292      -1.65714   20.00000  24.07000   99.28639   24.07000    99.28639

T best solution: EADARPSolution(t_routing=928.175, t_excess=186.549, obj_val=742.768, obj_val_valid=true,
    unserved_requests=Int64[], F_visited=[154, 150, 153, 148, 149, 152, 151], S_visited=Int64[],
    (1, ([141, 70, 140, 68, 138, 3, 54, 73, 43, 113, 124, 28, 98, 64, 30, 134, 100, 6, 76, 155, 22, 14, 92, 84, 7, 77, 19, 89, 155, 148], [67.45052622903506, 8.31504413313414], [20, 29]))
    (2, ([142, 50, 120, 12, 82, 25, 95, 27, 97, 66, 136, 56, 126, 53, 49, 119, 123, 41, 26, 111, 96, 61, 131, 155, 149], [74.80233642205329], [24]))
    (3, ([143, 67, 137, 47, 117, 16, 60, 130, 86, 58, 128, 10, 80, 23, 93, 29, 99, 46, 116, 13, 21, 91, 83, 20, 90, 155, 150], [47.77549282167875], [26]))
    (4, ([144, 44, 114, 8, 78, 55, 125, 24, 94, 33, 103, 2, 72, 34, 104, 5, 1, 71, 75, 32, 102, 155, 151], [57.52888831149281], [22]))
    (5, ([145, 4, 74, 62, 45, 132, 115, 37, 107, 31, 101, 65, 18, 135, 88, 155, 152], [21.2794733300891], [16]))
    (6, ([146, 63, 133, 35, 40, 105, 110, 69, 139, 11, 81, 48, 118, 9, 79, 155, 153], [15.18181636809482], [16]))
    (7, ([147, 42, 112, 39, 51, 121, 109, 36, 106, 38, 15, 108, 85, 17, 57, 87, 127, 52, 122, 59, 129, 155, 154], [68.8411137308471], [22])))

T best obj: 742.7682732419942
T best iteration: 20039
T total iterations: 30000
T best time [s]: 17.455
T total time [s]: 24.2430
