EADARP version ecec-dirty
ARGS: --ifile=EADARP/instances/random/r7-70-00000.txt  --gamma=0.7 --only_single_s_visits=false --odir=EADARP/solutions/random/r7-70-00000 --oname=run37
Settings:
--alns_gamma=0.025
--alns_segment_size=100
--alns_sigma1=10
--alns_sigma2=9
--alns_sigma3=3
--at_most_one_s=false
--gamma=0.7
--ifile=EADARP/instances/random/r7-70-00000.txt
--infeasible_arcs=EADARP/infeasible_arcs
--insert_charging_otf=true
--insert_cost_noise=0.014
--lns_init_temp_factor=0.0
--lns_temp_dec_factor=0.99
--log_all_sols_fname=
--mh_checkit=false
--mh_lfreq=0
--mh_lnewinc=true
--mh_tciter=-1
--mh_tctime=-1.0
--mh_titer=30000
--mh_tobj=-1.0
--mh_ttime=-1.0
--odir=EADARP/solutions/random/r7-70-00000
--ofile=
--oname=run37
--only_single_s_visits=false
--prepthreshold=0.1
--repair_max_routes=0
--route_based_ops=0
--seed=548682456
--tightened_windows=EADARP/tightened_windows
--use_milp_in_otf=0
--xcheck_isfeasible=false

EADARPInstance(EADARP/instances/random/r7-70-00000.txt, n=70, n_K=7, S=[155, 156, 157], Q=14.85, n_F=7, γ=0.7, T_plan=720.0, F=[148, 149, 150, 151, 152, 153, 154])

Percentage of arcs removed: 72.1043450038541%
Minimum Degree: 10
T preprocessing time [s]: 3.539
I       iter             best          obj_old          obj_new        time              method info
I          1        844.70097     100070.00000        844.70097      0.2370                 con 
I          3        841.62306        844.70097        841.62306      0.2690         drrr_15+rrg 
I          4        839.06436        841.62306        839.06436      0.2850         drrr_15+rrg 
I          8        835.74399        839.06436        835.74399      0.3860        drrr_15+rrri 
I          9        835.22987        835.74399        835.22987      0.3860        drrr_15+rrri 
I         10        814.22387        835.22987        814.22387      0.4110         drrr_15+rrg 
I         13        812.20770        814.22387        812.20770      0.4580         drrr_15+rrg 
I         16        811.88042        812.20770        811.88042      0.4860         drrr_15+rrg 
I         18        804.18304        811.88042        804.18304      0.5060         drrr_15+rrg 
I         21        800.46345        804.18304        800.46345      0.5220        drrr_15+rrri 
I         22        800.39775        800.46345        800.39775      0.5370        drrr_15+rroi 
I         25        795.34568        800.39775        795.34568      0.5860         drrr_15+rrg 
I         26        792.74457        795.34568        792.74457      0.5860        drrr_15+rrri 
I         31        788.11739        792.74457        788.11739      0.6010        drrr_15+rrri 
I         33        787.97371        788.11739        787.97371      0.6320        drrr_15+rrri 
I         37        782.01854        787.97371        782.01854      0.6630         drrr_15+rrg 
I         52        781.20339        782.01854        781.20339      0.7440        drrr_15+rrri 
I         54        777.26798        781.20339        777.26798      0.7440        drrr_15+rroi 
I         57        776.49948        777.26798        776.49948      0.7490        drrr_15+rroi 
I         59        773.68813        776.49948        773.68813      0.7590         drrr_15+rrg 
I         61        769.67182        773.68813        769.67182      0.7760        drrr_15+rrri 
I         68        766.10247        769.67182        766.10247      0.8060         drrr_15+rrg 
I         73        761.13238        766.10247        761.13238      0.8250        drrr_15+rroi 
I        116        759.35086        761.13238        759.35086      0.9010        drrr_15+rroi 
I        162        758.43900        759.35086        758.43900      0.9870         drrr_15+rrg 
I        171        757.87999        758.43900        757.87999      0.9960        drrr_15+rrri 
I        179        757.73601        757.87999        757.73601      1.0160        drrr_15+rroi 
I        197        752.98632        757.73601        752.98632      1.0430        drrr_15+rroi 
I        201        751.73218        752.98632        751.73218      1.0430        drrr_15+rrri 
I        230        749.50806        751.73218        749.50806      1.0930         drrr_15+rrg 
I        267        748.24409        749.50806        748.24409      1.1570        drrr_15+rroi 
I        531        747.90788        748.24409        747.90788      1.5180        drrr_15+rrri 
I        561        747.70190        747.90788        747.70190      1.5820        drrr_15+rrri 
I        563        747.31989        747.70190        747.31989      1.5820         drrr_15+rrg 
I        564        747.24146        747.31989        747.24146      1.5880        drrr_15+rrri 
I       1921        745.18395        747.24146        745.18395      3.1610         drrr_15+rrg 
I       5013        744.81072        745.18395        744.81072      6.0470         drrr_15+rrg 
I       5620        744.73415        744.81072        744.73415      6.6150        drrr_15+rrri 
I       5621        743.35496        744.73415        743.35496      6.6250         drrr_15+rrg 
I       5627        743.27423        743.35496        743.27423      6.6320         drrr_15+rrg 
I       5629        742.13219        743.27423        742.13219      6.6320         drrr_15+rrg 
I      30000        742.13219        742.13219        742.13219     26.3040        drrr_15+rroi 

Method statistics
S  method    iter  succ  succ-rate%  tot-obj-gain  avg-obj-gain  rel-succ%  net-time  net-time%  brut-time  brut-time%
S  con          1     1   100.00000  -99225.29903  -99225.29903    1.23457   0.23700    0.90100    0.23700     0.90100
S  drrr_15  29999    40     0.13334    -102.56879      -0.00342   49.38272   0.93300    3.54699    0.93300     3.54699
S  rrg      10125    18     0.17778     -62.62208      -0.00618   22.22222  12.98300   49.35752   12.98300    49.35752
S  rroi      9933     8     0.08054     -17.67886      -0.00178    9.87654   5.26900   20.03118    5.26900    20.03118
S  rrri      9941    14     0.14083     -22.26785      -0.00224   17.28395   6.69100   25.43718    6.69100    25.43718
S  SUM/AVG  59999    81     0.13500  -99430.43660      -1.65720   20.00000  26.11300   99.27387   26.11300    99.27387

T best solution: EADARPSolution(t_routing=923.572, t_excess=197.813, obj_val=742.132, obj_val_valid=true,
    unserved_requests=Int64[], F_visited=[151, 150, 152, 148, 153, 149, 154], S_visited=Int64[],
    (1, ([141, 47, 117, 16, 60, 130, 86, 58, 128, 10, 80, 23, 93, 29, 99, 46, 116, 155, 148], [9.989869408643834], [18]))
    (2, ([142, 4, 67, 74, 137, 24, 94, 11, 81, 17, 57, 87, 127, 52, 122, 59, 129, 155, 149], [17.682717221691618], [18]))
    (3, ([143, 44, 114, 8, 78, 55, 125, 155, 70, 140, 68, 138, 66, 136, 156, 62, 45, 132, 115, 37, 107, 31, 101, 13, 21, 83, 91, 2, 72, 34, 104, 5, 1, 71, 75, 32, 102, 155, 150], [15.480043438230572, 62.45505819735582, 62.43076770086486], [8, 15, 38]))
    (4, ([144, 12, 82, 36, 106, 38, 56, 126, 108, 156, 22, 92, 65, 18, 135, 88, 9, 79, 151], [53.08780435482874], [10]))
    (5, ([145, 50, 120, 25, 95, 27, 97, 3, 54, 73, 43, 113, 124, 28, 98, 53, 49, 119, 123, 41, 26, 111, 6, 96, 76, 156, 48, 118, 152], [95.94000303860736], [26]))
    (6, ([146, 63, 133, 35, 40, 105, 110, 69, 15, 139, 85, 61, 131, 20, 90, 155, 153], [9.591992726769824], [16]))
    (7, ([147, 42, 112, 39, 51, 121, 109, 33, 103, 64, 30, 134, 100, 14, 84, 7, 77, 19, 89, 155, 154], [29.913589919818634], [20])))

T best obj: 742.1321864412387
T best iteration: 5629
T total iterations: 30000
T best time [s]: 6.632
T total time [s]: 26.3040
