EADARP version ecec-dirty
ARGS: --ifile=EADARP/instances/random/r7-70-00000.txt  --gamma=0.7 --only_single_s_visits=false --odir=EADARP/solutions/random/r7-70-00000 --oname=run31
Settings:
--alns_gamma=0.025
--alns_segment_size=100
--alns_sigma1=10
--alns_sigma2=9
--alns_sigma3=3
--at_most_one_s=false
--gamma=0.7
--ifile=EADARP/instances/random/r7-70-00000.txt
--infeasible_arcs=EADARP/infeasible_arcs
--insert_charging_otf=true
--insert_cost_noise=0.014
--lns_init_temp_factor=0.0
--lns_temp_dec_factor=0.99
--log_all_sols_fname=
--mh_checkit=false
--mh_lfreq=0
--mh_lnewinc=true
--mh_tciter=-1
--mh_tctime=-1.0
--mh_titer=30000
--mh_tobj=-1.0
--mh_ttime=-1.0
--odir=EADARP/solutions/random/r7-70-00000
--ofile=
--oname=run31
--only_single_s_visits=false
--prepthreshold=0.1
--repair_max_routes=0
--route_based_ops=0
--seed=1639950280
--tightened_windows=EADARP/tightened_windows
--use_milp_in_otf=0
--xcheck_isfeasible=false

EADARPInstance(EADARP/instances/random/r7-70-00000.txt, n=70, n_K=7, S=[155, 156, 157], Q=14.85, n_F=7, γ=0.7, T_plan=720.0, F=[148, 149, 150, 151, 152, 153, 154])

Percentage of arcs removed: 72.1043450038541%
Minimum Degree: 10
T preprocessing time [s]: 3.559
I       iter             best          obj_old          obj_new        time              method info
I          1        844.91131     100070.00000        844.91131      0.2360                 con 
I          2        829.20719        844.91131        829.20719      0.2670        drrr_15+rrri 
I          4        827.29369        829.20719        827.29369      0.2830        drrr_15+rroi 
I          6        824.53139        827.29369        824.53139      0.3150         drrr_15+rrg 
I          7        811.07962        824.53139        811.07962      0.3310        drrr_15+rroi 
I          8        797.81496        811.07962        797.81496      0.3620        drrr_15+rrri 
I         10        797.04351        797.81496        797.04351      0.3780         drrr_15+rrg 
I         12        791.10273        797.04351        791.10273      0.3980        drrr_15+rroi 
I         15        789.67890        791.10273        789.67890      0.4250        drrr_15+rrri 
I         17        787.76043        789.67890        787.76043      0.4410        drrr_15+rrri 
I         18        783.16936        787.76043        783.16936      0.4560        drrr_15+rroi 
I         20        781.12503        783.16936        781.12503      0.4720        drrr_15+rrri 
I         21        780.06900        781.12503        780.06900      0.4720        drrr_15+rroi 
I         31        775.08132        780.06900        775.08132      0.5350        drrr_15+rroi 
I         35        774.80501        775.08132        774.80501      0.5980         drrr_15+rrg 
I         38        774.32253        774.80501        774.32253      0.6140         drrr_15+rrg 
I         43        768.30348        774.32253        768.30348      0.6960        drrr_15+rrri 
I         58        768.15950        768.30348        768.15950      0.7730         drrr_15+rrg 
I        138        764.34338        768.15950        764.34338      0.9150        drrr_15+rrri 
I        254        762.94278        764.34338        762.94278      1.1360        drrr_15+rroi 
I        557        761.67881        762.94278        761.67881      1.5980        drrr_15+rroi 
I       2259        758.60605        761.67881        758.60605      3.4780        drrr_15+rrri 
I       2321        758.47853        758.60605        758.47853      3.5740         drrr_15+rrg 
I       4191        758.39463        758.47853        758.39463      5.2150        drrr_15+rroi 
I       4829        754.49114        758.39463        754.49114      5.8730        drrr_15+rrri 
I       4870        754.13454        754.49114        754.13454      5.9070        drrr_15+rroi 
I       4879        749.92449        754.13454        749.92449      5.9230        drrr_15+rroi 
I       4896        749.84060        749.92449        749.84060      5.9370         drrr_15+rrg 
I       5311        749.74617        749.84060        749.74617      6.3780        drrr_15+rroi 
I       8111        748.10552        749.74617        748.10552      8.6990        drrr_15+rrri 
I       8140        747.96154        748.10552        747.96154      8.7300        drrr_15+rroi 
I       8171        747.23998        747.96154        747.23998      8.7460        drrr_15+rroi 
I       8189        746.22555        747.23998        746.22555      8.7620         drrr_15+rrg 
I       8206        745.74307        746.22555        745.74307      8.7770         drrr_15+rrg 
I       8213        744.33442        745.74307        744.33442      8.7930        drrr_15+rrri 
I      13250        744.25052        744.33442        744.25052     12.8030         drrr_15+rrg 
I      30000        744.25052        744.25052        778.82759     25.8650        drrr_15+rroi 

Method statistics
S  method    iter  succ  succ-rate%  tot-obj-gain  avg-obj-gain  rel-succ%  net-time  net-time%  brut-time  brut-time%
S  con          1     1   100.00000  -99225.08869  -99225.08869    1.40845   0.23600    0.91243    0.23600     0.91243
S  drrr_15  29999    35     0.11667    -100.66079      -0.00336   49.29577   0.77100    2.98086    0.77100     2.98086
S  rrg      10090    10     0.09911      -6.22874      -0.00062   14.08451  12.25800   47.39223   12.25800    47.39223
S  rroi      9953    14     0.14066     -40.21591      -0.00404   19.71831   5.94600   22.98859    5.94600    22.98859
S  rrri      9956    11     0.11049     -54.21614      -0.00545   15.49296   6.53300   25.25807    6.53300    25.25807
S  SUM/AVG  59999    71     0.11834  -99426.41027      -1.65713   20.00000  25.74400   99.53219   25.74400    99.53219

T best solution: EADARPSolution(t_routing=923.976, t_excess=205.075, obj_val=744.251, obj_val_valid=true,
    unserved_requests=Int64[], F_visited=[152, 151, 149, 148, 154, 153, 150], S_visited=Int64[],
    (1, ([141, 67, 137, 47, 117, 16, 60, 130, 86, 66, 136, 56, 126, 31, 101, 13, 21, 91, 83, 20, 90, 155, 148], [13.98365980657013], [22]))
    (2, ([142, 4, 74, 62, 45, 132, 38, 115, 15, 108, 85, 17, 87, 155, 22, 92, 65, 18, 135, 88, 19, 89, 155, 149], [84.02286403711715, 2.6570227040850303], [14, 23]))
    (3, ([143, 12, 82, 36, 106, 69, 37, 107, 139, 53, 123, 64, 30, 134, 100, 6, 76, 14, 84, 7, 77, 155, 150], [39.465805567093106], [22]))
    (4, ([144, 42, 112, 39, 51, 121, 109, 33, 28, 103, 98, 2, 72, 34, 104, 5, 1, 71, 75, 32, 102, 155, 151], [53.73863239481346], [22]))
    (5, ([145, 63, 133, 35, 40, 105, 110, 58, 128, 10, 80, 23, 93, 29, 99, 46, 116, 57, 127, 52, 122, 59, 129, 155, 152], [68.86765728370415], [24]))
    (6, ([146, 44, 114, 8, 78, 55, 125, 24, 94, 11, 81, 48, 118, 9, 79, 155, 153], [8.472896946599723], [16]))
    (7, ([147, 50, 120, 25, 95, 70, 140, 68, 27, 97, 138, 3, 54, 73, 43, 113, 124, 49, 119, 41, 26, 111, 96, 61, 131, 155, 154], [85.76713532109723], [26])))

T best obj: 744.2505204096294
T best iteration: 13250
T total iterations: 30000
T best time [s]: 12.803
T total time [s]: 25.8650
