EADARP version ecec-dirty
ARGS: --ifile=EADARP/instances/random/r7-70-00000.txt  --gamma=0.7 --only_single_s_visits=false --odir=EADARP/solutions/random/r7-70-00000 --oname=run3
Settings:
--alns_gamma=0.025
--alns_segment_size=100
--alns_sigma1=10
--alns_sigma2=9
--alns_sigma3=3
--at_most_one_s=false
--gamma=0.7
--ifile=EADARP/instances/random/r7-70-00000.txt
--infeasible_arcs=EADARP/infeasible_arcs
--insert_charging_otf=true
--insert_cost_noise=0.014
--lns_init_temp_factor=0.0
--lns_temp_dec_factor=0.99
--log_all_sols_fname=
--mh_checkit=false
--mh_lfreq=0
--mh_lnewinc=true
--mh_tciter=-1
--mh_tctime=-1.0
--mh_titer=30000
--mh_tobj=-1.0
--mh_ttime=-1.0
--odir=EADARP/solutions/random/r7-70-00000
--ofile=
--oname=run3
--only_single_s_visits=false
--prepthreshold=0.1
--repair_max_routes=0
--route_based_ops=0
--seed=1660548941
--tightened_windows=EADARP/tightened_windows
--use_milp_in_otf=0
--xcheck_isfeasible=false

EADARPInstance(EADARP/instances/random/r7-70-00000.txt, n=70, n_K=7, S=[155, 156, 157], Q=14.85, n_F=7, γ=0.7, T_plan=720.0, F=[148, 149, 150, 151, 152, 153, 154])

Percentage of arcs removed: 72.1043450038541%
Minimum Degree: 10
T preprocessing time [s]: 3.062
I       iter             best          obj_old          obj_new        time              method info
I          1        851.29490     100070.00000        851.29490      0.2050                 con 
I          3        824.34072        851.29490        824.34072      0.2690         drrr_15+rrg 
I          7        818.74583        824.34072        818.74583      0.3150        drrr_15+rroi 
I         11        817.36858        818.74583        817.36858      0.3460        drrr_15+rrri 
I         12        814.27721        817.36858        814.27721      0.3690        drrr_15+rrri 
I         13        804.44695        814.27721        804.44695      0.3770        drrr_15+rroi 
I         16        795.99728        804.44695        795.99728      0.4240        drrr_15+rroi 
I         18        794.52179        795.99728        794.52179      0.4560         drrr_15+rrg 
I         21        792.93331        794.52179        792.93331      0.5030         drrr_15+rrg 
I         22        786.99696        792.93331        786.99696      0.5030        drrr_15+rroi 
I         26        786.20278        786.99696        786.20278      0.5500         drrr_15+rrg 
I         30        786.19942        786.20278        786.19942      0.6130         drrr_15+rrg 
I         36        782.66920        786.19942        782.66920      0.6440        drrr_15+rroi 
I         38        778.52057        782.66920        778.52057      0.6600         drrr_15+rrg 
I         39        778.44214        778.52057        778.44214      0.6600        drrr_15+rroi 
I         53        778.15534        778.44214        778.15534      0.7540        drrr_15+rroi 
I         56        775.43935        778.15534        775.43935      0.7700        drrr_15+rroi 
I         57        774.73637        775.43935        774.73637      0.7700        drrr_15+rrri 
I         77        773.44169        774.73637        773.44169      0.8640        drrr_15+rroi 
I         81        773.29772        773.44169        773.29772      0.8800         drrr_15+rrg 
I        124        769.61302        773.29772        769.61302      0.9740         drrr_15+rrg 
I        134        762.21869        769.61302        762.21869      1.0060        drrr_15+rrri 
I        196        761.85348        762.21869        761.85348      1.1310        drrr_15+rroi 
I        225        761.77505        761.85348        761.77505      1.1700        drrr_15+rroi 
I        233        761.18074        761.77505        761.18074      1.1940        drrr_15+rroi 
I        811        759.72706        761.18074        759.72706      1.7910        drrr_15+rroi 
I        816        759.58308        759.72706        759.58308      1.7910         drrr_15+rrg 
I        834        759.18467        759.58308        759.18467      1.8070        drrr_15+rrri 
I        835        758.22799        759.18467        758.22799      1.8070        drrr_15+rrri 
I        836        756.22483        758.22799        756.22483      1.8070        drrr_15+rrri 
I        837        755.60409        756.22483        755.60409      1.8070        drrr_15+rroi 
I       2535        754.90750        755.60409        754.90750      3.3750        drrr_15+rrri 
I       2630        754.82907        754.90750        754.82907      3.4760        drrr_15+rrri 
I       3644        754.45442        754.82907        754.45442      4.3640         drrr_15+rrg 
I       4108        753.69969        754.45442        753.69969      4.7420        drrr_15+rrri 
I       4118        752.75695        753.69969        752.75695      4.7420        drrr_15+rroi 
I       4119        752.52092        752.75695        752.52092      4.7420        drrr_15+rrri 
I       4131        751.12901        752.52092        751.12901      4.7580        drrr_15+rroi 
I       4285        750.20258        751.12901        750.20258      4.8840        drrr_15+rroi 
I       4294        748.73223        750.20258        748.73223      4.9000         drrr_15+rrg 
I       4297        747.43006        748.73223        747.43006      4.9150        drrr_15+rroi 
I       4304        746.88281        747.43006        746.88281      4.9150        drrr_15+rroi 
I       4308        746.80438        746.88281        746.80438      4.9150        drrr_15+rrri 
I       4328        745.83860        746.80438        745.83860      4.9310        drrr_15+rrri 
I       6846        745.69437        745.83860        745.69437      6.8640        drrr_15+rrri 
I       7412        744.33369        745.69437        744.33369      7.3650        drrr_15+rrri 
I       9291        743.79213        744.33369        743.79213      8.7940        drrr_15+rrri 
I       9592        741.98655        743.79213        741.98655      9.0610         drrr_15+rrg 
I      30000        741.98655        741.98655        761.59916     25.3090        drrr_15+rroi 

Method statistics
S  method    iter  succ  succ-rate%  tot-obj-gain  avg-obj-gain  rel-succ%  net-time  net-time%  brut-time  brut-time%
S  con          1     1   100.00000  -99218.70510  -99218.70510    1.05263   0.20500    0.80999    0.20500     0.80999
S  drrr_15  29999    47     0.15667    -109.30836      -0.00364   49.47368   0.66700    2.63543    0.66700     2.63543
S  rrg      10031    12     0.11963     -42.58757      -0.00425   12.63158  12.59300   49.75700   12.59300    49.75700
S  rroi     10078    19     0.18853     -45.94014      -0.00456   20.00000   5.54200   21.89733    5.54200    21.89733
S  rrri      9890    16     0.16178     -20.78065      -0.00210   16.84211   6.12600   24.20484    6.12600    24.20484
S  SUM/AVG  59999    95     0.15834  -99437.32181      -1.65732   20.00000  25.13300   99.30459   25.13300    99.30459

T best solution: EADARPSolution(t_routing=922.062, t_excess=201.759, obj_val=741.987, obj_val_valid=true,
    unserved_requests=Int64[], F_visited=[151, 153, 154, 150, 148, 149, 152], S_visited=Int64[],
    (1, ([141, 42, 112, 39, 51, 121, 109, 62, 45, 132, 115, 69, 139, 11, 81, 17, 57, 87, 127, 32, 102, 155, 148], [58.684860057088805], [22]))
    (2, ([142, 50, 120, 25, 95, 3, 54, 73, 43, 113, 124, 28, 98, 2, 72, 34, 104, 5, 1, 71, 75, 157, 20, 90, 149], [60.84364670839389], [22]))
    (3, ([143, 12, 82, 36, 106, 37, 107, 46, 116, 13, 21, 83, 91, 52, 122, 59, 129, 155, 150], [20.710010363366877], [18]))
    (4, ([144, 47, 117, 16, 70, 86, 58, 140, 128, 10, 80, 23, 93, 29, 99, 53, 49, 119, 123, 41, 26, 111, 96, 61, 131, 155, 151], [72.70040268392074], [26]))
    (5, ([145, 44, 114, 8, 78, 55, 125, 40, 60, 130, 110, 38, 15, 108, 85, 48, 118, 155, 152], [25.82981685187562], [18]))
    (6, ([146, 4, 67, 74, 137, 24, 94, 33, 103, 64, 30, 134, 100, 14, 84, 7, 77, 19, 89, 155, 153], [28.83067441153651], [20]))
    (7, ([147, 63, 133, 35, 105, 68, 138, 27, 97, 66, 136, 56, 126, 31, 101, 6, 76, 155, 22, 92, 65, 18, 135, 88, 9, 79, 155, 154], [84.29589450326444, 3.167048928565596], [18, 27])))

T best obj: 741.9865469909937
T best iteration: 9592
T total iterations: 30000
T best time [s]: 9.061
T total time [s]: 25.3090
