EADARP version ecec-dirty
ARGS: --ifile=EADARP/instances/random/r7-70-00000.txt  --gamma=0.7 --only_single_s_visits=false --odir=EADARP/solutions/random/r7-70-00000 --oname=run33
Settings:
--alns_gamma=0.025
--alns_segment_size=100
--alns_sigma1=10
--alns_sigma2=9
--alns_sigma3=3
--at_most_one_s=false
--gamma=0.7
--ifile=EADARP/instances/random/r7-70-00000.txt
--infeasible_arcs=EADARP/infeasible_arcs
--insert_charging_otf=true
--insert_cost_noise=0.014
--lns_init_temp_factor=0.0
--lns_temp_dec_factor=0.99
--log_all_sols_fname=
--mh_checkit=false
--mh_lfreq=0
--mh_lnewinc=true
--mh_tciter=-1
--mh_tctime=-1.0
--mh_titer=30000
--mh_tobj=-1.0
--mh_ttime=-1.0
--odir=EADARP/solutions/random/r7-70-00000
--ofile=
--oname=run33
--only_single_s_visits=false
--prepthreshold=0.1
--repair_max_routes=0
--route_based_ops=0
--seed=1215115556
--tightened_windows=EADARP/tightened_windows
--use_milp_in_otf=0
--xcheck_isfeasible=false

EADARPInstance(EADARP/instances/random/r7-70-00000.txt, n=70, n_K=7, S=[155, 156, 157], Q=14.85, n_F=7, γ=0.7, T_plan=720.0, F=[148, 149, 150, 151, 152, 153, 154])

Percentage of arcs removed: 72.1043450038541%
Minimum Degree: 10
T preprocessing time [s]: 3.172
I       iter             best          obj_old          obj_new        time              method info
I          1        896.48215     100070.00000        896.48215      0.2040                 con 
I          2        880.57527        896.48215        880.57527      0.2200         drrr_15+rrg 
I          3        852.10262        880.57527        852.10262      0.2520        drrr_15+rroi 
I          4        847.04735        852.10262        847.04735      0.2670        drrr_15+rroi 
I          5        828.10351        847.04735        828.10351      0.2990        drrr_15+rroi 
I          8        823.73753        828.10351        823.73753      0.3610         drrr_15+rrg 
I          9        823.41807        823.73753        823.41807      0.3770        drrr_15+rrri 
I         10        821.65635        823.41807        821.65635      0.3770         drrr_15+rrg 
I         13        816.60093        821.65635        816.60093      0.4080         drrr_15+rrg 
I         21        811.24775        816.60093        811.24775      0.4550        drrr_15+rrri 
I         23        810.10376        811.24775        810.10376      0.4720         drrr_15+rrg 
I         25        804.60641        810.10376        804.60641      0.5030        drrr_15+rrri 
I         27        798.32354        804.60641        798.32354      0.5180        drrr_15+rrri 
I         29        798.01335        798.32354        798.01335      0.5180         drrr_15+rrg 
I         36        795.61074        798.01335        795.61074      0.5500        drrr_15+rrri 
I         41        794.97821        795.61074        794.97821      0.5650        drrr_15+rroi 
I         44        794.36439        794.97821        794.36439      0.5810         drrr_15+rrg 
I         51        786.34254        794.36439        786.34254      0.5970        drrr_15+rroi 
I         69        786.01945        786.34254        786.01945      0.6280        drrr_15+rroi 
I         70        785.96829        786.01945        785.96829      0.6440         drrr_15+rrg 
I         74        783.08017        785.96829        783.08017      0.6590        drrr_15+rrri 
I         78        779.99688        783.08017        779.99688      0.6590         drrr_15+rrg 
I         88        778.21980        779.99688        778.21980      0.6970         drrr_15+rrg 
I         92        777.20731        778.21980        777.20731      0.7070         drrr_15+rrg 
I         99        769.86527        777.20731        769.86527      0.7070        drrr_15+rroi 
I        103        769.16229        769.86527        769.16229      0.7220         drrr_15+rrg 
I        105        768.88887        769.16229        768.88887      0.7220         drrr_15+rrg 
I        111        768.74490        768.88887        768.74490      0.7390        drrr_15+rroi 
I        156        767.10091        768.74490        767.10091      0.8020        drrr_15+rroi 
I        157        766.02806        767.10091        766.02806      0.8180        drrr_15+rroi 
I        160        765.73051        766.02806        765.73051      0.9120         drrr_15+rrg 
I        164        763.29452        765.73051        763.29452      0.9280         drrr_15+rrg 
I        172        759.73863        763.29452        759.73863      0.9430        drrr_15+rrri 
I        174        756.48708        759.73863        756.48708      0.9430         drrr_15+rrg 
I        229        753.40606        756.48708        753.40606      1.0060         drrr_15+rrg 
I        230        753.26208        753.40606        753.26208      1.0060        drrr_15+rroi 
I        250        752.95917        753.26208        752.95917      1.0560         drrr_15+rrg 
I        263        752.28511        752.95917        752.28511      1.0690        drrr_15+rroi 
I        284        748.41472        752.28511        748.41472      1.1170        drrr_15+rrri 
I        314        748.13186        748.41472        748.13186      1.1790        drrr_15+rroi 
I        328        747.64863        748.13186        747.64863      1.1980        drrr_15+rroi 
I        340        747.44571        747.64863        747.44571      1.2110        drrr_15+rrri 
I        681        747.40894        747.44571        747.40894      1.6040         drrr_15+rrg 
I        914        744.34884        747.40894        744.34884      1.9650        drrr_15+rrri 
I       1182        743.48687        744.34884        743.48687      2.2160         drrr_15+rrg 
I       1199        741.81155        743.48687        741.81155      2.2320        drrr_15+rroi 
I       1229        741.53813        741.81155        741.53813      2.2630        drrr_15+rrri 
I       6490        741.16976        741.53813        741.16976      6.7240        drrr_15+rrri 
I       6504        741.02579        741.16976        741.02579      6.7390        drrr_15+rroi 
I      30000        741.02579        741.02579        751.77430     24.9720        drrr_15+rrri 

Method statistics
S  method    iter  succ  succ-rate%  tot-obj-gain  avg-obj-gain  rel-succ%  net-time  net-time%  brut-time  brut-time%
S  con          1     1   100.00000  -99173.51785  -99173.51785    1.03093   0.20400    0.81691    0.20400     0.81691
S  drrr_15  29999    48     0.16001    -155.45637      -0.00518   49.48454   0.66400    2.65898    0.66400     2.65898
S  rrg      10016    20     0.19968     -46.32620      -0.00463   20.61856  11.99700   48.04181   11.99700    48.04181
S  rroi     10018    16     0.15971     -75.05550      -0.00749   16.49485   5.56900   22.30098    5.56900    22.30098
S  rrri      9965    12     0.12042     -34.07467      -0.00342   12.37113   6.32200   25.31635    6.32200    25.31635
S  SUM/AVG  59999    97     0.16167  -99484.43058      -1.65810   20.00000  24.75600   99.13503   24.75600    99.13503

T best solution: EADARPSolution(t_routing=936.61, t_excess=154.272, obj_val=741.026, obj_val_valid=true,
    unserved_requests=Int64[], F_visited=[150, 148, 153, 149, 152, 154, 151], S_visited=Int64[],
    (1, ([141, 67, 137, 47, 117, 16, 86, 58, 66, 128, 136, 56, 126, 31, 101, 14, 84, 7, 77, 19, 89, 155, 148], [29.07837790275571], [22]))
    (2, ([142, 50, 120, 25, 95, 70, 140, 10, 80, 23, 93, 29, 99, 46, 116, 155, 22, 92, 65, 18, 135, 88, 9, 79, 149], [91.71794089352674], [16]))
    (3, ([143, 42, 112, 39, 51, 121, 109, 36, 106, 38, 108, 33, 103, 157, 21, 91, 2, 72, 34, 104, 5, 1, 71, 75, 32, 102, 150], [106.67103418612334], [14]))
    (4, ([144, 4, 74, 40, 60, 130, 110, 69, 37, 107, 139, 53, 49, 119, 123, 41, 26, 111, 96, 48, 118, 155, 151], [39.410720779606606], [22]))
    (5, ([145, 63, 133, 35, 105, 68, 138, 27, 97, 3, 54, 73, 43, 113, 124, 15, 85, 61, 131, 20, 90, 155, 152], [46.88043492777349], [22]))
    (6, ([146, 44, 114, 8, 78, 55, 125, 24, 94, 11, 81, 17, 13, 83, 87, 57, 127, 52, 122, 59, 129, 155, 153], [47.43714326373751], [22]))
    (7, ([147, 12, 82, 45, 62, 115, 132, 28, 98, 64, 30, 134, 100, 6, 76, 155, 154], [8.414742914488407], [16])))

T best obj: 741.0257860813326
T best iteration: 6504
T total iterations: 30000
T best time [s]: 6.739
T total time [s]: 24.9720
