EADARP version ecec-dirty
ARGS: --ifile=EADARP/instances/random/r7-70-00000.txt  --gamma=0.7 --only_single_s_visits=false --odir=EADARP/solutions/random/r7-70-00000 --oname=run45
Settings:
--alns_gamma=0.025
--alns_segment_size=100
--alns_sigma1=10
--alns_sigma2=9
--alns_sigma3=3
--at_most_one_s=false
--gamma=0.7
--ifile=EADARP/instances/random/r7-70-00000.txt
--infeasible_arcs=EADARP/infeasible_arcs
--insert_charging_otf=true
--insert_cost_noise=0.014
--lns_init_temp_factor=0.0
--lns_temp_dec_factor=0.99
--log_all_sols_fname=
--mh_checkit=false
--mh_lfreq=0
--mh_lnewinc=true
--mh_tciter=-1
--mh_tctime=-1.0
--mh_titer=30000
--mh_tobj=-1.0
--mh_ttime=-1.0
--odir=EADARP/solutions/random/r7-70-00000
--ofile=
--oname=run45
--only_single_s_visits=false
--prepthreshold=0.1
--repair_max_routes=0
--route_based_ops=0
--seed=502480440
--tightened_windows=EADARP/tightened_windows
--use_milp_in_otf=0
--xcheck_isfeasible=false

EADARPInstance(EADARP/instances/random/r7-70-00000.txt, n=70, n_K=7, S=[155, 156, 157], Q=14.85, n_F=7, γ=0.7, T_plan=720.0, F=[148, 149, 150, 151, 152, 153, 154])

Percentage of arcs removed: 72.1043450038541%
Minimum Degree: 10
T preprocessing time [s]: 3.209
I       iter             best          obj_old          obj_new        time              method info
I          1        844.90222     100070.00000        844.90222      0.2500                 con 
I          4        837.17528        844.90222        837.17528      0.3140         drrr_15+rrg 
I          8        826.74908        837.17528        826.74908      0.3760         drrr_15+rrg 
I          9        822.34423        826.74908        822.34423      0.4000        drrr_15+rrri 
I         10        812.44614        822.34423        812.44614      0.4080         drrr_15+rrg 
I         12        810.63178        812.44614        810.63178      0.4230        drrr_15+rroi 
I         14        810.23693        810.63178        810.23693      0.4390         drrr_15+rrg 
I         20        800.82689        810.23693        800.82689      0.5180        drrr_15+rrri 
I         23        800.35411        800.82689        800.35411      0.5500        drrr_15+rroi 
I         34        798.49514        800.35411        798.49514      0.6120        drrr_15+rrri 
I         37        798.10295        798.49514        798.10295      0.6280        drrr_15+rroi 
I         48        779.97947        798.10295        779.97947      0.6910        drrr_15+rroi 
I         54        768.26936        779.97947        768.26936      0.7060        drrr_15+rrri 
I         84        767.59804        768.26936        767.59804      0.8010        drrr_15+rroi 
I         96        767.10848        767.59804        767.10848      0.8170         drrr_15+rrg 
I        117        766.96451        767.10848        766.96451      0.8790        drrr_15+rrri 
I        118        766.78100        766.96451        766.78100      0.8790         drrr_15+rrg 
I        131        766.63702        766.78100        766.63702      0.8950         drrr_15+rrg 
I        136        766.34195        766.63702        766.34195      0.9010        drrr_15+rroi 
I        154        765.55952        766.34195        765.55952      0.9230         drrr_15+rrg 
I        167        765.14953        765.55952        765.14953      0.9580        drrr_15+rrri 
I        260        762.41477        765.14953        762.41477      1.0840         drrr_15+rrg 
I        297        762.24781        762.41477        762.24781      1.1630        drrr_15+rroi 
I        314        762.19970        762.24781        762.19970      1.2020        drrr_15+rroi 
I        317        760.27487        762.19970        760.27487      1.2020         drrr_15+rrg 
I        357        759.08258        760.27487        759.08258      1.2570         drrr_15+rrg 
I        380        758.49412        759.08258        758.49412      1.3040         drrr_15+rrg 
I        606        758.16267        758.49412        758.16267      1.6190        drrr_15+rrri 
I        615        758.14869        758.16267        758.14869      1.6190        drrr_15+rrri 
I        617        757.36002        758.14869        757.36002      1.6190        drrr_15+rroi 
I        631        757.08661        757.36002        757.08661      1.6350        drrr_15+rroi 
I        714        756.82439        757.08661        756.82439      1.7440        drrr_15+rroi 
I        731        756.69949        756.82439        756.69949      1.7600        drrr_15+rroi 
I        937        755.79794        756.69949        755.79794      1.9810        drrr_15+rroi 
I       1023        755.55016        755.79794        755.55016      2.0910        drrr_15+rrri 
I       1034        754.83694        755.55016        754.83694      2.1040        drrr_15+rroi 
I       3113        754.47938        754.83694        754.47938      4.0490         drrr_15+rrg 
I       3239        754.17102        754.47938        754.17102      4.1910         drrr_15+rrg 
I       4314        753.64409        754.17102        753.64409      5.1850        drrr_15+rrri 
I       4336        753.25079        753.64409        753.25079      5.2120        drrr_15+rrri 
I       5239        753.13712        753.25079        753.13712      6.0140        drrr_15+rroi 
I       5314        752.75435        753.13712        752.75435      6.0850         drrr_15+rrg 
I      10775        751.21523        752.75435        751.21523     10.8590        drrr_15+rroi 
I      10788        751.00414        751.21523        751.00414     10.8750        drrr_15+rroi 
I      10794        750.87471        751.00414        750.87471     10.8750        drrr_15+rroi 
I      10805        750.81462        750.87471        750.81462     10.8910        drrr_15+rroi 
I      10816        750.73073        750.81462        750.73073     10.8910        drrr_15+rroi 
I      10833        750.73073        750.73073        750.73073     10.9060        drrr_15+rroi 
I      10902        750.34239        750.73073        750.34239     10.9530        drrr_15+rroi 
I      12077        750.27381        750.34239        750.27381     11.9180        drrr_15+rrri 
I      12090        750.27381        750.27381        750.27381     11.9340         drrr_15+rrg 
I      30000        750.27381        750.27381        778.32479     27.0570         drrr_15+rrg 

Method statistics
S  method    iter  succ  succ-rate%  tot-obj-gain  avg-obj-gain  rel-succ%  net-time  net-time%  brut-time  brut-time%
S  con          1     1   100.00000  -99225.09778  -99225.09778    0.99010   0.25000    0.92398    0.25000     0.92398
S  drrr_15  29999    50     0.16667     -94.62841      -0.00315   49.50495   0.70100    2.59083    0.70100     2.59083
S  rrg      10109    16     0.15827     -37.53460      -0.00371   15.84158  13.08600   48.36456   13.08600    48.36456
S  rroi      9848    22     0.22340     -27.57386      -0.00280   21.78218   6.24300   23.07351    6.24300    23.07351
S  rrri     10042    12     0.11950     -29.51995      -0.00294   11.88119   6.60300   24.40404    6.60300    24.40404
S  SUM/AVG  59999   101     0.16834  -99414.35460      -1.65693   20.00000  26.88300   99.35691   26.88300    99.35691

T best solution: EADARPSolution(t_routing=963.679, t_excess=110.058, obj_val=750.274, obj_val_valid=true,
    unserved_requests=Int64[], F_visited=[154, 149, 150, 151, 152, 153, 148], S_visited=Int64[],
    (1, ([141, 50, 120, 70, 140, 56, 126, 31, 101, 14, 84, 7, 77, 19, 89, 155, 148], [0.9285563190446247], [16]))
    (2, ([142, 12, 82, 25, 95, 3, 73, 43, 113, 28, 98, 2, 72, 34, 104, 5, 1, 71, 75, 32, 102, 155, 149], [56.71627790112218], [22]))
    (3, ([143, 42, 112, 39, 51, 121, 109, 36, 106, 38, 108, 11, 81, 17, 57, 87, 127, 52, 122, 59, 129, 155, 150], [74.70762608033384], [22]))
    (4, ([144, 44, 114, 8, 78, 55, 125, 24, 94, 33, 103, 49, 119, 41, 26, 111, 96, 48, 118, 155, 151], [52.18779151073672], [20]))
    (5, ([145, 63, 133, 35, 105, 68, 138, 27, 97, 66, 136, 156, 62, 45, 132, 115, 69, 37, 107, 139, 53, 123, 64, 30, 134, 100, 6, 76, 155, 22, 92, 65, 18, 135, 88, 9, 79, 155, 152], [58.711060580522144, 84.29589450326444, 16.992007052324507], [12, 29, 38]))
    (6, ([146, 4, 74, 40, 60, 130, 110, 10, 80, 23, 93, 29, 99, 46, 116, 13, 21, 91, 83, 155, 153], [34.23238672886338], [20]))
    (7, ([147, 67, 137, 47, 117, 16, 86, 58, 128, 54, 124, 15, 85, 61, 131, 20, 90, 155, 154], [17.907612202492857], [18])))

T best obj: 750.2738092974024
T best iteration: 12090
T total iterations: 30000
T best time [s]: 11.934
T total time [s]: 27.0570
