EADARP version ecec-dirty
ARGS: --ifile=EADARP/instances/random/r7-70-00000.txt  --gamma=0.7 --only_single_s_visits=false --odir=EADARP/solutions/random/r7-70-00000 --oname=run59
Settings:
--alns_gamma=0.025
--alns_segment_size=100
--alns_sigma1=10
--alns_sigma2=9
--alns_sigma3=3
--at_most_one_s=false
--gamma=0.7
--ifile=EADARP/instances/random/r7-70-00000.txt
--infeasible_arcs=EADARP/infeasible_arcs
--insert_charging_otf=true
--insert_cost_noise=0.014
--lns_init_temp_factor=0.0
--lns_temp_dec_factor=0.99
--log_all_sols_fname=
--mh_checkit=false
--mh_lfreq=0
--mh_lnewinc=true
--mh_tciter=-1
--mh_tctime=-1.0
--mh_titer=30000
--mh_tobj=-1.0
--mh_ttime=-1.0
--odir=EADARP/solutions/random/r7-70-00000
--ofile=
--oname=run59
--only_single_s_visits=false
--prepthreshold=0.1
--repair_max_routes=0
--route_based_ops=0
--seed=141976433
--tightened_windows=EADARP/tightened_windows
--use_milp_in_otf=0
--xcheck_isfeasible=false

EADARPInstance(EADARP/instances/random/r7-70-00000.txt, n=70, n_K=7, S=[155, 156, 157], Q=14.85, n_F=7, γ=0.7, T_plan=720.0, F=[148, 149, 150, 151, 152, 153, 154])

Percentage of arcs removed: 72.1043450038541%
Minimum Degree: 10
T preprocessing time [s]: 3.275
I       iter             best          obj_old          obj_new        time              method info
I          1        844.06802     100070.00000        844.06802      0.2530                 con 
I          4        816.94600        844.06802        816.94600      0.3190         drrr_15+rrg 
I         10        808.90232        816.94600        808.90232      0.4030         drrr_15+rrg 
I         11        796.83437        808.90232        796.83437      0.4110        drrr_15+rroi 
I         15        795.83613        796.83437        795.83613      0.4470        drrr_15+rroi 
I         16        795.41967        795.83613        795.41967      0.4590        drrr_15+rrri 
I         17        793.55370        795.41967        793.55370      0.4750        drrr_15+rrri 
I         22        792.53858        793.55370        792.53858      0.4900        drrr_15+rrri 
I         24        790.76768        792.53858        790.76768      0.5220         drrr_15+rrg 
I         27        786.14858        790.76768        786.14858      0.5380         drrr_15+rrg 
I         29        781.95332        786.14858        781.95332      0.5690        drrr_15+rroi 
I         32        781.12455        781.95332        781.12455      0.5690         drrr_15+rrg 
I         47        780.01218        781.12455        780.01218      0.6190         drrr_15+rrg 
I         60        779.68477        780.01218        779.68477      0.6810         drrr_15+rrg 
I         63        776.35402        779.68477        776.35402      0.6810        drrr_15+rrri 
I         77        774.93422        776.35402        774.93422      0.7440         drrr_15+rrg 
I         81        771.95408        774.93422        771.95408      0.7620        drrr_15+rroi 
I         84        770.99143        771.95408        770.99143      0.7620         drrr_15+rrg 
I         93        768.24677        770.99143        768.24677      0.7910        drrr_15+rroi 
I         94        768.16834        768.24677        768.16834      0.7910        drrr_15+rroi 
I        109        767.08537        768.16834        767.08537      0.8270         drrr_15+rrg 
I        116        766.31687        767.08537        766.31687      0.8340        drrr_15+rroi 
I        128        766.28655        766.31687        766.28655      0.8710        drrr_15+rroi 
I        144        765.28941        766.28655        765.28941      0.9020        drrr_15+rroi 
I        200        763.26083        765.28941        763.26083      0.9690        drrr_15+rrri 
I        214        761.19827        763.26083        761.19827      0.9970        drrr_15+rroi 
I        264        761.05429        761.19827        761.05429      1.0600        drrr_15+rrri 
I        539        760.58053        761.05429        760.58053      1.3920        drrr_15+rrri 
I        572        760.47720        760.58053        760.47720      1.4080        drrr_15+rrri 
I        788        760.28669        760.47720        760.28669      1.6150        drrr_15+rroi 
I        881        760.27500        760.28669        760.27500      1.7570        drrr_15+rrri 
I        885        758.50094        760.27500        758.50094      1.7730        drrr_15+rroi 
I        891        758.45282        758.50094        758.45282      1.7730        drrr_15+rroi 
I        987        758.16408        758.45282        758.16408      1.8670        drrr_15+rrri 
I       1025        757.31062        758.16408        757.31062      1.8980        drrr_15+rroi 
I       1131        757.22554        757.31062        757.22554      2.0610        drrr_15+rrri 
I       1236        756.34198        757.22554        756.34198      2.1700        drrr_15+rrri 
I       1271        756.24611        756.34198        756.24611      2.2160         drrr_15+rrg 
I       1280        756.19800        756.24611        756.19800      2.2200        drrr_15+rroi 
I       1939        755.48875        756.19800        755.48875      2.8650        drrr_15+rroi 
I       1941        754.88480        755.48875        754.88480      2.8790         drrr_15+rrg 
I       1942        753.53275        754.88480        753.53275      2.8790         drrr_15+rrg 
I       1966        750.80442        753.53275        750.80442      2.8950        drrr_15+rroi 
I       2044        750.72052        750.80442        750.72052      2.9740        drrr_15+rroi 
I       2077        750.60867        750.72052        750.60867      2.9980        drrr_15+rroi 
I       2272        750.44058        750.60867        750.44058      3.1480        drrr_15+rrri 
I       2353        750.23766        750.44058        750.23766      3.2110         drrr_15+rrg 
I       2397        749.37268        750.23766        749.37268      3.2590         drrr_15+rrg 
I       2408        749.19436        749.37268        749.19436      3.2750        drrr_15+rrri 
I       2440        747.69736        749.19436        747.69736      3.3230        drrr_15+rrri 
I       2496        747.51904        747.69736        747.51904      3.4020        drrr_15+rroi 
I       4412        745.82804        747.51904        745.82804      4.9870        drrr_15+rroi 
I      25537        745.69474        745.82804        745.69474     19.9830        drrr_15+rrri 
I      25551        744.92643        745.69474        744.92643     19.9990        drrr_15+rroi 
I      30000        744.92643        744.92643        761.35393     22.9360         drrr_15+rrg 

Method statistics
S  method    iter  succ  succ-rate%  tot-obj-gain  avg-obj-gain  rel-succ%  net-time  net-time%  brut-time  brut-time%
S  con          1     1   100.00000  -99225.93198  -99225.93198    0.93458   0.25300    1.10307    0.25300     1.10307
S  drrr_15  29999    53     0.17667     -99.14159      -0.00330   49.53271   0.56800    2.47645    0.56800     2.47645
S  rrg      10140    15     0.14793     -50.40945      -0.00497   14.01869  11.29200   49.23265   11.29200    49.23265
S  rroi      9862    22     0.22308     -36.10842      -0.00366   20.56075   4.83400   21.07604    4.83400    21.07604
S  rrri      9997    16     0.16005     -12.62372      -0.00126   14.95327   5.71100   24.89973    5.71100    24.89973
S  SUM/AVG  59999   107     0.17834  -99424.21516      -1.65710   20.00000  22.65800   98.78793   22.65800    98.78793

T best solution: EADARPSolution(t_routing=931.832, t_excess=184.21, obj_val=744.926, obj_val_valid=true,
    unserved_requests=Int64[], F_visited=[152, 148, 154, 153, 151, 150, 149], S_visited=Int64[],
    (1, ([141, 12, 82, 36, 106, 38, 56, 126, 108, 156, 22, 92, 65, 18, 135, 88, 9, 79, 148], [53.08780435482874], [10]))
    (2, ([142, 44, 114, 8, 78, 55, 125, 40, 60, 130, 110, 37, 107, 28, 98, 64, 30, 134, 100, 6, 76, 48, 118, 155, 149], [53.96841407747591], [24]))
    (3, ([143, 42, 112, 39, 51, 121, 109, 11, 81, 31, 101, 14, 84, 7, 77, 19, 89, 155, 150], [15.77482147066159], [18]))
    (4, ([144, 4, 67, 74, 137, 24, 94, 33, 103, 2, 72, 34, 104, 5, 1, 71, 75, 32, 102, 155, 151], [39.35607503093692], [20]))
    (5, ([145, 47, 117, 16, 70, 86, 58, 140, 128, 10, 80, 23, 93, 29, 99, 46, 116, 13, 21, 91, 83, 20, 90, 155, 152], [33.43283318172141], [24]))
    (6, ([146, 50, 120, 25, 95, 27, 97, 66, 136, 62, 45, 132, 115, 69, 139, 53, 49, 119, 123, 41, 26, 111, 96, 61, 131, 155, 153], [101.76233929899217], [26]))
    (7, ([147, 63, 133, 35, 105, 68, 138, 3, 54, 73, 43, 113, 124, 15, 85, 17, 57, 87, 127, 52, 122, 59, 129, 155, 154], [67.44953782932888], [24])))

T best obj: 744.9264299445439
T best iteration: 25551
T total iterations: 30000
T best time [s]: 19.999
T total time [s]: 22.9360
