EADARP version ecec-dirty
ARGS: --ifile=EADARP/instances/random/r7-70-00000.txt  --gamma=0.7 --only_single_s_visits=false --odir=EADARP/solutions/random/r7-70-00000 --oname=run56
Settings:
--alns_gamma=0.025
--alns_segment_size=100
--alns_sigma1=10
--alns_sigma2=9
--alns_sigma3=3
--at_most_one_s=false
--gamma=0.7
--ifile=EADARP/instances/random/r7-70-00000.txt
--infeasible_arcs=EADARP/infeasible_arcs
--insert_charging_otf=true
--insert_cost_noise=0.014
--lns_init_temp_factor=0.0
--lns_temp_dec_factor=0.99
--log_all_sols_fname=
--mh_checkit=false
--mh_lfreq=0
--mh_lnewinc=true
--mh_tciter=-1
--mh_tctime=-1.0
--mh_titer=30000
--mh_tobj=-1.0
--mh_ttime=-1.0
--odir=EADARP/solutions/random/r7-70-00000
--ofile=
--oname=run56
--only_single_s_visits=false
--prepthreshold=0.1
--repair_max_routes=0
--route_based_ops=0
--seed=588342050
--tightened_windows=EADARP/tightened_windows
--use_milp_in_otf=0
--xcheck_isfeasible=false

EADARPInstance(EADARP/instances/random/r7-70-00000.txt, n=70, n_K=7, S=[155, 156, 157], Q=14.85, n_F=7, γ=0.7, T_plan=720.0, F=[148, 149, 150, 151, 152, 153, 154])

Percentage of arcs removed: 72.1043450038541%
Minimum Degree: 10
T preprocessing time [s]: 3.606
I       iter             best          obj_old          obj_new        time              method info
I          1        844.91904     100070.00000        844.91904      0.2390                 con 
I          4        836.71547        844.91904        836.71547      0.2850        drrr_15+rrri 
I          6        835.30271        836.71547        835.30271      0.3170        drrr_15+rroi 
I         10        829.02036        835.30271        829.02036      0.3640        drrr_15+rrri 
I         14        822.69842        829.02036        822.69842      0.4110        drrr_15+rrri 
I         16        818.50218        822.69842        818.50218      0.4430        drrr_15+rrri 
I         18        816.68249        818.50218        816.68249      0.4840        drrr_15+rroi 
I         25        815.97311        816.68249        815.97311      0.5530        drrr_15+rrri 
I         30        815.87026        815.97311        815.87026      0.5850        drrr_15+rrri 
I         32        800.15393        815.87026        800.15393      0.5850        drrr_15+rroi 
I         33        795.00776        800.15393        795.00776      0.5980        drrr_15+rroi 
I         36        794.58627        795.00776        794.58627      0.6170         drrr_15+rrg 
I         40        793.55072        794.58627        793.55072      0.6380        drrr_15+rrri 
I         41        793.40674        793.55072        793.40674      0.6480        drrr_15+rrri 
I         45        792.02383        793.40674        792.02383      0.6640        drrr_15+rroi 
I         50        789.58235        792.02383        789.58235      0.6640        drrr_15+rrri 
I         52        783.60414        789.58235        783.60414      0.6840        drrr_15+rrri 
I         54        779.64678        783.60414        779.64678      0.7110         drrr_15+rrg 
I         57        772.20485        779.64678        772.20485      0.7430         drrr_15+rrg 
I         70        771.78270        772.20485        771.78270      0.8280        drrr_15+rroi 
I         77        770.84135        771.78270        770.84135      0.8540        drrr_15+rrri 
I        100        768.19250        770.84135        768.19250      0.9020        drrr_15+rroi 
I        103        768.03159        768.19250        768.03159      0.9180         drrr_15+rrg 
I        120        767.76198        768.03159        767.76198      0.9490         drrr_15+rrg 
I        129        767.74776        767.76198        767.74776      0.9670         drrr_15+rrg 
I        161        766.73033        767.74776        766.73033      1.0280        drrr_15+rroi 
I        225        765.52654        766.73033        765.52654      1.2010        drrr_15+rroi 
I        232        763.07441        765.52654        763.07441      1.2010        drrr_15+rroi 
I        252        760.68988        763.07441        760.68988      1.2480        drrr_15+rrri 
I        299        758.89509        760.68988        758.89509      1.3280        drrr_15+rroi 
I        302        756.62799        758.89509        756.62799      1.3280        drrr_15+rroi 
I        304        756.08073        756.62799        756.08073      1.3430        drrr_15+rrri 
I        376        756.05836        756.08073        756.05836      1.4530        drrr_15+rroi 
I        405        754.96284        756.05836        754.96284      1.5080         drrr_15+rrg 
I        415        752.29983        754.96284        752.29983      1.5170        drrr_15+rroi 
I        434        751.50781        752.29983        751.50781      1.5480        drrr_15+rroi 
I        473        751.36445        751.50781        751.36445      1.5800        drrr_15+rroi 
I        476        751.36445        751.36445        751.36445      1.5960         drrr_15+rrg 
I        529        751.01850        751.36445        751.01850      1.6500        drrr_15+rroi 
I       1272        747.86830        751.01850        747.86830      2.4010        drrr_15+rroi 
I       2634        746.80820        747.86830        746.80820      3.6710         drrr_15+rrg 
I       2964        745.97405        746.80820        745.97405      3.9380        drrr_15+rrri 
I       3013        745.76807        745.97405        745.76807      4.0000        drrr_15+rrri 
I       4425        744.43555        745.76807        744.43555      5.2110        drrr_15+rroi 
I       4436        743.10482        744.43555        743.10482      5.2110        drrr_15+rrri 
I       4458        742.86451        743.10482        742.86451      5.2270         drrr_15+rrg 
I      30000        742.86451        742.86451        755.87153     24.4990         drrr_15+rrg 

Method statistics
S  method    iter  succ  succ-rate%  tot-obj-gain  avg-obj-gain  rel-succ%  net-time  net-time%  brut-time  brut-time%
S  con          1     1   100.00000  -99225.08096  -99225.08096    1.09890   0.23900    0.97555    0.23900     0.97555
S  drrr_15  29999    45     0.15001    -102.05452      -0.00340   49.45055   0.59600    2.43275    0.59600     2.43275
S  rrg       9858    10     0.10144     -14.66146      -0.00149   10.98901  11.84801   48.36119   11.84801    48.36119
S  rroi      9990    19     0.19019     -45.73351      -0.00458   20.87912   5.47700   22.35600    5.47700    22.35600
S  rrri     10151    16     0.15762     -41.65956      -0.00410   17.58242   6.12500   25.00101    6.12500    25.00101
S  SUM/AVG  59999    91     0.15167  -99429.19001      -1.65718   20.00000  24.28500   99.12650   24.28500    99.12650

T best solution: EADARPSolution(t_routing=941.51, t_excess=146.928, obj_val=742.865, obj_val_valid=true,
    unserved_requests=Int64[], F_visited=[151, 149, 150, 152, 154, 148, 153], S_visited=Int64[],
    (1, ([141, 50, 120, 25, 95, 27, 97, 66, 136, 54, 43, 113, 124, 28, 98, 64, 30, 134, 100, 6, 76, 156, 18, 88, 9, 79, 148], [99.28520943665431], [22]))
    (2, ([142, 63, 133, 35, 40, 105, 110, 38, 56, 126, 108, 33, 103, 157, 21, 91, 2, 72, 34, 104, 5, 1, 71, 75, 32, 102, 149], [79.56868879425726], [14]))
    (3, ([143, 47, 117, 16, 60, 130, 86, 58, 128, 10, 80, 23, 93, 29, 99, 15, 85, 61, 131, 20, 90, 155, 150], [40.705149054272574], [22]))
    (4, ([144, 12, 82, 36, 106, 69, 139, 53, 49, 119, 123, 41, 26, 111, 96, 65, 135, 48, 118, 155, 151], [54.727968415405535], [20]))
    (5, ([145, 4, 67, 74, 137, 24, 94, 11, 81, 17, 57, 87, 127, 52, 122, 59, 129, 155, 152], [17.682717221691618], [18]))
    (6, ([146, 44, 114, 8, 78, 55, 125, 70, 140, 68, 138, 3, 73, 31, 101, 13, 83, 155, 153], [25.848749409592614], [18]))
    (7, ([147, 42, 112, 39, 51, 121, 109, 62, 45, 132, 115, 37, 107, 46, 116, 155, 22, 14, 92, 84, 7, 77, 19, 89, 154], [56.69150176470215], [16])))

T best obj: 742.864512908889
T best iteration: 4458
T total iterations: 30000
T best time [s]: 5.227
T total time [s]: 24.4990
