EADARP version ecec-dirty
ARGS: --ifile=EADARP/instances/random/r7-70-00000.txt  --gamma=0.7 --only_single_s_visits=false --odir=EADARP/solutions/random/r7-70-00000 --oname=run66
Settings:
--alns_gamma=0.025
--alns_segment_size=100
--alns_sigma1=10
--alns_sigma2=9
--alns_sigma3=3
--at_most_one_s=false
--gamma=0.7
--ifile=EADARP/instances/random/r7-70-00000.txt
--infeasible_arcs=EADARP/infeasible_arcs
--insert_charging_otf=true
--insert_cost_noise=0.014
--lns_init_temp_factor=0.0
--lns_temp_dec_factor=0.99
--log_all_sols_fname=
--mh_checkit=false
--mh_lfreq=0
--mh_lnewinc=true
--mh_tciter=-1
--mh_tctime=-1.0
--mh_titer=30000
--mh_tobj=-1.0
--mh_ttime=-1.0
--odir=EADARP/solutions/random/r7-70-00000
--ofile=
--oname=run66
--only_single_s_visits=false
--prepthreshold=0.1
--repair_max_routes=0
--route_based_ops=0
--seed=479376981
--tightened_windows=EADARP/tightened_windows
--use_milp_in_otf=0
--xcheck_isfeasible=false

EADARPInstance(EADARP/instances/random/r7-70-00000.txt, n=70, n_K=7, S=[155, 156, 157], Q=14.85, n_F=7, γ=0.7, T_plan=720.0, F=[148, 149, 150, 151, 152, 153, 154])

Percentage of arcs removed: 72.1043450038541%
Minimum Degree: 10
T preprocessing time [s]: 3.228
I       iter             best          obj_old          obj_new        time              method info
I          1        891.04227     100070.00000        891.04227      0.1430                 con 
I          2        873.92588        891.04227        873.92588      0.1580        drrr_15+rroi 
I          4        873.90150        873.92588        873.90150      0.2050         drrr_15+rrg 
I          5        843.66797        873.90150        843.66797      0.2310         drrr_15+rrg 
I          6        828.92068        843.66797        828.92068      0.2370        drrr_15+rrri 
I          7        817.62974        828.92068        817.62974      0.2370        drrr_15+rroi 
I          9        816.94160        817.62974        816.94160      0.2840        drrr_15+rroi 
I         10        809.98515        816.94160        809.98515      0.2840         drrr_15+rrg 
I         12        804.07707        809.98515        804.07707      0.3010         drrr_15+rrg 
I         27        801.68974        804.07707        801.68974      0.3940        drrr_15+rroi 
I         30        790.62396        801.68974        790.62396      0.4250         drrr_15+rrg 
I         36        789.95247        790.62396        789.95247      0.4570        drrr_15+rroi 
I         37        786.01399        789.95247        786.01399      0.4570        drrr_15+rrri 
I         53        785.47060        786.01399        785.47060      0.5360        drrr_15+rrri 
I         56        782.40415        785.47060        782.40415      0.5360        drrr_15+rrri 
I         97        781.04505        782.40415        781.04505      0.6310        drrr_15+rroi 
I        108        780.37394        781.04505        780.37394      0.7100        drrr_15+rrri 
I        113        779.56219        780.37394        779.56219      0.7250        drrr_15+rroi 
I        115        779.41821        779.56219        779.41821      0.7250         drrr_15+rrg 
I        152        779.32453        779.41821        779.32453      0.7890         drrr_15+rrg 
I        157        779.19187        779.32453        779.19187      0.8040         drrr_15+rrg 
I        158        776.38635        779.19187        776.38635      0.8040        drrr_15+rrri 
I        161        772.25732        776.38635        772.25732      0.8040        drrr_15+rroi 
I        165        770.76397        772.25732        770.76397      0.8320         drrr_15+rrg 
I        167        768.81938        770.76397        768.81938      0.8360         drrr_15+rrg 
I        182        766.16854        768.81938        766.16854      0.8980         drrr_15+rrg 
I        192        765.55329        766.16854        765.55329      0.9140        drrr_15+rrri 
I        206        765.40932        765.55329        765.40932      0.9460         drrr_15+rrg 
I        209        764.66868        765.40932        764.66868      0.9620        drrr_15+rrri 
I        213        764.05726        764.66868        764.05726      0.9770         drrr_15+rrg 
I        304        763.99832        764.05726        763.99832      1.1650         drrr_15+rrg 
I        338        763.85434        763.99832        763.85434      1.2130        drrr_15+rrri 
I        746        761.92210        763.85434        761.92210      1.6390         drrr_15+rrg 
I       1036        761.50061        761.92210        761.50061      1.9220        drrr_15+rrri 
I       1038        759.82529        761.50061        759.82529      1.9220         drrr_15+rrg 
I       1046        759.78889        759.82529        759.78889      1.9380        drrr_15+rroi 
I       1086        759.64491        759.78889        759.64491      1.9690        drrr_15+rrri 
I       1138        758.24397        759.64491        758.24397      2.0170         drrr_15+rrg 
I       1174        757.58261        758.24397        757.58261      2.0480        drrr_15+rrri 
I       1295        755.11201        757.58261        755.11201      2.1740        drrr_15+rrri 
I       1433        754.97091        755.11201        754.97091      2.3170        drrr_15+rroi 
I       1637        754.38897        754.97091        754.38897      2.5370        drrr_15+rroi 
I       1646        754.20860        754.38897        754.20860      2.5420        drrr_15+rrri 
I       1705        752.53328        754.20860        752.53328      2.6460        drrr_15+rroi 
I       2050        752.44045        752.53328        752.44045      2.9390        drrr_15+rroi 
I       2584        751.16686        752.44045        751.16686      3.3700        drrr_15+rrri 
I       5891        750.08879        751.16686        750.08879      6.2170        drrr_15+rrri 
I      11275        747.49765        750.08879        747.49765     10.9940         drrr_15+rrg 
I      11279        745.92661        747.49765        745.92661     10.9940        drrr_15+rroi 
I      11310        744.25129        745.92661        744.25129     11.0090        drrr_15+rrri 
I      30000        744.25129        744.25129        777.82805     26.2460        drrr_15+rrri 

Method statistics
S  method    iter  succ  succ-rate%  tot-obj-gain  avg-obj-gain  rel-succ%  net-time  net-time%  brut-time  brut-time%
S  con          1     1   100.00000  -99178.95773  -99178.95773    1.01010   0.14300    0.54485    0.14300     0.54485
S  drrr_15  29999    49     0.16334    -146.79098      -0.00489   49.49495   0.84900    3.23478    0.84900     3.23478
S  rrg       9986    18     0.18025     -69.06130      -0.00692   18.18182  12.73200   48.51024   12.73200    48.51024
S  rroi      9949    14     0.14072     -42.55281      -0.00428   14.14141   6.09900   23.23783    6.09900    23.23783
S  rrri     10064    17     0.16892     -35.17687      -0.00350   17.17172   6.21400   23.67598    6.21400    23.67598
S  SUM/AVG  59999    99     0.16500  -99472.53970      -1.65790   20.00000  26.03700   99.20369   26.03700    99.20369

T best solution: EADARPSolution(t_routing=932.812, t_excess=178.568, obj_val=744.251, obj_val_valid=true,
    unserved_requests=Int64[], F_visited=[152, 150, 148, 151, 149, 153, 154], S_visited=Int64[],
    (1, ([141, 44, 114, 8, 78, 55, 125, 40, 60, 130, 110, 69, 28, 139, 98, 64, 30, 134, 100, 6, 76, 156, 48, 118, 9, 79, 148], [68.0421860526602], [22]))
    (2, ([142, 67, 137, 47, 117, 16, 86, 58, 66, 128, 136, 24, 94, 11, 81, 17, 13, 83, 87, 57, 127, 52, 122, 59, 129, 155, 149], [76.12814051704684], [26]))
    (3, ([143, 12, 82, 36, 106, 38, 56, 126, 108, 46, 116, 150], Float64[], Int64[]))
    (4, ([144, 63, 133, 35, 105, 68, 138, 27, 97, 3, 54, 73, 43, 113, 124, 15, 85, 61, 131, 20, 90, 155, 151], [46.88043492777349], [22]))
    (5, ([145, 50, 120, 25, 95, 70, 140, 10, 80, 23, 93, 29, 99, 53, 49, 119, 123, 41, 26, 111, 96, 156, 22, 14, 92, 84, 7, 77, 19, 89, 155, 152], [82.3321766065204, 30.053848901715423], [22, 31]))
    (6, ([146, 42, 112, 39, 51, 121, 109, 33, 103, 21, 91, 2, 72, 34, 104, 5, 1, 71, 75, 32, 102, 155, 153], [52.080148109751384], [22]))
    (7, ([147, 4, 74, 62, 45, 132, 115, 37, 107, 31, 101, 65, 18, 135, 88, 155, 154], [21.2794733300891], [16])))

T best obj: 744.2512857669208
T best iteration: 11310
T total iterations: 30000
T best time [s]: 11.009
T total time [s]: 26.2460
