EADARP version ecec-dirty
ARGS: --ifile=EADARP/instances/random/r7-70-00000.txt  --gamma=0.7 --only_single_s_visits=false --odir=EADARP/solutions/random/r7-70-00000 --oname=run79
Settings:
--alns_gamma=0.025
--alns_segment_size=100
--alns_sigma1=10
--alns_sigma2=9
--alns_sigma3=3
--at_most_one_s=false
--gamma=0.7
--ifile=EADARP/instances/random/r7-70-00000.txt
--infeasible_arcs=EADARP/infeasible_arcs
--insert_charging_otf=true
--insert_cost_noise=0.014
--lns_init_temp_factor=0.0
--lns_temp_dec_factor=0.99
--log_all_sols_fname=
--mh_checkit=false
--mh_lfreq=0
--mh_lnewinc=true
--mh_tciter=-1
--mh_tctime=-1.0
--mh_titer=30000
--mh_tobj=-1.0
--mh_ttime=-1.0
--odir=EADARP/solutions/random/r7-70-00000
--ofile=
--oname=run79
--only_single_s_visits=false
--prepthreshold=0.1
--repair_max_routes=0
--route_based_ops=0
--seed=1828644483
--tightened_windows=EADARP/tightened_windows
--use_milp_in_otf=0
--xcheck_isfeasible=false

EADARPInstance(EADARP/instances/random/r7-70-00000.txt, n=70, n_K=7, S=[155, 156, 157], Q=14.85, n_F=7, γ=0.7, T_plan=720.0, F=[148, 149, 150, 151, 152, 153, 154])

Percentage of arcs removed: 72.1043450038541%
Minimum Degree: 10
T preprocessing time [s]: 3.654
I       iter             best          obj_old          obj_new        time              method info
I          1        836.94317     100070.00000        836.94317      0.2230                 con 
I          2        830.32585        836.94317        830.32585      0.2620        drrr_15+rroi 
I          4        826.42927        830.32585        826.42927      0.3330        drrr_15+rroi 
I          5        824.90572        826.42927        824.90572      0.3640        drrr_15+rrri 
I          6        822.93913        824.90572        822.93913      0.4040        drrr_15+rrri 
I          7        817.98181        822.93913        817.98181      0.4190        drrr_15+rroi 
I          8        810.75292        817.98181        810.75292      0.4400        drrr_15+rroi 
I          9        805.77757        810.75292        805.77757      0.4480        drrr_15+rroi 
I         10        801.34493        805.77757        801.34493      0.4660        drrr_15+rrri 
I         12        793.15787        801.34493        793.15787      0.5080         drrr_15+rrg 
I         15        792.94678        793.15787        792.94678      0.5630        drrr_15+rrri 
I         20        790.79075        792.94678        790.79075      0.6170        drrr_15+rrri 
I         27        789.35208        790.79075        789.35208      0.6970         drrr_15+rrg 
I         35        786.51429        789.35208        786.51429      0.7280        drrr_15+rroi 
I         46        785.29164        786.51429        785.29164      0.7850         drrr_15+rrg 
I         51        781.88611        785.29164        781.88611      0.8130        drrr_15+rroi 
I         52        781.81181        781.88611        781.81181      0.8150         drrr_15+rrg 
I         58        780.30058        781.81181        780.30058      0.8220        drrr_15+rrri 
I         59        779.70639        780.30058        779.70639      0.8240        drrr_15+rroi 
I         61        778.50925        779.70639        778.50925      0.8380         drrr_15+rrg 
I         66        778.39418        778.50925        778.39418      0.8530        drrr_15+rroi 
I        139        777.23949        778.39418        777.23949      1.0600         drrr_15+rrg 
I        149        774.38293        777.23949        774.38293      1.0850        drrr_15+rroi 
I        156        773.66138        774.38293        773.66138      1.0980        drrr_15+rrri 
I        166        771.34589        773.66138        771.34589      1.1100        drrr_15+rrri 
I        167        767.84183        771.34589        767.84183      1.1110        drrr_15+rrri 
I        234        766.88850        767.84183        766.88850      1.2360         drrr_15+rrg 
I        258        765.39680        766.88850        765.39680      1.2680        drrr_15+rroi 
I        297        764.73393        765.39680        764.73393      1.3600        drrr_15+rrri 
I        301        764.64546        764.73393        764.64546      1.3720         drrr_15+rrg 
I        868        764.15340        764.64546        764.15340      2.0830        drrr_15+rroi 
I       1392        763.36676        764.15340        763.36676      2.7260        drrr_15+rroi 
I       1565        762.79905        763.36676        762.79905      2.9500        drrr_15+rrri 
I       2472        757.81729        762.79905        757.81729      3.9000        drrr_15+rrri 
I       2677        757.32110        757.81729        757.32110      4.1490        drrr_15+rroi 
I       2679        756.53867        757.32110        756.53867      4.1500         drrr_15+rrg 
I       2681        756.51883        756.53867        756.51883      4.1830        drrr_15+rrri 
I       2698        755.93837        756.51883        755.93837      4.2040        drrr_15+rroi 
I       2703        755.59716        755.93837        755.59716      4.2210        drrr_15+rroi 
I       2705        755.45318        755.59716        755.45318      4.2230        drrr_15+rroi 
I       2730        755.43334        755.45318        755.43334      4.2750        drrr_15+rrri 
I       2851        755.43334        755.43334        755.43334      4.3860         drrr_15+rrg 
I       2895        752.09972        755.43334        752.09972      4.4340        drrr_15+rroi 
I       2962        751.98787        752.09972        751.98787      4.5080        drrr_15+rroi 
I       4544        751.36713        751.98787        751.36713      5.9480         drrr_15+rrg 
I       7818        750.54732        751.36713        750.54732      8.6940        drrr_15+rrri 
I       7843        750.22093        750.54732        750.22093      8.7120        drrr_15+rrri 
I       7941        749.86469        750.22093        749.86469      8.8250        drrr_15+rrri 
I      10750        749.83020        749.86469        749.83020     11.2960        drrr_15+rrri 
I      10810        747.75713        749.83020        747.75713     11.3440        drrr_15+rrri 
I      10833        747.41592        747.75713        747.41592     11.3680         drrr_15+rrg 
I      11013        746.63267        747.41592        746.63267     11.5170        drrr_15+rroi 
I      11017        746.48870        746.63267        746.48870     11.5210        drrr_15+rroi 
I      11060        746.28989        746.48870        746.28989     11.5490        drrr_15+rroi 
I      11102        745.79973        746.28989        745.79973     11.5990         drrr_15+rrg 
I      11161        745.72608        745.79973        745.72608     11.6540        drrr_15+rroi 
I      11277        745.45919        745.72608        745.45919     11.7620        drrr_15+rrri 
I      11523        744.71741        745.45919        744.71741     11.9930        drrr_15+rroi 
I      11962        744.64853        744.71741        744.64853     12.3800         drrr_15+rrg 
I      15431        744.51163        744.64853        744.51163     15.1940        drrr_15+rrri 
I      15520        743.74333        744.51163        743.74333     15.2580         drrr_15+rrg 
I      23211        742.26459        743.74333        742.26459     21.0270         drrr_15+rrg 
I      23239        742.11313        742.26459        742.11313     21.0530        drrr_15+rroi 
I      30000        742.11313        742.11313        750.61295     25.4990        drrr_15+rroi 

Method statistics
S  method    iter  succ  succ-rate%  tot-obj-gain  avg-obj-gain  rel-succ%  net-time  net-time%  brut-time  brut-time%
S  con          1     1   100.00000  -99233.05683  -99233.05683    0.80000   0.22300    0.87454    0.22300     0.87454
S  drrr_15  29999    62     0.20667     -94.83004      -0.00316   49.60000   0.70700    2.77267    0.70700     2.77267
S  rrg      10112    16     0.15823     -18.86676      -0.00187   12.80000  12.02601   47.16265   12.02601    47.16265
S  rroi      9854    25     0.25370     -47.35525      -0.00481   20.00000   5.76900   22.62441    5.76900    22.62441
S  rrri     10033    21     0.20931     -28.60803      -0.00285   16.80000   6.61600   25.94610    6.61600    25.94610
S  SUM/AVG  59999   125     0.20834  -99422.71691      -1.65707   20.00000  25.34100   99.38037   25.34100    99.38037

T best solution: EADARPSolution(t_routing=930.698, t_excess=176.357, obj_val=742.113, obj_val_valid=true,
    unserved_requests=Int64[], F_visited=[153, 150, 154, 152, 149, 151, 148], S_visited=Int64[],
    (1, ([141, 50, 120, 25, 95, 3, 54, 73, 43, 113, 124, 28, 98, 64, 30, 134, 100, 6, 76, 155, 148], [30.631229362392727], [20]))
    (2, ([142, 4, 67, 74, 137, 24, 94, 11, 81, 17, 13, 83, 87, 2, 72, 34, 104, 5, 1, 71, 75, 32, 102, 155, 149], [53.9745543312118], [24]))
    (3, ([143, 44, 114, 8, 78, 55, 125, 40, 60, 130, 110, 37, 107, 31, 101, 14, 84, 7, 77, 19, 89, 155, 150], [30.242874749303926], [22]))
    (4, ([144, 63, 133, 35, 105, 68, 138, 27, 97, 66, 136, 62, 45, 132, 115, 69, 139, 53, 49, 119, 123, 41, 26, 111, 96, 61, 131, 155, 151], [112.73433698971105], [28]))
    (5, ([145, 47, 117, 16, 70, 86, 58, 140, 128, 10, 80, 23, 93, 29, 99, 46, 116, 155, 22, 92, 65, 18, 135, 88, 9, 79, 152], [85.30663260801965], [18]))
    (6, ([146, 12, 82, 36, 106, 38, 56, 126, 108, 15, 85, 48, 118, 155, 153], [16.273274995262327], [14]))
    (7, ([147, 42, 112, 39, 51, 121, 109, 33, 103, 21, 91, 57, 127, 52, 122, 59, 129, 20, 90, 155, 154], [34.53548749747891], [20])))

T best obj: 742.1131278239557
T best iteration: 23239
T total iterations: 30000
T best time [s]: 21.053
T total time [s]: 25.4990
