EADARP version ecec-dirty
ARGS: --ifile=EADARP/instances/random/r7-70-00000.txt  --gamma=0.7 --only_single_s_visits=false --odir=EADARP/solutions/random/r7-70-00000 --oname=run77
Settings:
--alns_gamma=0.025
--alns_segment_size=100
--alns_sigma1=10
--alns_sigma2=9
--alns_sigma3=3
--at_most_one_s=false
--gamma=0.7
--ifile=EADARP/instances/random/r7-70-00000.txt
--infeasible_arcs=EADARP/infeasible_arcs
--insert_charging_otf=true
--insert_cost_noise=0.014
--lns_init_temp_factor=0.0
--lns_temp_dec_factor=0.99
--log_all_sols_fname=
--mh_checkit=false
--mh_lfreq=0
--mh_lnewinc=true
--mh_tciter=-1
--mh_tctime=-1.0
--mh_titer=30000
--mh_tobj=-1.0
--mh_ttime=-1.0
--odir=EADARP/solutions/random/r7-70-00000
--ofile=
--oname=run77
--only_single_s_visits=false
--prepthreshold=0.1
--repair_max_routes=0
--route_based_ops=0
--seed=1998928162
--tightened_windows=EADARP/tightened_windows
--use_milp_in_otf=0
--xcheck_isfeasible=false

EADARPInstance(EADARP/instances/random/r7-70-00000.txt, n=70, n_K=7, S=[155, 156, 157], Q=14.85, n_F=7, γ=0.7, T_plan=720.0, F=[148, 149, 150, 151, 152, 153, 154])

Percentage of arcs removed: 72.1043450038541%
Minimum Degree: 10
T preprocessing time [s]: 3.238
I       iter             best          obj_old          obj_new        time              method info
I          1        837.06120     100070.00000        837.06120      0.1740                 con 
I          2        825.12013        837.06120        825.12013      0.1890        drrr_15+rroi 
I          3        824.43706        825.12013        824.43706      0.2000        drrr_15+rroi 
I          5        823.53885        824.43706        823.53885      0.2050        drrr_15+rrri 
I          6        820.05760        823.53885        820.05760      0.2360        drrr_15+rrri 
I          9        814.41957        820.05760        814.41957      0.2680        drrr_15+rroi 
I         14        807.85203        814.41957        807.85203      0.3010        drrr_15+rroi 
I         15        807.72197        807.85203        807.72197      0.3010        drrr_15+rroi 
I         21        801.43684        807.72197        801.43684      0.3460         drrr_15+rrg 
I         35        800.59652        801.43684        800.59652      0.4250        drrr_15+rrri 
I         36        800.43405        800.59652        800.43405      0.4250        drrr_15+rroi 
I         42        794.31131        800.43405        794.31131      0.4410         drrr_15+rrg 
I         44        793.05361        794.31131        793.05361      0.4410         drrr_15+rrg 
I         51        787.21492        793.05361        787.21492      0.4560        drrr_15+rrri 
I         52        786.43857        787.21492        786.43857      0.4560        drrr_15+rrri 
I         79        785.29549        786.43857        785.29549      0.5820        drrr_15+rroi 
I         85        783.58605        785.29549        783.58605      0.5980        drrr_15+rrri 
I         88        782.22933        783.58605        782.22933      0.6010        drrr_15+rrri 
I         90        782.02122        782.22933        782.02122      0.6140        drrr_15+rrri 
I         96        779.23462        782.02122        779.23462      0.6920        drrr_15+rroi 
I         99        776.22334        779.23462        776.22334      0.7240         drrr_15+rrg 
I        110        776.17713        776.22334        776.17713      0.7710         drrr_15+rrg 
I        122        774.22899        776.17713        774.22899      0.8010        drrr_15+rrri 
I        125        772.09572        774.22899        772.09572      0.8170         drrr_15+rrg 
I        129        772.08171        772.09572        772.08171      0.8330         drrr_15+rrg 
I        140        771.11586        772.08171        771.11586      0.8480        drrr_15+rrri 
I        144        770.97188        771.11586        770.97188      0.8640        drrr_15+rroi 
I        148        767.71935        770.97188        767.71935      0.8640        drrr_15+rrri 
I        153        767.14070        767.71935        767.14070      0.8800        drrr_15+rroi 
I        154        765.91793        767.14070        765.91793      0.8800         drrr_15+rrg 
I        166        761.94255        765.91793        761.94255      0.9020        drrr_15+rrri 
I        184        759.50260        761.94255        759.50260      0.9430         drrr_15+rrg 
I        187        758.70985        759.50260        758.70985      0.9430        drrr_15+rrri 
I        226        758.62234        758.70985        758.62234      0.9740        drrr_15+rroi 
I        260        758.47836        758.62234        758.47836      1.0210        drrr_15+rroi 
I        634        757.81558        758.47836        757.81558      1.4400        drrr_15+rrri 
I        640        755.03458        757.81558        755.03458      1.4530         drrr_15+rrg 
I        649        752.09974        755.03458        752.09974      1.4680        drrr_15+rrri 
I        657        751.95576        752.09974        751.95576      1.4880        drrr_15+rrri 
I        672        751.34231        751.95576        751.34231      1.4990         drrr_15+rrg 
I        902        750.43822        751.34231        750.43822      1.7900         drrr_15+rrg 
I        926        748.49982        750.43822        748.49982      1.8130        drrr_15+rrri 
I        953        748.35584        748.49982        748.35584      1.8420        drrr_15+rroi 
I        968        748.32898        748.35584        748.32898      1.8540         drrr_15+rrg 
I       1584        747.29740        748.32898        747.29740      2.3620        drrr_15+rrri 
I       1831        747.08291        747.29740        747.08291      2.5910        drrr_15+rrri 
I       1862        746.64595        747.08291        746.64595      2.6160        drrr_15+rroi 
I       1878        745.38712        746.64595        745.38712      2.6330        drrr_15+rrri 
I      30000        745.38712        745.38712        766.65238     22.9700         drrr_15+rrg 

Method statistics
S  method    iter  succ  succ-rate%  tot-obj-gain  avg-obj-gain  rel-succ%  net-time  net-time%  brut-time  brut-time%
S  con          1     1   100.00000  -99232.93880  -99232.93880    1.05263   0.17400    0.75751    0.17400     0.75751
S  drrr_15  29999    47     0.15667     -91.67408      -0.00306   49.47368   0.63900    2.78189    0.63900     2.78189
S  rrg       9939    13     0.13080     -26.85846      -0.00270   13.68421  11.23500   48.91161   11.23500    48.91161
S  rroi     10017    14     0.13976     -30.58698      -0.00305   14.73684   5.12000   22.28994    5.12000    22.28994
S  rrri     10043    20     0.19914     -34.22864      -0.00341   21.05263   5.68800   24.76275    5.68800    24.76275
S  SUM/AVG  59999    95     0.15834  -99416.28696      -1.65697   20.00000  22.85600   99.50370   22.85600    99.50370

T best solution: EADARPSolution(t_routing=918.103, t_excess=227.24, obj_val=745.387, obj_val_valid=true,
    unserved_requests=Int64[], F_visited=[153, 149, 152, 151, 150, 154, 148], S_visited=Int64[],
    (1, ([141, 4, 67, 74, 137, 36, 58, 106, 128, 10, 80, 23, 62, 93, 132, 28, 98, 2, 72, 34, 104, 5, 1, 71, 75, 155, 148], [89.92160407018822], [26]))
    (2, ([142, 47, 117, 12, 82, 45, 29, 115, 99, 46, 116, 13, 21, 91, 83, 57, 127, 32, 102, 155, 149], [30.660731655506947], [20]))
    (3, ([143, 70, 140, 68, 138, 24, 94, 11, 81, 48, 118, 9, 79, 155, 150], [0.42564521695205504], [14]))
    (4, ([144, 63, 133, 35, 40, 105, 110, 69, 37, 107, 139, 53, 49, 119, 123, 41, 26, 111, 96, 61, 131, 20, 90, 155, 151], [48.811457802442085], [24]))
    (5, ([145, 44, 114, 8, 78, 55, 125, 16, 60, 130, 86, 66, 136, 56, 126, 31, 101, 14, 84, 7, 77, 155, 152], [29.045974091313713], [22]))
    (6, ([146, 50, 120, 25, 95, 27, 97, 3, 54, 73, 43, 113, 124, 38, 15, 108, 85, 17, 87, 52, 122, 59, 129, 155, 153], [68.9631915192166], [24]))
    (7, ([147, 42, 112, 39, 51, 121, 109, 33, 103, 64, 30, 134, 100, 6, 76, 156, 22, 92, 65, 18, 135, 88, 19, 89, 155, 154], [80.79737382248014, 2.477011914807147], [16, 25])))

T best obj: 745.3871188934517
T best iteration: 1878
T total iterations: 30000
T best time [s]: 2.633
T total time [s]: 22.9700
