EADARP version ecec-dirty
ARGS: --ifile=EADARP/instances/random/r7-70-00000.txt  --gamma=0.7 --only_single_s_visits=false --odir=EADARP/solutions/random/r7-70-00000 --oname=run73
Settings:
--alns_gamma=0.025
--alns_segment_size=100
--alns_sigma1=10
--alns_sigma2=9
--alns_sigma3=3
--at_most_one_s=false
--gamma=0.7
--ifile=EADARP/instances/random/r7-70-00000.txt
--infeasible_arcs=EADARP/infeasible_arcs
--insert_charging_otf=true
--insert_cost_noise=0.014
--lns_init_temp_factor=0.0
--lns_temp_dec_factor=0.99
--log_all_sols_fname=
--mh_checkit=false
--mh_lfreq=0
--mh_lnewinc=true
--mh_tciter=-1
--mh_tctime=-1.0
--mh_titer=30000
--mh_tobj=-1.0
--mh_ttime=-1.0
--odir=EADARP/solutions/random/r7-70-00000
--ofile=
--oname=run73
--only_single_s_visits=false
--prepthreshold=0.1
--repair_max_routes=0
--route_based_ops=0
--seed=430430163
--tightened_windows=EADARP/tightened_windows
--use_milp_in_otf=0
--xcheck_isfeasible=false

EADARPInstance(EADARP/instances/random/r7-70-00000.txt, n=70, n_K=7, S=[155, 156, 157], Q=14.85, n_F=7, γ=0.7, T_plan=720.0, F=[148, 149, 150, 151, 152, 153, 154])

Percentage of arcs removed: 72.1043450038541%
Minimum Degree: 10
T preprocessing time [s]: 3.457
I       iter             best          obj_old          obj_new        time              method info
I          1        873.56560     100070.00000        873.56560      0.2050                 con 
I          3        866.29260        873.56560        866.29260      0.2520        drrr_15+rroi 
I          4        846.30191        866.29260        846.30191      0.2670        drrr_15+rroi 
I          9        845.94967        846.30191        845.94967      0.3620        drrr_15+rroi 
I         10        845.74396        845.94967        845.74396      0.3620         drrr_15+rrg 
I         15        842.44944        845.74396        842.44944      0.4120        drrr_15+rrri 
I         18        835.47141        842.44944        835.47141      0.4720        drrr_15+rroi 
I         19        832.66586        835.47141        832.66586      0.4880        drrr_15+rroi 
I         20        830.00262        832.66586        830.00262      0.5350        drrr_15+rrri 
I         21        823.27325        830.00262        823.27325      0.5510        drrr_15+rrri 
I         22        820.71533        823.27325        820.71533      0.5510        drrr_15+rrri 
I         23        820.53877        820.71533        820.53877      0.5670        drrr_15+rroi 
I         26        817.77380        820.53877        817.77380      0.5820        drrr_15+rroi 
I         27        816.10785        817.77380        816.10785      0.5820        drrr_15+rroi 
I         28        808.46858        816.10785        808.46858      0.6120        drrr_15+rroi 
I         37        804.01559        808.46858        804.01559      0.6770        drrr_15+rroi 
I         45        803.91014        804.01559        803.91014      0.7080         drrr_15+rrg 
I         53        803.42242        803.91014        803.42242      0.7240        drrr_15+rroi 
I         55        802.28037        803.42242        802.28037      0.7400         drrr_15+rrg 
I         61        801.80924        802.28037        801.80924      0.7400        drrr_15+rroi 
I         62        800.91360        801.80924        800.91360      0.7550         drrr_15+rrg 
I         63        798.96383        800.91360        798.96383      0.7550        drrr_15+rroi 
I         65        790.56929        798.96383        790.56929      0.7710        drrr_15+rrri 
I         73        789.09202        790.56929        789.09202      0.7870         drrr_15+rrg 
I         82        787.91559        789.09202        787.91559      0.8180        drrr_15+rrri 
I         85        786.73662        787.91559        786.73662      0.8180         drrr_15+rrg 
I         89        784.09662        786.73662        784.09662      0.8340        drrr_15+rroi 
I         96        783.37549        784.09662        783.37549      0.8500         drrr_15+rrg 
I         98        777.96626        783.37549        777.96626      0.8500        drrr_15+rroi 
I        109        777.89664        777.96626        777.89664      0.8650         drrr_15+rrg 
I        133        777.75266        777.89664        777.75266      0.8810         drrr_15+rrg 
I        139        777.27018        777.75266        777.27018      0.8970        drrr_15+rrri 
I        143        771.29630        777.27018        771.29630      0.9130        drrr_15+rrri 
I        163        770.86268        771.29630        770.86268      0.9460        drrr_15+rroi 
I        192        770.76665        770.86268        770.76665      0.9760        drrr_15+rrri 
I        199        770.62267        770.76665        770.62267      0.9920        drrr_15+rrri 
I        208        768.98761        770.62267        768.98761      1.0130        drrr_15+rroi 
I        237        768.56029        768.98761        768.56029      1.0390        drrr_15+rroi 
I        255        768.51218        768.56029        768.51218      1.0700        drrr_15+rroi 
I        324        767.04224        768.51218        767.04224      1.1490         drrr_15+rrg 
I        371        766.09299        767.04224        766.09299      1.2590        drrr_15+rroi 
I        648        765.95982        766.09299        765.95982      1.5410        drrr_15+rrri 
I        810        764.37614        765.95982        764.37614      1.7150        drrr_15+rroi 
I       1061        763.86382        764.37614        763.86382      2.0160        drrr_15+rroi 
I       1784        763.25209        763.86382        763.25209      2.6580        drrr_15+rroi 
I       1940        763.02780        763.25209        763.02780      2.7830        drrr_15+rroi 
I       1961        761.94900        763.02780        761.94900      2.8150        drrr_15+rrri 
I       2002        761.80503        761.94900        761.80503      2.8780         drrr_15+rrg 
I       6327        759.30768        761.80503        759.30768      6.1640        drrr_15+rroi 
I       6378        756.52625        759.30768        756.52625      6.2110        drrr_15+rrri 
I       6677        755.38859        756.52625        755.38859      6.3990        drrr_15+rrri 
I       6838        753.89898        755.38859        753.89898      6.5050        drrr_15+rroi 
I      10434        753.69658        753.89898        753.69658      9.0630        drrr_15+rrri 
I      10449        750.73170        753.69658        750.73170      9.0710        drrr_15+rroi 
I      10460        750.58773        750.73170        750.58773      9.0790        drrr_15+rroi 
I      11718        748.65569        750.58773        748.65569      9.8960        drrr_15+rroi 
I      13748        747.89200        748.65569        747.89200     11.2970        drrr_15+rrri 
I      14321        746.91339        747.89200        746.91339     11.7210         drrr_15+rrg 
I      20815        746.63629        746.91339        746.63629     16.3100         drrr_15+rrg 
I      22478        746.42994        746.63629        746.42994     17.4410        drrr_15+rroi 
I      22484        744.75462        746.42994        744.75462     17.4410        drrr_15+rrri 
I      23418        743.91890        744.75462        743.91890     18.1480         drrr_15+rrg 
I      30000        743.91890        743.91890        772.41394     22.7100         drrr_15+rrg 

Method statistics
S  method    iter  succ  succ-rate%  tot-obj-gain  avg-obj-gain  rel-succ%  net-time  net-time%  brut-time  brut-time%
S  con          1     1   100.00000  -99196.43440  -99196.43440    0.81301   0.20500    0.90269    0.20500     0.90269
S  drrr_15  29999    61     0.20334    -129.64670      -0.00432   49.59350   0.75400    3.32012    0.75400     3.32012
S  rrg       9912    14     0.14124      -9.64517      -0.00097   11.38211  10.41900   45.87847   10.41900    45.87847
S  rroi     10100    30     0.29703     -80.71667      -0.00799   24.39024   5.24900   23.11316    5.24900    23.11316
S  rrri      9987    17     0.17022     -39.28486      -0.00393   13.82114   5.99500   26.39807    5.99500    26.39807
S  SUM/AVG  59999   123     0.20500  -99455.72780      -1.65762   20.00000  22.62200   99.61250   22.62200    99.61250

T best solution: EADARPSolution(t_routing=925.648, t_excess=198.732, obj_val=743.919, obj_val_valid=true,
    unserved_requests=Int64[], F_visited=[151, 149, 153, 148, 150, 152, 154], S_visited=Int64[],
    (1, ([141, 53, 49, 119, 123, 41, 26, 111, 96, 65, 18, 135, 88, 9, 79, 155, 148], [20.02023176207285], [16]))
    (2, ([142, 42, 112, 39, 51, 121, 109, 16, 60, 130, 86, 58, 128, 10, 80, 23, 93, 29, 99, 31, 101, 6, 76, 156, 48, 118, 149], [70.84158808478776], [24]))
    (3, ([143, 47, 117, 70, 140, 68, 138, 3, 54, 73, 43, 113, 124, 15, 85, 61, 131, 20, 90, 155, 150], [27.127902417582593], [20]))
    (4, ([144, 4, 67, 74, 137, 36, 106, 38, 56, 126, 108, 33, 28, 103, 98, 64, 30, 134, 100, 13, 21, 83, 91, 2, 72, 34, 104, 5, 1, 71, 75, 155, 151], [119.24218615898275], [32]))
    (5, ([145, 63, 133, 35, 40, 105, 110, 37, 107, 46, 116, 22, 14, 92, 84, 7, 77, 19, 89, 155, 152], [25.891968840641123], [20]))
    (6, ([146, 44, 114, 8, 78, 55, 125, 24, 94, 11, 81, 17, 57, 87, 127, 32, 102, 155, 153], [23.41528846197288], [18]))
    (7, ([147, 50, 120, 12, 82, 25, 95, 27, 97, 66, 136, 62, 45, 132, 115, 69, 139, 52, 122, 59, 129, 155, 154], [72.10858866600806], [22])))

T best obj: 743.918897266341
T best iteration: 23418
T total iterations: 30000
T best time [s]: 18.148
T total time [s]: 22.7100
