EADARP version ecec-dirty
ARGS: --ifile=EADARP/instances/random/r7-70-00000.txt  --gamma=0.7 --only_single_s_visits=false --odir=EADARP/solutions/random/r7-70-00000 --oname=run81
Settings:
--alns_gamma=0.025
--alns_segment_size=100
--alns_sigma1=10
--alns_sigma2=9
--alns_sigma3=3
--at_most_one_s=false
--gamma=0.7
--ifile=EADARP/instances/random/r7-70-00000.txt
--infeasible_arcs=EADARP/infeasible_arcs
--insert_charging_otf=true
--insert_cost_noise=0.014
--lns_init_temp_factor=0.0
--lns_temp_dec_factor=0.99
--log_all_sols_fname=
--mh_checkit=false
--mh_lfreq=0
--mh_lnewinc=true
--mh_tciter=-1
--mh_tctime=-1.0
--mh_titer=30000
--mh_tobj=-1.0
--mh_ttime=-1.0
--odir=EADARP/solutions/random/r7-70-00000
--ofile=
--oname=run81
--only_single_s_visits=false
--prepthreshold=0.1
--repair_max_routes=0
--route_based_ops=0
--seed=1556610840
--tightened_windows=EADARP/tightened_windows
--use_milp_in_otf=0
--xcheck_isfeasible=false

EADARPInstance(EADARP/instances/random/r7-70-00000.txt, n=70, n_K=7, S=[155, 156, 157], Q=14.85, n_F=7, γ=0.7, T_plan=720.0, F=[148, 149, 150, 151, 152, 153, 154])

Percentage of arcs removed: 72.1043450038541%
Minimum Degree: 10
T preprocessing time [s]: 4.325
I       iter             best          obj_old          obj_new        time              method info
I          1        856.12673     100070.00000        856.12673      0.1440                 con 
I          2        842.89294        856.12673        842.89294      0.1590        drrr_15+rroi 
I         11        840.88166        842.89294        840.88166      0.2540        drrr_15+rrri 
I         12        831.45934        840.88166        831.45934      0.2540        drrr_15+rrri 
I         13        817.29879        831.45934        817.29879      0.2690         drrr_15+rrg 
I         15        816.48593        817.29879        816.48593      0.2850        drrr_15+rrri 
I         17        807.52767        816.48593        807.52767      0.3000        drrr_15+rroi 
I         19        805.66312        807.52767        805.66312      0.3160        drrr_15+rroi 
I         21        801.34810        805.66312        801.34810      0.3320         drrr_15+rrg 
I         23        793.42433        801.34810        793.42433      0.3480        drrr_15+rrri 
I         27        789.13192        793.42433        789.13192      0.3790         drrr_15+rrg 
I         41        786.30653        789.13192        786.30653      0.4570        drrr_15+rroi 
I         54        781.38603        786.30653        781.38603      0.4890        drrr_15+rrri 
I        107        781.18005        781.38603        781.18005      0.5980        drrr_15+rrri 
I        124        775.64733        781.18005        775.64733      0.6150        drrr_15+rrri 
I        157        773.36866        775.64733        773.36866      0.6770         drrr_15+rrg 
I        272        769.92061        773.36866        769.92061      0.8030        drrr_15+rrri 
I        293        769.77663        769.92061        769.77663      0.8340        drrr_15+rroi 
I        309        768.90686        769.77663        768.90686      0.8650        drrr_15+rrri 
I        322        767.68592        768.90686        767.68592      0.8970        drrr_15+rrri 
I        332        766.73462        767.68592        766.73462      0.9120         drrr_15+rrg 
I        361        765.72241        766.73462        765.72241      1.0070         drrr_15+rrg 
I        362        762.93348        765.72241        762.93348      1.0070        drrr_15+rroi 
I        366        762.88536        762.93348        762.88536      1.0070        drrr_15+rroi 
I        394        762.74139        762.88536        762.74139      1.0380         drrr_15+rrg 
I        531        761.92392        762.74139        761.92392      1.2110        drrr_15+rrri 
I        562        761.57458        761.92392        761.57458      1.2420         drrr_15+rrg 
I        984        761.40711        761.57458        761.40711      1.7130         drrr_15+rrg 
I        985        760.45416        761.40711        760.45416      1.7130        drrr_15+rrri 
I       1002        760.02627        760.45416        760.02627      1.7290        drrr_15+rrri 
I       1015        759.26632        760.02627        759.26632      1.7450        drrr_15+rrri 
I       1016        758.91697        759.26632        758.91697      1.7450        drrr_15+rroi 
I       1061        758.09038        758.91697        758.09038      1.7920        drrr_15+rroi 
I       1067        757.94641        758.09038        757.94641      1.7920        drrr_15+rrri 
I       1074        757.85022        757.94641        757.85022      1.7920         drrr_15+rrg 
I       1084        757.80211        757.85022        757.80211      1.8070        drrr_15+rrri 
I       1117        757.42054        757.80211        757.42054      1.8540        drrr_15+rrri 
I       1343        756.15117        757.42054        756.15117      2.0270        drrr_15+rroi 
I       1511        755.53002        756.15117        755.53002      2.1840         drrr_15+rrg 
I       1539        754.17592        755.53002        754.17592      2.2310        drrr_15+rroi 
I       1639        753.94962        754.17592        753.94962      2.3570        drrr_15+rrri 
I       1956        752.67666        753.94962        752.67666      2.6240         drrr_15+rrg 
I       2194        751.22194        752.67666        751.22194      2.8440        drrr_15+rroi 
I       2264        750.59284        751.22194        750.59284      2.9230        drrr_15+rroi 
I       8870        749.65436        750.59284        749.65436      8.8640        drrr_15+rrri 
I      30000        749.65436        749.65436        753.11057     24.6040         drrr_15+rrg 

Method statistics
S  method    iter  succ  succ-rate%  tot-obj-gain  avg-obj-gain  rel-succ%  net-time  net-time%  brut-time  brut-time%
S  con          1     1   100.00000  -99213.87327  -99213.87327    1.12360   0.14400    0.58527    0.14400     0.58527
S  drrr_15  29999    44     0.14667    -106.47237      -0.00355   49.43820   0.65600    2.66623    0.65600     2.66623
S  rrg       9954    12     0.12055     -29.66124      -0.00298   13.48315  11.28200   45.85433   11.28200    45.85433
S  rroi      9952    13     0.13063     -35.74625      -0.00359   14.60674   5.32200   21.63063    5.32200    21.63063
S  rrri     10093    19     0.18825     -41.06488      -0.00407   21.34831   7.00000   28.45066    7.00000    28.45066
S  SUM/AVG  59999    89     0.14834  -99426.81801      -1.65714   20.00000  24.40400   99.18712   24.40400    99.18712

T best solution: EADARPSolution(t_routing=928.452, t_excess=213.26, obj_val=749.654, obj_val_valid=true,
    unserved_requests=Int64[], F_visited=[152, 148, 150, 151, 154, 149, 153], S_visited=Int64[],
    (1, ([141, 44, 114, 8, 78, 55, 125, 24, 94, 33, 28, 103, 98, 64, 30, 134, 100, 6, 76, 14, 84, 7, 77, 155, 148], [56.24242512046319], [24]))
    (2, ([142, 42, 112, 39, 51, 121, 109, 62, 132, 15, 85, 17, 57, 87, 127, 52, 122, 59, 129, 155, 149], [41.60473691762715], [20]))
    (3, ([143, 67, 137, 47, 117, 16, 60, 130, 86, 58, 66, 128, 136, 56, 126, 46, 116, 155, 22, 92, 65, 18, 135, 88, 9, 79, 150], [76.04640471360796], [18]))
    (4, ([144, 12, 82, 45, 29, 115, 99, 31, 101, 13, 21, 91, 83, 20, 90, 151], Float64[], Int64[]))
    (5, ([145, 50, 120, 25, 95, 70, 140, 68, 27, 97, 138, 3, 54, 73, 43, 113, 124, 38, 108, 53, 49, 119, 123, 41, 26, 111, 96, 61, 131, 155, 152], [114.12074629625405], [30]))
    (6, ([146, 4, 74, 36, 106, 69, 37, 107, 139, 11, 81, 48, 118, 19, 89, 155, 153], [27.106910131469192], [16]))
    (7, ([147, 63, 133, 35, 40, 105, 110, 10, 80, 23, 93, 2, 72, 34, 104, 5, 1, 71, 75, 32, 102, 155, 154], [56.53512107786661], [22])))

T best obj: 749.6543587490913
T best iteration: 8870
T total iterations: 30000
T best time [s]: 8.864
T total time [s]: 24.6040
