EADARP version ecec-dirty
ARGS: --ifile=EADARP/instances/random/r7-70-00000.txt  --gamma=0.7 --only_single_s_visits=false --odir=EADARP/solutions/random/r7-70-00000 --oname=run82
Settings:
--alns_gamma=0.025
--alns_segment_size=100
--alns_sigma1=10
--alns_sigma2=9
--alns_sigma3=3
--at_most_one_s=false
--gamma=0.7
--ifile=EADARP/instances/random/r7-70-00000.txt
--infeasible_arcs=EADARP/infeasible_arcs
--insert_charging_otf=true
--insert_cost_noise=0.014
--lns_init_temp_factor=0.0
--lns_temp_dec_factor=0.99
--log_all_sols_fname=
--mh_checkit=false
--mh_lfreq=0
--mh_lnewinc=true
--mh_tciter=-1
--mh_tctime=-1.0
--mh_titer=30000
--mh_tobj=-1.0
--mh_ttime=-1.0
--odir=EADARP/solutions/random/r7-70-00000
--ofile=
--oname=run82
--only_single_s_visits=false
--prepthreshold=0.1
--repair_max_routes=0
--route_based_ops=0
--seed=1063412389
--tightened_windows=EADARP/tightened_windows
--use_milp_in_otf=0
--xcheck_isfeasible=false

EADARPInstance(EADARP/instances/random/r7-70-00000.txt, n=70, n_K=7, S=[155, 156, 157], Q=14.85, n_F=7, γ=0.7, T_plan=720.0, F=[148, 149, 150, 151, 152, 153, 154])

Percentage of arcs removed: 72.1043450038541%
Minimum Degree: 10
T preprocessing time [s]: 3.419
I       iter             best          obj_old          obj_new        time              method info
I          1        841.32298     100070.00000        841.32298      0.1880                 con 
I          4        839.05638        841.32298        839.05638      0.2350         drrr_15+rrg 
I          6        834.20328        839.05638        834.20328      0.2670        drrr_15+rroi 
I         15        832.96540        834.20328        832.96540      0.3610        drrr_15+rroi 
I         17        825.85200        832.96540        825.85200      0.3760        drrr_15+rrri 
I         27        825.38614        825.85200        825.38614      0.4230        drrr_15+rrri 
I         30        814.87570        825.38614        814.87570      0.4390        drrr_15+rrri 
I         32        813.00447        814.87570        813.00447      0.4390         drrr_15+rrg 
I         36        805.64671        813.00447        805.64671      0.4700        drrr_15+rrri 
I         47        799.47951        805.64671        799.47951      0.5170         drrr_15+rrg 
I         48        798.61093        799.47951        798.61093      0.5170        drrr_15+rrri 
I         51        796.93037        798.61093        796.93037      0.5330        drrr_15+rrri 
I         58        794.92558        796.93037        794.92558      0.5800        drrr_15+rrri 
I         61        793.32550        794.92558        793.32550      0.6120         drrr_15+rrg 
I         82        787.38911        793.32550        787.38911      0.7370        drrr_15+rrri 
I         95        781.44144        787.38911        781.44144      0.7690        drrr_15+rrri 
I        116        776.30350        781.44144        776.30350      0.8310         drrr_15+rrg 
I        117        776.09328        776.30350        776.09328      0.8310         drrr_15+rrg 
I        122        775.14673        776.09328        775.14673      0.8630         drrr_15+rrg 
I        124        774.26270        775.14673        774.26270      0.8940        drrr_15+rrri 
I        126        770.53639        774.26270        770.53639      0.8940        drrr_15+rroi 
I        150        768.79699        770.53639        768.79699      0.9740        drrr_15+rrri 
I        163        764.21283        768.79699        764.21283      0.9900         drrr_15+rrg 
I        642        763.50802        764.21283        763.50802      1.6170        drrr_15+rroi 
I        663        763.36404        763.50802        763.36404      1.6480        drrr_15+rroi 
I       1326        762.38889        763.36404        762.38889      2.4340         drrr_15+rrg 
I       1337        761.76529        762.38889        761.76529      2.4500        drrr_15+rroi 
I       1422        760.60990        761.76529        760.60990      2.5440        drrr_15+rroi 
I       1484        760.46696        760.60990        760.46696      2.6380        drrr_15+rroi 
I       1526        760.32299        760.46696        760.32299      2.6690        drrr_15+rroi 
I       3723        760.29207        760.32299        760.29207      4.5900        drrr_15+rroi 
I       6798        760.08617        760.29207        760.08617      7.1520        drrr_15+rroi 
I       6827        759.72465        760.08617        759.72465      7.1810         drrr_15+rrg 
I       6862        759.60966        759.72465        759.60966      7.1990        drrr_15+rrri 
I       6910        759.31268        759.60966        759.31268      7.2460        drrr_15+rrri 
I       6921        759.16870        759.31268        759.16870      7.2460        drrr_15+rroi 
I      12150        759.02898        759.16870        759.02898     11.3460        drrr_15+rroi 
I      12194        757.93665        759.02898        757.93665     11.3620        drrr_15+rrri 
I      12206        757.91398        757.93665        757.91398     11.3620        drrr_15+rroi 
I      12211        757.77000        757.91398        757.77000     11.3770         drrr_15+rrg 
I      12838        757.48253        757.77000        757.48253     11.8320        drrr_15+rrri 
I      12924        757.23923        757.48253        757.23923     11.8970        drrr_15+rrri 
I      13053        755.57821        757.23923        755.57821     11.9970        drrr_15+rrri 
I      13260        754.73781        755.57821        754.73781     12.2250        drrr_15+rrri 
I      15017        754.15194        754.73781        754.15194     13.7030         drrr_15+rrg 
I      30000        754.15194        754.15194        754.15194     25.6640        drrr_15+rrri 

Method statistics
S  method    iter  succ  succ-rate%  tot-obj-gain  avg-obj-gain  rel-succ%  net-time  net-time%  brut-time  brut-time%
S  con          1     1   100.00000  -99228.67702  -99228.67702    1.12360   0.18800    0.73254    0.18800     0.73254
S  drrr_15  29999    44     0.14667     -87.17103      -0.00291   49.43820   0.69400    2.70418    0.69400     2.70418
S  rrg       9909    12     0.12110     -24.85049      -0.00251   13.48315  11.94000   46.52430   11.94000    46.52430
S  rroi     10037    14     0.13948     -13.27515      -0.00132   15.73034   5.60900   21.85552    5.60900    21.85552
S  rrri     10053    18     0.17905     -49.04539      -0.00488   20.22472   7.03100   27.39636    7.03100    27.39636
S  SUM/AVG  59999    89     0.14834  -99403.01909      -1.65674   20.00000  25.46200   99.21290   25.46200    99.21290

T best solution: EADARPSolution(t_routing=948.637, t_excess=170.696, obj_val=754.152, obj_val_valid=true,
    unserved_requests=Int64[], F_visited=[154, 151, 153, 149, 152, 148, 150], S_visited=Int64[],
    (1, ([141, 44, 114, 8, 78, 55, 125, 24, 94, 33, 103, 157, 21, 91, 2, 72, 34, 104, 5, 1, 71, 75, 7, 77, 19, 89, 155, 148], [75.19098355337486, 8.684840223926184], [12, 27]))
    (2, ([142, 67, 137, 47, 117, 16, 70, 86, 58, 140, 128, 54, 124, 15, 85, 48, 118, 155, 149], [19.36878258915119], [18]))
    (3, ([143, 63, 133, 35, 105, 68, 138, 27, 97, 66, 136, 56, 126, 46, 116, 57, 127, 32, 102, 155, 150], [35.93813640137756], [20]))
    (4, ([144, 4, 74, 62, 45, 132, 115, 69, 28, 139, 98, 64, 30, 134, 100, 6, 76, 22, 14, 92, 84, 20, 90, 155, 151], [42.439541014729315], [24]))
    (5, ([145, 50, 120, 12, 82, 25, 95, 3, 73, 43, 38, 113, 108, 11, 81, 17, 13, 83, 87, 52, 122, 59, 129, 155, 152], [76.29528557564389], [24]))
    (6, ([146, 42, 112, 39, 51, 121, 109, 36, 106, 10, 80, 23, 93, 29, 99, 53, 49, 119, 123, 41, 26, 111, 96, 61, 131, 155, 153], [109.03858283792802], [26]))
    (7, ([147, 40, 60, 130, 110, 37, 107, 31, 101, 65, 18, 135, 88, 9, 79, 155, 154], [14.681095451712038], [16])))

T best obj: 754.1519431402446
T best iteration: 15017
T total iterations: 30000
T best time [s]: 13.703
T total time [s]: 25.6640
