EADARP version ecec-dirty
ARGS: --ifile=EADARP/instances/random/r7-70-00000.txt  --gamma=0.7 --only_single_s_visits=false --odir=EADARP/solutions/random/r7-70-00000 --oname=run89
Settings:
--alns_gamma=0.025
--alns_segment_size=100
--alns_sigma1=10
--alns_sigma2=9
--alns_sigma3=3
--at_most_one_s=false
--gamma=0.7
--ifile=EADARP/instances/random/r7-70-00000.txt
--infeasible_arcs=EADARP/infeasible_arcs
--insert_charging_otf=true
--insert_cost_noise=0.014
--lns_init_temp_factor=0.0
--lns_temp_dec_factor=0.99
--log_all_sols_fname=
--mh_checkit=false
--mh_lfreq=0
--mh_lnewinc=true
--mh_tciter=-1
--mh_tctime=-1.0
--mh_titer=30000
--mh_tobj=-1.0
--mh_ttime=-1.0
--odir=EADARP/solutions/random/r7-70-00000
--ofile=
--oname=run89
--only_single_s_visits=false
--prepthreshold=0.1
--repair_max_routes=0
--route_based_ops=0
--seed=826568785
--tightened_windows=EADARP/tightened_windows
--use_milp_in_otf=0
--xcheck_isfeasible=false

EADARPInstance(EADARP/instances/random/r7-70-00000.txt, n=70, n_K=7, S=[155, 156, 157], Q=14.85, n_F=7, γ=0.7, T_plan=720.0, F=[148, 149, 150, 151, 152, 153, 154])

Percentage of arcs removed: 72.1043450038541%
Minimum Degree: 10
T preprocessing time [s]: 3.359
I       iter             best          obj_old          obj_new        time              method info
I          1        832.52672     100070.00000        832.52672      0.1730                 con 
I          4        830.66886        832.52672        830.66886      0.2200        drrr_15+rrri 
I          8        820.67706        830.66886        820.67706      0.2830        drrr_15+rrri 
I         22        818.20831        820.67706        818.20831      0.3930         drrr_15+rrg 
I         25        814.03671        818.20831        814.03671      0.4090        drrr_15+rroi 
I         27        807.48410        814.03671        807.48410      0.4090         drrr_15+rrg 
I         30        803.23386        807.48410        803.23386      0.4400        drrr_15+rrri 
I         39        803.14224        803.23386        803.14224      0.4710         drrr_15+rrg 
I         40        799.19965        803.14224        799.19965      0.4870         drrr_15+rrg 
I         41        794.90403        799.19965        794.90403      0.4870        drrr_15+rroi 
I         45        788.40083        794.90403        788.40083      0.5030         drrr_15+rrg 
I         55        788.35272        788.40083        788.35272      0.5500         drrr_15+rrg 
I         63        787.72912        788.35272        787.72912      0.6270         drrr_15+rrg 
I         66        786.39823        787.72912        786.39823      0.6270        drrr_15+rrri 
I         73        782.81201        786.39823        782.81201      0.6740        drrr_15+rrri 
I         96        777.69343        782.81201        777.69343      0.7370        drrr_15+rroi 
I        108        777.50326        777.69343        777.50326      0.7690         drrr_15+rrg 
I        124        776.07385        777.50326        776.07385      0.8310        drrr_15+rroi 
I        128        772.98061        776.07385        772.98061      0.8310        drrr_15+rroi 
I        164        770.90877        772.98061        770.90877      0.9100         drrr_15+rrg 
I        170        766.64491        770.90877        766.64491      0.9250        drrr_15+rroi 
I        172        764.46014        766.64491        764.46014      0.9410        drrr_15+rroi 
I        173        761.09464        764.46014        761.09464      0.9410        drrr_15+rrri 
I        179        758.87052        761.09464        758.87052      0.9660         drrr_15+rrg 
I        181        757.75882        758.87052        757.75882      0.9720        drrr_15+rroi 
I        187        756.75962        757.75882        756.75962      0.9720         drrr_15+rrg 
I        189        756.71151        756.75962        756.71151      0.9880         drrr_15+rrg 
I        694        752.78877        756.71151        752.78877      1.6160         drrr_15+rrg 
I       1723        752.01991        752.78877        752.01991      2.6970        drrr_15+rroi 
I       1745        751.78111        752.01991        751.78111      2.7290        drrr_15+rrri 
I       1770        751.73299        751.78111        751.73299      2.7440         drrr_15+rrg 
I       3450        751.24046        751.73299        751.24046      4.2520        drrr_15+rrri 
I       3451        751.01383        751.24046        751.01383      4.2520         drrr_15+rrg 
I       3466        750.82871        751.01383        750.82871      4.2680         drrr_15+rrg 
I       3514        750.43450        750.82871        750.43450      4.2990        drrr_15+rrri 
I      30000        750.43450        750.43450        751.69847     23.6940         drrr_15+rrg 

Method statistics
S  method    iter  succ  succ-rate%  tot-obj-gain  avg-obj-gain  rel-succ%  net-time  net-time%  brut-time  brut-time%
S  con          1     1   100.00000  -99237.47328  -99237.47328    1.44928   0.17300    0.73014    0.17300     0.73014
S  drrr_15  29999    34     0.11334     -82.09222      -0.00274   49.27536   0.66600    2.81084    0.66600     2.81084
S  rrg       9948    16     0.16084     -30.14653      -0.00303   23.18841  11.63900   49.12213   11.63900    49.12213
S  rroi      9918     9     0.09074     -26.43763      -0.00267   13.04348   4.92100   20.76897    4.92100    20.76897
S  rrri     10133     9     0.08882     -25.50806      -0.00252   13.04348   6.07900   25.65629    6.07900    25.65629
S  SUM/AVG  59999    69     0.11500  -99401.65772      -1.65672   20.00000  23.47800   99.08838   23.47800    99.08838

T best solution: EADARPSolution(t_routing=931.825, t_excess=206.262, obj_val=750.435, obj_val_valid=true,
    unserved_requests=Int64[], F_visited=[151, 149, 154, 148, 152, 150, 153], S_visited=Int64[],
    (1, ([141, 63, 133, 35, 40, 105, 110, 68, 138, 27, 97, 3, 54, 73, 43, 113, 124, 15, 85, 156, 22, 92, 65, 18, 135, 88, 19, 89, 155, 148], [127.26211759850463, 2.477011914807179], [20, 29]))
    (2, ([142, 4, 74, 33, 28, 103, 98, 2, 72, 34, 104, 5, 1, 71, 75, 32, 102, 155, 149], [30.03887906509361], [18]))
    (3, ([143, 50, 120, 25, 95, 70, 140, 10, 80, 23, 93, 29, 99, 46, 116, 64, 30, 134, 100, 6, 76, 14, 84, 7, 77, 155, 150], [69.64652734436166], [26]))
    (4, ([144, 44, 114, 8, 78, 55, 125, 24, 94, 11, 81, 48, 118, 9, 79, 155, 151], [8.472896946599723], [16]))
    (5, ([145, 67, 137, 47, 117, 16, 60, 130, 86, 58, 66, 128, 136, 62, 45, 132, 115, 69, 37, 107, 139, 53, 49, 119, 123, 41, 26, 111, 96, 61, 131, 155, 152], [107.46698873535435], [32]))
    (6, ([146, 12, 82, 36, 106, 38, 56, 126, 108, 31, 101, 13, 21, 91, 83, 20, 90, 155, 153], [8.744376809168228], [18]))
    (7, ([147, 42, 112, 39, 51, 121, 109, 17, 57, 87, 127, 52, 122, 59, 129, 155, 154], [10.716616296286025], [16])))

T best obj: 750.4345023496647
T best iteration: 3514
T total iterations: 30000
T best time [s]: 4.299
T total time [s]: 23.6940
