EADARP version ecec-dirty
ARGS: --ifile=EADARP/instances/random/r7-70-00000.txt  --gamma=0.7 --only_single_s_visits=false --odir=EADARP/solutions/random/r7-70-00000 --oname=run80
Settings:
--alns_gamma=0.025
--alns_segment_size=100
--alns_sigma1=10
--alns_sigma2=9
--alns_sigma3=3
--at_most_one_s=false
--gamma=0.7
--ifile=EADARP/instances/random/r7-70-00000.txt
--infeasible_arcs=EADARP/infeasible_arcs
--insert_charging_otf=true
--insert_cost_noise=0.014
--lns_init_temp_factor=0.0
--lns_temp_dec_factor=0.99
--log_all_sols_fname=
--mh_checkit=false
--mh_lfreq=0
--mh_lnewinc=true
--mh_tciter=-1
--mh_tctime=-1.0
--mh_titer=30000
--mh_tobj=-1.0
--mh_ttime=-1.0
--odir=EADARP/solutions/random/r7-70-00000
--ofile=
--oname=run80
--only_single_s_visits=false
--prepthreshold=0.1
--repair_max_routes=0
--route_based_ops=0
--seed=1658017471
--tightened_windows=EADARP/tightened_windows
--use_milp_in_otf=0
--xcheck_isfeasible=false

EADARPInstance(EADARP/instances/random/r7-70-00000.txt, n=70, n_K=7, S=[155, 156, 157], Q=14.85, n_F=7, γ=0.7, T_plan=720.0, F=[148, 149, 150, 151, 152, 153, 154])

Percentage of arcs removed: 72.1043450038541%
Minimum Degree: 10
T preprocessing time [s]: 3.43
I       iter             best          obj_old          obj_new        time              method info
I          1        901.83323     100070.00000        901.83323      0.1570                 con 
I          3        881.91200        901.83323        881.91200      0.2040        drrr_15+rroi 
I          4        873.49306        881.91200        873.49306      0.2290        drrr_15+rroi 
I          5        859.31858        873.49306        859.31858      0.2360        drrr_15+rrri 
I          6        833.97973        859.31858        833.97973      0.2510        drrr_15+rrri 
I         11        822.83687        833.97973        822.83687      0.3290         drrr_15+rrg 
I         20        821.60940        822.83687        821.60940      0.4070         drrr_15+rrg 
I         32        820.80495        821.60940        820.80495      0.4700         drrr_15+rrg 
I         34        813.20625        820.80495        813.20625      0.4860        drrr_15+rrri 
I         37        808.20447        813.20625        808.20447      0.5330        drrr_15+rrri 
I         39        806.57594        808.20447        806.57594      0.5480         drrr_15+rrg 
I         40        806.19896        806.57594        806.19896      0.6270        drrr_15+rroi 
I         42        804.34618        806.19896        804.34618      0.6360         drrr_15+rrg 
I         44        802.18818        804.34618        802.18818      0.6440         drrr_15+rrg 
I         45        796.74310        802.18818        796.74310      0.6590        drrr_15+rroi 
I         50        795.11524        796.74310        795.11524      0.7060        drrr_15+rrri 
I         51        794.49923        795.11524        794.49923      0.7060        drrr_15+rroi 
I         53        793.25657        794.49923        793.25657      0.7060        drrr_15+rrri 
I         63        793.20907        793.25657        793.20907      0.7530        drrr_15+rroi 
I         65        792.10870        793.20907        792.10870      0.7690        drrr_15+rroi 
I         87        791.50268        792.10870        791.50268      0.8470        drrr_15+rroi 
I         93        790.51203        791.50268        790.51203      0.8470         drrr_15+rrg 
I         94        786.96753        790.51203        786.96753      0.8470        drrr_15+rrri 
I         97        785.44898        786.96753        785.44898      0.8780        drrr_15+rroi 
I        107        785.04224        785.44898        785.04224      0.9570        drrr_15+rrri 
I        115        782.37112        785.04224        782.37112      1.0030         drrr_15+rrg 
I        209        781.30188        782.37112        781.30188      1.1770        drrr_15+rrri 
I        211        780.56728        781.30188        780.56728      1.1770        drrr_15+rroi 
I        275        779.17350        780.56728        779.17350      1.2390         drrr_15+rrg 
I        277        778.66457        779.17350        778.66457      1.2390         drrr_15+rrg 
I        283        778.52060        778.66457        778.52060      1.2550        drrr_15+rrri 
I        381        777.39503        778.52060        777.39503      1.3800        drrr_15+rroi 
I        516        770.82398        777.39503        770.82398      1.6150        drrr_15+rroi 
I        562        766.66712        770.82398        766.66712      1.7100         drrr_15+rrg 
I        576        766.52314        766.66712        766.52314      1.7880        drrr_15+rroi 
I        603        764.96336        766.52314        764.96336      1.8360        drrr_15+rrri 
I        610        763.28804        764.96336        763.28804      1.8520         drrr_15+rrg 
I       1180        760.95523        763.28804        760.95523      2.5130         drrr_15+rrg 
I       1298        760.83285        760.95523        760.83285      2.6870        drrr_15+rrri 
I       3783        760.79908        760.83285        760.79908      5.0000         drrr_15+rrg 
I      27085        760.26244        760.79908        760.26244     23.3080        drrr_15+rroi 
I      27089        760.05135        760.26244        760.05135     23.3080        drrr_15+rroi 
I      27099        758.64604        760.05135        758.64604     23.3230         drrr_15+rrg 
I      27110        758.04805        758.64604        758.04805     23.3390        drrr_15+rrri 
I      27139        756.85904        758.04805        756.85904     23.3550        drrr_15+rrri 
I      27157        756.80696        756.85904        756.80696     23.3700         drrr_15+rrg 
I      27205        754.32468        756.80696        754.32468     23.4350         drrr_15+rrg 
I      27210        753.63161        754.32468        753.63161     23.4350         drrr_15+rrg 
I      27232        752.89558        753.63161        752.89558     23.4500        drrr_15+rroi 
I      27244        752.82953        752.89558        752.82953     23.4660        drrr_15+rrri 
I      27251        750.83632        752.82953        750.83632     23.4660         drrr_15+rrg 
I      27255        746.27665        750.83632        746.27665     23.4810        drrr_15+rrri 
I      30000        746.27665        746.27665        760.94965     25.4750        drrr_15+rrri 

Method statistics
S  method    iter  succ  succ-rate%  tot-obj-gain  avg-obj-gain  rel-succ%  net-time  net-time%  brut-time  brut-time%
S  con          1     1   100.00000  -99168.16677  -99168.16677    0.97087   0.15700    0.61629    0.15700     0.61629
S  drrr_15  29999    51     0.17001    -155.55658      -0.00519   49.51456   0.80400    3.15603    0.80400     3.15603
S  rrg      10021    19     0.18960     -39.20328      -0.00391   18.44660  12.29900   48.27872   12.29900    48.27872
S  rroi     10092    16     0.15854     -48.10967      -0.00477   15.53398   5.85500   22.98330    5.85500    22.98330
S  rrri      9886    16     0.16185     -68.24363      -0.00690   15.53398   6.07000   23.82729    6.07000    23.82729
S  SUM/AVG  59999   103     0.17167  -99479.27993      -1.65802   20.00000  25.18500   98.86163   25.18500    98.86163

T best solution: EADARPSolution(t_routing=945.523, t_excess=148.539, obj_val=746.277, obj_val_valid=true,
    unserved_requests=Int64[], F_visited=[149, 154, 148, 152, 150, 151, 153], S_visited=Int64[],
    (1, ([141, 47, 117, 16, 86, 58, 128, 10, 80, 23, 93, 29, 99, 15, 85, 17, 57, 87, 127, 52, 122, 59, 129, 155, 148], [68.03931971718204], [24]))
    (2, ([142, 12, 82, 25, 95, 3, 54, 73, 43, 113, 124, 28, 98, 2, 72, 34, 104, 5, 1, 71, 75, 32, 102, 155, 149], [61.623698495917026], [24]))
    (3, ([143, 63, 133, 35, 105, 68, 138, 27, 97, 66, 136, 156, 62, 45, 132, 115, 37, 107, 31, 101, 13, 21, 91, 83, 155, 22, 92, 65, 18, 135, 88, 19, 89, 155, 150], [38.42660502930281, 102.2720637588634, 2.990382323123406], [12, 25, 34]))
    (4, ([144, 50, 120, 70, 140, 56, 126, 46, 116, 151], Float64[], Int64[]))
    (5, ([145, 4, 67, 74, 137, 24, 94, 33, 103, 64, 30, 134, 100, 6, 76, 14, 84, 7, 77, 20, 90, 155, 152], [23.28666880230395], [22]))
    (6, ([146, 42, 112, 39, 51, 121, 109, 36, 106, 69, 139, 53, 49, 119, 123, 41, 26, 111, 96, 61, 131, 155, 153], [73.72542814413865], [22]))
    (7, ([147, 44, 114, 8, 78, 55, 125, 40, 60, 130, 110, 38, 108, 156, 11, 81, 48, 118, 9, 79, 154], [40.74034659447284], [14])))

T best obj: 746.2766509423841
T best iteration: 27255
T total iterations: 30000
T best time [s]: 23.481
T total time [s]: 25.4750
