EADARP version ecec-dirty
ARGS: --ifile=EADARP/instances/random/r7-70-00000.txt  --gamma=0.7 --only_single_s_visits=false --odir=EADARP/solutions/random/r7-70-00000 --oname=run98
Settings:
--alns_gamma=0.025
--alns_segment_size=100
--alns_sigma1=10
--alns_sigma2=9
--alns_sigma3=3
--at_most_one_s=false
--gamma=0.7
--ifile=EADARP/instances/random/r7-70-00000.txt
--infeasible_arcs=EADARP/infeasible_arcs
--insert_charging_otf=true
--insert_cost_noise=0.014
--lns_init_temp_factor=0.0
--lns_temp_dec_factor=0.99
--log_all_sols_fname=
--mh_checkit=false
--mh_lfreq=0
--mh_lnewinc=true
--mh_tciter=-1
--mh_tctime=-1.0
--mh_titer=30000
--mh_tobj=-1.0
--mh_ttime=-1.0
--odir=EADARP/solutions/random/r7-70-00000
--ofile=
--oname=run98
--only_single_s_visits=false
--prepthreshold=0.1
--repair_max_routes=0
--route_based_ops=0
--seed=752483728
--tightened_windows=EADARP/tightened_windows
--use_milp_in_otf=0
--xcheck_isfeasible=false

EADARPInstance(EADARP/instances/random/r7-70-00000.txt, n=70, n_K=7, S=[155, 156, 157], Q=14.85, n_F=7, γ=0.7, T_plan=720.0, F=[148, 149, 150, 151, 152, 153, 154])

Percentage of arcs removed: 72.1043450038541%
Minimum Degree: 10
T preprocessing time [s]: 3.285
I       iter             best          obj_old          obj_new        time              method info
I          1        843.81892     100070.00000        843.81892      0.2540                 con 
I          3        840.38752        843.81892        840.38752      0.2910         drrr_15+rrg 
I          4        836.06065        840.38752        836.06065      0.3000        drrr_15+rroi 
I          5        833.56338        836.06065        833.56338      0.3180         drrr_15+rrg 
I          6        830.96173        833.56338        830.96173      0.3270        drrr_15+rrri 
I          8        829.04967        830.96173        829.04967      0.3720         drrr_15+rrg 
I         10        820.49820        829.04967        820.49820      0.3900        drrr_15+rrri 
I         11        817.06805        820.49820        817.06805      0.4080        drrr_15+rrri 
I         16        814.54313        817.06805        814.54313      0.4540        drrr_15+rrri 
I         25        806.52163        814.54313        806.52163      0.5170         drrr_15+rrg 
I         26        801.43222        806.52163        801.43222      0.5350        drrr_15+rrri 
I         31        797.98403        801.43222        797.98403      0.5530        drrr_15+rroi 
I         33        796.42228        797.98403        796.42228      0.5710        drrr_15+rroi 
I         36        787.67223        796.42228        787.67223      0.6250        drrr_15+rrri 
I         37        785.34729        787.67223        785.34729      0.6250        drrr_15+rroi 
I         39        779.04595        785.34729        779.04595      0.6430         drrr_15+rrg 
I         43        771.66196        779.04595        771.66196      0.6700        drrr_15+rrri 
I         48        768.95159        771.66196        768.95159      0.7060        drrr_15+rrri 
I         49        766.08019        768.95159        766.08019      0.7150        drrr_15+rroi 
I         61        764.33824        766.08019        764.33824      0.7880         drrr_15+rrg 
I         63        762.78820        764.33824        762.78820      0.7880        drrr_15+rroi 
I         88        762.74948        762.78820        762.74948      0.8510        drrr_15+rroi 
I        100        762.37109        762.74948        762.37109      0.8780         drrr_15+rrg 
I        156        762.23376        762.37109        762.23376      0.9410        drrr_15+rroi 
I        161        761.86634        762.23376        761.86634      0.9440        drrr_15+rroi 
I        165        761.74664        761.86634        761.74664      0.9600        drrr_15+rroi 
I        172        761.53802        761.74664        761.53802      0.9690        drrr_15+rrri 
I        213        759.24664        761.53802        759.24664      1.0320         drrr_15+rrg 
I        224        757.47836        759.24664        757.47836      1.0440        drrr_15+rroi 
I        247        757.07508        757.47836        757.07508      1.0870        drrr_15+rroi 
I        259        756.41745        757.07508        756.41745      1.1050        drrr_15+rrri 
I        280        756.19537        756.41745        756.19537      1.1500        drrr_15+rroi 
I        302        756.05139        756.19537        756.05139      1.1860        drrr_15+rroi 
I        323        754.85530        756.05139        754.85530      1.2130        drrr_15+rroi 
I        377        754.00988        754.85530        754.00988      1.3130        drrr_15+rroi 
I        392        753.52740        754.00988        753.52740      1.4030         drrr_15+rrg 
I        983        753.44865        753.52740        753.44865      2.0080         drrr_15+rrg 
I        995        748.55996        753.44865        748.55996      2.0260        drrr_15+rroi 
I       1015        748.34887        748.55996        748.34887      2.0630        drrr_15+rroi 
I       1046        747.59298        748.34887        747.59298      2.0810         drrr_15+rrg 
I      12732        747.45967        747.59298        747.45967     11.4380        drrr_15+rroi 
I      12765        746.69137        747.45967        746.69137     11.4620        drrr_15+rrri 
I      30000        746.69137        746.69137        768.09330     24.0240        drrr_15+rrri 

Method statistics
S  method    iter  succ  succ-rate%  tot-obj-gain  avg-obj-gain  rel-succ%  net-time  net-time%  brut-time  brut-time%
S  con          1     1   100.00000  -99226.18108  -99226.18108    1.20482   0.25400    1.05728    0.25400     1.05728
S  drrr_15  29999    41     0.13667     -97.12755      -0.00324   49.39759   0.74200    3.08858    0.74200     3.08858
S  rrg      10135    11     0.10853     -27.89242      -0.00275   13.25301  11.52400   47.96869   11.52400    47.96869
S  rroi      9976    19     0.19046     -26.55857      -0.00266   22.89157   5.29900   22.05709    5.29900    22.05709
S  rrri      9888    11     0.11125     -42.67656      -0.00432   13.25301   6.08800   25.34134    6.08800    25.34134
S  SUM/AVG  59999    83     0.13834  -99420.43618      -1.65703   20.00000  23.90700   99.51299   23.90700    99.51299

T best solution: EADARPSolution(t_routing=932.139, t_excess=190.349, obj_val=746.691, obj_val_valid=true,
    unserved_requests=Int64[], F_visited=[150, 154, 148, 151, 153, 152, 149], S_visited=Int64[],
    (1, ([141, 63, 133, 35, 105, 68, 138, 27, 97, 66, 136, 62, 45, 132, 115, 69, 15, 139, 85, 61, 131, 155, 148], [75.27767049507541], [22]))
    (2, ([142, 47, 117, 16, 70, 86, 58, 140, 128, 10, 80, 23, 93, 29, 99, 53, 49, 119, 123, 2, 72, 34, 104, 5, 1, 71, 75, 157, 20, 90, 149], [78.45558933495002], [28]))
    (3, ([143, 50, 120, 25, 95, 3, 54, 73, 43, 113, 124, 28, 98, 64, 30, 134, 100, 6, 76, 48, 118, 155, 150], [49.78331172801628], [22]))
    (4, ([144, 12, 82, 36, 106, 38, 56, 126, 108, 156, 22, 92, 65, 18, 135, 88, 9, 79, 151], [53.08780435482874], [10]))
    (5, ([145, 42, 112, 39, 51, 121, 109, 11, 81, 31, 101, 14, 84, 7, 77, 19, 89, 155, 152], [15.77482147066159], [18]))
    (6, ([146, 4, 67, 74, 137, 24, 94, 33, 103, 41, 26, 111, 96, 17, 87, 52, 122, 59, 129, 155, 153], [46.41035052628115], [20]))
    (7, ([147, 44, 114, 8, 78, 55, 125, 40, 60, 130, 110, 37, 107, 46, 116, 13, 21, 91, 83, 57, 127, 32, 102, 155, 154], [46.34919318815569], [24])))

T best obj: 746.6913672082728
T best iteration: 12765
T total iterations: 30000
T best time [s]: 11.462
T total time [s]: 24.0240
