EADARP version 2def-dirty
ARGS: --ifile=EADARP/instances/b1/a3-30.txt --odir=EADARP/out/a3-30 --oname=run10
Settings:
--alns_gamma=0.025
--alns_segment_size=100
--alns_sigma1=10
--alns_sigma2=9
--alns_sigma3=3
--at_most_one_s=false
--gamma=-1.0
--ifile=EADARP/instances/b1/a3-30.txt
--insert_charging_otf=true
--insert_cost_noise=0.014
--lns_init_temp_factor=0.0
--lns_temp_dec_factor=0.99
--mh_checkit=false
--mh_lfreq=0
--mh_lnewinc=true
--mh_tciter=-1
--mh_tctime=-1.0
--mh_titer=300
--mh_tobj=-1.0
--mh_ttime=-1.0
--odir=EADARP/out/a3-30
--oname=run10
--only_single_s_visits=true
--repair_max_routes=0
--seed=398847559
--use_milp_in_otf=0
--xcheck_isfeasible=false

EADARPInstance(EADARP/instances/b1/a3-30.txt, n=30, n_K=3, S=[69, 70, 71], Q=14.85, n_F=3, γ=0.7, T_plan=600.0, F=[66, 67, 68])

T preprocessing time [s]: 0.43197
I       iter             best          obj_old          obj_new        time              method info
I          1     100002.00000     100030.00000     100002.00000      0.0360                 con 
I          7     100001.00000     100002.00000     100001.00000      0.0993        drrr_15+rroi 
I         53        437.00745     100001.00000        437.00745      0.1843        drrr_15+rrri 
I         57        430.72727        437.00745        430.72727      0.1886         drrr_15+rrg 
I         82        430.13106        430.72727        430.13106      0.1957         drrr_15+rrg 
I        300        430.13106        430.13106     100003.00000      0.2336        drrr_15+rrri 

Method statistics
S  method    iter  succ  succ-rate%  tot-obj-gain  avg-obj-gain  rel-succ%  net-time  net-time%  brut-time  brut-time%
S  con          1     1   100.00000     -28.00000     -28.00000   11.11111   0.03595   15.39081    0.03595    15.39081
S  drrr_15    299     4     1.33779  -99571.86894    -333.01628   44.44444   0.00229    0.97902    0.00229     0.97902
S  rrg         89     2     2.24719      -6.87638      -0.07726   22.22222   0.05148   22.03938    0.05148    22.03938
S  rroi       104     1     0.96154      -1.00000      -0.00962   11.11111   0.07559   32.35946    0.07559    32.35946
S  rrri       106     1     0.94340  -99563.99255    -939.28295   11.11111   0.06774   28.99843    0.06774    28.99843
S  SUM/AVG    599     9     1.50250 -199171.73787    -332.50707   20.00000   0.23305   99.76709    0.23305    99.76709

T best solution: EADARPSolution(t_routing=519.812, t_excess=161.088, obj_val=430.131, obj_val_valid=true,
    unserved_requests=Int64[], F_visited=[68, 66, 67], S_visited=[71, 69, 70],
    (1, ([63, 24, 21, 51, 54, 3, 19, 49, 33, 1, 22, 31, 7, 52, 37, 9, 14, 44, 39, 15, 45, 11, 41, 17, 47, 23, 28, 58, 53, 69, 66], [123.43358438200626], [30]))
    (2, ([64, 8, 38, 29, 59, 6, 36, 13, 43, 27, 26, 57, 56, 71, 20, 50, 67], [41.40415156663357], [14]))
    (3, ([65, 18, 48, 25, 16, 55, 46, 4, 34, 12, 42, 70, 2, 5, 32, 35, 10, 30, 40, 60, 68], [111.97449097104604], [12])))

T best obj: 430.13106295767994
T best iteration: 82
T total iterations: 300
T best time [s]: 0.196
T total time [s]: 0.2336
