EADARP version 2def-dirty
ARGS: --ifile=EADARP/instances/b1/a3-30.txt --odir=EADARP/out/a3-30 --oname=run14
Settings:
--alns_gamma=0.025
--alns_segment_size=100
--alns_sigma1=10
--alns_sigma2=9
--alns_sigma3=3
--at_most_one_s=false
--gamma=-1.0
--ifile=EADARP/instances/b1/a3-30.txt
--insert_charging_otf=true
--insert_cost_noise=0.014
--lns_init_temp_factor=0.0
--lns_temp_dec_factor=0.99
--mh_checkit=false
--mh_lfreq=0
--mh_lnewinc=true
--mh_tciter=-1
--mh_tctime=-1.0
--mh_titer=300
--mh_tobj=-1.0
--mh_ttime=-1.0
--odir=EADARP/out/a3-30
--oname=run14
--only_single_s_visits=true
--repair_max_routes=0
--seed=1219939268
--use_milp_in_otf=0
--xcheck_isfeasible=false

EADARPInstance(EADARP/instances/b1/a3-30.txt, n=30, n_K=3, S=[69, 70, 71], Q=14.85, n_F=3, γ=0.7, T_plan=600.0, F=[66, 67, 68])

T preprocessing time [s]: 0.41639
I       iter             best          obj_old          obj_new        time              method info
I          1     100004.00000     100030.00000     100004.00000      0.0359                 con 
I          2     100002.00000     100004.00000     100002.00000      0.0587         drrr_15+rrg 
I         22     100001.00000     100002.00000     100001.00000      0.1284        drrr_15+rroi 
I        156        447.86674     100001.00000        447.86674      0.2090        drrr_15+rrri 
I        199        439.53488        447.86674        439.53488      0.2202        drrr_15+rrri 
I        293        432.54408        439.53488        432.54408      0.2356         drrr_15+rrg 
I        300        432.54408        432.54408     100002.00000      0.2371        drrr_15+rrri 

Method statistics
S  method    iter  succ  succ-rate%  tot-obj-gain  avg-obj-gain  rel-succ%  net-time  net-time%  brut-time  brut-time%
S  con          1     1   100.00000     -26.00000     -26.00000    9.09091   0.03592   15.15174    0.03592    15.15174
S  drrr_15    299     5     1.67224  -99571.45592    -333.01490   45.45455   0.00153    0.64713    0.00153     0.64713
S  rrg        106     2     1.88679      -8.99080      -0.08482   18.18182   0.09856   41.57276    0.09856    41.57276
S  rroi        94     1     1.06383      -1.00000      -0.01064    9.09091   0.04270   18.00956    0.04270    18.00956
S  rrri        99     2     2.02020  -99561.46512   -1005.67136   18.18182   0.05774   24.35343    0.05774    24.35343
S  SUM/AVG    599    11     1.83639 -199168.91184    -332.50236   20.00000   0.23645   99.73461    0.23645    99.73461

T best solution: EADARPSolution(t_routing=532.949, t_excess=131.328, obj_val=432.544, obj_val_valid=true,
    unserved_requests=Int64[], F_visited=[67, 66, 68], S_visited=[71, 70, 69],
    (1, ([63, 18, 48, 25, 16, 55, 46, 4, 34, 14, 9, 44, 39, 71, 27, 26, 57, 56, 20, 50, 66], [97.89814850687563], [14]))
    (2, ([64, 21, 51, 24, 54, 3, 33, 8, 38, 29, 59, 6, 36, 12, 42, 15, 45, 11, 41, 17, 47, 23, 28, 58, 53, 69, 67], [121.25806272409004], [26]))
    (3, ([65, 19, 49, 1, 22, 31, 7, 52, 37, 13, 43, 2, 5, 32, 35, 70, 10, 30, 40, 60, 68], [70.7931747258584], [16])))

T best obj: 432.54408073741865
T best iteration: 293
T total iterations: 300
T best time [s]: 0.236
T total time [s]: 0.2371
