EADARP version 2def-dirty
ARGS: --ifile=EADARP/instances/b1/a3-30.txt --odir=EADARP/out/a3-30 --oname=run29
Settings:
--alns_gamma=0.025
--alns_segment_size=100
--alns_sigma1=10
--alns_sigma2=9
--alns_sigma3=3
--at_most_one_s=false
--gamma=-1.0
--ifile=EADARP/instances/b1/a3-30.txt
--insert_charging_otf=true
--insert_cost_noise=0.014
--lns_init_temp_factor=0.0
--lns_temp_dec_factor=0.99
--mh_checkit=false
--mh_lfreq=0
--mh_lnewinc=true
--mh_tciter=-1
--mh_tctime=-1.0
--mh_titer=300
--mh_tobj=-1.0
--mh_ttime=-1.0
--odir=EADARP/out/a3-30
--oname=run29
--only_single_s_visits=true
--repair_max_routes=0
--seed=1007951341
--use_milp_in_otf=0
--xcheck_isfeasible=false

EADARPInstance(EADARP/instances/b1/a3-30.txt, n=30, n_K=3, S=[69, 70, 71], Q=14.85, n_F=3, γ=0.7, T_plan=600.0, F=[66, 67, 68])

T preprocessing time [s]: 0.54134
I       iter             best          obj_old          obj_new        time              method info
I          1     100002.00000     100030.00000     100002.00000      0.0364                 con 
I         21     100001.00000     100002.00000     100001.00000      0.1400         drrr_15+rrg 
I        300     100001.00000     100001.00000     100003.00000      0.3486        drrr_15+rroi 

Method statistics
S  method    iter  succ  succ-rate%  tot-obj-gain  avg-obj-gain  rel-succ%  net-time  net-time%  brut-time  brut-time%
S  con          1     1   100.00000     -28.00000     -28.00000   33.33333   0.03633   10.42056    0.03633    10.42056
S  drrr_15    299     1     0.33445      -1.00000      -0.00334   33.33333   0.00153    0.43765    0.00153     0.43765
S  rrg         88     1     1.13636      -1.00000      -0.01136   33.33333   0.18266   52.39076    0.18266    52.39076
S  rroi       103     0     0.00000       0.00000       0.00000    0.00000   0.04231   12.13534    0.04231    12.13534
S  rrri       108     0     0.00000       0.00000       0.00000    0.00000   0.08531   24.46948    0.08531    24.46948
S  SUM/AVG    599     3     0.50083     -30.00000      -0.05008   20.00000   0.34814   99.85380    0.34814    99.85380

T best solution: EADARPSolution(t_routing=-1.0, t_excess=-1.0, obj_val=100001.0, obj_val_valid=true,
    unserved_requests=[26], F_visited=[67, 68, 66], S_visited=[70, 71, 69],
    (1, ([63, 18, 48, 25, 16, 55, 46, 4, 34, 12, 42, 15, 45, 11, 41, 17, 47, 27, 23, 53, 57, 69, 66], [113.6921623210529], [22]))
    (2, ([64, 24, 21, 51, 54, 3, 19, 49, 33, 1, 22, 31, 7, 52, 37, 9, 14, 44, 39, 70, 28, 58, 10, 30, 40, 60, 67], [99.43022033401773], [20]))
    (3, ([65, 8, 38, 29, 6, 59, 36, 13, 43, 2, 5, 32, 35, 71, 20, 50, 68], [43.64508286942961], [14])))

T best obj: 100001.0
T best iteration: 21
T total iterations: 300
T best time [s]: 0.140
T total time [s]: 0.3486
