EADARP version 2def-dirty
ARGS: --ifile=EADARP/instances/b1/a3-30.txt --odir=EADARP/out/a3-30 --oname=run33
Settings:
--alns_gamma=0.025
--alns_segment_size=100
--alns_sigma1=10
--alns_sigma2=9
--alns_sigma3=3
--at_most_one_s=false
--gamma=-1.0
--ifile=EADARP/instances/b1/a3-30.txt
--insert_charging_otf=true
--insert_cost_noise=0.014
--lns_init_temp_factor=0.0
--lns_temp_dec_factor=0.99
--mh_checkit=false
--mh_lfreq=0
--mh_lnewinc=true
--mh_tciter=-1
--mh_tctime=-1.0
--mh_titer=300
--mh_tobj=-1.0
--mh_ttime=-1.0
--odir=EADARP/out/a3-30
--oname=run33
--only_single_s_visits=true
--repair_max_routes=0
--seed=1603218779
--use_milp_in_otf=0
--xcheck_isfeasible=false

EADARPInstance(EADARP/instances/b1/a3-30.txt, n=30, n_K=3, S=[69, 70, 71], Q=14.85, n_F=3, γ=0.7, T_plan=600.0, F=[66, 67, 68])

T preprocessing time [s]: 0.41664
I       iter             best          obj_old          obj_new        time              method info
I          1     100004.00000     100030.00000     100004.00000      0.0458                 con 
I          2     100002.00000     100004.00000     100002.00000      0.0543         drrr_15+rrg 
I         16     100001.00000     100002.00000     100001.00000      0.1279        drrr_15+rrri 
I         17        437.24252     100001.00000        437.24252      0.1326        drrr_15+rroi 
I         26        434.68486        437.24252        434.68486      0.1581        drrr_15+rrri 
I         73        434.42548        434.68486        434.42548      0.1742        drrr_15+rroi 
I        300        434.42548        434.42548     100002.00000      0.2407         drrr_15+rrg 

Method statistics
S  method    iter  succ  succ-rate%  tot-obj-gain  avg-obj-gain  rel-succ%  net-time  net-time%  brut-time  brut-time%
S  con          1     1   100.00000     -26.00000     -26.00000    9.09091   0.04579   19.01671    0.04579    19.01671
S  drrr_15    299     5     1.67224  -99569.57452    -333.00861   45.45455   0.00158    0.65423    0.00158     0.65423
S  rrg        112     1     0.89286      -2.00000      -0.01786    9.09091   0.11095   46.08187    0.11095    46.08187
S  rroi        95     2     2.10526  -99564.01687   -1048.04228   18.18182   0.02623   10.89201    0.02623    10.89201
S  rrri        92     2     2.17391      -3.55765      -0.03867   18.18182   0.05562   23.10040    0.05562    23.10040
S  SUM/AVG    599    11     1.83639 -199165.14905    -332.49608   20.00000   0.24016   99.74522    0.24016    99.74522

T best solution: EADARPSolution(t_routing=535.522, t_excess=131.137, obj_val=434.425, obj_val_valid=true,
    unserved_requests=Int64[], F_visited=[67, 68, 66], S_visited=[70, 69, 71],
    (1, ([63, 24, 21, 51, 54, 3, 33, 22, 8, 52, 38, 29, 59, 6, 36, 12, 42, 15, 45, 11, 41, 17, 47, 2, 5, 32, 35, 69, 66], [136.06406745400608], [28]))
    (2, ([64, 19, 49, 1, 31, 7, 37, 13, 43, 70, 27, 26, 57, 56, 20, 50, 67], [54.15487506847003], [10]))
    (3, ([65, 18, 48, 25, 16, 55, 46, 4, 34, 14, 9, 44, 39, 71, 23, 28, 58, 53, 10, 30, 40, 60, 68], [102.3028512061545], [14])))

T best obj: 434.425476246845
T best iteration: 73
T total iterations: 300
T best time [s]: 0.174
T total time [s]: 0.2408
