EADARP version 2def-dirty
ARGS: --ifile=EADARP/instances/b1/a3-30.txt --odir=EADARP/out/a3-30 --oname=run36
Settings:
--alns_gamma=0.025
--alns_segment_size=100
--alns_sigma1=10
--alns_sigma2=9
--alns_sigma3=3
--at_most_one_s=false
--gamma=-1.0
--ifile=EADARP/instances/b1/a3-30.txt
--insert_charging_otf=true
--insert_cost_noise=0.014
--lns_init_temp_factor=0.0
--lns_temp_dec_factor=0.99
--mh_checkit=false
--mh_lfreq=0
--mh_lnewinc=true
--mh_tciter=-1
--mh_tctime=-1.0
--mh_titer=300
--mh_tobj=-1.0
--mh_ttime=-1.0
--odir=EADARP/out/a3-30
--oname=run36
--only_single_s_visits=true
--repair_max_routes=0
--seed=1196879733
--use_milp_in_otf=0
--xcheck_isfeasible=false

EADARPInstance(EADARP/instances/b1/a3-30.txt, n=30, n_K=3, S=[69, 70, 71], Q=14.85, n_F=3, γ=0.7, T_plan=600.0, F=[66, 67, 68])

T preprocessing time [s]: 0.41916
I       iter             best          obj_old          obj_new        time              method info
I          1     100003.00000     100030.00000     100003.00000      0.0364                 con 
I          4     100002.00000     100003.00000     100002.00000      0.0628         drrr_15+rrg 
I         13     100001.00000     100002.00000     100001.00000      0.1145        drrr_15+rroi 
I         32        461.90933     100001.00000        461.90933      0.1565         drrr_15+rrg 
I         37        452.71486        461.90933        452.71486      0.1658        drrr_15+rroi 
I         42        450.03446        452.71486        450.03446      0.1666        drrr_15+rroi 
I         67        450.02341        450.03446        450.02341      0.1977        drrr_15+rroi 
I         71        449.77508        450.02341        449.77508      0.1994        drrr_15+rrri 
I        144        448.63747        449.77508        448.63747      0.2152        drrr_15+rrri 
I        149        438.21962        448.63747        438.21962      0.2159        drrr_15+rroi 
I        158        437.54872        438.21962        437.54872      0.2174         drrr_15+rrg 
I        172        437.28933        437.54872        437.28933      0.2225        drrr_15+rroi 
I        300        437.28933        437.28933     100004.00000      0.2455        drrr_15+rroi 

Method statistics
S  method    iter  succ  succ-rate%  tot-obj-gain  avg-obj-gain  rel-succ%  net-time  net-time%  brut-time  brut-time%
S  con          1     1   100.00000     -27.00000     -27.00000    4.34783   0.03636   14.81144    0.03636    14.81144
S  drrr_15    299    11     3.67893  -99565.71067    -332.99569   47.82609   0.00158    0.64362    0.00158     0.64362
S  rrg        102     3     2.94118  -99540.76157    -975.88982   13.04348   0.10192   41.51623    0.10192    41.51623
S  rroi        95     6     6.31579     -23.56316      -0.24803   26.08696   0.05314   21.64702    0.05314    21.64702
S  rrri       102     2     1.96078      -1.38594      -0.01359    8.69565   0.05175   21.08022    0.05175    21.08022
S  SUM/AVG    599    23     3.83973 -199158.42134    -332.48484   20.00000   0.24475   99.69854    0.24475    99.69854

T best solution: EADARPSolution(t_routing=530.831, t_excess=156.665, obj_val=437.289, obj_val_valid=true,
    unserved_requests=Int64[], F_visited=[67, 66, 68], S_visited=[69, 70, 71],
    (1, ([63, 24, 21, 51, 54, 3, 19, 49, 33, 1, 22, 31, 7, 52, 37, 12, 42, 70, 23, 28, 58, 53, 10, 30, 40, 60, 66], [130.8221003557748], [18]))
    (2, ([64, 18, 48, 25, 16, 55, 46, 4, 34, 14, 9, 44, 39, 15, 45, 11, 41, 17, 47, 2, 5, 32, 35, 69, 67], [115.60462263245911], [24]))
    (3, ([65, 8, 38, 29, 59, 6, 36, 13, 43, 27, 26, 57, 56, 71, 20, 50, 68], [41.40415156663357], [14])))

T best obj: 437.28933143981254
T best iteration: 172
T total iterations: 300
T best time [s]: 0.223
T total time [s]: 0.2455
