EADARP version 2def-dirty
ARGS: --ifile=EADARP/instances/b1/a3-30.txt --odir=EADARP/out/a3-30 --oname=run57
Settings:
--alns_gamma=0.025
--alns_segment_size=100
--alns_sigma1=10
--alns_sigma2=9
--alns_sigma3=3
--at_most_one_s=false
--gamma=-1.0
--ifile=EADARP/instances/b1/a3-30.txt
--insert_charging_otf=true
--insert_cost_noise=0.014
--lns_init_temp_factor=0.0
--lns_temp_dec_factor=0.99
--mh_checkit=false
--mh_lfreq=0
--mh_lnewinc=true
--mh_tciter=-1
--mh_tctime=-1.0
--mh_titer=300
--mh_tobj=-1.0
--mh_ttime=-1.0
--odir=EADARP/out/a3-30
--oname=run57
--only_single_s_visits=true
--repair_max_routes=0
--seed=563611423
--use_milp_in_otf=0
--xcheck_isfeasible=false

EADARPInstance(EADARP/instances/b1/a3-30.txt, n=30, n_K=3, S=[69, 70, 71], Q=14.85, n_F=3, γ=0.7, T_plan=600.0, F=[66, 67, 68])

T preprocessing time [s]: 0.41845
I       iter             best          obj_old          obj_new        time              method info
I          1     100003.00000     100030.00000     100003.00000      0.0364                 con 
I          3     100001.00000     100003.00000     100001.00000      0.0713        drrr_15+rrri 
I         72        448.54022     100001.00000        448.54022      0.1854         drrr_15+rrg 
I         79        448.35018        448.54022        448.35018      0.1888         drrr_15+rrg 
I        105        448.09080        448.35018        448.09080      0.1939         drrr_15+rrg 
I        199        432.50951        448.09080        432.50951      0.2156         drrr_15+rrg 
I        300        432.50951        432.50951        432.50951      0.2297        drrr_15+rrri 

Method statistics
S  method    iter  succ  succ-rate%  tot-obj-gain  avg-obj-gain  rel-succ%  net-time  net-time%  brut-time  brut-time%
S  con          1     1   100.00000     -27.00000     -27.00000    9.09091   0.03641   15.84973    0.03641    15.84973
S  drrr_15    299     5     1.67224  -99570.49049    -333.01167   45.45455   0.00234    1.01813    0.00234     1.01813
S  rrg        105     4     3.80952  -99568.49049    -948.27134   36.36364   0.07133   31.05344    0.07133    31.05344
S  rroi       101     0     0.00000       0.00000       0.00000    0.00000   0.05414   23.57064    0.05414    23.57064
S  rrri        93     1     1.07527      -2.00000      -0.02151    9.09091   0.06486   28.23540    0.06486    28.23540
S  SUM/AVG    599    11     1.83639 -199167.98097    -332.50080   20.00000   0.22907   99.72733    0.22907    99.72733

T best solution: EADARPSolution(t_routing=520.231, t_excess=169.345, obj_val=432.51, obj_val_valid=true,
    unserved_requests=Int64[], F_visited=[68, 66, 67], S_visited=[71, 69, 70],
    (1, ([63, 18, 48, 25, 8, 55, 38, 29, 59, 6, 36, 14, 9, 44, 39, 15, 45, 11, 41, 17, 47, 27, 23, 53, 57, 69, 66], [114.31314619626076], [26]))
    (2, ([64, 24, 21, 51, 54, 3, 19, 49, 33, 1, 22, 31, 7, 52, 37, 71, 13, 43, 2, 26, 32, 56, 20, 50, 67], [95.34795822080703], [16]))
    (3, ([65, 16, 46, 4, 34, 12, 42, 5, 28, 35, 58, 70, 10, 30, 40, 60, 68], [67.56982387411917], [12])))

T best obj: 432.50951406726494
T best iteration: 199
T total iterations: 300
T best time [s]: 0.216
T total time [s]: 0.2297
