EADARP version 2def-dirty
ARGS: --ifile=EADARP/instances/b1/a3-30.txt --odir=EADARP/out/a3-30 --oname=run58
Settings:
--alns_gamma=0.025
--alns_segment_size=100
--alns_sigma1=10
--alns_sigma2=9
--alns_sigma3=3
--at_most_one_s=false
--gamma=-1.0
--ifile=EADARP/instances/b1/a3-30.txt
--insert_charging_otf=true
--insert_cost_noise=0.014
--lns_init_temp_factor=0.0
--lns_temp_dec_factor=0.99
--mh_checkit=false
--mh_lfreq=0
--mh_lnewinc=true
--mh_tciter=-1
--mh_tctime=-1.0
--mh_titer=300
--mh_tobj=-1.0
--mh_ttime=-1.0
--odir=EADARP/out/a3-30
--oname=run58
--only_single_s_visits=true
--repair_max_routes=0
--seed=852072140
--use_milp_in_otf=0
--xcheck_isfeasible=false

EADARPInstance(EADARP/instances/b1/a3-30.txt, n=30, n_K=3, S=[69, 70, 71], Q=14.85, n_F=3, γ=0.7, T_plan=600.0, F=[66, 67, 68])

T preprocessing time [s]: 0.42149
I       iter             best          obj_old          obj_new        time              method info
I          1     100003.00000     100030.00000     100003.00000      0.0472                 con 
I          5     100001.00000     100003.00000     100001.00000      0.0913        drrr_15+rrri 
I        300     100001.00000     100001.00000     100003.00000      0.2640        drrr_15+rroi 

Method statistics
S  method    iter  succ  succ-rate%  tot-obj-gain  avg-obj-gain  rel-succ%  net-time  net-time%  brut-time  brut-time%
S  con          1     1   100.00000     -27.00000     -27.00000   33.33333   0.04713   17.85269    0.04713    17.85269
S  drrr_15    299     1     0.33445      -2.00000      -0.00669   33.33333   0.00242    0.91654    0.00242     0.91654
S  rrg         98     0     0.00000       0.00000       0.00000    0.00000   0.09588   36.31820    0.09588    36.31820
S  rroi       106     0     0.00000       0.00000       0.00000    0.00000   0.03660   13.86458    0.03660    13.86458
S  rrri        95     1     1.05263      -2.00000      -0.02105   33.33333   0.08142   30.84209    0.08142    30.84209
S  SUM/AVG    599     3     0.50083     -31.00000      -0.05175   20.00000   0.26346   99.79410    0.26346    99.79410

T best solution: EADARPSolution(t_routing=-1.0, t_excess=-1.0, obj_val=100001.0, obj_val_valid=true,
    unserved_requests=[13], F_visited=[68, 67, 66], S_visited=[71, 69, 70],
    (1, ([63, 19, 49, 3, 33, 1, 22, 31, 7, 52, 37, 14, 44, 71, 23, 28, 58, 53, 10, 30, 40, 60, 66], [98.31765863704646], [14]))
    (2, ([64, 18, 48, 25, 8, 55, 38, 4, 34, 12, 42, 15, 45, 11, 41, 17, 47, 2, 5, 32, 35, 69, 67], [119.05907348848001], [22]))
    (3, ([65, 24, 21, 51, 54, 16, 46, 29, 59, 6, 36, 9, 39, 70, 27, 26, 57, 56, 20, 50, 68], [84.9386464071728], [14])))

T best obj: 100001.0
T best iteration: 5
T total iterations: 300
T best time [s]: 0.091
T total time [s]: 0.2640
