EADARP version 2def-dirty
ARGS: --ifile=EADARP/instances/b1/a3-30.txt --odir=EADARP/out/a3-30 --oname=run66
Settings:
--alns_gamma=0.025
--alns_segment_size=100
--alns_sigma1=10
--alns_sigma2=9
--alns_sigma3=3
--at_most_one_s=false
--gamma=-1.0
--ifile=EADARP/instances/b1/a3-30.txt
--insert_charging_otf=true
--insert_cost_noise=0.014
--lns_init_temp_factor=0.0
--lns_temp_dec_factor=0.99
--mh_checkit=false
--mh_lfreq=0
--mh_lnewinc=true
--mh_tciter=-1
--mh_tctime=-1.0
--mh_titer=300
--mh_tobj=-1.0
--mh_ttime=-1.0
--odir=EADARP/out/a3-30
--oname=run66
--only_single_s_visits=true
--repair_max_routes=0
--seed=1088758568
--use_milp_in_otf=0
--xcheck_isfeasible=false

EADARPInstance(EADARP/instances/b1/a3-30.txt, n=30, n_K=3, S=[69, 70, 71], Q=14.85, n_F=3, γ=0.7, T_plan=600.0, F=[66, 67, 68])

T preprocessing time [s]: 0.41806
I       iter             best          obj_old          obj_new        time              method info
I          1     100002.00000     100030.00000     100002.00000      0.0364                 con 
I          5     100001.00000     100002.00000     100001.00000      0.0704        drrr_15+rroi 
I        300     100001.00000     100001.00000     100001.00000      0.2535        drrr_15+rrri 

Method statistics
S  method    iter  succ  succ-rate%  tot-obj-gain  avg-obj-gain  rel-succ%  net-time  net-time%  brut-time  brut-time%
S  con          1     1   100.00000     -28.00000     -28.00000   33.33333   0.03640   14.35631    0.03640    14.35631
S  drrr_15    299     1     0.33445      -1.00000      -0.00334   33.33333   0.00236    0.93205    0.00236     0.93205
S  rrg        113     0     0.00000       0.00000       0.00000    0.00000   0.06843   26.98664    0.06843    26.98664
S  rroi       101     1     0.99010      -1.00000      -0.00990   33.33333   0.08607   33.94163    0.08607    33.94163
S  rrri        85     0     0.00000       0.00000       0.00000    0.00000   0.05974   23.55968    0.05974    23.55968
S  SUM/AVG    599     3     0.50083     -30.00000      -0.05008   20.00000   0.25301   99.77632    0.25301    99.77632

T best solution: EADARPSolution(t_routing=-1.0, t_excess=-1.0, obj_val=100001.0, obj_val_valid=true,
    unserved_requests=[20], F_visited=[66, 68, 67], S_visited=[69, 71, 70],
    (1, ([63, 24, 21, 51, 54, 3, 33, 1, 31, 8, 38, 29, 59, 6, 36, 12, 42, 11, 41, 17, 47, 2, 26, 32, 56, 69, 66], [128.45712289512645], [26]))
    (2, ([64, 18, 48, 25, 16, 55, 46, 4, 34, 14, 9, 44, 39, 15, 45, 5, 28, 35, 58, 71, 67], [109.31497605199887], [20]))
    (3, ([65, 19, 49, 22, 7, 52, 37, 13, 43, 27, 23, 53, 57, 70, 10, 30, 40, 60, 68], [60.15176286856752], [14])))

T best obj: 100001.0
T best iteration: 5
T total iterations: 300
T best time [s]: 0.070
T total time [s]: 0.2536
