EADARP version 2def-dirty
ARGS: --ifile=EADARP/instances/b1/a3-30.txt --odir=EADARP/out/a3-30 --oname=run82
Settings:
--alns_gamma=0.025
--alns_segment_size=100
--alns_sigma1=10
--alns_sigma2=9
--alns_sigma3=3
--at_most_one_s=false
--gamma=-1.0
--ifile=EADARP/instances/b1/a3-30.txt
--insert_charging_otf=true
--insert_cost_noise=0.014
--lns_init_temp_factor=0.0
--lns_temp_dec_factor=0.99
--mh_checkit=false
--mh_lfreq=0
--mh_lnewinc=true
--mh_tciter=-1
--mh_tctime=-1.0
--mh_titer=300
--mh_tobj=-1.0
--mh_ttime=-1.0
--odir=EADARP/out/a3-30
--oname=run82
--only_single_s_visits=true
--repair_max_routes=0
--seed=1351219005
--use_milp_in_otf=0
--xcheck_isfeasible=false

EADARPInstance(EADARP/instances/b1/a3-30.txt, n=30, n_K=3, S=[69, 70, 71], Q=14.85, n_F=3, γ=0.7, T_plan=600.0, F=[66, 67, 68])

T preprocessing time [s]: 0.4204
I       iter             best          obj_old          obj_new        time              method info
I          1     100004.00000     100030.00000     100004.00000      0.0355                 con 
I          2     100002.00000     100004.00000     100002.00000      0.0417        drrr_15+rrri 
I          5     100001.00000     100002.00000     100001.00000      0.0638         drrr_15+rrg 
I         16        451.58689     100001.00000        451.58689      0.1003        drrr_15+rroi 
I         27        432.78066        451.58689        432.78066      0.1411        drrr_15+rroi 
I         29        425.97667        432.78066        425.97667      0.1415        drrr_15+rroi 
I        175        425.97667        425.97667        425.97667      0.1867        drrr_15+rrri 
I        300        425.97667        425.97667     100002.00000      0.2251        drrr_15+rrri 

Method statistics
S  method    iter  succ  succ-rate%  tot-obj-gain  avg-obj-gain  rel-succ%  net-time  net-time%  brut-time  brut-time%
S  con          1     1   100.00000     -26.00000     -26.00000    7.69231   0.03549   15.76335    0.03549    15.76335
S  drrr_15    299     6     2.00669  -99578.02333    -333.03687   46.15385   0.00154    0.68258    0.00154     0.68258
S  rrg         96     1     1.04167      -1.00000      -0.01042    7.69231   0.04685   20.81351    0.04685    20.81351
S  rroi        99     3     3.03030  -99575.02333   -1005.80832   23.07692   0.06062   26.92677    0.06062    26.92677
S  rrri       104     2     1.92308      -2.00000      -0.01923   15.38462   0.07995   35.51290    0.07995    35.51290
S  SUM/AVG    599    13     2.17028 -199182.04667    -332.52428   20.00000   0.22444   99.69911    0.22444    99.69911

T best solution: EADARPSolution(t_routing=510.046, t_excess=173.768, obj_val=425.977, obj_val_valid=true,
    unserved_requests=Int64[], F_visited=[67, 68, 66], S_visited=[71, 70, 69],
    (1, ([63, 24, 21, 51, 54, 3, 19, 49, 33, 1, 22, 31, 7, 52, 37, 9, 14, 44, 39, 15, 45, 11, 41, 17, 47, 27, 23, 53, 57, 69, 66], [132.44201920705618], [30]))
    (2, ([64, 16, 46, 4, 34, 12, 42, 5, 28, 35, 58, 70, 10, 30, 40, 60, 67], [67.56982387411917], [12]))
    (3, ([65, 18, 48, 25, 8, 55, 38, 29, 59, 6, 36, 13, 43, 2, 26, 32, 56, 71, 20, 50, 68], [67.03433292107148], [18])))

T best obj: 425.9766670948134
T best iteration: 175
T total iterations: 300
T best time [s]: 0.187
T total time [s]: 0.2251
