EADARP version 2def-dirty
ARGS: --ifile=EADARP/instances/b1/a3-30.txt --odir=EADARP/out/a3-30 --oname=run89
Settings:
--alns_gamma=0.025
--alns_segment_size=100
--alns_sigma1=10
--alns_sigma2=9
--alns_sigma3=3
--at_most_one_s=false
--gamma=-1.0
--ifile=EADARP/instances/b1/a3-30.txt
--insert_charging_otf=true
--insert_cost_noise=0.014
--lns_init_temp_factor=0.0
--lns_temp_dec_factor=0.99
--mh_checkit=false
--mh_lfreq=0
--mh_lnewinc=true
--mh_tciter=-1
--mh_tctime=-1.0
--mh_titer=300
--mh_tobj=-1.0
--mh_ttime=-1.0
--odir=EADARP/out/a3-30
--oname=run89
--only_single_s_visits=true
--repair_max_routes=0
--seed=1605538679
--use_milp_in_otf=0
--xcheck_isfeasible=false

EADARPInstance(EADARP/instances/b1/a3-30.txt, n=30, n_K=3, S=[69, 70, 71], Q=14.85, n_F=3, γ=0.7, T_plan=600.0, F=[66, 67, 68])

T preprocessing time [s]: 0.53777
I       iter             best          obj_old          obj_new        time              method info
I          1     100003.00000     100030.00000     100003.00000      0.0369                 con 
I          3     100001.00000     100003.00000     100001.00000      0.0558        drrr_15+rroi 
I         51        455.87290     100001.00000        455.87290      0.1666        drrr_15+rrri 
I         58        445.09392        455.87290        445.09392      0.1685        drrr_15+rrri 
I        165        436.78840        445.09392        436.78840      0.2018        drrr_15+rroi 
I        300        436.78840        436.78840     100001.00000      0.3296        drrr_15+rroi 

Method statistics
S  method    iter  succ  succ-rate%  tot-obj-gain  avg-obj-gain  rel-succ%  net-time  net-time%  brut-time  brut-time%
S  con          1     1   100.00000     -27.00000     -27.00000   11.11111   0.03683   11.17177    0.03683    11.17177
S  drrr_15    299     4     1.33779  -99566.21160    -332.99736   44.44444   0.00233    0.70697    0.00233     0.70697
S  rrg         91     0     0.00000       0.00000       0.00000    0.00000   0.18160   55.08721    0.18160    55.08721
S  rroi       103     2     1.94175     -10.30552      -0.10005   22.22222   0.05458   16.55688    0.05458    16.55688
S  rrri       105     2     1.90476  -99555.90608    -948.15149   22.22222   0.05375   16.30396    0.05375    16.30396
S  SUM/AVG    599     9     1.50250 -199159.42321    -332.48652   20.00000   0.32908   99.82678    0.32908    99.82678

T best solution: EADARPSolution(t_routing=525.955, t_excess=169.288, obj_val=436.788, obj_val_valid=true,
    unserved_requests=Int64[], F_visited=[68, 66, 67], S_visited=[71, 69, 70],
    (1, ([63, 18, 48, 25, 8, 55, 38, 29, 59, 6, 36, 12, 42, 15, 45, 11, 41, 17, 47, 2, 5, 32, 35, 69, 66], [111.88788457978016], [24]))
    (2, ([64, 24, 21, 51, 54, 3, 19, 49, 33, 1, 22, 31, 7, 52, 37, 9, 14, 44, 39, 71, 23, 28, 58, 53, 10, 30, 40, 60, 67], [120.73126997764463], [20]))
    (3, ([65, 16, 46, 4, 34, 13, 43, 70, 27, 26, 57, 56, 20, 50, 68], [50.336182431158704], [8])))

T best obj: 436.78839708808863
T best iteration: 165
T total iterations: 300
T best time [s]: 0.202
T total time [s]: 0.3297
