EADARP version 2def-dirty
ARGS: --ifile=EADARP/instances/b1/a3-30.txt --odir=EADARP/out/a3-30 --oname=run83
Settings:
--alns_gamma=0.025
--alns_segment_size=100
--alns_sigma1=10
--alns_sigma2=9
--alns_sigma3=3
--at_most_one_s=false
--gamma=-1.0
--ifile=EADARP/instances/b1/a3-30.txt
--insert_charging_otf=true
--insert_cost_noise=0.014
--lns_init_temp_factor=0.0
--lns_temp_dec_factor=0.99
--mh_checkit=false
--mh_lfreq=0
--mh_lnewinc=true
--mh_tciter=-1
--mh_tctime=-1.0
--mh_titer=300
--mh_tobj=-1.0
--mh_ttime=-1.0
--odir=EADARP/out/a3-30
--oname=run83
--only_single_s_visits=true
--repair_max_routes=0
--seed=1313996929
--use_milp_in_otf=0
--xcheck_isfeasible=false

EADARPInstance(EADARP/instances/b1/a3-30.txt, n=30, n_K=3, S=[69, 70, 71], Q=14.85, n_F=3, γ=0.7, T_plan=600.0, F=[66, 67, 68])

T preprocessing time [s]: 0.42187
I       iter             best          obj_old          obj_new        time              method info
I          1     100003.00000     100030.00000     100003.00000      0.0429                 con 
I          2     100002.00000     100003.00000     100002.00000      0.0492        drrr_15+rrri 
I          9     100001.00000     100002.00000     100001.00000      0.0928        drrr_15+rrri 
I        222        463.46160     100001.00000        463.46160      0.2359        drrr_15+rrri 
I        226        457.06595        463.46160        457.06595      0.2377        drrr_15+rroi 
I        230        452.65919        457.06595        452.65919      0.2382        drrr_15+rroi 
I        248        448.35018        452.65919        448.35018      0.2409         drrr_15+rrg 
I        300        448.35018        448.35018     100002.00000      0.2496        drrr_15+rrri 

Method statistics
S  method    iter  succ  succ-rate%  tot-obj-gain  avg-obj-gain  rel-succ%  net-time  net-time%  brut-time  brut-time%
S  con          1     1   100.00000     -27.00000     -27.00000    7.69231   0.04286   17.16674    0.04286    17.16674
S  drrr_15    299     6     2.00669  -99554.64982    -332.95870   46.15385   0.00162    0.64883    0.00162     0.64883
S  rrg        102     1     0.98039      -4.30901      -0.04225    7.69231   0.08482   33.97354    0.08482    33.97354
S  rroi       105     2     1.90476     -10.80241      -0.10288   15.38462   0.04160   16.66297    0.04160    16.66297
S  rrri        92     3     3.26087  -99539.53840   -1081.95150   23.07692   0.07809   31.27793    0.07809    31.27793
S  SUM/AVG    599    13     2.17028 -199136.29963    -332.44791   20.00000   0.24898   99.73002    0.24898    99.73002

T best solution: EADARPSolution(t_routing=546.313, t_excess=154.46, obj_val=448.35, obj_val_valid=true,
    unserved_requests=Int64[], F_visited=[67, 66, 68], S_visited=[70, 71, 69],
    (1, ([63, 21, 24, 51, 54, 3, 19, 49, 33, 1, 22, 31, 7, 52, 37, 71, 13, 43, 2, 26, 32, 56, 20, 50, 66], [95.48548818446764], [16]))
    (2, ([64, 16, 46, 4, 34, 12, 42, 70, 27, 28, 58, 57, 10, 30, 40, 60, 67], [77.528661378447], [8]))
    (3, ([65, 18, 48, 25, 8, 55, 38, 29, 59, 6, 36, 14, 9, 44, 39, 15, 45, 11, 41, 17, 47, 5, 23, 35, 53, 69, 68], [130.29928888131855], [26])))

T best obj: 448.35018311677896
T best iteration: 248
T total iterations: 300
T best time [s]: 0.241
T total time [s]: 0.2497
