EADARP version 2def-dirty
ARGS: --ifile=EADARP/instances/b1/a3-30.txt --odir=EADARP/out/a3-30 --oname=run92
Settings:
--alns_gamma=0.025
--alns_segment_size=100
--alns_sigma1=10
--alns_sigma2=9
--alns_sigma3=3
--at_most_one_s=false
--gamma=-1.0
--ifile=EADARP/instances/b1/a3-30.txt
--insert_charging_otf=true
--insert_cost_noise=0.014
--lns_init_temp_factor=0.0
--lns_temp_dec_factor=0.99
--mh_checkit=false
--mh_lfreq=0
--mh_lnewinc=true
--mh_tciter=-1
--mh_tctime=-1.0
--mh_titer=300
--mh_tobj=-1.0
--mh_ttime=-1.0
--odir=EADARP/out/a3-30
--oname=run92
--only_single_s_visits=true
--repair_max_routes=0
--seed=241475983
--use_milp_in_otf=0
--xcheck_isfeasible=false

EADARPInstance(EADARP/instances/b1/a3-30.txt, n=30, n_K=3, S=[69, 70, 71], Q=14.85, n_F=3, γ=0.7, T_plan=600.0, F=[66, 67, 68])

T preprocessing time [s]: 0.42187
I       iter             best          obj_old          obj_new        time              method info
I          1     100002.00000     100030.00000     100002.00000      0.0365                 con 
I          7     100001.00000     100002.00000     100001.00000      0.1073         drrr_15+rrg 
I        300     100001.00000     100001.00000     100003.00000      0.2404         drrr_15+rrg 

Method statistics
S  method    iter  succ  succ-rate%  tot-obj-gain  avg-obj-gain  rel-succ%  net-time  net-time%  brut-time  brut-time%
S  con          1     1   100.00000     -28.00000     -28.00000   33.33333   0.03644   15.15931    0.03644    15.15931
S  drrr_15    299     1     0.33445      -1.00000      -0.00334   33.33333   0.00154    0.64141    0.00154     0.64141
S  rrg         99     1     1.01010      -1.00000      -0.01010   33.33333   0.12348   51.36811    0.12348    51.36811
S  rroi       118     0     0.00000       0.00000       0.00000    0.00000   0.03761   15.64559    0.03761    15.64559
S  rrri        82     0     0.00000       0.00000       0.00000    0.00000   0.04080   16.97096    0.04080    16.97096
S  SUM/AVG    599     3     0.50083     -30.00000      -0.05008   20.00000   0.23987   99.78537    0.23987    99.78537

T best solution: EADARPSolution(t_routing=-1.0, t_excess=-1.0, obj_val=100001.0, obj_val_valid=true,
    unserved_requests=[5], F_visited=[67, 68, 66], S_visited=[70, 71, 69],
    (1, ([63, 18, 48, 25, 16, 55, 46, 4, 34, 70, 11, 41, 17, 47, 28, 58, 10, 30, 40, 60, 66], [77.27376940184143], [10]))
    (2, ([64, 1, 31, 7, 37, 9, 14, 44, 39, 13, 43, 2, 26, 32, 56, 71, 20, 50, 67], [60.95326161910836], [16]))
    (3, ([65, 21, 24, 51, 54, 3, 19, 49, 33, 22, 8, 52, 38, 29, 59, 6, 36, 12, 42, 15, 45, 27, 23, 53, 57, 69, 68], [120.46674311406471], [26])))

T best obj: 100001.0
T best iteration: 7
T total iterations: 300
T best time [s]: 0.107
T total time [s]: 0.2404
