EADARP version 2def-dirty
ARGS: --ifile=EADARP/instances/b1/a3-30.txt --odir=EADARP/out/a3-30 --oname=run91
Settings:
--alns_gamma=0.025
--alns_segment_size=100
--alns_sigma1=10
--alns_sigma2=9
--alns_sigma3=3
--at_most_one_s=false
--gamma=-1.0
--ifile=EADARP/instances/b1/a3-30.txt
--insert_charging_otf=true
--insert_cost_noise=0.014
--lns_init_temp_factor=0.0
--lns_temp_dec_factor=0.99
--mh_checkit=false
--mh_lfreq=0
--mh_lnewinc=true
--mh_tciter=-1
--mh_tctime=-1.0
--mh_titer=300
--mh_tobj=-1.0
--mh_ttime=-1.0
--odir=EADARP/out/a3-30
--oname=run91
--only_single_s_visits=true
--repair_max_routes=0
--seed=1148669970
--use_milp_in_otf=0
--xcheck_isfeasible=false

EADARPInstance(EADARP/instances/b1/a3-30.txt, n=30, n_K=3, S=[69, 70, 71], Q=14.85, n_F=3, γ=0.7, T_plan=600.0, F=[66, 67, 68])

T preprocessing time [s]: 0.41966
I       iter             best          obj_old          obj_new        time              method info
I          1     100002.00000     100030.00000     100002.00000      0.0365                 con 
I          3     100001.00000     100002.00000     100001.00000      0.0597        drrr_15+rrri 
I        300     100001.00000     100001.00000     100003.00000      0.2616         drrr_15+rrg 

Method statistics
S  method    iter  succ  succ-rate%  tot-obj-gain  avg-obj-gain  rel-succ%  net-time  net-time%  brut-time  brut-time%
S  con          1     1   100.00000     -28.00000     -28.00000   33.33333   0.03649   13.94544    0.03649    13.94544
S  drrr_15    299     1     0.33445      -1.00000      -0.00334   33.33333   0.00248    0.94911    0.00248     0.94911
S  rrg         98     0     0.00000       0.00000       0.00000    0.00000   0.08537   32.62242    0.08537    32.62242
S  rroi       103     0     0.00000       0.00000       0.00000    0.00000   0.04994   19.08461    0.04994    19.08461
S  rrri        98     1     1.02041      -1.00000      -0.01020   33.33333   0.08683   33.18130    0.08683    33.18130
S  SUM/AVG    599     3     0.50083     -30.00000      -0.05008   20.00000   0.26111   99.78288    0.26111    99.78288

T best solution: EADARPSolution(t_routing=-1.0, t_excess=-1.0, obj_val=100001.0, obj_val_valid=true,
    unserved_requests=[19], F_visited=[66, 68, 67], S_visited=[69, 70, 71],
    (1, ([63, 24, 21, 51, 54, 3, 33, 8, 38, 29, 59, 6, 36, 12, 42, 15, 45, 11, 41, 17, 47, 27, 26, 57, 56, 71, 66], [134.92067496488193], [26]))
    (2, ([64, 1, 22, 31, 7, 52, 37, 9, 39, 13, 43, 70, 23, 28, 58, 53, 10, 30, 40, 60, 67], [72.08477704732121], [12]))
    (3, ([65, 18, 48, 25, 16, 55, 46, 4, 34, 14, 44, 69, 2, 5, 32, 35, 20, 50, 68], [96.87561987971743], [12])))

T best obj: 100001.0
T best iteration: 3
T total iterations: 300
T best time [s]: 0.060
T total time [s]: 0.2617
