EADARP version 2def-dirty
ARGS: --ifile=EADARP/instances/b1/a3-30.txt --odir=EADARP/out/a3-30 --oname=run9
Settings:
--alns_gamma=0.025
--alns_segment_size=100
--alns_sigma1=10
--alns_sigma2=9
--alns_sigma3=3
--at_most_one_s=false
--gamma=-1.0
--ifile=EADARP/instances/b1/a3-30.txt
--insert_charging_otf=true
--insert_cost_noise=0.014
--lns_init_temp_factor=0.0
--lns_temp_dec_factor=0.99
--mh_checkit=false
--mh_lfreq=0
--mh_lnewinc=true
--mh_tciter=-1
--mh_tctime=-1.0
--mh_titer=300
--mh_tobj=-1.0
--mh_ttime=-1.0
--odir=EADARP/out/a3-30
--oname=run9
--only_single_s_visits=true
--repair_max_routes=0
--seed=1162626410
--use_milp_in_otf=0
--xcheck_isfeasible=false

EADARPInstance(EADARP/instances/b1/a3-30.txt, n=30, n_K=3, S=[69, 70, 71], Q=14.85, n_F=3, γ=0.7, T_plan=600.0, F=[66, 67, 68])

T preprocessing time [s]: 0.41642
I       iter             best          obj_old          obj_new        time              method info
I          1     100004.00000     100030.00000     100004.00000      0.0414                 con 
I          5     100002.00000     100004.00000     100002.00000      0.0664        drrr_15+rroi 
I         14     100001.00000     100002.00000     100001.00000      0.1209        drrr_15+rrri 
I         75        450.41411     100001.00000        450.41411      0.1942        drrr_15+rroi 
I        123        447.71173        450.41411        447.71173      0.2086        drrr_15+rroi 
I        176        444.38414        447.71173        444.38414      0.2219        drrr_15+rrri 
I        184        428.80285        444.38414        428.80285      0.2230        drrr_15+rrri 
I        210        427.56154        428.80285        427.56154      0.2265        drrr_15+rroi 
I        254        427.56154        427.56154        427.56154      0.2321         drrr_15+rrg 
I        300        427.56154        427.56154     100005.00000      0.2380        drrr_15+rrri 

Method statistics
S  method    iter  succ  succ-rate%  tot-obj-gain  avg-obj-gain  rel-succ%  net-time  net-time%  brut-time  brut-time%
S  con          1     1   100.00000     -26.00000     -26.00000    5.88235   0.04142   17.40500    0.04142    17.40500
S  drrr_15    299     8     2.67559  -99576.43846    -333.03157   47.05882   0.00148    0.62387    0.00148     0.62387
S  rrg         93     1     1.07527      -0.00000      -0.00000    5.88235   0.08473   35.60379    0.08473    35.60379
S  rroi       101     4     3.96040  -99556.52959    -985.70821   23.52941   0.03988   16.75849    0.03988    16.75849
S  rrri       105     3     2.85714     -19.90887      -0.18961   17.64706   0.06988   29.36440    0.06988    29.36440
S  SUM/AVG    599    17     2.83806 -199178.87692    -332.51899   20.00000   0.23739   99.75554    0.23739    99.75554

T best solution: EADARPSolution(t_routing=519.501, t_excess=151.742, obj_val=427.562, obj_val_valid=true,
    unserved_requests=Int64[], F_visited=[66, 67, 68], S_visited=[71, 69, 70],
    (1, ([63, 24, 21, 51, 54, 3, 19, 49, 33, 22, 8, 52, 38, 29, 59, 6, 36, 71, 13, 43, 2, 26, 32, 56, 20, 50, 66], [101.9031223467053], [18]))
    (2, ([64, 1, 31, 7, 37, 12, 42, 5, 28, 35, 58, 70, 10, 30, 40, 60, 67], [60.58471759084215], [12]))
    (3, ([65, 18, 48, 25, 16, 55, 46, 4, 34, 14, 9, 44, 39, 15, 45, 11, 41, 17, 47, 27, 23, 53, 57, 69, 68], [114.01360043556603], [24])))

T best obj: 427.56154187581024
T best iteration: 254
T total iterations: 300
T best time [s]: 0.232
T total time [s]: 0.2380
