EADARP version 2def-dirty
ARGS: --ifile=EADARP/instances/b1/a4-48.txt --odir=EADARP/out/a4-48 --oname=run27
Settings:
--alns_gamma=0.025
--alns_segment_size=100
--alns_sigma1=10
--alns_sigma2=9
--alns_sigma3=3
--at_most_one_s=false
--gamma=-1.0
--ifile=EADARP/instances/b1/a4-48.txt
--insert_charging_otf=true
--insert_cost_noise=0.014
--lns_init_temp_factor=0.0
--lns_temp_dec_factor=0.99
--mh_checkit=false
--mh_lfreq=0
--mh_lnewinc=true
--mh_tciter=-1
--mh_tctime=-1.0
--mh_titer=300
--mh_tobj=-1.0
--mh_ttime=-1.0
--odir=EADARP/out/a4-48
--oname=run27
--only_single_s_visits=true
--repair_max_routes=0
--seed=1051617722
--use_milp_in_otf=0
--xcheck_isfeasible=false

EADARPInstance(EADARP/instances/b1/a4-48.txt, n=48, n_K=4, S=[107, 108, 109], Q=14.85, n_F=4, γ=0.7, T_plan=720.0, F=[103, 104, 105, 106])

T preprocessing time [s]: 1.16502
I       iter             best          obj_old          obj_new        time              method info
I          1     100004.00000     100048.00000     100004.00000      0.0975                 con 
I          7     100003.00000     100004.00000     100003.00000      0.2819        drrr_15+rrri 
I         11     100001.00000     100003.00000     100001.00000      0.3383        drrr_15+rrri 
I         16        602.55904     100001.00000        602.55904      0.4277        drrr_15+rroi 
I         18        601.83656        602.55904        601.83656      0.4391         drrr_15+rrg 
I         19        601.52929        601.83656        601.52929      0.4502        drrr_15+rrri 
I         26        600.67573        601.52929        600.67573      0.4887        drrr_15+rrri 
I         36        598.43152        600.67573        598.43152      0.5517        drrr_15+rroi 
I        113        597.89703        598.43152        597.89703      0.7920        drrr_15+rrri 
I        156        589.58637        597.89703        589.58637      0.8558        drrr_15+rrri 
I        159        588.58886        589.58637        588.58886      0.8562        drrr_15+rroi 
I        300        588.58886        588.58886        588.58886      1.0328         drrr_15+rrg 

Method statistics
S  method    iter  succ  succ-rate%  tot-obj-gain  avg-obj-gain  rel-succ%  net-time  net-time%  brut-time  brut-time%
S  con          1     1   100.00000     -44.00000     -44.00000    4.76190   0.09745    9.43526    0.09745     9.43526
S  drrr_15    299    10     3.34448  -99415.41114    -332.49301   47.61905   0.00262    0.25347    0.00262     0.25347
S  rrg         92     1     1.08696      -0.72248      -0.00785    4.76190   0.35844   34.70543    0.35844    34.70543
S  rroi       106     3     2.83019  -99401.68268    -937.75172   14.28571   0.25268   24.46543    0.25268    24.46543
S  rrri       101     6     5.94059     -13.00598      -0.12877   28.57143   0.32051   31.03265    0.32051    31.03265
S  SUM/AVG    599    21     3.50584 -198874.82229    -332.01139   20.00000   1.03171   99.89224    1.03171    99.89224

T best solution: EADARPSolution(t_routing=742.433, t_excess=127.056, obj_val=588.589, obj_val_valid=true,
    unserved_requests=Int64[], F_visited=[104, 103, 105, 106], S_visited=[109, 108, 107],
    (1, ([99, 25, 73, 26, 38, 86, 74, 17, 65, 48, 28, 76, 96, 2, 50, 21, 69, 37, 39, 87, 85, 14, 62, 13, 61, 109, 10, 58, 3, 51, 103], [148.08780914010748], [26]))
    (2, ([100, 33, 81, 34, 82, 23, 71, 6, 54, 40, 88, 7, 55, 104], Float64[], Int64[]))
    (3, ([101, 29, 77, 30, 78, 16, 20, 64, 44, 92, 68, 8, 56, 32, 80, 47, 27, 95, 75, 46, 94, 42, 12, 60, 90, 107, 18, 36, 84, 66, 4, 41, 89, 52, 105], [151.5783312445091], [26]))
    (4, ([102, 9, 57, 15, 63, 43, 91, 45, 19, 93, 67, 11, 24, 72, 59, 5, 53, 1, 49, 35, 83, 31, 22, 79, 70, 108, 106], [119.0821470715839], [26])))

T best obj: 588.5888574295523
T best iteration: 159
T total iterations: 300
T best time [s]: 0.856
T total time [s]: 1.0328
