EADARP version 2def-dirty
ARGS: --ifile=EADARP/instances/b1/a4-48.txt --odir=EADARP/out/a4-48 --oname=run47
Settings:
--alns_gamma=0.025
--alns_segment_size=100
--alns_sigma1=10
--alns_sigma2=9
--alns_sigma3=3
--at_most_one_s=false
--gamma=-1.0
--ifile=EADARP/instances/b1/a4-48.txt
--insert_charging_otf=true
--insert_cost_noise=0.014
--lns_init_temp_factor=0.0
--lns_temp_dec_factor=0.99
--mh_checkit=false
--mh_lfreq=0
--mh_lnewinc=true
--mh_tciter=-1
--mh_tctime=-1.0
--mh_titer=300
--mh_tobj=-1.0
--mh_ttime=-1.0
--odir=EADARP/out/a4-48
--oname=run47
--only_single_s_visits=true
--repair_max_routes=0
--seed=818758669
--use_milp_in_otf=0
--xcheck_isfeasible=false

EADARPInstance(EADARP/instances/b1/a4-48.txt, n=48, n_K=4, S=[107, 108, 109], Q=14.85, n_F=4, γ=0.7, T_plan=720.0, F=[103, 104, 105, 106])

T preprocessing time [s]: 1.14669
I       iter             best          obj_old          obj_new        time              method info
I          1     100002.00000     100048.00000     100002.00000      0.0916                 con 
I         28     100001.00000     100002.00000     100001.00000      0.5594         drrr_15+rrg 
I        300     100001.00000     100001.00000     100002.00000      1.4153        drrr_15+rroi 

Method statistics
S  method    iter  succ  succ-rate%  tot-obj-gain  avg-obj-gain  rel-succ%  net-time  net-time%  brut-time  brut-time%
S  con          1     1   100.00000     -46.00000     -46.00000   33.33333   0.09161    6.47320    0.09161     6.47320
S  drrr_15    299     1     0.33445      -1.00000      -0.00334   33.33333   0.00292    0.20666    0.00292     0.20666
S  rrg        112     1     0.89286      -1.00000      -0.00893   33.33333   0.46809   33.07333    0.46809    33.07333
S  rroi        90     0     0.00000       0.00000       0.00000    0.00000   0.36814   26.01129    0.36814    26.01129
S  rrri        97     0     0.00000       0.00000       0.00000    0.00000   0.48348   34.16100    0.48348    34.16100
S  SUM/AVG    599     3     0.50083     -48.00000      -0.08013   20.00000   1.41424   99.92549    1.41424    99.92549

T best solution: EADARPSolution(t_routing=-1.0, t_excess=-1.0, obj_val=100001.0, obj_val_valid=true,
    unserved_requests=[26], F_visited=[106, 105, 104, 103], S_visited=[108, 107, 109],
    (1, ([99, 25, 30, 73, 38, 78, 86, 17, 65, 34, 82, 23, 71, 37, 39, 87, 85, 5, 53, 109, 18, 36, 84, 66, 3, 10, 58, 51, 103], [117.02081724426459], [20]))
    (2, ([100, 29, 77, 16, 20, 64, 44, 92, 68, 8, 56, 9, 57, 15, 63, 6, 43, 54, 91, 47, 27, 95, 75, 46, 94, 42, 12, 60, 90, 13, 61, 107, 4, 41, 89, 52, 104], [171.1840272009182], [32]))
    (3, ([101, 32, 80, 45, 19, 93, 67, 40, 88, 7, 55, 105], Float64[], Int64[]))
    (4, ([102, 33, 81, 48, 28, 76, 96, 2, 50, 21, 69, 11, 24, 72, 59, 14, 62, 1, 49, 35, 83, 31, 22, 79, 70, 108, 106], [122.4461167620557], [26])))

T best obj: 100001.0
T best iteration: 28
T total iterations: 300
T best time [s]: 0.559
T total time [s]: 1.4153
