EADARP version 2def-dirty
ARGS: --ifile=EADARP/instances/b1/a4-48.txt --odir=EADARP/out/a4-48 --oname=run53
Settings:
--alns_gamma=0.025
--alns_segment_size=100
--alns_sigma1=10
--alns_sigma2=9
--alns_sigma3=3
--at_most_one_s=false
--gamma=-1.0
--ifile=EADARP/instances/b1/a4-48.txt
--insert_charging_otf=true
--insert_cost_noise=0.014
--lns_init_temp_factor=0.0
--lns_temp_dec_factor=0.99
--mh_checkit=false
--mh_lfreq=0
--mh_lnewinc=true
--mh_tciter=-1
--mh_tctime=-1.0
--mh_titer=300
--mh_tobj=-1.0
--mh_ttime=-1.0
--odir=EADARP/out/a4-48
--oname=run53
--only_single_s_visits=true
--repair_max_routes=0
--seed=1904416897
--use_milp_in_otf=0
--xcheck_isfeasible=false

EADARPInstance(EADARP/instances/b1/a4-48.txt, n=48, n_K=4, S=[107, 108, 109], Q=14.85, n_F=4, γ=0.7, T_plan=720.0, F=[103, 104, 105, 106])

T preprocessing time [s]: 1.14724
I       iter             best          obj_old          obj_new        time              method info
I          1     100005.00000     100048.00000     100005.00000      0.1065                 con 
I          2     100004.00000     100005.00000     100004.00000      0.1168         drrr_15+rrg 
I          3     100002.00000     100004.00000     100002.00000      0.1435         drrr_15+rrg 
I         10     100001.00000     100002.00000     100001.00000      0.2640        drrr_15+rroi 
I         79        622.53433     100001.00000        622.53433      0.7873        drrr_15+rroi 
I        115        616.74858        622.53433        616.74858      0.9678        drrr_15+rroi 
I        259        612.70249        616.74858        612.70249      1.2073        drrr_15+rrri 
I        300        612.70249        612.70249     100003.00000      1.2947        drrr_15+rrri 

Method statistics
S  method    iter  succ  succ-rate%  tot-obj-gain  avg-obj-gain  rel-succ%  net-time  net-time%  brut-time  brut-time%
S  con          1     1   100.00000     -43.00000     -43.00000    7.69231   0.10651    8.22620    0.10651     8.22620
S  drrr_15    299     6     2.00669  -99392.29751    -332.41571   46.15385   0.00289    0.22300    0.00289     0.22300
S  rrg         90     2     2.22222      -3.00000      -0.03333   15.38462   0.43952   33.94750    0.43952    33.94750
S  rroi       112     3     2.67857  -99385.25142    -887.36832   23.07692   0.36433   28.13957    0.36433    28.13957
S  rrri        97     1     1.03093      -4.04610      -0.04171    7.69231   0.38031   29.37437    0.38031    29.37437
S  SUM/AVG    599    13     2.17028 -198827.59502    -331.93255   20.00000   1.29356   99.91063    1.29356    99.91063

T best solution: EADARPSolution(t_routing=757.615, t_excess=177.964, obj_val=612.702, obj_val_valid=true,
    unserved_requests=Int64[], F_visited=[105, 103, 106, 104], S_visited=[109, 107, 108],
    (1, ([99, 30, 78, 16, 20, 64, 44, 92, 68, 8, 56, 9, 57, 32, 80, 2, 50, 21, 69, 11, 24, 72, 59, 108, 36, 18, 84, 66, 3, 10, 58, 51, 103], [148.78910052726675], [24]))
    (2, ([100, 33, 81, 17, 65, 34, 82, 23, 71, 43, 91, 45, 19, 93, 67, 107, 31, 22, 79, 70, 4, 41, 89, 52, 104], [121.70466792450274], [16]))
    (3, ([101, 25, 73, 26, 38, 86, 74, 48, 28, 96, 76, 6, 54, 47, 27, 95, 75, 46, 94, 12, 42, 13, 60, 90, 61, 5, 53, 1, 49, 35, 83, 109, 105], [168.14754890406593], [32]))
    (4, ([102, 29, 77, 15, 63, 37, 39, 87, 85, 14, 62, 40, 88, 7, 55, 106], Float64[], Int64[])))

T best obj: 612.7024897509697
T best iteration: 259
T total iterations: 300
T best time [s]: 1.207
T total time [s]: 1.2947
