EADARP version 2def-dirty
ARGS: --ifile=EADARP/instances/b1/a4-48.txt --odir=EADARP/out/a4-48 --oname=run59
Settings:
--alns_gamma=0.025
--alns_segment_size=100
--alns_sigma1=10
--alns_sigma2=9
--alns_sigma3=3
--at_most_one_s=false
--gamma=-1.0
--ifile=EADARP/instances/b1/a4-48.txt
--insert_charging_otf=true
--insert_cost_noise=0.014
--lns_init_temp_factor=0.0
--lns_temp_dec_factor=0.99
--mh_checkit=false
--mh_lfreq=0
--mh_lnewinc=true
--mh_tciter=-1
--mh_tctime=-1.0
--mh_titer=300
--mh_tobj=-1.0
--mh_ttime=-1.0
--odir=EADARP/out/a4-48
--oname=run59
--only_single_s_visits=true
--repair_max_routes=0
--seed=913687146
--use_milp_in_otf=0
--xcheck_isfeasible=false

EADARPInstance(EADARP/instances/b1/a4-48.txt, n=48, n_K=4, S=[107, 108, 109], Q=14.85, n_F=4, γ=0.7, T_plan=720.0, F=[103, 104, 105, 106])

T preprocessing time [s]: 1.14844
I       iter             best          obj_old          obj_new        time              method info
I          1     100003.00000     100048.00000     100003.00000      0.0947                 con 
I          3     100002.00000     100003.00000     100002.00000      0.1950        drrr_15+rroi 
I          5     100001.00000     100002.00000     100001.00000      0.2391         drrr_15+rrg 
I        175        595.35009     100001.00000        595.35009      1.2047        drrr_15+rrri 
I        213        595.06479        595.35009        595.06479      1.2744        drrr_15+rrri 
I        217        590.03218        595.06479        590.03218      1.2891        drrr_15+rrri 
I        223        589.86764        590.03218        589.86764      1.2957         drrr_15+rrg 
I        256        589.56301        589.86764        589.56301      1.3301         drrr_15+rrg 
I        300        589.56301        589.56301     100002.00000      1.4007        drrr_15+rrri 

Method statistics
S  method    iter  succ  succ-rate%  tot-obj-gain  avg-obj-gain  rel-succ%  net-time  net-time%  brut-time  brut-time%
S  con          1     1   100.00000     -45.00000     -45.00000    6.66667   0.09471    6.76116    0.09471     6.76116
S  drrr_15    299     7     2.34114  -99413.43699    -332.48641   46.66667   0.00280    0.20003    0.00280     0.20003
S  rrg        102     3     2.94118      -1.46918      -0.01440   20.00000   0.45148   32.23161    0.45148    32.23161
S  rroi        91     1     1.09890      -1.00000      -0.01099    6.66667   0.31465   22.46318    0.31465    22.46318
S  rrri       106     3     2.83019  -99410.96782    -937.83932   20.00000   0.53595   38.26215    0.53595    38.26215
S  SUM/AVG    599    15     2.50417 -198871.87399    -332.00647   20.00000   1.39959   99.91813    1.39959    99.91813

T best solution: EADARPSolution(t_routing=736.482, t_excess=148.805, obj_val=589.563, obj_val_valid=true,
    unserved_requests=Int64[], F_visited=[106, 103, 105, 104], S_visited=[108, 109, 107],
    (1, ([99, 29, 77, 30, 78, 16, 20, 64, 44, 92, 68, 8, 56, 48, 28, 96, 76, 43, 91, 47, 27, 95, 75, 46, 94, 42, 12, 60, 90, 5, 53, 40, 88, 107, 103], [173.05159769791683], [34]))
    (2, ([100, 33, 81, 9, 57, 15, 63, 23, 71, 2, 50, 11, 24, 72, 59, 108, 31, 79, 18, 36, 84, 66, 4, 41, 89, 52, 104], [95.26787583457491], [16]))
    (3, ([101, 25, 73, 26, 38, 86, 74, 17, 65, 34, 82, 32, 80, 6, 54, 21, 69, 37, 39, 87, 85, 14, 62, 1, 49, 109, 10, 58, 3, 51, 105], [148.74147660039986], [26]))
    (4, ([102, 45, 19, 93, 67, 13, 61, 35, 22, 83, 70, 7, 55, 106], Float64[], Int64[])))

T best obj: 589.5630072597932
T best iteration: 256
T total iterations: 300
T best time [s]: 1.330
T total time [s]: 1.4007
