EADARP version 2def-dirty
ARGS: --ifile=EADARP/instances/b1/a4-48.txt --odir=EADARP/out/a4-48 --oname=run57
Settings:
--alns_gamma=0.025
--alns_segment_size=100
--alns_sigma1=10
--alns_sigma2=9
--alns_sigma3=3
--at_most_one_s=false
--gamma=-1.0
--ifile=EADARP/instances/b1/a4-48.txt
--insert_charging_otf=true
--insert_cost_noise=0.014
--lns_init_temp_factor=0.0
--lns_temp_dec_factor=0.99
--mh_checkit=false
--mh_lfreq=0
--mh_lnewinc=true
--mh_tciter=-1
--mh_tctime=-1.0
--mh_titer=300
--mh_tobj=-1.0
--mh_ttime=-1.0
--odir=EADARP/out/a4-48
--oname=run57
--only_single_s_visits=true
--repair_max_routes=0
--seed=460522958
--use_milp_in_otf=0
--xcheck_isfeasible=false

EADARPInstance(EADARP/instances/b1/a4-48.txt, n=48, n_K=4, S=[107, 108, 109], Q=14.85, n_F=4, γ=0.7, T_plan=720.0, F=[103, 104, 105, 106])

T preprocessing time [s]: 1.14457
I       iter             best          obj_old          obj_new        time              method info
I          1     100001.00000     100048.00000     100001.00000      0.1038                 con 
I         97        605.79120     100001.00000        605.79120      0.9051        drrr_15+rrri 
I        104        597.55442        605.79120        597.55442      0.9255        drrr_15+rrri 
I        123        592.35551        597.55442        592.35551      0.9620        drrr_15+rroi 
I        141        590.45966        592.35551        590.45966      0.9889        drrr_15+rroi 
I        161        588.28648        590.45966        588.28648      1.0181        drrr_15+rrri 
I        300        588.28648        588.28648     100002.00000      1.2360        drrr_15+rrri 

Method statistics
S  method    iter  succ  succ-rate%  tot-obj-gain  avg-obj-gain  rel-succ%  net-time  net-time%  brut-time  brut-time%
S  con          1     1   100.00000     -47.00000     -47.00000    9.09091   0.10376    8.39494    0.10376     8.39494
S  drrr_15    299     5     1.67224  -99412.71352    -332.48399   45.45455   0.00274    0.22143    0.00274     0.22143
S  rrg        104     0     0.00000       0.00000       0.00000    0.00000   0.41240   33.36589    0.41240    33.36589
S  rroi        99     2     2.02020      -7.09476      -0.07166   18.18182   0.37669   30.47680    0.37669    30.47680
S  rrri        96     3     3.12500  -99405.61876   -1035.47520   27.27273   0.33933   27.45422    0.33933    27.45422
S  SUM/AVG    599    11     1.83639 -198872.42704    -332.00739   20.00000   1.23491   99.91327    1.23491    99.91327

T best solution: EADARPSolution(t_routing=738.667, t_excess=137.146, obj_val=588.286, obj_val_valid=true,
    unserved_requests=Int64[], F_visited=[104, 105, 106, 103], S_visited=[108, 107, 109],
    (1, ([99, 25, 73, 26, 38, 86, 74, 2, 50, 21, 69, 11, 24, 72, 59, 108, 31, 79, 18, 36, 84, 66, 4, 41, 89, 52, 103], [95.104410154754], [16]))
    (2, ([100, 29, 77, 30, 78, 33, 81, 8, 56, 9, 57, 15, 63, 23, 71, 43, 91, 45, 93, 37, 39, 87, 85, 14, 62, 1, 49, 109, 10, 58, 3, 51, 104], [148.0268853463858], [28]))
    (3, ([101, 16, 20, 64, 44, 92, 68, 17, 65, 48, 28, 96, 76, 6, 54, 47, 27, 95, 75, 46, 94, 42, 12, 60, 90, 13, 61, 5, 53, 40, 88, 107, 105], [174.96145472413855], [32]))
    (4, ([102, 34, 82, 32, 80, 19, 67, 35, 22, 83, 70, 7, 55, 106], Float64[], Int64[])))

T best obj: 588.2864795312178
T best iteration: 161
T total iterations: 300
T best time [s]: 1.018
T total time [s]: 1.2360
