EADARP version 2def-dirty
ARGS: --ifile=EADARP/instances/b1/a4-48.txt --odir=EADARP/out/a4-48 --oname=run79
Settings:
--alns_gamma=0.025
--alns_segment_size=100
--alns_sigma1=10
--alns_sigma2=9
--alns_sigma3=3
--at_most_one_s=false
--gamma=-1.0
--ifile=EADARP/instances/b1/a4-48.txt
--insert_charging_otf=true
--insert_cost_noise=0.014
--lns_init_temp_factor=0.0
--lns_temp_dec_factor=0.99
--mh_checkit=false
--mh_lfreq=0
--mh_lnewinc=true
--mh_tciter=-1
--mh_tctime=-1.0
--mh_titer=300
--mh_tobj=-1.0
--mh_ttime=-1.0
--odir=EADARP/out/a4-48
--oname=run79
--only_single_s_visits=true
--repair_max_routes=0
--seed=1047971158
--use_milp_in_otf=0
--xcheck_isfeasible=false

EADARPInstance(EADARP/instances/b1/a4-48.txt, n=48, n_K=4, S=[107, 108, 109], Q=14.85, n_F=4, γ=0.7, T_plan=720.0, F=[103, 104, 105, 106])

T preprocessing time [s]: 1.15231
I       iter             best          obj_old          obj_new        time              method info
I          1     100002.00000     100048.00000     100002.00000      0.0922                 con 
I         15     100001.00000     100002.00000     100001.00000      0.3927         drrr_15+rrg 
I         50        619.56363     100001.00000        619.56363      0.7755        drrr_15+rroi 
I         53        618.21396        619.56363        618.21396      0.8188        drrr_15+rrri 
I         59        616.61639        618.21396        616.61639      0.8801        drrr_15+rrri 
I         60        615.50182        616.61639        615.50182      0.8816        drrr_15+rrri 
I        300        615.50182        615.50182     100003.00000      1.3149        drrr_15+rrri 

Method statistics
S  method    iter  succ  succ-rate%  tot-obj-gain  avg-obj-gain  rel-succ%  net-time  net-time%  brut-time  brut-time%
S  con          1     1   100.00000     -46.00000     -46.00000    9.09091   0.09214    7.00713    0.09214     7.00713
S  drrr_15    299     5     1.67224  -99386.49818    -332.39631   45.45455   0.00278    0.21130    0.00278     0.21130
S  rrg        106     1     0.94340      -1.00000      -0.00943    9.09091   0.60330   45.87919    0.60330    45.87919
S  rroi       108     1     0.92593  -99381.43637    -920.19848    9.09091   0.30642   23.30266    0.30642    23.30266
S  rrri        85     3     3.52941      -4.06181      -0.04779   27.27273   0.30921   23.51449    0.30921    23.51449
S  SUM/AVG    599    11     1.83639 -198818.99636    -331.91819   20.00000   1.31386   99.91477    1.31386    99.91477

T best solution: EADARPSolution(t_routing=777.118, t_excess=130.654, obj_val=615.502, obj_val_valid=true,
    unserved_requests=Int64[], F_visited=[103, 105, 104, 106], S_visited=[107, 109, 108],
    (1, ([99, 31, 79, 18, 36, 84, 66, 4, 41, 89, 52, 103], Float64[], Int64[]))
    (2, ([100, 29, 77, 30, 78, 16, 20, 64, 44, 92, 68, 8, 56, 9, 57, 15, 63, 23, 71, 43, 91, 47, 27, 95, 75, 46, 94, 42, 12, 60, 90, 40, 88, 107, 104], [161.3736904044641], [34]))
    (3, ([101, 33, 81, 48, 28, 76, 96, 2, 50, 45, 19, 93, 67, 11, 24, 72, 59, 5, 53, 1, 49, 35, 83, 22, 70, 108, 105], [128.7791755656506], [26]))
    (4, ([102, 25, 73, 26, 38, 86, 74, 17, 65, 34, 82, 32, 80, 6, 54, 21, 69, 37, 39, 87, 85, 14, 62, 13, 61, 109, 7, 55, 3, 10, 58, 51, 106], [163.52888708012807], [26])))

T best obj: 615.501818736433
T best iteration: 60
T total iterations: 300
T best time [s]: 0.882
T total time [s]: 1.3150
