EADARP version 2def-dirty
ARGS: --ifile=EADARP/instances/b1/a4-48.txt --odir=EADARP/out/a4-48 --oname=run77
Settings:
--alns_gamma=0.025
--alns_segment_size=100
--alns_sigma1=10
--alns_sigma2=9
--alns_sigma3=3
--at_most_one_s=false
--gamma=-1.0
--ifile=EADARP/instances/b1/a4-48.txt
--insert_charging_otf=true
--insert_cost_noise=0.014
--lns_init_temp_factor=0.0
--lns_temp_dec_factor=0.99
--mh_checkit=false
--mh_lfreq=0
--mh_lnewinc=true
--mh_tciter=-1
--mh_tctime=-1.0
--mh_titer=300
--mh_tobj=-1.0
--mh_ttime=-1.0
--odir=EADARP/out/a4-48
--oname=run77
--only_single_s_visits=true
--repair_max_routes=0
--seed=1393447579
--use_milp_in_otf=0
--xcheck_isfeasible=false

EADARPInstance(EADARP/instances/b1/a4-48.txt, n=48, n_K=4, S=[107, 108, 109], Q=14.85, n_F=4, γ=0.7, T_plan=720.0, F=[103, 104, 105, 106])

T preprocessing time [s]: 1.1301
I       iter             best          obj_old          obj_new        time              method info
I          1     100001.00000     100048.00000     100001.00000      0.0927                 con 
I        161        624.33362     100001.00000        624.33362      1.2656        drrr_15+rrri 
I        162        610.18198        624.33362        610.18198      1.2670        drrr_15+rrri 
I        179        601.85345        610.18198        601.85345      1.3295        drrr_15+rrri 
I        192        599.75589        601.85345        599.75589      1.3781        drrr_15+rrri 
I        202        599.46426        599.75589        599.46426      1.4052         drrr_15+rrg 
I        205        595.53506        599.46426        595.53506      1.4060        drrr_15+rrri 
I        211        595.13252        595.53506        595.13252      1.4110        drrr_15+rrri 
I        229        592.68605        595.13252        592.68605      1.4299        drrr_15+rrri 
I        231        589.74799        592.68605        589.74799      1.4301        drrr_15+rroi 
I        251        589.24492        589.74799        589.24492      1.4543         drrr_15+rrg 
I        274        588.05680        589.24492        588.05680      1.4797        drrr_15+rrri 
I        279        584.64963        588.05680        584.64963      1.4810        drrr_15+rroi 
I        284        578.36576        584.64963        578.36576      1.4903        drrr_15+rrri 
I        300        578.36576        578.36576     100001.00000      1.5100         drrr_15+rrg 

Method statistics
S  method    iter  succ  succ-rate%  tot-obj-gain  avg-obj-gain  rel-succ%  net-time  net-time%  brut-time  brut-time%
S  con          1     1   100.00000     -47.00000     -47.00000    3.70370   0.09268    6.13788    0.09268     6.13788
S  drrr_15    299    13     4.34783  -99422.63424    -332.51717   48.14815   0.00295    0.19532    0.00295     0.19532
S  rrg        104     2     1.92308      -0.79471      -0.00764    7.40741   0.52892   35.02841    0.52892    35.02841
S  rroi        91     2     2.19780      -6.34522      -0.06973    7.40741   0.38479   25.48319    0.38479    25.48319
S  rrri       104     9     8.65385  -99415.49431    -955.91821   33.33333   0.49938   33.07211    0.49938    33.07211
S  SUM/AVG    599    27     4.50751 -198892.26847    -332.04051   20.00000   1.50873   99.91690    1.50873    99.91690

T best solution: EADARPSolution(t_routing=728.802, t_excess=127.056, obj_val=578.366, obj_val_valid=true,
    unserved_requests=Int64[], F_visited=[105, 106, 104, 103], S_visited=[107, 108, 109],
    (1, ([99, 16, 20, 64, 44, 92, 68, 8, 56, 32, 80, 6, 54, 47, 27, 95, 75, 46, 94, 42, 12, 60, 90, 13, 61, 31, 22, 79, 70, 107, 103], [133.7622304604842], [30]))
    (2, ([100, 29, 77, 30, 78, 33, 81, 17, 65, 34, 82, 23, 71, 43, 91, 108, 5, 53, 35, 83, 18, 36, 84, 66, 4, 41, 89, 52, 104], [132.50762170037135], [16]))
    (3, ([101, 25, 73, 26, 38, 86, 74, 48, 28, 76, 96, 2, 50, 21, 69, 45, 19, 93, 67, 11, 24, 72, 59, 1, 49, 109, 10, 58, 3, 51, 105], [141.98670393735532], [26]))
    (4, ([102, 9, 57, 15, 63, 37, 39, 87, 85, 14, 62, 40, 88, 7, 55, 106], Float64[], Int64[])))

T best obj: 578.3657635489517
T best iteration: 284
T total iterations: 300
T best time [s]: 1.490
T total time [s]: 1.5100
