EADARP version 2def-dirty
ARGS: --ifile=EADARP/instances/b1/a4-48.txt --odir=EADARP/out/a4-48 --oname=run89
Settings:
--alns_gamma=0.025
--alns_segment_size=100
--alns_sigma1=10
--alns_sigma2=9
--alns_sigma3=3
--at_most_one_s=false
--gamma=-1.0
--ifile=EADARP/instances/b1/a4-48.txt
--insert_charging_otf=true
--insert_cost_noise=0.014
--lns_init_temp_factor=0.0
--lns_temp_dec_factor=0.99
--mh_checkit=false
--mh_lfreq=0
--mh_lnewinc=true
--mh_tciter=-1
--mh_tctime=-1.0
--mh_titer=300
--mh_tobj=-1.0
--mh_ttime=-1.0
--odir=EADARP/out/a4-48
--oname=run89
--only_single_s_visits=true
--repair_max_routes=0
--seed=1286764916
--use_milp_in_otf=0
--xcheck_isfeasible=false

EADARPInstance(EADARP/instances/b1/a4-48.txt, n=48, n_K=4, S=[107, 108, 109], Q=14.85, n_F=4, γ=0.7, T_plan=720.0, F=[103, 104, 105, 106])

T preprocessing time [s]: 1.1378
I       iter             best          obj_old          obj_new        time              method info
I          1     100004.00000     100048.00000     100004.00000      0.1005                 con 
I          6     100003.00000     100004.00000     100003.00000      0.3063        drrr_15+rrri 
I         10     100002.00000     100003.00000     100002.00000      0.3631        drrr_15+rroi 
I         17     100001.00000     100002.00000     100001.00000      0.4419         drrr_15+rrg 
I        215        613.45174     100001.00000        613.45174      1.1201        drrr_15+rrri 
I        218        607.11166        613.45174        607.11166      1.1310        drrr_15+rrri 
I        232        593.96676        607.11166        593.96676      1.1592         drrr_15+rrg 
I        259        592.21400        593.96676        592.21400      1.1740        drrr_15+rroi 
I        264        590.77091        592.21400        590.77091      1.1763         drrr_15+rrg 
I        278        590.23490        590.77091        590.23490      1.1908         drrr_15+rrg 
I        292        587.37085        590.23490        587.37085      1.1954        drrr_15+rrri 
I        300        587.37085        587.37085     100001.00000      1.2065         drrr_15+rrg 

Method statistics
S  method    iter  succ  succ-rate%  tot-obj-gain  avg-obj-gain  rel-succ%  net-time  net-time%  brut-time  brut-time%
S  con          1     1   100.00000     -44.00000     -44.00000    4.76190   0.10049    8.32866    0.10049     8.32866
S  drrr_15    299    10     3.34448  -99416.62915    -332.49709   47.61905   0.00270    0.22352    0.00270     0.22352
S  rrg        101     4     3.96040     -16.12401      -0.15964   19.04762   0.47943   39.73719    0.47943    39.73719
S  rroi       106     2     1.88679      -2.75275      -0.02597    9.52381   0.23894   19.80395    0.23894    19.80395
S  rrri        92     4     4.34783  -99397.75239   -1080.41035   19.04762   0.38377   31.80794    0.38377    31.80794
S  SUM/AVG    599    21     3.50584 -198877.25829    -332.01546   20.00000   1.20532   99.90125    1.20532    99.90125

T best solution: EADARPSolution(t_routing=741.629, t_excess=124.596, obj_val=587.371, obj_val_valid=true,
    unserved_requests=Int64[], F_visited=[103, 105, 106, 104], S_visited=[108, 109, 107],
    (1, ([99, 8, 56, 32, 80, 31, 22, 79, 70, 7, 55, 103], Float64[], Int64[]))
    (2, ([100, 25, 73, 26, 38, 86, 74, 48, 28, 96, 76, 43, 91, 45, 19, 93, 67, 11, 24, 72, 59, 108, 18, 36, 84, 66, 4, 41, 89, 52, 104], [123.50345438498921], [22]))
    (3, ([101, 29, 77, 30, 78, 33, 81, 17, 65, 9, 57, 15, 63, 2, 50, 21, 69, 37, 39, 87, 85, 14, 62, 1, 49, 109, 10, 58, 3, 51, 105], [154.18624685640552], [26]))
    (4, ([102, 16, 20, 64, 44, 92, 68, 34, 82, 23, 71, 6, 54, 47, 27, 95, 75, 46, 94, 42, 12, 60, 90, 13, 61, 5, 53, 40, 88, 35, 83, 107, 106], [149.7029825664844], [32])))

T best obj: 587.3708545671325
T best iteration: 292
T total iterations: 300
T best time [s]: 1.195
T total time [s]: 1.2065
