EADARP version 2def-dirty
ARGS: --ifile=EADARP/instances/b1/a4-48.txt --odir=EADARP/out/a4-48 --oname=run86
Settings:
--alns_gamma=0.025
--alns_segment_size=100
--alns_sigma1=10
--alns_sigma2=9
--alns_sigma3=3
--at_most_one_s=false
--gamma=-1.0
--ifile=EADARP/instances/b1/a4-48.txt
--insert_charging_otf=true
--insert_cost_noise=0.014
--lns_init_temp_factor=0.0
--lns_temp_dec_factor=0.99
--mh_checkit=false
--mh_lfreq=0
--mh_lnewinc=true
--mh_tciter=-1
--mh_tctime=-1.0
--mh_titer=300
--mh_tobj=-1.0
--mh_ttime=-1.0
--odir=EADARP/out/a4-48
--oname=run86
--only_single_s_visits=true
--repair_max_routes=0
--seed=542031276
--use_milp_in_otf=0
--xcheck_isfeasible=false

EADARPInstance(EADARP/instances/b1/a4-48.txt, n=48, n_K=4, S=[107, 108, 109], Q=14.85, n_F=4, γ=0.7, T_plan=720.0, F=[103, 104, 105, 106])

T preprocessing time [s]: 1.14155
I       iter             best          obj_old          obj_new        time              method info
I          1     100004.00000     100048.00000     100004.00000      0.1009                 con 
I          7     100003.00000     100004.00000     100003.00000      0.3474         drrr_15+rrg 
I         21     100002.00000     100003.00000     100002.00000      0.6873        drrr_15+rrri 
I         25     100001.00000     100002.00000     100001.00000      0.7345        drrr_15+rrri 
I         59        632.52845     100001.00000        632.52845      0.9831        drrr_15+rrri 
I         79        623.01679        632.52845        623.01679      1.0196        drrr_15+rrri 
I         84        617.90061        623.01679        617.90061      1.0258        drrr_15+rroi 
I        111        613.82502        617.90061        613.82502      1.1732         drrr_15+rrg 
I        129        611.21255        613.82502        611.21255      1.2114        drrr_15+rrri 
I        135        610.80066        611.21255        610.80066      1.2188        drrr_15+rrri 
I        137        607.93355        610.80066        607.93355      1.2205        drrr_15+rrri 
I        138        602.14198        607.93355        602.14198      1.2206        drrr_15+rroi 
I        175        600.28405        602.14198        600.28405      1.2499        drrr_15+rroi 
I        273        600.01819        600.28405        600.01819      1.3204         drrr_15+rrg 
I        300        600.01819        600.01819     100001.00000      1.3612        drrr_15+rroi 

Method statistics
S  method    iter  succ  succ-rate%  tot-obj-gain  avg-obj-gain  rel-succ%  net-time  net-time%  brut-time  brut-time%
S  con          1     1   100.00000     -44.00000     -44.00000    3.70370   0.10090    7.41282    0.10090     7.41282
S  drrr_15    299    13     4.34783  -99403.98181    -332.45479   48.14815   0.00260    0.19119    0.00260     0.19119
S  rrg         92     3     3.26087      -5.34144      -0.05806   11.11111   0.56703   41.65609    0.56703    41.65609
S  rroi       107     3     2.80374     -12.76568      -0.11931   11.11111   0.21375   15.70251    0.21375    15.70251
S  rrri       100     7     7.00000  -99385.87468    -993.85875   25.92593   0.47579   34.95286    0.47579    34.95286
S  SUM/AVG    599    27     4.50751 -198851.96362    -331.97323   20.00000   1.36007   99.91547    1.36007    99.91547

T best solution: EADARPSolution(t_routing=753.542, t_excess=139.446, obj_val=600.018, obj_val_valid=true,
    unserved_requests=Int64[], F_visited=[103, 105, 106, 104], S_visited=[107, 109, 108],
    (1, ([99, 16, 20, 64, 44, 92, 68, 34, 82, 23, 71, 2, 50, 21, 69, 37, 39, 87, 85, 14, 62, 1, 49, 109, 7, 55, 3, 10, 58, 51, 103], [120.63729328292564], [24]))
    (2, ([100, 25, 73, 26, 38, 86, 74, 17, 65, 48, 28, 96, 76, 6, 54, 45, 19, 93, 67, 11, 24, 72, 59, 108, 4, 41, 89, 52, 104], [139.2968717865334], [24]))
    (3, ([101, 29, 77, 30, 78, 33, 81, 8, 56, 9, 57, 15, 63, 43, 91, 47, 27, 95, 75, 46, 94, 42, 12, 60, 90, 13, 61, 5, 53, 40, 88, 35, 83, 107, 105], [176.39477600454674], [34]))
    (4, ([102, 32, 80, 31, 22, 79, 70, 18, 36, 84, 66, 106], Float64[], Int64[])))

T best obj: 600.0181915114417
T best iteration: 273
T total iterations: 300
T best time [s]: 1.320
T total time [s]: 1.3612
