EADARP version 2def-dirty
ARGS: --ifile=EADARP/instances/b1/a4-48.txt --odir=EADARP/out/a4-48 --oname=run83
Settings:
--alns_gamma=0.025
--alns_segment_size=100
--alns_sigma1=10
--alns_sigma2=9
--alns_sigma3=3
--at_most_one_s=false
--gamma=-1.0
--ifile=EADARP/instances/b1/a4-48.txt
--insert_charging_otf=true
--insert_cost_noise=0.014
--lns_init_temp_factor=0.0
--lns_temp_dec_factor=0.99
--mh_checkit=false
--mh_lfreq=0
--mh_lnewinc=true
--mh_tciter=-1
--mh_tctime=-1.0
--mh_titer=300
--mh_tobj=-1.0
--mh_ttime=-1.0
--odir=EADARP/out/a4-48
--oname=run83
--only_single_s_visits=true
--repair_max_routes=0
--seed=1054915134
--use_milp_in_otf=0
--xcheck_isfeasible=false

EADARPInstance(EADARP/instances/b1/a4-48.txt, n=48, n_K=4, S=[107, 108, 109], Q=14.85, n_F=4, γ=0.7, T_plan=720.0, F=[103, 104, 105, 106])

T preprocessing time [s]: 1.16553
I       iter             best          obj_old          obj_new        time              method info
I          1     100004.00000     100048.00000     100004.00000      0.1139                 con 
I         24     100003.00000     100004.00000     100003.00000      0.6360        drrr_15+rroi 
I         67     100002.00000     100003.00000     100002.00000      1.1753        drrr_15+rrri 
I         68     100001.00000     100002.00000     100001.00000      1.1936        drrr_15+rrri 
I        300     100001.00000     100001.00000     100001.00000      1.8049         drrr_15+rrg 

Method statistics
S  method    iter  succ  succ-rate%  tot-obj-gain  avg-obj-gain  rel-succ%  net-time  net-time%  brut-time  brut-time%
S  con          1     1   100.00000     -44.00000     -44.00000   14.28571   0.11389    6.30995    0.11389     6.30995
S  drrr_15    299     3     1.00334      -3.00000      -0.01003   42.85714   0.00294    0.16298    0.00294     0.16298
S  rrg         97     0     0.00000       0.00000       0.00000    0.00000   0.48618   26.93697    0.48618    26.93697
S  rroi       103     1     0.97087      -1.00000      -0.00971   14.28571   0.58113   32.19782    0.58113    32.19782
S  rrri        99     2     2.02020      -2.00000      -0.02020   28.57143   0.61949   34.32286    0.61949    34.32286
S  SUM/AVG    599     7     1.16861     -50.00000      -0.08347   20.00000   1.80362   99.93057    1.80362    99.93057

T best solution: EADARPSolution(t_routing=-1.0, t_excess=-1.0, obj_val=100001.0, obj_val_valid=true,
    unserved_requests=[35], F_visited=[106, 103, 104, 105], S_visited=[109, 107, 108],
    (1, ([99, 33, 81, 37, 39, 87, 85, 14, 62, 40, 88, 7, 55, 103], Float64[], Int64[]))
    (2, ([100, 29, 77, 16, 20, 64, 44, 92, 68, 8, 56, 48, 28, 96, 76, 23, 71, 6, 54, 21, 69, 27, 75, 46, 94, 19, 67, 24, 72, 5, 53, 107, 3, 10, 58, 51, 104], [182.81557530213087], [32]))
    (3, ([101, 26, 38, 86, 74, 17, 65, 9, 57, 15, 63, 43, 91, 47, 95, 45, 12, 42, 93, 60, 90, 109, 18, 36, 84, 66, 4, 41, 89, 52, 105], [152.99696398018847], [22]))
    (4, ([102, 25, 30, 73, 78, 34, 82, 32, 80, 2, 50, 11, 59, 13, 61, 1, 49, 31, 22, 79, 70, 108, 106], [124.78840977399169], [22])))

T best obj: 100001.0
T best iteration: 68
T total iterations: 300
T best time [s]: 1.194
T total time [s]: 1.8049
