EADARP version 2def-dirty
ARGS: --ifile=EADARP/instances/b1/a4-48.txt --odir=EADARP/out/a4-48 --oname=run80
Settings:
--alns_gamma=0.025
--alns_segment_size=100
--alns_sigma1=10
--alns_sigma2=9
--alns_sigma3=3
--at_most_one_s=false
--gamma=-1.0
--ifile=EADARP/instances/b1/a4-48.txt
--insert_charging_otf=true
--insert_cost_noise=0.014
--lns_init_temp_factor=0.0
--lns_temp_dec_factor=0.99
--mh_checkit=false
--mh_lfreq=0
--mh_lnewinc=true
--mh_tciter=-1
--mh_tctime=-1.0
--mh_titer=300
--mh_tobj=-1.0
--mh_ttime=-1.0
--odir=EADARP/out/a4-48
--oname=run80
--only_single_s_visits=true
--repair_max_routes=0
--seed=1224440693
--use_milp_in_otf=0
--xcheck_isfeasible=false

EADARPInstance(EADARP/instances/b1/a4-48.txt, n=48, n_K=4, S=[107, 108, 109], Q=14.85, n_F=4, γ=0.7, T_plan=720.0, F=[103, 104, 105, 106])

T preprocessing time [s]: 1.15296
I       iter             best          obj_old          obj_new        time              method info
I          1     100004.00000     100048.00000     100004.00000      0.0967                 con 
I         14     100002.00000     100004.00000     100002.00000      0.3600        drrr_15+rrri 
I         65     100001.00000     100002.00000     100001.00000      0.6604        drrr_15+rrri 
I        100        625.07463     100001.00000        625.07463      1.1372        drrr_15+rrri 
I        111        623.90488        625.07463        623.90488      1.2006        drrr_15+rrri 
I        139        623.09796        623.90488        623.09796      1.2938        drrr_15+rrri 
I        257        622.49782        623.09796        622.49782      1.4710        drrr_15+rrri 
I        261        620.41632        622.49782        620.41632      1.4803        drrr_15+rroi 
I        272        614.26526        620.41632        614.26526      1.4964        drrr_15+rroi 
I        280        612.67944        614.26526        612.67944      1.5047         drrr_15+rrg 
I        300        612.67944        612.67944     100003.00000      1.5158        drrr_15+rroi 

Method statistics
S  method    iter  succ  succ-rate%  tot-obj-gain  avg-obj-gain  rel-succ%  net-time  net-time%  brut-time  brut-time%
S  con          1     1   100.00000     -44.00000     -44.00000    5.26316   0.09670    6.37951    0.09670     6.37951
S  drrr_15    299     9     3.01003  -99391.32056    -332.41244   47.36842   0.00382    0.25198    0.00382     0.25198
S  rrg         87     1     1.14943      -1.58582      -0.01823    5.26316   0.45083   29.74088    0.45083    29.74088
S  rroi        97     2     2.06186      -8.23256      -0.08487   10.52632   0.43039   28.39211    0.43039    28.39211
S  rrri       115     6     5.21739  -99381.50218    -864.18698   31.57895   0.53289   35.15402    0.53289    35.15402
S  SUM/AVG    599    19     3.17195 -198826.64113    -331.93095   20.00000   1.51463   99.91851    1.51463    99.91851

T best solution: EADARPSolution(t_routing=778.14, t_excess=116.299, obj_val=612.679, obj_val_valid=true,
    unserved_requests=Int64[], F_visited=[105, 103, 104, 106], S_visited=[107, 108, 109],
    (1, ([99, 29, 77, 30, 78, 16, 20, 64, 44, 92, 68, 8, 56, 9, 57, 15, 63, 43, 91, 45, 19, 93, 67, 11, 24, 72, 59, 5, 53, 107, 7, 55, 4, 52, 103], [166.27016416764118], [30]))
    (2, ([100, 33, 81, 48, 28, 76, 96, 2, 50, 21, 69, 46, 94, 42, 12, 60, 90, 1, 49, 31, 22, 79, 70, 108, 104], [120.64850062566234], [24]))
    (3, ([101, 25, 73, 26, 38, 86, 74, 17, 65, 34, 82, 23, 71, 47, 27, 95, 75, 37, 39, 87, 85, 14, 62, 13, 61, 109, 41, 89, 10, 58, 3, 51, 105], [168.1878796131158], [26]))
    (4, ([102, 32, 80, 6, 54, 40, 88, 35, 83, 18, 36, 84, 66, 106], Float64[], Int64[])))

T best obj: 612.6794357145067
T best iteration: 280
T total iterations: 300
T best time [s]: 1.505
T total time [s]: 1.5159
