EADARP version 2def-dirty
ARGS: --ifile=EADARP/instances/b1/a4-48.txt --odir=EADARP/out/a4-48 --oname=run99
Settings:
--alns_gamma=0.025
--alns_segment_size=100
--alns_sigma1=10
--alns_sigma2=9
--alns_sigma3=3
--at_most_one_s=false
--gamma=-1.0
--ifile=EADARP/instances/b1/a4-48.txt
--insert_charging_otf=true
--insert_cost_noise=0.014
--lns_init_temp_factor=0.0
--lns_temp_dec_factor=0.99
--mh_checkit=false
--mh_lfreq=0
--mh_lnewinc=true
--mh_tciter=-1
--mh_tctime=-1.0
--mh_titer=300
--mh_tobj=-1.0
--mh_ttime=-1.0
--odir=EADARP/out/a4-48
--oname=run99
--only_single_s_visits=true
--repair_max_routes=0
--seed=1174784874
--use_milp_in_otf=0
--xcheck_isfeasible=false

EADARPInstance(EADARP/instances/b1/a4-48.txt, n=48, n_K=4, S=[107, 108, 109], Q=14.85, n_F=4, γ=0.7, T_plan=720.0, F=[103, 104, 105, 106])

T preprocessing time [s]: 1.14721
I       iter             best          obj_old          obj_new        time              method info
I          1     100001.00000     100048.00000     100001.00000      0.1029                 con 
I         73        627.60425     100001.00000        627.60425      0.8131        drrr_15+rrri 
I         75        624.10757        627.60425        624.10757      0.8232        drrr_15+rrri 
I         97        620.06147        624.10757        620.06147      0.9717        drrr_15+rroi 
I        119        619.70794        620.06147        619.70794      1.0236        drrr_15+rroi 
I        158        616.84083        619.70794        616.84083      1.1101        drrr_15+rrri 
I        163        603.67971        616.84083        603.67971      1.1109        drrr_15+rroi 
I        165        601.13832        603.67971        601.13832      1.1335        drrr_15+rrri 
I        178        599.71599        601.13832        599.71599      1.2000        drrr_15+rroi 
I        186        599.48506        599.71599        599.48506      1.2310        drrr_15+rrri 
I        190        597.77022        599.48506        597.77022      1.2321         drrr_15+rrg 
I        197        596.00794        597.77022        596.00794      1.2608        drrr_15+rrri 
I        300        596.00794        596.00794     100001.00000      1.3923        drrr_15+rrri 

Method statistics
S  method    iter  succ  succ-rate%  tot-obj-gain  avg-obj-gain  rel-succ%  net-time  net-time%  brut-time  brut-time%
S  con          1     1   100.00000     -47.00000     -47.00000    4.34783   0.10284    7.38681    0.10284     7.38681
S  drrr_15    299    11     3.67893  -99404.99206    -332.45817   47.82609   0.00285    0.20500    0.00285     0.20500
S  rrg        100     1     1.00000      -1.71483      -0.01715    4.34783   0.69842   50.16351    0.69842    50.16351
S  rroi       105     4     3.80952     -18.98308      -0.18079   17.39130   0.29132   20.92370    0.29132    20.92370
S  rrri        94     6     6.38298  -99384.29414   -1057.27972   26.08696   0.29555   21.22803    0.29555    21.22803
S  SUM/AVG    599    23     3.83973 -198856.98412    -331.98161   20.00000   1.39098   99.90705    1.39098    99.90705

T best solution: EADARPSolution(t_routing=750.866, t_excess=131.433, obj_val=596.008, obj_val_valid=true,
    unserved_requests=Int64[], F_visited=[106, 103, 105, 104], S_visited=[108, 107, 109],
    (1, ([99, 16, 20, 64, 44, 92, 68, 8, 56, 15, 63, 23, 71, 43, 91, 45, 19, 93, 37, 67, 85, 108, 18, 36, 84, 66, 4, 41, 89, 52, 103], [115.47092047248323], [22]))
    (2, ([100, 29, 77, 30, 78, 33, 81, 17, 65, 34, 82, 32, 80, 6, 54, 21, 69, 47, 27, 95, 75, 11, 24, 72, 59, 14, 62, 40, 88, 35, 83, 107, 104], [169.20448864316407], [32]))
    (3, ([101, 25, 73, 26, 38, 86, 74, 48, 28, 76, 96, 2, 50, 46, 94, 42, 12, 60, 90, 13, 61, 5, 53, 1, 49, 109, 10, 58, 3, 51, 105], [144.35527982309145], [26]))
    (4, ([102, 9, 57, 39, 87, 31, 22, 79, 70, 7, 55, 106], Float64[], Int64[])))

T best obj: 596.0079414814323
T best iteration: 197
T total iterations: 300
T best time [s]: 1.261
T total time [s]: 1.3923
