EADARP version 11bb-dirty
ARGS: --ifile=EADARP/instances/l1/a8-64.txt --infeasible_arcs=EADARP/infeasible_arcs --gamma=0.7 --only_single_s_visits=false --odir=EADARP/prunedArcs/a8-64 --oname=run16
Settings:
--alns_gamma=0.025
--alns_segment_size=100
--alns_sigma1=10
--alns_sigma2=9
--alns_sigma3=3
--at_most_one_s=false
--gamma=0.7
--ifile=EADARP/instances/l1/a8-64.txt
--infeasible_arcs=EADARP/infeasible_arcs
--insert_charging_otf=true
--insert_cost_noise=0.014
--lns_init_temp_factor=0.0
--lns_temp_dec_factor=0.99
--log_all_sols_fname=
--mh_checkit=false
--mh_lfreq=0
--mh_lnewinc=true
--mh_tciter=-1
--mh_tctime=-1.0
--mh_titer=30000
--mh_tobj=-1.0
--mh_ttime=-1.0
--odir=EADARP/prunedArcs/a8-64
--oname=run16
--only_single_s_visits=false
--repair_max_routes=0
--route_based_ops=0
--seed=799902826
--tightened_windows=EADARP/tightened_windows
--use_milp_in_otf=0
--xcheck_isfeasible=false

EADARPInstance(EADARP/instances/l1/a8-64.txt, n=64, n_K=8, S=[147, 148, 149], Q=14.85, n_F=8, γ=0.7, T_plan=480.0, F=[139, 140, 141, 142, 143, 144, 145, 146])

T preprocessing time [s]: 2.056
I       iter             best          obj_old          obj_new        time              method info
I          1        846.18572     100064.00000        846.18572      0.0630                 con 
I          3        841.20871        846.18572        841.20871      0.0810        drrr_15+rroi 
I          5        836.62683        841.20871        836.62683      0.0810        drrr_15+rroi 
I          9        829.83215        836.62683        829.83215      0.0950        drrr_15+rrri 
I         10        828.68018        829.83215        828.68018      0.0950        drrr_15+rroi 
I         11        815.02414        828.68018        815.02414      0.0950        drrr_15+rroi 
I         12        808.06186        815.02414        808.06186      0.0950        drrr_15+rrri 
I         16        800.41323        808.06186        800.41323      0.0950        drrr_15+rrri 
I         19        784.88977        800.41323        784.88977      0.0950        drrr_15+rroi 
I         85        784.18252        784.88977        784.18252      0.1420         drrr_15+rrg 
I         95        781.75476        784.18252        781.75476      0.1420        drrr_15+rroi 
I        105        776.14310        781.75476        776.14310      0.1890        drrr_15+rroi 
I        107        772.79945        776.14310        772.79945      0.1890        drrr_15+rroi 
I        121        771.90440        772.79945        771.90440      0.2060         drrr_15+rrg 
I        125        763.82811        771.90440        763.82811      0.2060        drrr_15+rroi 
I        158        750.22669        763.82811        750.22669      0.2210        drrr_15+rroi 
I        165        747.87795        750.22669        747.87795      0.2210         drrr_15+rrg 
I        167        744.74797        747.87795        744.74797      0.2210        drrr_15+rroi 
I        192        733.98852        744.74797        733.98852      0.2370        drrr_15+rroi 
I        303        728.42435        733.98852        728.42435      0.2680        drrr_15+rrri 
I        306        727.91717        728.42435        727.91717      0.2680         drrr_15+rrg 
I      30000        727.91717        727.91717        727.91717      7.6030        drrr_15+rroi 

Method statistics
S  method    iter  succ  succ-rate%  tot-obj-gain  avg-obj-gain  rel-succ%  net-time  net-time%  brut-time  brut-time%
S  con          1     1   100.00000  -99217.81428  -99217.81428    2.43902   0.06300    0.82862    0.06300     0.82862
S  drrr_15  29999    20     0.06667    -118.26855      -0.00394   48.78049   0.51900    6.82624    0.51900     6.82624
S  rrg      10034     4     0.03986      -4.45823      -0.00044    9.75610   3.64500   47.94161    3.64500    47.94161
S  rroi      9986    12     0.12017     -86.84057      -0.00870   29.26829   1.67800   22.07024    1.67800    22.07024
S  rrri      9979     4     0.04008     -26.96975      -0.00270    9.75610   1.59200   20.93911    1.59200    20.93911
S  SUM/AVG  59999    41     0.06833  -99454.35138      -1.65760   20.00000   7.49700   98.60582    7.49700    98.60582

T best solution: EADARPSolution(t_routing=929.022, t_excess=124.603, obj_val=727.917, obj_val_valid=true,
    unserved_requests=Int64[], F_visited=[140, 145, 144, 142, 141, 139, 146, 143], S_visited=Int64[],
    (1, ([131, 64, 128, 44, 57, 108, 121, 6, 70, 14, 78, 39, 103, 50, 114, 147, 139], [41.16378592878243], [16]))
    (2, ([132, 3, 67, 52, 116, 13, 77, 31, 95, 41, 63, 127, 105, 58, 122, 10, 74, 149, 18, 82, 140], [51.825442793662546], [18]))
    (3, ([133, 33, 97, 11, 75, 47, 111, 61, 53, 125, 117, 24, 88, 147, 141], [25.042627097834178], [14]))
    (4, ([134, 34, 98, 38, 102, 28, 49, 92, 113, 42, 106, 51, 5, 115, 69, 15, 79, 147, 142], [32.47052985555127], [18]))
    (5, ([135, 45, 109, 29, 93, 1, 35, 65, 99, 19, 83, 62, 126, 12, 7, 76, 71, 147, 143], [1.4430074385348168], [18]))
    (6, ([136, 32, 96, 26, 90, 48, 17, 112, 81, 9, 73, 30, 60, 94, 124, 147, 144], [27.894911503853624], [16]))
    (7, ([137, 55, 119, 56, 120, 46, 110, 16, 43, 80, 107, 20, 84, 40, 104, 22, 86, 149, 54, 118, 25, 89, 145], [49.04698890087715], [18]))
    (8, ([138, 37, 101, 8, 72, 59, 123, 21, 85, 36, 100, 4, 68, 148, 2, 66, 23, 87, 27, 91, 146], [52.13448620143869], [14])))

T best obj: 727.9171678119027
T best iteration: 306
T total iterations: 30000
T best time [s]: 0.268
T total time [s]: 7.6030
