EADARP version 585c-dirty
ARGS: --ifile=EADARP/instances/l1/a8-64.txt --infeasible_arcs=EADARP/infeasible_arcs --gamma=0.7 --only_single_s_visits=false --odir=EADARP/prunedArcs/a8-64 --oname=run12
Settings:
--alns_gamma=0.025
--alns_segment_size=100
--alns_sigma1=10
--alns_sigma2=9
--alns_sigma3=3
--at_most_one_s=false
--gamma=0.7
--ifile=EADARP/instances/l1/a8-64.txt
--infeasible_arcs=EADARP/infeasible_arcs
--insert_charging_otf=true
--insert_cost_noise=0.014
--lns_init_temp_factor=0.0
--lns_temp_dec_factor=0.99
--mh_checkit=false
--mh_lfreq=0
--mh_lnewinc=true
--mh_tciter=-1
--mh_tctime=-1.0
--mh_titer=30000
--mh_tobj=-1.0
--mh_ttime=-1.0
--odir=EADARP/prunedArcs/a8-64
--oname=run12
--only_single_s_visits=false
--repair_max_routes=0
--seed=1040500700
--use_milp_in_otf=0
--xcheck_isfeasible=false

EADARPInstance(EADARP/instances/l1/a8-64.txt, n=64, n_K=8, S=[147, 148, 149], Q=14.85, n_F=8, γ=0.7, T_plan=480.0, F=[139, 140, 141, 142, 143, 144, 145, 146])

T preprocessing time [s]: 1.83991
I       iter             best          obj_old          obj_new        time              method info
I          1     100008.00000     100064.00000     100008.00000      0.2453                 con 
I          2     100006.00000     100008.00000     100006.00000      0.3328         drrr_15+rrg 
I          3     100005.00000     100006.00000     100005.00000      0.3952         drrr_15+rrg 
I          7     100004.00000     100005.00000     100004.00000      0.5782        drrr_15+rroi 
I         11     100003.00000     100004.00000     100003.00000      0.8025        drrr_15+rrri 
I         14     100002.00000     100003.00000     100002.00000      0.8910        drrr_15+rroi 
I         64     100001.00000     100002.00000     100001.00000      1.5915        drrr_15+rrri 
I       1290        775.03318     100001.00000        775.03318      8.4922        drrr_15+rrri 
I       1292        772.74149        775.03318        772.74149      8.4925        drrr_15+rroi 
I       1293        772.44374        772.74149        772.44374      8.4926        drrr_15+rroi 
I       1294        769.97558        772.44374        769.97558      8.4928        drrr_15+rroi 
I       1297        767.45426        769.97558        767.45426      8.4947         drrr_15+rrg 
I       1309        767.10828        767.45426        767.10828      8.5255        drrr_15+rrri 
I       1322        766.28032        767.10828        766.28032      8.5456        drrr_15+rrri 
I       1328        755.02500        766.28032        755.02500      8.5702         drrr_15+rrg 
I       1362        753.18002        755.02500        753.18002      8.5955        drrr_15+rrri 
I       1568        752.30283        753.18002        752.30283      8.8363         drrr_15+rrg 
I       1630        752.27044        752.30283        752.27044      8.9321        drrr_15+rrri 
I       1740        750.92855        752.27044        750.92855      9.2606        drrr_15+rrri 
I       1743        746.04071        750.92855        746.04071      9.2681        drrr_15+rroi 
I       1771        745.27321        746.04071        745.27321      9.3082        drrr_15+rrri 
I       3188        742.17888        745.27321        742.17888     10.3042         drrr_15+rrg 
I       3249        742.17260        742.17888        742.17260     10.3452        drrr_15+rrri 
I       3577        741.44854        742.17260        741.44854     10.4696        drrr_15+rrri 
I      28564        740.68617        741.44854        740.68617     17.5921        drrr_15+rroi 
I      28618        740.67989        740.68617        740.67989     17.6050        drrr_15+rroi 
I      29576        739.93301        740.67989        739.93301     17.8429        drrr_15+rroi 
I      30000        739.93301        739.93301        739.93301     18.0882        drrr_15+rrri 

Method statistics
S  method    iter  succ  succ-rate%  tot-obj-gain  avg-obj-gain  rel-succ%  net-time  net-time%  brut-time  brut-time%
S  con          1     1   100.00000     -56.00000     -56.00000    1.88679   0.24528    1.35603    0.24528     1.35603
S  drrr_15  29999    26     0.08667  -99268.06699      -3.30905   49.05660   0.33075    1.82855    0.33075     1.82855
S  rrg       9906     6     0.06057     -20.74817      -0.00209   11.32075   6.85777   37.91298    6.85777    37.91298
S  rroi     10038     9     0.08966     -13.46097      -0.00134   16.98113   4.67396   25.83983    4.67396    25.83983
S  rrri     10055    11     0.10940  -99233.85784      -9.86911   20.75472   5.89278   32.57805    5.89278    32.57805
S  SUM/AVG  59999    53     0.08833 -198592.13398      -3.30992   20.00000  18.00054   99.51544   18.00054    99.51544

T best solution: EADARPSolution(t_routing=896.11, t_excess=271.402, obj_val=739.933, obj_val_valid=true,
    unserved_requests=Int64[], F_visited=[140, 145, 146, 142, 144, 139, 141, 143], S_visited=Int64[],
    (1, ([131, 45, 109, 52, 116, 48, 17, 112, 81, 38, 102, 9, 47, 73, 111, 53, 117, 147, 139], [44.82942197670613], [18]))
    (2, ([132, 26, 32, 96, 90, 8, 44, 57, 72, 108, 121, 6, 70, 140], Float64[], Int64[]))
    (3, ([133, 59, 123, 5, 69, 15, 79, 148, 2, 66, 60, 23, 124, 18, 87, 82, 147, 141], [14.75341968073036, 0.018476086210122474], [8, 17]))
    (4, ([134, 19, 61, 22, 83, 125, 86, 149, 62, 126, 12, 76, 14, 78, 149, 54, 118, 27, 24, 88, 91, 147, 142], [18.09119486470263, 3.80220058003438, 23.18180197995838], [8, 15, 22]))
    (5, ([135, 4, 68, 58, 42, 106, 51, 122, 10, 115, 7, 74, 71, 39, 103, 30, 50, 94, 114, 147, 143], [39.01612880269667], [20]))
    (6, ([136, 64, 128, 56, 120, 29, 93, 1, 35, 65, 99, 21, 85, 36, 100, 147, 144], [25.202961641194417], [16]))
    (7, ([137, 55, 119, 3, 37, 67, 101, 13, 77, 46, 110, 16, 43, 80, 107, 20, 84, 149, 25, 89, 145], [46.916370608752224], [18]))
    (8, ([138, 33, 97, 34, 98, 11, 75, 40, 104, 28, 49, 92, 113, 31, 95, 41, 63, 127, 105, 147, 146], [35.41051991517683], [20])))

T best obj: 739.9330110626223
T best iteration: 29576
T total iterations: 30000
T best time [s]: 17.843
T total time [s]: 18.0882
