EADARP version 585c-dirty
ARGS: --ifile=EADARP/instances/l1/a8-64.txt --infeasible_arcs=EADARP/infeasible_arcs --gamma=0.7 --only_single_s_visits=false --odir=EADARP/prunedArcs/a8-64 --oname=run24
Settings:
--alns_gamma=0.025
--alns_segment_size=100
--alns_sigma1=10
--alns_sigma2=9
--alns_sigma3=3
--at_most_one_s=false
--gamma=0.7
--ifile=EADARP/instances/l1/a8-64.txt
--infeasible_arcs=EADARP/infeasible_arcs
--insert_charging_otf=true
--insert_cost_noise=0.014
--lns_init_temp_factor=0.0
--lns_temp_dec_factor=0.99
--mh_checkit=false
--mh_lfreq=0
--mh_lnewinc=true
--mh_tciter=-1
--mh_tctime=-1.0
--mh_titer=30000
--mh_tobj=-1.0
--mh_ttime=-1.0
--odir=EADARP/prunedArcs/a8-64
--oname=run24
--only_single_s_visits=false
--repair_max_routes=0
--seed=748719025
--use_milp_in_otf=0
--xcheck_isfeasible=false

EADARPInstance(EADARP/instances/l1/a8-64.txt, n=64, n_K=8, S=[147, 148, 149], Q=14.85, n_F=8, γ=0.7, T_plan=480.0, F=[139, 140, 141, 142, 143, 144, 145, 146])

T preprocessing time [s]: 1.74293
I       iter             best          obj_old          obj_new        time              method info
I          1     100008.00000     100064.00000     100008.00000      0.2255                 con 
I          2     100006.00000     100008.00000     100006.00000      0.4093         drrr_15+rrg 
I          3     100004.00000     100006.00000     100004.00000      0.5073         drrr_15+rrg 
I         10     100003.00000     100004.00000     100003.00000      0.8678        drrr_15+rrri 
I         13     100002.00000     100003.00000     100002.00000      0.9884        drrr_15+rroi 
I         29     100001.00000     100002.00000     100001.00000      1.4881        drrr_15+rrri 
I        373        796.02904     100001.00000        796.02904      4.9204        drrr_15+rrri 
I        383        795.99498        796.02904        795.99498      4.9484        drrr_15+rroi 
I        403        794.20673        795.99498        794.20673      5.1059        drrr_15+rroi 
I        406        793.86746        794.20673        793.86746      5.1229        drrr_15+rroi 
I        410        773.08930        793.86746        773.08930      5.1236        drrr_15+rrri 
I        414        771.14518        773.08930        771.14518      5.1374        drrr_15+rrri 
I        421        771.06384        771.14518        771.06384      5.1983        drrr_15+rroi 
I        422        770.72457        771.06384        770.72457      5.1998        drrr_15+rroi 
I        427        770.44233        770.72457        770.44233      5.2268         drrr_15+rrg 
I        441        766.29351        770.44233        766.29351      5.2762        drrr_15+rrri 
I        443        764.51779        766.29351        764.51779      5.2911        drrr_15+rroi 
I        447        764.27574        764.51779        764.27574      5.3088         drrr_15+rrg 
I        450        762.38546        764.27574        762.38546      5.3208        drrr_15+rrri 
I        460        761.58468        762.38546        761.58468      5.3451        drrr_15+rroi 
I        472        755.80753        761.58468        755.80753      5.4106         drrr_15+rrg 
I        495        752.08348        755.80753        752.08348      5.4737        drrr_15+rrri 
I        527        750.17066        752.08348        750.17066      5.5557        drrr_15+rrri 
I        540        749.64106        750.17066        749.64106      5.6165        drrr_15+rrri 
I       1099        747.61307        749.64106        747.61307      6.2207         drrr_15+rrg 
I       1878        746.48262        747.61307        746.48262      6.7222        drrr_15+rrri 
I       1879        746.24133        746.48262        746.24133      6.7248        drrr_15+rroi 
I       1891        746.22694        746.24133        746.22694      6.7423        drrr_15+rrri 
I       2722        742.76357        746.22694        742.76357      7.2255        drrr_15+rroi 
I       2883        740.85075        742.76357        740.85075      7.3671        drrr_15+rrri 
I      30000        740.85075        740.85075        740.85075     14.7455        drrr_15+rrri 

Method statistics
S  method    iter  succ  succ-rate%  tot-obj-gain  avg-obj-gain  rel-succ%  net-time  net-time%  brut-time  brut-time%
S  con          1     1   100.00000     -56.00000     -56.00000    1.69492   0.22543    1.52880    0.22543     1.52880
S  drrr_15  29999    29     0.09667  -99267.14925      -3.30902   49.15254   0.29346    1.99016    0.29346     1.99016
S  rrg      10030     6     0.05982     -12.32944      -0.00123   10.16949   5.30510   35.97762    5.30510    35.97762
S  rroi      9897    10     0.10104      -9.86336      -0.00100   16.94915   3.68437   24.98634    3.68437    24.98634
S  rrri     10072    13     0.12907  -99244.95645      -9.85355   22.03390   5.16026   34.99540    5.16026    34.99540
S  SUM/AVG  59999    59     0.09833 -198590.29850      -3.30989   20.00000  14.66862   99.47831   14.66862    99.47831

T best solution: EADARPSolution(t_routing=925.266, t_excess=187.605, obj_val=740.851, obj_val_valid=true,
    unserved_requests=Int64[], F_visited=[144, 143, 146, 140, 141, 139, 142, 145], S_visited=Int64[],
    (1, ([131, 9, 73, 4, 68, 58, 122, 51, 5, 115, 69, 12, 76, 15, 79, 2, 66, 50, 114, 147, 139], [44.38823324201937], [20]))
    (2, ([132, 26, 32, 96, 90, 39, 103, 30, 60, 94, 23, 124, 87, 27, 91, 147, 140], [5.778685581145285], [16]))
    (3, ([133, 55, 119, 3, 37, 67, 101, 8, 72, 25, 89, 147, 141], [8.003356564288211], [12]))
    (4, ([134, 64, 128, 56, 120, 29, 93, 1, 35, 65, 99, 21, 85, 36, 100, 147, 142], [25.202961641194417], [16]))
    (5, ([135, 59, 123, 19, 61, 22, 83, 125, 86, 62, 126, 7, 71, 10, 74, 149, 54, 118, 18, 24, 88, 82, 143], [34.284219481817175], [16]))
    (6, ([136, 33, 97, 34, 98, 44, 57, 108, 121, 6, 70, 31, 95, 41, 63, 127, 105, 147, 144], [31.89144406118558], [18]))
    (7, ([137, 45, 109, 13, 11, 77, 75, 17, 81, 38, 102, 47, 111, 42, 106, 14, 78, 147, 145], [63.67367284384498], [18]))
    (8, ([138, 52, 116, 48, 112, 46, 110, 16, 43, 80, 107, 20, 84, 40, 104, 28, 49, 92, 113, 53, 117, 147, 146], [64.04339021542737], [22])))

T best obj: 740.8507524274706
T best iteration: 2883
T total iterations: 30000
T best time [s]: 7.367
T total time [s]: 14.7455
