EADARP version 585c-dirty
ARGS: --ifile=EADARP/instances/l1/a8-64.txt --infeasible_arcs=EADARP/infeasible_arcs --gamma=0.7 --only_single_s_visits=false --odir=EADARP/prunedArcs/a8-64 --oname=run26
Settings:
--alns_gamma=0.025
--alns_segment_size=100
--alns_sigma1=10
--alns_sigma2=9
--alns_sigma3=3
--at_most_one_s=false
--gamma=0.7
--ifile=EADARP/instances/l1/a8-64.txt
--infeasible_arcs=EADARP/infeasible_arcs
--insert_charging_otf=true
--insert_cost_noise=0.014
--lns_init_temp_factor=0.0
--lns_temp_dec_factor=0.99
--mh_checkit=false
--mh_lfreq=0
--mh_lnewinc=true
--mh_tciter=-1
--mh_tctime=-1.0
--mh_titer=30000
--mh_tobj=-1.0
--mh_ttime=-1.0
--odir=EADARP/prunedArcs/a8-64
--oname=run26
--only_single_s_visits=false
--repair_max_routes=0
--seed=11342401
--use_milp_in_otf=0
--xcheck_isfeasible=false

EADARPInstance(EADARP/instances/l1/a8-64.txt, n=64, n_K=8, S=[147, 148, 149], Q=14.85, n_F=8, γ=0.7, T_plan=480.0, F=[139, 140, 141, 142, 143, 144, 145, 146])

T preprocessing time [s]: 1.74293
I       iter             best          obj_old          obj_new        time              method info
I          1     100008.00000     100064.00000     100008.00000      0.2608                 con 
I          2     100006.00000     100008.00000     100006.00000      0.3990         drrr_15+rrg 
I          5     100004.00000     100006.00000     100004.00000      0.6053        drrr_15+rroi 
I         12     100003.00000     100004.00000     100003.00000      1.0544         drrr_15+rrg 
I         15     100002.00000     100003.00000     100002.00000      1.1521        drrr_15+rrri 
I         33     100001.00000     100002.00000     100001.00000      1.6888         drrr_15+rrg 
I         51        830.58813     100001.00000        830.58813      1.9455        drrr_15+rroi 
I         52        825.03312        830.58813        825.03312      1.9671        drrr_15+rroi 
I         55        821.29046        825.03312        821.29046      2.0124        drrr_15+rrri 
I         56        820.07265        821.29046        820.07265      2.0212        drrr_15+rroi 
I         59        814.49534        820.07265        814.49534      2.0560        drrr_15+rroi 
I         62        810.06275        814.49534        810.06275      2.0836        drrr_15+rroi 
I         76        806.21738        810.06275        806.21738      2.1893        drrr_15+rrri 
I         92        801.67823        806.21738        801.67823      2.2881        drrr_15+rroi 
I        100        799.46189        801.67823        799.46189      2.3096        drrr_15+rroi 
I        120        790.61572        799.46189        790.61572      2.4465         drrr_15+rrg 
I        142        790.36871        790.61572        790.36871      2.5618        drrr_15+rroi 
I        150        788.87776        790.36871        788.87776      2.6161         drrr_15+rrg 
I        166        783.25643        788.87776        783.25643      2.6823        drrr_15+rrri 
I        169        776.54735        783.25643        776.54735      2.6976        drrr_15+rrri 
I        170        773.88111        776.54735        773.88111      2.7071        drrr_15+rroi 
I        171        768.78712        773.88111        768.78712      2.7206        drrr_15+rroi 
I        183        768.44785        768.78712        768.44785      2.8251        drrr_15+rroi 
I        216        768.03095        768.44785        768.03095      2.9305        drrr_15+rroi 
I        324        767.91255        768.03095        767.91255      3.2426        drrr_15+rroi 
I        347        767.70771        767.91255        767.70771      3.3331         drrr_15+rrg 
I        444        763.22438        767.70771        763.22438      3.4734         drrr_15+rrg 
I        462        762.80377        763.22438        762.80377      3.5880        drrr_15+rroi 
I        789        761.64550        762.80377        761.64550      4.1840        drrr_15+rrri 
I        905        748.06240        761.64550        748.06240      4.3701         drrr_15+rrg 
I       9058        747.73481        748.06240        747.73481      8.2326        drrr_15+rroi 
I       9060        746.52716        747.73481        746.52716      8.2330        drrr_15+rroi 
I       9069        743.90432        746.52716        743.90432      8.2370        drrr_15+rrri 
I       9072        738.63982        743.90432        738.63982      8.2388        drrr_15+rroi 
I      12272        736.42406        738.63982        736.42406      9.4573         drrr_15+rrg 
I      30000        736.42406        736.42406        748.46393     13.7276        drrr_15+rroi 

Method statistics
S  method    iter  succ  succ-rate%  tot-obj-gain  avg-obj-gain  rel-succ%  net-time  net-time%  brut-time  brut-time%
S  con          1     1   100.00000     -56.00000     -56.00000    1.44928   0.26082    1.89997    0.26082     1.89997
S  drrr_15  29999    34     0.11334  -99271.57594      -3.30916   49.27536   0.29690    2.16281    0.29690     2.16281
S  rrg       9970     9     0.09027     -34.82415      -0.00349   13.04348   4.71210   34.32572    4.71210    34.32572
S  rroi     10030    18     0.17946  -99212.05226      -9.89153   26.08696   3.63605   26.48717    3.63605    26.48717
S  rrri      9999     7     0.07001     -24.69953      -0.00247   10.14493   4.74825   34.58912    4.74825    34.58912
S  SUM/AVG  59999    69     0.11500 -198599.15187      -3.31004   20.00000  13.65413   99.46480   13.65413    99.46480

T best solution: EADARPSolution(t_routing=908.994, t_excess=218.715, obj_val=736.424, obj_val_valid=true,
    unserved_requests=Int64[], F_visited=[141, 144, 140, 146, 142, 145, 139, 143], S_visited=Int64[],
    (1, ([131, 5, 19, 83, 69, 7, 15, 71, 79, 148, 2, 66, 60, 124, 24, 18, 88, 82, 147, 139], [14.75341968073036, 8.943950796764833], [10, 19]))
    (2, ([132, 64, 128, 56, 120, 17, 81, 38, 102, 21, 85, 36, 100, 147, 140], [16.492287883585373], [14]))
    (3, ([133, 45, 109, 52, 116, 48, 112, 29, 93, 1, 35, 99, 65, 9, 47, 73, 111, 53, 117, 147, 141], [54.76269087456913], [20]))
    (4, ([134, 59, 123, 61, 22, 125, 86, 62, 126, 149, 12, 76, 39, 103, 30, 50, 94, 114, 25, 89, 147, 142], [24.809931064061175, 8.938024312227624], [10, 21]))
    (5, ([135, 55, 119, 3, 37, 67, 101, 16, 43, 80, 107, 20, 84, 149, 54, 118, 23, 87, 27, 91, 143], [43.6920281333966], [14]))
    (6, ([136, 11, 75, 4, 68, 58, 42, 106, 51, 122, 10, 115, 74, 14, 78, 147, 144], [31.070179934040127], [16]))
    (7, ([137, 26, 32, 96, 90, 8, 44, 57, 72, 108, 121, 40, 104, 28, 49, 92, 113, 147, 145], [28.28894560427961], [18]))
    (8, ([138, 33, 97, 34, 98, 13, 77, 46, 110, 6, 70, 31, 95, 41, 63, 127, 105, 147, 146], [29.242198022615476], [18])))

T best obj: 736.4240648242517
T best iteration: 12272
T total iterations: 30000
T best time [s]: 9.457
T total time [s]: 13.7276
