EADARP version ecec-dirty
ARGS: --ifile=EADARP/instances/random/r7-56-00000.txt  --gamma=0.7 --only_single_s_visits=false --odir=EADARP/solutions/random/r7-56-00000 --oname=run22
Settings:
--alns_gamma=0.025
--alns_segment_size=100
--alns_sigma1=10
--alns_sigma2=9
--alns_sigma3=3
--at_most_one_s=false
--gamma=0.7
--ifile=EADARP/instances/random/r7-56-00000.txt
--infeasible_arcs=EADARP/infeasible_arcs
--insert_charging_otf=true
--insert_cost_noise=0.014
--lns_init_temp_factor=0.0
--lns_temp_dec_factor=0.99
--log_all_sols_fname=
--mh_checkit=false
--mh_lfreq=0
--mh_lnewinc=true
--mh_tciter=-1
--mh_tctime=-1.0
--mh_titer=30000
--mh_tobj=-1.0
--mh_ttime=-1.0
--odir=EADARP/solutions/random/r7-56-00000
--ofile=
--oname=run22
--only_single_s_visits=false
--prepthreshold=0.1
--repair_max_routes=0
--route_based_ops=0
--seed=1311665106
--tightened_windows=EADARP/tightened_windows
--use_milp_in_otf=0
--xcheck_isfeasible=false

EADARPInstance(EADARP/instances/random/r7-56-00000.txt, n=56, n_K=7, S=[127, 128, 129], Q=14.85, n_F=7, γ=0.7, T_plan=720.0, F=[120, 121, 122, 123, 124, 125, 126])

Percentage of arcs removed: 69.79748813172286%
Minimum Degree: 9
T preprocessing time [s]: 1.993
I       iter             best          obj_old          obj_new        time              method info
I          1        707.36706     100056.00000        707.36706      0.1030                 con 
I          4        698.47341        707.36706        698.47341      0.1670         drrr_15+rrg 
I          5        698.35048        698.47341        698.35048      0.1720        drrr_15+rroi 
I          6        694.70188        698.35048        694.70188      0.1880        drrr_15+rroi 
I          7        683.59012        694.70188        683.59012      0.1990        drrr_15+rrri 
I         10        679.80329        683.59012        679.80329      0.2460        drrr_15+rrri 
I         13        676.88239        679.80329        676.88239      0.2610         drrr_15+rrg 
I         16        673.41050        676.88239        673.41050      0.3010         drrr_15+rrg 
I         17        667.88947        673.41050        667.88947      0.3050        drrr_15+rrri 
I         19        667.38732        667.88947        667.38732      0.3190        drrr_15+rroi 
I         22        666.21506        667.38732        666.21506      0.3340        drrr_15+rroi 
I         23        662.51973        666.21506        662.51973      0.3440         drrr_15+rrg 
I         24        655.05875        662.51973        655.05875      0.3560        drrr_15+rrri 
I         36        649.95471        655.05875        649.95471      0.4320        drrr_15+rrri 
I         41        649.03549        649.95471        649.03549      0.4570        drrr_15+rroi 
I         43        648.93048        649.03549        648.93048      0.4720         drrr_15+rrg 
I         44        638.74745        648.93048        638.74745      0.4810         drrr_15+rrg 
I         46        636.88133        638.74745        636.88133      0.4810        drrr_15+rroi 
I         48        635.09643        636.88133        635.09643      0.4890         drrr_15+rrg 
I         62        634.64539        635.09643        634.64539      0.5120        drrr_15+rroi 
I         63        634.32361        634.64539        634.32361      0.5130        drrr_15+rroi 
I         67        632.52262        634.32361        632.52262      0.5140        drrr_15+rroi 
I         75        631.69642        632.52262        631.69642      0.5320        drrr_15+rrri 
I         89        630.74423        631.69642        630.74423      0.5560        drrr_15+rrri 
I        101        629.80751        630.74423        629.80751      0.5910        drrr_15+rrri 
I        105        629.64233        629.80751        629.64233      0.5970         drrr_15+rrg 
I        237        629.53731        629.64233        629.53731      0.7810        drrr_15+rrri 
I        787        628.37168        629.53731        628.37168      1.3070        drrr_15+rrri 
I        803        628.20650        628.37168        628.20650      1.3250        drrr_15+rroi 
I        809        627.74428        628.20650        627.74428      1.3290         drrr_15+rrg 
I        938        627.64825        627.74428        627.64825      1.4560        drrr_15+rroi 
I        952        627.03203        627.64825        627.03203      1.4710        drrr_15+rrri 
I       1008        626.53816        627.03203        626.53816      1.5200        drrr_15+rrri 
I       1018        624.89634        626.53816        624.89634      1.5370        drrr_15+rrri 
I       1046        624.73117        624.89634        624.73117      1.5550        drrr_15+rroi 
I       2024        624.57793        624.73117        624.57793      2.2900        drrr_15+rroi 
I       2047        624.50832        624.57793        624.50832      2.3080         drrr_15+rrg 
I       2048        622.93927        624.50832        622.93927      2.3090        drrr_15+rroi 
I       2067        622.91664        622.93927        622.91664      2.3220        drrr_15+rroi 
I       2155        620.94908        622.91664        620.94908      2.3990         drrr_15+rrg 
I       6709        619.69323        620.94908        619.69323      5.2100        drrr_15+rroi 
I       6864        619.16019        619.69323        619.16019      5.2970        drrr_15+rrri 
I       7012        618.59245        619.16019        618.59245      5.4190        drrr_15+rroi 
I       7063        618.56982        618.59245        618.56982      5.4600        drrr_15+rroi 
I      10324        616.73505        618.56982        616.73505      7.4030        drrr_15+rrri 
I      10984        616.71103        616.73505        616.71103      7.7870        drrr_15+rrri 
I      12975        616.44378        616.71103        616.44378      8.8480         drrr_15+rrg 
I      13051        616.42116        616.44378        616.42116      8.8790         drrr_15+rrg 
I      14693        614.79283        616.42116        614.79283      9.9150        drrr_15+rroi 
I      14729        614.09271        614.79283        614.09271      9.9330         drrr_15+rrg 
I      14743        613.78590        614.09271        613.78590      9.9390        drrr_15+rroi 
I      14797        613.40602        613.78590        613.40602      9.9640        drrr_15+rroi 
I      30000        613.40602        613.40602        613.40602     19.4630        drrr_15+rroi 

Method statistics
S  method    iter  succ  succ-rate%  tot-obj-gain  avg-obj-gain  rel-succ%  net-time  net-time%  brut-time  brut-time%
S  con          1     1   100.00000  -99348.63294  -99348.63294    0.97087   0.10300    0.52921    0.10300     0.52921
S  drrr_15  29999    51     0.17001     -93.96103      -0.00313   49.51456   0.60700    3.11872    0.60700     3.11872
S  rrg       9841    14     0.14226     -34.70928      -0.00353   13.59223   9.69501   49.81254    9.69501    49.81254
S  rroi      9976    21     0.21051     -17.13762      -0.00172   20.38835   3.98200   20.45932    3.98200    20.45932
S  rrri     10182    16     0.15714     -42.11413      -0.00414   15.53398   4.93599   25.36091    4.93599    25.36091
S  SUM/AVG  59999   103     0.17167  -99536.55501      -1.65897   20.00000  19.32300   99.28069   19.32300    99.28069

T best solution: EADARPSolution(t_routing=760.647, t_excess=171.684, obj_val=613.406, obj_val_valid=true,
    unserved_requests=Int64[], F_visited=[121, 125, 123, 122, 124, 126, 120], S_visited=Int64[],
    (1, ([113, 38, 33, 94, 89, 8, 64, 49, 105, 51, 107, 22, 43, 99, 78, 15, 55, 111, 71, 7, 45, 63, 101, 127, 120], [66.18489754971397], [24]))
    (2, ([114, 20, 76, 16, 72, 44, 100, 128, 53, 36, 109, 92, 28, 84, 5, 61, 19, 75, 121], [23.9982578118621], [8]))
    (3, ([115, 2, 58, 34, 52, 90, 108, 37, 93, 48, 104, 3, 59, 46, 17, 102, 73, 127, 122], [15.137069373222802], [18]))
    (4, ([116, 24, 80, 50, 4, 106, 26, 82, 60, 25, 81, 54, 32, 88, 110, 23, 79, 12, 68, 127, 123], [37.821097656259056], [20]))
    (5, ([117, 39, 95, 9, 65, 18, 74, 6, 62, 27, 83, 29, 85, 124], Float64[], Int64[]))
    (6, ([118, 10, 35, 66, 56, 91, 112, 31, 87, 47, 14, 103, 70, 21, 77, 42, 40, 96, 98, 127, 125], [54.682101383037335], [20]))
    (7, ([119, 1, 57, 41, 97, 30, 86, 11, 13, 67, 69, 127, 126], [4.122111321423364], [12])))

T best obj: 613.4060239184324
T best iteration: 14797
T total iterations: 30000
T best time [s]: 9.964
T total time [s]: 19.4630
