EADARP version ecec-dirty
ARGS: --ifile=EADARP/instances/random/r7-56-00000.txt  --gamma=0.7 --only_single_s_visits=false --odir=EADARP/solutions/random/r7-56-00000 --oname=run30
Settings:
--alns_gamma=0.025
--alns_segment_size=100
--alns_sigma1=10
--alns_sigma2=9
--alns_sigma3=3
--at_most_one_s=false
--gamma=0.7
--ifile=EADARP/instances/random/r7-56-00000.txt
--infeasible_arcs=EADARP/infeasible_arcs
--insert_charging_otf=true
--insert_cost_noise=0.014
--lns_init_temp_factor=0.0
--lns_temp_dec_factor=0.99
--log_all_sols_fname=
--mh_checkit=false
--mh_lfreq=0
--mh_lnewinc=true
--mh_tciter=-1
--mh_tctime=-1.0
--mh_titer=30000
--mh_tobj=-1.0
--mh_ttime=-1.0
--odir=EADARP/solutions/random/r7-56-00000
--ofile=
--oname=run30
--only_single_s_visits=false
--prepthreshold=0.1
--repair_max_routes=0
--route_based_ops=0
--seed=1860441057
--tightened_windows=EADARP/tightened_windows
--use_milp_in_otf=0
--xcheck_isfeasible=false

EADARPInstance(EADARP/instances/random/r7-56-00000.txt, n=56, n_K=7, S=[127, 128, 129], Q=14.85, n_F=7, γ=0.7, T_plan=720.0, F=[120, 121, 122, 123, 124, 125, 126])

Percentage of arcs removed: 69.79748813172286%
Minimum Degree: 9
T preprocessing time [s]: 2.039
I       iter             best          obj_old          obj_new        time              method info
I          1        720.17509     100056.00000        720.17509      0.1100                 con 
I          2        699.00674        720.17509        699.00674      0.1410         drrr_15+rrg 
I          4        688.40532        699.00674        688.40532      0.1570         drrr_15+rrg 
I          5        687.68271        688.40532        687.68271      0.2040        drrr_15+rrri 
I          9        684.74089        687.68271        684.74089      0.2510         drrr_15+rrg 
I         10        677.84200        684.74089        677.84200      0.2510        drrr_15+rroi 
I         16        669.88280        677.84200        669.88280      0.2990        drrr_15+rroi 
I         20        664.57040        669.88280        664.57040      0.3430        drrr_15+rroi 
I         22        658.65159        664.57040        658.65159      0.3460        drrr_15+rroi 
I         23        655.50118        658.65159        655.50118      0.3460        drrr_15+rroi 
I         25        653.20254        655.50118        653.20254      0.4090         drrr_15+rrg 
I         29        649.56700        653.20254        649.56700      0.4560         drrr_15+rrg 
I         30        649.15532        649.56700        649.15532      0.4560        drrr_15+rroi 
I         32        643.32012        649.15532        643.32012      0.4870        drrr_15+rrri 
I         33        642.47839        643.32012        642.47839      0.5030        drrr_15+rroi 
I         35        641.66207        642.47839        641.66207      0.5190        drrr_15+rroi 
I         41        640.55823        641.66207        640.55823      0.5660         drrr_15+rrg 
I         47        636.94022        640.55823        636.94022      0.5820        drrr_15+rrri 
I         65        636.91760        636.94022        636.91760      0.6130        drrr_15+rrri 
I         81        636.49203        636.91760        636.49203      0.6440         drrr_15+rrg 
I        273        633.28321        636.49203        633.28321      0.8790         drrr_15+rrg 
I        305        629.65916        633.28321        629.65916      0.9260        drrr_15+rroi 
I        322        629.53422        629.65916        629.53422      0.9570        drrr_15+rrri 
I        347        628.33130        629.53422        628.33130      0.9730         drrr_15+rrg 
I        433        628.00952        628.33130        628.00952      1.0990        drrr_15+rroi 
I       2224        626.88200        628.00952        626.88200      2.2740        drrr_15+rroi 
I       2235        625.95679        626.88200        625.95679      2.2900        drrr_15+rroi 
I       2253        624.31912        625.95679        624.31912      2.2900         drrr_15+rrg 
I       2361        623.89355        624.31912        623.89355      2.4000         drrr_15+rrg 
I       2678        623.13879        623.89355        623.13879      2.6500         drrr_15+rrg 
I       2679        622.11713        623.13879        622.11713      2.6500        drrr_15+rrri 
I       2883        621.83741        622.11713        621.83741      2.7760        drrr_15+rroi 
I       2963        620.89139        621.83741        620.89139      2.8230        drrr_15+rrri 
I       3294        620.21438        620.89139        620.21438      3.1050        drrr_15+rroi 
I       3660        619.33637        620.21438        619.33637      3.3390        drrr_15+rroi 
I       4344        619.25190        619.33637        619.25190      3.7530        drrr_15+rrri 
I       4375        618.05715        619.25190        618.05715      3.7630         drrr_15+rrg 
I       4426        617.69581        618.05715        617.69581      3.7950        drrr_15+rrri 
I       4499        617.44093        617.69581        617.44093      3.8260        drrr_15+rrri 
I       5043        617.25776        617.44093        617.25776      4.1710        drrr_15+rrri 
I       5786        617.03430        617.25776        617.03430      4.6560         drrr_15+rrg 
I       9588        616.54042        617.03430        616.54042      7.0880        drrr_15+rrri 
I      21050        615.75902        616.54042        615.75902     13.6480        drrr_15+rrri 
I      21063        614.73927        615.75902        614.73927     13.6640         drrr_15+rrg 
I      24122        614.72271        614.73927        614.72271     15.4530        drrr_15+rroi 
I      30000        614.72271        614.72271        614.72271     18.9070        drrr_15+rroi 

Method statistics
S  method    iter  succ  succ-rate%  tot-obj-gain  avg-obj-gain  rel-succ%  net-time  net-time%  brut-time  brut-time%
S  con          1     1   100.00000  -99335.82491  -99335.82491    1.12360   0.11000    0.58180    0.11000     0.58180
S  drrr_15  29999    44     0.14667    -105.45238      -0.00352   49.43820   0.56000    2.96186    0.56000     2.96186
S  rrg      10020    15     0.14970     -51.84285      -0.00517   16.85393   9.53400   50.42576    9.53400    50.42576
S  rroi      9939    16     0.16098     -39.15931      -0.00394   17.97753   4.27500   22.61066    4.27500    22.61066
S  rrri     10040    13     0.12948     -14.45021      -0.00144   14.60674   4.25200   22.48904    4.25200    22.48904
S  SUM/AVG  59999    89     0.14834  -99546.72967      -1.65914   20.00000  18.73100   99.06913   18.73100    99.06913

T best solution: EADARPSolution(t_routing=766.213, t_excess=160.251, obj_val=614.723, obj_val_valid=true,
    unserved_requests=Int64[], F_visited=[126, 123, 124, 122, 121, 120, 125], S_visited=Int64[],
    (1, ([113, 39, 95, 9, 65, 18, 74, 6, 62, 27, 83, 120], Float64[], Int64[]))
    (2, ([114, 1, 57, 49, 105, 51, 107, 22, 43, 99, 78, 127, 36, 92, 28, 84, 5, 61, 19, 75, 121], [33.84912642834064], [12]))
    (3, ([115, 24, 80, 50, 4, 106, 26, 82, 60, 25, 81, 54, 32, 88, 110, 23, 79, 12, 68, 127, 122], [37.821097656259056], [20]))
    (4, ([116, 10, 35, 66, 56, 91, 112, 31, 87, 47, 14, 103, 70, 21, 77, 42, 40, 96, 98, 127, 123], [54.682101383037335], [20]))
    (5, ([117, 2, 58, 34, 52, 90, 108, 37, 93, 41, 97, 15, 55, 111, 71, 30, 86, 7, 45, 63, 101, 127, 124], [42.331533067918606], [22]))
    (6, ([118, 38, 33, 94, 89, 8, 64, 48, 104, 3, 59, 128, 46, 17, 102, 73, 11, 13, 67, 69, 127, 125], [66.29170587622434, 2.852348692912451], [12, 21]))
    (7, ([119, 20, 76, 16, 72, 44, 100, 53, 109, 29, 85, 126], Float64[], Int64[])))

T best obj: 614.7227083004848
T best iteration: 24122
T total iterations: 30000
T best time [s]: 15.453
T total time [s]: 18.9070
