EADARP version ecec-dirty
ARGS: --ifile=EADARP/instances/random/r7-56-00000.txt  --gamma=0.7 --only_single_s_visits=false --odir=EADARP/solutions/random/r7-56-00000 --oname=run32
Settings:
--alns_gamma=0.025
--alns_segment_size=100
--alns_sigma1=10
--alns_sigma2=9
--alns_sigma3=3
--at_most_one_s=false
--gamma=0.7
--ifile=EADARP/instances/random/r7-56-00000.txt
--infeasible_arcs=EADARP/infeasible_arcs
--insert_charging_otf=true
--insert_cost_noise=0.014
--lns_init_temp_factor=0.0
--lns_temp_dec_factor=0.99
--log_all_sols_fname=
--mh_checkit=false
--mh_lfreq=0
--mh_lnewinc=true
--mh_tciter=-1
--mh_tctime=-1.0
--mh_titer=30000
--mh_tobj=-1.0
--mh_ttime=-1.0
--odir=EADARP/solutions/random/r7-56-00000
--ofile=
--oname=run32
--only_single_s_visits=false
--prepthreshold=0.1
--repair_max_routes=0
--route_based_ops=0
--seed=931988091
--tightened_windows=EADARP/tightened_windows
--use_milp_in_otf=0
--xcheck_isfeasible=false

EADARPInstance(EADARP/instances/random/r7-56-00000.txt, n=56, n_K=7, S=[127, 128, 129], Q=14.85, n_F=7, γ=0.7, T_plan=720.0, F=[120, 121, 122, 123, 124, 125, 126])

Percentage of arcs removed: 69.79748813172286%
Minimum Degree: 9
T preprocessing time [s]: 2.12
I       iter             best          obj_old          obj_new        time              method info
I          1        763.71726     100056.00000        763.71726      0.1410                 con 
I          2        754.44125        763.71726        754.44125      0.1570        drrr_15+rroi 
I          3        723.55572        754.44125        723.55572      0.1720        drrr_15+rroi 
I          4        714.10001        723.55572        714.10001      0.2040         drrr_15+rrg 
I          5        694.53230        714.10001        694.53230      0.2200        drrr_15+rrri 
I         10        685.66182        694.53230        685.66182      0.2990         drrr_15+rrg 
I         12        683.06065        685.66182        683.06065      0.3140         drrr_15+rrg 
I         14        677.75148        683.06065        677.75148      0.3450        drrr_15+rroi 
I         16        674.81673        677.75148        674.81673      0.3610         drrr_15+rrg 
I         19        670.56076        674.81673        670.56076      0.4240        drrr_15+rrri 
I         22        663.41725        670.56076        663.41725      0.4400        drrr_15+rroi 
I         24        662.67714        663.41725        662.67714      0.4550        drrr_15+rrri 
I         29        643.16772        662.67714        643.16772      0.4870         drrr_15+rrg 
I         42        638.78834        643.16772        638.78834      0.5970        drrr_15+rroi 
I         48        636.28131        638.78834        636.28131      0.6130         drrr_15+rrg 
I         52        634.26818        636.28131        634.26818      0.6290        drrr_15+rrri 
I         54        633.90498        634.26818        633.90498      0.6290        drrr_15+rroi 
I         56        633.25487        633.90498        633.25487      0.6440        drrr_15+rroi 
I         57        633.03082        633.25487        633.03082      0.6440        drrr_15+rrri 
I         61        632.63204        633.03082        632.63204      0.6440         drrr_15+rrg 
I         80        632.00455        632.63204        632.00455      0.6780        drrr_15+rroi 
I         89        628.35245        632.00455        628.35245      0.6910         drrr_15+rrg 
I        123        627.98195        628.35245        627.98195      0.7540         drrr_15+rrg 
I        144        627.36574        627.98195        627.36574      0.7790        drrr_15+rrri 
I        251        626.01910        627.36574        626.01910      0.8790         drrr_15+rrg 
I        606        624.67666        626.01910        624.67666      1.1930         drrr_15+rrg 
I        611        620.68595        624.67666        620.68595      1.1930        drrr_15+rroi 
I        632        620.64583        620.68595        620.64583      1.2090        drrr_15+rrri 
I        646        619.92939        620.64583        619.92939      1.2090        drrr_15+rrri 
I        771        619.75892        619.92939        619.75892      1.3650        drrr_15+rroi 
I        790        619.14271        619.75892        619.14271      1.3810         drrr_15+rrg 
I        889        618.94463        619.14271        618.94463      1.4440         drrr_15+rrg 
I        911        618.62285        618.94463        618.62285      1.4590         drrr_15+rrg 
I       1137        618.30879        618.62285        618.30879      1.6630         drrr_15+rrg 
I       1341        618.28616        618.30879        618.28616      1.8050        drrr_15+rroi 
I      10084        616.75592        618.28616        616.75592      7.4210         drrr_15+rrg 
I      10100        616.17589        616.75592        616.17589      7.4210         drrr_15+rrg 
I      10101        615.55967        616.17589        615.55967      7.4370         drrr_15+rrg 
I      10180        615.21527        615.55967        615.21527      7.5000        drrr_15+rrri 
I      12153        614.98201        615.21527        614.98201      8.7530         drrr_15+rrg 
I      16950        614.95800        614.98201        614.95800     11.6390        drrr_15+rrri 
I      17270        614.91476        614.95800        614.91476     11.8270         drrr_15+rrg 
I      17332        614.89214        614.91476        614.89214     11.8740         drrr_15+rrg 
I      26676        614.74031        614.89214        614.74031     17.2850         drrr_15+rrg 
I      26708        614.71769        614.74031        614.71769     17.3000         drrr_15+rrg 
I      26878        614.63123        614.71769        614.63123     17.3790        drrr_15+rrri 
I      26896        613.74431        614.63123        613.74431     17.3950        drrr_15+rroi 
I      26920        613.12810        613.74431        613.12810     17.3950        drrr_15+rrri 
I      30000        613.12810        613.12810        621.18085     19.2150        drrr_15+rroi 

Method statistics
S  method    iter  succ  succ-rate%  tot-obj-gain  avg-obj-gain  rel-succ%  net-time  net-time%  brut-time  brut-time%
S  con          1     1   100.00000  -99292.28274  -99292.28274    1.05263   0.14100    0.73380    0.14100     0.73380
S  drrr_15  29999    47     0.15667    -150.58916      -0.00502   49.47368   0.69300    3.60656    0.69300     3.60656
S  rrg      10010    23     0.22977     -57.63922      -0.00576   24.21053   9.86200   51.32449    9.86200    51.32449
S  rroi      9868    12     0.12161     -63.70511      -0.00646   12.63158   3.72800   19.40152    3.72800    19.40152
S  rrri     10121    12     0.11857     -29.24483      -0.00289   12.63158   4.63900   24.14259    4.63900    24.14259
S  SUM/AVG  59999    95     0.15834  -99593.46107      -1.65992   20.00000  19.06300   99.20895   19.06300    99.20895

T best solution: EADARPSolution(t_routing=769.832, t_excess=143.018, obj_val=613.128, obj_val_valid=true,
    unserved_requests=Int64[], F_visited=[121, 123, 120, 125, 122, 126, 124], S_visited=Int64[],
    (1, ([113, 10, 35, 66, 56, 91, 112, 50, 4, 106, 26, 82, 60, 25, 81, 54, 110, 22, 78, 41, 97, 6, 62, 27, 83, 127, 120], [87.39858438670744], [26]))
    (2, ([114, 38, 33, 94, 89, 8, 64, 51, 107, 32, 88, 53, 109, 29, 85, 127, 121], [35.63150730990556], [16]))
    (3, ([115, 24, 80, 31, 87, 47, 14, 103, 70, 21, 77, 42, 40, 96, 98, 127, 122], [24.712711327272206], [16]))
    (4, ([116, 2, 58, 34, 52, 90, 108, 37, 93, 48, 104, 3, 59, 128, 46, 17, 102, 73, 11, 13, 67, 69, 123], [49.5963949206452], [14]))
    (5, ([117, 20, 76, 16, 72, 44, 100, 23, 79, 12, 68, 124], Float64[], Int64[]))
    (6, ([118, 39, 95, 9, 65, 18, 74, 15, 55, 111, 71, 30, 86, 7, 45, 63, 101, 127, 125], [13.662640286518075], [18]))
    (7, ([119, 1, 57, 49, 105, 43, 99, 36, 92, 28, 84, 5, 61, 19, 75, 127, 126], [8.574392065649535], [16])))

T best obj: 613.1280976874831
T best iteration: 26920
T total iterations: 30000
T best time [s]: 17.395
T total time [s]: 19.2150
