EADARP version ecec-dirty
ARGS: --ifile=EADARP/instances/random/r7-56-00000.txt  --gamma=0.7 --only_single_s_visits=false --odir=EADARP/solutions/random/r7-56-00000 --oname=run60
Settings:
--alns_gamma=0.025
--alns_segment_size=100
--alns_sigma1=10
--alns_sigma2=9
--alns_sigma3=3
--at_most_one_s=false
--gamma=0.7
--ifile=EADARP/instances/random/r7-56-00000.txt
--infeasible_arcs=EADARP/infeasible_arcs
--insert_charging_otf=true
--insert_cost_noise=0.014
--lns_init_temp_factor=0.0
--lns_temp_dec_factor=0.99
--log_all_sols_fname=
--mh_checkit=false
--mh_lfreq=0
--mh_lnewinc=true
--mh_tciter=-1
--mh_tctime=-1.0
--mh_titer=30000
--mh_tobj=-1.0
--mh_ttime=-1.0
--odir=EADARP/solutions/random/r7-56-00000
--ofile=
--oname=run60
--only_single_s_visits=false
--prepthreshold=0.1
--repair_max_routes=0
--route_based_ops=0
--seed=1830513589
--tightened_windows=EADARP/tightened_windows
--use_milp_in_otf=0
--xcheck_isfeasible=false

EADARPInstance(EADARP/instances/random/r7-56-00000.txt, n=56, n_K=7, S=[127, 128, 129], Q=14.85, n_F=7, γ=0.7, T_plan=720.0, F=[120, 121, 122, 123, 124, 125, 126])

Percentage of arcs removed: 69.79748813172286%
Minimum Degree: 9
T preprocessing time [s]: 2.218
I       iter             best          obj_old          obj_new        time              method info
I          1        737.39978     100056.00000        737.39978      0.1070                 con 
I          2        731.50813        737.39978        731.50813      0.1220         drrr_15+rrg 
I          3        728.87741        731.50813        728.87741      0.1430        drrr_15+rrri 
I          6        717.03672        728.87741        717.03672      0.1710         drrr_15+rrg 
I          7        708.95555        717.03672        708.95555      0.1710        drrr_15+rroi 
I          8        706.36105        708.95555        706.36105      0.2170        drrr_15+rrri 
I         10        703.18780        706.36105        703.18780      0.2430        drrr_15+rrri 
I         11        695.83001        703.18780        695.83001      0.2480         drrr_15+rrg 
I         13        687.16024        695.83001        687.16024      0.2640        drrr_15+rrri 
I         14        685.34779        687.16024        685.34779      0.2800        drrr_15+rrri 
I         15        682.87193        685.34779        682.87193      0.2800        drrr_15+rrri 
I         17        682.25572        682.87193        682.25572      0.2950        drrr_15+rrri 
I         26        677.97640        682.25572        677.97640      0.3430         drrr_15+rrg 
I         28        672.27624        677.97640        672.27624      0.3580        drrr_15+rroi 
I         33        670.48134        672.27624        670.48134      0.3890         drrr_15+rrg 
I         34        669.83953        670.48134        669.83953      0.4050        drrr_15+rrri 
I         36        668.45534        669.83953        668.45534      0.4050        drrr_15+rroi 
I         41        663.02860        668.45534        663.02860      0.4210         drrr_15+rrg 
I         47        657.73965        663.02860        657.73965      0.4360        drrr_15+rrri 
I         61        656.61428        657.73965        656.61428      0.4990         drrr_15+rrg 
I         68        656.13882        656.61428        656.13882      0.5300        drrr_15+rrri 
I         78        653.89633        656.13882        653.89633      0.5620         drrr_15+rrg 
I         83        652.65045        653.89633        652.65045      0.5840        drrr_15+rroi 
I         99        650.17995        652.65045        650.17995      0.6250        drrr_15+rrri 
I        101        647.92823        650.17995        647.92823      0.6250        drrr_15+rroi 
I        108        640.19244        647.92823        640.19244      0.6440        drrr_15+rrri 
I        110        640.02304        640.19244        640.02304      0.6440        drrr_15+rrri 
I        115        638.02467        640.02304        638.02467      0.6570         drrr_15+rrg 
I        127        634.64166        638.02467        634.64166      0.6880        drrr_15+rroi 
I        153        632.35172        634.64166        632.35172      0.7350        drrr_15+rroi 
I        154        631.73550        632.35172        631.73550      0.7440         drrr_15+rrg 
I        169        630.47657        631.73550        630.47657      0.7510         drrr_15+rrg 
I        207        629.92454        630.47657        629.92454      0.8130        drrr_15+rroi 
I        314        629.09393        629.92454        629.09393      0.9540         drrr_15+rrg 
I        322        625.99136        629.09393        625.99136      0.9860        drrr_15+rrri 
I        515        625.28610        625.99136        625.28610      1.2530         drrr_15+rrg 
I        518        621.85694        625.28610        621.85694      1.2530        drrr_15+rroi 
I        564        621.40036        621.85694        621.40036      1.3000        drrr_15+rrri 
I        649        620.82643        621.40036        620.82643      1.3630         drrr_15+rrg 
I      13132        620.58579        620.82643        620.58579      9.0080         drrr_15+rrg 
I      13149        619.80989        620.58579        619.80989      9.0240        drrr_15+rroi 
I      13158        618.40951        619.80989        618.40951      9.0240        drrr_15+rrri 
I      13380        617.62282        618.40951        617.62282      9.1340        drrr_15+rroi 
I      30000        617.62282        617.62282        636.67650     18.7540         drrr_15+rrg 

Method statistics
S  method    iter  succ  succ-rate%  tot-obj-gain  avg-obj-gain  rel-succ%  net-time  net-time%  brut-time  brut-time%
S  con          1     1   100.00000  -99318.60022  -99318.60022    1.17647   0.09500    0.50656    0.09500     0.50656
S  drrr_15  29999    42     0.14000    -119.77696      -0.00399   49.41176   0.48600    2.59145    0.48600     2.59145
S  rrg      10168    15     0.14752     -46.18291      -0.00454   17.64706   9.52500   50.78918    9.52500    50.78918
S  rroi      9895    11     0.11117     -29.87984      -0.00302   12.94118   4.13900   22.06995    4.13900    22.06995
S  rrri      9936    16     0.16103     -43.71421      -0.00440   18.82353   4.44600   23.70693    4.44600    23.70693
S  SUM/AVG  59999    85     0.14167  -99558.15414      -1.65933   20.00000  18.69100   99.66407   18.69100    99.66407

T best solution: EADARPSolution(t_routing=776.343, t_excess=141.461, obj_val=617.623, obj_val_valid=true,
    unserved_requests=Int64[], F_visited=[123, 122, 126, 120, 121, 124, 125], S_visited=Int64[],
    (1, ([113, 1, 57, 49, 105, 53, 109, 29, 85, 19, 75, 120], Float64[], Int64[]))
    (2, ([114, 24, 80, 50, 4, 106, 26, 82, 60, 25, 81, 54, 110, 14, 70, 3, 59, 128, 46, 17, 102, 73, 129, 11, 13, 67, 69, 121], [66.29170587622434, 40.50153829255758], [18, 23]))
    (3, ([115, 20, 76, 16, 72, 44, 100, 22, 43, 99, 78, 36, 92, 28, 84, 122], Float64[], Int64[]))
    (4, ([116, 39, 95, 10, 35, 66, 56, 91, 112, 9, 65, 18, 74, 6, 62, 27, 83, 127, 123], [14.53602897826856], [18]))
    (5, ([117, 2, 58, 34, 52, 90, 108, 37, 93, 41, 97, 15, 55, 111, 71, 30, 86, 7, 45, 63, 101, 127, 124], [42.331533067918606], [22]))
    (6, ([118, 31, 87, 47, 48, 104, 103, 21, 77, 42, 40, 96, 98, 5, 61, 127, 125], [34.91309032023402], [16]))
    (7, ([119, 38, 33, 94, 89, 8, 64, 51, 107, 32, 88, 23, 79, 12, 68, 127, 126], [29.63307800416282], [16])))

T best obj: 617.6228232976512
T best iteration: 13380
T total iterations: 30000
T best time [s]: 9.134
T total time [s]: 18.7540
