EADARP version ecec-dirty
ARGS: --ifile=EADARP/instances/random/r7-56-00000.txt  --gamma=0.7 --only_single_s_visits=false --odir=EADARP/solutions/random/r7-56-00000 --oname=run68
Settings:
--alns_gamma=0.025
--alns_segment_size=100
--alns_sigma1=10
--alns_sigma2=9
--alns_sigma3=3
--at_most_one_s=false
--gamma=0.7
--ifile=EADARP/instances/random/r7-56-00000.txt
--infeasible_arcs=EADARP/infeasible_arcs
--insert_charging_otf=true
--insert_cost_noise=0.014
--lns_init_temp_factor=0.0
--lns_temp_dec_factor=0.99
--log_all_sols_fname=
--mh_checkit=false
--mh_lfreq=0
--mh_lnewinc=true
--mh_tciter=-1
--mh_tctime=-1.0
--mh_titer=30000
--mh_tobj=-1.0
--mh_ttime=-1.0
--odir=EADARP/solutions/random/r7-56-00000
--ofile=
--oname=run68
--only_single_s_visits=false
--prepthreshold=0.1
--repair_max_routes=0
--route_based_ops=0
--seed=1380366191
--tightened_windows=EADARP/tightened_windows
--use_milp_in_otf=0
--xcheck_isfeasible=false

EADARPInstance(EADARP/instances/random/r7-56-00000.txt, n=56, n_K=7, S=[127, 128, 129], Q=14.85, n_F=7, γ=0.7, T_plan=720.0, F=[120, 121, 122, 123, 124, 125, 126])

Percentage of arcs removed: 69.79748813172286%
Minimum Degree: 9
T preprocessing time [s]: 1.788
I       iter             best          obj_old          obj_new        time              method info
I          1        756.79589     100056.00000        756.79589      0.1260                 con 
I          3        734.71128        756.79589        734.71128      0.2050         drrr_15+rrg 
I          4        716.88888        734.71128        716.88888      0.2360         drrr_15+rrg 
I          5        710.43944        716.88888        710.43944      0.2520        drrr_15+rroi 
I          6        708.44764        710.43944        708.44764      0.2520        drrr_15+rroi 
I          7        683.69512        708.44764        683.69512      0.2830        drrr_15+rrri 
I          9        673.37535        683.69512        673.37535      0.2900        drrr_15+rroi 
I         11        670.88468        673.37535        670.88468      0.2990        drrr_15+rrri 
I         12        656.07127        670.88468        656.07127      0.2990         drrr_15+rrg 
I         14        654.97645        656.07127        654.97645      0.3300        drrr_15+rroi 
I         19        647.26712        654.97645        647.26712      0.3770         drrr_15+rrg 
I         23        645.57176        647.26712        645.57176      0.4100        drrr_15+rrri 
I         38        644.47084        645.57176        644.47084      0.4410        drrr_15+rrri 
I         39        637.30868        644.47084        637.30868      0.4410         drrr_15+rrg 
I         40        632.93068        637.30868        632.93068      0.4560        drrr_15+rrri 
I         46        632.67886        632.93068        632.67886      0.4720         drrr_15+rrg 
I         81        632.51800        632.67886        632.51800      0.5030        drrr_15+rroi 
I         82        632.42146        632.51800        632.42146      0.5030        drrr_15+rrri 
I         87        631.78694        632.42146        631.78694      0.5190        drrr_15+rrri 
I         90        628.69207        631.78694        628.69207      0.5350        drrr_15+rroi 
I        107        628.51558        628.69207        628.51558      0.5500        drrr_15+rroi 
I        121        628.17248        628.51558        628.17248      0.5820        drrr_15+rrri 
I        126        627.59245        628.17248        627.59245      0.5820        drrr_15+rrri 
I        146        627.56982        627.59245        627.56982      0.6290         drrr_15+rrg 
I        192        626.81680        627.56982        626.81680      0.6600        drrr_15+rroi 
I        574        623.86091        626.81680        623.86091      1.0050         drrr_15+rrg 
I        576        622.69360        623.86091        622.69360      1.0050        drrr_15+rroi 
I        580        622.11357        622.69360        622.11357      1.0050         drrr_15+rrg 
I        605        620.95290        622.11357        620.95290      1.0360         drrr_15+rrg 
I        634        620.33668        620.95290        620.33668      1.0360        drrr_15+rrri 
I       1126        620.08550        620.33668        620.08550      1.3490        drrr_15+rroi 
I       1140        619.60124        620.08550        619.60124      1.3490         drrr_15+rrg 
I       1190        619.21872        619.60124        619.21872      1.3960         drrr_15+rrg 
I       2420        618.50174        619.21872        618.50174      2.1180        drrr_15+rrri 
I       2952        617.79965        618.50174        617.79965      2.4970         drrr_15+rrg 
I       6965        617.56754        617.79965        617.56754      4.6020         drrr_15+rrg 
I       7034        615.87218        617.56754        615.87218      4.6290        drrr_15+rrri 
I       7238        614.40652        615.87218        614.40652      4.7230        drrr_15+rroi 
I      14726        614.05702        614.40652        614.05702      8.5810        drrr_15+rrri 
I      27702        613.80689        614.05702        613.80689     15.6200        drrr_15+rrri 
I      30000        613.80689        613.80689        618.33106     16.8160        drrr_15+rrri 

Method statistics
S  method    iter  succ  succ-rate%  tot-obj-gain  avg-obj-gain  rel-succ%  net-time  net-time%  brut-time  brut-time%
S  con          1     1   100.00000  -99299.20411  -99299.20411    1.26582   0.12600    0.74929    0.12600     0.74929
S  drrr_15  29999    39     0.13000    -142.98900      -0.00477   49.36709   0.47000    2.79495    0.47000     2.79495
S  rrg       9860    14     0.14199     -76.36392      -0.00774   17.72152   8.81900   52.44411    8.81900    52.44411
S  rroi     10057    11     0.10938     -26.92521      -0.00268   13.92405   3.30100   19.63012    3.30100    19.63012
S  rrri     10082    14     0.13886     -39.69987      -0.00394   17.72152   3.89600   23.16840    3.89600    23.16840
S  SUM/AVG  59999    79     0.13167  -99585.18212      -1.65978   20.00000  16.61200   98.78687   16.61200    98.78687

T best solution: EADARPSolution(t_routing=770.895, t_excess=142.541, obj_val=613.807, obj_val_valid=true,
    unserved_requests=Int64[], F_visited=[122, 125, 120, 126, 123, 121, 124], S_visited=Int64[],
    (1, ([113, 9, 65, 18, 74, 6, 62, 55, 111, 42, 40, 96, 98, 5, 61, 19, 75, 127, 120], [18.94310518057406], [18]))
    (2, ([114, 24, 80, 31, 87, 47, 14, 103, 70, 21, 77, 7, 45, 63, 101, 127, 121], [18.226173478276213], [16]))
    (3, ([115, 38, 33, 94, 89, 8, 64, 20, 76, 16, 72, 44, 100, 22, 43, 99, 78, 36, 92, 28, 84, 127, 122], [60.20972611075752], [22]))
    (4, ([116, 41, 97, 15, 71, 30, 86, 11, 13, 67, 69, 127, 123], [2.9076962657507526], [12]))
    (5, ([117, 1, 57, 49, 105, 51, 107, 32, 88, 53, 109, 27, 83, 29, 85, 127, 124], [20.04240577815983], [16]))
    (6, ([118, 2, 58, 34, 52, 90, 108, 37, 93, 48, 104, 3, 59, 46, 17, 102, 73, 127, 125], [15.137069373222802], [18]))
    (7, ([119, 39, 95, 10, 35, 66, 56, 91, 112, 50, 4, 106, 26, 82, 60, 25, 81, 54, 110, 23, 79, 12, 68, 127, 126], [68.42919716389106], [24])))

T best obj: 613.8068853081083
T best iteration: 27702
T total iterations: 30000
T best time [s]: 15.620
T total time [s]: 16.8160
