EADARP version ecec-dirty
ARGS: --ifile=EADARP/instances/random/r7-56-00000.txt  --gamma=0.7 --only_single_s_visits=false --odir=EADARP/solutions/random/r7-56-00000 --oname=run64
Settings:
--alns_gamma=0.025
--alns_segment_size=100
--alns_sigma1=10
--alns_sigma2=9
--alns_sigma3=3
--at_most_one_s=false
--gamma=0.7
--ifile=EADARP/instances/random/r7-56-00000.txt
--infeasible_arcs=EADARP/infeasible_arcs
--insert_charging_otf=true
--insert_cost_noise=0.014
--lns_init_temp_factor=0.0
--lns_temp_dec_factor=0.99
--log_all_sols_fname=
--mh_checkit=false
--mh_lfreq=0
--mh_lnewinc=true
--mh_tciter=-1
--mh_tctime=-1.0
--mh_titer=30000
--mh_tobj=-1.0
--mh_ttime=-1.0
--odir=EADARP/solutions/random/r7-56-00000
--ofile=
--oname=run64
--only_single_s_visits=false
--prepthreshold=0.1
--repair_max_routes=0
--route_based_ops=0
--seed=622563808
--tightened_windows=EADARP/tightened_windows
--use_milp_in_otf=0
--xcheck_isfeasible=false

EADARPInstance(EADARP/instances/random/r7-56-00000.txt, n=56, n_K=7, S=[127, 128, 129], Q=14.85, n_F=7, γ=0.7, T_plan=720.0, F=[120, 121, 122, 123, 124, 125, 126])

Percentage of arcs removed: 69.79748813172286%
Minimum Degree: 9
T preprocessing time [s]: 2.024
I       iter             best          obj_old          obj_new        time              method info
I          1        762.35865     100056.00000        762.35865      0.1730                 con 
I          2        743.41090        762.35865        743.41090      0.1880        drrr_15+rroi 
I          3        731.47691        743.41090        731.47691      0.2040        drrr_15+rroi 
I          4        696.31247        731.47691        696.31247      0.2200        drrr_15+rroi 
I          5        691.52948        696.31247        691.52948      0.2200        drrr_15+rrri 
I          7        661.92023        691.52948        661.92023      0.2670        drrr_15+rrri 
I          8        661.00492        661.92023        661.00492      0.2830         drrr_15+rrg 
I          9        656.03360        661.00492        656.03360      0.2830         drrr_15+rrg 
I         11        656.01098        656.03360        656.01098      0.3290        drrr_15+rrri 
I         12        655.72156        656.01098        655.72156      0.3290        drrr_15+rroi 
I         14        652.49273        655.72156        652.49273      0.3450         drrr_15+rrg 
I         18        648.61669        652.49273        648.61669      0.3920         drrr_15+rrg 
I         20        645.86182        648.61669        645.86182      0.4230         drrr_15+rrg 
I         21        641.62969        645.86182        641.62969      0.4390         drrr_15+rrg 
I         22        641.27314        641.62969        641.27314      0.4700        drrr_15+rroi 
I         23        638.30037        641.27314        638.30037      0.4860         drrr_15+rrg 
I         25        637.53374        638.30037        637.53374      0.4860        drrr_15+rrri 
I         29        634.63641        637.53374        634.63641      0.5020         drrr_15+rrg 
I         31        634.25912        634.63641        634.25912      0.5170         drrr_15+rrg 
I         36        630.36327        634.25912        630.36327      0.5330         drrr_15+rrg 
I         47        628.49715        630.36327        628.49715      0.5800        drrr_15+rrri 
I         57        628.22534        628.49715        628.22534      0.5960         drrr_15+rrg 
I         60        625.16421        628.22534        625.16421      0.5960         drrr_15+rrg 
I        147        625.14159        625.16421        625.14159      0.6900         drrr_15+rrg 
I        387        624.54753        625.14159        624.54753      0.9100        drrr_15+rroi 
I        391        624.06327        624.54753        624.06327      0.9100        drrr_15+rroi 
I        405        621.79026        624.06327        621.79026      0.9100        drrr_15+rroi 
I        428        621.19667        621.79026        621.19667      0.9570        drrr_15+rrri 
I        478        621.06624        621.19667        621.06624      1.0200        drrr_15+rrri 
I        479        619.97035        621.06624        619.97035      1.0200        drrr_15+rrri 
I        481        619.35413        619.97035        619.35413      1.0200        drrr_15+rrri 
I        483        618.99093        619.35413        618.99093      1.0200        drrr_15+rrri 
I        558        618.96830        618.99093        618.96830      1.0830         drrr_15+rrg 
I       1556        618.47778        618.96830        618.47778      1.8050        drrr_15+rrri 
I       2109        617.14776        618.47778        617.14776      2.1650         drrr_15+rrg 
I       3471        615.10193        617.14776        615.10193      2.8870        drrr_15+rroi 
I       3480        614.48571        615.10193        614.48571      2.8870        drrr_15+rroi 
I      30000        614.48571        614.48571        617.74230     18.3780        drrr_15+rrri 

Method statistics
S  method    iter  succ  succ-rate%  tot-obj-gain  avg-obj-gain  rel-succ%  net-time  net-time%  brut-time  brut-time%
S  con          1     1   100.00000  -99293.64135  -99293.64135    1.36986   0.17300    0.94134    0.17300     0.94134
S  drrr_15  29999    36     0.12000    -147.87294      -0.00493   49.31507   0.43200    2.35064    0.43200     2.35064
S  rrg       9928    15     0.15109     -34.82994      -0.00351   20.54795   9.38700   51.07737    9.38700    51.07737
S  rroi     10090    10     0.09911     -72.70553      -0.00721   13.69863   4.15700   22.61944    4.15700    22.61944
S  rrri      9981    11     0.11021     -40.33747      -0.00404   15.06849   4.09500   22.28207    4.09500    22.28207
S  SUM/AVG  59999    73     0.12167  -99589.38723      -1.65985   20.00000  18.24400   99.27086   18.24400    99.27086

T best solution: EADARPSolution(t_routing=769.437, t_excess=149.632, obj_val=614.486, obj_val_valid=true,
    unserved_requests=Int64[], F_visited=[125, 124, 126, 123, 122, 121, 120], S_visited=Int64[],
    (1, ([113, 24, 80, 31, 87, 47, 48, 104, 103, 21, 77, 42, 40, 96, 98, 5, 61, 127, 120], [47.00040891574718], [18]))
    (2, ([114, 10, 35, 66, 56, 91, 112, 50, 4, 106, 26, 82, 60, 25, 81, 22, 43, 99, 78, 36, 92, 28, 84, 127, 121], [68.23143332683385], [24]))
    (3, ([115, 38, 33, 94, 89, 8, 64, 16, 72, 44, 100, 23, 79, 12, 68, 127, 122], [23.503305007804443], [16]))
    (4, ([116, 39, 95, 9, 65, 18, 74, 6, 62, 27, 83, 123], Float64[], Int64[]))
    (5, ([117, 1, 57, 49, 105, 51, 107, 54, 32, 88, 110, 14, 70, 3, 59, 128, 46, 17, 102, 73, 11, 13, 67, 69, 127, 124], [66.29170587622434, 2.113482778603082], [16, 25]))
    (6, ([118, 2, 58, 34, 52, 90, 108, 37, 93, 41, 97, 15, 55, 111, 71, 30, 86, 7, 45, 63, 101, 127, 125], [42.331533067918606], [22]))
    (7, ([119, 20, 76, 53, 109, 29, 85, 19, 75, 126], Float64[], Int64[])))

T best obj: 614.4857093315553
T best iteration: 3480
T total iterations: 30000
T best time [s]: 2.887
T total time [s]: 18.3780
