EADARP version ecec-dirty
ARGS: --ifile=EADARP/instances/random/r7-56-00000.txt  --gamma=0.7 --only_single_s_visits=false --odir=EADARP/solutions/random/r7-56-00000 --oname=run70
Settings:
--alns_gamma=0.025
--alns_segment_size=100
--alns_sigma1=10
--alns_sigma2=9
--alns_sigma3=3
--at_most_one_s=false
--gamma=0.7
--ifile=EADARP/instances/random/r7-56-00000.txt
--infeasible_arcs=EADARP/infeasible_arcs
--insert_charging_otf=true
--insert_cost_noise=0.014
--lns_init_temp_factor=0.0
--lns_temp_dec_factor=0.99
--log_all_sols_fname=
--mh_checkit=false
--mh_lfreq=0
--mh_lnewinc=true
--mh_tciter=-1
--mh_tctime=-1.0
--mh_titer=30000
--mh_tobj=-1.0
--mh_ttime=-1.0
--odir=EADARP/solutions/random/r7-56-00000
--ofile=
--oname=run70
--only_single_s_visits=false
--prepthreshold=0.1
--repair_max_routes=0
--route_based_ops=0
--seed=641896895
--tightened_windows=EADARP/tightened_windows
--use_milp_in_otf=0
--xcheck_isfeasible=false

EADARPInstance(EADARP/instances/random/r7-56-00000.txt, n=56, n_K=7, S=[127, 128, 129], Q=14.85, n_F=7, γ=0.7, T_plan=720.0, F=[120, 121, 122, 123, 124, 125, 126])

Percentage of arcs removed: 69.79748813172286%
Minimum Degree: 9
T preprocessing time [s]: 1.854
I       iter             best          obj_old          obj_new        time              method info
I          1        749.30797     100056.00000        749.30797      0.0950                 con 
I          2        739.10479        749.30797        739.10479      0.1260        drrr_15+rrri 
I          3        713.25127        739.10479        713.25127      0.1340         drrr_15+rrg 
I          4        685.46422        713.25127        685.46422      0.1420         drrr_15+rrg 
I          7        680.37500        685.46422        680.37500      0.1730         drrr_15+rrg 
I          9        678.85206        680.37500        678.85206      0.1730        drrr_15+rroi 
I         13        672.90325        678.85206        672.90325      0.2050         drrr_15+rrg 
I         14        672.19900        672.90325        672.19900      0.2200         drrr_15+rrg 
I         16        662.93093        672.19900        662.93093      0.2200         drrr_15+rrg 
I         17        662.84404        662.93093        662.84404      0.2200        drrr_15+rrri 
I         18        655.11497        662.84404        655.11497      0.2360        drrr_15+rroi 
I         22        653.94734        655.11497        653.94734      0.2670        drrr_15+rrri 
I         27        648.91643        653.94734        648.91643      0.2830        drrr_15+rroi 
I         29        644.56562        648.91643        644.56562      0.2830        drrr_15+rrri 
I         32        642.84453        644.56562        642.84453      0.3140         drrr_15+rrg 
I         41        641.70586        642.84453        641.70586      0.3350        drrr_15+rrri 
I         94        640.62742        641.70586        640.62742      0.4080        drrr_15+rrri 
I        112        634.15558        640.62742        634.15558      0.4350         drrr_15+rrg 
I        180        633.51569        634.15558        633.51569      0.5020        drrr_15+rroi 
I        232        633.32230        633.51569        633.32230      0.5350         drrr_15+rrg 
I        250        630.94218        633.32230        630.94218      0.5650         drrr_15+rrg 
I        265        629.04049        630.94218        629.04049      0.5810         drrr_15+rrg 
I        291        628.02074        629.04049        628.02074      0.7060         drrr_15+rrg 
I        300        627.40452        628.02074        627.40452      0.7060        drrr_15+rrri 
I       1414        626.81799        627.40452        626.81799      1.4930         drrr_15+rrg 
I       1425        625.81339        626.81799        625.81339      1.4930        drrr_15+rroi 
I       1428        625.19718        625.81339        625.19718      1.4930        drrr_15+rrri 
I       4056        624.20479        625.19718        624.20479      3.0420        drrr_15+rroi 
I       4733        623.59676        624.20479        623.59676      3.4450        drrr_15+rrri 
I       4785        622.40716        623.59676        622.40716      3.4920        drrr_15+rroi 
I       8497        620.53661        622.40716        620.53661      5.5930        drrr_15+rroi 
I       8523        619.60610        620.53661        619.60610      5.6090         drrr_15+rrg 
I       8544        618.13531        619.60610        618.13531      5.6250         drrr_15+rrg 
I       8608        617.97013        618.13531        617.97013      5.6720         drrr_15+rrg 
I       9340        616.90338        617.97013        616.90338      6.0990        drrr_15+rrri 
I      20748        616.46748        616.90338        616.46748     12.2570        drrr_15+rroi 
I      20751        616.29028        616.46748        616.29028     12.2570        drrr_15+rrri 
I      20755        614.30290        616.29028        614.30290     12.2730        drrr_15+rroi 
I      20764        613.68668        614.30290        613.68668     12.2730         drrr_15+rrg 
I      28398        612.35666        613.68668        612.35666     16.4990         drrr_15+rrg 
I      30000        612.35666        612.35666        612.37928     17.3510        drrr_15+rroi 

Method statistics
S  method    iter  succ  succ-rate%  tot-obj-gain  avg-obj-gain  rel-succ%  net-time  net-time%  brut-time  brut-time%
S  con          1     1   100.00000  -99306.69203  -99306.69203    1.26582   0.09500    0.54752    0.09500     0.54752
S  drrr_15  29999    39     0.13000    -136.95131      -0.00457   49.36709   0.47100    2.71453    0.47100     2.71453
S  rrg       9866    18     0.18244     -93.43804      -0.00947   22.78481   8.94700   51.56474    8.94700    51.56474
S  rroi     10069    10     0.09931     -22.40323      -0.00222   12.65823   3.75000   21.61260    3.75000    21.61260
S  rrri     10064    11     0.10930     -21.11004      -0.00210   13.92405   3.91900   22.58660    3.91900    22.58660
S  SUM/AVG  59999    79     0.13167  -99580.59465      -1.65970   20.00000  17.18200   99.02599   17.18200    99.02599

T best solution: EADARPSolution(t_routing=759.248, t_excess=171.684, obj_val=612.357, obj_val_valid=true,
    unserved_requests=Int64[], F_visited=[121, 122, 120, 126, 123, 124, 125], S_visited=Int64[],
    (1, ([113, 2, 58, 34, 52, 90, 108, 37, 93, 48, 104, 3, 59, 46, 17, 102, 73, 127, 120], [15.137069373222802], [18]))
    (2, ([114, 10, 35, 66, 56, 91, 112, 50, 4, 106, 26, 82, 60, 25, 81, 54, 32, 88, 110, 23, 79, 12, 68, 127, 121], [66.3913350056057], [24]))
    (3, ([115, 24, 80, 31, 87, 47, 14, 103, 70, 21, 77, 42, 40, 96, 98, 127, 122], [24.712711327272206], [16]))
    (4, ([116, 38, 33, 94, 89, 8, 64, 49, 105, 51, 107, 22, 43, 99, 78, 15, 55, 111, 71, 7, 45, 63, 101, 127, 123], [66.18489754971397], [24]))
    (5, ([117, 20, 76, 16, 72, 44, 100, 128, 53, 36, 109, 92, 28, 84, 5, 61, 19, 75, 124], [23.9982578118621], [8]))
    (6, ([118, 1, 57, 41, 97, 30, 86, 11, 13, 67, 69, 127, 125], [4.122111321423364], [12]))
    (7, ([119, 39, 95, 9, 65, 18, 74, 6, 62, 27, 83, 29, 85, 126], Float64[], Int64[])))

T best obj: 612.3566593886185
T best iteration: 28398
T total iterations: 30000
T best time [s]: 16.499
T total time [s]: 17.3510
