EADARP version ecec-dirty
ARGS: --ifile=EADARP/instances/random/r7-56-00000.txt  --gamma=0.7 --only_single_s_visits=false --odir=EADARP/solutions/random/r7-56-00000 --oname=run84
Settings:
--alns_gamma=0.025
--alns_segment_size=100
--alns_sigma1=10
--alns_sigma2=9
--alns_sigma3=3
--at_most_one_s=false
--gamma=0.7
--ifile=EADARP/instances/random/r7-56-00000.txt
--infeasible_arcs=EADARP/infeasible_arcs
--insert_charging_otf=true
--insert_cost_noise=0.014
--lns_init_temp_factor=0.0
--lns_temp_dec_factor=0.99
--log_all_sols_fname=
--mh_checkit=false
--mh_lfreq=0
--mh_lnewinc=true
--mh_tciter=-1
--mh_tctime=-1.0
--mh_titer=30000
--mh_tobj=-1.0
--mh_ttime=-1.0
--odir=EADARP/solutions/random/r7-56-00000
--ofile=
--oname=run84
--only_single_s_visits=false
--prepthreshold=0.1
--repair_max_routes=0
--route_based_ops=0
--seed=1580487363
--tightened_windows=EADARP/tightened_windows
--use_milp_in_otf=0
--xcheck_isfeasible=false

EADARPInstance(EADARP/instances/random/r7-56-00000.txt, n=56, n_K=7, S=[127, 128, 129], Q=14.85, n_F=7, γ=0.7, T_plan=720.0, F=[120, 121, 122, 123, 124, 125, 126])

Percentage of arcs removed: 69.79748813172286%
Minimum Degree: 9
T preprocessing time [s]: 2.025
I       iter             best          obj_old          obj_new        time              method info
I          1        717.34990     100056.00000        717.34990      0.1100                 con 
I          3        698.07933        717.34990        698.07933      0.1560         drrr_15+rrg 
I          4        689.21208        698.07933        689.21208      0.1720         drrr_15+rrg 
I          5        684.91734        689.21208        684.91734      0.1880        drrr_15+rrri 
I          6        683.83366        684.91734        683.83366      0.1880        drrr_15+rroi 
I          7        678.90989        683.83366        678.90989      0.1930        drrr_15+rrri 
I         10        675.48661        678.90989        675.48661      0.2350         drrr_15+rrg 
I         13        673.13882        675.48661        673.13882      0.2660         drrr_15+rrg 
I         15        669.71133        673.13882        669.71133      0.2980        drrr_15+rrri 
I         18        668.51556        669.71133        668.51556      0.3130        drrr_15+rroi 
I         20        666.37122        668.51556        666.37122      0.3450        drrr_15+rrri 
I         21        664.82204        666.37122        664.82204      0.3600        drrr_15+rrri 
I         22        663.89825        664.82204        663.89825      0.3760         drrr_15+rrg 
I         25        663.79323        663.89825        663.79323      0.5010         drrr_15+rrg 
I         26        662.77816        663.79323        662.77816      0.5010        drrr_15+rrri 
I         34        662.43597        662.77816        662.43597      0.5800        drrr_15+rrri 
I         40        659.57202        662.43597        659.57202      0.5950        drrr_15+rroi 
I         44        654.14683        659.57202        654.14683      0.5950        drrr_15+rrri 
I         47        652.31529        654.14683        652.31529      0.6110         drrr_15+rrg 
I         48        651.96054        652.31529        651.96054      0.6110        drrr_15+rrri 
I         54        651.91968        651.96054        651.91968      0.6260         drrr_15+rrg 
I         56        651.40848        651.91968        651.40848      0.6420        drrr_15+rrri 
I         96        649.77566        651.40848        649.77566      0.7200        drrr_15+rroi 
I         98        646.90921        649.77566        646.90921      0.7200         drrr_15+rrg 
I        107        646.89197        646.90921        646.89197      0.7360         drrr_15+rrg 
I        108        643.90651        646.89197        643.90651      0.7360        drrr_15+rrri 
I        125        643.80150        643.90651        643.80150      0.7670         drrr_15+rrg 
I        129        643.18529        643.80150        643.18529      0.7670         drrr_15+rrg 
I        130        641.61606        643.18529        641.61606      0.7670        drrr_15+rrri 
I        131        639.00824        641.61606        639.00824      0.7670        drrr_15+rrri 
I        140        638.17840        639.00824        638.17840      0.7670         drrr_15+rrg 
I        190        637.31933        638.17840        637.31933      0.8140        drrr_15+rrri 
I        192        635.36193        637.31933        635.36193      0.8140        drrr_15+rrri 
I        383        634.84932        635.36193        634.84932      0.9950        drrr_15+rroi 
I        405        634.54301        634.84932        634.54301      1.0020        drrr_15+rroi 
I        410        632.92909        634.54301        632.92909      1.0020         drrr_15+rrg 
I        416        632.23084        632.92909        632.23084      1.0180         drrr_15+rrg 
I        421        631.06104        632.23084        631.06104      1.0180         drrr_15+rrg 
I        438        630.22663        631.06104        630.22663      1.0340         drrr_15+rrg 
I        460        629.46937        630.22663        629.46937      1.0650        drrr_15+rroi 
I        477        629.46937        629.46937        629.46937      1.2060         drrr_15+rrg 
I        483        629.06002        629.46937        629.06002      1.2210        drrr_15+rrri 
I        489        627.84103        629.06002        627.84103      1.2210        drrr_15+rroi 
I        497        627.67585        627.84103        627.67585      1.2370        drrr_15+rroi 
I        524        627.05963        627.67585        627.05963      1.2530        drrr_15+rroi 
I        626        626.94537        627.05963        626.94537      1.3160        drrr_15+rroi 
I        634        626.78019        626.94537        626.78019      1.3320         drrr_15+rrg 
I       3632        621.97053        626.78019        621.97053      3.2440        drrr_15+rroi 
I       3644        621.31610        621.97053        621.31610      3.2600        drrr_15+rroi 
I       3782        619.80281        621.31610        619.80281      3.3850        drrr_15+rroi 
I       3874        618.50609        619.80281        618.50609      3.4320        drrr_15+rrri 
I       4495        618.01221        618.50609        618.01221      3.8560        drrr_15+rrri 
I       4930        616.84157        618.01221        616.84157      4.1870        drrr_15+rrri 
I       4935        615.80486        616.84157        615.80486      4.1870        drrr_15+rrri 
I      30000        615.80486        615.80486        633.19011     19.0380        drrr_15+rroi 

Method statistics
S  method    iter  succ  succ-rate%  tot-obj-gain  avg-obj-gain  rel-succ%  net-time  net-time%  brut-time  brut-time%
S  con          1     1   100.00000  -99338.65010  -99338.65010    0.93458   0.11000    0.57779    0.11000     0.57779
S  drrr_15  29999    53     0.17667    -101.54504      -0.00338   49.53271   0.65600    3.44574    0.65600     3.44574
S  rrg       9956    19     0.19084     -45.72642      -0.00459   17.75701   9.63800   50.62507    9.63800    50.62507
S  rroi      9974    14     0.14036     -17.44442      -0.00175   13.08411   4.29000   22.53388    4.29000    22.53388
S  rrri     10069    20     0.19863     -38.37419      -0.00381   18.69159   4.21200   22.12417    4.21200    22.12417
S  SUM/AVG  59999   107     0.17834  -99541.74018      -1.65906   20.00000  18.90600   99.30665   18.90600    99.30665

T best solution: EADARPSolution(t_routing=772.169, t_excess=146.712, obj_val=615.805, obj_val_valid=true,
    unserved_requests=Int64[], F_visited=[126, 122, 120, 123, 124, 125, 121], S_visited=Int64[],
    (1, ([113, 39, 95, 9, 65, 18, 34, 90, 74, 55, 111, 15, 71, 7, 45, 63, 101, 127, 120], [7.901514887349266], [18]))
    (2, ([114, 2, 58, 52, 108, 37, 93, 30, 86, 11, 13, 67, 69, 127, 121], [3.622627527808672], [14]))
    (3, ([115, 10, 35, 66, 56, 91, 112, 31, 87, 47, 48, 104, 103, 3, 59, 46, 17, 102, 73, 127, 122], [39.90305126137563], [20]))
    (4, ([116, 38, 33, 94, 89, 8, 64, 16, 72, 44, 100, 22, 43, 99, 78, 41, 97, 6, 62, 27, 83, 29, 85, 127, 123], [70.04466686006307], [24]))
    (5, ([117, 1, 57, 49, 105, 51, 107, 32, 88, 14, 70, 21, 77, 42, 40, 96, 98, 127, 124], [43.288348997393456], [18]))
    (6, ([118, 20, 76, 53, 36, 109, 92, 28, 84, 5, 61, 19, 75, 127, 125], [4.75812769756736], [14]))
    (7, ([119, 24, 80, 50, 4, 106, 26, 82, 60, 25, 81, 54, 110, 23, 79, 12, 68, 127, 126], [35.650785873077496], [18])))

T best obj: 615.804863493991
T best iteration: 4935
T total iterations: 30000
T best time [s]: 4.187
T total time [s]: 19.0380
