EADARP version ecec-dirty
ARGS: --ifile=EADARP/instances/random/r7-56-00000.txt  --gamma=0.7 --only_single_s_visits=false --odir=EADARP/solutions/random/r7-56-00000 --oname=run97
Settings:
--alns_gamma=0.025
--alns_segment_size=100
--alns_sigma1=10
--alns_sigma2=9
--alns_sigma3=3
--at_most_one_s=false
--gamma=0.7
--ifile=EADARP/instances/random/r7-56-00000.txt
--infeasible_arcs=EADARP/infeasible_arcs
--insert_charging_otf=true
--insert_cost_noise=0.014
--lns_init_temp_factor=0.0
--lns_temp_dec_factor=0.99
--log_all_sols_fname=
--mh_checkit=false
--mh_lfreq=0
--mh_lnewinc=true
--mh_tciter=-1
--mh_tctime=-1.0
--mh_titer=30000
--mh_tobj=-1.0
--mh_ttime=-1.0
--odir=EADARP/solutions/random/r7-56-00000
--ofile=
--oname=run97
--only_single_s_visits=false
--prepthreshold=0.1
--repair_max_routes=0
--route_based_ops=0
--seed=249702029
--tightened_windows=EADARP/tightened_windows
--use_milp_in_otf=0
--xcheck_isfeasible=false

EADARPInstance(EADARP/instances/random/r7-56-00000.txt, n=56, n_K=7, S=[127, 128, 129], Q=14.85, n_F=7, γ=0.7, T_plan=720.0, F=[120, 121, 122, 123, 124, 125, 126])

Percentage of arcs removed: 69.79748813172286%
Minimum Degree: 9
T preprocessing time [s]: 2.141
I       iter             best          obj_old          obj_new        time              method info
I          1        758.48225     100056.00000        758.48225      0.1140                 con 
I          2        750.14746        758.48225        750.14746      0.1340         drrr_15+rrg 
I          3        733.56800        750.14746        733.56800      0.1610         drrr_15+rrg 
I          4        718.34483        733.56800        718.34483      0.1850        drrr_15+rrri 
I          5        706.86111        718.34483        706.86111      0.2080        drrr_15+rroi 
I          9        706.35674        706.86111        706.35674      0.2640        drrr_15+rroi 
I         10        705.79626        706.35674        705.79626      0.2760         drrr_15+rrg 
I         13        694.72047        705.79626        694.72047      0.3140         drrr_15+rrg 
I         14        679.81463        694.72047        679.81463      0.3350        drrr_15+rrri 
I         15        675.16541        679.81463        675.16541      0.3350        drrr_15+rrri 
I         27        674.83074        675.16541        674.83074      0.4830        drrr_15+rroi 
I         28        674.64498        674.83074        674.64498      0.4860         drrr_15+rrg 
I         29        672.10564        674.64498        672.10564      0.4860        drrr_15+rrri 
I         31        666.53492        672.10564        666.53492      0.4930        drrr_15+rroi 
I         32        659.94059        666.53492        659.94059      0.4940        drrr_15+rrri 
I         35        659.59547        659.94059        659.59547      0.5110         drrr_15+rrg 
I         40        649.68259        659.59547        649.68259      0.6240         drrr_15+rrg 
I         49        645.30793        649.68259        645.30793      0.6850         drrr_15+rrg 
I         60        644.79149        645.30793        644.79149      0.7740        drrr_15+rrri 
I         69        644.76334        644.79149        644.76334      0.8270         drrr_15+rrg 
I         73        644.47743        644.76334        644.47743      0.8340        drrr_15+rroi 
I        110        643.74359        644.47743        643.74359      0.9490         drrr_15+rrg 
I        120        643.20832        643.74359        643.20832      0.9850        drrr_15+rrri 
I        121        642.77554        643.20832        642.77554      0.9890        drrr_15+rrri 
I        124        641.90638        642.77554        641.90638      1.0000         drrr_15+rrg 
I        138        641.33313        641.90638        641.33313      1.0370         drrr_15+rrg 
I        143        631.96422        641.33313        631.96422      1.0450        drrr_15+rrri 
I        160        626.92249        631.96422        626.92249      1.0780        drrr_15+rroi 
I        192        626.74386        626.92249        626.74386      1.1540        drrr_15+rroi 
I        296        626.43391        626.74386        626.43391      1.3140        drrr_15+rrri 
I        307        626.27392        626.43391        626.27392      1.3350        drrr_15+rrri 
I        318        626.25130        626.27392        626.25130      1.3540         drrr_15+rrg 
I        390        625.97948        626.25130        625.97948      1.4440         drrr_15+rrg 
I        600        625.63508        625.97948        625.63508      1.6350        drrr_15+rrri 
I      15966        624.64533        625.63508        624.64533     12.8760        drrr_15+rrri 
I      15969        624.31041        624.64533        624.31041     12.8760         drrr_15+rrg 
I      15974        622.78073        624.31041        622.78073     12.8760        drrr_15+rroi 
I      15990        620.59982        622.78073        620.59982     12.8920        drrr_15+rroi 
I      17658        618.70438        620.59982        618.70438     14.1440         drrr_15+rrg 
I      19653        617.37436        618.70438        617.37436     15.5160         drrr_15+rrg 
I      21101        616.65307        617.37436        616.65307     16.3940        drrr_15+rroi 
I      21116        616.00773        616.65307        616.00773     16.4060        drrr_15+rrri 
I      23254        615.14974        616.00773        615.14974     17.9540        drrr_15+rrri 
I      23820        614.55238        615.14974        614.55238     18.3760        drrr_15+rrri 
I      23824        614.25542        614.55238        614.25542     18.3770         drrr_15+rrg 
I      23831        613.61658        614.25542        613.61658     18.3840         drrr_15+rrg 
I      23871        613.53943        613.61658        613.53943     18.4110        drrr_15+rroi 
I      25056        611.78369        613.53943        611.78369     19.1540        drrr_15+rroi 
I      30000        611.78369        611.78369        619.93799     22.2460        drrr_15+rrri 

Method statistics
S  method    iter  succ  succ-rate%  tot-obj-gain  avg-obj-gain  rel-succ%  net-time  net-time%  brut-time  brut-time%
S  con          1     1   100.00000  -99297.51775  -99297.51775    1.05263   0.11400    0.51245    0.11400     0.51245
S  drrr_15  29999    47     0.15667    -146.69855      -0.00489   49.47368   0.60000    2.69711    0.60000     2.69711
S  rrg       9986    19     0.19027     -58.36395      -0.00584   20.00000  11.10300   49.91009   11.10300    49.91009
S  rroi     10038    12     0.11955     -29.66452      -0.00296   12.63158   4.89900   22.02195    4.89900    22.02195
S  rrri      9975    16     0.16040     -58.67009      -0.00588   16.84211   5.31600   23.89642    5.31600    23.89642
S  SUM/AVG  59999    95     0.15834  -99590.91486      -1.65988   20.00000  22.03200   99.03803   22.03200    99.03803

T best solution: EADARPSolution(t_routing=767.301, t_excess=145.232, obj_val=611.784, obj_val_valid=true,
    unserved_requests=Int64[], F_visited=[121, 124, 126, 120, 123, 125, 122], S_visited=Int64[],
    (1, ([113, 38, 33, 94, 89, 8, 64, 20, 76, 16, 72, 44, 100, 22, 43, 99, 78, 36, 92, 28, 84, 127, 120], [60.20972611075752], [22]))
    (2, ([114, 10, 35, 66, 56, 91, 112, 50, 4, 106, 26, 82, 60, 25, 81, 54, 110, 23, 79, 12, 68, 127, 121], [64.22102322242414], [22]))
    (3, ([115, 24, 80, 31, 87, 47, 14, 103, 70, 21, 77, 7, 45, 63, 101, 127, 122], [18.226173478276213], [16]))
    (4, ([116, 41, 97, 15, 71, 30, 86, 11, 13, 67, 69, 127, 123], [2.9076962657507526], [12]))
    (5, ([117, 2, 58, 34, 52, 90, 108, 37, 93, 48, 104, 3, 59, 128, 46, 102, 42, 40, 96, 98, 5, 61, 19, 75, 124], [58.352850334950425], [14]))
    (6, ([118, 1, 57, 49, 105, 51, 107, 32, 88, 53, 109, 17, 73, 127, 125], [0.12379122472358456], [14]))
    (7, ([119, 39, 95, 9, 65, 18, 74, 6, 62, 27, 55, 111, 83, 29, 85, 126], Float64[], Int64[])))

T best obj: 611.7836928613292
T best iteration: 25056
T total iterations: 30000
T best time [s]: 19.154
T total time [s]: 22.2460
