EADARP version ecec-dirty
ARGS: --ifile=EADARP/instances/random/r7-56-00000.txt  --gamma=0.7 --only_single_s_visits=false --odir=EADARP/solutions/random/r7-56-00000 --oname=run93
Settings:
--alns_gamma=0.025
--alns_segment_size=100
--alns_sigma1=10
--alns_sigma2=9
--alns_sigma3=3
--at_most_one_s=false
--gamma=0.7
--ifile=EADARP/instances/random/r7-56-00000.txt
--infeasible_arcs=EADARP/infeasible_arcs
--insert_charging_otf=true
--insert_cost_noise=0.014
--lns_init_temp_factor=0.0
--lns_temp_dec_factor=0.99
--log_all_sols_fname=
--mh_checkit=false
--mh_lfreq=0
--mh_lnewinc=true
--mh_tciter=-1
--mh_tctime=-1.0
--mh_titer=30000
--mh_tobj=-1.0
--mh_ttime=-1.0
--odir=EADARP/solutions/random/r7-56-00000
--ofile=
--oname=run93
--only_single_s_visits=false
--prepthreshold=0.1
--repair_max_routes=0
--route_based_ops=0
--seed=80612378
--tightened_windows=EADARP/tightened_windows
--use_milp_in_otf=0
--xcheck_isfeasible=false

EADARPInstance(EADARP/instances/random/r7-56-00000.txt, n=56, n_K=7, S=[127, 128, 129], Q=14.85, n_F=7, γ=0.7, T_plan=720.0, F=[120, 121, 122, 123, 124, 125, 126])

Percentage of arcs removed: 69.79748813172286%
Minimum Degree: 9
T preprocessing time [s]: 2.278
I       iter             best          obj_old          obj_new        time              method info
I          1        707.36706     100056.00000        707.36706      0.1080                 con 
I          2        696.97632        707.36706        696.97632      0.1470         drrr_15+rrg 
I          3        679.45070        696.97632        679.45070      0.1540        drrr_15+rrri 
I          4        672.63289        679.45070        672.63289      0.1690        drrr_15+rrri 
I          6        672.55097        672.63289        672.55097      0.1760        drrr_15+rrri 
I          7        672.29266        672.55097        672.29266      0.1920        drrr_15+rrri 
I          8        667.76803        672.29266        667.76803      0.2080        drrr_15+rroi 
I          9        662.64922        667.76803        662.64922      0.2280        drrr_15+rroi 
I         12        660.08026        662.64922        660.08026      0.2460         drrr_15+rrg 
I         16        647.82019        660.08026        647.82019      0.2770         drrr_15+rrg 
I         17        645.37250        647.82019        645.37250      0.2810        drrr_15+rroi 
I         21        640.22680        645.37250        640.22680      0.3060        drrr_15+rroi 
I         24        637.31610        640.22680        637.31610      0.3220        drrr_15+rrri 
I         27        636.64194        637.31610        636.64194      0.3320        drrr_15+rrri 
I         34        634.59626        636.64194        634.59626      0.3600         drrr_15+rrg 
I        358        632.70082        634.59626        632.70082      0.8300         drrr_15+rrg 
I       1228        632.21331        632.70082        632.21331      1.7610         drrr_15+rrg 
I       1323        631.61704        632.21331        631.61704      1.8400        drrr_15+rrri 
I       1389        631.11648        631.61704        631.11648      1.9200         drrr_15+rrg 
I       1391        630.31232        631.11648        630.31232      1.9200        drrr_15+rrri 
I       1392        628.98937        630.31232        628.98937      1.9200        drrr_15+rrri 
I       1396        628.37316        628.98937        628.37316      1.9260         drrr_15+rrg 
I       1419        626.68089        628.37316        626.68089      1.9430         drrr_15+rrg 
I       1439        624.63521        626.68089        624.63521      1.9590        drrr_15+rroi 
I       1442        624.01899        624.63521        624.01899      1.9630         drrr_15+rrg 
I       1579        623.01483        624.01899        623.01483      2.0430        drrr_15+rrri 
I       1605        622.39862        623.01483        622.39862      2.0960        drrr_15+rrri 
I       2318        622.33238        622.39862        622.33238      2.5950        drrr_15+rrri 
I       2325        620.56624        622.33238        620.56624      2.6030        drrr_15+rroi 
I       2336        619.99230        620.56624        619.99230      2.6110        drrr_15+rrri 
I       2505        619.96968        619.99230        619.96968      2.7710        drrr_15+rrri 
I       2508        619.52618        619.96968        619.52618      2.7710        drrr_15+rrri 
I       2537        619.48476        619.52618        619.48476      2.7920         drrr_15+rrg 
I       2543        619.14035        619.48476        619.14035      2.7930        drrr_15+rroi 
I       5836        618.68860        619.14035        618.68860      4.8470        drrr_15+rroi 
I       5865        617.48226        618.68860        617.48226      4.8470        drrr_15+rroi 
I       8349        616.15224        617.48226        616.15224      6.3590        drrr_15+rrri 
I      30000        616.15224        616.15224        629.07649     19.5910        drrr_15+rroi 

Method statistics
S  method    iter  succ  succ-rate%  tot-obj-gain  avg-obj-gain  rel-succ%  net-time  net-time%  brut-time  brut-time%
S  con          1     1   100.00000  -99348.63294  -99348.63294    1.36986   0.10800    0.55127    0.10800     0.55127
S  drrr_15  29999    36     0.12000     -91.21482      -0.00304   49.31507   0.56100    2.86356    0.56100     2.86356
S  rrg      10164    11     0.10823     -33.11508      -0.00326   15.06849   9.73100   49.67075    9.73100    49.67075
S  rroi      9851     9     0.09136     -23.05116      -0.00234   12.32877   4.10800   20.96881    4.10800    20.96881
S  rrri      9984    16     0.16026     -35.04858      -0.00351   21.91781   4.85300   24.77160    4.85300    24.77160
S  SUM/AVG  59999    73     0.12167  -99531.06259      -1.65888   20.00000  19.36100   98.82599   19.36100    98.82599

T best solution: EADARPSolution(t_routing=771.073, t_excess=151.389, obj_val=616.152, obj_val_valid=true,
    unserved_requests=Int64[], F_visited=[121, 126, 124, 125, 120, 123, 122], S_visited=Int64[],
    (1, ([113, 10, 35, 66, 56, 91, 112, 50, 4, 106, 26, 82, 60, 25, 81, 128, 53, 36, 109, 92, 28, 84, 5, 61, 19, 75, 120], [98.82034820034929], [16]))
    (2, ([114, 20, 76, 16, 72, 44, 100, 128, 23, 79, 30, 86, 11, 13, 67, 69, 121], [23.665851925198787], [8]))
    (3, ([115, 38, 33, 94, 89, 8, 64, 51, 107, 54, 32, 88, 110, 14, 70, 21, 77, 42, 40, 96, 98, 127, 122], [84.02235915961805], [22]))
    (4, ([116, 39, 95, 9, 65, 18, 74, 55, 111, 15, 71, 7, 45, 63, 101, 123], Float64[], Int64[]))
    (5, ([117, 1, 57, 49, 105, 43, 22, 99, 78, 41, 97, 6, 62, 27, 83, 29, 85, 127, 124], [15.848931860190776], [18]))
    (6, ([118, 2, 58, 34, 52, 90, 108, 37, 93, 12, 68, 125], Float64[], Int64[]))
    (7, ([119, 24, 80, 31, 87, 47, 48, 104, 103, 3, 59, 46, 17, 102, 73, 127, 126], [9.933661205610504], [16])))

T best obj: 616.1522355264892
T best iteration: 8349
T total iterations: 30000
T best time [s]: 6.359
T total time [s]: 19.5910
