EADARP version ecec-dirty
ARGS: --ifile=EADARP/instances/random/r7-56-00000.txt  --gamma=0.7 --only_single_s_visits=false --odir=EADARP/solutions/random/r7-56-00000 --oname=run90
Settings:
--alns_gamma=0.025
--alns_segment_size=100
--alns_sigma1=10
--alns_sigma2=9
--alns_sigma3=3
--at_most_one_s=false
--gamma=0.7
--ifile=EADARP/instances/random/r7-56-00000.txt
--infeasible_arcs=EADARP/infeasible_arcs
--insert_charging_otf=true
--insert_cost_noise=0.014
--lns_init_temp_factor=0.0
--lns_temp_dec_factor=0.99
--log_all_sols_fname=
--mh_checkit=false
--mh_lfreq=0
--mh_lnewinc=true
--mh_tciter=-1
--mh_tctime=-1.0
--mh_titer=30000
--mh_tobj=-1.0
--mh_ttime=-1.0
--odir=EADARP/solutions/random/r7-56-00000
--ofile=
--oname=run90
--only_single_s_visits=false
--prepthreshold=0.1
--repair_max_routes=0
--route_based_ops=0
--seed=1501837076
--tightened_windows=EADARP/tightened_windows
--use_milp_in_otf=0
--xcheck_isfeasible=false

EADARPInstance(EADARP/instances/random/r7-56-00000.txt, n=56, n_K=7, S=[127, 128, 129], Q=14.85, n_F=7, γ=0.7, T_plan=720.0, F=[120, 121, 122, 123, 124, 125, 126])

Percentage of arcs removed: 69.79748813172286%
Minimum Degree: 9
T preprocessing time [s]: 2.09
I       iter             best          obj_old          obj_new        time              method info
I          1        738.48670     100056.00000        738.48670      0.1070                 con 
I          3        720.55546        738.48670        720.55546      0.1570         drrr_15+rrg 
I          4        698.13116        720.55546        698.13116      0.1610        drrr_15+rroi 
I          6        687.18071        698.13116        687.18071      0.1800        drrr_15+rroi 
I          7        680.07426        687.18071        680.07426      0.2080         drrr_15+rrg 
I          8        677.56541        680.07426        677.56541      0.2130        drrr_15+rroi 
I          9        674.12469        677.56541        674.12469      0.2310        drrr_15+rroi 
I         10        669.48563        674.12469        669.48563      0.2400         drrr_15+rrg 
I         11        660.32391        669.48563        660.32391      0.2440        drrr_15+rroi 
I         13        656.67562        660.32391        656.67562      0.2620        drrr_15+rroi 
I         15        654.45564        656.67562        654.45564      0.2840         drrr_15+rrg 
I         41        651.79379        654.45564        651.79379      0.3800         drrr_15+rrg 
I         60        650.57422        651.79379        650.57422      0.4200        drrr_15+rrri 
I         72        650.16899        650.57422        650.16899      0.4450        drrr_15+rroi 
I        204        648.40988        650.16899        648.40988      0.6050        drrr_15+rroi 
I        215        646.58318        648.40988        646.58318      0.6220        drrr_15+rrri 
I        217        642.37875        646.58318        642.37875      0.6230        drrr_15+rroi 
I        218        638.44832        642.37875        638.44832      0.6300         drrr_15+rrg 
I        219        637.52957        638.44832        637.52957      0.6300        drrr_15+rrri 
I        222        634.69139        637.52957        634.69139      0.6340        drrr_15+rrri 
I        229        634.07517        634.69139        634.07517      0.6370         drrr_15+rrg 
I        240        629.22363        634.07517        629.22363      0.6520        drrr_15+rroi 
I        250        628.60741        629.22363        628.60741      0.6580         drrr_15+rrg 
I        399        628.05383        628.60741        628.05383      0.8570        drrr_15+rrri 
I        419        627.43761        628.05383        627.43761      0.8680         drrr_15+rrg 
I       1116        627.32100        627.43761        627.32100      1.4130         drrr_15+rrg 
I       1122        623.76759        627.32100        623.76759      1.4170        drrr_15+rrri 
I       1123        623.20893        623.76759        623.20893      1.4170        drrr_15+rrri 
I       1148        621.91566        623.20893        621.91566      1.4320         drrr_15+rrg 
I       1178        621.54225        621.91566        621.54225      1.4520        drrr_15+rrri 
I       1655        619.51679        621.54225        619.51679      1.7400        drrr_15+rrri 
I       2133        619.42778        619.51679        619.42778      2.0520        drrr_15+rrri 
I      12625        619.26698        619.42778        619.26698      8.4870         drrr_15+rrg 
I      21869        617.19131        619.26698        617.19131     14.1520        drrr_15+rrri 
I      21888        617.16869        617.19131        617.16869     14.1700        drrr_15+rroi 
I      30000        617.16869        617.16869        617.78490     19.3940        drrr_15+rroi 

Method statistics
S  method    iter  succ  succ-rate%  tot-obj-gain  avg-obj-gain  rel-succ%  net-time  net-time%  brut-time  brut-time%
S  con          1     1   100.00000  -99317.51330  -99317.51330    1.44928   0.10700    0.55169    0.10700     0.55169
S  drrr_15  29999    34     0.11334    -121.31801      -0.00404   49.27536   0.60000    3.09357    0.60000     3.09357
S  rrg      10145    12     0.11828     -41.90834      -0.00413   17.39130   9.84801   50.77600    9.84801    50.77600
S  rroi      9930    11     0.11078     -63.37728      -0.00638   15.94203   4.14200   21.35603    4.14200    21.35603
S  rrri      9924    11     0.11084     -16.03239      -0.00162   15.94203   4.53300   23.37200    4.53300    23.37200
S  SUM/AVG  59999    69     0.11500  -99560.14932      -1.65936   20.00000  19.23001   99.14929   19.23001    99.14929

T best solution: EADARPSolution(t_routing=777.561, t_excess=135.993, obj_val=617.169, obj_val_valid=true,
    unserved_requests=Int64[], F_visited=[121, 126, 122, 125, 123, 124, 120], S_visited=Int64[],
    (1, ([113, 10, 35, 66, 56, 91, 112, 25, 81, 54, 110, 23, 79, 12, 68, 127, 120], [24.49307563937663], [16]))
    (2, ([114, 1, 57, 49, 105, 51, 107, 32, 88, 53, 109, 29, 85, 121], Float64[], Int64[]))
    (3, ([115, 38, 33, 94, 89, 8, 64, 20, 76, 16, 72, 44, 100, 22, 43, 99, 78, 41, 97, 6, 62, 27, 83, 127, 122], [74.75452117526396], [24]))
    (4, ([116, 24, 80, 50, 4, 106, 26, 82, 60, 52, 108, 37, 93, 48, 104, 21, 77, 42, 40, 96, 98, 127, 123], [64.9960023272434], [22]))
    (5, ([117, 31, 87, 47, 14, 103, 70, 3, 59, 128, 46, 17, 102, 73, 11, 13, 67, 69, 124], [33.161829641859704], [10]))
    (6, ([118, 2, 58, 34, 90, 36, 92, 28, 84, 5, 61, 19, 75, 127, 125], [0.014652536503751373], [14]))
    (7, ([119, 39, 95, 9, 65, 18, 74, 15, 55, 111, 71, 30, 86, 7, 45, 63, 101, 127, 126], [13.662640286518075], [18])))

T best obj: 617.168689154887
T best iteration: 21888
T total iterations: 30000
T best time [s]: 14.170
T total time [s]: 19.3950
