EADARP version ecec-dirty
ARGS: --ifile=EADARP/instances/random/r7-56-00000.txt  --gamma=0.7 --only_single_s_visits=false --odir=EADARP/solutions/random/r7-56-00000 --oname=run99
Settings:
--alns_gamma=0.025
--alns_segment_size=100
--alns_sigma1=10
--alns_sigma2=9
--alns_sigma3=3
--at_most_one_s=false
--gamma=0.7
--ifile=EADARP/instances/random/r7-56-00000.txt
--infeasible_arcs=EADARP/infeasible_arcs
--insert_charging_otf=true
--insert_cost_noise=0.014
--lns_init_temp_factor=0.0
--lns_temp_dec_factor=0.99
--log_all_sols_fname=
--mh_checkit=false
--mh_lfreq=0
--mh_lnewinc=true
--mh_tciter=-1
--mh_tctime=-1.0
--mh_titer=30000
--mh_tobj=-1.0
--mh_ttime=-1.0
--odir=EADARP/solutions/random/r7-56-00000
--ofile=
--oname=run99
--only_single_s_visits=false
--prepthreshold=0.1
--repair_max_routes=0
--route_based_ops=0
--seed=328840886
--tightened_windows=EADARP/tightened_windows
--use_milp_in_otf=0
--xcheck_isfeasible=false

EADARPInstance(EADARP/instances/random/r7-56-00000.txt, n=56, n_K=7, S=[127, 128, 129], Q=14.85, n_F=7, γ=0.7, T_plan=720.0, F=[120, 121, 122, 123, 124, 125, 126])

Percentage of arcs removed: 69.79748813172286%
Minimum Degree: 9
T preprocessing time [s]: 2.012
I       iter             best          obj_old          obj_new        time              method info
I          1        762.55196     100056.00000        762.55196      0.1680                 con 
I          2        734.40927        762.55196        734.40927      0.1880        drrr_15+rroi 
I          3        732.15800        734.40927        732.15800      0.1910         drrr_15+rrg 
I          4        729.81323        732.15800        729.81323      0.2030         drrr_15+rrg 
I          5        720.30135        729.81323        720.30135      0.2180        drrr_15+rroi 
I          6        717.34953        720.30135        717.34953      0.2230        drrr_15+rroi 
I          8        706.05126        717.34953        706.05126      0.2630        drrr_15+rroi 
I         10        701.18646        706.05126        701.18646      0.2880        drrr_15+rroi 
I         12        695.78710        701.18646        695.78710      0.3020        drrr_15+rroi 
I         13        684.79615        695.78710        684.79615      0.3280         drrr_15+rrg 
I         17        680.97753        684.79615        680.97753      0.3480        drrr_15+rroi 
I         18        680.27582        680.97753        680.27582      0.3500         drrr_15+rrg 
I         19        678.44868        680.27582        678.44868      0.3630         drrr_15+rrg 
I         20        677.99973        678.44868        677.99973      0.3680        drrr_15+rrri 
I         21        677.32377        677.99973        677.32377      0.3680        drrr_15+rroi 
I         22        670.29617        677.32377        670.29617      0.3680        drrr_15+rrri 
I         27        666.03644        670.29617        666.03644      0.4030        drrr_15+rroi 
I         31        662.52808        666.03644        662.52808      0.4180        drrr_15+rroi 
I         34        662.34591        662.52808        662.34591      0.4300         drrr_15+rrg 
I         43        661.14720        662.34591        661.14720      0.5230        drrr_15+rrri 
I         45        649.80176        661.14720        649.80176      0.5410        drrr_15+rroi 
I         50        649.69935        649.80176        649.69935      0.5530         drrr_15+rrg 
I         60        647.98243        649.69935        647.98243      0.5890         drrr_15+rrg 
I         71        647.66065        647.98243        647.66065      0.6130        drrr_15+rrri 
I         74        645.73179        647.66065        645.73179      0.6130         drrr_15+rrg 
I         76        645.52533        645.73179        645.52533      0.6130         drrr_15+rrg 
I         91        644.87151        645.52533        644.87151      0.6630        drrr_15+rroi 
I         94        644.65137        644.87151        644.65137      0.6780        drrr_15+rroi 
I         98        639.94861        644.65137        639.94861      0.6980         drrr_15+rrg 
I        100        634.35249        639.94861        634.35249      0.6980        drrr_15+rrri 
I        107        634.03071        634.35249        634.03071      0.7080        drrr_15+rrri 
I        128        630.77235        634.03071        630.77235      0.7380        drrr_15+rrri 
I        622        630.68788        630.77235        630.68788      1.1790        drrr_15+rroi 
I        636        629.49313        630.68788        629.49313      1.1950        drrr_15+rroi 
I        664        628.26336        629.49313        628.26336      1.2230        drrr_15+rrri 
I        680        626.39891        628.26336        626.39891      1.2380        drrr_15+rrri 
I       1882        623.95992        626.39891        623.95992      2.0780        drrr_15+rroi 
I       1920        623.67049        623.95992        623.67049      2.0980        drrr_15+rroi 
I       3315        623.63038        623.67049        623.63038      2.9880        drrr_15+rrri 
I       3340        622.76535        623.63038        622.76535      2.9980         drrr_15+rrg 
I       3355        622.44357        622.76535        622.44357      3.0010        drrr_15+rrri 
I       3382        620.94044        622.44357        620.94044      3.0080         drrr_15+rrg 
I       3507        620.40923        620.94044        620.40923      3.0880         drrr_15+rrg 
I       3513        620.38661        620.40923        620.38661      3.0950         drrr_15+rrg 
I       3516        619.90235        620.38661        619.90235      3.0950         drrr_15+rrg 
I       3576        619.90235        619.90235        619.90235      3.1280         drrr_15+rrg 
I      23485        619.88579        619.90235        619.88579     15.6880         drrr_15+rrg 
I      23496        619.88579        619.88579        619.88579     15.6930         drrr_15+rrg 
I      23525        619.70893        619.88579        619.70893     15.7080         drrr_15+rrg 
I      23631        619.13500        619.70893        619.13500     15.7680        drrr_15+rrri 
I      23637        619.13500        619.13500        619.13500     15.7780        drrr_15+rrri 
I      30000        619.13500        619.13500        626.68975     19.7130         drrr_15+rrg 

Method statistics
S  method    iter  succ  succ-rate%  tot-obj-gain  avg-obj-gain  rel-succ%  net-time  net-time%  brut-time  brut-time%
S  con          1     1   100.00000  -99293.44804  -99293.44804    0.99010   0.16800    0.85223    0.16800     0.85223
S  drrr_15  29999    50     0.16667    -143.41696      -0.00478   49.50495   0.49300    2.50088    0.49300     2.50088
S  rrg      10001    20     0.19998     -30.55509      -0.00306   19.80198  10.04801   50.97147   10.04801    50.97147
S  rroi      9944    17     0.17096     -90.65852      -0.00912   16.83168   4.40000   22.32029    4.40000    22.32029
S  rrri     10054    13     0.12930     -22.20335      -0.00221   12.87129   4.47900   22.72104    4.47900    22.72104
S  SUM/AVG  59999   101     0.16834  -99580.28196      -1.65970   20.00000  19.58800   99.36591   19.58800    99.36591

T best solution: EADARPSolution(t_routing=775.322, t_excess=150.575, obj_val=619.135, obj_val_valid=true,
    unserved_requests=Int64[], F_visited=[120, 125, 121, 124, 122, 123, 126], S_visited=Int64[],
    (1, ([113, 39, 95, 9, 65, 18, 74, 6, 62, 55, 111, 15, 71, 7, 45, 63, 101, 120], Float64[], Int64[]))
    (2, ([114, 20, 76, 16, 72, 43, 22, 99, 78, 36, 92, 28, 84, 121], Float64[], Int64[]))
    (3, ([115, 24, 80, 31, 87, 44, 100, 53, 109, 27, 83, 29, 85, 19, 75, 127, 122], [17.672739196251346], [16]))
    (4, ([116, 10, 35, 66, 56, 91, 112, 50, 4, 106, 26, 82, 60, 25, 81, 54, 32, 88, 110, 23, 79, 12, 68, 127, 123], [66.3913350056057], [24]))
    (5, ([117, 38, 33, 94, 89, 8, 64, 49, 105, 51, 107, 47, 14, 103, 70, 3, 59, 46, 17, 102, 73, 127, 124], [80.33035727351164], [22]))
    (6, ([118, 2, 58, 34, 52, 90, 108, 37, 93, 48, 104, 21, 77, 42, 40, 96, 98, 5, 61, 127, 125], [52.07084856708306], [20]))
    (7, ([119, 1, 57, 41, 97, 30, 86, 11, 13, 67, 69, 127, 126], [4.122111321423364], [12])))

T best obj: 619.1349975748792
T best iteration: 23637
T total iterations: 30000
T best time [s]: 15.778
T total time [s]: 19.7130
