EADARP version ecec-dirty
ARGS: --ifile=EADARP/instances/random/r7-56-00000.txt  --gamma=0.7 --only_single_s_visits=false --odir=EADARP/solutions/random/r7-56-00000 --oname=run96
Settings:
--alns_gamma=0.025
--alns_segment_size=100
--alns_sigma1=10
--alns_sigma2=9
--alns_sigma3=3
--at_most_one_s=false
--gamma=0.7
--ifile=EADARP/instances/random/r7-56-00000.txt
--infeasible_arcs=EADARP/infeasible_arcs
--insert_charging_otf=true
--insert_cost_noise=0.014
--lns_init_temp_factor=0.0
--lns_temp_dec_factor=0.99
--log_all_sols_fname=
--mh_checkit=false
--mh_lfreq=0
--mh_lnewinc=true
--mh_tciter=-1
--mh_tctime=-1.0
--mh_titer=30000
--mh_tobj=-1.0
--mh_ttime=-1.0
--odir=EADARP/solutions/random/r7-56-00000
--ofile=
--oname=run96
--only_single_s_visits=false
--prepthreshold=0.1
--repair_max_routes=0
--route_based_ops=0
--seed=1817657705
--tightened_windows=EADARP/tightened_windows
--use_milp_in_otf=0
--xcheck_isfeasible=false

EADARPInstance(EADARP/instances/random/r7-56-00000.txt, n=56, n_K=7, S=[127, 128, 129], Q=14.85, n_F=7, γ=0.7, T_plan=720.0, F=[120, 121, 122, 123, 124, 125, 126])

Percentage of arcs removed: 69.79748813172286%
Minimum Degree: 9
T preprocessing time [s]: 2.261
I       iter             best          obj_old          obj_new        time              method info
I          1        747.60340     100056.00000        747.60340      0.1150                 con 
I          2        729.15098        747.60340        729.15098      0.1390         drrr_15+rrg 
I          3        711.25322        729.15098        711.25322      0.1590        drrr_15+rrri 
I          4        709.63876        711.25322        709.63876      0.1790         drrr_15+rrg 
I          5        696.62798        709.63876        696.62798      0.1890         drrr_15+rrg 
I          6        692.05969        696.62798        692.05969      0.2130        drrr_15+rrri 
I         11        691.83962        692.05969        691.83962      0.2510        drrr_15+rrri 
I         13        688.20601        691.83962        688.20601      0.2670         drrr_15+rrg 
I         14        682.44173        688.20601        682.44173      0.2670        drrr_15+rroi 
I         15        676.51056        682.44173        676.51056      0.2750         drrr_15+rrg 
I         33        674.87509        676.51056        674.87509      0.3270         drrr_15+rrg 
I         43        673.74168        674.87509        673.74168      0.3790        drrr_15+rroi 
I         45        670.19948        673.74168        670.19948      0.3890         drrr_15+rrg 
I         46        668.71215        670.19948        668.71215      0.3910        drrr_15+rroi 
I         47        666.52073        668.71215        666.52073      0.4000        drrr_15+rrri 
I         49        666.28342        666.52073        666.28342      0.4140        drrr_15+rrri 
I         54        665.24771        666.28342        665.24771      0.4350        drrr_15+rrri 
I         55        657.47059        665.24771        657.47059      0.4410        drrr_15+rrri 
I         57        657.34227        657.47059        657.34227      0.4410        drrr_15+rrri 
I         58        656.83652        657.34227        656.83652      0.4410        drrr_15+rroi 
I         59        656.67134        656.83652        656.67134      0.4500         drrr_15+rrg 
I         61        653.67859        656.67134        653.67859      0.4690        drrr_15+rrri 
I         68        652.18817        653.67859        652.18817      0.4840        drrr_15+rrri 
I         70        651.81476        652.18817        651.81476      0.4990         drrr_15+rrg 
I         75        650.69234        651.81476        650.69234      0.5170        drrr_15+rroi 
I         86        649.84903        650.69234        649.84903      0.5390         drrr_15+rrg 
I         87        649.05213        649.84903        649.05213      0.5460        drrr_15+rrri 
I         91        647.19925        649.05213        647.19925      0.5540         drrr_15+rrg 
I        135        646.88488        647.19925        646.88488      0.6160        drrr_15+rrri 
I        152        642.50479        646.88488        642.50479      0.6500        drrr_15+rrri 
I        199        642.34420        642.50479        642.34420      0.7270        drrr_15+rrri 
I        200        641.42360        642.34420        641.42360      0.7270         drrr_15+rrg 
I        230        639.80683        641.42360        639.80683      0.7600        drrr_15+rrri 
I        287        637.75571        639.80683        637.75571      0.8270        drrr_15+rroi 
I        307        635.90859        637.75571        635.90859      0.8520        drrr_15+rrri 
I        321        633.39068        635.90859        633.39068      0.9130         drrr_15+rrg 
I        328        630.77482        633.39068        630.77482      0.9250         drrr_15+rrg 
I        331        630.38255        630.77482        630.38255      0.9300        drrr_15+rroi 
I        337        629.80548        630.38255        629.80548      0.9350        drrr_15+rrri 
I        345        627.91004        629.80548        627.91004      0.9480        drrr_15+rroi 
I        353        627.66322        627.91004        627.66322      0.9550         drrr_15+rrg 
I        361        627.59239        627.66322        627.59239      0.9640        drrr_15+rroi 
I        362        627.37876        627.59239        627.37876      0.9640         drrr_15+rrg 
I        376        627.04882        627.37876        627.04882      0.9790         drrr_15+rrg 
I        382        626.13057        627.04882        626.13057      0.9890         drrr_15+rrg 
I        387        622.92450        626.13057        622.92450      0.9890        drrr_15+rrri 
I        421        622.61108        622.92450        622.61108      1.0140        drrr_15+rroi 
I        436        621.99487        622.61108        621.99487      1.0250         drrr_15+rrg 
I        949        620.39183        621.99487        620.39183      1.5470         drrr_15+rrg 
I       1887        619.15612        620.39183        619.15612      2.2010        drrr_15+rrri 
I       7533        617.82610        619.15612        617.82610      6.1430        drrr_15+rrri 
I      30000        617.82610        617.82610        628.21166     21.2410        drrr_15+rroi 

Method statistics
S  method    iter  succ  succ-rate%  tot-obj-gain  avg-obj-gain  rel-succ%  net-time  net-time%  brut-time  brut-time%
S  con          1     1   100.00000  -99308.39660  -99308.39660    0.99010   0.11500    0.54141    0.11500     0.54141
S  drrr_15  29999    50     0.16667    -129.77730      -0.00433   49.50495   0.65100    3.06483    0.65100     3.06483
S  rrg      10068    20     0.19865     -61.03715      -0.00606   19.80198  10.96300   51.61244   10.96300    51.61244
S  rroi      9998    10     0.10002     -14.73628      -0.00147    9.90099   4.58900   21.60446    4.58900    21.60446
S  rrri      9933    20     0.20135     -54.00388      -0.00544   19.80198   4.73700   22.30120    4.73700    22.30120
S  SUM/AVG  59999   101     0.16834  -99567.95121      -1.65949   20.00000  21.05500   99.12434   21.05500    99.12434

T best solution: EADARPSolution(t_routing=771.469, t_excess=156.896, obj_val=617.826, obj_val_valid=true,
    unserved_requests=Int64[], F_visited=[125, 122, 123, 121, 120, 126, 124], S_visited=Int64[],
    (1, ([113, 2, 58, 34, 52, 90, 108, 37, 93, 12, 68, 120], Float64[], Int64[]))
    (2, ([114, 10, 35, 66, 56, 91, 112, 50, 4, 106, 26, 82, 60, 25, 81, 54, 110, 22, 43, 99, 78, 36, 92, 28, 84, 127, 121], [75.9161276424701], [26]))
    (3, ([115, 1, 57, 49, 105, 51, 107, 32, 88, 53, 109, 17, 73, 127, 122], [0.12379122472358456], [14]))
    (4, ([116, 24, 80, 31, 87, 47, 14, 103, 70, 21, 77, 7, 45, 63, 101, 127, 123], [18.226173478276213], [16]))
    (5, ([117, 39, 95, 9, 65, 48, 104, 3, 59, 128, 46, 102, 42, 40, 96, 98, 5, 61, 19, 75, 124], [32.903264166739476], [10]))
    (6, ([118, 18, 74, 15, 71, 30, 86, 11, 13, 67, 69, 127, 125], [4.015626877669508], [12]))
    (7, ([119, 38, 33, 94, 89, 8, 64, 20, 76, 16, 72, 44, 100, 128, 23, 41, 79, 97, 6, 62, 27, 55, 111, 83, 29, 85, 126], [95.96038659859424], [14])))

T best obj: 617.8260971081288
T best iteration: 7533
T total iterations: 30000
T best time [s]: 6.143
T total time [s]: 21.2410
