EADARP version 585c-dirty
ARGS: --ifile=EADARP/instances/l1/a6-72.txt --infeasible_arcs=EADARP/infeasible_arcs --gamma=0.7 --only_single_s_visits=false --odir=EADARP/prunedArcs/a6-72 --oname=run22
Settings:
--alns_gamma=0.025
--alns_segment_size=100
--alns_sigma1=10
--alns_sigma2=9
--alns_sigma3=3
--at_most_one_s=false
--gamma=0.7
--ifile=EADARP/instances/l1/a6-72.txt
--infeasible_arcs=EADARP/infeasible_arcs
--insert_charging_otf=true
--insert_cost_noise=0.014
--lns_init_temp_factor=0.0
--lns_temp_dec_factor=0.99
--mh_checkit=false
--mh_lfreq=0
--mh_lnewinc=true
--mh_tciter=-1
--mh_tctime=-1.0
--mh_titer=30000
--mh_tobj=-1.0
--mh_ttime=-1.0
--odir=EADARP/prunedArcs/a6-72
--oname=run22
--only_single_s_visits=false
--repair_max_routes=0
--seed=1978587580
--use_milp_in_otf=0
--xcheck_isfeasible=false

EADARPInstance(EADARP/instances/l1/a6-72.txt, n=72, n_K=6, S=[159, 160, 161], Q=14.85, n_F=6, γ=0.7, T_plan=720.0, F=[153, 154, 155, 156, 157, 158])

T preprocessing time [s]: 2.15501
I       iter             best          obj_old          obj_new        time              method info
I          1     100018.00000     100072.00000     100018.00000      0.1900                 con 
I          6     100015.00000     100018.00000     100015.00000      0.3500        drrr_15+rroi 
I          8     100013.00000     100015.00000     100013.00000      0.4731         drrr_15+rrg 
I         10     100010.00000     100013.00000     100010.00000      0.6198         drrr_15+rrg 
I         14     100008.00000     100010.00000     100008.00000      0.7914         drrr_15+rrg 
I         20     100007.00000     100008.00000     100007.00000      0.9776        drrr_15+rroi 
I         28     100006.00000     100007.00000     100006.00000      1.1413        drrr_15+rrri 
I         30     100005.00000     100006.00000     100005.00000      1.1900        drrr_15+rroi 
I         58     100004.00000     100005.00000     100004.00000      1.6156         drrr_15+rrg 
I        413     100003.00000     100004.00000     100003.00000      3.6824        drrr_15+rrri 
I        418     100002.00000     100003.00000     100002.00000      3.7406        drrr_15+rroi 
I      30000     100002.00000     100002.00000     100005.00000     20.7987         drrr_15+rrg 

Method statistics
S  method    iter  succ  succ-rate%  tot-obj-gain  avg-obj-gain  rel-succ%  net-time  net-time%  brut-time  brut-time%
S  con          1     1   100.00000     -54.00000     -54.00000    4.76190   0.18994    0.91322    0.18994     0.91322
S  drrr_15  29999    10     0.03333     -16.00000      -0.00053   47.61905   0.38571    1.85450    0.38571     1.85450
S  rrg       9948     4     0.04021      -8.00000      -0.00080   19.04762   8.07824   38.84009    8.07824    38.84009
S  rroi     10133     4     0.03947      -6.00000      -0.00059   19.04762   5.65516   27.18995    5.65516    27.18995
S  rrri      9918     2     0.02017      -2.00000      -0.00020    9.52381   6.41313   30.83425    6.41313    30.83425
S  SUM/AVG  59999    21     0.03500     -86.00000      -0.00143   20.00000  20.72218   99.63200   20.72218    99.63200

T best solution: EADARPSolution(t_routing=-1.0, t_excess=-1.0, obj_val=100002.0, obj_val_valid=true,
    unserved_requests=[27, 71], F_visited=[154, 158, 155, 153, 157, 156], S_visited=Int64[],
    (1, ([147, 23, 59, 131, 95, 56, 1, 73, 128, 20, 92, 32, 66, 3, 104, 138, 75, 68, 44, 116, 140, 2, 74, 31, 60, 132, 103, 159, 153], [115.11402026035826], [28]))
    (2, ([148, 48, 55, 120, 61, 127, 133, 24, 96, 35, 107, 47, 38, 119, 10, 110, 82, 14, 6, 41, 86, 78, 113, 46, 118, 18, 22, 90, 94, 159, 154], [111.35671369805237], [30]))
    (3, ([149, 40, 112, 19, 91, 37, 109, 63, 30, 135, 102, 33, 58, 130, 105, 161, 57, 129, 15, 87, 155], [70.52097442814231], [16]))
    (4, ([150, 62, 134, 45, 117, 7, 79, 21, 93, 25, 97, 39, 111, 159, 43, 115, 69, 141, 51, 54, 126, 16, 123, 88, 72, 5, 144, 77, 159, 156], [94.0295089741323, 28.490324980798462], [14, 29]))
    (5, ([151, 70, 142, 11, 83, 29, 101, 26, 98, 159, 50, 8, 80, 122, 9, 81, 12, 28, 100, 84, 53, 125, 159, 157], [77.31052186078793, 9.85328113145921], [10, 23]))
    (6, ([152, 34, 106, 64, 136, 52, 124, 13, 42, 114, 85, 160, 49, 65, 17, 121, 137, 89, 4, 76, 67, 139, 36, 108, 159, 158], [82.9753816274208, 8.007498802341605], [12, 25])))

T best obj: 100002.0
T best iteration: 418
T total iterations: 30000
T best time [s]: 3.741
T total time [s]: 20.7987
