EADARP version 585c-dirty
ARGS: --ifile=EADARP/instances/l1/a6-72.txt --infeasible_arcs=EADARP/infeasible_arcs --gamma=0.7 --only_single_s_visits=false --odir=EADARP/prunedArcs/a6-72 --oname=run4
Settings:
--alns_gamma=0.025
--alns_segment_size=100
--alns_sigma1=10
--alns_sigma2=9
--alns_sigma3=3
--at_most_one_s=false
--gamma=0.7
--ifile=EADARP/instances/l1/a6-72.txt
--infeasible_arcs=EADARP/infeasible_arcs
--insert_charging_otf=true
--insert_cost_noise=0.014
--lns_init_temp_factor=0.0
--lns_temp_dec_factor=0.99
--mh_checkit=false
--mh_lfreq=0
--mh_lnewinc=true
--mh_tciter=-1
--mh_tctime=-1.0
--mh_titer=30000
--mh_tobj=-1.0
--mh_ttime=-1.0
--odir=EADARP/prunedArcs/a6-72
--oname=run4
--only_single_s_visits=false
--repair_max_routes=0
--seed=2022651527
--use_milp_in_otf=0
--xcheck_isfeasible=false

EADARPInstance(EADARP/instances/l1/a6-72.txt, n=72, n_K=6, S=[159, 160, 161], Q=14.85, n_F=6, γ=0.7, T_plan=720.0, F=[153, 154, 155, 156, 157, 158])

T preprocessing time [s]: 2.13261
I       iter             best          obj_old          obj_new        time              method info
I          1     100020.00000     100072.00000     100020.00000      0.1422                 con 
I          3     100016.00000     100020.00000     100016.00000      0.2905         drrr_15+rrg 
I          4     100015.00000     100016.00000     100015.00000      0.3532        drrr_15+rrri 
I          6     100014.00000     100015.00000     100014.00000      0.4403        drrr_15+rrri 
I         10     100011.00000     100014.00000     100011.00000      0.5407        drrr_15+rrri 
I         12     100010.00000     100011.00000     100010.00000      0.6096         drrr_15+rrg 
I         13     100009.00000     100010.00000     100009.00000      0.6723        drrr_15+rroi 
I         22     100008.00000     100009.00000     100008.00000      1.0120        drrr_15+rroi 
I         23     100007.00000     100008.00000     100007.00000      1.0219        drrr_15+rrri 
I         24     100006.00000     100007.00000     100006.00000      1.0365        drrr_15+rrri 
I         27     100005.00000     100006.00000     100005.00000      1.0814        drrr_15+rroi 
I         40     100004.00000     100005.00000     100004.00000      1.3148        drrr_15+rroi 
I        114     100003.00000     100004.00000     100003.00000      2.3989        drrr_15+rrri 
I       2339     100002.00000     100003.00000     100002.00000      7.2975         drrr_15+rrg 
I      30000     100002.00000     100002.00000     100002.00000     20.0414        drrr_15+rrri 

Method statistics
S  method    iter  succ  succ-rate%  tot-obj-gain  avg-obj-gain  rel-succ%  net-time  net-time%  brut-time  brut-time%
S  con          1     1   100.00000     -52.00000     -52.00000    3.70370   0.14215    0.70929    0.14215     0.70929
S  drrr_15  29999    13     0.04333     -18.00000      -0.00060   48.14815   1.09574    5.46735    1.09574     5.46735
S  rrg      10056     3     0.02983      -6.00000      -0.00060   11.11111   7.91249   39.48055    7.91249    39.48055
S  rroi      9941     4     0.04024      -4.00000      -0.00040   14.81481   4.94935   24.69551    4.94935    24.69551
S  rrri     10002     6     0.05999      -8.00000      -0.00080   22.22222   5.84440   29.16150    5.84440    29.16150
S  SUM/AVG  59999    27     0.04500     -88.00000      -0.00147   20.00000  19.94412   99.51420   19.94412    99.51420

T best solution: EADARPSolution(t_routing=-1.0, t_excess=-1.0, obj_val=100002.0, obj_val_valid=true,
    unserved_requests=[12, 27], F_visited=[157, 154, 156, 158, 153, 155], S_visited=Int64[],
    (1, ([147, 10, 82, 11, 83, 63, 135, 159, 26, 98, 43, 115, 54, 126, 16, 88, 72, 5, 144, 77, 53, 125, 159, 153], [83.81243045376287, 11.095692803491097], [8, 23]))
    (2, ([148, 19, 55, 91, 127, 24, 96, 62, 134, 32, 66, 3, 104, 138, 75, 34, 106, 64, 136, 30, 102, 159, 154], [104.98897359976225], [22]))
    (3, ([149, 40, 48, 120, 112, 61, 133, 35, 107, 47, 119, 45, 117, 70, 142, 14, 6, 41, 86, 78, 113, 68, 33, 105, 140, 22, 69, 94, 141, 159, 155], [100.7231478284181], [30]))
    (4, ([150, 29, 101, 161, 2, 74, 159, 8, 60, 80, 132, 9, 81, 28, 100, 160, 71, 143, 15, 57, 129, 87, 159, 156], [34.321926587961954, 32.53543918593122, 0.45236501475332386, 34.23487696621919], [4, 7, 16, 23]))
    (5, ([151, 7, 79, 21, 93, 25, 97, 37, 39, 111, 109, 52, 124, 13, 42, 114, 85, 159, 50, 122, 159, 49, 65, 17, 121, 137, 89, 4, 76, 67, 139, 36, 108, 159, 157], [131.76360376832793, 10.861593524335051, 22.545307105562074], [18, 21, 34]))
    (6, ([152, 23, 59, 131, 95, 56, 1, 73, 128, 20, 38, 92, 110, 58, 130, 46, 44, 116, 118, 18, 90, 31, 51, 103, 123, 159, 158], [116.41231764312717], [26])))

T best obj: 100002.0
T best iteration: 2339
T total iterations: 30000
T best time [s]: 7.297
T total time [s]: 20.0415
