EADARP version 585c-dirty
ARGS: --ifile=EADARP/instances/l1/a6-60.txt --infeasible_arcs=EADARP/infeasible_arcs --gamma=0.7 --only_single_s_visits=false --odir=EADARP/prunedArcs/a6-60 --oname=run18
Settings:
--alns_gamma=0.025
--alns_segment_size=100
--alns_sigma1=10
--alns_sigma2=9
--alns_sigma3=3
--at_most_one_s=false
--gamma=0.7
--ifile=EADARP/instances/l1/a6-60.txt
--infeasible_arcs=EADARP/infeasible_arcs
--insert_charging_otf=true
--insert_cost_noise=0.014
--lns_init_temp_factor=0.0
--lns_temp_dec_factor=0.99
--mh_checkit=false
--mh_lfreq=0
--mh_lnewinc=true
--mh_tciter=-1
--mh_tctime=-1.0
--mh_titer=30000
--mh_tobj=-1.0
--mh_ttime=-1.0
--odir=EADARP/prunedArcs/a6-60
--oname=run18
--only_single_s_visits=false
--repair_max_routes=0
--seed=1084680679
--use_milp_in_otf=0
--xcheck_isfeasible=false

EADARPInstance(EADARP/instances/l1/a6-60.txt, n=60, n_K=6, S=[135, 136, 137], Q=14.85, n_F=6, γ=0.7, T_plan=600.0, F=[129, 130, 131, 132, 133, 134])

T preprocessing time [s]: 1.56232
I       iter             best          obj_old          obj_new        time              method info
I          1     100007.00000     100060.00000     100007.00000      0.1350                 con 
I          2     100006.00000     100007.00000     100006.00000      0.1916         drrr_15+rrg 
I          6     100004.00000     100006.00000     100004.00000      0.3328        drrr_15+rroi 
I         12     100003.00000     100004.00000     100003.00000      0.4533        drrr_15+rroi 
I         27     100002.00000     100003.00000     100002.00000      0.7308        drrr_15+rroi 
I         90     100001.00000     100002.00000     100001.00000      1.3097        drrr_15+rrri 
I        886        859.39344     100001.00000        859.39344      3.5488        drrr_15+rroi 
I        893        859.29306        859.39344        859.29306      3.5603         drrr_15+rrg 
I        898        846.56231        859.29306        846.56231      3.5626         drrr_15+rrg 
I        899        841.75621        846.56231        841.75621      3.5628        drrr_15+rroi 
I        908        837.74254        841.75621        837.74254      3.5797        drrr_15+rrri 
I        967        832.95167        837.74254        832.95167      3.6384        drrr_15+rroi 
I       1004        832.79120        832.95167        832.79120      3.6813        drrr_15+rroi 
I       1047        832.69082        832.79120        832.69082      3.7091        drrr_15+rroi 
I       2253        832.03102        832.69082        832.03102      4.2244        drrr_15+rroi 
I       2284        829.79552        832.03102        829.79552      4.2427        drrr_15+rroi 
I       2298        829.64366        829.79552        829.64366      4.2473        drrr_15+rrri 
I      30000        829.64366        829.64366     100001.00000     10.3302         drrr_15+rrg 

Method statistics
S  method    iter  succ  succ-rate%  tot-obj-gain  avg-obj-gain  rel-succ%  net-time  net-time%  brut-time  brut-time%
S  con          1     1   100.00000     -53.00000     -53.00000    3.03030   0.13496    1.30645    0.13496     1.30645
S  drrr_15  29999    16     0.05334  -99177.35634      -3.30602   48.48485   0.28945    2.80199    0.28945     2.80199
S  rrg      10021     3     0.02994     -13.83113      -0.00138    9.09091   4.23303   40.97712    4.23303    40.97712
S  rroi      9915    10     0.10086  -99158.35968     -10.00084   30.30303   2.39251   23.16028    2.39251    23.16028
S  rrri     10063     3     0.02981      -5.16553      -0.00051    9.09091   3.22923   31.25998    3.22923    31.25998
S  SUM/AVG  59999    33     0.05500 -198407.71268      -3.30685   20.00000  10.27919   99.50582   10.27919    99.50582

T best solution: EADARPSolution(t_routing=1032.331, t_excess=221.582, obj_val=829.644, obj_val_valid=true,
    unserved_requests=Int64[], F_visited=[130, 132, 129, 131, 134, 133], S_visited=Int64[],
    (1, ([123, 53, 8, 68, 113, 137, 15, 75, 43, 37, 103, 97, 46, 106, 39, 99, 136, 36, 96, 25, 85, 3, 21, 63, 81, 135, 129], [31.491909394592295, 56.90197293086794, 19.053120046834852], [6, 17, 26]))
    (2, ([124, 20, 38, 80, 98, 45, 105, 33, 18, 93, 78, 23, 83, 41, 101, 59, 119, 24, 42, 102, 84, 135, 130], [74.33101469120311], [22]))
    (3, ([125, 51, 27, 7, 111, 87, 67, 26, 86, 136, 28, 88, 136, 6, 17, 66, 77, 32, 92, 35, 34, 94, 95, 13, 44, 104, 73, 135, 131], [65.59533331819765, 5.988996262259594, 48.57723963354351], [10, 13, 28]))
    (4, ([126, 60, 9, 120, 69, 58, 118, 2, 62, 22, 82, 40, 100, 5, 52, 65, 112, 30, 90, 135, 132], [82.12196102167643], [20]))
    (5, ([127, 57, 117, 55, 115, 12, 72, 14, 56, 116, 74, 11, 71, 1, 61, 48, 108, 135, 133], [79.40946148589684], [18]))
    (6, ([128, 49, 109, 16, 4, 47, 76, 64, 107, 29, 50, 89, 110, 54, 114, 31, 91, 19, 79, 10, 70, 135, 134], [82.85989053270855], [22])))

T best obj: 829.6436624221163
T best iteration: 2298
T total iterations: 30000
T best time [s]: 4.247
T total time [s]: 10.3302
