EADARP version 585c-dirty
ARGS: --ifile=EADARP/instances/l1/a6-60.txt --infeasible_arcs=EADARP/infeasible_arcs --gamma=0.7 --only_single_s_visits=false --odir=EADARP/prunedArcs/a6-60 --oname=run13
Settings:
--alns_gamma=0.025
--alns_segment_size=100
--alns_sigma1=10
--alns_sigma2=9
--alns_sigma3=3
--at_most_one_s=false
--gamma=0.7
--ifile=EADARP/instances/l1/a6-60.txt
--infeasible_arcs=EADARP/infeasible_arcs
--insert_charging_otf=true
--insert_cost_noise=0.014
--lns_init_temp_factor=0.0
--lns_temp_dec_factor=0.99
--mh_checkit=false
--mh_lfreq=0
--mh_lnewinc=true
--mh_tciter=-1
--mh_tctime=-1.0
--mh_titer=30000
--mh_tobj=-1.0
--mh_ttime=-1.0
--odir=EADARP/prunedArcs/a6-60
--oname=run13
--only_single_s_visits=false
--repair_max_routes=0
--seed=305739170
--use_milp_in_otf=0
--xcheck_isfeasible=false

EADARPInstance(EADARP/instances/l1/a6-60.txt, n=60, n_K=6, S=[135, 136, 137], Q=14.85, n_F=6, γ=0.7, T_plan=600.0, F=[129, 130, 131, 132, 133, 134])

T preprocessing time [s]: 1.56797
I       iter             best          obj_old          obj_new        time              method info
I          1     100007.00000     100060.00000     100007.00000      0.1327                 con 
I          4     100006.00000     100007.00000     100006.00000      0.2621        drrr_15+rroi 
I          9     100005.00000     100006.00000     100005.00000      0.3818        drrr_15+rrri 
I         14     100004.00000     100005.00000     100004.00000      0.5111         drrr_15+rrg 
I         22     100003.00000     100004.00000     100003.00000      0.6075        drrr_15+rrri 
I         28     100002.00000     100003.00000     100002.00000      0.6959         drrr_15+rrg 
I        320     100001.00000     100002.00000     100001.00000      2.7606        drrr_15+rrri 
I        892        874.33264     100001.00000        874.33264      4.6171         drrr_15+rrg 
I        895        857.42635        874.33264        857.42635      4.6264        drrr_15+rroi 
I        899        857.27450        857.42635        857.27450      4.6304        drrr_15+rroi 
I        904        857.17412        857.27450        857.17412      4.6583         drrr_15+rrg 
I        911        855.62345        857.17412        855.62345      4.6718         drrr_15+rrg 
I        915        849.60030        855.62345        849.60030      4.6858        drrr_15+rrri 
I        917        840.86525        849.60030        840.86525      4.6971        drrr_15+rrri 
I        924        834.31518        840.86525        834.31518      4.7309        drrr_15+rrri 
I        931        832.16583        834.31518        832.16583      4.7532         drrr_15+rrg 
I       1013        827.37273        832.16583        827.37273      4.8949        drrr_15+rrri 
I      30000        827.37273        827.37273        827.53257     11.6285        drrr_15+rroi 

Method statistics
S  method    iter  succ  succ-rate%  tot-obj-gain  avg-obj-gain  rel-succ%  net-time  net-time%  brut-time  brut-time%
S  con          1     1   100.00000     -53.00000     -53.00000    3.03030   0.13267    1.14091    0.13267     1.14091
S  drrr_15  29999    16     0.05334  -99179.62727      -3.30610   48.48485   0.28464    2.44775    0.28464     2.44775
S  rrg      10062     6     0.05963  -99132.46775      -9.85216   18.18182   4.69567   40.38059    4.69567    40.38059
S  rroi     10010     3     0.02997     -18.05814      -0.00180    9.09091   2.76776   23.80141    2.76776    23.80141
S  rrri      9927     7     0.07051     -29.10138      -0.00293   21.21212   3.70403   31.85293    3.70403    31.85293
S  SUM/AVG  59999    33     0.05500 -198412.25454      -3.30693   20.00000  11.58477   99.62358   11.58477    99.62358

T best solution: EADARPSolution(t_routing=1025.614, t_excess=232.649, obj_val=827.373, obj_val_valid=true,
    unserved_requests=Int64[], F_visited=[131, 134, 129, 133, 130, 132], S_visited=Int64[],
    (1, ([123, 60, 9, 120, 69, 58, 118, 5, 54, 65, 114, 30, 19, 90, 79, 135, 129], [31.995902156777394], [16]))
    (2, ([124, 57, 117, 55, 115, 12, 72, 16, 11, 76, 71, 8, 68, 43, 31, 91, 103, 32, 35, 92, 95, 135, 130], [90.73487993619007], [22]))
    (3, ([125, 49, 109, 4, 47, 107, 64, 33, 93, 2, 62, 137, 15, 75, 52, 112, 37, 97, 46, 106, 10, 70, 39, 99, 48, 36, 96, 108, 135, 131], [72.2925248719037, 84.22206410065257], [12, 29]))
    (4, ([126, 45, 105, 18, 78, 22, 82, 40, 100, 29, 50, 89, 110, 13, 44, 104, 73, 135, 132], [47.12767804971133], [18]))
    (5, ([127, 20, 38, 80, 98, 56, 14, 74, 116, 28, 88, 41, 101, 59, 119, 42, 24, 102, 84, 135, 133], [59.82056451355598], [20]))
    (6, ([128, 51, 27, 7, 111, 87, 67, 53, 113, 1, 61, 23, 83, 26, 86, 136, 6, 17, 66, 77, 135, 34, 94, 25, 85, 3, 21, 63, 81, 135, 134], [116.4142560771828, 5.862485629755784, 31.143572497213995], [16, 21, 30])))

T best obj: 827.3727314085188
T best iteration: 1013
T total iterations: 30000
T best time [s]: 4.895
T total time [s]: 11.6285
