EADARP version 585c-dirty
ARGS: --ifile=EADARP/instances/l1/a6-60.txt --infeasible_arcs=EADARP/infeasible_arcs --gamma=0.7 --only_single_s_visits=false --odir=EADARP/prunedArcs/a6-60 --oname=run27
Settings:
--alns_gamma=0.025
--alns_segment_size=100
--alns_sigma1=10
--alns_sigma2=9
--alns_sigma3=3
--at_most_one_s=false
--gamma=0.7
--ifile=EADARP/instances/l1/a6-60.txt
--infeasible_arcs=EADARP/infeasible_arcs
--insert_charging_otf=true
--insert_cost_noise=0.014
--lns_init_temp_factor=0.0
--lns_temp_dec_factor=0.99
--mh_checkit=false
--mh_lfreq=0
--mh_lnewinc=true
--mh_tciter=-1
--mh_tctime=-1.0
--mh_titer=30000
--mh_tobj=-1.0
--mh_ttime=-1.0
--odir=EADARP/prunedArcs/a6-60
--oname=run27
--only_single_s_visits=false
--repair_max_routes=0
--seed=2008305022
--use_milp_in_otf=0
--xcheck_isfeasible=false

EADARPInstance(EADARP/instances/l1/a6-60.txt, n=60, n_K=6, S=[135, 136, 137], Q=14.85, n_F=6, γ=0.7, T_plan=600.0, F=[129, 130, 131, 132, 133, 134])

T preprocessing time [s]: 1.56535
I       iter             best          obj_old          obj_new        time              method info
I          1     100007.00000     100060.00000     100007.00000      0.1321                 con 
I          3     100006.00000     100007.00000     100006.00000      0.2413        drrr_15+rroi 
I          4     100005.00000     100006.00000     100005.00000      0.2587        drrr_15+rrri 
I          8     100004.00000     100005.00000     100004.00000      0.3365        drrr_15+rrri 
I         25     100003.00000     100004.00000     100003.00000      0.6332        drrr_15+rroi 
I         31     100002.00000     100003.00000     100002.00000      0.7071        drrr_15+rrri 
I         80     100001.00000     100002.00000     100001.00000      1.2307        drrr_15+rroi 
I       2288        841.92565     100001.00000        841.92565      5.9212        drrr_15+rroi 
I       2290        830.09277        841.92565        830.09277      5.9242        drrr_15+rroi 
I       2291        829.16189        830.09277        829.16189      5.9258         drrr_15+rrg 
I       2292        828.20328        829.16189        828.20328      5.9272        drrr_15+rroi 
I       2295        828.10290        828.20328        828.10290      5.9400        drrr_15+rroi 
I       2306        825.56388        828.10290        825.56388      5.9593         drrr_15+rrg 
I       2318        825.56388        825.56388        825.56388      5.9965        drrr_15+rrri 
I       2330        821.51265        825.56388        821.51265      6.0106        drrr_15+rrri 
I       2348        821.27395        821.51265        821.27395      6.0359        drrr_15+rroi 
I       2358        817.89793        821.27395        817.89793      6.0371        drrr_15+rrri 
I       2383        817.81575        817.89793        817.81575      6.0649        drrr_15+rrri 
I      30000        817.81575        817.81575     100001.00000     11.5587        drrr_15+rroi 

Method statistics
S  method    iter  succ  succ-rate%  tot-obj-gain  avg-obj-gain  rel-succ%  net-time  net-time%  brut-time  brut-time%
S  con          1     1   100.00000     -53.00000     -53.00000    2.85714   0.13203    1.14221    0.13203     1.14221
S  drrr_15  29999    17     0.05667  -99189.18425      -3.30642   48.57143   0.27630    2.39038    0.27630     2.39038
S  rrg      10021     2     0.01996      -3.46990      -0.00035    5.71429   4.63300   40.08208    4.63300    40.08208
S  rroi     10018     8     0.07986  -99175.20491      -9.89970   22.85714   2.88135   24.92783    2.88135    24.92783
S  rrri      9960     7     0.07028     -10.50943      -0.00106   20.00000   3.57283   30.91012    3.57283    30.91012
S  SUM/AVG  59999    35     0.05833 -198431.36850      -3.30724   20.00000  11.49551   99.45262   11.49551    99.45262

T best solution: EADARPSolution(t_routing=1019.021, t_excess=214.199, obj_val=817.816, obj_val_valid=true,
    unserved_requests=Int64[], F_visited=[130, 133, 134, 129, 132, 131], S_visited=Int64[],
    (1, ([123, 57, 117, 49, 109, 12, 72, 51, 111, 11, 71, 31, 91, 37, 97, 32, 92, 135, 129], [65.31078973954494], [18]))
    (2, ([124, 26, 86, 43, 103, 28, 88, 19, 79, 59, 119, 42, 24, 102, 84, 135, 130], [36.9548075834438], [16]))
    (3, ([125, 16, 7, 76, 67, 8, 68, 15, 75, 5, 65, 136, 46, 106, 39, 99, 48, 36, 96, 108, 3, 21, 63, 81, 135, 131], [75.10121377679803, 24.188486780495083], [12, 25]))
    (4, ([126, 55, 115, 20, 80, 56, 14, 116, 74, 18, 78, 1, 61, 23, 40, 83, 100, 136, 6, 17, 66, 77, 35, 34, 94, 95, 25, 85, 135, 132], [139.33190503097572, 2.3494979870415538], [18, 29]))
    (5, ([127, 60, 9, 120, 69, 58, 38, 118, 98, 47, 4, 107, 64, 2, 62, 52, 54, 112, 114, 30, 10, 90, 70, 41, 101, 135, 133], [93.21121962851673], [26]))
    (6, ([128, 27, 45, 87, 105, 53, 33, 93, 113, 22, 82, 29, 50, 89, 110, 136, 13, 44, 104, 73, 134], [96.57329613038048], [16])))

T best obj: 817.8157517871268
T best iteration: 2383
T total iterations: 30000
T best time [s]: 6.065
T total time [s]: 11.5588
