EADARP version 11bb-dirty
ARGS: --ifile=EADARP/instances/l1/a6-60.txt --infeasible_arcs=EADARP/infeasible_arcs --gamma=0.7 --only_single_s_visits=false --odir=EADARP/prunedArcs/a6-60 --oname=run5
Settings:
--alns_gamma=0.025
--alns_segment_size=100
--alns_sigma1=10
--alns_sigma2=9
--alns_sigma3=3
--at_most_one_s=false
--gamma=0.7
--ifile=EADARP/instances/l1/a6-60.txt
--infeasible_arcs=EADARP/infeasible_arcs
--insert_charging_otf=true
--insert_cost_noise=0.014
--lns_init_temp_factor=0.0
--lns_temp_dec_factor=0.99
--log_all_sols_fname=
--mh_checkit=false
--mh_lfreq=0
--mh_lnewinc=true
--mh_tciter=-1
--mh_tctime=-1.0
--mh_titer=30000
--mh_tobj=-1.0
--mh_ttime=-1.0
--odir=EADARP/prunedArcs/a6-60
--oname=run5
--only_single_s_visits=false
--repair_max_routes=0
--route_based_ops=0
--seed=1640542472
--tightened_windows=EADARP/tightened_windows
--use_milp_in_otf=0
--xcheck_isfeasible=false

EADARPInstance(EADARP/instances/l1/a6-60.txt, n=60, n_K=6, S=[135, 136, 137], Q=14.85, n_F=6, γ=0.7, T_plan=600.0, F=[129, 130, 131, 132, 133, 134])

T preprocessing time [s]: 1.247
I       iter             best          obj_old          obj_new        time              method info
I          1     100007.00000     100060.00000     100007.00000      0.0510                 con 
I          3     100006.00000     100007.00000     100006.00000      0.0610        drrr_15+rrri 
I         15     100005.00000     100006.00000     100005.00000      0.0770        drrr_15+rroi 
I         26     100004.00000     100005.00000     100004.00000      0.1110        drrr_15+rroi 
I         31     100003.00000     100004.00000     100003.00000      0.1110        drrr_15+rroi 
I         85     100002.00000     100003.00000     100002.00000      0.1440        drrr_15+rroi 
I        213     100001.00000     100002.00000     100001.00000      0.1900        drrr_15+rrri 
I        473        920.81225     100001.00000        920.81225      0.2520         drrr_15+rrg 
I        475        915.28511        920.81225        915.28511      0.2520        drrr_15+rroi 
I        476        901.44583        915.28511        901.44583      0.2520        drrr_15+rrri 
I        480        901.10628        901.44583        901.10628      0.2520         drrr_15+rrg 
I        491        890.90580        901.10628        890.90580      0.2520        drrr_15+rroi 
I        500        890.10840        890.90580        890.10840      0.2520        drrr_15+rrri 
I      30000        890.10840        890.10840        890.36411      4.8190        drrr_15+rroi 

Method statistics
S  method    iter  succ  succ-rate%  tot-obj-gain  avg-obj-gain  rel-succ%  net-time  net-time%  brut-time  brut-time%
S  con          1     1   100.00000     -53.00000     -53.00000    4.00000   0.05100    1.05831    0.05100     1.05831
S  drrr_15  29999    12     0.04000  -99116.89160      -3.30401   48.00000   0.40300    8.36270    0.40300     8.36270
S  rrg      10011     2     0.01998  -99080.52729      -9.89717    8.00000   2.37200   49.22179    2.37200    49.22179
S  rroi      9982     6     0.06011     -19.72763      -0.00198   24.00000   0.87800   18.21957    0.87800    18.21957
S  rrri     10006     4     0.03998     -16.63668      -0.00166   16.00000   1.02200   21.20777    1.02200    21.20777
S  SUM/AVG  59999    25     0.04167 -198286.78319      -3.30483   20.00000   4.72600   98.07014    4.72600    98.07014

T best solution: EADARPSolution(t_routing=1141.112, t_excess=137.097, obj_val=890.108, obj_val_valid=true,
    unserved_requests=Int64[], F_visited=[131, 133, 132, 130, 129, 134], S_visited=Int64[],
    (1, ([123, 60, 120, 58, 118, 38, 98, 7, 67, 15, 75, 52, 112, 19, 79, 137, 35, 95, 21, 81, 135, 129], [107.48316665553557, 36.96778595073141], [16, 21]))
    (2, ([124, 9, 49, 69, 109, 47, 16, 76, 107, 8, 68, 50, 110, 136, 28, 88, 6, 17, 66, 77, 44, 104, 135, 130], [94.28071243263088, 11.17260752516508], [14, 23]))
    (3, ([125, 20, 80, 45, 4, 64, 105, 18, 78, 22, 82, 40, 100, 29, 89, 31, 91, 137, 59, 119, 3, 63, 131], [92.2850270694712], [18]))
    (4, ([126, 56, 14, 74, 116, 2, 1, 62, 61, 26, 86, 5, 65, 136, 10, 70, 41, 101, 32, 92, 13, 73, 135, 132], [78.34385674715753, 3.836430362318036], [14, 23]))
    (5, ([127, 57, 117, 55, 115, 12, 72, 27, 87, 33, 53, 93, 113, 137, 43, 103, 30, 90, 34, 94, 42, 24, 102, 84, 135, 133], [125.40921255496058, 23.547360107598696], [14, 25]))
    (6, ([128, 51, 111, 11, 71, 23, 83, 54, 114, 37, 97, 46, 106, 136, 39, 99, 48, 36, 96, 25, 108, 85, 135, 134], [7.611971798728496, 74.17409801281688], [14, 23])))

T best obj: 890.1084047062083
T best iteration: 500
T total iterations: 30000
T best time [s]: 0.252
T total time [s]: 4.8190
