EADARP version ecec-dirty
ARGS: --ifile=EADARP/instances/random/r6-60-00000.txt  --gamma=0.7 --only_single_s_visits=false --odir=EADARP/solutions/random/r6-60-00000 --oname=run13
Settings:
--alns_gamma=0.025
--alns_segment_size=100
--alns_sigma1=10
--alns_sigma2=9
--alns_sigma3=3
--at_most_one_s=false
--gamma=0.7
--ifile=EADARP/instances/random/r6-60-00000.txt
--infeasible_arcs=EADARP/infeasible_arcs
--insert_charging_otf=true
--insert_cost_noise=0.014
--lns_init_temp_factor=0.0
--lns_temp_dec_factor=0.99
--log_all_sols_fname=
--mh_checkit=false
--mh_lfreq=0
--mh_lnewinc=true
--mh_tciter=-1
--mh_tctime=-1.0
--mh_titer=30000
--mh_tobj=-1.0
--mh_ttime=-1.0
--odir=EADARP/solutions/random/r6-60-00000
--ofile=
--oname=run13
--only_single_s_visits=false
--prepthreshold=0.1
--repair_max_routes=0
--route_based_ops=0
--seed=1914405678
--tightened_windows=EADARP/tightened_windows
--use_milp_in_otf=0
--xcheck_isfeasible=false

EADARPInstance(EADARP/instances/random/r6-60-00000.txt, n=60, n_K=6, S=[133, 134, 135], Q=14.85, n_F=6, γ=0.7, T_plan=720.0, F=[127, 128, 129, 130, 131, 132])

Percentage of arcs removed: 72.34019204389574%
Minimum Degree: 9
T preprocessing time [s]: 1.608
I       iter             best          obj_old          obj_new        time              method info
I          1        797.68048     100060.00000        797.68048      0.0680                 con 
I          2        787.62603        797.68048        787.62603      0.0680         drrr_15+rrg 
I          3        778.10097        787.62603        778.10097      0.0980        drrr_15+rroi 
I          4        767.03860        778.10097        767.03860      0.1010         drrr_15+rrg 
I          6        761.39832        767.03860        761.39832      0.1170         drrr_15+rrg 
I         16        759.96685        761.39832        759.96685      0.1410         drrr_15+rrg 
I         19        759.56459        759.96685        759.56459      0.1410         drrr_15+rrg 
I         23        755.83754        759.56459        755.83754      0.1570        drrr_15+rroi 
I         25        752.21788        755.83754        752.21788      0.1570        drrr_15+rrri 
I         26        752.07374        752.21788        752.07374      0.1570        drrr_15+rroi 
I         27        751.66585        752.07374        751.66585      0.1670         drrr_15+rrg 
I         29        749.28016        751.66585        749.28016      0.1670        drrr_15+rroi 
I         30        741.51549        749.28016        741.51549      0.1670        drrr_15+rrri 
I         33        740.98371        741.51549        740.98371      0.1740         drrr_15+rrg 
I         35        735.95430        740.98371        735.95430      0.1840        drrr_15+rrri 
I         36        734.92080        735.95430        734.92080      0.1840        drrr_15+rroi 
I         39        728.71645        734.92080        728.71645      0.1900        drrr_15+rroi 
I         46        727.78538        728.71645        727.78538      0.2000         drrr_15+rrg 
I         56        723.88919        727.78538        723.88919      0.2050         drrr_15+rrg 
I         64        723.26629        723.88919        723.26629      0.2210        drrr_15+rroi 
I         65        719.00956        723.26629        719.00956      0.2260         drrr_15+rrg 
I         70        716.30766        719.00956        716.30766      0.2260         drrr_15+rrg 
I        283        715.66796        716.30766        715.66796      0.3580         drrr_15+rrg 
I        289        714.89665        715.66796        714.89665      0.3660        drrr_15+rrri 
I        303        714.02532        714.89665        714.02532      0.3660         drrr_15+rrg 
I        335        713.43147        714.02532        713.43147      0.4090        drrr_15+rrri 
I       1246        712.73123        713.43147        712.73123      0.8980        drrr_15+rroi 
I       1249        712.52425        712.73123        712.52425      0.8980        drrr_15+rrri 
I       1315        710.03117        712.52425        710.03117      0.9330        drrr_15+rrri 
I       1369        709.77980        710.03117        709.77980      0.9750        drrr_15+rroi 
I       2163        707.79685        709.77980        707.79685      1.3230        drrr_15+rrri 
I       2182        707.19239        707.79685        707.19239      1.3380         drrr_15+rrg 
I       2199        707.14620        707.19239        707.14620      1.3380        drrr_15+rroi 
I       2753        706.92091        707.14620        706.92091      1.5900        drrr_15+rroi 
I       5268        706.26802        706.92091        706.26802      2.6250        drrr_15+rroi 
I       5270        705.90548        706.26802        705.90548      2.6250         drrr_15+rrg 
I      12903        705.17080        705.90548        705.17080      5.6830        drrr_15+rrri 
I      12912        704.89932        705.17080        704.89932      5.6830         drrr_15+rrg 
I      22853        704.83650        704.89932        704.83650      9.5000        drrr_15+rroi 
I      24817        704.20483        704.83650        704.20483     10.2300        drrr_15+rroi 
I      30000        704.20483        704.20483        710.13898     12.2490        drrr_15+rroi 

Method statistics
S  method    iter  succ  succ-rate%  tot-obj-gain  avg-obj-gain  rel-succ%  net-time  net-time%  brut-time  brut-time%
S  con          1     1   100.00000  -99262.31952  -99262.31952    1.26582   0.06800    0.55515    0.06800     0.55515
S  drrr_15  29999    39     0.13000     -93.47564      -0.00312   49.36709   0.35500    2.89819    0.35500     2.89819
S  rrg       9936    16     0.16103     -44.06590      -0.00443   20.25316   6.43200   52.51041    6.43200    52.51041
S  rroi      9928    14     0.14102     -26.21316      -0.00264   17.72152   2.55200   20.83436    2.55200    20.83436
S  rrri     10135     9     0.08880     -23.19659      -0.00229   11.39241   2.75600   22.49979    2.75600    22.49979
S  SUM/AVG  59999    79     0.13167  -99449.27081      -1.65752   20.00000  12.16300   99.29790   12.16300    99.29790

T best solution: EADARPSolution(t_routing=889.86, t_excess=147.239, obj_val=704.205, obj_val_valid=true,
    unserved_requests=Int64[], F_visited=[130, 129, 127, 132, 128, 131], S_visited=Int64[],
    (1, ([121, 19, 79, 32, 92, 3, 63, 50, 110, 45, 105, 5, 65, 56, 42, 116, 102, 4, 64, 22, 82, 9, 69, 133, 127], [88.1788674303039], [24]))
    (2, ([122, 24, 48, 108, 84, 30, 90, 35, 95, 59, 119, 29, 89, 17, 77, 25, 85, 20, 80, 133, 128], [43.95985902749741], [20]))
    (3, ([123, 2, 62, 33, 93, 6, 66, 34, 16, 94, 76, 26, 86, 55, 115, 52, 112, 40, 100, 57, 117, 133, 129], [87.43783314584711], [22]))
    (4, ([124, 46, 106, 51, 41, 101, 111, 28, 44, 104, 88, 134, 1, 61, 10, 8, 70, 68, 21, 14, 74, 81, 130], [39.3784977106933], [12]))
    (5, ([125, 53, 113, 27, 43, 87, 103, 15, 18, 75, 78, 58, 118, 135, 12, 72, 36, 7, 96, 67, 47, 107, 39, 99, 13, 73, 31, 91, 133, 131], [35.40335014347742, 72.40540479291508], [14, 29]))
    (6, ([126, 23, 83, 37, 97, 60, 54, 120, 114, 11, 71, 38, 49, 98, 109, 133, 132], [37.09620724176752], [16])))

T best obj: 704.2048342042215
T best iteration: 24817
T total iterations: 30000
T best time [s]: 10.230
T total time [s]: 12.2490
