EADARP version ecec-dirty
ARGS: --ifile=EADARP/instances/random/r6-60-00000.txt  --gamma=0.7 --only_single_s_visits=false --odir=EADARP/solutions/random/r6-60-00000 --oname=run10
Settings:
--alns_gamma=0.025
--alns_segment_size=100
--alns_sigma1=10
--alns_sigma2=9
--alns_sigma3=3
--at_most_one_s=false
--gamma=0.7
--ifile=EADARP/instances/random/r6-60-00000.txt
--infeasible_arcs=EADARP/infeasible_arcs
--insert_charging_otf=true
--insert_cost_noise=0.014
--lns_init_temp_factor=0.0
--lns_temp_dec_factor=0.99
--log_all_sols_fname=
--mh_checkit=false
--mh_lfreq=0
--mh_lnewinc=true
--mh_tciter=-1
--mh_tctime=-1.0
--mh_titer=30000
--mh_tobj=-1.0
--mh_ttime=-1.0
--odir=EADARP/solutions/random/r6-60-00000
--ofile=
--oname=run10
--only_single_s_visits=false
--prepthreshold=0.1
--repair_max_routes=0
--route_based_ops=0
--seed=403669302
--tightened_windows=EADARP/tightened_windows
--use_milp_in_otf=0
--xcheck_isfeasible=false

EADARPInstance(EADARP/instances/random/r6-60-00000.txt, n=60, n_K=6, S=[133, 134, 135], Q=14.85, n_F=6, γ=0.7, T_plan=720.0, F=[127, 128, 129, 130, 131, 132])

Percentage of arcs removed: 72.34019204389574%
Minimum Degree: 9
T preprocessing time [s]: 1.615
I       iter             best          obj_old          obj_new        time              method info
I          1        796.02176     100060.00000        796.02176      0.0630                 con 
I          5        791.77127        796.02176        791.77127      0.0850         drrr_15+rrg 
I         11        788.02851        791.77127        788.02851      0.1100        drrr_15+rroi 
I         12        784.88613        788.02851        784.88613      0.1100         drrr_15+rrg 
I         16        783.21540        784.88613        783.21540      0.1350         drrr_15+rrg 
I         24        774.13126        783.21540        774.13126      0.1440         drrr_15+rrg 
I         25        760.40825        774.13126        760.40825      0.1550        drrr_15+rrri 
I         26        755.70099        760.40825        755.70099      0.1600         drrr_15+rrg 
I         28        747.01739        755.70099        747.01739      0.1660        drrr_15+rrri 
I         31        746.36422        747.01739        746.36422      0.1660        drrr_15+rroi 
I         33        736.35025        746.36422        736.35025      0.1850        drrr_15+rrri 
I         34        734.59113        736.35025        734.59113      0.1850         drrr_15+rrg 
I         50        733.56623        734.59113        733.56623      0.2180         drrr_15+rrg 
I         52        731.07335        733.56623        731.07335      0.2180         drrr_15+rrg 
I         59        730.55219        731.07335        730.55219      0.2360        drrr_15+rroi 
I         70        729.50200        730.55219        729.50200      0.2760        drrr_15+rroi 
I         71        727.30278        729.50200        727.30278      0.2840        drrr_15+rroi 
I         80        727.05141        727.30278        727.05141      0.3000         drrr_15+rrg 
I         88        726.62509        727.05141        726.62509      0.3100        drrr_15+rroi 
I         90        725.42994        726.62509        725.42994      0.3100        drrr_15+rroi 
I        115        722.50899        725.42994        722.50899      0.3250        drrr_15+rroi 
I        123        722.15480        722.50899        722.15480      0.3350        drrr_15+rroi 
I        133        721.99152        722.15480        721.99152      0.3360         drrr_15+rrg 
I        244        721.90343        721.99152        721.90343      0.4020        drrr_15+rroi 
I        959        721.54303        721.90343        721.54303      0.7730        drrr_15+rroi 
I       1258        718.16007        721.54303        718.16007      0.9170        drrr_15+rrri 
I       1266        717.97724        718.16007        717.97724      0.9270        drrr_15+rrri 
I       1418        717.88915        717.97724        717.88915      1.0020        drrr_15+rroi 
I       1688        717.13354        717.88915        717.13354      1.0930        drrr_15+rrri 
I       1708        716.86743        717.13354        716.86743      1.1100        drrr_15+rrri 
I       1743        716.77934        716.86743        716.77934      1.1180         drrr_15+rrg 
I       2571        715.86267        716.77934        715.86267      1.4580        drrr_15+rroi 
I       2844        715.78927        715.86267        715.78927      1.5820        drrr_15+rrri 
I       2930        714.56210        715.78927        714.56210      1.6180        drrr_15+rrri 
I       3215        714.13531        714.56210        714.13531      1.7170        drrr_15+rroi 
I       3464        712.28267        714.13531        712.28267      1.8360        drrr_15+rrri 
I       3828        711.43041        712.28267        711.43041      1.9760        drrr_15+rroi 
I       3886        711.41150        711.43041        711.41150      1.9930        drrr_15+rrri 
I       4019        707.41531        711.41150        707.41531      2.0480        drrr_15+rroi 
I      30000        707.41531        707.41531        711.62573     12.0010         drrr_15+rrg 

Method statistics
S  method    iter  succ  succ-rate%  tot-obj-gain  avg-obj-gain  rel-succ%  net-time  net-time%  brut-time  brut-time%
S  con          1     1   100.00000  -99263.97824  -99263.97824    1.29870   0.06300    0.52496    0.06300     0.52496
S  drrr_15  29999    38     0.12667     -88.60645      -0.00295   49.35065   0.39300    3.27474    0.39300     3.27474
S  rrg      10023    11     0.10975     -28.63465      -0.00286   14.28571   6.14000   51.16242    6.14000    51.16242
S  rroi      9995    16     0.16008     -19.79162      -0.00198   20.77922   2.49800   20.81490    2.49800    20.81490
S  rrri      9981    11     0.11021     -40.18019      -0.00403   14.28571   2.80100   23.33971    2.80100    23.33971
S  SUM/AVG  59999    77     0.12834  -99441.19114      -1.65738   20.00000  11.89500   99.11673   11.89500    99.11673

T best solution: EADARPSolution(t_routing=900.177, t_excess=129.13, obj_val=707.415, obj_val_valid=true,
    unserved_requests=Int64[], F_visited=[128, 127, 130, 131, 129, 132], S_visited=Int64[],
    (1, ([121, 53, 113, 27, 43, 87, 103, 35, 95, 59, 119, 26, 86, 55, 115, 11, 71, 38, 49, 98, 109, 133, 127], [62.01884302047972], [22]))
    (2, ([122, 24, 48, 108, 84, 30, 90, 134, 5, 65, 56, 116, 37, 97, 8, 68, 21, 81, 128], [46.141905109119826], [8]))
    (3, ([123, 23, 83, 50, 110, 45, 105, 12, 72, 36, 22, 82, 96, 9, 69, 60, 54, 120, 47, 114, 107, 135, 31, 91, 133, 129], [89.11006354777555, 15.313685145240944], [22, 25]))
    (4, ([124, 46, 106, 51, 41, 101, 111, 28, 44, 104, 88, 42, 102, 4, 64, 52, 112, 40, 100, 57, 117, 133, 130], [50.43153495221237], [22]))
    (5, ([125, 19, 79, 32, 92, 3, 63, 33, 93, 6, 66, 34, 16, 94, 76, 15, 75, 18, 78, 58, 118, 135, 39, 99, 13, 73, 14, 10, 70, 74, 131], [99.73826701318498], [22]))
    (6, ([126, 2, 62, 7, 1, 61, 67, 29, 89, 17, 77, 25, 85, 20, 80, 133, 132], [51.42268138479829], [16])))

T best obj: 707.4153126013344
T best iteration: 4019
T total iterations: 30000
T best time [s]: 2.048
T total time [s]: 12.0010
