EADARP version ecec-dirty
ARGS: --ifile=EADARP/instances/random/r6-60-00000.txt  --gamma=0.7 --only_single_s_visits=false --odir=EADARP/solutions/random/r6-60-00000 --oname=run17
Settings:
--alns_gamma=0.025
--alns_segment_size=100
--alns_sigma1=10
--alns_sigma2=9
--alns_sigma3=3
--at_most_one_s=false
--gamma=0.7
--ifile=EADARP/instances/random/r6-60-00000.txt
--infeasible_arcs=EADARP/infeasible_arcs
--insert_charging_otf=true
--insert_cost_noise=0.014
--lns_init_temp_factor=0.0
--lns_temp_dec_factor=0.99
--log_all_sols_fname=
--mh_checkit=false
--mh_lfreq=0
--mh_lnewinc=true
--mh_tciter=-1
--mh_tctime=-1.0
--mh_titer=30000
--mh_tobj=-1.0
--mh_ttime=-1.0
--odir=EADARP/solutions/random/r6-60-00000
--ofile=
--oname=run17
--only_single_s_visits=false
--prepthreshold=0.1
--repair_max_routes=0
--route_based_ops=0
--seed=1533497497
--tightened_windows=EADARP/tightened_windows
--use_milp_in_otf=0
--xcheck_isfeasible=false

EADARPInstance(EADARP/instances/random/r6-60-00000.txt, n=60, n_K=6, S=[133, 134, 135], Q=14.85, n_F=6, γ=0.7, T_plan=720.0, F=[127, 128, 129, 130, 131, 132])

Percentage of arcs removed: 72.34019204389574%
Minimum Degree: 9
T preprocessing time [s]: 1.572
I       iter             best          obj_old          obj_new        time              method info
I          1        777.83577     100060.00000        777.83577      0.0680                 con 
I          3        775.94859        777.83577        775.94859      0.1190        drrr_15+rroi 
I          4        763.43326        775.94859        763.43326      0.1440         drrr_15+rrg 
I         24        763.34988        763.43326        763.34988      0.2190        drrr_15+rroi 
I         26        761.85500        763.34988        761.85500      0.2350        drrr_15+rrri 
I         38        755.23440        761.85500        755.23440      0.2440        drrr_15+rrri 
I         41        752.69470        755.23440        752.69470      0.2600         drrr_15+rrg 
I         42        751.59152        752.69470        751.59152      0.2600        drrr_15+rrri 
I         43        743.24914        751.59152        743.24914      0.2600        drrr_15+rrri 
I         44        740.60288        743.24914        740.60288      0.2600        drrr_15+rrri 
I         48        737.98936        740.60288        737.98936      0.2750         drrr_15+rrg 
I         51        735.20846        737.98936        735.20846      0.2750        drrr_15+rrri 
I         58        734.96810        735.20846        734.96810      0.2940         drrr_15+rrg 
I         60        733.24072        734.96810        733.24072      0.2940        drrr_15+rrri 
I         64        728.73329        733.24072        728.73329      0.2940         drrr_15+rrg 
I         69        727.44240        728.73329        727.44240      0.3100        drrr_15+rroi 
I         78        726.00983        727.44240        726.00983      0.3190        drrr_15+rrri 
I         87        726.00983        726.00983        726.00983      0.3350         drrr_15+rrg 
I        103        725.59206        726.00983        725.59206      0.3500        drrr_15+rrri 
I        110        724.84560        725.59206        724.84560      0.3500        drrr_15+rroi 
I        118        721.36326        724.84560        721.36326      0.3660        drrr_15+rroi 
I        126        721.34435        721.36326        721.34435      0.3660         drrr_15+rrg 
I        130        719.58021        721.34435        719.58021      0.3660        drrr_15+rrri 
I        139        716.89053        719.58021        716.89053      0.3660         drrr_15+rrg 
I        142        714.82552        716.89053        714.82552      0.3820        drrr_15+rroi 
I        146        712.14444        714.82552        712.14444      0.3840        drrr_15+rroi 
I        173        711.53539        712.14444        711.53539      0.3970        drrr_15+rroi 
I       1269        710.81703        711.53539        710.81703      0.9940        drrr_15+rroi 
I       1291        710.76222        710.81703        710.76222      1.0100         drrr_15+rrg 
I       2218        710.45764        710.76222        710.45764      1.4860        drrr_15+rroi 
I       2682        709.92909        710.45764        709.92909      1.6930        drrr_15+rrri 
I       2683        709.56656        709.92909        709.56656      1.6930        drrr_15+rrri 
I       2941        707.98081        709.56656        707.98081      1.8260         drrr_15+rrg 
I       2947        706.66981        707.98081        706.66981      1.8260        drrr_15+rroi 
I       2948        706.41843        706.66981        706.41843      1.8260        drrr_15+rroi 
I       3347        705.46626        706.41843        705.46626      2.0190         drrr_15+rrg 
I       3358        705.44736        705.46626        705.44736      2.0360         drrr_15+rrg 
I      30000        705.44736        705.44736        712.13910     12.7630        drrr_15+rrri 

Method statistics
S  method    iter  succ  succ-rate%  tot-obj-gain  avg-obj-gain  rel-succ%  net-time  net-time%  brut-time  brut-time%
S  con          1     1   100.00000  -99282.16423  -99282.16423    1.36986   0.06800    0.53279    0.06800     0.53279
S  drrr_15  29999    36     0.12000     -72.38841      -0.00241   49.31507   0.27800    2.17818    0.27800     2.17818
S  rrg      10047    12     0.11944     -27.73656      -0.00276   16.43836   6.57900   51.54746    6.57900    51.54746
S  rroi      9985    12     0.12018     -15.43071      -0.00155   16.43836   2.71500   21.27242    2.71500    21.27242
S  rrri      9967    12     0.12040     -29.22114      -0.00293   16.43836   3.03800   23.80317    3.03800    23.80317
S  SUM/AVG  59999    73     0.12167  -99426.94105      -1.65714   20.00000  12.67800   99.33401   12.67800    99.33401

T best solution: EADARPSolution(t_routing=901.515, t_excess=117.244, obj_val=705.447, obj_val_valid=true,
    unserved_requests=Int64[], F_visited=[127, 131, 129, 132, 128, 130], S_visited=Int64[],
    (1, ([121, 2, 62, 33, 93, 6, 66, 34, 16, 94, 76, 15, 75, 18, 78, 58, 118, 55, 115, 52, 112, 40, 100, 57, 117, 133, 127], [104.8047177663978], [26]))
    (2, ([122, 53, 113, 27, 43, 87, 103, 42, 102, 4, 64, 22, 82, 9, 69, 133, 128], [36.70322404143395], [16]))
    (3, ([123, 19, 79, 32, 92, 3, 63, 50, 110, 45, 105, 1, 61, 134, 29, 89, 17, 77, 10, 8, 70, 68, 21, 14, 74, 81, 133, 129], [81.45030883175595, 15.678690872667191], [14, 27]))
    (4, ([124, 24, 48, 108, 84, 30, 90, 35, 95, 59, 119, 26, 86, 12, 72, 36, 7, 96, 67, 47, 107, 39, 99, 13, 73, 133, 130], [80.16094406498307], [26]))
    (5, ([125, 46, 106, 51, 41, 101, 111, 28, 44, 104, 88, 5, 65, 56, 116, 37, 97, 60, 54, 120, 114, 135, 31, 91, 131], [79.8327360138807], [22]))
    (6, ([126, 23, 83, 11, 71, 38, 49, 98, 109, 25, 85, 20, 80, 133, 132], [16.884661694874804], [14])))

T best obj: 705.4473574035336
T best iteration: 3358
T total iterations: 30000
T best time [s]: 2.036
T total time [s]: 12.7630
