EADARP version ecec-dirty
ARGS: --ifile=EADARP/instances/random/r6-60-00000.txt  --gamma=0.7 --only_single_s_visits=false --odir=EADARP/solutions/random/r6-60-00000 --oname=run27
Settings:
--alns_gamma=0.025
--alns_segment_size=100
--alns_sigma1=10
--alns_sigma2=9
--alns_sigma3=3
--at_most_one_s=false
--gamma=0.7
--ifile=EADARP/instances/random/r6-60-00000.txt
--infeasible_arcs=EADARP/infeasible_arcs
--insert_charging_otf=true
--insert_cost_noise=0.014
--lns_init_temp_factor=0.0
--lns_temp_dec_factor=0.99
--log_all_sols_fname=
--mh_checkit=false
--mh_lfreq=0
--mh_lnewinc=true
--mh_tciter=-1
--mh_tctime=-1.0
--mh_titer=30000
--mh_tobj=-1.0
--mh_ttime=-1.0
--odir=EADARP/solutions/random/r6-60-00000
--ofile=
--oname=run27
--only_single_s_visits=false
--prepthreshold=0.1
--repair_max_routes=0
--route_based_ops=0
--seed=974833417
--tightened_windows=EADARP/tightened_windows
--use_milp_in_otf=0
--xcheck_isfeasible=false

EADARPInstance(EADARP/instances/random/r6-60-00000.txt, n=60, n_K=6, S=[133, 134, 135], Q=14.85, n_F=6, γ=0.7, T_plan=720.0, F=[127, 128, 129, 130, 131, 132])

Percentage of arcs removed: 72.34019204389574%
Minimum Degree: 9
T preprocessing time [s]: 1.652
I       iter             best          obj_old          obj_new        time              method info
I          1        789.41123     100060.00000        789.41123      0.0610                 con 
I          2        787.50926        789.41123        787.50926      0.0710         drrr_15+rrg 
I          3        774.15005        787.50926        774.15005      0.0790        drrr_15+rroi 
I         12        769.19351        774.15005        769.19351      0.1260        drrr_15+rrri 
I         13        765.98243        769.19351        765.98243      0.1330         drrr_15+rrg 
I         15        761.57318        765.98243        761.57318      0.1410        drrr_15+rrri 
I         16        759.03442        761.57318        759.03442      0.1430         drrr_15+rrg 
I         22        757.82194        759.03442        757.82194      0.1680        drrr_15+rrri 
I         23        755.80349        757.82194        755.80349      0.1760        drrr_15+rrri 
I         40        754.64391        755.80349        754.64391      0.2080        drrr_15+rroi 
I         71        750.00646        754.64391        750.00646      0.2370         drrr_15+rrg 
I        133        747.26318        750.00646        747.26318      0.2920         drrr_15+rrg 
I        134        740.86777        747.26318        740.86777      0.2940         drrr_15+rrg 
I        136        739.74420        740.86777        739.74420      0.2950         drrr_15+rrg 
I        144        738.68854        739.74420        738.68854      0.3020        drrr_15+rrri 
I        147        730.94295        738.68854        730.94295      0.3040        drrr_15+rroi 
I        152        727.22587        730.94295        727.22587      0.3080         drrr_15+rrg 
I        156        725.28227        727.22587        725.28227      0.3220        drrr_15+rrri 
I        159        722.23319        725.28227        722.23319      0.3250        drrr_15+rrri 
I        163        721.86208        722.23319        721.86208      0.3300         drrr_15+rrg 
I        171        718.74689        721.86208        718.74689      0.3430         drrr_15+rrg 
I        180        718.16433        718.74689        718.16433      0.3500         drrr_15+rrg 
I        224        717.83663        718.16433        717.83663      0.3810        drrr_15+rroi 
I        235        716.01545        717.83663        716.01545      0.3880         drrr_15+rrg 
I        240        714.75242        716.01545        714.75242      0.3900        drrr_15+rrri 
I        242        713.62856        714.75242        713.62856      0.3920         drrr_15+rrg 
I        243        713.06096        713.62856        713.06096      0.3920        drrr_15+rroi 
I        245        711.99100        713.06096        711.99100      0.3960        drrr_15+rrri 
I        259        711.73962        711.99100        711.73962      0.4130         drrr_15+rrg 
I        290        711.59325        711.73962        711.59325      0.4260         drrr_15+rrg 
I        601        711.03877        711.59325        711.03877      0.6450        drrr_15+rroi 
I        604        710.69201        711.03877        710.69201      0.6460        drrr_15+rroi 
I        637        709.52209        710.69201        709.52209      0.6620         drrr_15+rrg 
I        673        709.16169        709.52209        709.16169      0.6820         drrr_15+rrg 
I       1255        707.03826        709.16169        707.03826      0.9770        drrr_15+rrri 
I      27751        706.91785        707.03826        706.91785     12.1350        drrr_15+rroi 
I      30000        706.91785        706.91785        720.25000     13.0710        drrr_15+rrri 

Method statistics
S  method    iter  succ  succ-rate%  tot-obj-gain  avg-obj-gain  rel-succ%  net-time  net-time%  brut-time  brut-time%
S  con          1     1   100.00000  -99270.58877  -99270.58877    1.40845   0.06100    0.46668    0.06100     0.46668
S  drrr_15  29999    35     0.11667     -82.49338      -0.00275   49.29577   0.38400    2.93781    0.38400     2.93781
S  rrg       9916    17     0.17144     -35.21056      -0.00355   23.94366   6.67101   51.03669    6.67101    51.03669
S  rroi     10000     8     0.08000     -24.18132      -0.00242   11.26761   2.82900   21.64332    2.82900    21.64332
S  rrri     10083    10     0.09918     -23.10150      -0.00229   14.08451   3.03600   23.22696    3.03600    23.22696
S  SUM/AVG  59999    71     0.11834  -99435.57553      -1.65729   20.00000  12.98100   99.31145   12.98100    99.31145

T best solution: EADARPSolution(t_routing=900.163, t_excess=127.184, obj_val=706.918, obj_val_valid=true,
    unserved_requests=Int64[], F_visited=[129, 130, 128, 127, 131, 132], S_visited=Int64[],
    (1, ([121, 53, 113, 27, 43, 87, 103, 1, 61, 57, 117, 127], Float64[], Int64[]))
    (2, ([122, 24, 48, 108, 84, 30, 90, 35, 95, 59, 119, 26, 86, 12, 72, 36, 22, 82, 96, 7, 67, 133, 128], [62.80153859116222], [22]))
    (3, ([123, 2, 62, 33, 93, 6, 66, 34, 94, 28, 44, 88, 104, 56, 42, 116, 102, 4, 64, 52, 112, 135, 31, 91, 129], [96.08724381313645], [22]))
    (4, ([124, 32, 92, 3, 63, 50, 110, 45, 105, 5, 65, 9, 69, 133, 11, 71, 38, 49, 98, 109, 25, 85, 20, 80, 133, 130], [77.07435491013337, 2.989820214440009], [14, 25]))
    (5, ([125, 19, 79, 23, 83, 37, 97, 60, 54, 120, 47, 114, 107, 39, 99, 13, 73, 10, 70, 8, 68, 133, 131], [57.53326015172552], [22]))
    (6, ([126, 46, 106, 51, 41, 101, 111, 16, 76, 15, 75, 18, 78, 58, 118, 135, 55, 115, 135, 40, 100, 29, 89, 17, 77, 21, 14, 74, 81, 133, 132], [80.59323071303567, 40.53704298207363, 6.223704368719033], [16, 19, 30])))

T best obj: 706.9178455355313
T best iteration: 27751
T total iterations: 30000
T best time [s]: 12.135
T total time [s]: 13.0710
