EADARP version ecec-dirty
ARGS: --ifile=EADARP/instances/random/r6-60-00000.txt  --gamma=0.7 --only_single_s_visits=false --odir=EADARP/solutions/random/r6-60-00000 --oname=run35
Settings:
--alns_gamma=0.025
--alns_segment_size=100
--alns_sigma1=10
--alns_sigma2=9
--alns_sigma3=3
--at_most_one_s=false
--gamma=0.7
--ifile=EADARP/instances/random/r6-60-00000.txt
--infeasible_arcs=EADARP/infeasible_arcs
--insert_charging_otf=true
--insert_cost_noise=0.014
--lns_init_temp_factor=0.0
--lns_temp_dec_factor=0.99
--log_all_sols_fname=
--mh_checkit=false
--mh_lfreq=0
--mh_lnewinc=true
--mh_tciter=-1
--mh_tctime=-1.0
--mh_titer=30000
--mh_tobj=-1.0
--mh_ttime=-1.0
--odir=EADARP/solutions/random/r6-60-00000
--ofile=
--oname=run35
--only_single_s_visits=false
--prepthreshold=0.1
--repair_max_routes=0
--route_based_ops=0
--seed=1346786389
--tightened_windows=EADARP/tightened_windows
--use_milp_in_otf=0
--xcheck_isfeasible=false

EADARPInstance(EADARP/instances/random/r6-60-00000.txt, n=60, n_K=6, S=[133, 134, 135], Q=14.85, n_F=6, γ=0.7, T_plan=720.0, F=[127, 128, 129, 130, 131, 132])

Percentage of arcs removed: 72.34019204389574%
Minimum Degree: 9
T preprocessing time [s]: 1.592
I       iter             best          obj_old          obj_new        time              method info
I          1        779.37880     100060.00000        779.37880      0.0610                 con 
I          2        777.37996        779.37880        777.37996      0.0670         drrr_15+rrg 
I          3        773.69265        777.37996        773.69265      0.0690        drrr_15+rroi 
I          5        772.33147        773.69265        772.33147      0.0760        drrr_15+rrri 
I          8        761.36894        772.33147        761.36894      0.0940        drrr_15+rrri 
I         13        754.99564        761.36894        754.99564      0.1180        drrr_15+rroi 
I         15        747.13502        754.99564        747.13502      0.1310        drrr_15+rroi 
I         19        742.22287        747.13502        742.22287      0.1440         drrr_15+rrg 
I         20        740.62160        742.22287        740.62160      0.1470         drrr_15+rrg 
I         24        740.02284        740.62160        740.02284      0.1570         drrr_15+rrg 
I         32        738.05673        740.02284        738.05673      0.1900         drrr_15+rrg 
I         34        737.96864        738.05673        737.96864      0.1920         drrr_15+rrg 
I         37        732.36974        737.96864        732.36974      0.2000         drrr_15+rrg 
I         43        729.74124        732.36974        729.74124      0.2110         drrr_15+rrg 
I         56        729.67230        729.74124        729.67230      0.2270        drrr_15+rrri 
I         58        728.71452        729.67230        728.71452      0.2340         drrr_15+rrg 
I         76        724.72836        728.71452        724.72836      0.2780        drrr_15+rroi 
I         98        724.54605        724.72836        724.54605      0.3100         drrr_15+rrg 
I        105        721.01020        724.54605        721.01020      0.3160         drrr_15+rrg 
I        110        719.29909        721.01020        719.29909      0.3190        drrr_15+rroi 
I        112        716.95716        719.29909        716.95716      0.3190        drrr_15+rrri 
I        114        714.20670        716.95716        714.20670      0.3220         drrr_15+rrg 
I        127        714.05324        714.20670        714.05324      0.3290         drrr_15+rrg 
I        149        712.67943        714.05324        712.67943      0.3500         drrr_15+rrg 
I        163        711.61065        712.67943        711.61065      0.3560        drrr_15+rrri 
I        220        711.40366        711.61065        711.40366      0.3860        drrr_15+rroi 
I       1125        708.37695        711.40366        708.37695      0.9050        drrr_15+rrri 
I       1156        708.17385        708.37695        708.17385      0.9170        drrr_15+rrri 
I       4933        706.97214        708.17385        706.97214      2.7320        drrr_15+rroi 
I       5377        706.27053        706.97214        706.27053      2.9140        drrr_15+rroi 
I       5378        706.03112        706.27053        706.03112      2.9140        drrr_15+rroi 
I       5379        705.76502        706.03112        705.76502      2.9150         drrr_15+rrg 
I       6406        705.73312        705.76502        705.73312      3.3530        drrr_15+rroi 
I       6479        705.51569        705.73312        705.51569      3.3810         drrr_15+rrg 
I       6506        705.24350        705.51569        705.24350      3.4060        drrr_15+rrri 
I       6512        704.99212        705.24350        704.99212      3.4110        drrr_15+rrri 
I      30000        704.99212        704.99212        705.49185     13.2080         drrr_15+rrg 

Method statistics
S  method    iter  succ  succ-rate%  tot-obj-gain  avg-obj-gain  rel-succ%  net-time  net-time%  brut-time  brut-time%
S  con          1     1   100.00000  -99280.62120  -99280.62120    1.40845   0.06100    0.46181    0.06100     0.46181
S  drrr_15  29999    35     0.11667     -74.38668      -0.00248   49.29577   0.39800    3.01312    0.39800     3.01312
S  rrg      10013    16     0.15979     -28.82981      -0.00288   22.53521   6.75899   51.16961    6.75899    51.16961
S  rroi      9976    10     0.10024     -26.00012      -0.00261   14.08451   2.80400   21.22794    2.80400    21.22794
S  rrri     10010     9     0.08991     -19.55674      -0.00195   12.67606   3.06201   23.18121    3.06201    23.18121
S  SUM/AVG  59999    71     0.11834  -99429.39455      -1.65718   20.00000  13.08400   99.05369   13.08400    99.05369

T best solution: EADARPSolution(t_routing=907.112, t_excess=98.633, obj_val=704.992, obj_val_valid=true,
    unserved_requests=Int64[], F_visited=[131, 130, 132, 129, 127, 128], S_visited=Int64[],
    (1, ([121, 2, 62, 33, 93, 6, 66, 34, 16, 94, 76, 15, 75, 18, 78, 58, 118, 55, 115, 135, 39, 99, 13, 73, 10, 70, 20, 80, 127], [118.22987317185286], [20]))
    (2, ([122, 24, 48, 108, 84, 28, 88, 42, 102, 4, 64, 52, 112, 40, 100, 57, 117, 133, 128], [31.952499834107588], [18]))
    (3, ([123, 19, 79, 32, 92, 3, 63, 50, 110, 45, 105, 1, 61, 134, 29, 89, 17, 77, 25, 85, 8, 68, 21, 14, 74, 81, 133, 129], [81.45030883175595, 14.854432592752124], [14, 27]))
    (4, ([124, 53, 113, 27, 43, 87, 103, 35, 95, 59, 119, 26, 86, 12, 72, 36, 22, 82, 96, 7, 67, 47, 107, 135, 31, 91, 133, 130], [92.45629327096992, 8.161486131105601], [24, 27]))
    (5, ([125, 23, 41, 83, 101, 30, 90, 5, 65, 9, 69, 133, 131], [12.227050388672305], [12]))
    (6, ([126, 46, 106, 51, 111, 44, 104, 56, 116, 37, 97, 60, 54, 120, 114, 11, 71, 38, 49, 98, 109, 133, 132], [61.779807662949324], [22])))

T best obj: 704.992123805388
T best iteration: 6512
T total iterations: 30000
T best time [s]: 3.411
T total time [s]: 13.2090
