EADARP version ecec-dirty
ARGS: --ifile=EADARP/instances/random/r6-60-00000.txt  --gamma=0.7 --only_single_s_visits=false --odir=EADARP/solutions/random/r6-60-00000 --oname=run45
Settings:
--alns_gamma=0.025
--alns_segment_size=100
--alns_sigma1=10
--alns_sigma2=9
--alns_sigma3=3
--at_most_one_s=false
--gamma=0.7
--ifile=EADARP/instances/random/r6-60-00000.txt
--infeasible_arcs=EADARP/infeasible_arcs
--insert_charging_otf=true
--insert_cost_noise=0.014
--lns_init_temp_factor=0.0
--lns_temp_dec_factor=0.99
--log_all_sols_fname=
--mh_checkit=false
--mh_lfreq=0
--mh_lnewinc=true
--mh_tciter=-1
--mh_tctime=-1.0
--mh_titer=30000
--mh_tobj=-1.0
--mh_ttime=-1.0
--odir=EADARP/solutions/random/r6-60-00000
--ofile=
--oname=run45
--only_single_s_visits=false
--prepthreshold=0.1
--repair_max_routes=0
--route_based_ops=0
--seed=1423729757
--tightened_windows=EADARP/tightened_windows
--use_milp_in_otf=0
--xcheck_isfeasible=false

EADARPInstance(EADARP/instances/random/r6-60-00000.txt, n=60, n_K=6, S=[133, 134, 135], Q=14.85, n_F=6, γ=0.7, T_plan=720.0, F=[127, 128, 129, 130, 131, 132])

Percentage of arcs removed: 72.34019204389574%
Minimum Degree: 9
T preprocessing time [s]: 1.6
I       iter             best          obj_old          obj_new        time              method info
I          1        809.23650     100060.00000        809.23650      0.0660                 con 
I          2        807.57389        809.23650        807.57389      0.0970        drrr_15+rrri 
I          3        798.24581        807.57389        798.24581      0.0970        drrr_15+rroi 
I          6        795.22112        798.24581        795.22112      0.1130        drrr_15+rrri 
I          7        775.76943        795.22112        775.76943      0.1250        drrr_15+rroi 
I          8        763.69110        775.76943        763.69110      0.1250        drrr_15+rrri 
I         10        751.06643        763.69110        751.06643      0.1490         drrr_15+rrg 
I         18        747.74299        751.06643        747.74299      0.1910        drrr_15+rroi 
I         20        743.68933        747.74299        743.68933      0.2330        drrr_15+rroi 
I         22        737.08963        743.68933        737.08963      0.2330         drrr_15+rrg 
I         24        734.68649        737.08963        734.68649      0.2330        drrr_15+rroi 
I         26        734.43618        734.68649        734.43618      0.2500         drrr_15+rrg 
I         29        731.84687        734.43618        731.84687      0.2500         drrr_15+rrg 
I         30        726.85376        731.84687        726.85376      0.2500        drrr_15+rroi 
I         34        726.15066        726.85376        726.15066      0.2500        drrr_15+rrri 
I         40        725.84331        726.15066        725.84331      0.2650        drrr_15+rroi 
I         43        723.17217        725.84331        723.17217      0.2750        drrr_15+rroi 
I         53        722.69135        723.17217        722.69135      0.2830        drrr_15+rroi 
I        101        720.76535        722.69135        720.76535      0.3420        drrr_15+rrri 
I        311        720.37551        720.76535        720.37551      0.4780         drrr_15+rrg 
I        669        719.61646        720.37551        719.61646      0.6740        drrr_15+rrri 
I        703        719.18002        719.61646        719.18002      0.7050        drrr_15+rroi 
I        706        718.73561        719.18002        718.73561      0.7050        drrr_15+rroi 
I        727        718.58359        718.73561        718.58359      0.7270        drrr_15+rroi 
I        737        717.57979        718.58359        717.57979      0.7370        drrr_15+rrri 
I        830        717.56088        717.57979        717.56088      0.7810        drrr_15+rroi 
I       2303        715.96130        717.56088        715.96130      1.4570         drrr_15+rrg 
I       2321        715.81733        715.96130        715.81733      1.4570        drrr_15+rrri 
I       2494        715.70993        715.81733        715.70993      1.5360        drrr_15+rrri 
I       2750        715.41397        715.70993        715.41397      1.6390        drrr_15+rrri 
I       4891        712.89265        715.41397        712.89265      2.5720         drrr_15+rrg 
I       5119        710.31640        712.89265        710.31640      2.6810         drrr_15+rrg 
I       5122        707.54262        710.31640        707.54262      2.6810         drrr_15+rrg 
I       5124        707.52371        707.54262        707.52371      2.6810         drrr_15+rrg 
I       5254        706.82427        707.52371        706.82427      2.7390        drrr_15+rroi 
I       5279        705.79750        706.82427        705.79750      2.7390        drrr_15+rrri 
I       6652        704.34463        705.79750        704.34463      3.2900        drrr_15+rrri 
I       6754        704.25614        704.34463        704.25614      3.3380        drrr_15+rrri 
I       6807        704.23723        704.25614        704.23723      3.3500        drrr_15+rroi 
I       6837        702.24215        704.23723        702.24215      3.3820         drrr_15+rrg 
I       6872        701.81659        702.24215        701.81659      3.3990        drrr_15+rrri 
I      13259        701.81060        701.81659        701.81060      5.9390        drrr_15+rrri 
I      13492        700.96764        701.81060        700.96764      6.0240        drrr_15+rroi 
I      16430        699.23667        700.96764        699.23667      7.1880        drrr_15+rroi 
I      25827        697.76849        699.23667        697.76849     10.8140        drrr_15+rrri 
I      30000        697.76849        697.76849        697.76849     12.4130        drrr_15+rrri 

Method statistics
S  method    iter  succ  succ-rate%  tot-obj-gain  avg-obj-gain  rel-succ%  net-time  net-time%  brut-time  brut-time%
S  con          1     1   100.00000  -99250.76350  -99250.76350    1.12360   0.06600    0.53170    0.06600     0.53170
S  drrr_15  29999    44     0.14667    -111.46801      -0.00372   49.43820   0.40400    3.25466    0.40400     3.25466
S  rrg       9969    11     0.11034     -33.93875      -0.00340   12.35955   6.38700   51.45411    6.38700    51.45411
S  rroi     10112    17     0.16812     -51.35647      -0.00508   19.10112   2.50000   20.14018    2.50000    20.14018
S  rrri      9918    16     0.16132     -26.17279      -0.00264   17.97753   2.99000   24.08764    2.99000    24.08764
S  SUM/AVG  59999    89     0.14834  -99473.69952      -1.65792   20.00000  12.34700   99.46830   12.34700    99.46830

T best solution: EADARPSolution(t_routing=880.722, t_excess=148.907, obj_val=697.768, obj_val_valid=true,
    unserved_requests=Int64[], F_visited=[129, 130, 127, 128, 131, 132], S_visited=Int64[],
    (1, ([121, 53, 113, 27, 43, 87, 103, 35, 95, 59, 119, 26, 86, 55, 115, 52, 112, 40, 100, 57, 117, 133, 127], [58.553269187810486], [22]))
    (2, ([122, 24, 48, 108, 84, 30, 90, 60, 54, 120, 47, 114, 107, 39, 99, 13, 73, 31, 91, 133, 128], [35.23875738172958], [20]))
    (3, ([123, 46, 106, 51, 41, 101, 111, 28, 44, 104, 88, 5, 65, 56, 116, 10, 70, 8, 68, 133, 129], [39.65226235373262], [20]))
    (4, ([124, 23, 83, 37, 97, 17, 77, 21, 14, 74, 81, 133, 130], [12.904127190352197], [12]))
    (5, ([125, 2, 62, 33, 93, 6, 66, 34, 16, 94, 76, 15, 75, 18, 78, 58, 118, 12, 72, 36, 7, 96, 9, 67, 69, 133, 131], [108.86603010228626], [26]))
    (6, ([126, 19, 79, 32, 92, 3, 63, 50, 110, 45, 105, 134, 42, 102, 4, 64, 22, 82, 1, 61, 134, 29, 11, 89, 71, 38, 49, 98, 109, 25, 85, 20, 80, 133, 132], [76.1441195238332, 56.201560117639815, 7.16219694761567], [12, 21, 34])))

T best obj: 697.7684893289179
T best iteration: 25827
T total iterations: 30000
T best time [s]: 10.814
T total time [s]: 12.4130
