EADARP version ecec-dirty
ARGS: --ifile=EADARP/instances/random/r6-60-00000.txt  --gamma=0.7 --only_single_s_visits=false --odir=EADARP/solutions/random/r6-60-00000 --oname=run51
Settings:
--alns_gamma=0.025
--alns_segment_size=100
--alns_sigma1=10
--alns_sigma2=9
--alns_sigma3=3
--at_most_one_s=false
--gamma=0.7
--ifile=EADARP/instances/random/r6-60-00000.txt
--infeasible_arcs=EADARP/infeasible_arcs
--insert_charging_otf=true
--insert_cost_noise=0.014
--lns_init_temp_factor=0.0
--lns_temp_dec_factor=0.99
--log_all_sols_fname=
--mh_checkit=false
--mh_lfreq=0
--mh_lnewinc=true
--mh_tciter=-1
--mh_tctime=-1.0
--mh_titer=30000
--mh_tobj=-1.0
--mh_ttime=-1.0
--odir=EADARP/solutions/random/r6-60-00000
--ofile=
--oname=run51
--only_single_s_visits=false
--prepthreshold=0.1
--repair_max_routes=0
--route_based_ops=0
--seed=641747075
--tightened_windows=EADARP/tightened_windows
--use_milp_in_otf=0
--xcheck_isfeasible=false

EADARPInstance(EADARP/instances/random/r6-60-00000.txt, n=60, n_K=6, S=[133, 134, 135], Q=14.85, n_F=6, γ=0.7, T_plan=720.0, F=[127, 128, 129, 130, 131, 132])

Percentage of arcs removed: 72.34019204389574%
Minimum Degree: 9
T preprocessing time [s]: 1.581
I       iter             best          obj_old          obj_new        time              method info
I          1        794.50577     100060.00000        794.50577      0.0640                 con 
I          5        790.68504        794.50577        790.68504      0.1060         drrr_15+rrg 
I          6        782.11021        790.68504        782.11021      0.1100         drrr_15+rrg 
I          7        781.19428        782.11021        781.19428      0.1120        drrr_15+rrri 
I         10        766.06492        781.19428        766.06492      0.1300        drrr_15+rroi 
I         11        763.05904        766.06492        763.05904      0.1330        drrr_15+rrri 
I         12        760.34272        763.05904        760.34272      0.1340         drrr_15+rrg 
I         16        750.81631        760.34272        750.81631      0.1500        drrr_15+rrri 
I         23        749.79768        750.81631        749.79768      0.1750        drrr_15+rrri 
I         27        745.40773        749.79768        745.40773      0.1790         drrr_15+rrg 
I         32        744.40358        745.40773        744.40358      0.1830        drrr_15+rroi 
I         37        741.40154        744.40358        741.40154      0.2020        drrr_15+rroi 
I         38        735.86029        741.40154        735.86029      0.2040        drrr_15+rroi 
I         39        734.91893        735.86029        734.91893      0.2060         drrr_15+rrg 
I         61        734.33453        734.91893        734.33453      0.2450         drrr_15+rrg 
I         65        730.09549        734.33453        730.09549      0.2550        drrr_15+rroi 
I         69        729.11113        730.09549        729.11113      0.2720        drrr_15+rrri 
I         70        722.14990        729.11113        722.14990      0.2730         drrr_15+rrg 
I         76        720.57786        722.14990        720.57786      0.2860         drrr_15+rrg 
I        120        720.48977        720.57786        720.48977      0.3590        drrr_15+rrri 
I        121        717.50203        720.48977        717.50203      0.3600         drrr_15+rrg 
I        138        716.47811        717.50203        716.47811      0.3710        drrr_15+rrri 
I        148        714.09326        716.47811        714.09326      0.3750        drrr_15+rroi 
I        279        713.26454        714.09326        713.26454      0.4490        drrr_15+rroi 
I        288        712.24062        713.26454        712.24062      0.4530        drrr_15+rroi 
I       3921        711.37870        712.24062        711.37870      2.2290         drrr_15+rrg 
I       3945        711.12491        711.37870        711.12491      2.2380         drrr_15+rrg 
I       4025        710.00428        711.12491        710.00428      2.2710        drrr_15+rroi 
I       4038        709.98537        710.00428        709.98537      2.2780         drrr_15+rrg 
I       5624        708.84680        709.98537        708.84680      3.0260        drrr_15+rrri 
I       5632        708.48905        708.84680        708.48905      3.0390         drrr_15+rrg 
I       5640        708.23767        708.48905        708.23767      3.0450         drrr_15+rrg 
I      30000        708.23767        708.23767        716.95711     13.4390         drrr_15+rrg 

Method statistics
S  method    iter  succ  succ-rate%  tot-obj-gain  avg-obj-gain  rel-succ%  net-time  net-time%  brut-time  brut-time%
S  con          1     1   100.00000  -99265.49423  -99265.49423    1.58730   0.06400    0.47623    0.06400     0.47623
S  drrr_15  29999    31     0.10334     -86.26810      -0.00288   49.20635   0.38900    2.89456    0.38900     2.89456
S  rrg      10071    14     0.13901     -34.29234      -0.00341   22.22222   6.97000   51.86395    6.97000    51.86395
S  rroi     10136     9     0.08879     -34.27397      -0.00338   14.28571   2.85599   21.25151    2.85599    21.25151
S  rrri      9792     8     0.08170     -17.70179      -0.00181   12.69841   3.07401   22.87383    3.07401    22.87383
S  SUM/AVG  59999    63     0.10500  -99438.03043      -1.65733   20.00000  13.35300   99.36007   13.35300    99.36007

T best solution: EADARPSolution(t_routing=906.56, t_excess=113.27, obj_val=708.238, obj_val_valid=true,
    unserved_requests=Int64[], F_visited=[130, 132, 129, 127, 131, 128], S_visited=Int64[],
    (1, ([121, 2, 62, 33, 93, 6, 66, 34, 94, 28, 44, 104, 88, 5, 65, 56, 116, 37, 97, 36, 1, 61, 96, 7, 67, 47, 107, 135, 31, 91, 133, 127], [92.45629327096992, 49.22558174543112], [28, 31]))
    (2, ([122, 19, 79, 23, 53, 83, 113, 27, 43, 87, 103, 35, 95, 59, 119, 26, 86, 55, 115, 135, 39, 99, 13, 73, 10, 8, 70, 68, 21, 14, 74, 81, 128], [133.62170456170563], [20]))
    (3, ([123, 24, 48, 108, 84, 30, 90, 60, 54, 120, 114, 11, 71, 38, 49, 98, 109, 133, 129], [33.80886837325438], [18]))
    (4, ([124, 130], Float64[], Int64[]))
    (5, ([125, 46, 106, 51, 41, 101, 111, 16, 76, 15, 75, 18, 78, 58, 118, 12, 72, 52, 112, 40, 100, 57, 117, 133, 131], [69.72827371081848], [24]))
    (6, ([126, 32, 92, 3, 63, 50, 110, 45, 105, 42, 102, 4, 64, 22, 82, 9, 69, 134, 29, 89, 17, 77, 25, 85, 20, 80, 133, 132], [66.94844521264486, 55.770978361940045], [18, 27])))

T best obj: 708.2376735961097
T best iteration: 5640
T total iterations: 30000
T best time [s]: 3.045
T total time [s]: 13.4390
