EADARP version ecec-dirty
ARGS: --ifile=EADARP/instances/random/r6-60-00000.txt  --gamma=0.7 --only_single_s_visits=false --odir=EADARP/solutions/random/r6-60-00000 --oname=run54
Settings:
--alns_gamma=0.025
--alns_segment_size=100
--alns_sigma1=10
--alns_sigma2=9
--alns_sigma3=3
--at_most_one_s=false
--gamma=0.7
--ifile=EADARP/instances/random/r6-60-00000.txt
--infeasible_arcs=EADARP/infeasible_arcs
--insert_charging_otf=true
--insert_cost_noise=0.014
--lns_init_temp_factor=0.0
--lns_temp_dec_factor=0.99
--log_all_sols_fname=
--mh_checkit=false
--mh_lfreq=0
--mh_lnewinc=true
--mh_tciter=-1
--mh_tctime=-1.0
--mh_titer=30000
--mh_tobj=-1.0
--mh_ttime=-1.0
--odir=EADARP/solutions/random/r6-60-00000
--ofile=
--oname=run54
--only_single_s_visits=false
--prepthreshold=0.1
--repair_max_routes=0
--route_based_ops=0
--seed=1776933909
--tightened_windows=EADARP/tightened_windows
--use_milp_in_otf=0
--xcheck_isfeasible=false

EADARPInstance(EADARP/instances/random/r6-60-00000.txt, n=60, n_K=6, S=[133, 134, 135], Q=14.85, n_F=6, γ=0.7, T_plan=720.0, F=[127, 128, 129, 130, 131, 132])

Percentage of arcs removed: 72.34019204389574%
Minimum Degree: 9
T preprocessing time [s]: 1.592
I       iter             best          obj_old          obj_new        time              method info
I          1        804.02524     100060.00000        804.02524      0.0610                 con 
I          3        792.42472        804.02524        792.42472      0.0780        drrr_15+rroi 
I          6        776.69365        792.42472        776.69365      0.0970         drrr_15+rrg 
I          9        771.72260        776.69365        771.72260      0.1100         drrr_15+rrg 
I         15        771.03656        771.72260        771.03656      0.1420        drrr_15+rroi 
I         16        765.14653        771.03656        765.14653      0.1420         drrr_15+rrg 
I         18        762.23840        765.14653        762.23840      0.1480        drrr_15+rrri 
I         21        756.91606        762.23840        756.91606      0.1610        drrr_15+rrri 
I         24        748.96340        756.91606        748.96340      0.1730        drrr_15+rroi 
I         26        748.51358        748.96340        748.51358      0.1800        drrr_15+rrri 
I         30        743.56850        748.51358        743.56850      0.1870        drrr_15+rrri 
I         33        736.50024        743.56850        736.50024      0.1910         drrr_15+rrg 
I         38        735.41608        736.50024        735.41608      0.2110         drrr_15+rrg 
I         39        730.26306        735.41608        730.26306      0.2410        drrr_15+rrri 
I         42        729.36865        730.26306        729.36865      0.2420        drrr_15+rrri 
I         58        729.14708        729.36865        729.14708      0.2570        drrr_15+rrri 
I         81        729.10885        729.14708        729.10885      0.2840        drrr_15+rroi 
I         85        725.00849        729.10885        725.00849      0.2870         drrr_15+rrg 
I         87        723.84850        725.00849        723.84850      0.2900        drrr_15+rrri 
I         97        723.76040        723.84850        723.76040      0.3070        drrr_15+rroi 
I        103        721.63162        723.76040        721.63162      0.3100        drrr_15+rrri 
I        104        721.38025        721.63162        721.38025      0.3100        drrr_15+rroi 
I        106        721.11157        721.38025        721.11157      0.3130        drrr_15+rroi 
I        108        720.35471        721.11157        720.35471      0.3140        drrr_15+rroi 
I        109        718.24899        720.35471        718.24899      0.3140        drrr_15+rroi 
I        142        716.64096        718.24899        716.64096      0.3480        drrr_15+rrri 
I        149        716.41228        716.64096        716.41228      0.3540         drrr_15+rrg 
I        154        715.73460        716.41228        715.73460      0.3550        drrr_15+rrri 
I        159        715.64651        715.73460        715.64651      0.3590        drrr_15+rrri 
I        161        711.13287        715.64651        711.13287      0.3610         drrr_15+rrg 
I        197        711.08112        711.13287        711.08112      0.3820         drrr_15+rrg 
I        218        708.92848        711.08112        708.92848      0.3940        drrr_15+rrri 
I        329        708.08553        708.92848        708.08553      0.4720        drrr_15+rrri 
I        349        707.99743        708.08553        707.99743      0.4950        drrr_15+rroi 
I        421        706.79293        707.99743        706.79293      0.5340        drrr_15+rroi 
I        941        703.84827        706.79293        703.84827      0.7790         drrr_15+rrg 
I        965        703.43344        703.84827        703.43344      0.7910         drrr_15+rrg 
I       1009        702.36466        703.43344        702.36466      0.8070        drrr_15+rroi 
I       1094        700.94379        702.36466        700.94379      0.8490        drrr_15+rroi 
I       1099        700.76578        700.94379        700.76578      0.8540        drrr_15+rrri 
I       1105        700.53453        700.76578        700.53453      0.8550        drrr_15+rroi 
I       1182        700.44643        700.53453        700.44643      0.8880        drrr_15+rrri 
I       1311        699.72403        700.44643        699.72403      0.9520        drrr_15+rroi 
I       8812        699.53422        699.72403        699.53422      4.0560        drrr_15+rrri 
I       9387        699.47688        699.53422        699.47688      4.2820         drrr_15+rrg 
I       9557        697.08199        699.47688        697.08199      4.3600         drrr_15+rrg 
I       9803        696.72159        697.08199        696.72159      4.4540        drrr_15+rrri 
I      30000        696.72159        696.72159        708.95858     12.4470         drrr_15+rrg 

Method statistics
S  method    iter  succ  succ-rate%  tot-obj-gain  avg-obj-gain  rel-succ%  net-time  net-time%  brut-time  brut-time%
S  con          1     1   100.00000  -99255.97476  -99255.97476    1.07527   0.06100    0.49004    0.06100     0.49004
S  drrr_15  29999    46     0.15334    -107.30365      -0.00358   49.46237   0.39400    3.16516    0.39400     3.16516
S  rrg       9914    13     0.13113     -49.45072      -0.00499   13.97849   6.35100   51.02025    6.35100    51.02025
S  rroi      9965    15     0.15053     -28.48406      -0.00286   16.12903   2.59800   20.87082    2.59800    20.87082
S  rrri     10120    18     0.17787     -29.36886      -0.00290   19.35484   2.93500   23.57809    2.93500    23.57809
S  SUM/AVG  59999    93     0.15500  -99470.58206      -1.65787   20.00000  12.33900   99.12435   12.33900    99.12435

T best solution: EADARPSolution(t_routing=892.417, t_excess=109.634, obj_val=696.722, obj_val_valid=true,
    unserved_requests=Int64[], F_visited=[131, 128, 127, 130, 132, 129], S_visited=Int64[],
    (1, ([121, 2, 62, 33, 93, 6, 66, 34, 94, 18, 78, 58, 118, 135, 40, 100, 29, 89, 17, 77, 10, 70, 8, 68, 21, 81, 133, 127], [97.17843393440317, 20.689328415329538], [14, 27]))
    (2, ([122, 24, 48, 108, 84, 16, 76, 15, 75, 12, 72, 11, 71, 38, 49, 98, 109, 25, 85, 20, 80, 133, 128], [52.38579679737708], [22]))
    (3, ([123, 19, 79, 32, 92, 3, 63, 50, 110, 45, 105, 5, 65, 56, 116, 37, 97, 36, 7, 96, 9, 67, 69, 57, 117, 133, 129], [99.97290596742637], [26]))
    (4, ([124, 23, 41, 83, 101, 30, 90, 35, 95, 59, 119, 26, 86, 55, 115, 52, 112, 31, 91, 133, 130], [63.819408296851634], [20]))
    (5, ([125, 46, 106, 51, 111, 28, 44, 104, 88, 42, 102, 4, 64, 22, 82, 1, 61, 133, 131], [33.67278903958396], [18]))
    (6, ([126, 53, 113, 27, 43, 87, 103, 60, 54, 120, 47, 114, 107, 39, 99, 13, 73, 14, 74, 133, 132], [38.69878482522289], [20])))

T best obj: 696.7215897187629
T best iteration: 9803
T total iterations: 30000
T best time [s]: 4.454
T total time [s]: 12.4480
