EADARP version ecec-dirty
ARGS: --ifile=EADARP/instances/random/r6-60-00000.txt  --gamma=0.7 --only_single_s_visits=false --odir=EADARP/solutions/random/r6-60-00000 --oname=run60
Settings:
--alns_gamma=0.025
--alns_segment_size=100
--alns_sigma1=10
--alns_sigma2=9
--alns_sigma3=3
--at_most_one_s=false
--gamma=0.7
--ifile=EADARP/instances/random/r6-60-00000.txt
--infeasible_arcs=EADARP/infeasible_arcs
--insert_charging_otf=true
--insert_cost_noise=0.014
--lns_init_temp_factor=0.0
--lns_temp_dec_factor=0.99
--log_all_sols_fname=
--mh_checkit=false
--mh_lfreq=0
--mh_lnewinc=true
--mh_tciter=-1
--mh_tctime=-1.0
--mh_titer=30000
--mh_tobj=-1.0
--mh_ttime=-1.0
--odir=EADARP/solutions/random/r6-60-00000
--ofile=
--oname=run60
--only_single_s_visits=false
--prepthreshold=0.1
--repair_max_routes=0
--route_based_ops=0
--seed=1890094165
--tightened_windows=EADARP/tightened_windows
--use_milp_in_otf=0
--xcheck_isfeasible=false

EADARPInstance(EADARP/instances/random/r6-60-00000.txt, n=60, n_K=6, S=[133, 134, 135], Q=14.85, n_F=6, γ=0.7, T_plan=720.0, F=[127, 128, 129, 130, 131, 132])

Percentage of arcs removed: 72.34019204389574%
Minimum Degree: 9
T preprocessing time [s]: 1.579
I       iter             best          obj_old          obj_new        time              method info
I          1        803.15293     100060.00000        803.15293      0.0580                 con 
I          3        792.55605        803.15293        792.55605      0.0730         drrr_15+rrg 
I          4        789.54578        792.55605        789.54578      0.0730        drrr_15+rroi 
I          5        788.88440        789.54578        788.88440      0.0730         drrr_15+rrg 
I          7        781.66478        788.88440        781.66478      0.1010         drrr_15+rrg 
I          8        776.98288        781.66478        776.98288      0.1010         drrr_15+rrg 
I          9        765.00832        776.98288        765.00832      0.1170        drrr_15+rroi 
I         10        764.86115        765.00832        764.86115      0.1320         drrr_15+rrg 
I         11        764.03366        764.86115        764.03366      0.1320        drrr_15+rroi 
I         13        758.99953        764.03366        758.99953      0.1480        drrr_15+rroi 
I         17        753.94982        758.99953        753.94982      0.1680         drrr_15+rrg 
I         18        751.99054        753.94982        751.99054      0.1680         drrr_15+rrg 
I         21        747.58295        751.99054        747.58295      0.1830        drrr_15+rroi 
I         23        746.36474        747.58295        746.36474      0.1830         drrr_15+rrg 
I         24        742.00058        746.36474        742.00058      0.1830         drrr_15+rrg 
I         25        738.46891        742.00058        738.46891      0.2300         drrr_15+rrg 
I         26        737.36940        738.46891        737.36940      0.2300        drrr_15+rroi 
I         28        735.84903        737.36940        735.84903      0.2460        drrr_15+rrri 
I         30        735.63061        735.84903        735.63061      0.2460         drrr_15+rrg 
I         33        730.76350        735.63061        730.76350      0.2600         drrr_15+rrg 
I         40        729.02627        730.76350        729.02627      0.2680        drrr_15+rroi 
I         43        728.79591        729.02627        728.79591      0.2830         drrr_15+rrg 
I         53        727.60603        728.79591        727.60603      0.3090        drrr_15+rrri 
I         55        727.42233        727.60603        727.42233      0.3090        drrr_15+rrri 
I         59        725.39665        727.42233        725.39665      0.3090         drrr_15+rrg 
I         71        725.28518        725.39665        725.28518      0.3250        drrr_15+rroi 
I         80        725.07819        725.28518        725.07819      0.3580        drrr_15+rrri 
I         83        724.99010        725.07819        724.99010      0.3580        drrr_15+rrri 
I        102        722.55069        724.99010        722.55069      0.3740        drrr_15+rroi 
I        124        720.49467        722.55069        720.49467      0.3740         drrr_15+rrg 
I        126        718.56534        720.49467        718.56534      0.3740        drrr_15+rrri 
I        127        718.45418        718.56534        718.45418      0.3930         drrr_15+rrg 
I        130        713.57646        718.45418        713.57646      0.3930         drrr_15+rrg 
I        141        711.59726        713.57646        711.59726      0.3930        drrr_15+rrri 
I        158        709.39850        711.59726        709.39850      0.4400        drrr_15+rroi 
I        160        709.13240        709.39850        709.13240      0.4400         drrr_15+rrg 
I        635        708.48831        709.13240        708.48831      0.6780        drrr_15+rrri 
I        651        706.60994        708.48831        706.60994      0.6850        drrr_15+rrri 
I      30000        706.60994        706.60994        710.63201     12.7830        drrr_15+rroi 

Method statistics
S  method    iter  succ  succ-rate%  tot-obj-gain  avg-obj-gain  rel-succ%  net-time  net-time%  brut-time  brut-time%
S  con          1     1   100.00000  -99256.84707  -99256.84707    1.33333   0.05800    0.45373    0.05800     0.45373
S  drrr_15  29999    37     0.12334     -96.54299      -0.00322   49.33333   0.36300    2.83971    0.36300     2.83971
S  rrg      10045    18     0.17919     -54.08257      -0.00538   24.00000   6.77200   52.97659    6.77200    52.97659
S  rroi      9823    10     0.10180     -32.84040      -0.00334   13.33333   2.70100   21.12964    2.70100    21.12964
S  rrri     10131     9     0.08884      -9.62002      -0.00095   12.00000   2.78700   21.80240    2.78700    21.80240
S  SUM/AVG  59999    75     0.12500  -99449.93306      -1.65753   20.00000  12.68100   99.20206   12.68100    99.20206

T best solution: EADARPSolution(t_routing=893.113, t_excess=147.1, obj_val=706.61, obj_val_valid=true,
    unserved_requests=Int64[], F_visited=[129, 128, 130, 131, 127, 132], S_visited=Int64[],
    (1, ([121, 24, 48, 108, 84, 30, 90, 60, 54, 120, 47, 114, 107, 39, 99, 13, 73, 31, 91, 133, 127], [35.23875738172958], [20]))
    (2, ([122, 2, 62, 26, 86, 55, 115, 11, 71, 17, 77, 25, 85, 20, 80, 133, 128], [50.367478515861464], [16]))
    (3, ([123, 53, 113, 27, 43, 87, 103, 35, 95, 59, 119, 7, 1, 61, 67, 133, 10, 8, 70, 68, 21, 14, 74, 81, 129], [57.22556595179577], [16]))
    (4, ([124, 19, 79, 32, 92, 3, 63, 33, 93, 6, 66, 34, 16, 94, 76, 15, 75, 18, 78, 58, 118, 12, 72, 52, 112, 40, 100, 57, 117, 133, 130], [112.34392641587777], [30]))
    (5, ([125, 23, 83, 50, 110, 45, 105, 42, 102, 4, 64, 22, 36, 82, 96, 9, 69, 133, 131], [62.99698209134238], [18]))
    (6, ([126, 46, 106, 51, 41, 101, 111, 28, 44, 104, 88, 5, 65, 56, 116, 37, 97, 29, 89, 38, 49, 98, 109, 133, 132], [88.94048451690493], [24])))

T best obj: 706.6099353516845
T best iteration: 651
T total iterations: 30000
T best time [s]: 0.685
T total time [s]: 12.7830
