EADARP version ecec-dirty
ARGS: --ifile=EADARP/instances/random/r6-60-00000.txt  --gamma=0.7 --only_single_s_visits=false --odir=EADARP/solutions/random/r6-60-00000 --oname=run67
Settings:
--alns_gamma=0.025
--alns_segment_size=100
--alns_sigma1=10
--alns_sigma2=9
--alns_sigma3=3
--at_most_one_s=false
--gamma=0.7
--ifile=EADARP/instances/random/r6-60-00000.txt
--infeasible_arcs=EADARP/infeasible_arcs
--insert_charging_otf=true
--insert_cost_noise=0.014
--lns_init_temp_factor=0.0
--lns_temp_dec_factor=0.99
--log_all_sols_fname=
--mh_checkit=false
--mh_lfreq=0
--mh_lnewinc=true
--mh_tciter=-1
--mh_tctime=-1.0
--mh_titer=30000
--mh_tobj=-1.0
--mh_ttime=-1.0
--odir=EADARP/solutions/random/r6-60-00000
--ofile=
--oname=run67
--only_single_s_visits=false
--prepthreshold=0.1
--repair_max_routes=0
--route_based_ops=0
--seed=180645261
--tightened_windows=EADARP/tightened_windows
--use_milp_in_otf=0
--xcheck_isfeasible=false

EADARPInstance(EADARP/instances/random/r6-60-00000.txt, n=60, n_K=6, S=[133, 134, 135], Q=14.85, n_F=6, γ=0.7, T_plan=720.0, F=[127, 128, 129, 130, 131, 132])

Percentage of arcs removed: 72.34019204389574%
Minimum Degree: 9
T preprocessing time [s]: 1.838
I       iter             best          obj_old          obj_new        time              method info
I          1        822.56618     100060.00000        822.56618      0.0750                 con 
I          2        801.62419        822.56618        801.62419      0.1000        drrr_15+rroi 
I          4        790.77245        801.62419        790.77245      0.1120        drrr_15+rroi 
I          7        775.89914        790.77245        775.89914      0.1290        drrr_15+rroi 
I          9        764.07207        775.89914        764.07207      0.1420        drrr_15+rroi 
I         13        756.45975        764.07207        756.45975      0.1540         drrr_15+rrg 
I         15        747.26389        756.45975        747.26389      0.1540        drrr_15+rroi 
I         19        745.85297        747.26389        745.85297      0.1750        drrr_15+rrri 
I         20        739.91106        745.85297        739.91106      0.1790        drrr_15+rroi 
I         21        737.52906        739.91106        737.52906      0.1800        drrr_15+rroi 
I         22        736.68880        737.52906        736.68880      0.1800        drrr_15+rrri 
I         24        735.13685        736.68880        735.13685      0.1880        drrr_15+rroi 
I         26        734.13441        735.13685        734.13441      0.1980         drrr_15+rrg 
I         27        733.29296        734.13441        733.29296      0.2000         drrr_15+rrg 
I         29        730.71731        733.29296        730.71731      0.2000        drrr_15+rroi 
I         31        729.51956        730.71731        729.51956      0.2080         drrr_15+rrg 
I         32        729.12645        729.51956        729.12645      0.2080        drrr_15+rrri 
I         37        728.65336        729.12645        728.65336      0.2250         drrr_15+rrg 
I         38        726.84690        728.65336        726.84690      0.2250         drrr_15+rrg 
I         42        726.71950        726.84690        726.71950      0.2330         drrr_15+rrg 
I         45        726.33608        726.71950        726.33608      0.2380        drrr_15+rrri 
I         51        723.48236        726.33608        723.48236      0.2500        drrr_15+rroi 
I         64        723.44620        723.48236        723.44620      0.2620         drrr_15+rrg 
I         69        722.07097        723.44620        722.07097      0.2700        drrr_15+rrri 
I         74        721.86398        722.07097        721.86398      0.2750         drrr_15+rrg 
I         76        720.69406        721.86398        720.69406      0.2780         drrr_15+rrg 
I        112        719.42539        720.69406        719.42539      0.3150        drrr_15+rrri 
I        113        717.59166        719.42539        717.59166      0.3150         drrr_15+rrg 
I        150        717.57275        717.59166        717.57275      0.3780        drrr_15+rroi 
I        330        716.87162        717.57275        716.87162      0.5250        drrr_15+rrri 
I        687        713.65233        716.87162        713.65233      0.7300        drrr_15+rroi 
I        693        713.40096        713.65233        713.40096      0.7300         drrr_15+rrg 
I        697        711.52367        713.40096        711.52367      0.7340         drrr_15+rrg 
I       1395        710.90870        711.52367        710.90870      1.1780        drrr_15+rrri 
I       7682        709.38602        710.90870        709.38602      4.6350        drrr_15+rroi 
I       7695        709.06756        709.38602        709.06756      4.6400        drrr_15+rrri 
I       7703        707.73293        709.06756        707.73293      4.6430        drrr_15+rrri 
I       7710        707.48155        707.73293        707.48155      4.6460        drrr_15+rroi 
I       7723        704.56167        707.48155        704.56167      4.6510         drrr_15+rrg 
I       7757        704.52602        704.56167        704.52602      4.6680        drrr_15+rroi 
I       7763        704.49244        704.52602        704.49244      4.6720        drrr_15+rroi 
I       7806        704.47354        704.49244        704.47354      4.6940        drrr_15+rroi 
I      30000        704.47354        704.47354        752.36098     14.7210        drrr_15+rroi 

Method statistics
S  method    iter  succ  succ-rate%  tot-obj-gain  avg-obj-gain  rel-succ%  net-time  net-time%  brut-time  brut-time%
S  con          1     1   100.00000  -99237.43382  -99237.43382    1.20482   0.07500    0.50948    0.07500     0.50948
S  drrr_15  29999    41     0.13667    -118.09264      -0.00394   49.39759   0.42900    2.91419    0.42900     2.91419
S  rrg      10035    14     0.13951     -21.35626      -0.00213   16.86747   7.66700   52.08208    7.66700    52.08208
S  rroi      9950    17     0.17085     -88.09560      -0.00885   20.48193   2.95600   20.08016    2.95600    20.08016
S  rrri     10014    10     0.09986      -8.64079      -0.00086   12.04819   3.44300   23.38834    3.44300    23.38834
S  SUM/AVG  59999    83     0.13834  -99473.61911      -1.65792   20.00000  14.57000   98.97426   14.57000    98.97426

T best solution: EADARPSolution(t_routing=900.374, t_excess=116.771, obj_val=704.474, obj_val_valid=true,
    unserved_requests=Int64[], F_visited=[132, 127, 131, 128, 129, 130], S_visited=Int64[],
    (1, ([121, 53, 113, 27, 43, 87, 103, 35, 95, 59, 119, 7, 1, 61, 67, 133, 127], [4.996336116292387], [16]))
    (2, ([122, 19, 79, 32, 92, 3, 63, 6, 66, 34, 94, 28, 44, 104, 88, 5, 65, 56, 116, 36, 22, 82, 96, 9, 69, 57, 117, 133, 128], [106.8336185949586], [28]))
    (3, ([123, 24, 48, 108, 84, 30, 90, 26, 86, 55, 115, 52, 112, 135, 39, 99, 13, 73, 10, 70, 20, 80, 129], [68.18048987609087], [14]))
    (4, ([124, 23, 83, 37, 97, 60, 54, 120, 47, 114, 107, 31, 91, 133, 130], [22.28433611219064], [14]))
    (5, ([125, 46, 106, 51, 41, 101, 111, 16, 76, 15, 75, 18, 78, 58, 118, 135, 40, 100, 134, 29, 89, 17, 77, 25, 85, 8, 68, 21, 14, 74, 81, 133, 131], [98.39685619320451, 7.077465205499198, 22.23599672265516], [16, 19, 32]))
    (6, ([126, 2, 62, 33, 93, 50, 110, 45, 105, 42, 102, 4, 64, 12, 72, 11, 71, 38, 49, 98, 109, 133, 132], [84.36915440364224], [22])))

T best obj: 704.4735372768489
T best iteration: 7806
T total iterations: 30000
T best time [s]: 4.694
T total time [s]: 14.7210
