EADARP version ecec-dirty
ARGS: --ifile=EADARP/instances/random/r6-60-00000.txt  --gamma=0.7 --only_single_s_visits=false --odir=EADARP/solutions/random/r6-60-00000 --oname=run9
Settings:
--alns_gamma=0.025
--alns_segment_size=100
--alns_sigma1=10
--alns_sigma2=9
--alns_sigma3=3
--at_most_one_s=false
--gamma=0.7
--ifile=EADARP/instances/random/r6-60-00000.txt
--infeasible_arcs=EADARP/infeasible_arcs
--insert_charging_otf=true
--insert_cost_noise=0.014
--lns_init_temp_factor=0.0
--lns_temp_dec_factor=0.99
--log_all_sols_fname=
--mh_checkit=false
--mh_lfreq=0
--mh_lnewinc=true
--mh_tciter=-1
--mh_tctime=-1.0
--mh_titer=30000
--mh_tobj=-1.0
--mh_ttime=-1.0
--odir=EADARP/solutions/random/r6-60-00000
--ofile=
--oname=run9
--only_single_s_visits=false
--prepthreshold=0.1
--repair_max_routes=0
--route_based_ops=0
--seed=2143073371
--tightened_windows=EADARP/tightened_windows
--use_milp_in_otf=0
--xcheck_isfeasible=false

EADARPInstance(EADARP/instances/random/r6-60-00000.txt, n=60, n_K=6, S=[133, 134, 135], Q=14.85, n_F=6, γ=0.7, T_plan=720.0, F=[127, 128, 129, 130, 131, 132])

Percentage of arcs removed: 72.34019204389574%
Minimum Degree: 9
T preprocessing time [s]: 1.626
I       iter             best          obj_old          obj_new        time              method info
I          1        797.19669     100060.00000        797.19669      0.0740                 con 
I          4        796.16121        797.19669        796.16121      0.0900        drrr_15+rroi 
I          5        783.72035        796.16121        783.72035      0.1060        drrr_15+rroi 
I          6        777.07893        783.72035        777.07893      0.1060        drrr_15+rroi 
I          8        771.78034        777.07893        771.78034      0.1250        drrr_15+rroi 
I          9        764.73708        771.78034        764.73708      0.1250        drrr_15+rrri 
I         10        763.58220        764.73708        763.58220      0.1420        drrr_15+rroi 
I         11        762.56958        763.58220        762.56958      0.1420        drrr_15+rrri 
I         15        760.92882        762.56958        760.92882      0.1420         drrr_15+rrg 
I         17        760.28604        760.92882        760.28604      0.1730        drrr_15+rroi 
I         19        760.01937        760.28604        760.01937      0.1730        drrr_15+rrri 
I         23        753.36472        760.01937        753.36472      0.1890         drrr_15+rrg 
I         25        752.61914        753.36472        752.61914      0.1890        drrr_15+rroi 
I         32        750.90852        752.61914        750.90852      0.2040        drrr_15+rrri 
I         33        745.53736        750.90852        745.53736      0.2040         drrr_15+rrg 
I         38        744.10674        745.53736        744.10674      0.2090         drrr_15+rrg 
I         39        739.53102        744.10674        739.53102      0.2090        drrr_15+rrri 
I         42        738.36299        739.53102        738.36299      0.2200        drrr_15+rroi 
I         44        726.28462        738.36299        726.28462      0.2200        drrr_15+rroi 
I         51        722.44999        726.28462        722.44999      0.2200         drrr_15+rrg 
I         59        721.92883        722.44999        721.92883      0.2510        drrr_15+rroi 
I         67        721.58491        721.92883        721.58491      0.2580        drrr_15+rrri 
I         78        721.33354        721.58491        721.33354      0.2580         drrr_15+rrg 
I         89        718.56537        721.33354        718.56537      0.2770         drrr_15+rrg 
I         90        717.40379        718.56537        717.40379      0.2770        drrr_15+rrri 
I        100        716.19506        717.40379        716.19506      0.2910         drrr_15+rrg 
I        191        716.10233        716.19506        716.10233      0.3670        drrr_15+rrri 
I        238        714.24969        716.10233        714.24969      0.3990        drrr_15+rrri 
I        328        712.17856        714.24969        712.17856      0.4770        drrr_15+rrri 
I        532        711.96881        712.17856        711.96881      0.5960         drrr_15+rrg 
I        575        710.65118        711.96881        710.65118      0.6280        drrr_15+rroi 
I        735        710.63228        710.65118        710.63228      0.7010        drrr_15+rroi 
I        842        707.27325        710.63228        707.27325      0.7610        drrr_15+rrri 
I        931        706.59523        707.27325        706.59523      0.8000        drrr_15+rrri 
I        948        705.47409        706.59523        705.47409      0.8340        drrr_15+rroi 
I        968        705.20799        705.47409        705.20799      0.8500        drrr_15+rrri 
I       1109        705.18908        705.20799        705.18908      0.9080        drrr_15+rroi 
I       1110        704.30255        705.18908        704.30255      0.9080        drrr_15+rrri 
I      30000        704.30255        704.30255        728.93338     12.5010        drrr_15+rroi 

Method statistics
S  method    iter  succ  succ-rate%  tot-obj-gain  avg-obj-gain  rel-succ%  net-time  net-time%  brut-time  brut-time%
S  con          1     1   100.00000  -99262.80331  -99262.80331    1.33333   0.07400    0.59195    0.07400     0.59195
S  drrr_15  29999    37     0.12334     -92.89414      -0.00310   49.33333   0.42100    3.36774    0.42100     3.36774
S  rrg       9989     9     0.09010     -23.36983      -0.00234   12.00000   6.33000   50.63595    6.33000    50.63595
S  rroi     10040    14     0.13944     -44.20373      -0.00440   18.66667   2.62600   21.00631    2.62600    21.00631
S  rrri      9970    14     0.14042     -25.32058      -0.00254   18.66667   2.95900   23.67010    2.95900    23.67010
S  SUM/AVG  59999    75     0.12500  -99448.59159      -1.65750   20.00000  12.41000   99.27206   12.41000    99.27206

T best solution: EADARPSolution(t_routing=891.819, t_excess=141.755, obj_val=704.303, obj_val_valid=true,
    unserved_requests=Int64[], F_visited=[130, 129, 128, 131, 127, 132], S_visited=Int64[],
    (1, ([121, 46, 106, 51, 111, 28, 44, 104, 88, 5, 65, 56, 116, 37, 97, 1, 61, 134, 29, 11, 89, 71, 17, 77, 25, 85, 20, 80, 133, 127], [71.22136675617043, 43.3721502452618], [18, 29]))
    (2, ([122, 53, 113, 27, 43, 87, 103, 35, 95, 59, 119, 42, 102, 4, 64, 22, 82, 9, 69, 133, 128], [47.37760923941666], [20]))
    (3, ([123, 19, 79, 32, 92, 3, 63, 50, 110, 45, 105, 26, 86, 55, 115, 52, 112, 135, 39, 99, 13, 73, 10, 70, 8, 68, 129], [95.62586380138795], [18]))
    (4, ([124, 23, 41, 83, 101, 30, 90, 60, 54, 120, 47, 114, 107, 31, 91, 133, 130], [33.11473976718269], [16]))
    (5, ([125, 24, 48, 108, 84, 16, 76, 15, 75, 12, 72, 36, 7, 96, 67, 133, 131], [25.40681714500886], [16]))
    (6, ([126, 2, 62, 33, 93, 6, 66, 34, 94, 18, 78, 58, 118, 135, 40, 100, 57, 38, 49, 117, 98, 109, 21, 14, 74, 81, 132], [89.69997996134221], [14])))

T best obj: 704.3025486579936
T best iteration: 1110
T total iterations: 30000
T best time [s]: 0.908
T total time [s]: 12.5010
