EADARP version ecec-dirty
ARGS: --ifile=EADARP/instances/random/r6-60-00000.txt  --gamma=0.7 --only_single_s_visits=false --odir=EADARP/solutions/random/r6-60-00000 --oname=run95
Settings:
--alns_gamma=0.025
--alns_segment_size=100
--alns_sigma1=10
--alns_sigma2=9
--alns_sigma3=3
--at_most_one_s=false
--gamma=0.7
--ifile=EADARP/instances/random/r6-60-00000.txt
--infeasible_arcs=EADARP/infeasible_arcs
--insert_charging_otf=true
--insert_cost_noise=0.014
--lns_init_temp_factor=0.0
--lns_temp_dec_factor=0.99
--log_all_sols_fname=
--mh_checkit=false
--mh_lfreq=0
--mh_lnewinc=true
--mh_tciter=-1
--mh_tctime=-1.0
--mh_titer=30000
--mh_tobj=-1.0
--mh_ttime=-1.0
--odir=EADARP/solutions/random/r6-60-00000
--ofile=
--oname=run95
--only_single_s_visits=false
--prepthreshold=0.1
--repair_max_routes=0
--route_based_ops=0
--seed=1560668712
--tightened_windows=EADARP/tightened_windows
--use_milp_in_otf=0
--xcheck_isfeasible=false

EADARPInstance(EADARP/instances/random/r6-60-00000.txt, n=60, n_K=6, S=[133, 134, 135], Q=14.85, n_F=6, γ=0.7, T_plan=720.0, F=[127, 128, 129, 130, 131, 132])

Percentage of arcs removed: 72.34019204389574%
Minimum Degree: 9
T preprocessing time [s]: 1.613
I       iter             best          obj_old          obj_new        time              method info
I          1        799.26044     100060.00000        799.26044      0.0850                 con 
I          2        793.98829        799.26044        793.98829      0.0850         drrr_15+rrg 
I          5        777.78712        793.98829        777.78712      0.1000         drrr_15+rrg 
I          8        766.65215        777.78712        766.65215      0.1310        drrr_15+rroi 
I         21        757.78498        766.65215        757.78498      0.1920         drrr_15+rrg 
I         22        755.06491        757.78498        755.06491      0.2080         drrr_15+rrg 
I         26        753.60467        755.06491        753.60467      0.2230         drrr_15+rrg 
I         36        752.71026        753.60467        752.71026      0.2650        drrr_15+rroi 
I         47        737.51747        752.71026        737.51747      0.2850        drrr_15+rrri 
I         49        733.69036        737.51747        733.69036      0.2890        drrr_15+rroi 
I         51        728.35511        733.69036        728.35511      0.2890        drrr_15+rrri 
I         56        725.02072        728.35511        725.02072      0.2970        drrr_15+rroi 
I         61        723.92337        725.02072        723.92337      0.3010        drrr_15+rrri 
I         64        723.68975        723.92337        723.68975      0.3030        drrr_15+rroi 
I         70        723.42364        723.68975        723.42364      0.3150        drrr_15+rrri 
I         77        722.15498        723.42364        722.15498      0.3200         drrr_15+rrg 
I         97        719.80653        722.15498        719.80653      0.3740        drrr_15+rrri 
I        105        717.75054        719.80653        717.75054      0.3820        drrr_15+rroi 
I        115        715.59006        717.75054        715.59006      0.3980         drrr_15+rrg 
I        203        715.03656        715.59006        715.03656      0.4750        drrr_15+rrri 
I        225        714.71811        715.03656        714.71811      0.4860        drrr_15+rrri 
I        276        712.00117        714.71811        712.00117      0.5200         drrr_15+rrg 
I        362        711.93050        712.00117        711.93050      0.5900         drrr_15+rrg 
I        366        711.18992        711.93050        711.18992      0.5940         drrr_15+rrg 
I        369        710.82739        711.18992        710.82739      0.5940        drrr_15+rroi 
I       2590        708.21897        710.82739        708.21897      1.6940        drrr_15+rroi 
I       4612        706.68115        708.21897        706.68115      2.5820         drrr_15+rrg 
I      16889        705.97732        706.68115        705.97732      7.8940        drrr_15+rroi 
I      16912        705.61479        705.97732        705.61479      7.9020        drrr_15+rroi 
I      17276        702.95549        705.61479        702.95549      8.0570         drrr_15+rrg 
I      17278        702.93658        702.95549        702.93658      8.0610         drrr_15+rrg 
I      17311        702.16392        702.93658        702.16392      8.0730        drrr_15+rrri 
I      18480        700.56406        702.16392        700.56406      8.5450         drrr_15+rrg 
I      30000        700.56406        700.56406        721.34893     13.1320        drrr_15+rroi 

Method statistics
S  method    iter  succ  succ-rate%  tot-obj-gain  avg-obj-gain  rel-succ%  net-time  net-time%  brut-time  brut-time%
S  con          1     1   100.00000  -99260.73956  -99260.73956    1.53846   0.08500    0.64727    0.08500     0.64727
S  drrr_15  29999    32     0.10667     -98.69637      -0.00329   49.23077   0.43000    3.27446    0.43000     3.27446
S  rrg      10087    14     0.13879     -47.29401      -0.00469   21.53846   6.62200   50.42644    6.62200    50.42644
S  rroi      9978    10     0.10022     -25.51781      -0.00256   15.38462   2.92200   22.25098    2.92200    22.25098
S  rrri      9934     8     0.08053     -25.88455      -0.00261   12.30769   2.97300   22.63934    2.97300    22.63934
S  SUM/AVG  59999    65     0.10834  -99458.13231      -1.65766   20.00000  13.03200   99.23850   13.03200    99.23850

T best solution: EADARPSolution(t_routing=883.543, t_excess=151.626, obj_val=700.564, obj_val_valid=true,
    unserved_requests=Int64[], F_visited=[130, 129, 127, 131, 128, 132], S_visited=Int64[],
    (1, ([121, 23, 53, 83, 113, 27, 43, 87, 103, 35, 95, 59, 119, 26, 86, 55, 115, 52, 112, 40, 100, 57, 117, 133, 127], [89.26910020196512], [24]))
    (2, ([122, 12, 72, 36, 7, 96, 9, 67, 69, 128], Float64[], Int64[]))
    (3, ([123, 19, 79, 32, 92, 3, 63, 50, 110, 45, 105, 42, 102, 4, 64, 22, 82, 1, 61, 134, 29, 89, 17, 77, 25, 85, 20, 80, 133, 129], [82.35064091470343, 43.06480804045456], [20, 29]))
    (4, ([124, 2, 62, 33, 93, 6, 66, 34, 16, 94, 76, 15, 75, 18, 78, 58, 118, 135, 11, 71, 38, 49, 98, 109, 21, 14, 74, 81, 130], [114.06767969781012], [18]))
    (5, ([125, 46, 106, 51, 41, 101, 111, 28, 44, 104, 88, 5, 65, 56, 116, 37, 97, 10, 70, 8, 68, 133, 131], [54.611041363309134], [22]))
    (6, ([126, 24, 48, 108, 84, 30, 90, 60, 54, 120, 47, 114, 107, 39, 99, 13, 73, 31, 91, 133, 132], [35.23875738172958], [20])))

T best obj: 700.5640626516065
T best iteration: 18480
T total iterations: 30000
T best time [s]: 8.545
T total time [s]: 13.1320
