EADARP version ecec-dirty
ARGS: --ifile=EADARP/instances/random/r6-60-00000.txt  --gamma=0.7 --only_single_s_visits=false --odir=EADARP/solutions/random/r6-60-00000 --oname=run90
Settings:
--alns_gamma=0.025
--alns_segment_size=100
--alns_sigma1=10
--alns_sigma2=9
--alns_sigma3=3
--at_most_one_s=false
--gamma=0.7
--ifile=EADARP/instances/random/r6-60-00000.txt
--infeasible_arcs=EADARP/infeasible_arcs
--insert_charging_otf=true
--insert_cost_noise=0.014
--lns_init_temp_factor=0.0
--lns_temp_dec_factor=0.99
--log_all_sols_fname=
--mh_checkit=false
--mh_lfreq=0
--mh_lnewinc=true
--mh_tciter=-1
--mh_tctime=-1.0
--mh_titer=30000
--mh_tobj=-1.0
--mh_ttime=-1.0
--odir=EADARP/solutions/random/r6-60-00000
--ofile=
--oname=run90
--only_single_s_visits=false
--prepthreshold=0.1
--repair_max_routes=0
--route_based_ops=0
--seed=855577678
--tightened_windows=EADARP/tightened_windows
--use_milp_in_otf=0
--xcheck_isfeasible=false

EADARPInstance(EADARP/instances/random/r6-60-00000.txt, n=60, n_K=6, S=[133, 134, 135], Q=14.85, n_F=6, γ=0.7, T_plan=720.0, F=[127, 128, 129, 130, 131, 132])

Percentage of arcs removed: 72.34019204389574%
Minimum Degree: 9
T preprocessing time [s]: 1.835
I       iter             best          obj_old          obj_new        time              method info
I          1        777.08221     100060.00000        777.08221      0.0750                 con 
I          4        766.97643        777.08221        766.97643      0.1240         drrr_15+rrg 
I          5        764.98472        766.97643        764.98472      0.1240        drrr_15+rroi 
I          7        762.23224        764.98472        762.23224      0.1270         drrr_15+rrg 
I         12        760.23723        762.23224        760.23723      0.1440         drrr_15+rrg 
I         14        755.44731        760.23723        755.44731      0.1490        drrr_15+rroi 
I         17        753.04874        755.44731        753.04874      0.1540         drrr_15+rrg 
I         20        751.28276        753.04874        751.28276      0.1700         drrr_15+rrg 
I         40        747.03057        751.28276        747.03057      0.2050        drrr_15+rroi 
I         49        745.51434        747.03057        745.51434      0.2330        drrr_15+rrri 
I         68        738.80664        745.51434        738.80664      0.2650         drrr_15+rrg 
I         76        737.43755        738.80664        737.43755      0.2740         drrr_15+rrg 
I         82        734.43794        737.43755        734.43794      0.2780         drrr_15+rrg 
I         83        731.36417        734.43794        731.36417      0.2780        drrr_15+rrri 
I         84        726.88378        731.36417        726.88378      0.2780         drrr_15+rrg 
I         89        725.82860        726.88378        725.82860      0.2920        drrr_15+rroi 
I        106        725.14877        725.82860        725.14877      0.3150        drrr_15+rrri 
I        110        718.67599        725.14877        718.67599      0.3150         drrr_15+rrg 
I        116        718.17239        718.67599        718.17239      0.3280        drrr_15+rroi 
I        117        716.23631        718.17239        716.23631      0.3280        drrr_15+rrri 
I        121        711.72043        716.23631        711.72043      0.3850        drrr_15+rrri 
I        122        709.84465        711.72043        709.84465      0.3850        drrr_15+rroi 
I        139        709.55970        709.84465        709.55970      0.4050        drrr_15+rroi 
I        147        709.49262        709.55970        709.49262      0.4150         drrr_15+rrg 
I        149        709.24125        709.49262        709.24125      0.4150        drrr_15+rroi 
I        158        708.73046        709.24125        708.73046      0.4170        drrr_15+rroi 
I        166        708.56718        708.73046        708.56718      0.4250         drrr_15+rrg 
I        191        708.24873        708.56718        708.24873      0.4490        drrr_15+rroi 
I        279        708.16063        708.24873        708.16063      0.5190        drrr_15+rroi 
I        470        707.55302        708.16063        707.55302      0.6300        drrr_15+rrri 
I        481        707.46493        707.55302        707.46493      0.6440         drrr_15+rrg 
I       2641        706.39697        707.46493        706.39697      1.8220        drrr_15+rrri 
I       4396        706.11583        706.39697        706.11583      2.8400        drrr_15+rrri 
I       4566        706.09693        706.11583        706.09693      2.9280         drrr_15+rrg 
I       5713        705.62962        706.09693        705.62962      3.4800         drrr_15+rrg 
I       5952        703.58503        705.62962        703.58503      3.6300         drrr_15+rrg 
I       6143        702.71741        703.58503        702.71741      3.7220         drrr_15+rrg 
I       6211        702.69850        702.71741        702.69850      3.7540         drrr_15+rrg 
I      17933        702.62513        702.69850        702.62513      9.3670        drrr_15+rroi 
I      30000        702.62513        702.62513        702.62513     15.2390         drrr_15+rrg 

Method statistics
S  method    iter  succ  succ-rate%  tot-obj-gain  avg-obj-gain  rel-succ%  net-time  net-time%  brut-time  brut-time%
S  con          1     1   100.00000  -99282.91779  -99282.91779    1.29870   0.07500    0.49216    0.07500     0.49216
S  drrr_15  29999    38     0.12667     -74.45708      -0.00248   49.35065   0.45800    3.00544    0.45800     3.00544
S  rrg      10126    18     0.17776     -44.78318      -0.00442   23.37662   7.76601   50.96139    7.76601    50.96139
S  rroi      9920    12     0.12097     -15.99541      -0.00161   15.58442   3.24799   21.31369    3.24799    21.31369
S  rrri      9953     8     0.08038     -13.67849      -0.00137   10.38961   3.53000   23.16425    3.53000    23.16425
S  SUM/AVG  59999    77     0.12834  -99431.83194      -1.65722   20.00000  15.07700   98.93693   15.07700    98.93693

T best solution: EADARPSolution(t_routing=899.558, t_excess=111.825, obj_val=702.625, obj_val_valid=true,
    unserved_requests=Int64[], F_visited=[130, 129, 131, 127, 128, 132], S_visited=Int64[],
    (1, ([121, 53, 113, 27, 43, 87, 103, 35, 95, 59, 119, 29, 89, 17, 77, 25, 85, 20, 80, 133, 127], [50.28147638509731], [20]))
    (2, ([122, 23, 41, 83, 101, 30, 90, 26, 86, 55, 115, 52, 112, 40, 100, 57, 117, 133, 128], [56.7968065160126], [18]))
    (3, ([123, 24, 48, 108, 84, 16, 76, 15, 75, 12, 72, 36, 7, 96, 67, 133, 129], [25.40681714500886], [16]))
    (4, ([124, 2, 62, 33, 93, 6, 66, 34, 94, 18, 78, 58, 118, 31, 91, 133, 130], [37.11513182932823], [16]))
    (5, ([125, 19, 79, 32, 92, 3, 63, 50, 110, 45, 105, 134, 42, 102, 4, 64, 22, 82, 9, 69, 60, 54, 120, 47, 114, 107, 135, 39, 99, 13, 73, 10, 70, 8, 68, 133, 131], [76.1441195238332, 7.181847502750833, 59.68198383169715], [12, 27, 36]))
    (6, ([126, 46, 106, 51, 111, 28, 44, 104, 88, 5, 65, 56, 116, 37, 97, 1, 61, 133, 11, 71, 38, 49, 98, 109, 21, 14, 74, 81, 133, 132], [98.72010323783935, 2.2302076523838723], [18, 29])))

T best obj: 702.625133044315
T best iteration: 17933
T total iterations: 30000
T best time [s]: 9.367
T total time [s]: 15.2390
