EADARP version 2def-dirty
ARGS: --ifile=EADARP/instances/b1/a4-24.txt --odir=EADARP/out/a4-24 --oname=run1
Settings:
--alns_gamma=0.025
--alns_segment_size=100
--alns_sigma1=10
--alns_sigma2=9
--alns_sigma3=3
--at_most_one_s=false
--gamma=-1.0
--ifile=EADARP/instances/b1/a4-24.txt
--insert_charging_otf=true
--insert_cost_noise=0.014
--lns_init_temp_factor=0.0
--lns_temp_dec_factor=0.99
--mh_checkit=false
--mh_lfreq=0
--mh_lnewinc=true
--mh_tciter=-1
--mh_tctime=-1.0
--mh_titer=300
--mh_tobj=-1.0
--mh_ttime=-1.0
--odir=EADARP/out/a4-24
--oname=run1
--only_single_s_visits=true
--repair_max_routes=0
--seed=1227466756
--use_milp_in_otf=0
--xcheck_isfeasible=false

EADARPInstance(EADARP/instances/b1/a4-24.txt, n=24, n_K=4, S=[59, 60, 61], Q=14.85, n_F=4, γ=0.7, T_plan=360.0, F=[55, 56, 57, 58])

T preprocessing time [s]: 0.29208
I       iter             best          obj_old          obj_new        time              method info
I          1     100002.00000     100024.00000     100002.00000      0.0290                 con 
I          2     100001.00000     100002.00000     100001.00000      0.0410        drrr_15+rroi 
I          6        340.71609     100001.00000        340.71609      0.0824        drrr_15+rrri 
I         14        335.11875        340.71609        335.11875      0.1231        drrr_15+rrri 
I         18        329.02521        335.11875        329.02521      0.1352        drrr_15+rrri 
I         36        325.32085        329.02521        325.32085      0.1710        drrr_15+rrri 
I        227        323.28093        325.32085        323.28093      0.2601        drrr_15+rroi 
I        244        318.31377        323.28093        318.31377      0.2655        drrr_15+rrri 
I        300        318.31377        318.31377     100001.00000      0.2934        drrr_15+rrri 

Method statistics
S  method    iter  succ  succ-rate%  tot-obj-gain  avg-obj-gain  rel-succ%  net-time  net-time%  brut-time  brut-time%
S  con          1     1   100.00000     -22.00000     -22.00000    6.66667   0.02897    9.87056    0.02897     9.87056
S  drrr_15    299     7     2.34114  -99683.68623    -333.39025   46.66667   0.00154    0.52412    0.00154     0.52412
S  rrg        102     0     0.00000       0.00000       0.00000    0.00000   0.08630   29.40398    0.08630    29.40398
S  rroi        90     2     2.22222      -3.03992      -0.03378   13.33333   0.05027   17.12615    0.05027    17.12615
S  rrri       107     5     4.67290  -99680.64631    -931.59483   33.33333   0.12564   42.80713    0.12564    42.80713
S  SUM/AVG    599    15     2.50417 -199389.37247    -332.87040   20.00000   0.29271   99.73193    0.29271    99.73193

T best solution: EADARPSolution(t_routing=398.793, t_excess=76.876, obj_val=318.314, obj_val_valid=true,
    unserved_requests=Int64[], F_visited=[55, 58, 57, 56], S_visited=[60, 59],
    (1, ([51, 16, 15, 40, 39, 12, 36, 10, 34, 5, 29, 9, 17, 33, 41, 6, 30, 59, 55], [55.67651127810266], [18]))
    (2, ([52, 24, 48, 13, 37, 11, 35, 56], Float64[], Int64[]))
    (3, ([53, 19, 43, 23, 47, 2, 26, 14, 20, 44, 38, 60, 18, 4, 42, 28, 8, 32, 57], [32.137399957561385], [12]))
    (4, ([54, 3, 27, 21, 1, 45, 22, 25, 46, 7, 31, 58], Float64[], Int64[])))

T best obj: 318.31376665774394
T best iteration: 244
T total iterations: 300
T best time [s]: 0.265
T total time [s]: 0.2935
