EADARP version 2def-dirty
ARGS: --ifile=EADARP/instances/b1/a4-24.txt --odir=EADARP/out/a4-24 --oname=run12
Settings:
--alns_gamma=0.025
--alns_segment_size=100
--alns_sigma1=10
--alns_sigma2=9
--alns_sigma3=3
--at_most_one_s=false
--gamma=-1.0
--ifile=EADARP/instances/b1/a4-24.txt
--insert_charging_otf=true
--insert_cost_noise=0.014
--lns_init_temp_factor=0.0
--lns_temp_dec_factor=0.99
--mh_checkit=false
--mh_lfreq=0
--mh_lnewinc=true
--mh_tciter=-1
--mh_tctime=-1.0
--mh_titer=300
--mh_tobj=-1.0
--mh_ttime=-1.0
--odir=EADARP/out/a4-24
--oname=run12
--only_single_s_visits=true
--repair_max_routes=0
--seed=1171866088
--use_milp_in_otf=0
--xcheck_isfeasible=false

EADARPInstance(EADARP/instances/b1/a4-24.txt, n=24, n_K=4, S=[59, 60, 61], Q=14.85, n_F=4, γ=0.7, T_plan=360.0, F=[55, 56, 57, 58])

T preprocessing time [s]: 0.28989
I       iter             best          obj_old          obj_new        time              method info
I          1     100001.00000     100024.00000     100001.00000      0.0313                 con 
I         10        338.39026     100001.00000        338.39026      0.1206        drrr_15+rroi 
I         18        330.41465        338.39026        330.41465      0.1398        drrr_15+rrri 
I         37        329.74142        330.41465        329.74142      0.1645        drrr_15+rrri 
I         39        329.20361        329.74142        329.20361      0.1674         drrr_15+rrg 
I         41        329.10155        329.20361        329.10155      0.1717        drrr_15+rrri 
I         45        322.74031        329.10155        322.74031      0.1738        drrr_15+rrri 
I        105        322.53278        322.74031        322.53278      0.2064        drrr_15+rroi 
I        300        322.53278        322.53278     100001.00000      0.2663         drrr_15+rrg 

Method statistics
S  method    iter  succ  succ-rate%  tot-obj-gain  avg-obj-gain  rel-succ%  net-time  net-time%  brut-time  brut-time%
S  con          1     1   100.00000     -23.00000     -23.00000    6.66667   0.03127   11.74106    0.03127    11.74106
S  drrr_15    299     7     2.34114  -99678.46722    -333.37280   46.66667   0.00152    0.57232    0.00152     0.57232
S  rrg         88     1     1.13636      -0.53781      -0.00611    6.66667   0.05485   20.59378    0.05485    20.59378
S  rroi       117     2     1.70940  -99662.81727    -851.81895   13.33333   0.06938   26.04751    0.06938    26.04751
S  rrri        94     4     4.25532     -15.11214      -0.16077   26.66667   0.10860   40.77161    0.10860    40.77161
S  SUM/AVG    599    15     2.50417 -199379.93443    -332.85465   20.00000   0.26564   99.72628    0.26564    99.72628

T best solution: EADARPSolution(t_routing=409.817, t_excess=60.682, obj_val=322.533, obj_val_valid=true,
    unserved_requests=Int64[], F_visited=[58, 56, 55, 57], S_visited=[59, 60, 61],
    (1, ([51, 3, 27, 6, 30, 11, 35, 55], Float64[], Int64[]))
    (2, ([52, 16, 15, 40, 39, 12, 36, 10, 34, 5, 29, 1, 21, 45, 25, 22, 46, 7, 31, 59, 56], [64.9131160927244], [20]))
    (3, ([53, 19, 43, 23, 47, 2, 26, 14, 20, 44, 38, 60, 9, 17, 33, 41, 13, 37, 61, 57], [19.434690469194134, 38.869179930009814], [12, 19]))
    (4, ([54, 24, 48, 18, 4, 42, 28, 8, 32, 58], Float64[], Int64[])))

T best obj: 322.5327842299532
T best iteration: 105
T total iterations: 300
T best time [s]: 0.206
T total time [s]: 0.2664
