EADARP version 2def-dirty
ARGS: --ifile=EADARP/instances/b1/a4-24.txt --odir=EADARP/out/a4-24 --oname=run10
Settings:
--alns_gamma=0.025
--alns_segment_size=100
--alns_sigma1=10
--alns_sigma2=9
--alns_sigma3=3
--at_most_one_s=false
--gamma=-1.0
--ifile=EADARP/instances/b1/a4-24.txt
--insert_charging_otf=true
--insert_cost_noise=0.014
--lns_init_temp_factor=0.0
--lns_temp_dec_factor=0.99
--mh_checkit=false
--mh_lfreq=0
--mh_lnewinc=true
--mh_tciter=-1
--mh_tctime=-1.0
--mh_titer=300
--mh_tobj=-1.0
--mh_ttime=-1.0
--odir=EADARP/out/a4-24
--oname=run10
--only_single_s_visits=true
--repair_max_routes=0
--seed=1216871946
--use_milp_in_otf=0
--xcheck_isfeasible=false

EADARPInstance(EADARP/instances/b1/a4-24.txt, n=24, n_K=4, S=[59, 60, 61], Q=14.85, n_F=4, γ=0.7, T_plan=360.0, F=[55, 56, 57, 58])

T preprocessing time [s]: 0.28889
I       iter             best          obj_old          obj_new        time              method info
I          1     100001.00000     100024.00000     100001.00000      0.0301                 con 
I          4        338.85794     100001.00000        338.85794      0.0533        drrr_15+rrri 
I          7        335.58559        338.85794        335.58559      0.0686        drrr_15+rrri 
I         10        334.52357        335.58559        334.52357      0.0745        drrr_15+rrri 
I         18        331.08928        334.52357        331.08928      0.0973        drrr_15+rroi 
I         20        322.84853        331.08928        322.84853      0.1061         drrr_15+rrg 
I         41        322.53278        322.84853        322.53278      0.1377        drrr_15+rroi 
I        234        321.33110        322.53278        321.33110      0.2477        drrr_15+rrri 
I        300        321.33110        321.33110     100001.00000      0.2823         drrr_15+rrg 

Method statistics
S  method    iter  succ  succ-rate%  tot-obj-gain  avg-obj-gain  rel-succ%  net-time  net-time%  brut-time  brut-time%
S  con          1     1   100.00000     -23.00000     -23.00000    6.66667   0.03011   10.66486    0.03011    10.66486
S  drrr_15    299     7     2.34114  -99679.66890    -333.37682   46.66667   0.00157    0.55643    0.00157     0.55643
S  rrg        100     1     1.00000      -8.24076      -0.08241    6.66667   0.06191   21.92381    0.06191    21.92381
S  rroi       102     2     1.96078      -3.75003      -0.03677   13.33333   0.07043   24.94197    0.07043    24.94197
S  rrri        97     4     4.12371  -99667.67811   -1027.50184   26.66667   0.11755   41.63024    0.11755    41.63024
S  SUM/AVG    599    15     2.50417 -199382.33779    -332.85866   20.00000   0.28157   99.71731    0.28157    99.71731

T best solution: EADARPSolution(t_routing=408.214, t_excess=60.682, obj_val=321.331, obj_val_valid=true,
    unserved_requests=Int64[], F_visited=[58, 55, 56, 57], S_visited=[59, 60],
    (1, ([51, 19, 43, 23, 47, 2, 26, 14, 20, 44, 38, 60, 13, 37, 11, 35, 55], [31.114543514361724], [12]))
    (2, ([52, 16, 15, 40, 39, 12, 36, 10, 34, 5, 29, 1, 21, 45, 25, 22, 46, 7, 31, 59, 56], [64.9131160927244], [20]))
    (3, ([53, 3, 27, 9, 17, 33, 41, 6, 30, 57], Float64[], Int64[]))
    (4, ([54, 24, 48, 18, 4, 42, 28, 8, 32, 58], Float64[], Int64[])))

T best obj: 321.3311048790845
T best iteration: 234
T total iterations: 300
T best time [s]: 0.248
T total time [s]: 0.2824
