EADARP version 2def-dirty
ARGS: --ifile=EADARP/instances/b1/a4-24.txt --odir=EADARP/out/a4-24 --oname=run11
Settings:
--alns_gamma=0.025
--alns_segment_size=100
--alns_sigma1=10
--alns_sigma2=9
--alns_sigma3=3
--at_most_one_s=false
--gamma=-1.0
--ifile=EADARP/instances/b1/a4-24.txt
--insert_charging_otf=true
--insert_cost_noise=0.014
--lns_init_temp_factor=0.0
--lns_temp_dec_factor=0.99
--mh_checkit=false
--mh_lfreq=0
--mh_lnewinc=true
--mh_tciter=-1
--mh_tctime=-1.0
--mh_titer=300
--mh_tobj=-1.0
--mh_ttime=-1.0
--odir=EADARP/out/a4-24
--oname=run11
--only_single_s_visits=true
--repair_max_routes=0
--seed=1676136243
--use_milp_in_otf=0
--xcheck_isfeasible=false

EADARPInstance(EADARP/instances/b1/a4-24.txt, n=24, n_K=4, S=[59, 60, 61], Q=14.85, n_F=4, γ=0.7, T_plan=360.0, F=[55, 56, 57, 58])

T preprocessing time [s]: 0.28982
I       iter             best          obj_old          obj_new        time              method info
I          1     100002.00000     100024.00000     100002.00000      0.0290                 con 
I          2     100001.00000     100002.00000     100001.00000      0.0383        drrr_15+rroi 
I          5        342.96490     100001.00000        342.96490      0.0672        drrr_15+rrri 
I         15        335.83064        342.96490        335.83064      0.0910         drrr_15+rrg 
I         21        335.30406        335.83064        335.30406      0.0968        drrr_15+rrri 
I         22        326.29099        335.30406        326.29099      0.1015         drrr_15+rrg 
I         36        321.29914        326.29099        321.29914      0.1239         drrr_15+rrg 
I         41        320.53757        321.29914        320.53757      0.1483        drrr_15+rrri 
I        169        319.39828        320.53757        319.39828      0.2302        drrr_15+rroi 
I        180        319.21151        319.39828        319.21151      0.2333         drrr_15+rrg 
I        233        316.65492        319.21151        316.65492      0.2537         drrr_15+rrg 
I        300        316.65492        316.65492     100001.00000      0.2669        drrr_15+rroi 

Method statistics
S  method    iter  succ  succ-rate%  tot-obj-gain  avg-obj-gain  rel-succ%  net-time  net-time%  brut-time  brut-time%
S  con          1     1   100.00000     -22.00000     -22.00000    4.76190   0.02899   10.86353    0.02899    10.86353
S  drrr_15    299    10     3.34448  -99685.34508    -333.39580   47.61905   0.00155    0.57915    0.00155     0.57915
S  rrg        100     5     5.00000     -23.88255      -0.23883   23.80952   0.08470   31.73593    0.08470    31.73593
S  rroi       105     2     1.90476      -2.13930      -0.02037    9.52381   0.07711   28.89315    0.07711    28.89315
S  rrri        94     3     3.19149  -99659.32323   -1060.20557   14.28571   0.07369   27.61112    0.07369    27.61112
S  SUM/AVG    599    21     3.50584 -199392.69015    -332.87594   20.00000   0.26604   99.68286    0.26604    99.68286

T best solution: EADARPSolution(t_routing=401.979, t_excess=60.682, obj_val=316.655, obj_val_valid=true,
    unserved_requests=Int64[], F_visited=[58, 56, 57, 55], S_visited=[60, 61, 59],
    (1, ([51, 14, 20, 44, 38, 18, 4, 42, 28, 8, 32, 55], Float64[], Int64[]))
    (2, ([52, 24, 48, 16, 15, 40, 39, 12, 36, 10, 34, 5, 29, 9, 17, 33, 41, 59, 56], [62.677486869766724], [18]))
    (3, ([53, 3, 27, 6, 30, 11, 35, 57], Float64[], Int64[]))
    (4, ([54, 19, 43, 23, 47, 60, 2, 26, 1, 21, 45, 25, 22, 46, 7, 31, 13, 37, 61, 58], [13.500102724797364, 32.02524103340954], [6, 19])))

T best obj: 316.6549243849465
T best iteration: 233
T total iterations: 300
T best time [s]: 0.254
T total time [s]: 0.2669
