EADARP version 2def-dirty
ARGS: --ifile=EADARP/instances/b1/a4-24.txt --odir=EADARP/out/a4-24 --oname=run15
Settings:
--alns_gamma=0.025
--alns_segment_size=100
--alns_sigma1=10
--alns_sigma2=9
--alns_sigma3=3
--at_most_one_s=false
--gamma=-1.0
--ifile=EADARP/instances/b1/a4-24.txt
--insert_charging_otf=true
--insert_cost_noise=0.014
--lns_init_temp_factor=0.0
--lns_temp_dec_factor=0.99
--mh_checkit=false
--mh_lfreq=0
--mh_lnewinc=true
--mh_tciter=-1
--mh_tctime=-1.0
--mh_titer=300
--mh_tobj=-1.0
--mh_ttime=-1.0
--odir=EADARP/out/a4-24
--oname=run15
--only_single_s_visits=true
--repair_max_routes=0
--seed=656172850
--use_milp_in_otf=0
--xcheck_isfeasible=false

EADARPInstance(EADARP/instances/b1/a4-24.txt, n=24, n_K=4, S=[59, 60, 61], Q=14.85, n_F=4, γ=0.7, T_plan=360.0, F=[55, 56, 57, 58])

T preprocessing time [s]: 0.2906
I       iter             best          obj_old          obj_new        time              method info
I          1     100001.00000     100024.00000     100001.00000      0.0313                 con 
I          4        323.80012     100001.00000        323.80012      0.0515         drrr_15+rrg 
I         56        322.53278        323.80012        322.53278      0.1342        drrr_15+rroi 
I        200        318.61088        322.53278        318.61088      0.2501        drrr_15+rrri 
I        300        318.61088        318.61088     100001.00000      0.2799         drrr_15+rrg 

Method statistics
S  method    iter  succ  succ-rate%  tot-obj-gain  avg-obj-gain  rel-succ%  net-time  net-time%  brut-time  brut-time%
S  con          1     1   100.00000     -23.00000     -23.00000   14.28571   0.03127   11.17180    0.03127    11.17180
S  drrr_15    299     3     1.00334  -99682.38912    -333.38592   42.85714   0.00157    0.56179    0.00157     0.56179
S  rrg        107     1     0.93458  -99677.19988    -931.56262   14.28571   0.10166   36.31727    0.10166    36.31727
S  rroi        88     1     1.13636      -1.26734      -0.01440   14.28571   0.05701   20.36576    0.05701    20.36576
S  rrri       104     1     0.96154      -3.92191      -0.03771   14.28571   0.08770   31.32932    0.08770    31.32932
S  SUM/AVG    599     7     1.16861 -199387.77824    -332.86774   20.00000   0.27922   99.74593    0.27922    99.74593

T best solution: EADARPSolution(t_routing=399.189, t_excess=76.876, obj_val=318.611, obj_val_valid=true,
    unserved_requests=Int64[], F_visited=[58, 55, 56, 57], S_visited=[60, 59],
    (1, ([51, 19, 43, 23, 47, 2, 26, 14, 20, 44, 38, 60, 13, 37, 11, 35, 55], [31.114543514361724], [12]))
    (2, ([52, 16, 15, 40, 39, 12, 36, 10, 34, 5, 29, 9, 17, 33, 41, 6, 30, 59, 56], [55.67651127810266], [18]))
    (3, ([53, 3, 27, 21, 1, 45, 22, 25, 46, 7, 31, 57], Float64[], Int64[]))
    (4, ([54, 24, 48, 18, 4, 42, 28, 8, 32, 58], Float64[], Int64[])))

T best obj: 318.61087900344324
T best iteration: 200
T total iterations: 300
T best time [s]: 0.250
T total time [s]: 0.2799
