EADARP version 2def-dirty
ARGS: --ifile=EADARP/instances/b1/a4-24.txt --odir=EADARP/out/a4-24 --oname=run38
Settings:
--alns_gamma=0.025
--alns_segment_size=100
--alns_sigma1=10
--alns_sigma2=9
--alns_sigma3=3
--at_most_one_s=false
--gamma=-1.0
--ifile=EADARP/instances/b1/a4-24.txt
--insert_charging_otf=true
--insert_cost_noise=0.014
--lns_init_temp_factor=0.0
--lns_temp_dec_factor=0.99
--mh_checkit=false
--mh_lfreq=0
--mh_lnewinc=true
--mh_tciter=-1
--mh_tctime=-1.0
--mh_titer=300
--mh_tobj=-1.0
--mh_ttime=-1.0
--odir=EADARP/out/a4-24
--oname=run38
--only_single_s_visits=true
--repair_max_routes=0
--seed=368130845
--use_milp_in_otf=0
--xcheck_isfeasible=false

EADARPInstance(EADARP/instances/b1/a4-24.txt, n=24, n_K=4, S=[59, 60, 61], Q=14.85, n_F=4, γ=0.7, T_plan=360.0, F=[55, 56, 57, 58])

T preprocessing time [s]: 0.30951
I       iter             best          obj_old          obj_new        time              method info
I          1     100001.00000     100024.00000     100001.00000      0.0315                 con 
I         12        354.60813     100001.00000        354.60813      0.0948        drrr_15+rroi 
I         23        351.84910        354.60813        351.84910      0.1147        drrr_15+rroi 
I         24        334.57330        351.84910        334.57330      0.1150         drrr_15+rrg 
I         32        333.36647        334.57330        333.36647      0.1412        drrr_15+rroi 
I         36        331.08928        333.36647        331.08928      0.1460        drrr_15+rroi 
I         39        326.75119        331.08928        326.75119      0.1476        drrr_15+rrri 
I         80        326.46502        326.75119        326.46502      0.1884         drrr_15+rrg 
I        107        324.50575        326.46502        324.50575      0.2025        drrr_15+rroi 
I        187        322.53278        324.50575        322.53278      0.2400        drrr_15+rroi 
I        300        322.53278        322.53278     100001.00000      0.2812        drrr_15+rrri 

Method statistics
S  method    iter  succ  succ-rate%  tot-obj-gain  avg-obj-gain  rel-succ%  net-time  net-time%  brut-time  brut-time%
S  con          1     1   100.00000     -23.00000     -23.00000    5.26316   0.03148   11.19398    0.03148    11.19398
S  drrr_15    299     9     3.01003  -99678.46722    -333.37280   47.36842   0.00158    0.56246    0.00158     0.56246
S  rrg         88     2     2.27273     -17.56198      -0.19957   10.52632   0.07400   26.31461    0.07400    26.31461
S  rroi       103     6     5.82524  -99656.56714    -967.53949   31.57895   0.06149   21.86679    0.06149    21.86679
S  rrri       108     1     0.92593      -4.33809      -0.04017    5.26316   0.11185   39.77710    0.11185    39.77710
S  SUM/AVG    599    19     3.17195 -199379.93443    -332.85465   20.00000   0.28040   99.71495    0.28040    99.71495

T best solution: EADARPSolution(t_routing=409.817, t_excess=60.682, obj_val=322.533, obj_val_valid=true,
    unserved_requests=Int64[], F_visited=[56, 58, 57, 55], S_visited=[59, 60, 61],
    (1, ([51, 16, 15, 40, 39, 12, 36, 10, 34, 5, 29, 1, 21, 45, 25, 22, 46, 7, 31, 59, 55], [64.9131160927244], [20]))
    (2, ([52, 3, 27, 6, 30, 11, 35, 56], Float64[], Int64[]))
    (3, ([53, 19, 43, 23, 47, 2, 26, 14, 20, 44, 38, 60, 9, 17, 33, 41, 13, 37, 61, 57], [19.434690469194134, 38.869179930009814], [12, 19]))
    (4, ([54, 24, 48, 18, 4, 42, 28, 8, 32, 58], Float64[], Int64[])))

T best obj: 322.5327842299532
T best iteration: 187
T total iterations: 300
T best time [s]: 0.240
T total time [s]: 0.2812
