EADARP version 2def-dirty
ARGS: --ifile=EADARP/instances/b1/a4-24.txt --odir=EADARP/out/a4-24 --oname=run55
Settings:
--alns_gamma=0.025
--alns_segment_size=100
--alns_sigma1=10
--alns_sigma2=9
--alns_sigma3=3
--at_most_one_s=false
--gamma=-1.0
--ifile=EADARP/instances/b1/a4-24.txt
--insert_charging_otf=true
--insert_cost_noise=0.014
--lns_init_temp_factor=0.0
--lns_temp_dec_factor=0.99
--mh_checkit=false
--mh_lfreq=0
--mh_lnewinc=true
--mh_tciter=-1
--mh_tctime=-1.0
--mh_titer=300
--mh_tobj=-1.0
--mh_ttime=-1.0
--odir=EADARP/out/a4-24
--oname=run55
--only_single_s_visits=true
--repair_max_routes=0
--seed=761823216
--use_milp_in_otf=0
--xcheck_isfeasible=false

EADARPInstance(EADARP/instances/b1/a4-24.txt, n=24, n_K=4, S=[59, 60, 61], Q=14.85, n_F=4, γ=0.7, T_plan=360.0, F=[55, 56, 57, 58])

T preprocessing time [s]: 0.30653
I       iter             best          obj_old          obj_new        time              method info
I          1     100001.00000     100024.00000     100001.00000      0.0304                 con 
I         18        339.76526     100001.00000        339.76526      0.1346        drrr_15+rrri 
I         33        334.43183        339.76526        334.43183      0.1722        drrr_15+rroi 
I         60        331.40870        334.43183        331.40870      0.2001        drrr_15+rrri 
I         68        328.32780        331.40870        328.32780      0.2112         drrr_15+rrg 
I         69        327.49729        328.32780        327.49729      0.2113        drrr_15+rrri 
I         83        323.80616        327.49729        323.80616      0.2171         drrr_15+rrg 
I        272        321.03399        323.80616        321.03399      0.2727        drrr_15+rrri 
I        300        321.03399        321.03399     100001.00000      0.2787         drrr_15+rrg 

Method statistics
S  method    iter  succ  succ-rate%  tot-obj-gain  avg-obj-gain  rel-succ%  net-time  net-time%  brut-time  brut-time%
S  con          1     1   100.00000     -23.00000     -23.00000    6.66667   0.03035   10.88629    0.03035    10.88629
S  drrr_15    299     7     2.34114  -99679.96601    -333.37781   46.66667   0.00148    0.52953    0.00148     0.52953
S  rrg        100     2     2.00000      -6.77203      -0.06772   13.33333   0.06022   21.60537    0.06022    21.60537
S  rroi        95     1     1.05263      -5.33342      -0.05614    6.66667   0.08001   28.70395    0.08001    28.70395
S  rrri       104     4     3.84615  -99667.86055    -958.34481   26.66667   0.10596   38.01329    0.10596    38.01329
S  SUM/AVG    599    15     2.50417 -199382.93201    -332.85965   20.00000   0.27802   99.73844    0.27802    99.73844

T best solution: EADARPSolution(t_routing=407.818, t_excess=60.682, obj_val=321.034, obj_val_valid=true,
    unserved_requests=Int64[], F_visited=[57, 58, 56, 55], S_visited=[60, 59],
    (1, ([51, 16, 15, 40, 39, 12, 36, 10, 34, 5, 29, 1, 21, 45, 25, 22, 46, 7, 31, 59, 55], [64.9131160927244], [20]))
    (2, ([52, 19, 43, 23, 47, 2, 26, 14, 20, 44, 38, 60, 18, 4, 42, 28, 8, 32, 56], [32.137399957561385], [12]))
    (3, ([53, 24, 48, 13, 37, 11, 35, 57], Float64[], Int64[]))
    (4, ([54, 3, 27, 9, 17, 33, 41, 6, 30, 58], Float64[], Int64[])))

T best obj: 321.03399253338523
T best iteration: 272
T total iterations: 300
T best time [s]: 0.273
T total time [s]: 0.2787
