EADARP version 2def-dirty
ARGS: --ifile=EADARP/instances/b1/a4-24.txt --odir=EADARP/out/a4-24 --oname=run54
Settings:
--alns_gamma=0.025
--alns_segment_size=100
--alns_sigma1=10
--alns_sigma2=9
--alns_sigma3=3
--at_most_one_s=false
--gamma=-1.0
--ifile=EADARP/instances/b1/a4-24.txt
--insert_charging_otf=true
--insert_cost_noise=0.014
--lns_init_temp_factor=0.0
--lns_temp_dec_factor=0.99
--mh_checkit=false
--mh_lfreq=0
--mh_lnewinc=true
--mh_tciter=-1
--mh_tctime=-1.0
--mh_titer=300
--mh_tobj=-1.0
--mh_ttime=-1.0
--odir=EADARP/out/a4-24
--oname=run54
--only_single_s_visits=true
--repair_max_routes=0
--seed=794606501
--use_milp_in_otf=0
--xcheck_isfeasible=false

EADARPInstance(EADARP/instances/b1/a4-24.txt, n=24, n_K=4, S=[59, 60, 61], Q=14.85, n_F=4, γ=0.7, T_plan=360.0, F=[55, 56, 57, 58])

T preprocessing time [s]: 0.28794
I       iter             best          obj_old          obj_new        time              method info
I          1     100002.00000     100024.00000     100002.00000      0.0298                 con 
I          2        341.61477     100002.00000        341.61477      0.0355         drrr_15+rrg 
I          3        341.45101        341.61477        341.45101      0.0425         drrr_15+rrg 
I          7        339.06238        341.45101        339.06238      0.0863        drrr_15+rrri 
I         10        337.54961        339.06238        337.54961      0.0929         drrr_15+rrg 
I         23        335.29965        337.54961        335.29965      0.1230         drrr_15+rrg 
I         25        333.34555        335.29965        333.34555      0.1245        drrr_15+rrri 
I         32        329.98682        333.34555        329.98682      0.1329         drrr_15+rrg 
I         45        324.55950        329.98682        324.55950      0.1446        drrr_15+rrri 
I         91        323.80012        324.55950        323.80012      0.1971        drrr_15+rroi 
I        217        322.53278        323.80012        322.53278      0.2435        drrr_15+rroi 
I        300        322.53278        322.53278        341.95940      0.2741        drrr_15+rroi 

Method statistics
S  method    iter  succ  succ-rate%  tot-obj-gain  avg-obj-gain  rel-succ%  net-time  net-time%  brut-time  brut-time%
S  con          1     1   100.00000     -22.00000     -22.00000    4.76190   0.02981   10.87803    0.02981    10.87803
S  drrr_15    299    10     3.34448  -99679.46722    -333.37614   47.61905   0.00152    0.55420    0.00152     0.55420
S  rrg         96     5     5.20833  -99667.67044   -1038.20490   23.80952   0.07533   27.48506    0.07533    27.48506
S  rroi       100     2     2.00000      -2.02672      -0.02027    9.52381   0.05748   20.97066    0.05748    20.97066
S  rrri       103     3     2.91262      -9.77006      -0.09485   14.28571   0.10915   39.82309    0.10915    39.82309
S  SUM/AVG    599    21     3.50584 -199380.93443    -332.85632   20.00000   0.27329   99.71103    0.27329    99.71103

T best solution: EADARPSolution(t_routing=409.817, t_excess=60.682, obj_val=322.533, obj_val_valid=true,
    unserved_requests=Int64[], F_visited=[57, 58, 56, 55], S_visited=[59, 60, 61],
    (1, ([51, 24, 48, 18, 4, 42, 28, 8, 32, 55], Float64[], Int64[]))
    (2, ([52, 3, 27, 6, 30, 11, 35, 56], Float64[], Int64[]))
    (3, ([53, 19, 43, 23, 47, 2, 26, 14, 20, 44, 38, 60, 9, 17, 33, 41, 13, 37, 61, 57], [19.434690469194134, 38.869179930009814], [12, 19]))
    (4, ([54, 16, 15, 40, 39, 12, 36, 10, 34, 5, 29, 1, 21, 45, 25, 22, 46, 7, 31, 59, 58], [64.9131160927244], [20])))

T best obj: 322.53278422995317
T best iteration: 217
T total iterations: 300
T best time [s]: 0.243
T total time [s]: 0.2741
