EADARP version 2def-dirty
ARGS: --ifile=EADARP/instances/b1/a4-24.txt --odir=EADARP/out/a4-24 --oname=run5
Settings:
--alns_gamma=0.025
--alns_segment_size=100
--alns_sigma1=10
--alns_sigma2=9
--alns_sigma3=3
--at_most_one_s=false
--gamma=-1.0
--ifile=EADARP/instances/b1/a4-24.txt
--insert_charging_otf=true
--insert_cost_noise=0.014
--lns_init_temp_factor=0.0
--lns_temp_dec_factor=0.99
--mh_checkit=false
--mh_lfreq=0
--mh_lnewinc=true
--mh_tciter=-1
--mh_tctime=-1.0
--mh_titer=300
--mh_tobj=-1.0
--mh_ttime=-1.0
--odir=EADARP/out/a4-24
--oname=run5
--only_single_s_visits=true
--repair_max_routes=0
--seed=1358780650
--use_milp_in_otf=0
--xcheck_isfeasible=false

EADARPInstance(EADARP/instances/b1/a4-24.txt, n=24, n_K=4, S=[59, 60, 61], Q=14.85, n_F=4, γ=0.7, T_plan=360.0, F=[55, 56, 57, 58])

T preprocessing time [s]: 0.28965
I       iter             best          obj_old          obj_new        time              method info
I          1     100001.00000     100024.00000     100001.00000      0.0309                 con 
I          2        338.35822     100001.00000        338.35822      0.0492         drrr_15+rrg 
I         20        334.31396        338.35822        334.31396      0.1300        drrr_15+rroi 
I         26        330.60314        334.31396        330.60314      0.1477         drrr_15+rrg 
I         42        326.92104        330.60314        326.92104      0.1628         drrr_15+rrg 
I        107        325.63986        326.92104        325.63986      0.2251         drrr_15+rrg 
I        109        325.47195        325.63986        325.47195      0.2253        drrr_15+rrri 
I        113        325.41867        325.47195        325.41867      0.2273        drrr_15+rroi 
I        117        322.82233        325.41867        322.82233      0.2282         drrr_15+rrg 
I        131        321.36648        322.82233        321.36648      0.2337        drrr_15+rrri 
I        146        316.65492        321.36648        316.65492      0.2386        drrr_15+rrri 
I        300        316.65492        316.65492     100002.00000      0.2920        drrr_15+rroi 

Method statistics
S  method    iter  succ  succ-rate%  tot-obj-gain  avg-obj-gain  rel-succ%  net-time  net-time%  brut-time  brut-time%
S  con          1     1   100.00000     -23.00000     -23.00000    4.76190   0.03086   10.56508    0.03086    10.56508
S  drrr_15    299    10     3.34448  -99684.34508    -333.39246   47.61905   0.00153    0.52282    0.00153     0.52282
S  rrg        101     5     4.95050  -99673.91222    -986.87042   23.80952   0.10474   35.86103    0.10474    35.86103
S  rroi       108     2     1.85185      -4.09755      -0.03794    9.52381   0.04598   15.74142    0.04598    15.74142
S  rrri        90     3     3.33333      -6.33531      -0.07039   14.28571   0.10815   37.02715    0.10815    37.02715
S  SUM/AVG    599    21     3.50584 -199391.69015    -332.87427   20.00000   0.29126   99.71749    0.29126    99.71749

T best solution: EADARPSolution(t_routing=401.979, t_excess=60.682, obj_val=316.655, obj_val_valid=true,
    unserved_requests=Int64[], F_visited=[55, 57, 58, 56], S_visited=[59, 60, 61],
    (1, ([51, 24, 48, 16, 15, 40, 39, 12, 36, 10, 34, 5, 29, 9, 17, 33, 41, 59, 55], [62.677486869766724], [18]))
    (2, ([52, 14, 20, 44, 38, 18, 4, 42, 28, 8, 32, 56], Float64[], Int64[]))
    (3, ([53, 19, 43, 23, 47, 60, 2, 26, 1, 21, 45, 25, 22, 46, 7, 31, 13, 37, 61, 57], [13.500102724797364, 32.02524103340954], [6, 19]))
    (4, ([54, 3, 27, 6, 30, 11, 35, 58], Float64[], Int64[])))

T best obj: 316.6549243849466
T best iteration: 146
T total iterations: 300
T best time [s]: 0.239
T total time [s]: 0.2921
