EADARP version 2def-dirty
ARGS: --ifile=EADARP/instances/b1/a4-24.txt --odir=EADARP/out/a4-24 --oname=run65
Settings:
--alns_gamma=0.025
--alns_segment_size=100
--alns_sigma1=10
--alns_sigma2=9
--alns_sigma3=3
--at_most_one_s=false
--gamma=-1.0
--ifile=EADARP/instances/b1/a4-24.txt
--insert_charging_otf=true
--insert_cost_noise=0.014
--lns_init_temp_factor=0.0
--lns_temp_dec_factor=0.99
--mh_checkit=false
--mh_lfreq=0
--mh_lnewinc=true
--mh_tciter=-1
--mh_tctime=-1.0
--mh_titer=300
--mh_tobj=-1.0
--mh_ttime=-1.0
--odir=EADARP/out/a4-24
--oname=run65
--only_single_s_visits=true
--repair_max_routes=0
--seed=313708841
--use_milp_in_otf=0
--xcheck_isfeasible=false

EADARPInstance(EADARP/instances/b1/a4-24.txt, n=24, n_K=4, S=[59, 60, 61], Q=14.85, n_F=4, γ=0.7, T_plan=360.0, F=[55, 56, 57, 58])

T preprocessing time [s]: 0.28794
I       iter             best          obj_old          obj_new        time              method info
I          1     100001.00000     100024.00000     100001.00000      0.0301                 con 
I          7        338.39960     100001.00000        338.39960      0.0758        drrr_15+rrri 
I          8        333.30442        338.39960        333.30442      0.0897         drrr_15+rrg 
I         21        327.00191        333.30442        327.00191      0.1326        drrr_15+rrri 
I        108        322.15404        327.00191        322.15404      0.2176        drrr_15+rrri 
I        116        317.41649        322.15404        317.41649      0.2192         drrr_15+rrg 
I        124        316.65492        317.41649        316.65492      0.2207        drrr_15+rrri 
I        300        316.65492        316.65492        341.77441      0.2866         drrr_15+rrg 

Method statistics
S  method    iter  succ  succ-rate%  tot-obj-gain  avg-obj-gain  rel-succ%  net-time  net-time%  brut-time  brut-time%
S  con          1     1   100.00000     -23.00000     -23.00000    7.69231   0.03004   10.48001    0.03004    10.48001
S  drrr_15    299     6     2.00669  -99684.34508    -333.39246   46.15385   0.00155    0.53958    0.00155     0.53958
S  rrg        100     2     2.00000      -9.83273      -0.09833   15.38462   0.08724   30.43614    0.08724    30.43614
S  rroi        91     0     0.00000       0.00000       0.00000    0.00000   0.03903   13.61820    0.03903    13.61820
S  rrri       108     4     3.70370  -99674.51235    -922.91215   30.76923   0.12802   44.66455    0.12802    44.66455
S  SUM/AVG    599    13     2.17028 -199391.69015    -332.87427   20.00000   0.28588   99.73848    0.28588    99.73848

T best solution: EADARPSolution(t_routing=401.979, t_excess=60.682, obj_val=316.655, obj_val_valid=true,
    unserved_requests=Int64[], F_visited=[56, 55, 57, 58], S_visited=[60, 61, 59],
    (1, ([51, 19, 43, 23, 47, 60, 2, 26, 1, 21, 45, 25, 22, 46, 7, 31, 13, 37, 61, 55], [13.500102724797364, 32.02524103340954], [6, 19]))
    (2, ([52, 24, 48, 16, 15, 40, 39, 12, 36, 10, 34, 5, 29, 9, 17, 33, 41, 59, 56], [62.677486869766724], [18]))
    (3, ([53, 3, 27, 6, 30, 11, 35, 57], Float64[], Int64[]))
    (4, ([54, 14, 20, 44, 38, 18, 4, 42, 28, 8, 32, 58], Float64[], Int64[])))

T best obj: 316.6549243849466
T best iteration: 124
T total iterations: 300
T best time [s]: 0.221
T total time [s]: 0.2866
