EADARP version 2def-dirty
ARGS: --ifile=EADARP/instances/b1/a4-24.txt --odir=EADARP/out/a4-24 --oname=run63
Settings:
--alns_gamma=0.025
--alns_segment_size=100
--alns_sigma1=10
--alns_sigma2=9
--alns_sigma3=3
--at_most_one_s=false
--gamma=-1.0
--ifile=EADARP/instances/b1/a4-24.txt
--insert_charging_otf=true
--insert_cost_noise=0.014
--lns_init_temp_factor=0.0
--lns_temp_dec_factor=0.99
--mh_checkit=false
--mh_lfreq=0
--mh_lnewinc=true
--mh_tciter=-1
--mh_tctime=-1.0
--mh_titer=300
--mh_tobj=-1.0
--mh_ttime=-1.0
--odir=EADARP/out/a4-24
--oname=run63
--only_single_s_visits=true
--repair_max_routes=0
--seed=1033289248
--use_milp_in_otf=0
--xcheck_isfeasible=false

EADARPInstance(EADARP/instances/b1/a4-24.txt, n=24, n_K=4, S=[59, 60, 61], Q=14.85, n_F=4, γ=0.7, T_plan=360.0, F=[55, 56, 57, 58])

T preprocessing time [s]: 0.28815
I       iter             best          obj_old          obj_new        time              method info
I          1     100002.00000     100024.00000     100002.00000      0.0290                 con 
I          2     100001.00000     100002.00000     100001.00000      0.0412         drrr_15+rrg 
I          5        357.93063     100001.00000        357.93063      0.0874        drrr_15+rrri 
I          7        331.16234        357.93063        331.16234      0.1008        drrr_15+rrri 
I         27        328.16291        331.16234        328.16291      0.1431        drrr_15+rrri 
I         78        320.52416        328.16291        320.52416      0.1776         drrr_15+rrg 
I        286        318.31377        320.52416        318.31377      0.2598        drrr_15+rroi 
I        300        318.31377        318.31377     100001.00000      0.2644        drrr_15+rrri 

Method statistics
S  method    iter  succ  succ-rate%  tot-obj-gain  avg-obj-gain  rel-succ%  net-time  net-time%  brut-time  brut-time%
S  con          1     1   100.00000     -22.00000     -22.00000    7.69231   0.02897   10.95603    0.02897    10.95603
S  drrr_15    299     6     2.00669  -99683.68623    -333.39025   46.15385   0.00152    0.57603    0.00152     0.57603
S  rrg         85     2     2.35294      -8.63875      -0.10163   15.38462   0.07754   29.32691    0.07754    29.32691
S  rroi       105     1     0.95238      -2.21039      -0.02105    7.69231   0.07638   28.88957    0.07638    28.88957
S  rrri       109     3     2.75229  -99672.83709    -914.42970   23.07692   0.07924   29.96967    0.07924    29.96967
S  SUM/AVG    599    13     2.17028 -199389.37247    -332.87040   20.00000   0.26366   99.71821    0.26366    99.71821

T best solution: EADARPSolution(t_routing=398.793, t_excess=76.876, obj_val=318.314, obj_val_valid=true,
    unserved_requests=Int64[], F_visited=[55, 56, 57, 58], S_visited=[59, 60],
    (1, ([51, 19, 43, 23, 47, 2, 26, 14, 20, 44, 38, 60, 18, 4, 42, 28, 8, 32, 55], [32.137399957561385], [12]))
    (2, ([52, 24, 48, 13, 37, 11, 35, 56], Float64[], Int64[]))
    (3, ([53, 3, 27, 21, 1, 45, 22, 25, 46, 7, 31, 57], Float64[], Int64[]))
    (4, ([54, 16, 15, 40, 39, 12, 36, 10, 34, 5, 29, 9, 17, 33, 41, 6, 30, 59, 58], [55.67651127810266], [18])))

T best obj: 318.31376665774394
T best iteration: 286
T total iterations: 300
T best time [s]: 0.260
T total time [s]: 0.2644
