EADARP version 2def-dirty
ARGS: --ifile=EADARP/instances/b1/a4-24.txt --odir=EADARP/out/a4-24 --oname=run71
Settings:
--alns_gamma=0.025
--alns_segment_size=100
--alns_sigma1=10
--alns_sigma2=9
--alns_sigma3=3
--at_most_one_s=false
--gamma=-1.0
--ifile=EADARP/instances/b1/a4-24.txt
--insert_charging_otf=true
--insert_cost_noise=0.014
--lns_init_temp_factor=0.0
--lns_temp_dec_factor=0.99
--mh_checkit=false
--mh_lfreq=0
--mh_lnewinc=true
--mh_tciter=-1
--mh_tctime=-1.0
--mh_titer=300
--mh_tobj=-1.0
--mh_ttime=-1.0
--odir=EADARP/out/a4-24
--oname=run71
--only_single_s_visits=true
--repair_max_routes=0
--seed=840687750
--use_milp_in_otf=0
--xcheck_isfeasible=false

EADARPInstance(EADARP/instances/b1/a4-24.txt, n=24, n_K=4, S=[59, 60, 61], Q=14.85, n_F=4, γ=0.7, T_plan=360.0, F=[55, 56, 57, 58])

T preprocessing time [s]: 0.2877
I       iter             best          obj_old          obj_new        time              method info
I          1     100001.00000     100024.00000     100001.00000      0.0311                 con 
I          7        335.96730     100001.00000        335.96730      0.0707        drrr_15+rrri 
I         44        316.65492        335.96730        316.65492      0.1576         drrr_15+rrg 
I        300        316.65492        316.65492     100001.00000      0.2798        drrr_15+rrri 

Method statistics
S  method    iter  succ  succ-rate%  tot-obj-gain  avg-obj-gain  rel-succ%  net-time  net-time%  brut-time  brut-time%
S  con          1     1   100.00000     -23.00000     -23.00000   20.00000   0.03105   11.09445    0.03105    11.09445
S  drrr_15    299     2     0.66890  -99684.34508    -333.39246   40.00000   0.00161    0.57570    0.00161     0.57570
S  rrg        103     1     0.97087     -19.31238      -0.18750   20.00000   0.08242   29.45402    0.08242    29.45402
S  rroi       104     0     0.00000       0.00000       0.00000    0.00000   0.06591   23.55296    0.06591    23.55296
S  rrri        92     1     1.08696  -99665.03270   -1083.31557   20.00000   0.09815   35.07443    0.09815    35.07443
S  SUM/AVG    599     5     0.83472 -199391.69015    -332.87427   20.00000   0.27914   99.75156    0.27914    99.75156

T best solution: EADARPSolution(t_routing=401.979, t_excess=60.682, obj_val=316.655, obj_val_valid=true,
    unserved_requests=Int64[], F_visited=[58, 56, 55, 57], S_visited=[59, 60, 61],
    (1, ([51, 14, 20, 44, 38, 18, 4, 42, 28, 8, 32, 55], Float64[], Int64[]))
    (2, ([52, 24, 48, 16, 15, 40, 39, 12, 36, 10, 34, 5, 29, 9, 17, 33, 41, 59, 56], [62.677486869766724], [18]))
    (3, ([53, 3, 27, 6, 30, 11, 35, 57], Float64[], Int64[]))
    (4, ([54, 19, 43, 23, 47, 60, 2, 26, 1, 21, 45, 25, 22, 46, 7, 31, 13, 37, 61, 58], [13.500102724797364, 32.02524103340954], [6, 19])))

T best obj: 316.6549243849465
T best iteration: 44
T total iterations: 300
T best time [s]: 0.158
T total time [s]: 0.2798
