EADARP version 2def-dirty
ARGS: --ifile=EADARP/instances/b1/a4-24.txt --odir=EADARP/out/a4-24 --oname=run94
Settings:
--alns_gamma=0.025
--alns_segment_size=100
--alns_sigma1=10
--alns_sigma2=9
--alns_sigma3=3
--at_most_one_s=false
--gamma=-1.0
--ifile=EADARP/instances/b1/a4-24.txt
--insert_charging_otf=true
--insert_cost_noise=0.014
--lns_init_temp_factor=0.0
--lns_temp_dec_factor=0.99
--mh_checkit=false
--mh_lfreq=0
--mh_lnewinc=true
--mh_tciter=-1
--mh_tctime=-1.0
--mh_titer=300
--mh_tobj=-1.0
--mh_ttime=-1.0
--odir=EADARP/out/a4-24
--oname=run94
--only_single_s_visits=true
--repair_max_routes=0
--seed=1461310536
--use_milp_in_otf=0
--xcheck_isfeasible=false

EADARPInstance(EADARP/instances/b1/a4-24.txt, n=24, n_K=4, S=[59, 60, 61], Q=14.85, n_F=4, γ=0.7, T_plan=360.0, F=[55, 56, 57, 58])

T preprocessing time [s]: 0.28664
I       iter             best          obj_old          obj_new        time              method info
I          1     100001.00000     100024.00000     100001.00000      0.0306                 con 
I         15        351.95213     100001.00000        351.95213      0.1099        drrr_15+rrri 
I         18        340.47085        351.95213        340.47085      0.1184        drrr_15+rroi 
I         27        325.99960        340.47085        325.99960      0.1305        drrr_15+rroi 
I         34        323.80012        325.99960        323.80012      0.1396        drrr_15+rroi 
I         58        318.31377        323.80012        318.31377      0.1598        drrr_15+rrri 
I        300        318.31377        318.31377        335.16290      0.2728         drrr_15+rrg 

Method statistics
S  method    iter  succ  succ-rate%  tot-obj-gain  avg-obj-gain  rel-succ%  net-time  net-time%  brut-time  brut-time%
S  con          1     1   100.00000     -23.00000     -23.00000    9.09091   0.03054   11.19277    0.03054    11.19277
S  drrr_15    299     5     1.67224  -99682.68623    -333.38691   45.45455   0.00151    0.55379    0.00151     0.55379
S  rrg         97     0     0.00000       0.00000       0.00000    0.00000   0.09337   34.21913    0.09337    34.21913
S  rroi        98     3     3.06122     -28.15201      -0.28727   27.27273   0.07680   28.14436    0.07680    28.14436
S  rrri       104     2     1.92308  -99654.53422    -958.21668   18.18182   0.06993   25.62712    0.06993    25.62712
S  SUM/AVG    599    11     1.83639 -199388.37247    -332.86874   20.00000   0.27215   99.73717    0.27215    99.73717

T best solution: EADARPSolution(t_routing=398.793, t_excess=76.876, obj_val=318.314, obj_val_valid=true,
    unserved_requests=Int64[], F_visited=[56, 55, 58, 57], S_visited=[60, 59],
    (1, ([51, 19, 43, 23, 47, 2, 26, 14, 20, 44, 38, 60, 18, 4, 42, 28, 8, 32, 55], [32.137399957561385], [12]))
    (2, ([52, 24, 48, 13, 37, 11, 35, 56], Float64[], Int64[]))
    (3, ([53, 3, 27, 21, 1, 45, 22, 25, 46, 7, 31, 57], Float64[], Int64[]))
    (4, ([54, 16, 15, 40, 39, 12, 36, 10, 34, 5, 29, 9, 17, 33, 41, 6, 30, 59, 58], [55.67651127810266], [18])))

T best obj: 318.31376665774394
T best iteration: 58
T total iterations: 300
T best time [s]: 0.160
T total time [s]: 0.2729
