EADARP version 2def-dirty
ARGS: --ifile=EADARP/instances/b1/a4-24.txt --odir=EADARP/out/a4-24 --oname=run91
Settings:
--alns_gamma=0.025
--alns_segment_size=100
--alns_sigma1=10
--alns_sigma2=9
--alns_sigma3=3
--at_most_one_s=false
--gamma=-1.0
--ifile=EADARP/instances/b1/a4-24.txt
--insert_charging_otf=true
--insert_cost_noise=0.014
--lns_init_temp_factor=0.0
--lns_temp_dec_factor=0.99
--mh_checkit=false
--mh_lfreq=0
--mh_lnewinc=true
--mh_tciter=-1
--mh_tctime=-1.0
--mh_titer=300
--mh_tobj=-1.0
--mh_ttime=-1.0
--odir=EADARP/out/a4-24
--oname=run91
--only_single_s_visits=true
--repair_max_routes=0
--seed=1223746915
--use_milp_in_otf=0
--xcheck_isfeasible=false

EADARPInstance(EADARP/instances/b1/a4-24.txt, n=24, n_K=4, S=[59, 60, 61], Q=14.85, n_F=4, γ=0.7, T_plan=360.0, F=[55, 56, 57, 58])

T preprocessing time [s]: 0.28325
I       iter             best          obj_old          obj_new        time              method info
I          1     100001.00000     100024.00000     100001.00000      0.0305                 con 
I          2        326.40693     100001.00000        326.40693      0.0441        drrr_15+rrri 
I         16        325.08129        326.40693        325.08129      0.1263        drrr_15+rrri 
I         27        322.84853        325.08129        322.84853      0.1441         drrr_15+rrg 
I        108        321.00613        322.84853        321.00613      0.2057        drrr_15+rrri 
I        208        318.23911        321.00613        318.23911      0.2546        drrr_15+rroi 
I        251        316.65492        318.23911        316.65492      0.2788         drrr_15+rrg 
I        300        316.65492        316.65492     100002.00000      0.2924         drrr_15+rrg 

Method statistics
S  method    iter  succ  succ-rate%  tot-obj-gain  avg-obj-gain  rel-succ%  net-time  net-time%  brut-time  brut-time%
S  con          1     1   100.00000     -23.00000     -23.00000    7.69231   0.03049   10.42789    0.03049    10.42789
S  drrr_15    299     6     2.00669  -99684.34508    -333.39246   46.15385   0.00157    0.53533    0.00157     0.53533
S  rrg        101     2     1.98020      -3.81695      -0.03779   15.38462   0.09342   31.94758    0.09342    31.94758
S  rroi        87     1     1.14943      -2.76703      -0.03180    7.69231   0.08445   28.88038    0.08445    28.88038
S  rrri       111     3     2.70270  -99677.76110    -897.99785   23.07692   0.08169   27.93536    0.08169    27.93536
S  SUM/AVG    599    13     2.17028 -199391.69015    -332.87427   20.00000   0.29163   99.72655    0.29163    99.72655

T best solution: EADARPSolution(t_routing=401.979, t_excess=60.682, obj_val=316.655, obj_val_valid=true,
    unserved_requests=Int64[], F_visited=[58, 56, 57, 55], S_visited=[60, 61, 59],
    (1, ([51, 3, 27, 6, 30, 11, 35, 55], Float64[], Int64[]))
    (2, ([52, 19, 43, 23, 47, 60, 2, 26, 1, 21, 45, 25, 22, 46, 7, 31, 13, 37, 61, 56], [13.500102724797364, 32.02524103340954], [6, 19]))
    (3, ([53, 14, 20, 44, 38, 18, 4, 42, 28, 8, 32, 57], Float64[], Int64[]))
    (4, ([54, 24, 48, 16, 15, 40, 39, 12, 36, 10, 34, 5, 29, 9, 17, 33, 41, 59, 58], [62.677486869766724], [18])))

T best obj: 316.6549243849466
T best iteration: 251
T total iterations: 300
T best time [s]: 0.279
T total time [s]: 0.2924
