EADARP version 585c-dirty
ARGS: --ifile=EADARP/instances/l1/a7-70.txt --infeasible_arcs=EADARP/infeasible_arcs --gamma=0.7 --only_single_s_visits=false --odir=EADARP/out/a7-70 --oname=run12
Settings:
--alns_gamma=0.025
--alns_segment_size=100
--alns_sigma1=10
--alns_sigma2=9
--alns_sigma3=3
--at_most_one_s=false
--gamma=0.7
--ifile=EADARP/instances/l1/a7-70.txt
--infeasible_arcs=EADARP/infeasible_arcs
--insert_charging_otf=true
--insert_cost_noise=0.014
--lns_init_temp_factor=0.0
--lns_temp_dec_factor=0.99
--mh_checkit=false
--mh_lfreq=0
--mh_lnewinc=true
--mh_tciter=-1
--mh_tctime=-1.0
--mh_titer=30000
--mh_tobj=-1.0
--mh_ttime=-1.0
--odir=EADARP/out/a7-70
--oname=run12
--only_single_s_visits=false
--repair_max_routes=0
--seed=508381707
--use_milp_in_otf=0
--xcheck_isfeasible=false

EADARPInstance(EADARP/instances/l1/a7-70.txt, n=70, n_K=7, S=[157, 158, 159], Q=14.85, n_F=7, γ=0.7, T_plan=600.0, F=[150, 151, 152, 153, 154, 155, 156])

T preprocessing time [s]: 2.41413
I       iter             best          obj_old          obj_new        time              method info
I          1        891.83803     100070.00000        891.83803      0.2722                 con 
I          2        883.68183        891.83803        883.68183      0.3519        drrr_15+rrri 
I          3        880.56540        883.68183        880.56540      0.4190         drrr_15+rrg 
I          8        854.71171        880.56540        854.71171      0.6302         drrr_15+rrg 
I         10        848.81672        854.71171        848.81672      0.6629         drrr_15+rrg 
I         11        840.26642        848.81672        840.26642      0.6799         drrr_15+rrg 
I         12        832.11805        840.26642        832.11805      0.7315        drrr_15+rroi 
I         16        829.78415        832.11805        829.78415      0.8802        drrr_15+rroi 
I         19        821.94013        829.78415        821.94013      0.9433         drrr_15+rrg 
I         20        819.02560        821.94013        819.02560      0.9565         drrr_15+rrg 
I         22        817.33014        819.02560        817.33014      1.0107        drrr_15+rrri 
I         23        812.92060        817.33014        812.92060      1.0210         drrr_15+rrg 
I         25        808.69043        812.92060        808.69043      1.0514        drrr_15+rrri 
I         27        808.65321        808.69043        808.65321      1.0772        drrr_15+rrri 
I         29        808.52102        808.65321        808.52102      1.0885        drrr_15+rroi 
I         31        806.78007        808.52102        806.78007      1.1227         drrr_15+rrg 
I         48        806.68500        806.78007        806.68500      1.2152         drrr_15+rrg 
I        358        806.26445        806.68500        806.26445      1.9903         drrr_15+rrg 
I        363        805.60417        806.26445        805.60417      2.0154        drrr_15+rroi 
I        368        804.25227        805.60417        804.25227      2.0596        drrr_15+rrri 
I        389        803.14248        804.25227        803.14248      2.1459        drrr_15+rroi 
I        395        800.99493        803.14248        800.99493      2.1481        drrr_15+rroi 
I        402        800.40170        800.99493        800.40170      2.2187        drrr_15+rrri 
I        403        798.40755        800.40170        798.40755      2.2334        drrr_15+rroi 
I        415        797.92571        798.40755        797.92571      2.3052         drrr_15+rrg 
I        427        795.42961        797.92571        795.42961      2.3697        drrr_15+rrri 
I        430        790.70641        795.42961        790.70641      2.3772         drrr_15+rrg 
I        459        790.08625        790.70641        790.08625      2.4771        drrr_15+rrri 
I        467        788.87885        790.08625        788.87885      2.5094        drrr_15+rroi 
I        473        787.40906        788.87885        787.40906      2.6055        drrr_15+rroi 
I        529        786.96336        787.40906        786.96336      2.8165        drrr_15+rrri 
I        532        783.25554        786.96336        783.25554      2.8287         drrr_15+rrg 
I        533        781.21138        783.25554        781.21138      2.8292         drrr_15+rrg 
I        543        780.80739        781.21138        780.80739      2.8613        drrr_15+rrri 
I       1035        778.64185        780.80739        778.64185      3.3619        drrr_15+rrri 
I       1065        778.31687        778.64185        778.31687      3.4037        drrr_15+rrri 
I       2808        778.21880        778.31687        778.21880      4.8205        drrr_15+rrri 
I       5657        778.12713        778.21880        778.12713      6.3773        drrr_15+rroi 
I       5669        777.80215        778.12713        777.80215      6.3972        drrr_15+rrri 
I       5696        777.38930        777.80215        777.38930      6.4081        drrr_15+rroi 
I       5700        776.76540        777.38930        776.76540      6.4093        drrr_15+rrri 
I       5714        775.35223        776.76540        775.35223      6.4198         drrr_15+rrg 
I       5754        774.77270        775.35223        774.77270      6.4699        drrr_15+rrri 
I       5800        774.58349        774.77270        774.58349      6.4896         drrr_15+rrg 
I       6284        773.88768        774.58349        773.88768      6.7639        drrr_15+rrri 
I       6286        773.27753        773.88768        773.27753      6.7643        drrr_15+rrri 
I       6299        773.26014        773.27753        773.26014      6.7801        drrr_15+rroi 
I       6317        772.23742        773.26014        772.23742      6.7930        drrr_15+rroi 
I       6363        771.91722        772.23742        771.91722      6.8302         drrr_15+rrg 
I       6445        771.82192        771.91722        771.82192      6.8768        drrr_15+rroi 
I      21580        770.47845        771.82192        770.47845     13.0212        drrr_15+rrri 
I      21581        770.40115        770.47845        770.40115     13.0216         drrr_15+rrg 
I      22842        769.80446        770.40115        769.80446     13.5329        drrr_15+rrri 
I      30000        769.80446        769.80446        774.33683     16.1445        drrr_15+rroi 

Method statistics
S  method    iter  succ  succ-rate%  tot-obj-gain  avg-obj-gain  rel-succ%  net-time  net-time%  brut-time  brut-time%
S  con          1     1   100.00000  -99178.16197  -99178.16197    0.95238   0.27218    1.68588    0.27218     1.68588
S  drrr_15  29999    52     0.17334    -122.03356      -0.00407   49.52381   0.33527    2.07670    0.33527     2.07670
S  rrg      10175    18     0.17690     -73.79697      -0.00725   17.14286   6.31016   39.08546    6.31016    39.08546
S  rroi      9959    14     0.14058     -20.84336      -0.00209   13.33333   3.82917   23.71805    3.82917    23.71805
S  rrri      9865    20     0.20274     -27.39323      -0.00278   19.04762   5.32067   32.95654    5.32067    32.95654
S  SUM/AVG  59999   105     0.17500  -99422.22910      -1.65706   20.00000  16.06745   99.52263   16.06745    99.52263

T best solution: EADARPSolution(t_routing=946.963, t_excess=238.328, obj_val=769.804, obj_val_valid=true,
    unserved_requests=Int64[], F_visited=[151, 154, 153, 152, 156, 155, 150], S_visited=Int64[],
    (1, ([143, 2, 72, 11, 81, 30, 100, 6, 10, 80, 76, 33, 103, 28, 98, 157, 150], [25.819554375097198], [16]))
    (2, ([144, 1, 71, 35, 25, 105, 95, 44, 114, 15, 85, 157, 60, 130, 52, 19, 59, 122, 89, 129, 3, 49, 73, 119, 157, 151], [99.7155701454626, 0.5204481053286808], [12, 25]))
    (3, ([145, 43, 113, 16, 86, 40, 110, 24, 57, 48, 94, 127, 118, 62, 53, 123, 132, 54, 124, 4, 74, 157, 152], [33.38049446265911], [22]))
    (4, ([146, 47, 20, 117, 90, 42, 61, 112, 131, 56, 126, 66, 63, 133, 136, 22, 92, 17, 87, 8, 78, 157, 153], [59.87823128230183], [22]))
    (5, ([147, 67, 51, 121, 137, 14, 84, 36, 31, 106, 101, 7, 77, 45, 115, 55, 23, 125, 93, 157, 154], [44.904178334420536], [20]))
    (6, ([148, 50, 120, 9, 26, 79, 96, 64, 134, 29, 99, 38, 108, 69, 139, 39, 58, 109, 128, 70, 41, 140, 111, 46, 116, 157, 155], [69.16372374691421], [26]))
    (7, ([149, 5, 75, 21, 91, 32, 102, 12, 82, 18, 68, 138, 88, 27, 97, 65, 135, 37, 34, 104, 107, 13, 83, 157, 156], [46.58106990878325], [24])))

T best obj: 769.8044615849129
T best iteration: 22842
T total iterations: 30000
T best time [s]: 13.533
T total time [s]: 16.1445
