EADARP version 2def-dirty
ARGS: --ifile=EADARP/instances/l1/a7-70.txt --odir=EADARP/out/a7-70 --oname=run16
Settings:
--alns_gamma=0.025
--alns_segment_size=100
--alns_sigma1=10
--alns_sigma2=9
--alns_sigma3=3
--at_most_one_s=false
--gamma=-1.0
--ifile=EADARP/instances/l1/a7-70.txt
--insert_charging_otf=true
--insert_cost_noise=0.014
--lns_init_temp_factor=0.0
--lns_temp_dec_factor=0.99
--mh_checkit=false
--mh_lfreq=0
--mh_lnewinc=true
--mh_tciter=-1
--mh_tctime=-1.0
--mh_titer=300
--mh_tobj=-1.0
--mh_ttime=-1.0
--odir=EADARP/out/a7-70
--oname=run16
--only_single_s_visits=true
--repair_max_routes=0
--seed=1562472285
--use_milp_in_otf=0
--xcheck_isfeasible=false

EADARPInstance(EADARP/instances/l1/a7-70.txt, n=70, n_K=7, S=[157, 158, 159], Q=14.85, n_F=7, γ=0.7, T_plan=600.0, F=[150, 151, 152, 153, 154, 155, 156])

T preprocessing time [s]: 2.38377
I       iter             best          obj_old          obj_new        time              method info
I          1     100010.00000     100070.00000     100010.00000      0.2271                 con 
I          5     100008.00000     100010.00000     100008.00000      0.4514         drrr_15+rrg 
I         11     100007.00000     100008.00000     100007.00000      0.6726         drrr_15+rrg 
I         15     100006.00000     100007.00000     100006.00000      0.8046        drrr_15+rrri 
I         47     100005.00000     100006.00000     100005.00000      1.5844         drrr_15+rrg 
I         78     100004.00000     100005.00000     100004.00000      2.0916        drrr_15+rroi 
I         93     100003.00000     100004.00000     100003.00000      2.3674        drrr_15+rrri 
I        300     100003.00000     100003.00000     100004.00000      3.4699         drrr_15+rrg 

Method statistics
S  method    iter  succ  succ-rate%  tot-obj-gain  avg-obj-gain  rel-succ%  net-time  net-time%  brut-time  brut-time%
S  con          1     1   100.00000     -60.00000     -60.00000    7.69231   0.22708    6.54426    0.22708     6.54426
S  drrr_15    299     6     2.00669      -7.00000      -0.02341   46.15385   0.00395    0.11381    0.00395     0.11381
S  rrg         89     3     3.37079      -4.00000      -0.04494   23.07692   0.89329   25.74380    0.89329    25.74380
S  rroi       104     1     0.96154      -1.00000      -0.00962    7.69231   0.94281   27.17076    0.94281    27.17076
S  rrri       106     2     1.88679      -2.00000      -0.01887   15.38462   1.40131   40.38446    1.40131    40.38446
S  SUM/AVG    599    13     2.17028     -74.00000      -0.12354   20.00000   3.46844   99.95710    3.46844    99.95710

T best solution: EADARPSolution(t_routing=-1.0, t_excess=-1.0, obj_val=100003.0, obj_val_valid=true,
    unserved_requests=[2, 13, 17], F_visited=[152, 153, 155, 151, 156, 150, 154], S_visited=[159, 158, 157],
    (1, ([143, 29, 99, 38, 108, 66, 63, 133, 136, 37, 34, 104, 107, 46, 116, 150], Float64[], Int64[]))
    (2, ([144, 1, 71, 7, 77, 55, 8, 23, 125, 78, 93, 151], Float64[], Int64[]))
    (3, ([145, 25, 95, 56, 126, 24, 94, 19, 52, 122, 33, 89, 103, 28, 98, 152], Float64[], Int64[]))
    (4, ([146, 47, 20, 90, 117, 35, 16, 105, 86, 44, 114, 11, 81, 15, 70, 85, 140, 30, 100, 6, 10, 76, 80, 60, 130, 65, 45, 115, 135, 159, 153], [139.03242328397275], [30]))
    (5, ([147, 50, 67, 120, 51, 137, 121, 14, 43, 84, 36, 113, 106, 31, 101, 61, 131, 32, 102, 12, 82, 18, 48, 118, 88, 27, 97, 62, 53, 132, 123, 59, 129, 157, 154], [152.3000679184883], [34]))
    (6, ([148, 9, 26, 79, 96, 64, 134, 21, 42, 91, 112, 69, 139, 39, 58, 128, 109, 57, 41, 127, 111, 22, 92, 158, 54, 124, 4, 74, 155], [160.14124919900632], [24]))
    (7, ([149, 5, 75, 40, 110, 68, 138, 3, 49, 73, 119, 156], Float64[], Int64[])))

T best obj: 100003.0
T best iteration: 93
T total iterations: 300
T best time [s]: 2.367
T total time [s]: 3.4699
