EADARP version 585c-dirty
ARGS: --ifile=EADARP/instances/l1/a7-70.txt --infeasible_arcs=EADARP/infeasible_arcs --gamma=0.7 --only_single_s_visits=false --odir=EADARP/out/a7-70 --oname=run2
Settings:
--alns_gamma=0.025
--alns_segment_size=100
--alns_sigma1=10
--alns_sigma2=9
--alns_sigma3=3
--at_most_one_s=false
--gamma=0.7
--ifile=EADARP/instances/l1/a7-70.txt
--infeasible_arcs=EADARP/infeasible_arcs
--insert_charging_otf=true
--insert_cost_noise=0.014
--lns_init_temp_factor=0.0
--lns_temp_dec_factor=0.99
--mh_checkit=false
--mh_lfreq=0
--mh_lnewinc=true
--mh_tciter=-1
--mh_tctime=-1.0
--mh_titer=30000
--mh_tobj=-1.0
--mh_ttime=-1.0
--odir=EADARP/out/a7-70
--oname=run2
--only_single_s_visits=false
--repair_max_routes=0
--seed=1310950685
--use_milp_in_otf=0
--xcheck_isfeasible=false

EADARPInstance(EADARP/instances/l1/a7-70.txt, n=70, n_K=7, S=[157, 158, 159], Q=14.85, n_F=7, γ=0.7, T_plan=600.0, F=[150, 151, 152, 153, 154, 155, 156])

T preprocessing time [s]: 2.53637
I       iter             best          obj_old          obj_new        time              method info
I          1        889.23565     100070.00000        889.23565      0.2453                 con 
I          4        881.73073        889.23565        881.73073      0.3939        drrr_15+rroi 
I          7        876.88180        881.73073        876.88180      0.5705        drrr_15+rrri 
I          8        862.70017        876.88180        862.70017      0.5875        drrr_15+rroi 
I          9        853.53810        862.70017        853.53810      0.6244         drrr_15+rrg 
I         12        851.62382        853.53810        851.62382      0.7418         drrr_15+rrg 
I         14        851.24225        851.62382        851.24225      0.8267        drrr_15+rrri 
I         15        835.79410        851.24225        835.79410      0.8494        drrr_15+rroi 
I         16        835.58957        835.79410        835.58957      0.8714        drrr_15+rroi 
I         19        832.53222        835.58957        832.53222      0.9261         drrr_15+rrg 
I         21        828.89942        832.53222        828.89942      0.9679        drrr_15+rrri 
I         23        828.24635        828.89942        828.24635      1.0137         drrr_15+rrg 
I         28        824.12518        828.24635        824.12518      1.1750        drrr_15+rroi 
I         34        819.35504        824.12518        819.35504      1.3471         drrr_15+rrg 
I         37        817.67010        819.35504        817.67010      1.4216        drrr_15+rrri 
I         43        817.59978        817.67010        817.59978      1.4923         drrr_15+rrg 
I         61        804.67994        817.59978        804.67994      1.6223         drrr_15+rrg 
I         65        801.82547        804.67994        801.82547      1.6473        drrr_15+rroi 
I         68        795.20946        801.82547        795.20946      1.6708         drrr_15+rrg 
I         71        793.37788        795.20946        793.37788      1.7116         drrr_15+rrg 
I         95        790.22069        793.37788        790.22069      1.8875         drrr_15+rrg 
I        106        780.86538        790.22069        780.86538      1.9656         drrr_15+rrg 
I        113        777.09030        780.86538        777.09030      1.9981        drrr_15+rroi 
I        121        775.25191        777.09030        775.25191      2.0112        drrr_15+rroi 
I        143        775.10225        775.25191        775.10225      2.0773         drrr_15+rrg 
I        154        774.18569        775.10225        774.18569      2.1151         drrr_15+rrg 
I        267        772.33105        774.18569        772.33105      2.3679        drrr_15+rroi 
I       1087        772.13721        772.33105        772.13721      3.3135        drrr_15+rrri 
I       1321        768.70895        772.13721        768.70895      3.4721         drrr_15+rrg 
I       1329        768.42939        768.70895        768.42939      3.4784        drrr_15+rrri 
I       1338        768.42939        768.42939        768.42939      3.4830         drrr_15+rrg 
I       5481        768.14939        768.42939        768.14939      5.8684        drrr_15+rroi 
I       5798        767.56985        768.14939        767.56985      6.0622        drrr_15+rrri 
I       5800        767.56985        767.56985        767.56985      6.0632         drrr_15+rrg 
I      10392        767.46339        767.56985        767.46339      8.2763        drrr_15+rroi 
I      10675        767.46339        767.46339        767.46339      8.4381        drrr_15+rrri 
I      12239        763.61036        767.46339        763.61036      9.1273        drrr_15+rrri 
I      30000        763.61036        763.61036        767.49546     15.7660        drrr_15+rrri 

Method statistics
S  method    iter  succ  succ-rate%  tot-obj-gain  avg-obj-gain  rel-succ%  net-time  net-time%  brut-time  brut-time%
S  con          1     1   100.00000  -99180.76435  -99180.76435    1.36986   0.24531    1.55597    0.24531     1.55597
S  drrr_15  29999    36     0.12000    -125.62529      -0.00419   49.31507   0.31239    1.98144    0.31239     1.98144
S  rrg      10007    16     0.15989     -58.00163      -0.00580   21.91781   6.45205   40.92378    6.45205    40.92378
S  rroi      9989    11     0.11012     -52.16944      -0.00522   15.06849   3.62832   23.01355    3.62832    23.01355
S  rrri     10003     9     0.08997     -15.45422      -0.00154   12.32877   5.03285   31.92217    5.03285    31.92217
S  SUM/AVG  59999    73     0.12167  -99432.01493      -1.65723   20.00000  15.67093   99.39690   15.67093    99.39690

T best solution: EADARPSolution(t_routing=938.575, t_excess=238.717, obj_val=763.61, obj_val_valid=true,
    unserved_requests=Int64[], F_visited=[153, 154, 152, 150, 155, 156, 151], S_visited=Int64[],
    (1, ([143, 43, 113, 16, 86, 40, 110, 66, 63, 133, 136, 37, 34, 104, 107, 13, 83, 46, 116, 157, 150], [34.11997758581041], [20]))
    (2, ([144, 2, 72, 11, 81, 41, 111, 30, 100, 22, 92, 158, 17, 87, 54, 124, 4, 74, 151], [68.23699704791012], [12]))
    (3, ([145, 5, 75, 21, 91, 32, 102, 12, 82, 18, 48, 118, 88, 62, 53, 123, 132, 65, 135, 55, 23, 125, 93, 157, 152], [38.943321589127905], [24]))
    (4, ([146, 1, 71, 35, 25, 105, 95, 44, 114, 15, 70, 85, 68, 140, 138, 27, 97, 157, 153], [41.731569129519386], [18]))
    (5, ([147, 67, 51, 121, 137, 14, 84, 36, 31, 106, 101, 7, 77, 45, 115, 8, 78, 157, 154], [40.50865398064419], [18]))
    (6, ([148, 50, 120, 9, 26, 79, 96, 64, 134, 29, 99, 38, 108, 69, 139, 39, 58, 109, 128, 159, 10, 6, 80, 76, 33, 103, 3, 49, 73, 119, 155], [104.1514419909193], [20]))
    (7, ([149, 47, 20, 117, 90, 42, 61, 112, 131, 56, 126, 24, 57, 94, 127, 60, 130, 19, 52, 59, 129, 89, 122, 28, 98, 157, 156], [43.882947191737074], [26])))

T best obj: 763.6103607153581
T best iteration: 12239
T total iterations: 30000
T best time [s]: 9.127
T total time [s]: 15.7660
