EADARP version 585c-dirty
ARGS: --ifile=EADARP/instances/l1/a7-70.txt --infeasible_arcs=EADARP/infeasible_arcs --gamma=0.7 --only_single_s_visits=false --odir=EADARP/out/a7-70 --oname=run23
Settings:
--alns_gamma=0.025
--alns_segment_size=100
--alns_sigma1=10
--alns_sigma2=9
--alns_sigma3=3
--at_most_one_s=false
--gamma=0.7
--ifile=EADARP/instances/l1/a7-70.txt
--infeasible_arcs=EADARP/infeasible_arcs
--insert_charging_otf=true
--insert_cost_noise=0.014
--lns_init_temp_factor=0.0
--lns_temp_dec_factor=0.99
--mh_checkit=false
--mh_lfreq=0
--mh_lnewinc=true
--mh_tciter=-1
--mh_tctime=-1.0
--mh_titer=30000
--mh_tobj=-1.0
--mh_ttime=-1.0
--odir=EADARP/out/a7-70
--oname=run23
--only_single_s_visits=false
--repair_max_routes=0
--seed=1840378258
--use_milp_in_otf=0
--xcheck_isfeasible=false

EADARPInstance(EADARP/instances/l1/a7-70.txt, n=70, n_K=7, S=[157, 158, 159], Q=14.85, n_F=7, γ=0.7, T_plan=600.0, F=[150, 151, 152, 153, 154, 155, 156])

T preprocessing time [s]: 2.57069
I       iter             best          obj_old          obj_new        time              method info
I          1        897.07471     100070.00000        897.07471      0.2994                 con 
I          3        888.16756        897.07471        888.16756      0.4447        drrr_15+rrri 
I          5        875.64344        888.16756        875.64344      0.5315         drrr_15+rrg 
I          6        872.04457        875.64344        872.04457      0.5993         drrr_15+rrg 
I          8        871.22741        872.04457        871.22741      0.7016         drrr_15+rrg 
I          9        856.24085        871.22741        856.24085      0.7409        drrr_15+rrri 
I         10        836.60603        856.24085        836.60603      0.7963        drrr_15+rrri 
I         14        830.65855        836.60603        830.65855      0.9352        drrr_15+rrri 
I         15        829.98153        830.65855        829.98153      0.9533        drrr_15+rroi 
I         17        827.04846        829.98153        827.04846      1.0016        drrr_15+rrri 
I         20        821.56324        827.04846        821.56324      1.0622        drrr_15+rroi 
I         21        811.61965        821.56324        811.61965      1.0824        drrr_15+rrri 
I         28        810.94186        811.61965        810.94186      1.1634        drrr_15+rroi 
I         29        808.85646        810.94186        808.85646      1.1816        drrr_15+rrri 
I         31        807.92636        808.85646        807.92636      1.2117        drrr_15+rroi 
I         32        806.54903        807.92636        806.54903      1.2119        drrr_15+rrri 
I         33        803.35493        806.54903        803.35493      1.2188        drrr_15+rrri 
I         42        801.79303        803.35493        801.79303      1.3363         drrr_15+rrg 
I         54        798.32308        801.79303        798.32308      1.4094         drrr_15+rrg 
I         55        794.85031        798.32308        794.85031      1.4134        drrr_15+rrri 
I         89        794.54799        794.85031        794.54799      1.6377         drrr_15+rrg 
I         93        793.62905        794.54799        793.62905      1.6495        drrr_15+rrri 
I         94        793.04444        793.62905        793.04444      1.6616         drrr_15+rrg 
I        165        792.72277        793.04444        792.72277      2.0097        drrr_15+rrri 
I        178        791.52947        792.72277        791.52947      2.0800        drrr_15+rrri 
I        179        786.67811        791.52947        786.67811      2.0864        drrr_15+rrri 
I        250        783.90609        786.67811        783.90609      2.4190        drrr_15+rrri 
I        255        782.89800        783.90609        782.89800      2.4278         drrr_15+rrg 
I        267        782.14096        782.89800        782.14096      2.4780        drrr_15+rroi 
I        376        782.05727        782.14096        782.05727      2.6530         drrr_15+rrg 
I        459        781.48927        782.05727        781.48927      2.7643        drrr_15+rrri 
I        488        779.95732        781.48927        779.95732      2.8077        drrr_15+rroi 
I        501        779.84383        779.95732        779.84383      2.8151         drrr_15+rrg 
I        588        779.31927        779.84383        779.31927      2.8950         drrr_15+rrg 
I        671        777.59861        779.31927        777.59861      2.9727        drrr_15+rrri 
I        733        777.39046        777.59861        777.39046      3.0302        drrr_15+rroi 
I       2007        774.41016        777.39046        774.41016      4.0210        drrr_15+rrri 
I       2011        773.59649        774.41016        773.59649      4.0227         drrr_15+rrg 
I       3289        773.23893        773.59649        773.23893      5.0097        drrr_15+rrri 
I       4507        772.98567        773.23893        772.98567      5.6925        drrr_15+rrri 
I       5701        772.68167        772.98567        772.68167      6.3932         drrr_15+rrg 
I      30000        772.68167        772.68167        779.59302     16.3168        drrr_15+rroi 

Method statistics
S  method    iter  succ  succ-rate%  tot-obj-gain  avg-obj-gain  rel-succ%  net-time  net-time%  brut-time  brut-time%
S  con          1     1   100.00000  -99172.92529  -99172.92529    1.23457   0.29941    1.83495    0.29941     1.83495
S  drrr_15  29999    40     0.13334    -124.39304      -0.00415   49.38272   0.31490    1.92992    0.31490     1.92992
S  rrg       9917    13     0.13109     -25.70642      -0.00259   16.04938   6.41023   39.28592    6.41023    39.28592
S  rroi     10096     7     0.06933     -10.26727      -0.00102    8.64198   4.23372   25.94686    4.23372    25.94686
S  rrri      9986    20     0.20028     -88.41935      -0.00885   24.69136   4.97767   30.50628    4.97767    30.50628
S  SUM/AVG  59999    81     0.13500  -99421.71136      -1.65706   20.00000  16.23593   99.50393   16.23593    99.50393

T best solution: EADARPSolution(t_routing=950.051, t_excess=240.574, obj_val=772.682, obj_val_valid=true,
    unserved_requests=Int64[], F_visited=[155, 151, 150, 154, 152, 156, 153], S_visited=Int64[],
    (1, ([143, 43, 113, 10, 6, 80, 76, 33, 103, 3, 49, 73, 119, 157, 150], [3.2413389659026848], [14]))
    (2, ([144, 47, 20, 117, 90, 42, 61, 112, 131, 56, 126, 66, 63, 133, 136, 54, 124, 4, 74, 157, 151], [20.902304980952024], [20]))
    (3, ([145, 1, 71, 35, 16, 105, 86, 29, 99, 38, 108, 69, 139, 39, 109, 40, 110, 24, 57, 48, 94, 127, 118, 60, 130, 19, 52, 59, 129, 89, 122, 28, 98, 157, 152], [110.64184556150937], [34]))
    (4, ([146, 5, 75, 21, 91, 32, 102, 12, 82, 18, 68, 138, 88, 27, 97, 65, 135, 37, 34, 104, 107, 13, 83, 157, 153], [46.58106990878325], [24]))
    (5, ([147, 67, 51, 121, 137, 14, 84, 36, 31, 106, 101, 159, 22, 92, 62, 53, 132, 123, 17, 87, 8, 78, 157, 154], [84.47231770242522, 0.9856736829459352], [12, 23]))
    (6, ([148, 2, 72, 15, 85, 30, 100, 7, 77, 45, 115, 55, 23, 125, 93, 157, 155], [27.82850607054221], [16]))
    (7, ([149, 50, 120, 9, 26, 79, 96, 64, 134, 25, 95, 44, 114, 11, 81, 58, 128, 70, 41, 140, 111, 46, 116, 157, 156], [88.39768442286339], [24])))

T best obj: 772.6816737806623
T best iteration: 5701
T total iterations: 30000
T best time [s]: 6.393
T total time [s]: 16.3169
