EADARP version 2def-dirty
ARGS: --ifile=EADARP/instances/l1/a7-70.txt --odir=EADARP/out/a7-70 --oname=run20
Settings:
--alns_gamma=0.025
--alns_segment_size=100
--alns_sigma1=10
--alns_sigma2=9
--alns_sigma3=3
--at_most_one_s=false
--gamma=-1.0
--ifile=EADARP/instances/l1/a7-70.txt
--insert_charging_otf=true
--insert_cost_noise=0.014
--lns_init_temp_factor=0.0
--lns_temp_dec_factor=0.99
--mh_checkit=false
--mh_lfreq=0
--mh_lnewinc=true
--mh_tciter=-1
--mh_tctime=-1.0
--mh_titer=300
--mh_tobj=-1.0
--mh_ttime=-1.0
--odir=EADARP/out/a7-70
--oname=run20
--only_single_s_visits=true
--repair_max_routes=0
--seed=1977129947
--use_milp_in_otf=0
--xcheck_isfeasible=false

EADARPInstance(EADARP/instances/l1/a7-70.txt, n=70, n_K=7, S=[157, 158, 159], Q=14.85, n_F=7, γ=0.7, T_plan=600.0, F=[150, 151, 152, 153, 154, 155, 156])

T preprocessing time [s]: 2.38737
I       iter             best          obj_old          obj_new        time              method info
I          1     100011.00000     100070.00000     100011.00000      0.2312                 con 
I          3     100009.00000     100011.00000     100009.00000      0.3176         drrr_15+rrg 
I          6     100008.00000     100009.00000     100008.00000      0.4795        drrr_15+rrri 
I          7     100007.00000     100008.00000     100007.00000      0.5443        drrr_15+rrri 
I         20     100006.00000     100007.00000     100006.00000      1.0024         drrr_15+rrg 
I         22     100004.00000     100006.00000     100004.00000      1.0770        drrr_15+rrri 
I        237     100003.00000     100004.00000     100003.00000      3.7225        drrr_15+rrri 
I        300     100003.00000     100003.00000     100003.00000      4.1546         drrr_15+rrg 

Method statistics
S  method    iter  succ  succ-rate%  tot-obj-gain  avg-obj-gain  rel-succ%  net-time  net-time%  brut-time  brut-time%
S  con          1     1   100.00000     -59.00000     -59.00000    7.69231   0.23115    5.56371    0.23115     5.56371
S  drrr_15    299     6     2.00669      -8.00000      -0.02676   46.15385   0.01161    0.27950    0.01161     0.27950
S  rrg        107     2     1.86916      -3.00000      -0.02804   15.38462   1.47473   35.49560    1.47473    35.49560
S  rroi        92     0     0.00000       0.00000       0.00000    0.00000   1.04101   25.05631    1.04101    25.05631
S  rrri       100     4     4.00000      -5.00000      -0.05000   30.76923   1.39463   33.56775    1.39463    33.56775
S  SUM/AVG    599    13     2.17028     -75.00000      -0.12521   20.00000   4.15313   99.96287    4.15313    99.96287

T best solution: EADARPSolution(t_routing=-1.0, t_excess=-1.0, obj_val=100003.0, obj_val_valid=true,
    unserved_requests=[44, 57, 2], F_visited=[154, 156, 151, 150, 155, 153, 152], S_visited=[158, 157, 159],
    (1, ([143, 12, 82, 7, 77, 65, 135, 55, 8, 23, 125, 78, 93, 150], Float64[], Int64[]))
    (2, ([144, 50, 120, 1, 35, 71, 105, 31, 101, 42, 61, 112, 131, 69, 56, 126, 139, 58, 40, 110, 128, 70, 41, 140, 111, 37, 34, 104, 107, 158, 151], [130.07559864109282], [30]))
    (3, ([145, 9, 26, 79, 96, 5, 75, 38, 11, 108, 39, 81, 109, 15, 66, 85, 30, 136, 100, 22, 92, 6, 10, 80, 76, 33, 103, 159, 152], [141.08117724775224], [28]))
    (4, ([146, 47, 20, 117, 90, 64, 134, 17, 87, 54, 124, 4, 74, 153], Float64[], Int64[]))
    (5, ([147, 68, 138, 60, 130, 19, 52, 59, 129, 89, 122, 28, 13, 83, 98, 154], Float64[], Int64[]))
    (6, ([148, 67, 51, 121, 137, 14, 43, 84, 36, 113, 106, 16, 86, 21, 91, 32, 102, 24, 63, 133, 18, 48, 94, 118, 88, 27, 97, 157, 3, 49, 73, 119, 155], [144.71174469060742], [28]))
    (7, ([149, 25, 95, 29, 99, 62, 53, 123, 132, 45, 115, 46, 116, 156], Float64[], Int64[])))

T best obj: 100003.0
T best iteration: 237
T total iterations: 300
T best time [s]: 3.722
T total time [s]: 4.1547
