EADARP version 585c-dirty
ARGS: --ifile=EADARP/instances/l1/a7-70.txt --infeasible_arcs=EADARP/infeasible_arcs --gamma=0.7 --only_single_s_visits=false --odir=EADARP/out/a7-70 --oname=run27
Settings:
--alns_gamma=0.025
--alns_segment_size=100
--alns_sigma1=10
--alns_sigma2=9
--alns_sigma3=3
--at_most_one_s=false
--gamma=0.7
--ifile=EADARP/instances/l1/a7-70.txt
--infeasible_arcs=EADARP/infeasible_arcs
--insert_charging_otf=true
--insert_cost_noise=0.014
--lns_init_temp_factor=0.0
--lns_temp_dec_factor=0.99
--mh_checkit=false
--mh_lfreq=0
--mh_lnewinc=true
--mh_tciter=-1
--mh_tctime=-1.0
--mh_titer=30000
--mh_tobj=-1.0
--mh_ttime=-1.0
--odir=EADARP/out/a7-70
--oname=run27
--only_single_s_visits=false
--repair_max_routes=0
--seed=1588075951
--use_milp_in_otf=0
--xcheck_isfeasible=false

EADARPInstance(EADARP/instances/l1/a7-70.txt, n=70, n_K=7, S=[157, 158, 159], Q=14.85, n_F=7, γ=0.7, T_plan=600.0, F=[150, 151, 152, 153, 154, 155, 156])

T preprocessing time [s]: 2.52206
I       iter             best          obj_old          obj_new        time              method info
I          1        888.03628     100070.00000        888.03628      0.2876                 con 
I          2        863.43733        888.03628        863.43733      0.3700        drrr_15+rrri 
I          4        850.23943        863.43733        850.23943      0.4584        drrr_15+rrri 
I          6        849.59180        850.23943        849.59180      0.5529        drrr_15+rroi 
I         12        848.86930        849.59180        848.86930      0.8997        drrr_15+rroi 
I         14        845.08081        848.86930        845.08081      0.9415        drrr_15+rrri 
I         16        837.60897        845.08081        837.60897      1.0398        drrr_15+rroi 
I         18        837.40218        837.60897        837.40218      1.1136        drrr_15+rrri 
I         21        832.68581        837.40218        832.68581      1.1757        drrr_15+rroi 
I         22        821.27161        832.68581        821.27161      1.1885         drrr_15+rrg 
I         27        820.55931        821.27161        820.55931      1.2767         drrr_15+rrg 
I         28        816.66243        820.55931        816.66243      1.2853         drrr_15+rrg 
I         29        813.19497        816.66243        813.19497      1.3124         drrr_15+rrg 
I         36        809.69177        813.19497        809.69177      1.4553        drrr_15+rrri 
I         37        808.84517        809.69177        808.84517      1.4678        drrr_15+rrri 
I         38        804.88255        808.84517        804.88255      1.4742        drrr_15+rrri 
I         40        802.63077        804.88255        802.63077      1.5017        drrr_15+rrri 
I         71        802.22679        802.63077        802.22679      1.7504        drrr_15+rrri 
I         80        802.12920        802.22679        802.12920      1.7782        drrr_15+rroi 
I         87        801.27914        802.12920        801.27914      1.7934         drrr_15+rrg 
I         97        801.17760        801.27914        801.17760      1.9002         drrr_15+rrg 
I        101        797.69167        801.17760        797.69167      1.9221         drrr_15+rrg 
I        114        796.13156        797.69167        796.13156      1.9896        drrr_15+rrri 
I        144        793.13500        796.13156        793.13500      2.1399        drrr_15+rroi 
I        168        792.69364        793.13500        792.69364      2.1900        drrr_15+rroi 
I        179        790.72781        792.69364        790.72781      2.2189         drrr_15+rrg 
I        188        789.77700        790.72781        789.77700      2.2985        drrr_15+rroi 
I        204        789.31862        789.77700        789.31862      2.3258        drrr_15+rrri 
I        207        787.03379        789.31862        787.03379      2.3464        drrr_15+rrri 
I        215        783.13488        787.03379        783.13488      2.4018        drrr_15+rrri 
I        220        780.83830        783.13488        780.83830      2.4081         drrr_15+rrg 
I        248        780.59897        780.83830        780.59897      2.5307         drrr_15+rrg 
I        458        779.22505        780.59897        779.22505      2.9214         drrr_15+rrg 
I        461        776.89115        779.22505        776.89115      2.9349         drrr_15+rrg 
I        615        776.01864        776.89115        776.01864      3.1343         drrr_15+rrg 
I        747        775.64013        776.01864        775.64013      3.2296         drrr_15+rrg 
I       1390        774.93659        775.64013        774.93659      3.8300         drrr_15+rrg 
I       1393        773.63009        774.93659        773.63009      3.8349        drrr_15+rrri 
I       1570        772.18125        773.63009        772.18125      4.1501         drrr_15+rrg 
I      30000        772.18125        772.18125        772.18125     15.6070         drrr_15+rrg 

Method statistics
S  method    iter  succ  succ-rate%  tot-obj-gain  avg-obj-gain  rel-succ%  net-time  net-time%  brut-time  brut-time%
S  con          1     1   100.00000  -99181.96372  -99181.96372    1.29870   0.28753    1.84231    0.28753     1.84231
S  drrr_15  29999    38     0.12667    -115.85503      -0.00386   49.35065   0.29642    1.89926    0.29642     1.89926
S  rrg       9977    16     0.16037     -35.54134      -0.00356   20.77922   6.33659   40.60082    6.33659    40.60082
S  rroi      9967     8     0.08026     -18.04465      -0.00181   10.38961   3.88652   24.90235    3.88652    24.90235
S  rrri     10055    14     0.13923     -62.26905      -0.00619   18.18182   4.72844   30.29682    4.72844    30.29682
S  SUM/AVG  59999    77     0.12834  -99413.67379      -1.65692   20.00000  15.53549   99.54156   15.53549    99.54156

T best solution: EADARPSolution(t_routing=950.409, t_excess=237.497, obj_val=772.181, obj_val_valid=true,
    unserved_requests=Int64[], F_visited=[156, 153, 154, 151, 152, 150, 155], S_visited=Int64[],
    (1, ([143, 50, 120, 9, 26, 79, 96, 64, 134, 25, 95, 44, 114, 7, 77, 45, 115, 55, 23, 125, 93, 157, 150], [62.121693281126724], [22]))
    (2, ([144, 1, 71, 35, 16, 105, 86, 29, 99, 38, 108, 69, 139, 39, 58, 109, 128, 70, 41, 140, 111, 46, 116, 157, 151], [65.19505121523005], [24]))
    (3, ([145, 67, 51, 121, 137, 14, 84, 36, 31, 106, 101, 15, 85, 30, 100, 22, 92, 37, 34, 104, 107, 13, 83, 157, 152], [100.4089639892414], [24]))
    (4, ([146, 5, 75, 21, 91, 32, 102, 12, 82, 18, 68, 138, 88, 27, 97, 19, 52, 59, 129, 89, 122, 28, 98, 157, 153], [42.46532299555797], [24]))
    (5, ([147, 47, 20, 117, 90, 42, 112, 56, 126, 40, 110, 158, 66, 63, 133, 136, 6, 10, 76, 80, 62, 53, 132, 123, 17, 87, 8, 78, 157, 154], [17.97242193338378, 64.06267937242933], [12, 29]))
    (6, ([148, 43, 113, 61, 131, 24, 57, 48, 94, 127, 118, 60, 130, 65, 135, 54, 124, 4, 74, 157, 155], [21.11987943657719], [20]))
    (7, ([149, 2, 72, 11, 81, 33, 103, 3, 49, 73, 119, 157, 156], [10.063313866154289], [12])))

T best obj: 772.1812455832938
T best iteration: 1570
T total iterations: 30000
T best time [s]: 4.150
T total time [s]: 15.6070
