EADARP version 2def-dirty
ARGS: --ifile=EADARP/instances/l1/a7-70.txt --odir=EADARP/out/a7-70 --oname=run31
Settings:
--alns_gamma=0.025
--alns_segment_size=100
--alns_sigma1=10
--alns_sigma2=9
--alns_sigma3=3
--at_most_one_s=false
--gamma=-1.0
--ifile=EADARP/instances/l1/a7-70.txt
--insert_charging_otf=true
--insert_cost_noise=0.014
--lns_init_temp_factor=0.0
--lns_temp_dec_factor=0.99
--mh_checkit=false
--mh_lfreq=0
--mh_lnewinc=true
--mh_tciter=-1
--mh_tctime=-1.0
--mh_titer=300
--mh_tobj=-1.0
--mh_ttime=-1.0
--odir=EADARP/out/a7-70
--oname=run31
--only_single_s_visits=true
--repair_max_routes=0
--seed=1416641958
--use_milp_in_otf=0
--xcheck_isfeasible=false

EADARPInstance(EADARP/instances/l1/a7-70.txt, n=70, n_K=7, S=[157, 158, 159], Q=14.85, n_F=7, γ=0.7, T_plan=600.0, F=[150, 151, 152, 153, 154, 155, 156])

T preprocessing time [s]: 2.39359
I       iter             best          obj_old          obj_new        time              method info
I          1     100011.00000     100070.00000     100011.00000      0.2545                 con 
I          5     100009.00000     100011.00000     100009.00000      0.6170         drrr_15+rrg 
I          7     100008.00000     100009.00000     100008.00000      0.7151         drrr_15+rrg 
I         14     100007.00000     100008.00000     100007.00000      0.9795         drrr_15+rrg 
I         27     100006.00000     100007.00000     100006.00000      1.3796         drrr_15+rrg 
I         50     100005.00000     100006.00000     100005.00000      1.7665        drrr_15+rrri 
I        100     100004.00000     100005.00000     100004.00000      2.4136        drrr_15+rrri 
I        130     100003.00000     100004.00000     100003.00000      2.5993        drrr_15+rrri 
I        300     100003.00000     100003.00000     100004.00000      3.2777        drrr_15+rroi 

Method statistics
S  method    iter  succ  succ-rate%  tot-obj-gain  avg-obj-gain  rel-succ%  net-time  net-time%  brut-time  brut-time%
S  con          1     1   100.00000     -59.00000     -59.00000    6.66667   0.25444    7.76277    0.25444     7.76277
S  drrr_15    299     7     2.34114      -8.00000      -0.02676   46.66667   0.00514    0.15689    0.00514     0.15689
S  rrg        108     4     3.70370      -5.00000      -0.04630   26.66667   1.48772   45.38837    1.48772    45.38837
S  rroi       100     0     0.00000       0.00000       0.00000    0.00000   0.76136   23.22801    0.76136    23.22801
S  rrri        91     3     3.29670      -3.00000      -0.03297   20.00000   0.76759   23.41809    0.76759    23.41809
S  SUM/AVG    599    15     2.50417     -75.00000      -0.12521   20.00000   3.27624   99.95413    3.27624    99.95413

T best solution: EADARPSolution(t_routing=-1.0, t_excess=-1.0, obj_val=100003.0, obj_val_valid=true,
    unserved_requests=[45, 17, 1], F_visited=[153, 152, 151, 156, 155, 150, 154], S_visited=[158, 159, 157],
    (1, ([143, 44, 114, 7, 77, 60, 130, 52, 19, 89, 122, 28, 98, 150], Float64[], Int64[]))
    (2, ([144, 50, 67, 120, 51, 137, 121, 14, 43, 84, 36, 113, 106, 16, 86, 29, 99, 38, 108, 39, 109, 12, 82, 57, 18, 127, 88, 22, 92, 27, 97, 53, 123, 157, 151], [186.06322525704522], [34]))
    (3, ([145, 2, 72, 35, 105, 31, 101, 42, 112, 11, 81, 58, 40, 110, 128, 41, 111, 158, 13, 83, 3, 49, 73, 119, 152], [146.4189295478659], [18]))
    (4, ([146, 9, 26, 79, 96, 64, 134, 25, 95, 21, 61, 91, 131, 69, 56, 126, 139, 66, 136, 48, 118, 30, 100, 6, 10, 80, 76, 33, 59, 129, 103, 159, 153], [145.23482733354012], [32]))
    (5, ([147, 5, 75, 63, 24, 133, 94, 65, 135, 55, 8, 23, 125, 78, 93, 154], Float64[], Int64[]))
    (6, ([148, 47, 20, 117, 90, 32, 102, 37, 34, 104, 107, 46, 116, 155], Float64[], Int64[]))
    (7, ([149, 15, 70, 85, 68, 140, 138, 62, 132, 54, 124, 4, 74, 156], Float64[], Int64[])))

T best obj: 100003.0
T best iteration: 130
T total iterations: 300
T best time [s]: 2.599
T total time [s]: 3.2777
