EADARP version 585c-dirty
ARGS: --ifile=EADARP/instances/l1/a7-70.txt --infeasible_arcs=EADARP/infeasible_arcs --gamma=0.7 --only_single_s_visits=false --odir=EADARP/out/a7-70 --oname=run41
Settings:
--alns_gamma=0.025
--alns_segment_size=100
--alns_sigma1=10
--alns_sigma2=9
--alns_sigma3=3
--at_most_one_s=false
--gamma=0.7
--ifile=EADARP/instances/l1/a7-70.txt
--infeasible_arcs=EADARP/infeasible_arcs
--insert_charging_otf=true
--insert_cost_noise=0.014
--lns_init_temp_factor=0.0
--lns_temp_dec_factor=0.99
--mh_checkit=false
--mh_lfreq=0
--mh_lnewinc=true
--mh_tciter=-1
--mh_tctime=-1.0
--mh_titer=30000
--mh_tobj=-1.0
--mh_ttime=-1.0
--odir=EADARP/out/a7-70
--oname=run41
--only_single_s_visits=false
--repair_max_routes=0
--seed=633429430
--use_milp_in_otf=0
--xcheck_isfeasible=false

EADARPInstance(EADARP/instances/l1/a7-70.txt, n=70, n_K=7, S=[157, 158, 159], Q=14.85, n_F=7, γ=0.7, T_plan=600.0, F=[150, 151, 152, 153, 154, 155, 156])

T preprocessing time [s]: 2.50936
I       iter             best          obj_old          obj_new        time              method info
I          1        894.39443     100070.00000        894.39443      0.2725                 con 
I          3        881.99881        894.39443        881.99881      0.4389         drrr_15+rrg 
I          4        867.25877        881.99881        867.25877      0.4799        drrr_15+rroi 
I          5        866.43112        867.25877        866.43112      0.5541        drrr_15+rroi 
I          6        852.17067        866.43112        852.17067      0.5754        drrr_15+rrri 
I          8        838.15313        852.17067        838.15313      0.6436         drrr_15+rrg 
I         12        837.33688        838.15313        837.33688      0.7152        drrr_15+rroi 
I         16        834.35058        837.33688        834.35058      0.8100        drrr_15+rroi 
I         21        830.11164        834.35058        830.11164      0.9470         drrr_15+rrg 
I         28        826.30354        830.11164        826.30354      1.0684        drrr_15+rroi 
I         38        825.56205        826.30354        825.56205      1.2075        drrr_15+rroi 
I         41        820.91620        825.56205        820.91620      1.2311         drrr_15+rrg 
I         43        818.30034        820.91620        818.30034      1.2643        drrr_15+rroi 
I         47        814.32973        818.30034        814.32973      1.3204         drrr_15+rrg 
I         51        813.41317        814.32973        813.41317      1.3560        drrr_15+rrri 
I         56        811.84720        813.41317        811.84720      1.4091         drrr_15+rrg 
I         57        810.93064        811.84720        810.93064      1.4175        drrr_15+rroi 
I         89        808.90724        810.93064        808.90724      1.6722        drrr_15+rrri 
I         94        808.50268        808.90724        808.50268      1.6969         drrr_15+rrg 
I         95        804.64978        808.50268        804.64978      1.7013         drrr_15+rrg 
I        136        800.94196        804.64978        800.94196      1.8630        drrr_15+rroi 
I        187        800.43399        800.94196        800.43399      2.0591         drrr_15+rrg 
I        194        798.63822        800.43399        798.63822      2.0617        drrr_15+rrri 
I        248        795.61784        798.63822        795.61784      2.1210        drrr_15+rrri 
I        254        795.19662        795.61784        795.19662      2.1416         drrr_15+rrg 
I        312        794.48327        795.19662        794.48327      2.2195         drrr_15+rrg 
I        528        794.16179        794.48327        794.16179      2.5118         drrr_15+rrg 
I        541        792.82933        794.16179        792.82933      2.5314        drrr_15+rrri 
I        554        791.83325        792.82933        791.83325      2.6352        drrr_15+rrri 
I        571        791.75594        791.83325        791.75594      2.6984        drrr_15+rroi 
I        658        789.67874        791.75594        789.67874      2.8203        drrr_15+rroi 
I        674        789.44133        789.67874        789.44133      2.8389        drrr_15+rroi 
I        678        783.54739        789.44133        783.54739      2.8414        drrr_15+rrri 
I        680        783.47008        783.54739        783.47008      2.8418        drrr_15+rroi 
I        696        779.92486        783.47008        779.92486      2.9141        drrr_15+rroi 
I        714        777.94522        779.92486        777.94522      2.9315         drrr_15+rrg 
I        735        777.66666        777.94522        777.66666      2.9668        drrr_15+rrri 
I        739        777.58935        777.66666        777.58935      2.9924         drrr_15+rrg 
I       1115        776.59485        777.58935        776.59485      3.3541         drrr_15+rrg 
I       1116        776.51755        776.59485        776.51755      3.3546         drrr_15+rrg 
I      17374        773.60341        776.51755        773.60341     10.8361         drrr_15+rrg 
I      30000        773.60341        773.60341        773.68072     15.8574        drrr_15+rroi 

Method statistics
S  method    iter  succ  succ-rate%  tot-obj-gain  avg-obj-gain  rel-succ%  net-time  net-time%  brut-time  brut-time%
S  con          1     1   100.00000  -99175.60557  -99175.60557    1.23457   0.27251    1.71848    0.27251     1.71848
S  drrr_15  29999    40     0.13334    -120.79102      -0.00403   49.38272   0.33547    2.11554    0.33547     2.11554
S  rrg       9956    17     0.17075     -53.09889      -0.00533   20.98765   6.42010   40.48633    6.42010    40.48633
S  rroi     10105    14     0.13855     -37.17452      -0.00368   17.28395   3.74802   23.63569    3.74802    23.63569
S  rrri      9938     9     0.09056     -30.51761      -0.00307   11.11111   5.02813   31.70832    5.02813    31.70832
S  SUM/AVG  59999    81     0.13500  -99417.18760      -1.65698   20.00000  15.80424   99.66435   15.80424    99.66435

T best solution: EADARPSolution(t_routing=949.568, t_excess=245.709, obj_val=773.603, obj_val_valid=true,
    unserved_requests=Int64[], F_visited=[150, 151, 152, 155, 153, 154, 156], S_visited=Int64[],
    (1, ([143, 2, 72, 35, 105, 29, 99, 38, 108, 40, 110, 66, 63, 133, 136, 159, 19, 52, 59, 129, 89, 122, 3, 49, 73, 119, 150], [97.5573771716765], [16]))
    (2, ([144, 5, 75, 21, 91, 32, 102, 12, 82, 18, 68, 138, 88, 27, 97, 53, 123, 37, 34, 104, 107, 13, 83, 157, 151], [50.91086416189682], [24]))
    (3, ([145, 1, 71, 16, 25, 86, 95, 69, 139, 39, 58, 109, 128, 15, 70, 85, 140, 30, 100, 6, 10, 80, 76, 33, 103, 28, 98, 157, 152], [85.03064785448029], [28]))
    (4, ([146, 43, 113, 22, 92, 17, 87, 54, 124, 4, 74, 153], Float64[], Int64[]))
    (5, ([147, 67, 51, 121, 137, 14, 84, 36, 31, 106, 101, 7, 77, 45, 115, 8, 78, 157, 154], [40.50865398064419], [18]))
    (6, ([148, 47, 20, 117, 90, 42, 61, 112, 131, 56, 126, 24, 57, 48, 94, 127, 118, 62, 60, 130, 132, 65, 135, 55, 23, 125, 93, 157, 155], [54.352159938978694], [28]))
    (7, ([149, 50, 120, 9, 26, 79, 96, 64, 134, 44, 114, 11, 81, 41, 111, 46, 116, 157, 156], [58.445948233382886], [18])))

T best obj: 773.6034134259703
T best iteration: 17374
T total iterations: 30000
T best time [s]: 10.836
T total time [s]: 15.8575
