EADARP version 585c-dirty
ARGS: --ifile=EADARP/instances/l1/a7-70.txt --infeasible_arcs=EADARP/infeasible_arcs --gamma=0.7 --only_single_s_visits=false --odir=EADARP/out/a7-70 --oname=run55
Settings:
--alns_gamma=0.025
--alns_segment_size=100
--alns_sigma1=10
--alns_sigma2=9
--alns_sigma3=3
--at_most_one_s=false
--gamma=0.7
--ifile=EADARP/instances/l1/a7-70.txt
--infeasible_arcs=EADARP/infeasible_arcs
--insert_charging_otf=true
--insert_cost_noise=0.014
--lns_init_temp_factor=0.0
--lns_temp_dec_factor=0.99
--mh_checkit=false
--mh_lfreq=0
--mh_lnewinc=true
--mh_tciter=-1
--mh_tctime=-1.0
--mh_titer=30000
--mh_tobj=-1.0
--mh_ttime=-1.0
--odir=EADARP/out/a7-70
--oname=run55
--only_single_s_visits=false
--repair_max_routes=0
--seed=163997712
--use_milp_in_otf=0
--xcheck_isfeasible=false

EADARPInstance(EADARP/instances/l1/a7-70.txt, n=70, n_K=7, S=[157, 158, 159], Q=14.85, n_F=7, γ=0.7, T_plan=600.0, F=[150, 151, 152, 153, 154, 155, 156])

T preprocessing time [s]: 2.59196
I       iter             best          obj_old          obj_new        time              method info
I          1        883.04449     100070.00000        883.04449      0.2313                 con 
I          2        863.36767        883.04449        863.36767      0.3320        drrr_15+rrri 
I          3        853.59374        863.36767        853.59374      0.4197         drrr_15+rrg 
I          4        839.53303        853.59374        839.53303      0.4993        drrr_15+rrri 
I          5        832.67467        839.53303        832.67467      0.5201        drrr_15+rroi 
I          7        830.49725        832.67467        830.49725      0.5785        drrr_15+rroi 
I          9        829.26091        830.49725        829.26091      0.6360        drrr_15+rroi 
I         13        828.25794        829.26091        828.25794      0.7161        drrr_15+rroi 
I         14        824.37419        828.25794        824.37419      0.7331         drrr_15+rrg 
I         15        823.98210        824.37419        823.98210      0.7587         drrr_15+rrg 
I         16        821.65089        823.98210        821.65089      0.7897        drrr_15+rroi 
I         17        821.24215        821.65089        821.24215      0.8270        drrr_15+rroi 
I         20        816.50604        821.24215        816.50604      0.9169         drrr_15+rrg 
I         21        815.40354        816.50604        815.40354      0.9613         drrr_15+rrg 
I         25        812.76298        815.40354        812.76298      1.0707         drrr_15+rrg 
I         27        808.02563        812.76298        808.02563      1.0998         drrr_15+rrg 
I         28        807.05954        808.02563        807.05954      1.1136        drrr_15+rrri 
I         30        801.76100        807.05954        801.76100      1.1639        drrr_15+rroi 
I         34        801.04667        801.76100        801.04667      1.2411         drrr_15+rrg 
I         42        800.43623        801.04667        800.43623      1.3055        drrr_15+rroi 
I         44        799.29636        800.43623        799.29636      1.3126        drrr_15+rroi 
I         63        796.66988        799.29636        796.66988      1.4509         drrr_15+rrg 
I         64        794.76625        796.66988        794.76625      1.4631         drrr_15+rrg 
I         68        793.98606        794.76625        793.98606      1.4814         drrr_15+rrg 
I        126        793.47981        793.98606        793.47981      1.7868         drrr_15+rrg 
I        127        793.42527        793.47981        793.42527      1.7871        drrr_15+rrri 
I        201        792.42949        793.42527        792.42949      1.9358        drrr_15+rroi 
I        203        790.12178        792.42949        790.12178      1.9469         drrr_15+rrg 
I        595        790.10774        790.12178        790.10774      2.6976         drrr_15+rrg 
I        842        789.03593        790.10774        789.03593      3.0797        drrr_15+rroi 
I        896        789.03113        789.03593        789.03113      3.1161        drrr_15+rroi 
I        906        788.62570        789.03113        788.62570      3.1380        drrr_15+rrri 
I        975        786.33783        788.62570        786.33783      3.1934        drrr_15+rrri 
I       1041        786.12770        786.33783        786.12770      3.2631        drrr_15+rrri 
I       1330        785.19437        786.12770        785.19437      3.5691        drrr_15+rrri 
I       1332        784.57264        785.19437        784.57264      3.5709        drrr_15+rrri 
I       1347        783.75915        784.57264        783.75915      3.5802         drrr_15+rrg 
I       3771        783.50588        783.75915        783.50588      4.9918        drrr_15+rrri 
I       9265        783.23630        783.50588        783.23630      7.6318        drrr_15+rrri 
I      13052        780.52866        783.23630        780.52866      9.2699        drrr_15+rrri 
I      13200        780.14264        780.52866        780.14264      9.3266        drrr_15+rroi 
I      15641        779.02760        780.14264        779.02760     10.3758         drrr_15+rrg 
I      15643        778.43814        779.02760        778.43814     10.3767         drrr_15+rrg 
I      15676        777.89270        778.43814        777.89270     10.4043        drrr_15+rrri 
I      15706        776.97614        777.89270        776.97614     10.4385        drrr_15+rrri 
I      15960        776.72344        776.97614        776.72344     10.5553        drrr_15+rroi 
I      15962        775.86291        776.72344        775.86291     10.5561        drrr_15+rroi 
I      16023        774.16695        775.86291        774.16695     10.5990        drrr_15+rrri 
I      29839        772.01097        774.16695        772.01097     16.0873        drrr_15+rrri 
I      29860        769.75920        772.01097        769.75920     16.1008         drrr_15+rrg 
I      29880        768.26783        769.75920        768.26783     16.1209        drrr_15+rroi 
I      30000        768.26783        768.26783        797.78243     16.1648        drrr_15+rroi 

Method statistics
S  method    iter  succ  succ-rate%  tot-obj-gain  avg-obj-gain  rel-succ%  net-time  net-time%  brut-time  brut-time%
S  con          1     1   100.00000  -99186.95551  -99186.95551    0.99010   0.23124    1.43053    0.23124     1.43053
S  drrr_15  29999    50     0.16667    -114.77666      -0.00383   49.50495   0.30522    1.88815    0.30522     1.88815
S  rrg       9990    18     0.18018     -40.88870      -0.00409   17.82178   6.52091   40.34014    6.52091    40.34014
S  rroi     10010    16     0.15984     -26.12690      -0.00261   15.84158   4.19419   25.94643    4.19419    25.94643
S  rrri      9999    16     0.16002     -47.76106      -0.00478   15.84158   4.82661   29.85875    4.82661    29.85875
S  SUM/AVG  59999   101     0.16834  -99416.50883      -1.65697   20.00000  16.07816   99.46400   16.07816    99.46400

T best solution: EADARPSolution(t_routing=956.309, t_excess=204.143, obj_val=768.268, obj_val_valid=true,
    unserved_requests=Int64[], F_visited=[154, 155, 153, 151, 156, 152, 150], S_visited=Int64[],
    (1, ([143, 47, 20, 117, 90, 64, 134, 69, 139, 39, 58, 109, 128, 70, 41, 140, 111, 46, 116, 157, 150], [26.906165436816178], [20]))
    (2, ([144, 43, 113, 16, 86, 29, 99, 38, 108, 66, 136, 54, 124, 4, 74, 157, 151], [7.511053027546407], [16]))
    (3, ([145, 5, 75, 44, 114, 15, 85, 157, 6, 10, 80, 76, 33, 103, 3, 49, 73, 119, 152], [51.43640727265416], [8]))
    (4, ([146, 1, 71, 35, 25, 105, 95, 21, 91, 32, 102, 12, 82, 48, 118, 30, 100, 7, 77, 19, 52, 59, 129, 89, 122, 28, 98, 157, 153], [82.12520590547915], [28]))
    (5, ([147, 67, 51, 121, 137, 14, 84, 36, 31, 106, 101, 22, 92, 62, 132, 65, 135, 37, 34, 104, 107, 13, 83, 157, 154], [78.08414339535032], [24]))
    (6, ([148, 2, 72, 11, 81, 40, 110, 63, 133, 18, 68, 138, 88, 27, 97, 53, 123, 158, 17, 87, 8, 78, 157, 155], [1.8104600489964056, 64.06267937242933], [18, 23]))
    (7, ([149, 50, 120, 9, 26, 79, 96, 42, 61, 112, 131, 56, 126, 24, 57, 94, 127, 60, 130, 159, 45, 115, 55, 23, 125, 93, 157, 156], [8.91553789448558, 68.45775786305967], [20, 27])))

T best obj: 768.2678309264028
T best iteration: 29880
T total iterations: 30000
T best time [s]: 16.121
T total time [s]: 16.1648
