EADARP version 2def-dirty
ARGS: --ifile=EADARP/instances/l1/a7-70.txt --odir=EADARP/out/a7-70 --oname=run52
Settings:
--alns_gamma=0.025
--alns_segment_size=100
--alns_sigma1=10
--alns_sigma2=9
--alns_sigma3=3
--at_most_one_s=false
--gamma=-1.0
--ifile=EADARP/instances/l1/a7-70.txt
--insert_charging_otf=true
--insert_cost_noise=0.014
--lns_init_temp_factor=0.0
--lns_temp_dec_factor=0.99
--mh_checkit=false
--mh_lfreq=0
--mh_lnewinc=true
--mh_tciter=-1
--mh_tctime=-1.0
--mh_titer=300
--mh_tobj=-1.0
--mh_ttime=-1.0
--odir=EADARP/out/a7-70
--oname=run52
--only_single_s_visits=true
--repair_max_routes=0
--seed=1738343134
--use_milp_in_otf=0
--xcheck_isfeasible=false

EADARPInstance(EADARP/instances/l1/a7-70.txt, n=70, n_K=7, S=[157, 158, 159], Q=14.85, n_F=7, γ=0.7, T_plan=600.0, F=[150, 151, 152, 153, 154, 155, 156])

T preprocessing time [s]: 2.36877
I       iter             best          obj_old          obj_new        time              method info
I          1     100011.00000     100070.00000     100011.00000      0.2233                 con 
I          2     100010.00000     100011.00000     100010.00000      0.3204        drrr_15+rroi 
I          3     100009.00000     100010.00000     100009.00000      0.3963         drrr_15+rrg 
I          7     100008.00000     100009.00000     100008.00000      0.5459        drrr_15+rrri 
I         16     100007.00000     100008.00000     100007.00000      0.8683        drrr_15+rrri 
I         21     100006.00000     100007.00000     100006.00000      1.0033         drrr_15+rrg 
I         24     100004.00000     100006.00000     100004.00000      1.1648        drrr_15+rrri 
I         43     100003.00000     100004.00000     100003.00000      1.5561        drrr_15+rrri 
I        194     100002.00000     100003.00000     100002.00000      2.3499        drrr_15+rrri 
I        300     100002.00000     100002.00000     100004.00000      2.7150         drrr_15+rrg 

Method statistics
S  method    iter  succ  succ-rate%  tot-obj-gain  avg-obj-gain  rel-succ%  net-time  net-time%  brut-time  brut-time%
S  con          1     1   100.00000     -59.00000     -59.00000    5.88235   0.22332    8.22548    0.22332     8.22548
S  drrr_15    299     8     2.67559      -9.00000      -0.03010   47.05882   0.00471    0.17364    0.00471     0.17364
S  rrg         96     2     2.08333      -2.00000      -0.02083   11.76471   0.90392   33.29332    0.90392    33.29332
S  rroi        89     1     1.12360      -1.00000      -0.01124    5.88235   0.68054   25.06575    0.68054    25.06575
S  rrri       114     5     4.38596      -6.00000      -0.05263   29.41176   0.90091   33.18256    0.90091    33.18256
S  SUM/AVG    599    17     2.83806     -77.00000      -0.12855   20.00000   2.71341   99.94074    2.71341    99.94074

T best solution: EADARPSolution(t_routing=-1.0, t_excess=-1.0, obj_val=100002.0, obj_val_valid=true,
    unserved_requests=[66, 3], F_visited=[156, 154, 155, 153, 152, 150, 151], S_visited=[157, 159, 158],
    (1, ([143, 1, 71, 35, 16, 105, 86, 29, 99, 38, 108, 69, 139, 39, 109, 15, 41, 85, 111, 158, 17, 87, 46, 116, 54, 124, 4, 74, 150], [125.01316879777798], [20]))
    (2, ([144, 45, 115, 55, 8, 23, 125, 78, 93, 49, 119, 151], Float64[], Int64[]))
    (3, ([145, 50, 120, 9, 26, 79, 96, 64, 134, 31, 101, 44, 114, 11, 81, 58, 40, 110, 128, 70, 140, 30, 100, 22, 92, 6, 10, 76, 80, 159, 152], [179.35050023563318], [30]))
    (4, ([146, 47, 20, 117, 90, 42, 61, 112, 131, 56, 126, 48, 118, 62, 53, 123, 132, 153], Float64[], Int64[]))
    (5, ([147, 2, 72, 65, 135, 37, 34, 104, 13, 107, 83, 154], Float64[], Int64[]))
    (6, ([148, 67, 51, 121, 137, 14, 43, 84, 36, 113, 106, 25, 95, 21, 91, 32, 102, 12, 82, 63, 133, 18, 68, 138, 88, 27, 97, 60, 130, 19, 59, 129, 33, 89, 103, 157, 155], [140.33801586935252], [36]))
    (7, ([149, 5, 75, 24, 57, 94, 127, 7, 77, 52, 122, 28, 98, 156], Float64[], Int64[])))

T best obj: 100002.0
T best iteration: 194
T total iterations: 300
T best time [s]: 2.350
T total time [s]: 2.7150
