EADARP version 585c-dirty
ARGS: --ifile=EADARP/instances/l1/a7-70.txt --infeasible_arcs=EADARP/infeasible_arcs --gamma=0.7 --only_single_s_visits=false --odir=EADARP/out/a7-70 --oname=run74
Settings:
--alns_gamma=0.025
--alns_segment_size=100
--alns_sigma1=10
--alns_sigma2=9
--alns_sigma3=3
--at_most_one_s=false
--gamma=0.7
--ifile=EADARP/instances/l1/a7-70.txt
--infeasible_arcs=EADARP/infeasible_arcs
--insert_charging_otf=true
--insert_cost_noise=0.014
--lns_init_temp_factor=0.0
--lns_temp_dec_factor=0.99
--mh_checkit=false
--mh_lfreq=0
--mh_lnewinc=true
--mh_tciter=-1
--mh_tctime=-1.0
--mh_titer=30000
--mh_tobj=-1.0
--mh_ttime=-1.0
--odir=EADARP/out/a7-70
--oname=run74
--only_single_s_visits=false
--repair_max_routes=0
--seed=238030824
--use_milp_in_otf=0
--xcheck_isfeasible=false

EADARPInstance(EADARP/instances/l1/a7-70.txt, n=70, n_K=7, S=[157, 158, 159], Q=14.85, n_F=7, γ=0.7, T_plan=600.0, F=[150, 151, 152, 153, 154, 155, 156])

T preprocessing time [s]: 2.49651
I       iter             best          obj_old          obj_new        time              method info
I          1        898.46269     100070.00000        898.46269      0.2836                 con 
I          2        888.43373        898.46269        888.43373      0.3147        drrr_15+rroi 
I          3        885.86926        888.43373        885.86926      0.3457        drrr_15+rrri 
I          5        873.65631        885.86926        873.65631      0.4764        drrr_15+rroi 
I          6        872.76118        873.65631        872.76118      0.4851        drrr_15+rroi 
I          7        872.64755        872.76118        872.64755      0.5215        drrr_15+rrri 
I          8        857.65502        872.64755        857.65502      0.5575        drrr_15+rroi 
I          9        854.95609        857.65502        854.95609      0.6770         drrr_15+rrg 
I         10        846.23023        854.95609        846.23023      0.7307         drrr_15+rrg 
I         11        832.25450        846.23023        832.25450      0.7867         drrr_15+rrg 
I         12        829.48376        832.25450        829.48376      0.8428        drrr_15+rrri 
I         14        828.85724        829.48376        828.85724      0.9255        drrr_15+rroi 
I         16        812.44863        828.85724        812.44863      0.9907        drrr_15+rrri 
I         23        809.95855        812.44863        809.95855      1.1452         drrr_15+rrg 
I         36        805.02499        809.95855        805.02499      1.3765        drrr_15+rroi 
I         45        797.42241        805.02499        797.42241      1.4691        drrr_15+rrri 
I         48        796.06861        797.42241        796.06861      1.4937        drrr_15+rrri 
I         56        793.53468        796.06861        793.53468      1.5616        drrr_15+rroi 
I        116        793.06635        793.53468        793.06635      1.7679        drrr_15+rroi 
I        174        792.45987        793.06635        792.45987      1.8858        drrr_15+rrri 
I        349        792.06115        792.45987        792.06115      2.2052        drrr_15+rrri 
I        352        791.31716        792.06115        791.31716      2.2062        drrr_15+rroi 
I        403        791.17215        791.31716        791.17215      2.3080        drrr_15+rroi 
I        405        791.17215        791.17215        791.17215      2.3147        drrr_15+rroi 
I        417        790.25560        791.17215        790.25560      2.3555         drrr_15+rrg 
I        443        788.74089        790.25560        788.74089      2.4170        drrr_15+rrri 
I        457        788.60056        788.74089        788.60056      2.4340        drrr_15+rroi 
I        489        786.07406        788.60056        786.07406      2.4833        drrr_15+rroi 
I        597        785.38455        786.07406        785.38455      2.6232        drrr_15+rrri 
I        631        784.89769        785.38455        784.89769      2.7375        drrr_15+rroi 
I        700        784.30211        784.89769        784.30211      2.8768         drrr_15+rrg 
I        704        784.29338        784.30211        784.29338      2.8816        drrr_15+rroi 
I        917        780.58556        784.29338        780.58556      3.1551         drrr_15+rrg 
I       1151        780.14185        780.58556        780.14185      3.3591         drrr_15+rrg 
I       1157        777.26031        780.14185        777.26031      3.3755        drrr_15+rroi 
I       1179        776.32949        777.26031        776.32949      3.4440        drrr_15+rrri 
I      17688        771.90998        776.32949        771.90998     12.5303        drrr_15+rrri 
I      30000        771.90998        771.90998        784.10129     17.8161        drrr_15+rroi 

Method statistics
S  method    iter  succ  succ-rate%  tot-obj-gain  avg-obj-gain  rel-succ%  net-time  net-time%  brut-time  brut-time%
S  con          1     1   100.00000  -99171.53731  -99171.53731    1.36986   0.28353    1.59142    0.28353     1.59142
S  drrr_15  29999    36     0.12000    -126.55271      -0.00422   49.31507   0.32853    1.84399    0.32853     1.84399
S  rrg       9949     8     0.08041     -33.55427      -0.00337   10.95890   7.08364   39.75976    7.08364    39.75976
S  rroi     10064    16     0.15898     -53.62487      -0.00533   21.91781   4.48124   25.15275    4.48124    25.15275
S  rrri      9986    12     0.12017     -39.37357      -0.00394   16.43836   5.55087   31.15649    5.55087    31.15649
S  SUM/AVG  59999    73     0.12167  -99424.64273      -1.65710   20.00000  17.72780   99.50442   17.72780    99.50442

T best solution: EADARPSolution(t_routing=953.965, t_excess=225.744, obj_val=771.91, obj_val_valid=true,
    unserved_requests=Int64[], F_visited=[153, 155, 151, 150, 152, 154, 156], S_visited=Int64[],
    (1, ([143, 1, 71, 35, 16, 105, 86, 29, 99, 38, 108, 158, 24, 57, 94, 127, 60, 19, 130, 52, 122, 89, 3, 49, 73, 119, 157, 150], [74.99712105209058, 21.080353938202396], [12, 27]))
    (2, ([144, 47, 20, 117, 90, 42, 112, 56, 126, 37, 34, 104, 107, 13, 83, 157, 151], [0.384806311287827], [16]))
    (3, ([145, 67, 51, 121, 137, 14, 84, 36, 31, 106, 101, 70, 41, 140, 111, 46, 116, 157, 152], [45.911292482443486], [18]))
    (4, ([146, 43, 113, 61, 131, 69, 139, 39, 58, 109, 128, 15, 85, 18, 68, 138, 88, 27, 97, 157, 62, 53, 123, 132, 65, 135, 55, 23, 125, 93, 157, 153], [7.299090767077784, 68.45775786305967], [20, 31]))
    (5, ([147, 2, 72, 11, 81, 40, 110, 66, 63, 133, 136, 6, 10, 80, 76, 33, 59, 129, 103, 28, 98, 157, 154], [48.53257182762387], [22]))
    (6, ([148, 50, 120, 9, 26, 79, 96, 64, 134, 25, 95, 44, 114, 7, 77, 45, 115, 8, 78, 157, 155], [57.72616892735039], [20]))
    (7, ([149, 5, 75, 21, 91, 32, 102, 12, 82, 48, 118, 30, 100, 22, 92, 158, 17, 87, 54, 124, 4, 74, 156], [62.57627480812865], [16])))

T best obj: 771.9099797200084
T best iteration: 17688
T total iterations: 30000
T best time [s]: 12.530
T total time [s]: 17.8161
