EADARP version 585c-dirty
ARGS: --ifile=EADARP/instances/l1/a7-70.txt --infeasible_arcs=EADARP/infeasible_arcs --gamma=0.7 --only_single_s_visits=false --odir=EADARP/out/a7-70 --oname=run70
Settings:
--alns_gamma=0.025
--alns_segment_size=100
--alns_sigma1=10
--alns_sigma2=9
--alns_sigma3=3
--at_most_one_s=false
--gamma=0.7
--ifile=EADARP/instances/l1/a7-70.txt
--infeasible_arcs=EADARP/infeasible_arcs
--insert_charging_otf=true
--insert_cost_noise=0.014
--lns_init_temp_factor=0.0
--lns_temp_dec_factor=0.99
--mh_checkit=false
--mh_lfreq=0
--mh_lnewinc=true
--mh_tciter=-1
--mh_tctime=-1.0
--mh_titer=30000
--mh_tobj=-1.0
--mh_ttime=-1.0
--odir=EADARP/out/a7-70
--oname=run70
--only_single_s_visits=false
--repair_max_routes=0
--seed=1391748345
--use_milp_in_otf=0
--xcheck_isfeasible=false

EADARPInstance(EADARP/instances/l1/a7-70.txt, n=70, n_K=7, S=[157, 158, 159], Q=14.85, n_F=7, γ=0.7, T_plan=600.0, F=[150, 151, 152, 153, 154, 155, 156])

T preprocessing time [s]: 2.55498
I       iter             best          obj_old          obj_new        time              method info
I          1        894.29219     100070.00000        894.29219      0.2734                 con 
I          2        874.77883        894.29219        874.77883      0.3198        drrr_15+rroi 
I          4        874.23069        874.77883        874.23069      0.4176        drrr_15+rrri 
I          5        869.89853        874.23069        869.89853      0.4703         drrr_15+rrg 
I          8        867.61732        869.89853        867.61732      0.6081        drrr_15+rroi 
I          9        867.31475        867.61732        867.31475      0.6460        drrr_15+rrri 
I         10        865.86285        867.31475        865.86285      0.7186        drrr_15+rrri 
I         12        856.69375        865.86285        856.69375      0.7894        drrr_15+rrri 
I         13        842.77664        856.69375        842.77664      0.7924         drrr_15+rrg 
I         18        835.24448        842.77664        835.24448      0.9125        drrr_15+rrri 
I         19        832.38229        835.24448        832.38229      0.9294        drrr_15+rrri 
I         21        828.92397        832.38229        828.92397      0.9579         drrr_15+rrg 
I         22        825.47750        828.92397        825.47750      0.9789         drrr_15+rrg 
I         23        822.65597        825.47750        822.65597      0.9927        drrr_15+rrri 
I         26        820.58738        822.65597        820.58738      1.0828         drrr_15+rrg 
I         28        816.87210        820.58738        816.87210      1.1954         drrr_15+rrg 
I         31        813.89491        816.87210        813.89491      1.2468         drrr_15+rrg 
I         50        813.81149        813.89491        813.81149      1.4415        drrr_15+rroi 
I         52        808.77753        813.81149        808.77753      1.4614         drrr_15+rrg 
I         55        803.52471        808.77753        803.52471      1.4755        drrr_15+rroi 
I         64        803.31525        803.52471        803.31525      1.6172         drrr_15+rrg 
I         67        801.06347        803.31525        801.06347      1.6506        drrr_15+rroi 
I         75        800.84377        801.06347        800.84377      1.6968         drrr_15+rrg 
I         95        800.65283        800.84377        800.65283      1.8618        drrr_15+rrri 
I        135        800.39529        800.65283        800.39529      2.1852        drrr_15+rrri 
I        137        799.76838        800.39529        799.76838      2.1943         drrr_15+rrg 
I        152        798.77498        799.76838        798.77498      2.2573         drrr_15+rrg 
I        226        795.10532        798.77498        795.10532      2.5353        drrr_15+rrri 
I        325        791.97921        795.10532        791.97921      2.6644        drrr_15+rroi 
I        326        789.36482        791.97921        789.36482      2.6646        drrr_15+rroi 
I        329        785.96856        789.36482        785.96856      2.6708        drrr_15+rrri 
I        334        785.89126        785.96856        785.89126      2.6953         drrr_15+rrg 
I        484        784.11237        785.89126        784.11237      2.8369        drrr_15+rrri 
I       3131        781.14380        784.11237        781.14380      4.7989        drrr_15+rrri 
I       3185        780.34240        781.14380        780.34240      4.8323         drrr_15+rrg 
I       3190        778.04371        780.34240        778.04371      4.8408         drrr_15+rrg 
I       3195        776.63493        778.04371        776.63493      4.8457         drrr_15+rrg 
I       3401        776.20331        776.63493        776.20331      5.0985        drrr_15+rrri 
I       3466        775.81729        776.20331        775.81729      5.1480         drrr_15+rrg 
I       3863        774.26877        775.81729        774.26877      5.4291         drrr_15+rrg 
I       3886        772.74812        774.26877        772.74812      5.4792        drrr_15+rroi 
I       4123        772.16859        772.74812        772.16859      5.6095        drrr_15+rrri 
I       4205        771.97475        772.16859        771.97475      5.6531        drrr_15+rrri 
I       4327        771.38938        771.97475        771.38938      5.7203        drrr_15+rroi 
I       4719        770.54368        771.38938        770.54368      6.0792        drrr_15+rrri 
I       5405        770.46581        770.54368        770.46581      6.7368        drrr_15+rrri 
I       6763        769.52393        770.46581        769.52393      7.4500        drrr_15+rroi 
I       6771        768.90220        769.52393        768.90220      7.4639        drrr_15+rrri 
I       6787        763.03749        768.90220        763.03749      7.4721        drrr_15+rroi 
I       6997        762.83381        763.03749        762.83381      7.5770         drrr_15+rrg 
I       7325        761.57510        762.83381        761.57510      7.7052        drrr_15+rroi 
I       7327        760.20034        761.57510        760.20034      7.7060         drrr_15+rrg 
I       8564        759.63658        760.20034        759.63658      8.2646        drrr_15+rrri 
I      30000        759.63658        759.63658        779.51665     16.6325         drrr_15+rrg 

Method statistics
S  method    iter  succ  succ-rate%  tot-obj-gain  avg-obj-gain  rel-succ%  net-time  net-time%  brut-time  brut-time%
S  con          1     1   100.00000  -99175.70781  -99175.70781    0.95238   0.27342    1.64390    0.27342     1.64390
S  drrr_15  29999    52     0.17334    -134.65561      -0.00449   49.52381   0.30316    1.82270    0.30316     1.82270
S  rrg       9903    20     0.20196     -49.09771      -0.00496   19.04762   6.82011   41.00460    6.82011    41.00460
S  rroi     10005    12     0.11994     -45.29441      -0.00453   11.42857   3.98847   23.97988    3.98847    23.97988
S  rrri     10091    20     0.19820     -40.26350      -0.00399   19.04762   5.17934   31.13975    5.17934    31.13975
S  SUM/AVG  59999   105     0.17500  -99445.01903      -1.65744   20.00000  16.56450   99.59082   16.56450    99.59082

T best solution: EADARPSolution(t_routing=933.144, t_excess=239.115, obj_val=759.637, obj_val_valid=true,
    unserved_requests=Int64[], F_visited=[154, 150, 156, 151, 152, 153, 155], S_visited=Int64[],
    (1, ([143, 50, 120, 9, 26, 79, 96, 64, 134, 29, 99, 38, 108, 69, 139, 39, 58, 109, 128, 70, 41, 140, 111, 46, 116, 157, 150], [69.16372374691421], [26]))
    (2, ([144, 2, 72, 11, 81, 30, 100, 22, 92, 158, 17, 87, 54, 124, 4, 74, 151], [48.64321877509177], [10]))
    (3, ([145, 5, 75, 44, 114, 15, 85, 157, 6, 10, 80, 76, 33, 103, 3, 49, 73, 119, 152], [51.43640727265416], [8]))
    (4, ([146, 47, 20, 117, 90, 42, 61, 112, 131, 56, 126, 24, 57, 48, 94, 127, 118, 62, 53, 123, 132, 65, 135, 55, 23, 125, 93, 157, 153], [51.68579103998826], [28]))
    (5, ([147, 67, 51, 121, 137, 14, 84, 36, 31, 106, 101, 7, 77, 45, 115, 8, 78, 157, 154], [40.50865398064419], [18]))
    (6, ([148, 1, 71, 35, 25, 105, 95, 21, 91, 32, 102, 12, 82, 18, 68, 138, 88, 27, 97, 60, 130, 19, 52, 59, 129, 89, 122, 28, 98, 157, 155], [93.00247136012234], [30]))
    (7, ([149, 43, 113, 16, 86, 40, 110, 66, 63, 133, 136, 37, 34, 104, 107, 13, 83, 157, 156], [11.703361293267827], [18])))

T best obj: 759.6365784977446
T best iteration: 8564
T total iterations: 30000
T best time [s]: 8.265
T total time [s]: 16.6326
