EADARP version 585c-dirty
ARGS: --ifile=EADARP/instances/l1/a7-70.txt --infeasible_arcs=EADARP/infeasible_arcs --gamma=0.7 --only_single_s_visits=false --odir=EADARP/out/a7-70 --oname=run75
Settings:
--alns_gamma=0.025
--alns_segment_size=100
--alns_sigma1=10
--alns_sigma2=9
--alns_sigma3=3
--at_most_one_s=false
--gamma=0.7
--ifile=EADARP/instances/l1/a7-70.txt
--infeasible_arcs=EADARP/infeasible_arcs
--insert_charging_otf=true
--insert_cost_noise=0.014
--lns_init_temp_factor=0.0
--lns_temp_dec_factor=0.99
--mh_checkit=false
--mh_lfreq=0
--mh_lnewinc=true
--mh_tciter=-1
--mh_tctime=-1.0
--mh_titer=30000
--mh_tobj=-1.0
--mh_ttime=-1.0
--odir=EADARP/out/a7-70
--oname=run75
--only_single_s_visits=false
--repair_max_routes=0
--seed=1067770499
--use_milp_in_otf=0
--xcheck_isfeasible=false

EADARPInstance(EADARP/instances/l1/a7-70.txt, n=70, n_K=7, S=[157, 158, 159], Q=14.85, n_F=7, γ=0.7, T_plan=600.0, F=[150, 151, 152, 153, 154, 155, 156])

T preprocessing time [s]: 2.53234
I       iter             best          obj_old          obj_new        time              method info
I          1        901.32886     100070.00000        901.32886      0.2871                 con 
I          2        867.83687        901.32886        867.83687      0.3863         drrr_15+rrg 
I          5        859.74569        867.83687        859.74569      0.5604         drrr_15+rrg 
I          6        857.42223        859.74569        857.42223      0.6250        drrr_15+rrri 
I          7        848.44649        857.42223        848.44649      0.6725        drrr_15+rroi 
I         11        841.65405        848.44649        841.65405      0.7980         drrr_15+rrg 
I         12        839.87710        841.65405        839.87710      0.8473        drrr_15+rrri 
I         13        837.02616        839.87710        837.02616      0.8846        drrr_15+rrri 
I         14        835.53095        837.02616        835.53095      0.9024         drrr_15+rrg 
I         15        833.75182        835.53095        833.75182      0.9420        drrr_15+rroi 
I         16        822.05891        833.75182        822.05891      1.0116        drrr_15+rroi 
I         28        821.45491        822.05891        821.45491      1.1465        drrr_15+rroi 
I         32        821.24997        821.45491        821.24997      1.1834        drrr_15+rrri 
I         36        818.16022        821.24997        818.16022      1.2733        drrr_15+rrri 
I         44        816.60712        818.16022        816.60712      1.4018        drrr_15+rrri 
I         62        815.72574        816.60712        815.72574      1.5198         drrr_15+rrg 
I         96        814.78292        815.72574        814.78292      1.7956        drrr_15+rroi 
I        100        813.86637        814.78292        813.86637      1.8435         drrr_15+rrg 
I        116        812.92331        813.86637        812.92331      1.9596         drrr_15+rrg 
I        190        806.78792        812.92331        806.78792      2.1912        drrr_15+rroi 
I        248        806.01423        806.78792        806.01423      2.3007        drrr_15+rroi 
I        259        804.78013        806.01423        804.78013      2.3147         drrr_15+rrg 
I        282        804.09964        804.78013        804.09964      2.3883        drrr_15+rrri 
I        293        803.96384        804.09964        803.96384      2.4367        drrr_15+rroi 
I        322        802.39948        803.96384        802.39948      2.4939        drrr_15+rroi 
I        326        801.24830        802.39948        801.24830      2.5370        drrr_15+rroi 
I        329        801.16161        801.24830        801.16161      2.5631         drrr_15+rrg 
I        332        800.14207        801.16161        800.14207      2.5867         drrr_15+rrg 
I        333        796.87678        800.14207        796.87678      2.5895        drrr_15+rroi 
I        354        793.86014        796.87678        793.86014      2.6253         drrr_15+rrg 
I        355        792.18541        793.86014        792.18541      2.6256        drrr_15+rroi 
I        364        791.19949        792.18541        791.19949      2.6442        drrr_15+rroi 
I        366        790.96741        791.19949        790.96741      2.6468        drrr_15+rroi 
I        376        790.89429        790.96741        790.89429      2.6637        drrr_15+rroi 
I        414        786.39946        790.89429        786.39946      2.7521         drrr_15+rrg 
I        464        784.92277        786.39946        784.92277      2.9011         drrr_15+rrg 
I        515        780.26268        784.92277        780.26268      2.9415        drrr_15+rrri 
I        548        779.28099        780.26268        779.28099      2.9804        drrr_15+rrri 
I        716        777.73474        779.28099        777.73474      3.2893        drrr_15+rrri 
I       1365        775.73561        777.73474        775.73561      3.7702        drrr_15+rrri 
I       1459        775.34959        775.73561        775.34959      3.8652        drrr_15+rrri 
I       5622        774.72743        775.34959        774.72743      5.8469        drrr_15+rrri 
I       5624        774.59869        774.72743        774.59869      5.8493         drrr_15+rrg 
I       5675        773.31427        774.59869        773.31427      5.8969        drrr_15+rrri 
I       9249        769.60645        773.31427        769.60645      7.4470        drrr_15+rrri 
I      30000        769.60645        769.60645        769.60645     15.4900        drrr_15+rrri 

Method statistics
S  method    iter  succ  succ-rate%  tot-obj-gain  avg-obj-gain  rel-succ%  net-time  net-time%  brut-time  brut-time%
S  con          1     1   100.00000  -99168.67114  -99168.67114    1.12360   0.28705    1.85314    0.28705     1.85314
S  drrr_15  29999    44     0.14667    -131.72241      -0.00439   49.43820   0.29892    1.92978    0.29892     1.92978
S  rrg       9977    14     0.14032     -64.06906      -0.00642   15.73034   6.31507   40.76863    6.31507    40.76863
S  rroi      9933    15     0.15101     -39.98615      -0.00403   16.85393   3.61980   23.36858    3.61980    23.36858
S  rrri     10089    15     0.14868     -27.66721      -0.00274   16.85393   4.87708   31.48529    4.87708    31.48529
S  SUM/AVG  59999    89     0.14834  -99432.11597      -1.65723   20.00000  15.39793   99.40542   15.39793    99.40542

T best solution: EADARPSolution(t_routing=947.273, t_excess=236.607, obj_val=769.606, obj_val_valid=true,
    unserved_requests=Int64[], F_visited=[155, 150, 153, 152, 156, 151, 154], S_visited=Int64[],
    (1, ([143, 1, 71, 16, 86, 40, 110, 66, 63, 133, 136, 37, 34, 104, 107, 13, 83, 46, 116, 157, 150], [51.36679700924518], [20]))
    (2, ([144, 67, 51, 121, 137, 14, 84, 36, 31, 106, 101, 159, 7, 77, 52, 19, 59, 122, 89, 129, 3, 49, 73, 119, 151], [81.35892939790462], [12]))
    (3, ([145, 50, 120, 9, 26, 79, 96, 64, 134, 29, 99, 38, 108, 69, 139, 39, 58, 109, 128, 30, 100, 22, 92, 6, 10, 80, 76, 33, 103, 28, 98, 157, 152], [116.07137479734213], [32]))
    (4, ([146, 47, 20, 117, 90, 42, 61, 112, 131, 56, 126, 24, 57, 94, 127, 60, 130, 45, 115, 8, 78, 157, 153], [45.51128271906516], [22]))
    (5, ([147, 5, 75, 21, 91, 32, 102, 12, 82, 18, 48, 118, 88, 62, 53, 123, 132, 157, 154], [6.320656131613976], [18]))
    (6, ([148, 2, 72, 11, 81, 41, 111, 17, 87, 54, 124, 4, 74, 157, 155], [21.815601603156182], [14]))
    (7, ([149, 43, 113, 35, 25, 105, 95, 44, 114, 15, 70, 85, 68, 140, 138, 27, 97, 65, 135, 55, 23, 125, 93, 157, 156], [57.82843185721755], [24])))

T best obj: 769.6064456158567
T best iteration: 9249
T total iterations: 30000
T best time [s]: 7.447
T total time [s]: 15.4900
