EADARP version 585c-dirty
ARGS: --ifile=EADARP/instances/l1/a7-70.txt --infeasible_arcs=EADARP/infeasible_arcs --gamma=0.7 --only_single_s_visits=false --odir=EADARP/out/a7-70 --oname=run88
Settings:
--alns_gamma=0.025
--alns_segment_size=100
--alns_sigma1=10
--alns_sigma2=9
--alns_sigma3=3
--at_most_one_s=false
--gamma=0.7
--ifile=EADARP/instances/l1/a7-70.txt
--infeasible_arcs=EADARP/infeasible_arcs
--insert_charging_otf=true
--insert_cost_noise=0.014
--lns_init_temp_factor=0.0
--lns_temp_dec_factor=0.99
--mh_checkit=false
--mh_lfreq=0
--mh_lnewinc=true
--mh_tciter=-1
--mh_tctime=-1.0
--mh_titer=30000
--mh_tobj=-1.0
--mh_ttime=-1.0
--odir=EADARP/out/a7-70
--oname=run88
--only_single_s_visits=false
--repair_max_routes=0
--seed=429650318
--use_milp_in_otf=0
--xcheck_isfeasible=false

EADARPInstance(EADARP/instances/l1/a7-70.txt, n=70, n_K=7, S=[157, 158, 159], Q=14.85, n_F=7, γ=0.7, T_plan=600.0, F=[150, 151, 152, 153, 154, 155, 156])

T preprocessing time [s]: 2.55429
I       iter             best          obj_old          obj_new        time              method info
I          1        896.86985     100070.00000        896.86985      0.3087                 con 
I          2        878.95829        896.86985        878.95829      0.3604        drrr_15+rroi 
I          3        874.93441        878.95829        874.93441      0.3918         drrr_15+rrg 
I          4        861.13577        874.93441        861.13577      0.4662        drrr_15+rroi 
I          5        854.86065        861.13577        854.86065      0.5268        drrr_15+rroi 
I          6        853.97739        854.86065        853.97739      0.5705        drrr_15+rrri 
I          8        852.18793        853.97739        852.18793      0.6354        drrr_15+rrri 
I          9        849.03544        852.18793        849.03544      0.6542        drrr_15+rrri 
I         11        831.09931        849.03544        831.09931      0.6914        drrr_15+rrri 
I         14        824.70630        831.09931        824.70630      0.8105        drrr_15+rroi 
I         16        822.36103        824.70630        822.36103      0.8794         drrr_15+rrg 
I         20        818.50665        822.36103        818.50665      0.9920        drrr_15+rrri 
I         21        812.74162        818.50665        812.74162      0.9977         drrr_15+rrg 
I         34        810.75479        812.74162        810.75479      1.2196        drrr_15+rroi 
I         50        809.91697        810.75479        809.91697      1.4275         drrr_15+rrg 
I         54        800.16166        809.91697        800.16166      1.4694        drrr_15+rroi 
I         57        791.96767        800.16166        791.96767      1.4843        drrr_15+rrri 
I         78        790.31311        791.96767        790.31311      1.6090        drrr_15+rrri 
I         90        789.35523        790.31311        789.35523      1.7800        drrr_15+rroi 
I        111        788.53468        789.35523        788.53468      1.9005        drrr_15+rroi 
I        115        787.89057        788.53468        787.89057      1.9567        drrr_15+rroi 
I        120        787.00177        787.89057        787.00177      1.9847        drrr_15+rrri 
I        123        783.84287        787.00177        783.84287      2.0008        drrr_15+rroi 
I        127        783.69760        783.84287        783.69760      2.0299        drrr_15+rrri 
I        179        779.45866        783.69760        779.45866      2.1704         drrr_15+rrg 
I        237        778.62951        779.45866        778.62951      2.4345        drrr_15+rrri 
I        742        778.41611        778.62951        778.41611      3.0533        drrr_15+rroi 
I        750        778.41239        778.41611        778.41239      3.0767        drrr_15+rrri 
I        752        778.28288        778.41239        778.28288      3.0837        drrr_15+rrri 
I        775        778.28288        778.28288        778.28288      3.1811        drrr_15+rroi 
I        776        778.05514        778.28288        778.05514      3.1826         drrr_15+rrg 
I        782        777.19841        778.05514        777.19841      3.1876        drrr_15+rroi 
I        786        777.05314        777.19841        777.05314      3.2068        drrr_15+rrri 
I        883        776.59100        777.05314        776.59100      3.3302        drrr_15+rrri 
I        916        775.97886        776.59100        775.97886      3.3624        drrr_15+rroi 
I        918        775.97886        775.97886        775.97886      3.3644        drrr_15+rrri 
I       1033        774.71422        775.97886        774.71422      3.4674        drrr_15+rroi 
I       2614        774.58641        774.71422        774.58641      4.5545        drrr_15+rrri 
I       2853        774.34396        774.58641        774.34396      4.6428        drrr_15+rroi 
I       2907        774.34396        774.34396        774.34396      4.6848        drrr_15+rrri 
I       2971        773.27993        774.34396        773.27993      4.7110        drrr_15+rroi 
I       2973        771.71803        773.27993        771.71803      4.7115        drrr_15+rroi 
I       3186        771.28377        771.71803        771.28377      4.8557        drrr_15+rrri 
I       3204        771.13850        771.28377        771.13850      4.8749         drrr_15+rrg 
I       3600        771.09989        771.13850        771.09989      5.0764        drrr_15+rrri 
I       4089        771.04581        771.09989        771.04581      5.3545        drrr_15+rrri 
I       4103        770.23299        771.04581        770.23299      5.3641        drrr_15+rroi 
I       4143        768.54029        770.23299        768.54029      5.3827        drrr_15+rrri 
I       4157        766.20639        768.54029        766.20639      5.3871        drrr_15+rroi 
I      30000        766.20639        766.20639        766.20639     15.9194        drrr_15+rrri 

Method statistics
S  method    iter  succ  succ-rate%  tot-obj-gain  avg-obj-gain  rel-succ%  net-time  net-time%  brut-time  brut-time%
S  con          1     1   100.00000  -99173.13015  -99173.13015    1.03093   0.30868    1.93898    0.30868     1.93898
S  drrr_15  29999    48     0.16001    -130.66345      -0.00436   49.48454   0.31225    1.96146    0.31225     1.96146
S  rrg      10033     7     0.06977     -17.58393      -0.00175    7.21649   6.70456   42.11557    6.70456    42.11557
S  rroi     10028    20     0.19944     -70.66394      -0.00705   20.61856   3.76739   23.66533    3.76739    23.66533
S  rrri      9938    21     0.21131     -42.41559      -0.00427   21.64948   4.74884   29.83042    4.74884    29.83042
S  SUM/AVG  59999    97     0.16167  -99434.45706      -1.65727   20.00000  15.84172   99.51175   15.84172    99.51175

T best solution: EADARPSolution(t_routing=941.903, t_excess=239.115, obj_val=766.206, obj_val_valid=true,
    unserved_requests=Int64[], F_visited=[152, 156, 153, 154, 150, 155, 151], S_visited=Int64[],
    (1, ([143, 43, 113, 16, 86, 29, 99, 38, 108, 56, 126, 24, 57, 48, 94, 127, 118, 60, 130, 45, 115, 55, 23, 125, 93, 157, 150], [61.01290011238626], [26]))
    (2, ([144, 67, 51, 121, 137, 14, 84, 36, 31, 106, 101, 7, 77, 19, 52, 59, 129, 89, 122, 28, 98, 157, 151], [41.16238583691718], [22]))
    (3, ([145, 5, 75, 21, 91, 32, 102, 12, 82, 18, 68, 138, 88, 27, 97, 65, 135, 37, 34, 104, 107, 13, 83, 46, 116, 157, 152], [68.99768620132586], [26]))
    (4, ([146, 47, 20, 117, 90, 42, 61, 112, 131, 69, 139, 39, 58, 109, 128, 70, 41, 140, 111, 17, 87, 8, 78, 157, 153], [53.750952816639696], [24]))
    (5, ([147, 1, 71, 35, 25, 105, 95, 44, 114, 15, 85, 30, 100, 22, 92, 62, 53, 123, 132, 157, 154], [72.05456622841501], [20]))
    (6, ([148, 50, 120, 9, 26, 79, 96, 64, 134, 157, 6, 10, 80, 76, 33, 103, 3, 49, 73, 119, 155], [56.8562804728519], [10]))
    (7, ([149, 2, 72, 11, 81, 40, 110, 66, 63, 133, 136, 54, 124, 4, 74, 157, 156], [21.068605374592376], [16])))

T best obj: 766.2063906785788
T best iteration: 4157
T total iterations: 30000
T best time [s]: 5.387
T total time [s]: 15.9194
