EADARP version ecec-dirty
ARGS: --ifile=EADARP/instances/random/r8-64-00000.txt  --gamma=0.7 --only_single_s_visits=false --odir=EADARP/solutions/random/r8-64-00000 --oname=run11
Settings:
--alns_gamma=0.025
--alns_segment_size=100
--alns_sigma1=10
--alns_sigma2=9
--alns_sigma3=3
--at_most_one_s=false
--gamma=0.7
--ifile=EADARP/instances/random/r8-64-00000.txt
--infeasible_arcs=EADARP/infeasible_arcs
--insert_charging_otf=true
--insert_cost_noise=0.014
--lns_init_temp_factor=0.0
--lns_temp_dec_factor=0.99
--log_all_sols_fname=
--mh_checkit=false
--mh_lfreq=0
--mh_lnewinc=true
--mh_tciter=-1
--mh_tctime=-1.0
--mh_titer=30000
--mh_tobj=-1.0
--mh_ttime=-1.0
--odir=EADARP/solutions/random/r8-64-00000
--ofile=
--oname=run11
--only_single_s_visits=false
--prepthreshold=0.1
--repair_max_routes=0
--route_based_ops=0
--seed=1068714862
--tightened_windows=EADARP/tightened_windows
--use_milp_in_otf=0
--xcheck_isfeasible=false

EADARPInstance(EADARP/instances/random/r8-64-00000.txt, n=64, n_K=8, S=[145, 146, 147], Q=14.85, n_F=8, γ=0.7, T_plan=720.0, F=[137, 138, 139, 140, 141, 142, 143, 144])

Percentage of arcs removed: 70.04488870378083%
Minimum Degree: 10
T preprocessing time [s]: 3.286
I       iter             best          obj_old          obj_new        time              method info
I          1        778.75851     100064.00000        778.75851      0.2040                 con 
I          2        772.77607        778.75851        772.77607      0.2490        drrr_15+rrri 
I          3        768.49032        772.77607        768.49032      0.2930         drrr_15+rrg 
I          4        755.49122        768.49032        755.49122      0.3270         drrr_15+rrg 
I          5        754.57205        755.49122        754.57205      0.3370        drrr_15+rrri 
I          7        753.68424        754.57205        753.68424      0.3560        drrr_15+rroi 
I          8        742.48621        753.68424        742.48621      0.3800         drrr_15+rrg 
I         10        737.93182        742.48621        737.93182      0.4140         drrr_15+rrg 
I         12        721.69834        737.93182        721.69834      0.4290         drrr_15+rrg 
I         16        717.19396        721.69834        717.19396      0.4510        drrr_15+rroi 
I         20        715.98971        717.19396        715.98971      0.4650         drrr_15+rrg 
I         21        706.14562        715.98971        706.14562      0.4720        drrr_15+rroi 
I         23        703.51333        706.14562        703.51333      0.4900         drrr_15+rrg 
I         25        703.14734        703.51333        703.14734      0.5040        drrr_15+rrri 
I         31        701.74771        703.14734        701.74771      0.5360         drrr_15+rrg 
I         32        701.15435        701.74771        701.15435      0.5360        drrr_15+rrri 
I         35        699.70161        701.15435        699.70161      0.5520         drrr_15+rrg 
I         36        692.85679        699.70161        692.85679      0.5600        drrr_15+rroi 
I         38        691.05993        692.85679        691.05993      0.5750        drrr_15+rrri 
I         40        690.02532        691.05993        690.02532      0.5830         drrr_15+rrg 
I         41        688.51172        690.02532        688.51172      0.5890        drrr_15+rroi 
I         44        687.79587        688.51172        687.79587      0.6020        drrr_15+rrri 
I         47        687.75783        687.79587        687.75783      0.6080        drrr_15+rroi 
I         58        685.76488        687.75783        685.76488      0.7100        drrr_15+rroi 
I         86        685.04151        685.76488        685.04151      0.8270         drrr_15+rrg 
I        113        680.33449        685.04151        680.33449      0.9200         drrr_15+rrg 
I        116        680.27687        680.33449        680.27687      0.9320        drrr_15+rrri 
I        117        678.67071        680.27687        678.67071      0.9400        drrr_15+rrri 
I        119        674.63776        678.67071        674.63776      0.9620         drrr_15+rrg 
I        125        674.63504        674.63776        674.63504      0.9880        drrr_15+rroi 
I        127        673.86242        674.63504        673.86242      0.9900         drrr_15+rrg 
I        133        673.85907        673.86242        673.85907      1.0030        drrr_15+rrri 
I        138        669.97497        673.85907        669.97497      1.0120        drrr_15+rrri 
I        168        669.17699        669.97497        669.17699      1.0590        drrr_15+rroi 
I        178        668.43467        669.17699        668.43467      1.0750        drrr_15+rrri 
I        247        666.77532        668.43467        666.77532      1.2110         drrr_15+rrg 
I        255        666.76926        666.77532        666.76926      1.2190         drrr_15+rrg 
I        268        662.93314        666.76926        662.93314      1.2240        drrr_15+rroi 
I        277        661.29681        662.93314        661.29681      1.2410        drrr_15+rrri 
I        374        659.78279        661.29681        659.78279      1.3540        drrr_15+rroi 
I        703        658.70602        659.78279        658.70602      1.7530        drrr_15+rrri 
I       3540        656.59609        658.70602        656.59609      4.3180        drrr_15+rroi 
I       3604        655.29700        656.59609        655.29700      4.3730         drrr_15+rrg 
I       3606        655.16630        655.29700        655.16630      4.3750        drrr_15+rrri 
I       3612        653.80749        655.16630        653.80749      4.3830        drrr_15+rrri 
I       3621        653.47197        653.80749        653.47197      4.3900        drrr_15+rroi 
I       3674        651.27051        653.47197        651.27051      4.4270        drrr_15+rroi 
I       3723        650.22765        651.27051        650.22765      4.4680        drrr_15+rroi 
I       3732        649.15087        650.22765        649.15087      4.4730        drrr_15+rrri 
I       6183        649.09292        649.15087        649.09292      6.5080        drrr_15+rrri 
I       8194        648.95609        649.09292        648.95609      8.0660        drrr_15+rroi 
I       9173        647.75515        648.95609        647.75515      8.9250        drrr_15+rrri 
I      10394        647.73700        647.75515        647.73700      9.8680        drrr_15+rroi 
I      12920        647.60655        647.73700        647.60655     11.9050         drrr_15+rrg 
I      12924        647.25413        647.60655        647.25413     11.9070        drrr_15+rrri 
I      30000        647.25413        647.25413        657.08463     25.3480        drrr_15+rrri 

Method statistics
S  method    iter  succ  succ-rate%  tot-obj-gain  avg-obj-gain  rel-succ%  net-time  net-time%  brut-time  brut-time%
S  con          1     1   100.00000  -99285.24149  -99285.24149    0.91743   0.20400    0.80480    0.20400     0.80480
S  drrr_15  29999    54     0.18001    -131.50438      -0.00438   49.54128   0.70700    2.78917    0.70700     2.78917
S  rrg       9962    18     0.18069     -70.32519      -0.00706   16.51376  12.64500   49.88561   12.64500    49.88561
S  rroi      9978    17     0.17037     -37.62128      -0.00377   15.59633   5.48099   21.62296    5.48099    21.62296
S  rrri     10059    19     0.18889     -23.55791      -0.00234   17.43119   6.01501   23.72972    6.01501    23.72972
S  SUM/AVG  59999   109     0.18167  -99548.25026      -1.65917   20.00000  25.05200   98.83225   25.05200    98.83225

T best solution: EADARPSolution(t_routing=812.687, t_excess=150.957, obj_val=647.254, obj_val_valid=true,
    unserved_requests=Int64[], F_visited=[140, 139, 137, 144, 138, 142, 141, 143], S_visited=Int64[],
    (1, ([129, 19, 83, 55, 5, 119, 69, 56, 50, 114, 120, 7, 17, 71, 81, 45, 109, 28, 92, 59, 123, 145, 137], [77.22946199343625], [22]))
    (2, ([130, 14, 78, 29, 52, 116, 93, 54, 4, 68, 118, 30, 94, 37, 101, 44, 108, 40, 51, 115, 104, 145, 138], [36.42526446572011], [22]))
    (3, ([131, 3, 67, 35, 63, 127, 99, 32, 96, 139], Float64[], Int64[]))
    (4, ([132, 31, 95, 11, 75, 47, 60, 124, 111, 58, 10, 122, 74, 21, 15, 79, 85, 20, 84, 146, 9, 73, 16, 80, 6, 70, 140], [57.74382992797693], [20]))
    (5, ([133, 8, 72, 23, 87, 57, 121, 13, 26, 77, 90, 24, 33, 97, 88, 2, 38, 102, 66, 46, 110, 145, 141], [28.917498667019068], [22]))
    (6, ([134, 64, 41, 105, 128, 53, 117, 61, 125, 48, 112, 49, 113, 1, 65, 39, 103, 145, 142], [42.615366948737915], [18]))
    (7, ([135, 36, 100, 25, 89, 34, 98, 27, 91, 12, 18, 82, 76, 62, 126, 42, 106, 145, 143], [17.82583231747436], [18]))
    (8, ([136, 43, 107, 22, 86, 144], Float64[], Int64[])))

T best obj: 647.2541256642132
T best iteration: 12924
T total iterations: 30000
T best time [s]: 11.907
T total time [s]: 25.3480
