EADARP version ecec-dirty
ARGS: --ifile=EADARP/instances/random/r8-64-00000.txt  --gamma=0.7 --only_single_s_visits=false --odir=EADARP/solutions/random/r8-64-00000 --oname=run13
Settings:
--alns_gamma=0.025
--alns_segment_size=100
--alns_sigma1=10
--alns_sigma2=9
--alns_sigma3=3
--at_most_one_s=false
--gamma=0.7
--ifile=EADARP/instances/random/r8-64-00000.txt
--infeasible_arcs=EADARP/infeasible_arcs
--insert_charging_otf=true
--insert_cost_noise=0.014
--lns_init_temp_factor=0.0
--lns_temp_dec_factor=0.99
--log_all_sols_fname=
--mh_checkit=false
--mh_lfreq=0
--mh_lnewinc=true
--mh_tciter=-1
--mh_tctime=-1.0
--mh_titer=30000
--mh_tobj=-1.0
--mh_ttime=-1.0
--odir=EADARP/solutions/random/r8-64-00000
--ofile=
--oname=run13
--only_single_s_visits=false
--prepthreshold=0.1
--repair_max_routes=0
--route_based_ops=0
--seed=1986000212
--tightened_windows=EADARP/tightened_windows
--use_milp_in_otf=0
--xcheck_isfeasible=false

EADARPInstance(EADARP/instances/random/r8-64-00000.txt, n=64, n_K=8, S=[145, 146, 147], Q=14.85, n_F=8, γ=0.7, T_plan=720.0, F=[137, 138, 139, 140, 141, 142, 143, 144])

Percentage of arcs removed: 70.04488870378083%
Minimum Degree: 10
T preprocessing time [s]: 3.199
I       iter             best          obj_old          obj_new        time              method info
I          1        775.46006     100064.00000        775.46006      0.2780                 con 
I          2        762.00799        775.46006        762.00799      0.3290         drrr_15+rrg 
I          3        741.28197        762.00799        741.28197      0.3620        drrr_15+rroi 
I          4        732.68543        741.28197        732.68543      0.3720        drrr_15+rroi 
I          5        727.11217        732.68543        727.11217      0.4050         drrr_15+rrg 
I          7        726.43078        727.11217        726.43078      0.4550         drrr_15+rrg 
I          8        713.12517        726.43078        713.12517      0.4650        drrr_15+rrri 
I          9        710.88329        713.12517        710.88329      0.4820        drrr_15+rrri 
I         10        708.32258        710.88329        708.32258      0.4920        drrr_15+rrri 
I         12        707.83869        708.32258        707.83869      0.5300        drrr_15+rroi 
I         15        703.93515        707.83869        703.93515      0.5770         drrr_15+rrg 
I         18        700.02946        703.93515        700.02946      0.6060         drrr_15+rrg 
I         21        697.26420        700.02946        697.26420      0.6330        drrr_15+rrri 
I         22        695.36826        697.26420        695.36826      0.6350        drrr_15+rroi 
I         24        693.27804        695.36826        693.27804      0.6440         drrr_15+rrg 
I         27        692.57037        693.27804        692.57037      0.6670        drrr_15+rrri 
I         33        688.90275        692.57037        688.90275      0.7130        drrr_15+rroi 
I         38        687.75919        688.90275        687.75919      0.7350         drrr_15+rrg 
I         39        684.86707        687.75919        684.86707      0.7520        drrr_15+rrri 
I         40        682.00263        684.86707        682.00263      0.7530        drrr_15+rrri 
I         76        676.86993        682.00263        676.86993      0.8990        drrr_15+rrri 
I         98        674.09788        676.86993        674.09788      0.9520         drrr_15+rrg 
I        135        674.09788        674.09788        674.09788      1.0530         drrr_15+rrg 
I        161        664.71975        674.09788        664.71975      1.1220        drrr_15+rroi 
I        378        664.53067        664.71975        664.53067      1.4760        drrr_15+rrri 
I        381        664.45055        664.53067        664.45055      1.4900         drrr_15+rrg 
I        382        664.44721        664.45055        664.44721      1.4900        drrr_15+rroi 
I        385        664.37049        664.44721        664.37049      1.4970        drrr_15+rrri 
I        659        663.11694        664.37049        663.11694      1.8100        drrr_15+rrri 
I        715        663.11694        663.11694        663.11694      1.8500        drrr_15+rrri 
I       3092        658.51529        663.11694        658.51529      4.3860         drrr_15+rrg 
I       3189        656.59351        658.51529        656.59351      4.4700        drrr_15+rrri 
I       3609        655.91377        656.59351        655.91377      4.8820         drrr_15+rrg 
I       3618        655.65826        655.91377        655.65826      4.8880        drrr_15+rrri 
I       5545        655.41521        655.65826        655.41521      6.6700        drrr_15+rrri 
I      30000        655.41521        655.41521        655.67071     26.9080        drrr_15+rroi 

Method statistics
S  method    iter  succ  succ-rate%  tot-obj-gain  avg-obj-gain  rel-succ%  net-time  net-time%  brut-time  brut-time%
S  con          1     1   100.00000  -99288.53994  -99288.53994    1.44928   0.27800    1.03315    0.27800     1.03315
S  drrr_15  29999    34     0.11334    -120.04485      -0.00400   49.27536   0.68500    2.54572    0.68500     2.54572
S  rrg       9868    12     0.12161     -38.88328      -0.00394   17.39130  13.14601   48.85538   13.14601    48.85538
S  rroi     10138     7     0.06905     -44.75150      -0.00441   10.14493   6.10499   22.68840    6.10499    22.68840
S  rrri      9993    15     0.15011     -36.41007      -0.00364   21.73913   6.41600   23.84421    6.41600    23.84421
S  SUM/AVG  59999    69     0.11500  -99528.62965      -1.65884   20.00000  26.63000   98.96685   26.63000    98.96685

T best solution: EADARPSolution(t_routing=820.099, t_excess=161.365, obj_val=655.415, obj_val_valid=true,
    unserved_requests=Int64[], F_visited=[137, 142, 144, 140, 138, 143, 141, 139], S_visited=Int64[],
    (1, ([129, 31, 95, 8, 72, 23, 87, 57, 121, 13, 26, 77, 90, 43, 107, 61, 125, 48, 112, 49, 113, 32, 96, 145, 137], [74.01767038625803], [24]))
    (2, ([130, 138], Float64[], Int64[]))
    (3, ([131, 36, 100, 58, 10, 122, 74, 45, 109, 28, 92, 59, 123, 40, 51, 115, 104, 145, 139], [14.852122110601229], [18]))
    (4, ([132, 19, 83, 55, 5, 119, 69, 11, 75, 7, 17, 71, 81, 15, 21, 79, 85, 22, 20, 86, 84, 146, 16, 80, 62, 126, 39, 103, 42, 106, 145, 140], [92.38917094229555, 29.714921139600474], [22, 31]))
    (5, ([133, 56, 50, 114, 120, 47, 60, 124, 111, 54, 53, 117, 118, 30, 94, 37, 101, 1, 65, 33, 24, 97, 88, 44, 108, 145, 141], [82.00357573650113], [26]))
    (6, ([134, 3, 67, 35, 63, 127, 99, 9, 73, 2, 38, 102, 66, 46, 110, 142], Float64[], Int64[]))
    (7, ([135, 64, 41, 105, 128, 4, 68, 34, 98, 27, 91, 12, 18, 82, 76, 6, 70, 145, 143], [8.763408399417278], [18]))
    (8, ([136, 14, 78, 29, 52, 116, 93, 25, 89, 144], Float64[], Int64[])))

T best obj: 655.4152052716049
T best iteration: 5545
T total iterations: 30000
T best time [s]: 6.670
T total time [s]: 26.9080
