EADARP version ecec-dirty
ARGS: --ifile=EADARP/instances/random/r8-64-00000.txt  --gamma=0.7 --only_single_s_visits=false --odir=EADARP/solutions/random/r8-64-00000 --oname=run19
Settings:
--alns_gamma=0.025
--alns_segment_size=100
--alns_sigma1=10
--alns_sigma2=9
--alns_sigma3=3
--at_most_one_s=false
--gamma=0.7
--ifile=EADARP/instances/random/r8-64-00000.txt
--infeasible_arcs=EADARP/infeasible_arcs
--insert_charging_otf=true
--insert_cost_noise=0.014
--lns_init_temp_factor=0.0
--lns_temp_dec_factor=0.99
--log_all_sols_fname=
--mh_checkit=false
--mh_lfreq=0
--mh_lnewinc=true
--mh_tciter=-1
--mh_tctime=-1.0
--mh_titer=30000
--mh_tobj=-1.0
--mh_ttime=-1.0
--odir=EADARP/solutions/random/r8-64-00000
--ofile=
--oname=run19
--only_single_s_visits=false
--prepthreshold=0.1
--repair_max_routes=0
--route_based_ops=0
--seed=527617168
--tightened_windows=EADARP/tightened_windows
--use_milp_in_otf=0
--xcheck_isfeasible=false

EADARPInstance(EADARP/instances/random/r8-64-00000.txt, n=64, n_K=8, S=[145, 146, 147], Q=14.85, n_F=8, γ=0.7, T_plan=720.0, F=[137, 138, 139, 140, 141, 142, 143, 144])

Percentage of arcs removed: 70.04488870378083%
Minimum Degree: 10
T preprocessing time [s]: 3.269
I       iter             best          obj_old          obj_new        time              method info
I          1        787.35614     100064.00000        787.35614      0.1810                 con 
I          2        766.94537        787.35614        766.94537      0.2110        drrr_15+rroi 
I          3        757.20447        766.94537        757.20447      0.2410         drrr_15+rrg 
I          4        744.77369        757.20447        744.77369      0.2610        drrr_15+rrri 
I          5        734.74605        744.77369        734.74605      0.2680        drrr_15+rrri 
I          8        728.73413        734.74605        728.73413      0.3210        drrr_15+rroi 
I          9        723.06221        728.73413        723.06221      0.3330         drrr_15+rrg 
I         11        713.55878        723.06221        713.55878      0.3630        drrr_15+rrri 
I         13        706.27811        713.55878        706.27811      0.3850         drrr_15+rrg 
I         17        704.60911        706.27811        704.60911      0.4160         drrr_15+rrg 
I         20        696.12904        704.60911        696.12904      0.4400        drrr_15+rroi 
I         23        692.02138        696.12904        692.02138      0.4610         drrr_15+rrg 
I         24        688.76233        692.02138        688.76233      0.4650        drrr_15+rrri 
I         26        684.32038        688.76233        684.32038      0.4760         drrr_15+rrg 
I         34        682.14288        684.32038        682.14288      0.5570        drrr_15+rroi 
I         53        680.36020        682.14288        680.36020      0.7200        drrr_15+rrri 
I        139        679.08431        680.36020        679.08431      0.9260        drrr_15+rroi 
I        141        677.18835        679.08431        677.18835      0.9410         drrr_15+rrg 
I        223        677.08173        677.18835        677.08173      1.0910         drrr_15+rrg 
I        241        676.33382        677.08173        676.33382      1.1260        drrr_15+rroi 
I        242        675.19387        676.33382        675.19387      1.1260         drrr_15+rrg 
I        256        675.18781        675.19387        675.18781      1.1620        drrr_15+rrri 
I        306        672.11101        675.18781        672.11101      1.2660         drrr_15+rrg 
I        310        668.26628        672.11101        668.26628      1.2730         drrr_15+rrg 
I        804        667.91379        668.26628        667.91379      1.8010         drrr_15+rrg 
I        995        665.31196        667.91379        665.31196      2.0910        drrr_15+rrri 
I       1048        663.49201        665.31196        663.49201      2.1560        drrr_15+rrri 
I       1075        662.06195        663.49201        662.06195      2.1960        drrr_15+rrri 
I       1078        661.49936        662.06195        661.49936      2.1960        drrr_15+rrri 
I       1123        660.50117        661.49936        660.50117      2.2360         drrr_15+rrg 
I       1141        659.17091        660.50117        659.17091      2.2660         drrr_15+rrg 
I       1383        655.20685        659.17091        655.20685      2.5760         drrr_15+rrg 
I      11368        653.84793        655.20685        653.84793     11.4440        drrr_15+rrri 
I      11506        650.64863        653.84793        650.64863     11.5870        drrr_15+rroi 
I      30000        650.64863        650.64863        653.33955     26.0110        drrr_15+rroi 

Method statistics
S  method    iter  succ  succ-rate%  tot-obj-gain  avg-obj-gain  rel-succ%  net-time  net-time%  brut-time  brut-time%
S  con          1     1   100.00000  -99276.64386  -99276.64386    1.49254   0.18100    0.69586    0.18100     0.69586
S  drrr_15  29999    33     0.11000    -136.70751      -0.00456   49.25373   0.74800    2.87571    0.74800     2.87571
S  rrg       9967    15     0.15050     -49.62116      -0.00498   22.38806  13.24400   50.91692   13.24400    50.91692
S  rroi      9970     7     0.07021     -42.30336      -0.00424   10.44776   5.61700   21.59471    5.61700    21.59471
S  rrri     10062    11     0.10932     -44.78300      -0.00445   16.41791   5.96000   22.91338    5.96000    22.91338
S  SUM/AVG  59999    67     0.11167  -99550.05889      -1.65920   20.00000  25.75000   98.99658   25.75000    98.99658

T best solution: EADARPSolution(t_routing=813.959, t_excess=160.717, obj_val=650.649, obj_val_valid=true,
    unserved_requests=Int64[], F_visited=[142, 139, 143, 141, 144, 137, 140, 138], S_visited=Int64[],
    (1, ([129, 8, 72, 23, 87, 57, 121, 56, 50, 114, 120, 47, 60, 124, 111, 54, 53, 117, 118, 30, 94, 37, 101, 35, 63, 127, 99, 32, 96, 145, 137], [79.66459216503016], [30]))
    (2, ([130, 138], Float64[], Int64[]))
    (3, ([131, 36, 100, 58, 10, 122, 74, 21, 15, 79, 85, 22, 20, 86, 84, 62, 126, 39, 103, 42, 106, 145, 139], [38.27687915960606], [22]))
    (4, ([132, 3, 67, 7, 17, 71, 81, 45, 109, 28, 92, 9, 73, 2, 38, 102, 66, 46, 110, 145, 140], [34.13572051010508], [20]))
    (5, ([133, 31, 95, 11, 75, 43, 107, 61, 125, 48, 112, 49, 113, 1, 65, 33, 12, 97, 16, 80, 76, 59, 123, 145, 141], [77.63658693922069], [24]))
    (6, ([134, 14, 78, 29, 52, 116, 93, 25, 89, 142], Float64[], Int64[]))
    (7, ([135, 64, 41, 105, 128, 4, 68, 34, 98, 27, 91, 18, 82, 6, 70, 143], Float64[], Int64[]))
    (8, ([136, 19, 83, 55, 5, 119, 69, 13, 26, 77, 90, 24, 88, 44, 108, 40, 51, 115, 104, 145, 144], [42.124113089565284], [20])))

T best obj: 650.6486281531869
T best iteration: 11506
T total iterations: 30000
T best time [s]: 11.587
T total time [s]: 26.0110
