EADARP version ecec-dirty
ARGS: --ifile=EADARP/instances/random/r8-64-00000.txt  --gamma=0.7 --only_single_s_visits=false --odir=EADARP/solutions/random/r8-64-00000 --oname=run26
Settings:
--alns_gamma=0.025
--alns_segment_size=100
--alns_sigma1=10
--alns_sigma2=9
--alns_sigma3=3
--at_most_one_s=false
--gamma=0.7
--ifile=EADARP/instances/random/r8-64-00000.txt
--infeasible_arcs=EADARP/infeasible_arcs
--insert_charging_otf=true
--insert_cost_noise=0.014
--lns_init_temp_factor=0.0
--lns_temp_dec_factor=0.99
--log_all_sols_fname=
--mh_checkit=false
--mh_lfreq=0
--mh_lnewinc=true
--mh_tciter=-1
--mh_tctime=-1.0
--mh_titer=30000
--mh_tobj=-1.0
--mh_ttime=-1.0
--odir=EADARP/solutions/random/r8-64-00000
--ofile=
--oname=run26
--only_single_s_visits=false
--prepthreshold=0.1
--repair_max_routes=0
--route_based_ops=0
--seed=1660327184
--tightened_windows=EADARP/tightened_windows
--use_milp_in_otf=0
--xcheck_isfeasible=false

EADARPInstance(EADARP/instances/random/r8-64-00000.txt, n=64, n_K=8, S=[145, 146, 147], Q=14.85, n_F=8, γ=0.7, T_plan=720.0, F=[137, 138, 139, 140, 141, 142, 143, 144])

Percentage of arcs removed: 70.04488870378083%
Minimum Degree: 10
T preprocessing time [s]: 3.532
I       iter             best          obj_old          obj_new        time              method info
I          1        763.67680     100064.00000        763.67680      0.1510                 con 
I          2        744.69191        763.67680        744.69191      0.1760        drrr_15+rrri 
I          3        741.73921        744.69191        741.73921      0.2080         drrr_15+rrg 
I          6        737.08420        741.73921        737.08420      0.2430         drrr_15+rrg 
I         12        730.89605        737.08420        730.89605      0.3020        drrr_15+rroi 
I         13        728.80484        730.89605        728.80484      0.3090         drrr_15+rrg 
I         14        725.23308        728.80484        725.23308      0.3350        drrr_15+rrri 
I         17        710.69307        725.23308        710.69307      0.3780        drrr_15+rrri 
I         19        708.78420        710.69307        708.78420      0.4020         drrr_15+rrg 
I         20        706.38430        708.78420        706.38430      0.4050        drrr_15+rrri 
I         22        701.92503        706.38430        701.92503      0.4230        drrr_15+rroi 
I         23        693.35609        701.92503        693.35609      0.4440         drrr_15+rrg 
I         24        692.65373        693.35609        692.65373      0.4490         drrr_15+rrg 
I         26        690.73052        692.65373        690.73052      0.4620        drrr_15+rrri 
I         27        688.33333        690.73052        688.33333      0.4670        drrr_15+rroi 
I         41        688.26449        688.33333        688.26449      0.5390         drrr_15+rrg 
I         47        680.91122        688.26449        680.91122      0.5580        drrr_15+rroi 
I         51        680.39489        680.91122        680.39489      0.5660        drrr_15+rrri 
I         64        678.53224        680.39489        678.53224      0.5940        drrr_15+rrri 
I         69        677.54361        678.53224        677.54361      0.6060        drrr_15+rroi 
I         71        677.04995        677.54361        677.04995      0.6140        drrr_15+rrri 
I         89        674.23899        677.04995        674.23899      0.6420         drrr_15+rrg 
I         92        671.98038        674.23899        671.98038      0.6440         drrr_15+rrg 
I         97        670.54743        671.98038        670.54743      0.6520        drrr_15+rroi 
I        110        670.29333        670.54743        670.29333      0.6620        drrr_15+rrri 
I        391        670.28064        670.29333        670.28064      1.1740         drrr_15+rrg 
I        784        670.01599        670.28064        670.01599      1.6940        drrr_15+rrri 
I        797        669.33000        670.01599        669.33000      1.7100        drrr_15+rroi 
I        808        669.07449        669.33000        669.07449      1.7220        drrr_15+rroi 
I        823        666.73973        669.07449        666.73973      1.7400        drrr_15+rrri 
I       1008        666.72704        666.73973        666.72704      1.9410        drrr_15+rrri 
I       1168        666.50935        666.72704        666.50935      2.1190         drrr_15+rrg 
I       1385        665.46339        666.50935        665.46339      2.2800        drrr_15+rrri 
I       1386        661.85700        665.46339        661.85700      2.2800        drrr_15+rrri 
I       1672        659.43177        661.85700        659.43177      2.5270        drrr_15+rrri 
I       1673        659.38747        659.43177        659.38747      2.5280        drrr_15+rrri 
I       1687        653.11170        659.38747        653.11170      2.5360        drrr_15+rroi 
I       1923        652.92998        653.11170        652.92998      2.8190        drrr_15+rroi 
I       1928        652.88569        652.92998        652.88569      2.8250         drrr_15+rrg 
I       1930        652.63018        652.88569        652.63018      2.8270        drrr_15+rrri 
I       2292        651.99633        652.63018        651.99633      3.0700        drrr_15+rroi 
I       2301        651.19046        651.99633        651.19046      3.0840        drrr_15+rrri 
I       2320        650.71641        651.19046        650.71641      3.0950        drrr_15+rroi 
I       2788        649.82484        650.71641        649.82484      3.4030        drrr_15+rroi 
I       2806        649.36624        649.82484        649.36624      3.4230        drrr_15+rrri 
I       3413        648.74819        649.36624        648.74819      3.8360        drrr_15+rroi 
I       4107        648.74482        648.74819        648.74482      4.3970         drrr_15+rrg 
I       4119        648.48931        648.74482        648.48931      4.4140        drrr_15+rrri 
I       6035        648.46518        648.48931        648.46518      5.8810         drrr_15+rrg 
I       6273        648.22707        648.46518        648.22707      6.0820        drrr_15+rrri 
I       8404        647.86336        648.22707        647.86336      7.6270        drrr_15+rrri 
I      30000        647.86336        647.86336        679.07936     22.7650        drrr_15+rroi 

Method statistics
S  method    iter  succ  succ-rate%  tot-obj-gain  avg-obj-gain  rel-succ%  net-time  net-time%  brut-time  brut-time%
S  con          1     1   100.00000  -99300.32320  -99300.32320    0.99010   0.15100    0.66330    0.15100     0.66330
S  drrr_15  29999    50     0.16667    -115.81343      -0.00386   49.50495   0.66100    2.90359    0.66100     2.90359
S  rrg       9960    14     0.14056     -26.31969      -0.00264   13.86139  11.46599   50.36676   11.46599    50.36676
S  rroi     10011    14     0.13985     -32.83596      -0.00328   13.86139   4.86301   21.36180    4.86301    21.36180
S  rrri     10028    22     0.21939     -56.65778      -0.00565   21.78218   5.45499   23.96219    5.45499    23.96219
S  SUM/AVG  59999   101     0.16834  -99531.95007      -1.65889   20.00000  22.59600   99.25764   22.59600    99.25764

T best solution: EADARPSolution(t_routing=805.436, t_excess=175.147, obj_val=647.863, obj_val_valid=true,
    unserved_requests=Int64[], F_visited=[144, 142, 143, 137, 138, 139, 140, 141], S_visited=Int64[],
    (1, ([129, 56, 50, 114, 120, 47, 60, 124, 111, 58, 10, 122, 74, 21, 15, 79, 85, 22, 20, 86, 84, 146, 16, 80, 6, 70, 137], [68.41234207818397], [22]))
    (2, ([130, 3, 67, 35, 63, 127, 99, 32, 96, 138], Float64[], Int64[]))
    (3, ([131, 31, 95, 8, 72, 23, 87, 7, 17, 71, 81, 39, 103, 42, 106, 145, 139], [27.242093406096274], [16]))
    (4, ([132, 14, 78, 29, 52, 116, 93, 25, 89, 140], Float64[], Int64[]))
    (5, ([133, 19, 83, 55, 5, 119, 69, 11, 57, 75, 121, 13, 26, 77, 90, 45, 109, 28, 92, 59, 123, 145, 141], [46.94184374999847], [22]))
    (6, ([134, 36, 100, 54, 53, 117, 118, 30, 94, 37, 101, 9, 73, 2, 38, 102, 66, 46, 110, 142], Float64[], Int64[]))
    (7, ([135, 43, 107, 61, 125, 48, 112, 49, 113, 27, 91, 12, 18, 82, 76, 62, 126, 145, 143], [33.88232659697685], [18]))
    (8, ([136, 64, 41, 105, 128, 4, 68, 34, 98, 1, 65, 33, 24, 97, 88, 44, 108, 40, 51, 115, 104, 145, 144], [52.74110275907199], [22])))

T best obj: 647.8633622849294
T best iteration: 8404
T total iterations: 30000
T best time [s]: 7.627
T total time [s]: 22.7650
