EADARP version ecec-dirty
ARGS: --ifile=EADARP/instances/random/r8-64-00000.txt  --gamma=0.7 --only_single_s_visits=false --odir=EADARP/solutions/random/r8-64-00000 --oname=run29
Settings:
--alns_gamma=0.025
--alns_segment_size=100
--alns_sigma1=10
--alns_sigma2=9
--alns_sigma3=3
--at_most_one_s=false
--gamma=0.7
--ifile=EADARP/instances/random/r8-64-00000.txt
--infeasible_arcs=EADARP/infeasible_arcs
--insert_charging_otf=true
--insert_cost_noise=0.014
--lns_init_temp_factor=0.0
--lns_temp_dec_factor=0.99
--log_all_sols_fname=
--mh_checkit=false
--mh_lfreq=0
--mh_lnewinc=true
--mh_tciter=-1
--mh_tctime=-1.0
--mh_titer=30000
--mh_tobj=-1.0
--mh_ttime=-1.0
--odir=EADARP/solutions/random/r8-64-00000
--ofile=
--oname=run29
--only_single_s_visits=false
--prepthreshold=0.1
--repair_max_routes=0
--route_based_ops=0
--seed=410926594
--tightened_windows=EADARP/tightened_windows
--use_milp_in_otf=0
--xcheck_isfeasible=false

EADARPInstance(EADARP/instances/random/r8-64-00000.txt, n=64, n_K=8, S=[145, 146, 147], Q=14.85, n_F=8, γ=0.7, T_plan=720.0, F=[137, 138, 139, 140, 141, 142, 143, 144])

Percentage of arcs removed: 70.04488870378083%
Minimum Degree: 10
T preprocessing time [s]: 3.611
I       iter             best          obj_old          obj_new        time              method info
I          1        815.52105     100064.00000        815.52105      0.1260                 con 
I          2        779.52046        815.52105        779.52046      0.1340         drrr_15+rrg 
I          3        769.09479        779.52046        769.09479      0.1620        drrr_15+rroi 
I          4        746.86102        769.09479        746.86102      0.1900        drrr_15+rrri 
I          5        729.57364        746.86102        729.57364      0.2100        drrr_15+rroi 
I         11        722.58896        729.57364        722.58896      0.3060         drrr_15+rrg 
I         13        717.76584        722.58896        717.76584      0.3180         drrr_15+rrg 
I         14        711.49242        717.76584        711.49242      0.3220         drrr_15+rrg 
I         18        705.41556        711.49242        705.41556      0.3580        drrr_15+rrri 
I         20        700.78402        705.41556        700.78402      0.3780         drrr_15+rrg 
I         23        697.92173        700.78402        697.92173      0.4020        drrr_15+rroi 
I         24        694.67397        697.92173        694.67397      0.4020        drrr_15+rroi 
I         38        694.17946        694.67397        694.17946      0.4710        drrr_15+rrri 
I         72        693.76323        694.17946        693.76323      0.6680        drrr_15+rrri 
I         73        692.41178        693.76323        692.41178      0.6800        drrr_15+rrri 
I         80        692.18968        692.41178        692.18968      0.7570        drrr_15+rrri 
I         89        690.63497        692.18968        690.63497      0.7850        drrr_15+rroi 
I        111        689.98215        690.63497        689.98215      0.8670        drrr_15+rrri 
I        120        686.14461        689.98215        686.14461      0.9040        drrr_15+rroi 
I        160        685.46332        686.14461        685.46332      1.0090         drrr_15+rrg 
I        187        681.70069        685.46332        681.70069      1.0670        drrr_15+rroi 
I        195        681.33680        681.70069        681.33680      1.0920        drrr_15+rroi 
I        267        680.94192        681.33680        680.94192      1.2200        drrr_15+rrri 
I        271        680.22446        680.94192        680.22446      1.2520        drrr_15+rrri 
I        282        676.61577        680.22446        676.61577      1.2880        drrr_15+rrri 
I        295        675.99549        676.61577        675.99549      1.3200        drrr_15+rroi 
I        305        675.44713        675.99549        675.44713      1.3450         drrr_15+rrg 
I        306        675.00799        675.44713        675.00799      1.3450        drrr_15+rrri 
I        318        674.41887        675.00799        674.41887      1.3610         drrr_15+rrg 
I        332        669.42565        674.41887        669.42565      1.3930         drrr_15+rrg 
I        348        669.30800        669.42565        669.30800      1.4090        drrr_15+rrri 
I        374        668.91671        669.30800        668.91671      1.4410        drrr_15+rroi 
I        382        666.60085        668.91671        666.60085      1.4570        drrr_15+rrri 
I        406        666.56856        666.60085        666.56856      1.5050        drrr_15+rrri 
I        425        666.53711        666.56856        666.53711      1.5290        drrr_15+rrri 
I        472        664.92157        666.53711        664.92157      1.5810        drrr_15+rroi 
I        534        664.19015        664.92157        664.19015      1.6410        drrr_15+rrri 
I        727        663.02257        664.19015        663.02257      1.7860        drrr_15+rroi 
I        813        662.61182        663.02257        662.61182      1.9300        drrr_15+rroi 
I       1528        660.30011        662.61182        660.30011      2.7200        drrr_15+rroi 
I       1541        659.67909        660.30011        659.67909      2.7360        drrr_15+rrri 
I       1567        657.61306        659.67909        657.61306      2.7640        drrr_15+rrri 
I       1572        656.32370        657.61306        656.32370      2.7720        drrr_15+rrri 
I       1587        655.53976        656.32370        655.53976      2.7960        drrr_15+rrri 
I       1615        652.39728        655.53976        652.39728      2.8320        drrr_15+rrri 
I       1618        652.39394        652.39728        652.39394      2.8360        drrr_15+rroi 
I       1925        652.13810        652.39394        652.13810      3.1610        drrr_15+rroi 
I       2173        650.04103        652.13810        650.04103      3.3660        drrr_15+rroi 
I       2204        649.10578        650.04103        649.10578      3.4060         drrr_15+rrg 
I       6794        648.11808        649.10578        648.11808      7.4000        drrr_15+rrri 
I       6801        647.93478        648.11808        647.93478      7.4040         drrr_15+rrg 
I       7412        647.67894        647.93478        647.67894      7.8860        drrr_15+rroi 
I      16861        646.82616        647.67894        646.82616     15.7230        drrr_15+rroi 
I      16892        645.95513        646.82616        645.95513     15.7610         drrr_15+rrg 
I      19448        645.71208        645.95513        645.71208     18.0600         drrr_15+rrg 
I      30000        645.71208        645.71208        649.80620     26.5250         drrr_15+rrg 

Method statistics
S  method    iter  succ  succ-rate%  tot-obj-gain  avg-obj-gain  rel-succ%  net-time  net-time%  brut-time  brut-time%
S  con          1     1   100.00000  -99248.47895  -99248.47895    0.91743   0.12600    0.47502    0.12600     0.47502
S  drrr_15  29999    54     0.18001    -169.80898      -0.00566   49.54128   0.69700    2.62770    0.69700     2.62770
S  rrg       9990    13     0.13013     -67.75797      -0.00678   11.92661  13.59300   51.24598   13.59300    51.24598
S  rroi     10092    19     0.18827     -53.32390      -0.00528   17.43119   5.63801   21.25544    5.63801    21.25544
S  rrri      9917    22     0.22184     -48.72711      -0.00491   20.18349   6.25900   23.59660    6.25900    23.59660
S  SUM/AVG  59999   109     0.18167  -99588.09690      -1.65983   20.00000  26.31300   99.20075   26.31300    99.20075

T best solution: EADARPSolution(t_routing=814.755, t_excess=138.583, obj_val=645.712, obj_val_valid=true,
    unserved_requests=Int64[], F_visited=[140, 141, 144, 137, 142, 143, 138, 139], S_visited=Int64[],
    (1, ([129, 19, 83, 55, 5, 119, 69, 13, 26, 77, 90, 10, 74, 21, 15, 79, 85, 20, 84, 9, 73, 2, 38, 102, 66, 46, 110, 145, 137], [49.75476251139778], [28]))
    (2, ([130, 31, 95, 11, 75, 7, 17, 71, 81, 39, 103, 42, 106, 145, 138], [13.479758792028917], [14]))
    (3, ([131, 64, 41, 105, 128, 53, 117, 61, 125, 48, 112, 49, 113, 1, 65, 33, 24, 97, 88, 145, 139], [56.11352789986448], [20]))
    (4, ([132, 43, 107, 22, 86, 140], Float64[], Int64[]))
    (5, ([133, 3, 67, 35, 63, 127, 99, 32, 96, 16, 80, 6, 70, 141], Float64[], Int64[]))
    (6, ([134, 14, 78, 29, 52, 116, 93, 25, 89, 34, 98, 44, 108, 40, 51, 115, 104, 145, 142], [33.33724057036265], [18]))
    (7, ([135, 36, 100, 58, 122, 45, 109, 28, 92, 59, 123, 143], Float64[], Int64[]))
    (8, ([136, 8, 72, 23, 87, 57, 121, 56, 50, 114, 120, 47, 60, 124, 111, 54, 4, 68, 118, 30, 94, 37, 101, 27, 91, 12, 18, 82, 76, 62, 126, 145, 144], [93.8942022054903], [32])))

T best obj: 645.7120755064562
T best iteration: 19448
T total iterations: 30000
T best time [s]: 18.060
T total time [s]: 26.5250
