EADARP version ecec-dirty
ARGS: --ifile=EADARP/instances/random/r8-64-00000.txt  --gamma=0.7 --only_single_s_visits=false --odir=EADARP/solutions/random/r8-64-00000 --oname=run39
Settings:
--alns_gamma=0.025
--alns_segment_size=100
--alns_sigma1=10
--alns_sigma2=9
--alns_sigma3=3
--at_most_one_s=false
--gamma=0.7
--ifile=EADARP/instances/random/r8-64-00000.txt
--infeasible_arcs=EADARP/infeasible_arcs
--insert_charging_otf=true
--insert_cost_noise=0.014
--lns_init_temp_factor=0.0
--lns_temp_dec_factor=0.99
--log_all_sols_fname=
--mh_checkit=false
--mh_lfreq=0
--mh_lnewinc=true
--mh_tciter=-1
--mh_tctime=-1.0
--mh_titer=30000
--mh_tobj=-1.0
--mh_ttime=-1.0
--odir=EADARP/solutions/random/r8-64-00000
--ofile=
--oname=run39
--only_single_s_visits=false
--prepthreshold=0.1
--repair_max_routes=0
--route_based_ops=0
--seed=761081224
--tightened_windows=EADARP/tightened_windows
--use_milp_in_otf=0
--xcheck_isfeasible=false

EADARPInstance(EADARP/instances/random/r8-64-00000.txt, n=64, n_K=8, S=[145, 146, 147], Q=14.85, n_F=8, γ=0.7, T_plan=720.0, F=[137, 138, 139, 140, 141, 142, 143, 144])

Percentage of arcs removed: 70.04488870378083%
Minimum Degree: 10
T preprocessing time [s]: 2.912
I       iter             best          obj_old          obj_new        time              method info
I          1        770.30777     100064.00000        770.30777      0.1900                 con 
I          2        750.82423        770.30777        750.82423      0.2340        drrr_15+rrri 
I          3        741.16412        750.82423        741.16412      0.2570        drrr_15+rrri 
I          5        721.92685        741.16412        721.92685      0.2950         drrr_15+rrg 
I          6        715.74971        721.92685        715.74971      0.3130         drrr_15+rrg 
I          7        707.24004        715.74971        707.24004      0.3360        drrr_15+rroi 
I          8        701.43033        707.24004        701.43033      0.3440        drrr_15+rrri 
I         15        694.59523        701.43033        694.59523      0.4200        drrr_15+rrri 
I         17        692.09761        694.59523        692.09761      0.4470        drrr_15+rrri 
I         25        688.88528        692.09761        688.88528      0.4860        drrr_15+rroi 
I         42        686.30797        688.88528        686.30797      0.5710        drrr_15+rrri 
I         45        683.93391        686.30797        683.93391      0.5770        drrr_15+rroi 
I         61        683.47898        683.93391        683.47898      0.6010        drrr_15+rroi 
I         82        680.59421        683.47898        680.59421      0.6350        drrr_15+rrri 
I        103        679.19008        680.59421        679.19008      0.6530         drrr_15+rrg 
I        109        676.77443        679.19008        676.77443      0.6590        drrr_15+rrri 
I        110        676.15429        676.77443        676.15429      0.6590        drrr_15+rrri 
I        139        674.22647        676.15429        674.22647      0.6970        drrr_15+rroi 
I        143        673.21810        674.22647        673.21810      0.7040         drrr_15+rrg 
I        145        668.82032        673.21810        668.82032      0.7090        drrr_15+rrri 
I        147        668.41390        668.82032        668.41390      0.7110         drrr_15+rrg 
I        182        668.40784        668.41390        668.40784      0.7710        drrr_15+rrri 
I        709        667.94467        668.40784        667.94467      1.4920        drrr_15+rrri 
I       1202        665.51133        667.94467        665.51133      2.0740        drrr_15+rroi 
I       1245        665.50527        665.51133        665.50527      2.1370        drrr_15+rrri 
I       1610        664.30082        665.50527        664.30082      2.5120         drrr_15+rrg 
I       1666        664.29476        664.30082        664.29476      2.5800         drrr_15+rrg 
I       2271        663.39444        664.29476        663.39444      3.7980        drrr_15+rroi 
I       3783        663.23567        663.39444        663.23567      5.7420        drrr_15+rroi 
I       4119        661.80999        663.23567        661.80999      6.0880        drrr_15+rroi 
I       4129        660.51222        661.80999        660.51222      6.0950        drrr_15+rrri 
I       4135        660.50888        660.51222        660.50888      6.0970        drrr_15+rroi 
I       4478        658.62502        660.50888        658.62502      6.4320        drrr_15+rroi 
I       4479        657.34783        658.62502        657.34783      6.4320        drrr_15+rrri 
I       7695        657.01119        657.34783        657.01119      9.1470        drrr_15+rrri 
I       9980        654.16556        657.01119        654.16556     11.0170        drrr_15+rroi 
I       9981        653.77693        654.16556        653.77693     11.0190        drrr_15+rrri 
I       9983        653.63061        653.77693        653.63061     11.0200        drrr_15+rrri 
I      10134        653.34969        653.63061        653.34969     11.1480        drrr_15+rroi 
I      10152        650.14192        653.34969        650.14192     11.1730        drrr_15+rroi 
I      19254        648.45631        650.14192        648.45631     18.5550        drrr_15+rroi 
I      19316        647.32911        648.45631        647.32911     18.5930         drrr_15+rrg 
I      19337        647.32305        647.32911        647.32305     18.6070         drrr_15+rrg 
I      22082        644.77122        647.32305        644.77122     20.6860         drrr_15+rrg 
I      27000        644.07925        644.77122        644.07925     24.3860        drrr_15+rrri 
I      27066        641.03886        644.07925        641.03886     24.4460        drrr_15+rroi 
I      30000        641.03886        641.03886        662.63398     26.6780        drrr_15+rroi 

Method statistics
S  method    iter  succ  succ-rate%  tot-obj-gain  avg-obj-gain  rel-succ%  net-time  net-time%  brut-time  brut-time%
S  con          1     1   100.00000  -99293.69223  -99293.69223    1.09890   0.19000    0.71220    0.19000     0.71220
S  drrr_15  29999    45     0.15001    -129.26890      -0.00431   49.45055   0.61899    2.32024    0.61899     2.32024
S  rrg      10142    10     0.09860     -33.12892      -0.00327   10.98901  13.52200   50.68597   13.52200    50.68597
S  rroi      9903    16     0.16157     -34.34446      -0.00347   17.58242   6.17000   23.12766    6.17000    23.12766
S  rrri      9954    19     0.19088     -61.79552      -0.00621   20.87912   5.96900   22.37425    5.96900    22.37425
S  SUM/AVG  59999    91     0.15167  -99552.23004      -1.65923   20.00000  26.47000   99.22033   26.47000    99.22033

T best solution: EADARPSolution(t_routing=804.562, t_excess=150.469, obj_val=641.039, obj_val_valid=true,
    unserved_requests=Int64[], F_visited=[141, 143, 138, 139, 137, 140, 144, 142], S_visited=Int64[],
    (1, ([129, 3, 67, 35, 63, 127, 99, 16, 80, 6, 70, 137], Float64[], Int64[]))
    (2, ([130, 14, 78, 29, 52, 116, 93, 58, 10, 122, 74, 21, 15, 79, 85, 20, 84, 9, 73, 2, 38, 102, 66, 46, 110, 145, 138], [46.594929224290865], [26]))
    (3, ([131, 31, 95, 11, 75, 47, 60, 124, 111, 54, 53, 117, 118, 61, 125, 48, 112, 49, 113, 32, 96, 145, 139], [56.27292112629381], [22]))
    (4, ([132, 8, 72, 23, 87, 57, 121, 56, 50, 114, 120, 7, 17, 71, 81, 39, 103, 145, 140], [40.83893434590464], [18]))
    (5, ([133, 19, 83, 55, 5, 119, 69, 13, 26, 77, 90, 45, 109, 28, 92, 59, 123, 145, 141], [25.13740151397211], [18]))
    (6, ([134, 43, 107, 22, 86, 142], Float64[], Int64[]))
    (7, ([135, 36, 100, 25, 89, 30, 94, 37, 101, 1, 65, 33, 24, 97, 88, 44, 108, 40, 51, 115, 104, 145, 143], [48.81390169536637], [22]))
    (8, ([136, 64, 41, 105, 128, 4, 68, 34, 98, 27, 91, 12, 18, 82, 76, 62, 126, 42, 106, 145, 144], [23.04074722385488], [20])))

T best obj: 641.038863424456
T best iteration: 27066
T total iterations: 30000
T best time [s]: 24.446
T total time [s]: 26.6780
