EADARP version ecec-dirty
ARGS: --ifile=EADARP/instances/random/r8-64-00000.txt  --gamma=0.7 --only_single_s_visits=false --odir=EADARP/solutions/random/r8-64-00000 --oname=run33
Settings:
--alns_gamma=0.025
--alns_segment_size=100
--alns_sigma1=10
--alns_sigma2=9
--alns_sigma3=3
--at_most_one_s=false
--gamma=0.7
--ifile=EADARP/instances/random/r8-64-00000.txt
--infeasible_arcs=EADARP/infeasible_arcs
--insert_charging_otf=true
--insert_cost_noise=0.014
--lns_init_temp_factor=0.0
--lns_temp_dec_factor=0.99
--log_all_sols_fname=
--mh_checkit=false
--mh_lfreq=0
--mh_lnewinc=true
--mh_tciter=-1
--mh_tctime=-1.0
--mh_titer=30000
--mh_tobj=-1.0
--mh_ttime=-1.0
--odir=EADARP/solutions/random/r8-64-00000
--ofile=
--oname=run33
--only_single_s_visits=false
--prepthreshold=0.1
--repair_max_routes=0
--route_based_ops=0
--seed=1700278841
--tightened_windows=EADARP/tightened_windows
--use_milp_in_otf=0
--xcheck_isfeasible=false

EADARPInstance(EADARP/instances/random/r8-64-00000.txt, n=64, n_K=8, S=[145, 146, 147], Q=14.85, n_F=8, γ=0.7, T_plan=720.0, F=[137, 138, 139, 140, 141, 142, 143, 144])

Percentage of arcs removed: 70.04488870378083%
Minimum Degree: 10
T preprocessing time [s]: 2.75
I       iter             best          obj_old          obj_new        time              method info
I          1        774.29426     100064.00000        774.29426      0.1370                 con 
I          2        751.45642        774.29426        751.45642      0.1550        drrr_15+rroi 
I          4        741.22292        751.45642        741.22292      0.2050        drrr_15+rrri 
I          5        739.72253        741.22292        739.72253      0.2110        drrr_15+rrri 
I          6        739.27272        739.72253        739.27272      0.2180        drrr_15+rroi 
I          7        725.82686        739.27272        725.82686      0.2410         drrr_15+rrg 
I          9        723.04246        725.82686        723.04246      0.2700         drrr_15+rrg 
I         11        715.01357        723.04246        715.01357      0.3110         drrr_15+rrg 
I         14        710.17057        715.01357        710.17057      0.3350        drrr_15+rrri 
I         15        706.74196        710.17057        706.74196      0.3440        drrr_15+rrri 
I         18        705.80526        706.74196        705.80526      0.3690         drrr_15+rrg 
I         19        700.14976        705.80526        700.14976      0.3830        drrr_15+rrri 
I         20        697.68247        700.14976        697.68247      0.3870        drrr_15+rrri 
I         22        697.64533        697.68247        697.64533      0.4100        drrr_15+rroi 
I         24        697.57979        697.64533        697.57979      0.4290        drrr_15+rrri 
I         25        692.70573        697.57979        692.70573      0.4290        drrr_15+rrri 
I         28        689.74128        692.70573        689.74128      0.4440        drrr_15+rrri 
I         39        689.48718        689.74128        689.48718      0.4980         drrr_15+rrg 
I         40        686.98063        689.48718        686.98063      0.5020        drrr_15+rroi 
I         44        683.87452        686.98063        683.87452      0.5210        drrr_15+rrri 
I         51        683.87418        683.87452        683.87418      0.5530        drrr_15+rrri 
I         52        683.59966        683.87418        683.59966      0.5600        drrr_15+rroi 
I         57        680.58974        683.59966        680.58974      0.5970         drrr_15+rrg 
I         58        680.13720        680.58974        680.13720      0.5980        drrr_15+rrri 
I         61        680.13114        680.13720        680.13114      0.6140         drrr_15+rrg 
I         67        680.06559        680.13114        680.06559      0.6230        drrr_15+rrri 
I         78        678.90909        680.06559        678.90909      0.6480        drrr_15+rroi 
I         80        678.86348        678.90909        678.86348      0.6510        drrr_15+rrri 
I         99        677.92413        678.86348        677.92413      0.6840         drrr_15+rrg 
I        124        677.67003        677.92413        677.67003      0.7090        drrr_15+rrri 
I        127        677.19364        677.67003        677.19364      0.7130         drrr_15+rrg 
I        132        674.75454        677.19364        674.75454      0.7260        drrr_15+rrri 
I        134        674.69506        674.75454        674.69506      0.7300        drrr_15+rrri 
I        138        673.04911        674.69506        673.04911      0.7370        drrr_15+rrri 
I        149        672.61666        673.04911        672.61666      0.7510         drrr_15+rrg 
I        163        669.64921        672.61666        669.64921      0.7680        drrr_15+rrri 
I        193        666.75065        669.64921        666.75065      0.8150         drrr_15+rrg 
I        199        665.43316        666.75065        665.43316      0.8320         drrr_15+rrg 
I        202        664.88992        665.43316        664.88992      0.8350        drrr_15+rroi 
I        297        663.99195        664.88992        663.99195      0.9740        drrr_15+rroi 
I        312        663.66911        663.99195        663.66911      1.0140         drrr_15+rrg 
I        320        659.64830        663.66911        659.64830      1.0200        drrr_15+rrri 
I        329        658.51816        659.64830        658.51816      1.0280        drrr_15+rroi 
I        371        656.92910        658.51816        656.92910      1.1280        drrr_15+rrri 
I        443        655.77090        656.92910        655.77090      1.2110        drrr_15+rroi 
I        464        655.72529        655.77090        655.72529      1.2340        drrr_15+rroi 
I        485        655.31938        655.72529        655.31938      1.2500        drrr_15+rroi 
I        566        655.13180        655.31938        655.13180      1.3250         drrr_15+rrg 
I       1270        654.57901        655.13180        654.57901      1.9780         drrr_15+rrg 
I       1281        654.53340        654.57901        654.53340      1.9780         drrr_15+rrg 
I       1289        653.90747        654.53340        653.90747      1.9780         drrr_15+rrg 
I       1551        653.87209        653.90747        653.87209      2.2060        drrr_15+rrri 
I       2921        653.40798        653.87209        653.40798      3.3470        drrr_15+rrri 
I       2929        651.69402        653.40798        651.69402      3.3620         drrr_15+rrg 
I       4725        651.68742        651.69402        651.68742      4.9110        drrr_15+rrri 
I       6754        650.23526        651.68742        650.23526      6.4780        drrr_15+rrri 
I       6755        649.60238        650.23526        649.60238      6.4780         drrr_15+rrg 
I       9189        648.25749        649.60238        648.25749      8.3640        drrr_15+rroi 
I       9219        647.84056        648.25749        647.84056      8.3790        drrr_15+rrri 
I       9228        647.79495        647.84056        647.79495      8.3790        drrr_15+rroi 
I       9456        645.59349        647.79495        645.59349      8.5460        drrr_15+rrri 
I       9486        644.16959        645.59349        644.16959      8.5610        drrr_15+rroi 
I      30000        644.16959        644.16959        644.16959     23.3560        drrr_15+rroi 

Method statistics
S  method    iter  succ  succ-rate%  tot-obj-gain  avg-obj-gain  rel-succ%  net-time  net-time%  brut-time  brut-time%
S  con          1     1   100.00000  -99289.70574  -99289.70574    0.81301   0.13700    0.58657    0.13700     0.58657
S  drrr_15  29999    61     0.20334    -130.12467      -0.00434   49.59350   0.51800    2.21785    0.51800     2.21785
S  rrg      10092    19     0.18827     -38.61175      -0.00383   15.44715  12.24000   52.40623   12.24000    52.40623
S  rroi      9866    15     0.15204     -34.25786      -0.00347   12.19512   4.98000   21.32214    4.98000    21.32214
S  rrri     10041    27     0.26890     -57.25507      -0.00570   21.95122   5.32200   22.78644    5.32200    22.78644
S  SUM/AVG  59999   123     0.20500  -99549.95509      -1.65919   20.00000  23.19700   99.31923   23.19700    99.31923

T best solution: EADARPSolution(t_routing=813.546, t_excess=136.04, obj_val=644.17, obj_val_valid=true,
    unserved_requests=Int64[], F_visited=[138, 143, 140, 139, 144, 142, 141, 137], S_visited=Int64[],
    (1, ([129, 14, 78, 29, 93, 58, 10, 122, 74, 21, 15, 79, 85, 20, 84, 146, 16, 80, 6, 70, 137], [30.574942131039744], [16]))
    (2, ([130, 36, 100, 54, 4, 68, 118, 61, 125, 34, 98, 1, 65, 33, 24, 97, 88, 2, 38, 102, 66, 46, 110, 145, 138], [50.113088465012915], [24]))
    (3, ([131, 19, 83, 55, 5, 119, 69, 13, 26, 77, 90, 47, 60, 124, 111, 45, 109, 28, 92, 59, 123, 145, 139], [51.49634717601658], [22]))
    (4, ([132, 52, 116, 25, 89, 48, 112, 49, 113, 9, 73, 44, 108, 40, 51, 115, 104, 145, 140], [33.67721850774136], [18]))
    (5, ([133, 8, 72, 23, 87, 57, 121, 56, 50, 114, 120, 7, 17, 71, 81, 39, 103, 145, 141], [40.83893434590464], [18]))
    (6, ([134, 3, 67, 35, 63, 127, 99, 32, 96, 142], Float64[], Int64[]))
    (7, ([135, 64, 41, 105, 128, 53, 117, 30, 94, 37, 101, 27, 91, 12, 18, 82, 76, 62, 126, 42, 106, 145, 143], [26.389105788235995], [22]))
    (8, ([136, 31, 95, 11, 75, 43, 107, 22, 86, 144], Float64[], Int64[])))

T best obj: 644.1695873726169
T best iteration: 9486
T total iterations: 30000
T best time [s]: 8.561
T total time [s]: 23.3560
