EADARP version ecec-dirty
ARGS: --ifile=EADARP/instances/random/r8-64-00000.txt  --gamma=0.7 --only_single_s_visits=false --odir=EADARP/solutions/random/r8-64-00000 --oname=run51
Settings:
--alns_gamma=0.025
--alns_segment_size=100
--alns_sigma1=10
--alns_sigma2=9
--alns_sigma3=3
--at_most_one_s=false
--gamma=0.7
--ifile=EADARP/instances/random/r8-64-00000.txt
--infeasible_arcs=EADARP/infeasible_arcs
--insert_charging_otf=true
--insert_cost_noise=0.014
--lns_init_temp_factor=0.0
--lns_temp_dec_factor=0.99
--log_all_sols_fname=
--mh_checkit=false
--mh_lfreq=0
--mh_lnewinc=true
--mh_tciter=-1
--mh_tctime=-1.0
--mh_titer=30000
--mh_tobj=-1.0
--mh_ttime=-1.0
--odir=EADARP/solutions/random/r8-64-00000
--ofile=
--oname=run51
--only_single_s_visits=false
--prepthreshold=0.1
--repair_max_routes=0
--route_based_ops=0
--seed=1200759976
--tightened_windows=EADARP/tightened_windows
--use_milp_in_otf=0
--xcheck_isfeasible=false

EADARPInstance(EADARP/instances/random/r8-64-00000.txt, n=64, n_K=8, S=[145, 146, 147], Q=14.85, n_F=8, γ=0.7, T_plan=720.0, F=[137, 138, 139, 140, 141, 142, 143, 144])

Percentage of arcs removed: 70.04488870378083%
Minimum Degree: 10
T preprocessing time [s]: 1.859
I       iter             best          obj_old          obj_new        time              method info
I          1        769.18450     100064.00000        769.18450      0.0910                 con 
I          2        751.55663        769.18450        751.55663      0.1160        drrr_15+rrri 
I          4        735.65047        751.55663        735.65047      0.1790         drrr_15+rrg 
I          5        728.72635        735.65047        728.72635      0.1950        drrr_15+rroi 
I          6        724.25204        728.72635        724.25204      0.2110         drrr_15+rrg 
I          8        707.80118        724.25204        707.80118      0.2260        drrr_15+rrri 
I         17        698.49722        707.80118        698.49722      0.2920        drrr_15+rrri 
I         22        693.22749        698.49722        693.22749      0.3160        drrr_15+rroi 
I         26        692.45226        693.22749        692.45226      0.3240        drrr_15+rrri 
I         27        690.76784        692.45226        690.76784      0.3240         drrr_15+rrg 
I         31        688.54485        690.76784        688.54485      0.3420        drrr_15+rroi 
I         32        687.70213        688.54485        687.70213      0.3420        drrr_15+rrri 
I         36        687.29571        687.70213        687.29571      0.3580         drrr_15+rrg 
I         52        684.98044        687.29571        684.98044      0.3830        drrr_15+rrri 
I         55        684.01742        684.98044        684.01742      0.3830        drrr_15+rrri 
I         65        683.75726        684.01742        683.75726      0.4080         drrr_15+rrg 
I         66        682.70839        683.75726        682.70839      0.4080         drrr_15+rrg 
I         78        681.02695        682.70839        681.02695      0.4240         drrr_15+rrg 
I        108        680.86763        681.02695        680.86763      0.4660        drrr_15+rroi 
I        129        680.38449        680.86763        680.38449      0.4820        drrr_15+rroi 
I        131        680.26709        680.38449        680.26709      0.4820        drrr_15+rrri 
I        142        680.04168        680.26709        680.04168      0.5000         drrr_15+rrg 
I        143        678.10451        680.04168        678.10451      0.5000        drrr_15+rrri 
I        198        675.84118        678.10451        675.84118      0.5490         drrr_15+rrg 
I        200        675.79557        675.84118        675.79557      0.5490         drrr_15+rrg 
I        208        674.34914        675.79557        674.34914      0.5490         drrr_15+rrg 
I        211        670.52621        674.34914        670.52621      0.5490        drrr_15+rrri 
I        224        670.43375        670.52621        670.43375      0.5800         drrr_15+rrg 
I        228        669.53081        670.43375        669.53081      0.5800        drrr_15+rroi 
I        240        667.83705        669.53081        667.83705      0.5800        drrr_15+rrri 
I        247        665.24242        667.83705        665.24242      0.5800        drrr_15+rroi 
I        255        665.23636        665.24242        665.23636      0.5990        drrr_15+rrri 
I        260        665.14390        665.23636        665.14390      0.6080        drrr_15+rroi 
I        393        664.80771        665.14390        664.80771      0.7250         drrr_15+rrg 
I        399        664.71526        664.80771        664.71526      0.7250         drrr_15+rrg 
I        744        663.84817        664.71526        663.84817      0.9500        drrr_15+rroi 
I        751        663.84482        663.84817        663.84482      0.9500        drrr_15+rrri 
I        754        663.75237        663.84482        663.75237      0.9500        drrr_15+rrri 
I       2274        663.34631        663.75237        663.34631      1.7880        drrr_15+rroi 
I       4109        660.88292        663.34631        660.88292      2.7160         drrr_15+rrg 
I       4139        660.87957        660.88292        660.87957      2.7480         drrr_15+rrg 
I       4265        657.80499        660.87957        657.80499      2.7950         drrr_15+rrg 
I       4318        654.37693        657.80499        654.37693      2.8260        drrr_15+rrri 
I       4793        654.17242        654.37693        654.17242      3.0660         drrr_15+rrg 
I       4926        651.71502        654.17242        651.71502      3.1410         drrr_15+rrg 
I       5131        650.77977        651.71502        650.77977      3.2330        drrr_15+rroi 
I       6387        650.14289        650.77977        650.14289      3.8410         drrr_15+rrg 
I       8812        650.11138        650.14289        650.11138      5.0330        drrr_15+rrri 
I       9328        649.66650        650.11138        649.66650      5.2730        drrr_15+rroi 
I      30000        649.66650        649.66650        649.66650     15.0820        drrr_15+rrri 

Method statistics
S  method    iter  succ  succ-rate%  tot-obj-gain  avg-obj-gain  rel-succ%  net-time  net-time%  brut-time  brut-time%
S  con          1     1   100.00000  -99294.81550  -99294.81550    1.03093   0.09100    0.60337    0.09100     0.60337
S  drrr_15  29999    48     0.16001    -119.51800      -0.00398   49.48454   0.32500    2.15489    0.32500     2.15489
S  rrg       9829    20     0.20348     -38.80379      -0.00395   20.61856   7.50700   49.77456    7.50700    49.77456
S  rroi     10079    12     0.11906     -21.30261      -0.00211   12.37113   3.57500   23.70375    3.57500    23.70375
S  rrri     10091    16     0.15856     -59.41161      -0.00589   16.49485   3.49200   23.15344    3.49200    23.15344
S  SUM/AVG  59999    97     0.16167  -99533.85151      -1.65893   20.00000  14.99000   99.39000   14.99000    99.39000

T best solution: EADARPSolution(t_routing=812.715, t_excess=160.521, obj_val=649.666, obj_val_valid=true,
    unserved_requests=Int64[], F_visited=[140, 142, 141, 139, 143, 138, 144, 137], S_visited=Int64[],
    (1, ([129, 64, 41, 105, 128, 36, 100, 58, 10, 122, 74, 21, 15, 79, 85, 20, 84, 146, 16, 80, 6, 70, 137], [30.793499178173803], [18]))
    (2, ([130, 31, 95, 11, 75, 47, 60, 124, 111, 25, 4, 68, 89, 30, 94, 37, 101, 1, 65, 33, 24, 97, 88, 44, 108, 145, 138], [80.9470782025239], [26]))
    (3, ([131, 139], Float64[], Int64[]))
    (4, ([132, 43, 107, 22, 86, 140], Float64[], Int64[]))
    (5, ([133, 14, 78, 29, 52, 116, 93, 54, 53, 117, 118, 61, 125, 48, 112, 49, 113, 146, 34, 98, 27, 91, 12, 18, 82, 76, 62, 126, 145, 141], [0.9950068639341225, 94.2125452588625], [18, 29]))
    (6, ([134, 19, 83, 55, 5, 119, 69, 3, 67, 35, 63, 127, 99, 32, 96, 9, 73, 2, 38, 102, 66, 46, 110, 145, 142], [31.399093086269207], [24]))
    (7, ([135, 8, 72, 23, 87, 57, 121, 13, 26, 77, 90, 45, 109, 28, 92, 59, 123, 40, 51, 115, 104, 145, 143], [39.29955325287021], [22]))
    (8, ([136, 56, 50, 114, 120, 7, 17, 71, 81, 39, 103, 42, 106, 145, 144], [16.92972035720482], [14])))

T best obj: 649.6664962297586
T best iteration: 9328
T total iterations: 30000
T best time [s]: 5.273
T total time [s]: 15.0820
