EADARP version ecec-dirty
ARGS: --ifile=EADARP/instances/random/r8-64-00000.txt  --gamma=0.7 --only_single_s_visits=false --odir=EADARP/solutions/random/r8-64-00000 --oname=run58
Settings:
--alns_gamma=0.025
--alns_segment_size=100
--alns_sigma1=10
--alns_sigma2=9
--alns_sigma3=3
--at_most_one_s=false
--gamma=0.7
--ifile=EADARP/instances/random/r8-64-00000.txt
--infeasible_arcs=EADARP/infeasible_arcs
--insert_charging_otf=true
--insert_cost_noise=0.014
--lns_init_temp_factor=0.0
--lns_temp_dec_factor=0.99
--log_all_sols_fname=
--mh_checkit=false
--mh_lfreq=0
--mh_lnewinc=true
--mh_tciter=-1
--mh_tctime=-1.0
--mh_titer=30000
--mh_tobj=-1.0
--mh_ttime=-1.0
--odir=EADARP/solutions/random/r8-64-00000
--ofile=
--oname=run58
--only_single_s_visits=false
--prepthreshold=0.1
--repair_max_routes=0
--route_based_ops=0
--seed=1552290706
--tightened_windows=EADARP/tightened_windows
--use_milp_in_otf=0
--xcheck_isfeasible=false

EADARPInstance(EADARP/instances/random/r8-64-00000.txt, n=64, n_K=8, S=[145, 146, 147], Q=14.85, n_F=8, γ=0.7, T_plan=720.0, F=[137, 138, 139, 140, 141, 142, 143, 144])

Percentage of arcs removed: 70.04488870378083%
Minimum Degree: 10
T preprocessing time [s]: 1.844
I       iter             best          obj_old          obj_new        time              method info
I          1        789.20735     100064.00000        789.20735      0.0900                 con 
I          2        777.15549        789.20735        777.15549      0.1000         drrr_15+rrg 
I          3        762.63355        777.15549        762.63355      0.1310        drrr_15+rroi 
I          4        746.87727        762.63355        746.87727      0.1310        drrr_15+rrri 
I          5        741.98626        746.87727        741.98626      0.1500        drrr_15+rroi 
I          6        733.27144        741.98626        733.27144      0.1740        drrr_15+rroi 
I          7        713.40845        733.27144        713.40845      0.1740         drrr_15+rrg 
I         11        710.58128        713.40845        710.58128      0.2170         drrr_15+rrg 
I         13        705.84928        710.58128        705.84928      0.2170        drrr_15+rrri 
I         14        695.63614        705.84928        695.63614      0.2330        drrr_15+rroi 
I         17        692.70034        695.63614        692.70034      0.2410         drrr_15+rrg 
I         19        686.31054        692.70034        686.31054      0.2500         drrr_15+rrg 
I         20        678.51669        686.31054        678.51669      0.2500        drrr_15+rrri 
I         22        677.61770        678.51669        677.61770      0.2670         drrr_15+rrg 
I         23        677.55683        677.61770        677.55683      0.2670        drrr_15+rrri 
I         26        676.68776        677.55683        676.68776      0.2830         drrr_15+rrg 
I         28        674.32903        676.68776        674.32903      0.2830         drrr_15+rrg 
I         31        670.10110        674.32903        670.10110      0.2830        drrr_15+rroi 
I         32        669.73020        670.10110        669.73020      0.3000        drrr_15+rroi 
I         40        668.87099        669.73020        668.87099      0.3310        drrr_15+rroi 
I         50        668.41238        668.87099        668.41238      0.3500        drrr_15+rroi 
I         53        662.90439        668.41238        662.90439      0.3580        drrr_15+rroi 
I         69        662.02701        662.90439        662.02701      0.3900         drrr_15+rrg 
I         76        659.91710        662.02701        659.91710      0.4050        drrr_15+rrri 
I         86        659.37627        659.91710        659.37627      0.4170         drrr_15+rrg 
I        293        656.19005        659.37627        656.19005      0.5830         drrr_15+rrg 
I        339        655.74356        656.19005        655.74356      0.6170         drrr_15+rrg 
I        344        655.22427        655.74356        655.22427      0.6490        drrr_15+rrri 
I        366        655.17866        655.22427        655.17866      0.6640        drrr_15+rrri 
I        386        655.17866        655.17866        655.17866      0.6750        drrr_15+rroi 
I       2345        650.72850        655.17866        650.72850      1.7250        drrr_15+rroi 
I       2479        650.72850        650.72850        650.72850      1.8080        drrr_15+rroi 
I      11811        650.34980        650.72850        650.34980      6.4000        drrr_15+rrri 
I      11860        649.27409        650.34980        649.27409      6.4170        drrr_15+rrri 
I      15911        649.22034        649.27409        649.22034      8.3820        drrr_15+rrri 
I      15931        648.18728        649.22034        648.18728      8.4000         drrr_15+rrg 
I      30000        648.18728        648.18728        680.56073     15.1030        drrr_15+rroi 

Method statistics
S  method    iter  succ  succ-rate%  tot-obj-gain  avg-obj-gain  rel-succ%  net-time  net-time%  brut-time  brut-time%
S  con          1     1   100.00000  -99274.79265  -99274.79265    1.40845   0.09000    0.59591    0.09000     0.59591
S  drrr_15  29999    35     0.11667    -141.02007      -0.00470   49.29577   0.32100    2.12540    0.32100     2.12540
S  rrg      10068    13     0.12912     -54.27839      -0.00539   18.30986   7.57400   50.14896    7.57400    50.14896
S  rroi      9983    12     0.12020     -54.21570      -0.00543   16.90141   3.63200   24.04821    3.63200    24.04821
S  rrri      9948    10     0.10052     -32.52598      -0.00327   14.08451   3.40500   22.54520    3.40500    22.54520
S  SUM/AVG  59999    71     0.11834  -99556.83279      -1.65931   20.00000  15.02200   99.46368   15.02200    99.46368

T best solution: EADARPSolution(t_routing=818.903, t_excess=136.04, obj_val=648.187, obj_val_valid=true,
    unserved_requests=Int64[], F_visited=[144, 139, 141, 137, 143, 140, 142, 138], S_visited=Int64[],
    (1, ([129, 31, 95, 11, 75, 47, 60, 124, 111, 45, 109, 28, 92, 59, 123, 40, 51, 115, 104, 145, 137], [33.89083040097961], [20]))
    (2, ([130, 138], Float64[], Int64[]))
    (3, ([131, 64, 41, 105, 128, 53, 117, 30, 94, 37, 101, 35, 63, 127, 99, 32, 96, 9, 73, 2, 38, 102, 66, 46, 110, 145, 139], [29.511228643932114], [26]))
    (4, ([132, 43, 107, 22, 86, 140], Float64[], Int64[]))
    (5, ([133, 19, 83, 55, 5, 119, 69, 13, 26, 77, 90, 3, 67, 36, 100, 58, 10, 122, 74, 21, 15, 79, 85, 20, 84, 146, 16, 80, 6, 70, 141], [81.17002058357448], [26]))
    (6, ([134, 56, 50, 114, 120, 7, 17, 71, 81, 39, 103, 42, 106, 145, 142], [16.92972035720482], [14]))
    (7, ([135, 8, 72, 23, 87, 57, 121, 52, 116, 25, 89, 48, 112, 49, 113, 1, 65, 33, 24, 97, 88, 44, 108, 145, 143], [90.00154409762392], [24]))
    (8, ([136, 14, 78, 29, 93, 54, 4, 68, 118, 61, 125, 34, 98, 27, 91, 12, 18, 82, 76, 62, 126, 145, 144], [49.26126076152635], [22])))

T best obj: 648.1872767645725
T best iteration: 15931
T total iterations: 30000
T best time [s]: 8.400
T total time [s]: 15.1030
