EADARP version ecec-dirty
ARGS: --ifile=EADARP/instances/random/r8-64-00000.txt  --gamma=0.7 --only_single_s_visits=false --odir=EADARP/solutions/random/r8-64-00000 --oname=run56
Settings:
--alns_gamma=0.025
--alns_segment_size=100
--alns_sigma1=10
--alns_sigma2=9
--alns_sigma3=3
--at_most_one_s=false
--gamma=0.7
--ifile=EADARP/instances/random/r8-64-00000.txt
--infeasible_arcs=EADARP/infeasible_arcs
--insert_charging_otf=true
--insert_cost_noise=0.014
--lns_init_temp_factor=0.0
--lns_temp_dec_factor=0.99
--log_all_sols_fname=
--mh_checkit=false
--mh_lfreq=0
--mh_lnewinc=true
--mh_tciter=-1
--mh_tctime=-1.0
--mh_titer=30000
--mh_tobj=-1.0
--mh_ttime=-1.0
--odir=EADARP/solutions/random/r8-64-00000
--ofile=
--oname=run56
--only_single_s_visits=false
--prepthreshold=0.1
--repair_max_routes=0
--route_based_ops=0
--seed=804274585
--tightened_windows=EADARP/tightened_windows
--use_milp_in_otf=0
--xcheck_isfeasible=false

EADARPInstance(EADARP/instances/random/r8-64-00000.txt, n=64, n_K=8, S=[145, 146, 147], Q=14.85, n_F=8, γ=0.7, T_plan=720.0, F=[137, 138, 139, 140, 141, 142, 143, 144])

Percentage of arcs removed: 70.04488870378083%
Minimum Degree: 10
T preprocessing time [s]: 1.809
I       iter             best          obj_old          obj_new        time              method info
I          1        796.37699     100064.00000        796.37699      0.1090                 con 
I          2        771.01117        796.37699        771.01117      0.1170         drrr_15+rrg 
I          4        767.36324        771.01117        767.36324      0.1510        drrr_15+rroi 
I          5        763.09725        767.36324        763.09725      0.1660        drrr_15+rroi 
I          6        743.16128        763.09725        743.16128      0.1660        drrr_15+rroi 
I          7        734.64650        743.16128        734.64650      0.1820        drrr_15+rroi 
I         12        727.81994        734.64650        727.81994      0.2170         drrr_15+rrg 
I         13        725.42208        727.81994        725.42208      0.2340        drrr_15+rroi 
I         16        724.26493        725.42208        724.26493      0.2510         drrr_15+rrg 
I         20        719.07643        724.26493        719.07643      0.2670         drrr_15+rrg 
I         27        716.58227        719.07643        716.58227      0.2990         drrr_15+rrg 
I         29        713.14928        716.58227        713.14928      0.3090         drrr_15+rrg 
I         31        712.28567        713.14928        712.28567      0.3090        drrr_15+rrri 
I         36        710.76890        712.28567        710.76890      0.3340         drrr_15+rrg 
I         37        706.15213        710.76890        706.15213      0.3340         drrr_15+rrg 
I         44        703.26136        706.15213        703.26136      0.3510        drrr_15+rroi 
I         47        700.78562        703.26136        700.78562      0.3510         drrr_15+rrg 
I         49        700.42950        700.78562        700.42950      0.3670        drrr_15+rrri 
I         53        700.22568        700.42950        700.22568      0.3760        drrr_15+rrri 
I         54        697.41786        700.22568        697.41786      0.3760         drrr_15+rrg 
I         55        695.66774        697.41786        695.66774      0.3760        drrr_15+rroi 
I         56        692.19542        695.66774        692.19542      0.3760        drrr_15+rrri 
I         58        682.89378        692.19542        682.89378      0.3920        drrr_15+rrri 
I         59        682.46158        682.89378        682.46158      0.3920         drrr_15+rrg 
I         77        677.18074        682.46158        677.18074      0.4390        drrr_15+rrri 
I         82        675.76701        677.18074        675.76701      0.4470        drrr_15+rrri 
I         86        675.10918        675.76701        675.10918      0.4470         drrr_15+rrg 
I         94        674.70755        675.10918        674.70755      0.4590        drrr_15+rrri 
I        194        674.21414        674.70755        674.21414      0.5740        drrr_15+rrri 
I        224        671.74483        674.21414        671.74483      0.6010         drrr_15+rrg 
I        239        670.75734        671.74483        670.75734      0.6010        drrr_15+rrri 
I        267        668.64865        670.75734        668.64865      0.6430        drrr_15+rroi 
I        346        668.40559        668.64865        668.40559      0.7050        drrr_15+rrri 
I        567        666.05861        668.40559        666.05861      0.8490         drrr_15+rrg 
I        763        665.76574        666.05861        665.76574      0.9530        drrr_15+rrri 
I        772        665.32660        665.76574        665.32660      0.9530        drrr_15+rroi 
I      30000        665.32660        665.32660        671.10332     15.5920         drrr_15+rrg 

Method statistics
S  method    iter  succ  succ-rate%  tot-obj-gain  avg-obj-gain  rel-succ%  net-time  net-time%  brut-time  brut-time%
S  con          1     1   100.00000  -99267.62301  -99267.62301    1.40845   0.10900    0.69908    0.10900     0.69908
S  drrr_15  29999    35     0.11667    -131.05039      -0.00437   49.29577   0.38800    2.48846    0.38800     2.48846
S  rrg       9994    14     0.14008     -61.78860      -0.00618   19.71831   7.55800   48.47358    7.55800    48.47358
S  rroi     10010     9     0.08991     -45.95124      -0.00459   12.67606   3.53400   22.66546    3.53400    22.66546
S  rrri      9995    12     0.12006     -23.31055      -0.00233   16.90141   3.89900   25.00641    3.89900    25.00641
S  SUM/AVG  59999    71     0.11834  -99529.72378      -1.65886   20.00000  15.48800   99.33299   15.48800    99.33299

T best solution: EADARPSolution(t_routing=842.319, t_excess=134.35, obj_val=665.327, obj_val_valid=true,
    unserved_requests=Int64[], F_visited=[142, 140, 137, 143, 144, 141, 139, 138], S_visited=Int64[],
    (1, ([129, 8, 72, 23, 87, 57, 121, 56, 50, 114, 120, 7, 71, 53, 117, 61, 125, 48, 112, 49, 113, 22, 86, 146, 9, 73, 2, 38, 102, 66, 46, 110, 145, 137], [89.58834271060549, 31.765664887567784], [24, 33]))
    (2, ([130, 64, 41, 105, 128, 34, 98, 27, 91, 12, 18, 82, 76, 62, 126, 42, 106, 145, 138], [19.003053802243805], [18]))
    (3, ([131, 139], Float64[], Int64[]))
    (4, ([132, 14, 78, 29, 52, 116, 93, 25, 89, 140], Float64[], Int64[]))
    (5, ([133, 36, 100, 58, 10, 122, 74, 45, 109, 28, 92, 59, 123, 141], Float64[], Int64[]))
    (6, ([134, 19, 83, 55, 5, 119, 69, 13, 26, 77, 90, 43, 107, 17, 81, 15, 21, 79, 85, 20, 84, 146, 16, 80, 6, 70, 142], [86.22142916094951], [22]))
    (7, ([135, 3, 67, 35, 63, 127, 99, 32, 96, 33, 24, 97, 88, 44, 108, 40, 51, 115, 104, 145, 143], [26.9749332439054], [20]))
    (8, ([136, 31, 95, 11, 75, 47, 60, 124, 111, 54, 4, 68, 118, 30, 94, 37, 101, 1, 65, 39, 103, 145, 144], [46.49076478895432], [22])))

T best obj: 665.3266018114551
T best iteration: 772
T total iterations: 30000
T best time [s]: 0.953
T total time [s]: 15.5920
