EADARP version ecec-dirty
ARGS: --ifile=EADARP/instances/random/r8-64-00000.txt  --gamma=0.7 --only_single_s_visits=false --odir=EADARP/solutions/random/r8-64-00000 --oname=run52
Settings:
--alns_gamma=0.025
--alns_segment_size=100
--alns_sigma1=10
--alns_sigma2=9
--alns_sigma3=3
--at_most_one_s=false
--gamma=0.7
--ifile=EADARP/instances/random/r8-64-00000.txt
--infeasible_arcs=EADARP/infeasible_arcs
--insert_charging_otf=true
--insert_cost_noise=0.014
--lns_init_temp_factor=0.0
--lns_temp_dec_factor=0.99
--log_all_sols_fname=
--mh_checkit=false
--mh_lfreq=0
--mh_lnewinc=true
--mh_tciter=-1
--mh_tctime=-1.0
--mh_titer=30000
--mh_tobj=-1.0
--mh_ttime=-1.0
--odir=EADARP/solutions/random/r8-64-00000
--ofile=
--oname=run52
--only_single_s_visits=false
--prepthreshold=0.1
--repair_max_routes=0
--route_based_ops=0
--seed=489589453
--tightened_windows=EADARP/tightened_windows
--use_milp_in_otf=0
--xcheck_isfeasible=false

EADARPInstance(EADARP/instances/random/r8-64-00000.txt, n=64, n_K=8, S=[145, 146, 147], Q=14.85, n_F=8, γ=0.7, T_plan=720.0, F=[137, 138, 139, 140, 141, 142, 143, 144])

Percentage of arcs removed: 70.04488870378083%
Minimum Degree: 10
T preprocessing time [s]: 1.94
I       iter             best          obj_old          obj_new        time              method info
I          1        770.07745     100064.00000        770.07745      0.0840                 con 
I          2        758.57671        770.07745        758.57671      0.1100        drrr_15+rrri 
I          5        751.87714        758.57671        751.87714      0.1350        drrr_15+rrri 
I          6        744.48788        751.87714        744.48788      0.1500        drrr_15+rrri 
I         11        735.65192        744.48788        735.65192      0.2010        drrr_15+rroi 
I         18        732.49048        735.65192        732.49048      0.2350        drrr_15+rroi 
I         21        731.15295        732.49048        731.15295      0.2500         drrr_15+rrg 
I         25        728.80117        731.15295        728.80117      0.2660        drrr_15+rroi 
I         27        728.68440        728.80117        728.68440      0.3130         drrr_15+rrg 
I         29        716.72834        728.68440        716.72834      0.3180        drrr_15+rroi 
I         31        712.12611        716.72834        712.12611      0.3340        drrr_15+rrri 
I         35        704.85488        712.12611        704.85488      0.3500        drrr_15+rrri 
I         39        703.62591        704.85488        703.62591      0.3670        drrr_15+rroi 
I         40        697.88655        703.62591        697.88655      0.3670        drrr_15+rrri 
I         43        684.02749        697.88655        684.02749      0.3830        drrr_15+rrri 
I         45        683.84084        684.02749        683.84084      0.3990        drrr_15+rroi 
I         46        673.87454        683.84084        673.87454      0.4010        drrr_15+rroi 
I         47        672.31779        673.87454        672.31779      0.4010        drrr_15+rrri 
I         50        666.14757        672.31779        666.14757      0.4010         drrr_15+rrg 
I         98        666.14151        666.14757        666.14151      0.4680        drrr_15+rrri 
I        106        662.80080        666.14151        662.80080      0.4840        drrr_15+rroi 
I        120        662.79474        662.80080        662.79474      0.5000        drrr_15+rrri 
I        122        661.35752        662.79474        661.35752      0.5000        drrr_15+rroi 
I        155        661.33944        661.35752        661.33944      0.5310        drrr_15+rroi 
I        189        657.26477        661.33944        657.26477      0.5620        drrr_15+rroi 
I        196        656.13803        657.26477        656.13803      0.5620        drrr_15+rrri 
I        210        656.09848        656.13803        656.09848      0.5780        drrr_15+rroi 
I        231        656.09242        656.09848        656.09242      0.5780        drrr_15+rrri 
I        603        655.90081        656.09242        655.90081      0.8680        drrr_15+rrri 
I        632        655.60413        655.90081        655.60413      0.8840         drrr_15+rrg 
I        720        652.56210        655.60413        652.56210      0.9640         drrr_15+rrg 
I       7049        650.88175        652.56210        650.88175      4.2230        drrr_15+rrri 
I       7057        649.55149        650.88175        649.55149      4.2230        drrr_15+rroi 
I       7117        649.48266        649.55149        649.48266      4.2520         drrr_15+rrg 
I       7219        648.59829        649.48266        648.59829      4.2990         drrr_15+rrg 
I       7226        645.10460        648.59829        645.10460      4.2990        drrr_15+rroi 
I      30000        645.10460        645.10460        645.10460     15.2330        drrr_15+rroi 

Method statistics
S  method    iter  succ  succ-rate%  tot-obj-gain  avg-obj-gain  rel-succ%  net-time  net-time%  brut-time  brut-time%
S  con          1     1   100.00000  -99293.92255  -99293.92255    1.40845   0.08400    0.55144    0.08400     0.55144
S  drrr_15  29999    35     0.11667    -124.97285      -0.00417   49.29577   0.42500    2.79000    0.42500     2.79000
S  rrg      10082     7     0.06943     -11.91644      -0.00118    9.85915   7.74900   50.86982    7.74900    50.86982
S  rroi      9870    14     0.14184     -51.42133      -0.00521   19.71831   3.36200   22.07051    3.36200    22.07051
S  rrri     10047    14     0.13935     -61.63508      -0.00613   19.71831   3.39700   22.30027    3.39700    22.30027
S  SUM/AVG  59999    71     0.11834  -99543.86824      -1.65909   20.00000  15.01700   98.58203   15.01700    98.58203

T best solution: EADARPSolution(t_routing=807.922, t_excess=156.652, obj_val=645.105, obj_val_valid=true,
    unserved_requests=Int64[], F_visited=[139, 141, 144, 137, 140, 143, 142, 138], S_visited=Int64[],
    (1, ([129, 3, 67, 7, 17, 71, 81, 39, 103, 42, 106, 137], Float64[], Int64[]))
    (2, ([130, 36, 100, 58, 10, 122, 74, 21, 15, 79, 85, 20, 84, 9, 73, 2, 38, 102, 66, 46, 110, 145, 138], [11.78416569447549], [22]))
    (3, ([131, 14, 78, 29, 93, 54, 4, 68, 118, 61, 30, 94, 125, 35, 63, 127, 99, 32, 96, 145, 139], [21.754615987330407], [20]))
    (4, ([132, 19, 83, 55, 5, 119, 69, 13, 26, 77, 90, 18, 82, 6, 70, 145, 140], [1.273929574144878], [16]))
    (5, ([133, 8, 72, 23, 87, 57, 121, 52, 116, 25, 89, 48, 112, 49, 113, 34, 98, 27, 91, 12, 16, 80, 76, 62, 126, 145, 141], [84.92706712809105], [26]))
    (6, ([134, 56, 50, 114, 120, 47, 60, 124, 111, 45, 109, 28, 92, 59, 123, 145, 142], [17.471163991357518], [16]))
    (7, ([135, 31, 95, 11, 75, 43, 107, 22, 86, 143], Float64[], Int64[]))
    (8, ([136, 64, 41, 105, 128, 53, 117, 37, 101, 1, 65, 33, 24, 97, 88, 44, 108, 40, 51, 115, 104, 145, 144], [48.16785776786138], [22])))

T best obj: 645.1046036050351
T best iteration: 7226
T total iterations: 30000
T best time [s]: 4.299
T total time [s]: 15.2330
