EADARP version ecec-dirty
ARGS: --ifile=EADARP/instances/random/r8-64-00000.txt  --gamma=0.7 --only_single_s_visits=false --odir=EADARP/solutions/random/r8-64-00000 --oname=run60
Settings:
--alns_gamma=0.025
--alns_segment_size=100
--alns_sigma1=10
--alns_sigma2=9
--alns_sigma3=3
--at_most_one_s=false
--gamma=0.7
--ifile=EADARP/instances/random/r8-64-00000.txt
--infeasible_arcs=EADARP/infeasible_arcs
--insert_charging_otf=true
--insert_cost_noise=0.014
--lns_init_temp_factor=0.0
--lns_temp_dec_factor=0.99
--log_all_sols_fname=
--mh_checkit=false
--mh_lfreq=0
--mh_lnewinc=true
--mh_tciter=-1
--mh_tctime=-1.0
--mh_titer=30000
--mh_tobj=-1.0
--mh_ttime=-1.0
--odir=EADARP/solutions/random/r8-64-00000
--ofile=
--oname=run60
--only_single_s_visits=false
--prepthreshold=0.1
--repair_max_routes=0
--route_based_ops=0
--seed=1321334552
--tightened_windows=EADARP/tightened_windows
--use_milp_in_otf=0
--xcheck_isfeasible=false

EADARPInstance(EADARP/instances/random/r8-64-00000.txt, n=64, n_K=8, S=[145, 146, 147], Q=14.85, n_F=8, γ=0.7, T_plan=720.0, F=[137, 138, 139, 140, 141, 142, 143, 144])

Percentage of arcs removed: 70.04488870378083%
Minimum Degree: 10
T preprocessing time [s]: 1.821
I       iter             best          obj_old          obj_new        time              method info
I          1        782.29676     100064.00000        782.29676      0.1000                 con 
I          2        773.28142        782.29676        773.28142      0.1060        drrr_15+rrri 
I          4        759.48486        773.28142        759.48486      0.1220        drrr_15+rroi 
I          5        740.06380        759.48486        740.06380      0.1370        drrr_15+rroi 
I          6        739.83183        740.06380        739.83183      0.1480        drrr_15+rroi 
I          8        729.37940        739.83183        729.37940      0.1630         drrr_15+rrg 
I         10        722.52950        729.37940        722.52950      0.1790        drrr_15+rroi 
I         13        709.22165        722.52950        709.22165      0.2140        drrr_15+rroi 
I         16        704.48505        709.22165        704.48505      0.2290         drrr_15+rrg 
I         17        700.84765        704.48505        700.84765      0.2290         drrr_15+rrg 
I         18        699.15893        700.84765        699.15893      0.2480         drrr_15+rrg 
I         20        696.28112        699.15893        696.28112      0.2640        drrr_15+rrri 
I         25        692.14333        696.28112        692.14333      0.2790        drrr_15+rrri 
I         27        685.24546        692.14333        685.24546      0.2790        drrr_15+rrri 
I         32        681.65508        685.24546        681.65508      0.2950        drrr_15+rrri 
I         33        680.18149        681.65508        680.18149      0.2980        drrr_15+rroi 
I         39        678.41592        680.18149        678.41592      0.3060        drrr_15+rrri 
I         45        677.36603        678.41592        677.36603      0.3140         drrr_15+rrg 
I         53        677.20118        677.36603        677.20118      0.3300        drrr_15+rrri 
I         61        676.67289        677.20118        676.67289      0.3480         drrr_15+rrg 
I         62        673.74513        676.67289        673.74513      0.3480        drrr_15+rroi 
I         73        672.80209        673.74513        672.80209      0.3560         drrr_15+rrg 
I        108        671.58131        672.80209        671.58131      0.4030        drrr_15+rroi 
I        402        671.56018        671.58131        671.56018      0.6390        drrr_15+rrri 
I        439        671.46299        671.56018        671.46299      0.6640         drrr_15+rrg 
I       1253        670.93349        671.46299        670.93349      1.2030        drrr_15+rroi 
I       1296        670.49435        670.93349        670.49435      1.2220        drrr_15+rrri 
I       1329        668.85015        670.49435        668.85015      1.2370        drrr_15+rrri 
I       2609        667.80657        668.85015        667.80657      1.9230        drrr_15+rrri 
I       2675        667.00628        667.80657        667.00628      1.9560        drrr_15+rroi 
I       2680        666.59337        667.00628        666.59337      1.9560         drrr_15+rrg 
I       2725        665.91675        666.59337        665.91675      1.9870         drrr_15+rrg 
I       3075        662.68993        665.91675        662.68993      2.1770        drrr_15+rroi 
I       3083        661.35966        662.68993        661.35966      2.1770        drrr_15+rrri 
I       3597        661.12155        661.35966        661.12155      2.4540         drrr_15+rrg 
I       3702        658.55825        661.12155        658.55825      2.5070         drrr_15+rrg 
I       4136        655.94513        658.55825        655.94513      2.7280        drrr_15+rrri 
I      12376        654.80297        655.94513        654.80297      6.4860         drrr_15+rrg 
I      12961        653.94540        654.80297        653.94540      6.7640         drrr_15+rrg 
I      12977        652.90253        653.94540        652.90253      6.7640        drrr_15+rrri 
I      13004        652.30375        652.90253        652.30375      6.7800        drrr_15+rroi 
I      30000        652.30375        652.30375        659.16406     14.1640        drrr_15+rrri 

Method statistics
S  method    iter  succ  succ-rate%  tot-obj-gain  avg-obj-gain  rel-succ%  net-time  net-time%  brut-time  brut-time%
S  con          1     1   100.00000  -99281.70324  -99281.70324    1.23457   0.10000    0.70602    0.10000     0.70602
S  drrr_15  29999    40     0.13334    -129.99301      -0.00433   49.38272   0.40500    2.85936    0.40500     2.85936
S  rrg      10003    14     0.13996     -29.02422      -0.00290   17.28395   7.06800   49.90114    7.06800    49.90114
S  rroi     10027    12     0.11968     -64.38488      -0.00642   14.81481   3.05000   21.53348    3.05000    21.53348
S  rrri      9969    14     0.14044     -36.58391      -0.00367   17.28395   3.45400   24.38577    3.45400    24.38577
S  SUM/AVG  59999    81     0.13500  -99541.68925      -1.65906   20.00000  14.07700   99.38577   14.07700    99.38577

T best solution: EADARPSolution(t_routing=810.626, t_excess=177.338, obj_val=652.304, obj_val_valid=true,
    unserved_requests=Int64[], F_visited=[144, 140, 137, 143, 141, 142, 138, 139], S_visited=Int64[],
    (1, ([129, 56, 50, 114, 120, 7, 17, 71, 81, 45, 109, 28, 92, 40, 51, 115, 104, 145, 137], [47.017089905422246], [18]))
    (2, ([130, 14, 78, 29, 52, 116, 93, 25, 89, 138], Float64[], Int64[]))
    (3, ([131, 36, 100, 54, 53, 117, 118, 30, 94, 37, 101, 27, 91, 12, 16, 80, 76, 62, 126, 39, 103, 42, 106, 145, 139], [40.81084776988271], [24]))
    (4, ([132, 64, 41, 105, 128, 4, 68, 34, 98, 1, 65, 33, 24, 97, 88, 2, 38, 102, 66, 46, 110, 145, 140], [38.50906482711606], [22]))
    (5, ([133, 31, 95, 8, 72, 23, 87, 57, 121, 13, 26, 77, 90, 43, 107, 61, 125, 48, 112, 49, 113, 44, 59, 108, 123, 145, 141], [84.93281702608083], [26]))
    (6, ([134, 19, 83, 55, 5, 119, 69, 11, 75, 47, 60, 124, 111, 58, 10, 122, 74, 21, 15, 79, 85, 22, 20, 86, 84, 32, 96, 145, 142], [82.69277943916155], [28]))
    (7, ([135, 3, 67, 35, 63, 127, 99, 9, 73, 18, 82, 6, 70, 143], Float64[], Int64[]))
    (8, ([136, 144], Float64[], Int64[])))

T best obj: 652.3037538406827
T best iteration: 13004
T total iterations: 30000
T best time [s]: 6.780
T total time [s]: 14.1640
