EADARP version ecec-dirty
ARGS: --ifile=EADARP/instances/random/r8-64-00000.txt  --gamma=0.7 --only_single_s_visits=false --odir=EADARP/solutions/random/r8-64-00000 --oname=run77
Settings:
--alns_gamma=0.025
--alns_segment_size=100
--alns_sigma1=10
--alns_sigma2=9
--alns_sigma3=3
--at_most_one_s=false
--gamma=0.7
--ifile=EADARP/instances/random/r8-64-00000.txt
--infeasible_arcs=EADARP/infeasible_arcs
--insert_charging_otf=true
--insert_cost_noise=0.014
--lns_init_temp_factor=0.0
--lns_temp_dec_factor=0.99
--log_all_sols_fname=
--mh_checkit=false
--mh_lfreq=0
--mh_lnewinc=true
--mh_tciter=-1
--mh_tctime=-1.0
--mh_titer=30000
--mh_tobj=-1.0
--mh_ttime=-1.0
--odir=EADARP/solutions/random/r8-64-00000
--ofile=
--oname=run77
--only_single_s_visits=false
--prepthreshold=0.1
--repair_max_routes=0
--route_based_ops=0
--seed=2058197293
--tightened_windows=EADARP/tightened_windows
--use_milp_in_otf=0
--xcheck_isfeasible=false

EADARPInstance(EADARP/instances/random/r8-64-00000.txt, n=64, n_K=8, S=[145, 146, 147], Q=14.85, n_F=8, γ=0.7, T_plan=720.0, F=[137, 138, 139, 140, 141, 142, 143, 144])

Percentage of arcs removed: 70.04488870378083%
Minimum Degree: 10
T preprocessing time [s]: 2.774
I       iter             best          obj_old          obj_new        time              method info
I          1        800.83396     100064.00000        800.83396      0.1390                 con 
I          3        769.76165        800.83396        769.76165      0.2100        drrr_15+rrri 
I          5        763.88993        769.76165        763.88993      0.2600        drrr_15+rrri 
I          6        751.61496        763.88993        751.61496      0.2860         drrr_15+rrg 
I          7        746.17127        751.61496        746.17127      0.2980        drrr_15+rrri 
I          8        738.73510        746.17127        738.73510      0.3240        drrr_15+rrri 
I         10        735.56917        738.73510        735.56917      0.3410        drrr_15+rrri 
I         11        724.69491        735.56917        724.69491      0.3520         drrr_15+rrg 
I         13        719.38773        724.69491        719.38773      0.3810        drrr_15+rroi 
I         19        711.74659        719.38773        711.74659      0.4330        drrr_15+rroi 
I         20        711.42400        711.74659        711.42400      0.4480        drrr_15+rroi 
I         26        708.71753        711.42400        708.71753      0.4800        drrr_15+rrri 
I         27        708.25846        708.71753        708.25846      0.4800        drrr_15+rrri 
I         30        707.06616        708.25846        707.06616      0.4900        drrr_15+rrri 
I         48        706.73525        707.06616        706.73525      0.6330        drrr_15+rroi 
I         65        706.72017        706.73525        706.72017      0.6770        drrr_15+rroi 
I         68        700.17242        706.72017        700.17242      0.6880        drrr_15+rroi 
I         77        699.55250        700.17242        699.55250      0.7170        drrr_15+rrri 
I         78        698.16021        699.55250        698.16021      0.7240         drrr_15+rrg 
I         79        696.13030        698.16021        696.13030      0.7260        drrr_15+rroi 
I         85        693.67469        696.13030        693.67469      0.7740         drrr_15+rrg 
I         93        689.31592        693.67469        689.31592      0.7890        drrr_15+rrri 
I        105        688.39064        689.31592        688.39064      0.8240        drrr_15+rrri 
I        106        687.81339        688.39064        687.81339      0.8240        drrr_15+rrri 
I        130        687.46108        687.81339        687.46108      0.8850        drrr_15+rrri 
I        151        687.40011        687.46108        687.40011      0.9090        drrr_15+rroi 
I        177        685.49528        687.40011        685.49528      0.9410        drrr_15+rroi 
I        195        685.16437        685.49528        685.16437      0.9680         drrr_15+rrg 
I        265        683.40799        685.16437        683.40799      1.0600        drrr_15+rrri 
I        270        682.97889        683.40799        682.97889      1.0670         drrr_15+rrg 
I        280        682.97554        682.97889        682.97554      1.0720         drrr_15+rrg 
I        387        682.55548        682.97554        682.55548      1.1770        drrr_15+rrri 
I        688        682.10248        682.55548        682.10248      1.4770        drrr_15+rrri 
I        705        679.15506        682.10248        679.15506      1.5080         drrr_15+rrg 
I        709        676.90129        679.15506        676.90129      1.5110        drrr_15+rrri 
I        713        676.89794        676.90129        676.89794      1.5170         drrr_15+rrg 
I        738        675.60273        676.89794        675.60273      1.5530         drrr_15+rrg 
I        772        675.59938        675.60273        675.59938      1.5870        drrr_15+rroi 
I       1281        669.06779        675.59938        669.06779      2.1260         drrr_15+rrg 
I       1288        665.60641        669.06779        665.60641      2.1330        drrr_15+rroi 
I       2731        665.21375        665.60641        665.21375      3.4510         drrr_15+rrg 
I       3676        664.81286        665.21375        664.81286      4.3460         drrr_15+rrg 
I       3698        664.14733        664.81286        664.14733      4.3670        drrr_15+rrri 
I       3713        662.29675        664.14733        662.29675      4.3770        drrr_15+rroi 
I       3788        661.08595        662.29675        661.08595      4.4500        drrr_15+rrri 
I       3794        660.59261        661.08595        660.59261      4.4570        drrr_15+rroi 
I       3809        658.51203        660.59261        658.51203      4.4660        drrr_15+rroi 
I       3810        658.05342        658.51203        658.05342      4.4660         drrr_15+rrg 
I       3818        655.14135        658.05342        655.14135      4.4760        drrr_15+rrri 
I       3859        655.13529        655.14135        655.13529      4.5080        drrr_15+rrri 
I       7781        654.55743        655.13529        654.55743      7.6860        drrr_15+rrri 
I       8005        654.42490        654.55743        654.42490      7.8560        drrr_15+rrri 
I       8105        653.38185        654.42490        653.38185      7.9360        drrr_15+rroi 
I       8118        653.12634        653.38185        653.12634      7.9460        drrr_15+rrri 
I       8120        653.12634        653.12634        653.12634      7.9460        drrr_15+rroi 
I       9836        652.79556        653.12634        652.79556      9.1760        drrr_15+rrri 
I      11872        652.32926        652.79556        652.32926     10.6510        drrr_15+rroi 
I      11878        652.32320        652.32926        652.32320     10.6530        drrr_15+rrri 
I      19710        652.21502        652.32320        652.21502     16.3250        drrr_15+rrri 
I      19782        652.21502        652.21502        652.21502     16.3860        drrr_15+rroi 
I      30000        652.21502        652.21502        656.45772     23.6580        drrr_15+rroi 

Method statistics
S  method    iter  succ  succ-rate%  tot-obj-gain  avg-obj-gain  rel-succ%  net-time  net-time%  brut-time  brut-time%
S  con          1     1   100.00000  -99263.16604  -99263.16604    0.84034   0.13900    0.58754    0.13900     0.58754
S  drrr_15  29999    59     0.19667    -148.61895      -0.00495   49.57983   0.68400    2.89120    0.68400     2.89120
S  rrg       9925    14     0.14106     -39.79022      -0.00401   11.76471  11.71200   49.50547   11.71200    49.50547
S  rroi     10065    18     0.17884     -33.55892      -0.00333   15.12605   5.11000   21.59947    5.11000    21.59947
S  rrri     10009    27     0.26976     -75.26981      -0.00752   22.68908   5.81199   24.56672    5.81199    24.56672
S  SUM/AVG  59999   119     0.19834  -99560.40393      -1.65937   20.00000  23.45700   99.15040   23.45700    99.15040

T best solution: EADARPSolution(t_routing=822.131, t_excess=142.468, obj_val=652.215, obj_val_valid=true,
    unserved_requests=Int64[], F_visited=[143, 141, 139, 142, 140, 144, 138, 137], S_visited=Int64[],
    (1, ([129, 3, 67, 35, 63, 127, 99, 9, 73, 16, 80, 6, 70, 137], Float64[], Int64[]))
    (2, ([130, 56, 50, 114, 120, 47, 60, 124, 111, 45, 109, 28, 92, 59, 123, 145, 138], [17.471163991357518], [16]))
    (3, ([131, 19, 83, 55, 5, 119, 69, 52, 116, 25, 89, 139], Float64[], Int64[]))
    (4, ([132, 8, 72, 23, 87, 57, 121, 13, 26, 77, 90, 43, 107, 17, 81, 39, 103, 145, 140], [35.76148655176839], [18]))
    (5, ([133, 64, 41, 105, 128, 53, 117, 30, 94, 37, 101, 1, 65, 33, 24, 97, 88, 2, 38, 102, 66, 46, 110, 145, 141], [41.132852256481975], [24]))
    (6, ([134, 14, 78, 29, 93, 54, 4, 68, 118, 61, 125, 34, 98, 44, 108, 40, 51, 115, 104, 145, 142], [42.78740332338564], [20]))
    (7, ([135, 31, 95, 11, 75, 7, 36, 71, 100, 58, 10, 122, 74, 21, 15, 79, 85, 22, 20, 86, 84, 32, 96, 145, 143], [56.62179527948544], [24]))
    (8, ([136, 48, 112, 49, 113, 27, 91, 12, 18, 82, 76, 62, 126, 42, 106, 145, 144], [17.111924467528475], [16])))

T best obj: 652.21501522773
T best iteration: 19782
T total iterations: 30000
T best time [s]: 16.386
T total time [s]: 23.6580
