EADARP version ecec-dirty
ARGS: --ifile=EADARP/instances/random/r8-64-00000.txt  --gamma=0.7 --only_single_s_visits=false --odir=EADARP/solutions/random/r8-64-00000 --oname=run8
Settings:
--alns_gamma=0.025
--alns_segment_size=100
--alns_sigma1=10
--alns_sigma2=9
--alns_sigma3=3
--at_most_one_s=false
--gamma=0.7
--ifile=EADARP/instances/random/r8-64-00000.txt
--infeasible_arcs=EADARP/infeasible_arcs
--insert_charging_otf=true
--insert_cost_noise=0.014
--lns_init_temp_factor=0.0
--lns_temp_dec_factor=0.99
--log_all_sols_fname=
--mh_checkit=false
--mh_lfreq=0
--mh_lnewinc=true
--mh_tciter=-1
--mh_tctime=-1.0
--mh_titer=30000
--mh_tobj=-1.0
--mh_ttime=-1.0
--odir=EADARP/solutions/random/r8-64-00000
--ofile=
--oname=run8
--only_single_s_visits=false
--prepthreshold=0.1
--repair_max_routes=0
--route_based_ops=0
--seed=979013123
--tightened_windows=EADARP/tightened_windows
--use_milp_in_otf=0
--xcheck_isfeasible=false

EADARPInstance(EADARP/instances/random/r8-64-00000.txt, n=64, n_K=8, S=[145, 146, 147], Q=14.85, n_F=8, γ=0.7, T_plan=720.0, F=[137, 138, 139, 140, 141, 142, 143, 144])

Percentage of arcs removed: 70.04488870378083%
Minimum Degree: 10
T preprocessing time [s]: 3.038
I       iter             best          obj_old          obj_new        time              method info
I          1        783.94462     100064.00000        783.94462      0.1500                 con 
I          2        773.61097        783.94462        773.61097      0.1810        drrr_15+rrri 
I          3        762.87509        773.61097        762.87509      0.2000        drrr_15+rroi 
I          4        760.49066        762.87509        760.49066      0.2210        drrr_15+rroi 
I          9        754.18334        760.49066        754.18334      0.2750         drrr_15+rrg 
I         11        748.66970        754.18334        748.66970      0.3090        drrr_15+rroi 
I         12        738.12711        748.66970        738.12711      0.3190        drrr_15+rrri 
I         15        727.20314        738.12711        727.20314      0.3410        drrr_15+rrri 
I         16        718.68394        727.20314        718.68394      0.3490         drrr_15+rrg 
I         17        713.83287        718.68394        713.83287      0.3530        drrr_15+rrri 
I         18        706.68443        713.83287        706.68443      0.3630        drrr_15+rrri 
I         19        698.64674        706.68443        698.64674      0.3650        drrr_15+rroi 
I         20        693.35959        698.64674        693.35959      0.3750         drrr_15+rrg 
I         21        688.11739        693.35959        688.11739      0.3890         drrr_15+rrg 
I         24        683.52039        688.11739        683.52039      0.4270        drrr_15+rroi 
I         25        680.02861        683.52039        680.02861      0.4520         drrr_15+rrg 
I         26        679.99022        680.02861        679.99022      0.4560        drrr_15+rroi 
I         33        679.98416        679.99022        679.98416      0.4980         drrr_15+rrg 
I         35        678.21942        679.98416        678.21942      0.5190         drrr_15+rrg 
I         51        678.10625        678.21942        678.10625      0.5690        drrr_15+rrri 
I         53        677.64529        678.10625        677.64529      0.5700         drrr_15+rrg 
I         70        677.38784        677.64529        677.38784      0.6150        drrr_15+rroi 
I         72        675.56636        677.38784        675.56636      0.6200        drrr_15+rrri 
I        108        675.56030        675.56636        675.56030      0.6970         drrr_15+rrg 
I        132        675.16917        675.56030        675.16917      0.7940         drrr_15+rrg 
I        133        673.46963        675.16917        673.46963      0.7950        drrr_15+rroi 
I        151        673.46628        673.46963        673.46628      0.8330         drrr_15+rrg 
I        323        672.11758        673.46628        672.11758      1.1250         drrr_15+rrg 
I        333        671.61184        672.11758        671.61184      1.1420        drrr_15+rrri 
I        355        671.35774        671.61184        671.35774      1.1750        drrr_15+rrri 
I        520        668.90034        671.35774        668.90034      1.3600        drrr_15+rrri 
I        529        668.49900        668.90034        668.49900      1.3700        drrr_15+rroi 
I        561        668.49294        668.49900        668.49294      1.4070         drrr_15+rrg 
I        564        667.56232        668.49294        667.56232      1.4120         drrr_15+rrg 
I        573        667.55897        667.56232        667.55897      1.4310        drrr_15+rroi 
I        921        665.51926        667.55897        665.51926      1.8430        drrr_15+rrri 
I        937        665.08391        665.51926        665.08391      1.8700         drrr_15+rrg 
I        951        663.29326        665.08391        663.29326      1.8990        drrr_15+rrri 
I        987        659.02354        663.29326        659.02354      1.9410         drrr_15+rrg 
I       1774        656.63981        659.02354        656.63981      2.6750        drrr_15+rrri 
I       1780        656.55683        656.63981        656.55683      2.6800        drrr_15+rroi 
I       2727        653.55155        656.55683        653.55155      3.4870        drrr_15+rroi 
I       2734        651.97264        653.55155        651.97264      3.4900        drrr_15+rroi 
I       2735        651.46129        651.97264        651.46129      3.4920        drrr_15+rroi 
I       3608        651.23505        651.46129        651.23505      4.2530        drrr_15+rroi 
I       3612        650.70450        651.23505        650.70450      4.2590        drrr_15+rroi 
I       3631        650.52958        650.70450        650.52958      4.2780         drrr_15+rrg 
I       3839        649.33219        650.52958        649.33219      4.4600        drrr_15+rroi 
I       6706        649.15091        649.33219        649.15091      6.7300         drrr_15+rrg 
I       6718        648.95930        649.15091        648.95930      6.7460         drrr_15+rrg 
I       6798        648.54115        648.95930        648.54115      6.8050        drrr_15+rroi 
I       6802        646.87574        648.54115        646.87574      6.8120        drrr_15+rrri 
I       6858        646.58724        646.87574        646.58724      6.8460         drrr_15+rrg 
I       6860        646.06743        646.58724        646.06743      6.8520        drrr_15+rrri 
I       8221        644.79360        646.06743        644.79360      7.8920        drrr_15+rroi 
I      17146        644.33528        644.79360        644.33528     14.8620         drrr_15+rrg 
I      18980        642.76141        644.33528        642.76141     16.4030         drrr_15+rrg 
I      20907        641.69601        642.76141        641.69601     18.0180        drrr_15+rrri 
I      30000        641.69601        641.69601        641.69601     25.4450         drrr_15+rrg 

Method statistics
S  method    iter  succ  succ-rate%  tot-obj-gain  avg-obj-gain  rel-succ%  net-time  net-time%  brut-time  brut-time%
S  con          1     1   100.00000  -99280.05538  -99280.05538    0.86957   0.15000    0.58951    0.15000     0.58951
S  drrr_15  29999    57     0.19001    -142.24860      -0.00474   49.56522   0.76700    3.01433    0.76700     3.01433
S  rrg       9848    22     0.22340     -41.33888      -0.00420   19.13043  12.62600   49.62075   12.62600    49.62075
S  rroi     10133    19     0.18751     -42.49341      -0.00419   16.52174   5.69800   22.39339    5.69800    22.39339
S  rrri     10018    16     0.15971     -58.41632      -0.00583   13.91304   5.98400   23.51740    5.98400    23.51740
S  SUM/AVG  59999   115     0.19167  -99564.55259      -1.65944   20.00000  25.22500   99.13538   25.22500    99.13538

T best solution: EADARPSolution(t_routing=804.229, t_excess=154.097, obj_val=641.696, obj_val_valid=true,
    unserved_requests=Int64[], F_visited=[139, 144, 141, 142, 140, 143, 137, 138], S_visited=Int64[],
    (1, ([129, 14, 78, 29, 93, 25, 89, 48, 112, 49, 113, 9, 73, 2, 38, 102, 66, 46, 110, 145, 137], [40.371876852634095], [20]))
    (2, ([130, 31, 95, 11, 75, 47, 60, 124, 111, 45, 109, 28, 92, 59, 123, 145, 138], [13.300098274509928], [16]))
    (3, ([131, 56, 50, 114, 120, 7, 17, 71, 81, 39, 103, 145, 139], [3.8517019178067553], [12]))
    (4, ([132, 64, 41, 105, 128, 53, 117, 37, 101, 1, 65, 33, 24, 97, 88, 44, 108, 40, 51, 115, 104, 145, 140], [48.16785776786138], [22]))
    (5, ([133, 19, 83, 55, 5, 119, 69, 13, 26, 77, 90, 3, 67, 35, 63, 127, 99, 32, 96, 145, 141], [17.995273398100117], [20]))
    (6, ([134, 36, 100, 54, 4, 68, 118, 61, 30, 94, 125, 34, 98, 27, 91, 12, 18, 82, 76, 62, 126, 42, 106, 145, 142], [35.883729739322135], [24]))
    (7, ([135, 8, 72, 23, 87, 57, 121, 52, 116, 58, 10, 122, 74, 21, 15, 79, 85, 20, 84, 146, 16, 80, 6, 70, 143], [45.52016462560068], [20]))
    (8, ([136, 43, 107, 22, 86, 144], Float64[], Int64[])))

T best obj: 641.6960139975085
T best iteration: 20907
T total iterations: 30000
T best time [s]: 18.018
T total time [s]: 25.4450
