EADARP version ecec-dirty
ARGS: --ifile=EADARP/instances/random/r8-64-00000.txt  --gamma=0.7 --only_single_s_visits=false --odir=EADARP/solutions/random/r8-64-00000 --oname=run88
Settings:
--alns_gamma=0.025
--alns_segment_size=100
--alns_sigma1=10
--alns_sigma2=9
--alns_sigma3=3
--at_most_one_s=false
--gamma=0.7
--ifile=EADARP/instances/random/r8-64-00000.txt
--infeasible_arcs=EADARP/infeasible_arcs
--insert_charging_otf=true
--insert_cost_noise=0.014
--lns_init_temp_factor=0.0
--lns_temp_dec_factor=0.99
--log_all_sols_fname=
--mh_checkit=false
--mh_lfreq=0
--mh_lnewinc=true
--mh_tciter=-1
--mh_tctime=-1.0
--mh_titer=30000
--mh_tobj=-1.0
--mh_ttime=-1.0
--odir=EADARP/solutions/random/r8-64-00000
--ofile=
--oname=run88
--only_single_s_visits=false
--prepthreshold=0.1
--repair_max_routes=0
--route_based_ops=0
--seed=1019316240
--tightened_windows=EADARP/tightened_windows
--use_milp_in_otf=0
--xcheck_isfeasible=false

EADARPInstance(EADARP/instances/random/r8-64-00000.txt, n=64, n_K=8, S=[145, 146, 147], Q=14.85, n_F=8, γ=0.7, T_plan=720.0, F=[137, 138, 139, 140, 141, 142, 143, 144])

Percentage of arcs removed: 70.04488870378083%
Minimum Degree: 10
T preprocessing time [s]: 3.244
I       iter             best          obj_old          obj_new        time              method info
I          1        762.88178     100064.00000        762.88178      0.1620                 con 
I          2        741.43762        762.88178        741.43762      0.1950         drrr_15+rrg 
I          3        731.69980        741.43762        731.69980      0.2200        drrr_15+rrri 
I          4        730.54353        731.69980        730.54353      0.2320        drrr_15+rrri 
I          5        724.33891        730.54353        724.33891      0.2530        drrr_15+rroi 
I          6        714.37243        724.33891        714.37243      0.2880        drrr_15+rrri 
I          8        713.87142        714.37243        713.87142      0.3100        drrr_15+rrri 
I          9        707.92574        713.87142        707.92574      0.3280        drrr_15+rroi 
I         10        701.49214        707.92574        701.49214      0.3380        drrr_15+rroi 
I         13        698.09714        701.49214        698.09714      0.3780        drrr_15+rroi 
I         14        694.45457        698.09714        694.45457      0.3800         drrr_15+rrg 
I         17        692.17594        694.45457        692.17594      0.4040         drrr_15+rrg 
I         18        692.13033        692.17594        692.13033      0.4200        drrr_15+rrri 
I         19        687.65964        692.13033        687.65964      0.4240        drrr_15+rrri 
I         25        687.00199        687.65964        687.00199      0.4520         drrr_15+rrg 
I         29        684.73546        687.00199        684.73546      0.4690        drrr_15+rroi 
I         37        682.47712        684.73546        682.47712      0.5030        drrr_15+rroi 
I         60        680.34538        682.47712        680.34538      0.5510        drrr_15+rrri 
I         72        679.92087        680.34538        679.92087      0.5720         drrr_15+rrg 
I        100        679.63173        679.92087        679.63173      0.6310         drrr_15+rrg 
I        102        674.94696        679.63173        674.94696      0.6380        drrr_15+rrri 
I        105        674.65783        674.94696        674.65783      0.6480         drrr_15+rrg 
I        120        674.33763        674.65783        674.33763      0.6680         drrr_15+rrg 
I        174        673.44894        674.33763        673.44894      0.7910         drrr_15+rrg 
I        250        671.83339        673.44894        671.83339      0.8980        drrr_15+rrri 
I        326        671.48565        671.83339        671.48565      1.0180        drrr_15+rroi 
I        563        667.60804        671.48565        667.60804      1.3780        drrr_15+rrri 
I        614        667.31890        667.60804        667.31890      1.4280        drrr_15+rroi 
I        677        666.02623        667.31890        666.02623      1.5010        drrr_15+rrri 
I        707        665.46000        666.02623        665.46000      1.5480         drrr_15+rrg 
I        934        664.97848        665.46000        664.97848      1.8080        drrr_15+rrri 
I       1890        664.84975        664.97848        664.84975      2.7030        drrr_15+rrri 
I       1908        663.52867        664.84975        663.52867      2.7180         drrr_15+rrg 
I       1980        663.29056        663.52867        663.29056      2.7910        drrr_15+rrri 
I       4457        662.67986        663.29056        662.67986      4.9550        drrr_15+rroi 
I       4502        660.85564        662.67986        660.85564      5.0060         drrr_15+rrg 
I       4974        660.68950        660.85564        660.68950      5.4100        drrr_15+rrri 
I       5082        659.31120        660.68950        659.31120      5.4830        drrr_15+rroi 
I       5087        659.26559        659.31120        659.26559      5.4890         drrr_15+rrg 
I       8413        657.88517        659.26559        657.88517      8.2700        drrr_15+rrri 
I       9767        648.92290        657.88517        648.92290      9.4350        drrr_15+rrri 
I       9795        648.87729        648.92290        648.87729      9.4580        drrr_15+rrri 
I       9809        648.59857        648.87729        648.59857      9.4730        drrr_15+rroi 
I      18038        648.03963        648.59857        648.03963     15.9380        drrr_15+rroi 
I      30000        648.03963        648.03963        648.03963     25.0190         drrr_15+rrg 

Method statistics
S  method    iter  succ  succ-rate%  tot-obj-gain  avg-obj-gain  rel-succ%  net-time  net-time%  brut-time  brut-time%
S  con          1     1   100.00000  -99301.11822  -99301.11822    1.14943   0.16200    0.64751    0.16200     0.64751
S  drrr_15  29999    43     0.14334    -114.84215      -0.00383   49.42529   0.70000    2.79786    0.70000     2.79786
S  rrg      10086    13     0.12889     -33.99182      -0.00337   14.94253  12.18099   48.68695   12.18099    48.68695
S  rroi      9919    12     0.12098     -29.96729      -0.00302   13.79310   5.67000   22.66277    5.67000    22.66277
S  rrri      9994    18     0.18011     -50.88303      -0.00509   20.68966   6.07801   24.29359    6.07801    24.29359
S  SUM/AVG  59999    87     0.14500  -99530.80251      -1.65887   20.00000  24.79100   99.08869   24.79100    99.08869

T best solution: EADARPSolution(t_routing=814.271, t_excess=149.344, obj_val=648.04, obj_val_valid=true,
    unserved_requests=Int64[], F_visited=[138, 144, 141, 143, 139, 137, 142, 140], S_visited=Int64[],
    (1, ([129, 56, 50, 114, 120, 7, 17, 71, 81, 15, 21, 79, 85, 20, 84, 146, 16, 80, 6, 70, 137], [47.8830641394163], [16]))
    (2, ([130, 31, 95, 11, 75, 47, 60, 124, 111, 33, 24, 97, 88, 44, 108, 40, 51, 115, 104, 145, 138], [38.779380628395224], [20]))
    (3, ([131, 3, 43, 67, 107, 22, 86, 139], Float64[], Int64[]))
    (4, ([132, 8, 72, 23, 87, 57, 121, 13, 26, 77, 90, 45, 109, 28, 92, 59, 123, 145, 140], [18.70882112640053], [18]))
    (5, ([133, 19, 83, 55, 5, 119, 69, 52, 116, 25, 89, 48, 112, 49, 113, 1, 65, 39, 103, 145, 141], [66.73393323789504], [20]))
    (6, ([134, 64, 41, 105, 128, 53, 117, 30, 94, 37, 101, 9, 73, 2, 38, 102, 66, 46, 110, 142], Float64[], Int64[]))
    (7, ([135, 14, 78, 29, 93, 58, 10, 74, 122, 35, 63, 127, 99, 32, 96, 145, 143], [1.6597415654346874], [16]))
    (8, ([136, 36, 100, 54, 4, 68, 118, 61, 125, 34, 98, 27, 91, 12, 18, 82, 76, 62, 126, 42, 106, 145, 144], [34.64477086175173], [22])))

T best obj: 648.0396330526659
T best iteration: 18038
T total iterations: 30000
T best time [s]: 15.938
T total time [s]: 25.0190
