EADARP version ecec-dirty
ARGS: --ifile=EADARP/instances/random/r8-64-00000.txt  --gamma=0.7 --only_single_s_visits=false --odir=EADARP/solutions/random/r8-64-00000 --oname=run9
Settings:
--alns_gamma=0.025
--alns_segment_size=100
--alns_sigma1=10
--alns_sigma2=9
--alns_sigma3=3
--at_most_one_s=false
--gamma=0.7
--ifile=EADARP/instances/random/r8-64-00000.txt
--infeasible_arcs=EADARP/infeasible_arcs
--insert_charging_otf=true
--insert_cost_noise=0.014
--lns_init_temp_factor=0.0
--lns_temp_dec_factor=0.99
--log_all_sols_fname=
--mh_checkit=false
--mh_lfreq=0
--mh_lnewinc=true
--mh_tciter=-1
--mh_tctime=-1.0
--mh_titer=30000
--mh_tobj=-1.0
--mh_ttime=-1.0
--odir=EADARP/solutions/random/r8-64-00000
--ofile=
--oname=run9
--only_single_s_visits=false
--prepthreshold=0.1
--repair_max_routes=0
--route_based_ops=0
--seed=1682053066
--tightened_windows=EADARP/tightened_windows
--use_milp_in_otf=0
--xcheck_isfeasible=false

EADARPInstance(EADARP/instances/random/r8-64-00000.txt, n=64, n_K=8, S=[145, 146, 147], Q=14.85, n_F=8, γ=0.7, T_plan=720.0, F=[137, 138, 139, 140, 141, 142, 143, 144])

Percentage of arcs removed: 70.04488870378083%
Minimum Degree: 10
T preprocessing time [s]: 3.737
I       iter             best          obj_old          obj_new        time              method info
I          1        790.03343     100064.00000        790.03343      0.1980                 con 
I          2        783.35349        790.03343        783.35349      0.2260        drrr_15+rroi 
I          3        763.49967        783.35349        763.49967      0.2470        drrr_15+rroi 
I          4        752.75489        763.49967        752.75489      0.2710         drrr_15+rrg 
I          5        732.65345        752.75489        732.65345      0.2830         drrr_15+rrg 
I          6        729.12129        732.65345        729.12129      0.3060         drrr_15+rrg 
I          8        729.10218        729.12129        729.10218      0.3340         drrr_15+rrg 
I         12        729.08028        729.10218        729.08028      0.3890        drrr_15+rroi 
I         13        728.66600        729.08028        728.66600      0.3940        drrr_15+rroi 
I         14        725.93281        728.66600        725.93281      0.4000         drrr_15+rrg 
I         16        723.56470        725.93281        723.56470      0.4300         drrr_15+rrg 
I         24        712.33972        723.56470        712.33972      0.4800        drrr_15+rrri 
I         28        711.34101        712.33972        711.34101      0.4920         drrr_15+rrg 
I         33        711.03352        711.34101        711.03352      0.5090         drrr_15+rrg 
I         35        697.83384        711.03352        697.83384      0.5190         drrr_15+rrg 
I         37        697.00817        697.83384        697.00817      0.5360         drrr_15+rrg 
I         39        695.79345        697.00817        695.79345      0.5450         drrr_15+rrg 
I         40        694.23187        695.79345        694.23187      0.5530        drrr_15+rrri 
I         44        687.80910        694.23187        687.80910      0.5630        drrr_15+rrri 
I         48        686.19617        687.80910        686.19617      0.5730        drrr_15+rroi 
I         52        681.16826        686.19617        681.16826      0.5890         drrr_15+rrg 
I         55        680.32688        681.16826        680.32688      0.6030        drrr_15+rroi 
I         65        678.36486        680.32688        678.36486      0.6430         drrr_15+rrg 
I         66        675.85929        678.36486        675.85929      0.6430         drrr_15+rrg 
I         70        672.79924        675.85929        672.79924      0.6510         drrr_15+rrg 
I         76        669.60623        672.79924        669.60623      0.6710        drrr_15+rrri 
I         79        668.19250        669.60623        668.19250      0.6810        drrr_15+rrri 
I        109        668.14689        668.19250        668.14689      0.7430        drrr_15+rrri 
I        162        666.20331        668.14689        666.20331      0.8280         drrr_15+rrg 
I        244        665.40088        666.20331        665.40088      0.9080        drrr_15+rrri 
I        254        664.65093        665.40088        664.65093      0.9190         drrr_15+rrg 
I        345        664.42846        664.65093        664.42846      0.9950        drrr_15+rroi 
I        348        662.81291        664.42846        662.81291      0.9980        drrr_15+rrri 
I        353        662.78699        662.81291        662.78699      1.0020         drrr_15+rrg 
I        363        661.56911        662.78699        661.56911      1.0100        drrr_15+rrri 
I        370        661.13667        661.56911        661.13667      1.0190        drrr_15+rrri 
I        982        659.11498        661.13667        659.11498      1.6730         drrr_15+rrg 
I        993        657.94765        659.11498        657.94765      1.6870        drrr_15+rroi 
I       1470        657.33238        657.94765        657.33238      2.1580         drrr_15+rrg 
I       1478        656.00212        657.33238        656.00212      2.1690         drrr_15+rrg 
I       2828        654.57528        656.00212        654.57528      3.1970        drrr_15+rrri 
I       3020        653.82171        654.57528        653.82171      3.3200         drrr_15+rrg 
I       3044        652.63186        653.82171        652.63186      3.3450        drrr_15+rroi 
I       3860        652.31810        652.63186        652.31810      3.9390         drrr_15+rrg 
I       4326        651.08230        652.31810        651.08230      4.2470        drrr_15+rrri 
I       7148        651.06867        651.08230        651.06867      6.6500        drrr_15+rrri 
I       7284        649.90659        651.06867        649.90659      6.7650        drrr_15+rroi 
I       7314        649.04457        649.90659        649.04457      6.7840         drrr_15+rrg 
I       7319        647.96981        649.04457        647.96981      6.7850        drrr_15+rrri 
I       7351        647.75991        647.96981        647.75991      6.8150        drrr_15+rrri 
I       7378        647.71430        647.75991        647.71430      6.8600        drrr_15+rroi 
I       8107        647.54541        647.71430        647.54541      7.5870        drrr_15+rroi 
I       8239        647.12726        647.54541        647.12726      7.6680        drrr_15+rrri 
I       9196        647.01907        647.12726        647.01907      8.3990         drrr_15+rrg 
I      11575        645.80323        647.01907        645.80323     10.2720        drrr_15+rroi 
I      11580        644.58814        645.80323        644.58814     10.2800         drrr_15+rrg 
I      11581        644.32100        644.58814        644.32100     10.2800        drrr_15+rroi 
I      11583        644.27539        644.32100        644.27539     10.2820        drrr_15+rroi 
I      11594        642.99073        644.27539        642.99073     10.2900        drrr_15+rroi 
I      11603        642.50921        642.99073        642.50921     10.2970        drrr_15+rroi 
I      14262        642.50427        642.50921        642.50427     12.6970         drrr_15+rrg 
I      20467        642.10841        642.50427        642.10841     17.7440        drrr_15+rrri 
I      30000        642.10841        642.10841        645.71480     26.1520        drrr_15+rroi 

Method statistics
S  method    iter  succ  succ-rate%  tot-obj-gain  avg-obj-gain  rel-succ%  net-time  net-time%  brut-time  brut-time%
S  con          1     1   100.00000  -99273.96657  -99273.96657    0.81301   0.19800    0.75711    0.19800     0.75711
S  drrr_15  29999    61     0.20334    -147.92502      -0.00493   49.59350   0.73100    2.79519    0.73100     2.79519
S  rrg      10137    27     0.26635     -78.54485      -0.00775   21.95122  13.07000   49.97707   13.07000    49.97707
S  rroi      9909    17     0.17156     -36.67526      -0.00370   13.82114   5.70499   21.81472    5.70499    21.81472
S  rrri      9953    17     0.17080     -32.70491      -0.00329   13.82114   6.25101   23.90261    6.25101    23.90261
S  SUM/AVG  59999   123     0.20500  -99569.81662      -1.65952   20.00000  25.95500   99.24670   25.95500    99.24670

T best solution: EADARPSolution(t_routing=808.494, t_excess=142.953, obj_val=642.108, obj_val_valid=true,
    unserved_requests=Int64[], F_visited=[137, 138, 140, 139, 142, 144, 143, 141], S_visited=Int64[],
    (1, ([129, 19, 83, 55, 5, 119, 69, 52, 116, 25, 89, 48, 112, 49, 113, 34, 98, 27, 91, 12, 18, 82, 76, 62, 126, 145, 137], [89.70343125976271], [26]))
    (2, ([130, 14, 78, 29, 93, 54, 4, 68, 118, 61, 30, 94, 125, 138], Float64[], Int64[]))
    (3, ([131, 3, 67, 7, 17, 71, 81, 39, 103, 42, 106, 139], Float64[], Int64[]))
    (4, ([132, 8, 72, 23, 87, 57, 121, 13, 26, 77, 90, 10, 74, 21, 15, 79, 85, 20, 84, 146, 16, 80, 6, 70, 140], [34.99245265879708], [20]))
    (5, ([133, 31, 95, 11, 75, 43, 107, 22, 86, 141], Float64[], Int64[]))
    (6, ([134, 36, 100, 58, 122, 35, 63, 127, 99, 32, 96, 9, 73, 2, 38, 102, 66, 46, 110, 145, 142], [3.924099282647346], [20]))
    (7, ([135, 64, 41, 105, 128, 53, 117, 37, 101, 1, 65, 33, 24, 97, 88, 44, 108, 40, 51, 115, 104, 145, 143], [48.16785776786138], [22]))
    (8, ([136, 56, 50, 114, 120, 47, 60, 124, 111, 45, 109, 28, 92, 59, 123, 145, 144], [17.471163991357518], [16])))

T best obj: 642.1084060710436
T best iteration: 20467
T total iterations: 30000
T best time [s]: 17.744
T total time [s]: 26.1520
