EADARP version ecec-dirty
ARGS: --ifile=EADARP/instances/random/r8-64-00000.txt  --gamma=0.7 --only_single_s_visits=false --odir=EADARP/solutions/random/r8-64-00000 --oname=run93
Settings:
--alns_gamma=0.025
--alns_segment_size=100
--alns_sigma1=10
--alns_sigma2=9
--alns_sigma3=3
--at_most_one_s=false
--gamma=0.7
--ifile=EADARP/instances/random/r8-64-00000.txt
--infeasible_arcs=EADARP/infeasible_arcs
--insert_charging_otf=true
--insert_cost_noise=0.014
--lns_init_temp_factor=0.0
--lns_temp_dec_factor=0.99
--log_all_sols_fname=
--mh_checkit=false
--mh_lfreq=0
--mh_lnewinc=true
--mh_tciter=-1
--mh_tctime=-1.0
--mh_titer=30000
--mh_tobj=-1.0
--mh_ttime=-1.0
--odir=EADARP/solutions/random/r8-64-00000
--ofile=
--oname=run93
--only_single_s_visits=false
--prepthreshold=0.1
--repair_max_routes=0
--route_based_ops=0
--seed=1758878135
--tightened_windows=EADARP/tightened_windows
--use_milp_in_otf=0
--xcheck_isfeasible=false

EADARPInstance(EADARP/instances/random/r8-64-00000.txt, n=64, n_K=8, S=[145, 146, 147], Q=14.85, n_F=8, γ=0.7, T_plan=720.0, F=[137, 138, 139, 140, 141, 142, 143, 144])

Percentage of arcs removed: 70.04488870378083%
Minimum Degree: 10
T preprocessing time [s]: 3.385
I       iter             best          obj_old          obj_new        time              method info
I          1        773.81227     100064.00000        773.81227      0.2000                 con 
I          2        769.60409        773.81227        769.60409      0.2160        drrr_15+rrri 
I          3        750.40049        769.60409        750.40049      0.2520         drrr_15+rrg 
I          7        749.73075        750.40049        749.73075      0.3130        drrr_15+rrri 
I          8        745.40963        749.73075        745.40963      0.3260         drrr_15+rrg 
I         11        738.88542        745.40963        738.88542      0.3620        drrr_15+rroi 
I         13        733.14973        738.88542        733.14973      0.3940         drrr_15+rrg 
I         18        729.31341        733.14973        729.31341      0.5210        drrr_15+rroi 
I         19        725.23025        729.31341        725.23025      0.5300        drrr_15+rroi 
I         20        720.38953        725.23025        720.38953      0.5590         drrr_15+rrg 
I         22        716.79157        720.38953        716.79157      0.5950        drrr_15+rrri 
I         24        712.66923        716.79157        712.66923      0.6210        drrr_15+rroi 
I         31        710.58575        712.66923        710.58575      0.6800         drrr_15+rrg 
I         36        709.56147        710.58575        709.56147      0.6930        drrr_15+rroi 
I         41        705.13454        709.56147        705.13454      0.7170         drrr_15+rrg 
I         48        704.43115        705.13454        704.43115      0.7540        drrr_15+rrri 
I         60        703.33191        704.43115        703.33191      0.8100        drrr_15+rroi 
I         75        703.15671        703.33191        703.15671      0.8560        drrr_15+rroi 
I         86        700.75236        703.15671        700.75236      0.8990         drrr_15+rrg 
I         89        699.70490        700.75236        699.70490      0.9190        drrr_15+rroi 
I         94        697.14613        699.70490        697.14613      0.9350        drrr_15+rrri 
I         97        695.33079        697.14613        695.33079      0.9610         drrr_15+rrg 
I        102        690.83886        695.33079        690.83886      0.9720         drrr_15+rrg 
I        103        690.05196        690.83886        690.05196      0.9760        drrr_15+rroi 
I        112        689.19539        690.05196        689.19539      1.0040        drrr_15+rroi 
I        125        682.18626        689.19539        682.18626      1.0440         drrr_15+rrg 
I        130        681.56633        682.18626        681.56633      1.0720         drrr_15+rrg 
I        143        681.11628        681.56633        681.11628      1.1110        drrr_15+rroi 
I        150        680.10085        681.11628        680.10085      1.1210         drrr_15+rrg 
I        157        679.24939        680.10085        679.24939      1.1940        drrr_15+rroi 
I        165        677.47185        679.24939        677.47185      1.2230        drrr_15+rrri 
I        166        672.28785        677.47185        672.28785      1.2230         drrr_15+rrg 
I        195        669.90023        672.28785        669.90023      1.2870         drrr_15+rrg 
I        197        668.90161        669.90023        668.90161      1.2960         drrr_15+rrg 
I        606        668.29709        668.90161        668.29709      1.8560        drrr_15+rrri 
I        819        666.75266        668.29709        666.75266      2.1670        drrr_15+rrri 
I       1208        664.14759        666.75266        664.14759      2.6590        drrr_15+rrri 
I       1278        664.12004        664.14759        664.12004      2.7370         drrr_15+rrg 
I       1550        663.28550        664.12004        663.28550      3.0340        drrr_15+rrri 
I       1573        663.25047        663.28550        663.25047      3.0590        drrr_15+rroi 
I       1615        662.99637        663.25047        662.99637      3.1030        drrr_15+rrri 
I       1859        662.50748        662.99637        662.50748      3.2980        drrr_15+rroi 
I       4273        661.94097        662.50748        661.94097      6.1470        drrr_15+rrri 
I       4275        660.52724        661.94097        660.52724      6.1510        drrr_15+rroi 
I       6480        659.92846        660.52724        659.92846      8.0260        drrr_15+rroi 
I       6741        659.85378        659.92846        659.85378      8.2470        drrr_15+rroi 
I       6761        659.43563        659.85378        659.43563      8.2650        drrr_15+rroi 
I       7588        658.58413        659.43563        658.58413      9.0170         drrr_15+rrg 
I       7605        658.52033        658.58413        658.52033      9.0330        drrr_15+rroi 
I       7610        657.10660        658.52033        657.10660      9.0330         drrr_15+rrg 
I       7633        656.49874        657.10660        656.49874      9.0530        drrr_15+rroi 
I       7647        656.13144        656.49874        656.13144      9.0630        drrr_15+rrri 
I       7670        656.08583        656.13144        656.08583      9.0830        drrr_15+rrri 
I       7808        656.04444        656.08583        656.04444      9.2030        drrr_15+rrri 
I       7999        655.27421        656.04444        655.27421      9.3530        drrr_15+rroi 
I       8740        655.25483        655.27421        655.25483      9.9300        drrr_15+rrri 
I       8746        654.84193        655.25483        654.84193      9.9330        drrr_15+rroi 
I       8910        654.77526        654.84193        654.77526     10.0760        drrr_15+rrri 
I       9009        654.07169        654.77526        654.07169     10.1650         drrr_15+rrg 
I       9040        653.06445        654.07169        653.06445     10.1850        drrr_15+rrri 
I       9043        651.79501        653.06445        651.79501     10.1900        drrr_15+rroi 
I       9084        651.38211        651.79501        651.38211     10.2170        drrr_15+rroi 
I       9197        648.51195        651.38211        648.51195     10.2990        drrr_15+rrri 
I       9210        647.74171        648.51195        647.74171     10.3150         drrr_15+rrg 
I       9231        647.69610        647.74171        647.69610     10.3300        drrr_15+rrri 
I      30000        647.69610        647.69610        647.69610     26.0740         drrr_15+rrg 

Method statistics
S  method    iter  succ  succ-rate%  tot-obj-gain  avg-obj-gain  rel-succ%  net-time  net-time%  brut-time  brut-time%
S  con          1     1   100.00000  -99290.18773  -99290.18773    0.77519   0.20000    0.76705    0.20000     0.76705
S  drrr_15  29999    64     0.21334    -126.11616      -0.00420   49.61240   0.71900    2.75754    0.71900     2.75754
S  rrg      10098    20     0.19806     -70.30448      -0.00696   15.50388  12.80099   49.09486   12.80099    49.09486
S  rroi      9935    24     0.24157     -31.42359      -0.00316   18.60465   5.72800   21.96825    5.72800    21.96825
S  rrri      9966    20     0.20068     -24.38810      -0.00245   15.50388   6.38700   24.49568    6.38700    24.49568
S  SUM/AVG  59999   129     0.21500  -99542.42006      -1.65907   20.00000  25.83500   99.08338   25.83500    99.08338

T best solution: EADARPSolution(t_routing=814.197, t_excess=148.192, obj_val=647.696, obj_val_valid=true,
    unserved_requests=Int64[], F_visited=[143, 141, 142, 144, 139, 137, 138, 140], S_visited=Int64[],
    (1, ([129, 19, 83, 55, 5, 119, 69, 11, 75, 47, 60, 124, 111, 54, 4, 68, 118, 61, 125, 145, 137], [35.44073962635511], [20]))
    (2, ([130, 31, 95, 8, 72, 23, 87, 57, 121, 13, 26, 77, 90, 24, 88, 44, 108, 40, 51, 115, 104, 145, 138], [52.446643211107045], [22]))
    (3, ([131, 3, 67, 35, 63, 127, 99, 32, 96, 139], Float64[], Int64[]))
    (4, ([132, 64, 41, 105, 128, 56, 50, 114, 120, 7, 17, 71, 81, 45, 109, 28, 92, 59, 123, 145, 140], [60.66138399290989], [20]))
    (5, ([133, 53, 117, 30, 94, 37, 101, 1, 65, 33, 12, 97, 16, 80, 76, 62, 126, 39, 103, 42, 106, 145, 141], [38.330115583773924], [22]))
    (6, ([134, 14, 78, 29, 52, 116, 93, 58, 10, 122, 74, 21, 15, 79, 85, 20, 84, 9, 73, 2, 38, 102, 66, 46, 110, 145, 142], [46.594929224290865], [26]))
    (7, ([135, 43, 107, 22, 86, 143], Float64[], Int64[]))
    (8, ([136, 36, 100, 25, 89, 48, 112, 49, 113, 146, 34, 98, 27, 91, 18, 82, 6, 70, 144], [28.79431428462639], [10])))

T best obj: 647.6961019366772
T best iteration: 9231
T total iterations: 30000
T best time [s]: 10.330
T total time [s]: 26.0740
