EADARP version ecec-dirty
ARGS: --ifile=EADARP/instances/random/r8-64-00000.txt  --gamma=0.7 --only_single_s_visits=false --odir=EADARP/solutions/random/r8-64-00000 --oname=run94
Settings:
--alns_gamma=0.025
--alns_segment_size=100
--alns_sigma1=10
--alns_sigma2=9
--alns_sigma3=3
--at_most_one_s=false
--gamma=0.7
--ifile=EADARP/instances/random/r8-64-00000.txt
--infeasible_arcs=EADARP/infeasible_arcs
--insert_charging_otf=true
--insert_cost_noise=0.014
--lns_init_temp_factor=0.0
--lns_temp_dec_factor=0.99
--log_all_sols_fname=
--mh_checkit=false
--mh_lfreq=0
--mh_lnewinc=true
--mh_tciter=-1
--mh_tctime=-1.0
--mh_titer=30000
--mh_tobj=-1.0
--mh_ttime=-1.0
--odir=EADARP/solutions/random/r8-64-00000
--ofile=
--oname=run94
--only_single_s_visits=false
--prepthreshold=0.1
--repair_max_routes=0
--route_based_ops=0
--seed=180687020
--tightened_windows=EADARP/tightened_windows
--use_milp_in_otf=0
--xcheck_isfeasible=false

EADARPInstance(EADARP/instances/random/r8-64-00000.txt, n=64, n_K=8, S=[145, 146, 147], Q=14.85, n_F=8, γ=0.7, T_plan=720.0, F=[137, 138, 139, 140, 141, 142, 143, 144])

Percentage of arcs removed: 70.04488870378083%
Minimum Degree: 10
T preprocessing time [s]: 3.001
I       iter             best          obj_old          obj_new        time              method info
I          1        767.79530     100064.00000        767.79530      0.2190                 con 
I          2        754.96386        767.79530        754.96386      0.2480        drrr_15+rroi 
I          4        749.26633        754.96386        749.26633      0.2770        drrr_15+rroi 
I          7        739.75367        749.26633        739.75367      0.3630         drrr_15+rrg 
I          8        725.17845        739.75367        725.17845      0.3850         drrr_15+rrg 
I         10        723.12509        725.17845        723.12509      0.4340         drrr_15+rrg 
I         12        720.98542        723.12509        720.98542      0.4650        drrr_15+rroi 
I         13        713.13866        720.98542        713.13866      0.4800        drrr_15+rrri 
I         14        700.56583        713.13866        700.56583      0.5110        drrr_15+rroi 
I         16        696.26008        700.56583        696.26008      0.5370        drrr_15+rrri 
I         18        690.51798        696.26008        690.51798      0.5510        drrr_15+rroi 
I         30        684.88174        690.51798        684.88174      0.6280        drrr_15+rroi 
I         37        684.78928        684.88174        684.78928      0.6540        drrr_15+rroi 
I         42        684.51056        684.78928        684.51056      0.6620        drrr_15+rrri 
I         78        683.99691        684.51056        683.99691      0.7280        drrr_15+rrri 
I         93        683.30952        683.99691        683.30952      0.7820        drrr_15+rroi 
I        101        682.72631        683.30952        682.72631      0.7920        drrr_15+rroi 
I        102        677.83600        682.72631        677.83600      0.7950        drrr_15+rroi 
I        105        676.55881        677.83600        676.55881      0.8060         drrr_15+rrg 
I        130        675.68250        676.55881        675.68250      0.8960         drrr_15+rrg 
I        360        674.70646        675.68250        674.70646      1.2530         drrr_15+rrg 
I        363        668.79256        674.70646        668.79256      1.2580        drrr_15+rroi 
I        367        667.80567        668.79256        667.80567      1.2640        drrr_15+rroi 
I        381        667.55157        667.80567        667.55157      1.2810        drrr_15+rroi 
I       1028        667.47488        667.55157        667.47488      1.9960        drrr_15+rrri 
I       1034        667.34263        667.47488        667.34263      2.0200        drrr_15+rrri 
I       1105        665.39762        667.34263        665.39762      2.1270        drrr_15+rroi 
I       1121        665.39427        665.39762        665.39427      2.1550         drrr_15+rrg 
I       1278        664.97947        665.39427        664.97947      2.3200        drrr_15+rrri 
I       1301        664.97612        664.97947        664.97612      2.3420        drrr_15+rroi 
I       1899        663.37174        664.97612        663.37174      2.9200        drrr_15+rrri 
I       9037        663.08247        663.37174        663.08247      8.9400         drrr_15+rrg 
I       9076        662.87531        663.08247        662.87531      8.9970        drrr_15+rroi 
I       9078        661.88842        662.87531        661.88842      8.9970        drrr_15+rrri 
I       9082        661.88507        661.88842        661.88507      8.9990         drrr_15+rrg 
I      16905        661.46554        661.88507        661.46554     14.9190         drrr_15+rrg 
I      17005        661.22724        661.46554        661.22724     15.0070         drrr_15+rrg 
I      17016        661.22389        661.22724        661.22389     15.0160        drrr_15+rroi 
I      17024        659.61169        661.22389        659.61169     15.0250        drrr_15+rrri 
I      17029        659.60834        659.61169        659.60834     15.0300        drrr_15+rroi 
I      17143        657.98825        659.60834        657.98825     15.0970        drrr_15+rrri 
I      17146        657.67168        657.98825        657.67168     15.1020        drrr_15+rrri 
I      17149        657.66834        657.67168        657.66834     15.1030         drrr_15+rrg 
I      17590        657.18546        657.66834        657.18546     15.4250        drrr_15+rrri 
I      19357        657.01932        657.18546        657.01932     16.8700        drrr_15+rrri 
I      30000        657.01932        657.01932        657.27818     25.0060        drrr_15+rrri 

Method statistics
S  method    iter  succ  succ-rate%  tot-obj-gain  avg-obj-gain  rel-succ%  net-time  net-time%  brut-time  brut-time%
S  con          1     1   100.00000  -99296.20470  -99296.20470    1.12360   0.21900    0.87579    0.21900     0.87579
S  drrr_15  29999    44     0.14667    -110.77597      -0.00369   49.43820   0.72400    2.89531    0.72400     2.89531
S  rrg      10033    12     0.11961     -30.22793      -0.00301   13.48315  12.52499   50.08795   12.52499    50.08795
S  rroi      9999    18     0.18002     -60.19028      -0.00602   20.22472   5.52400   22.09070    5.52400    22.09070
S  rrri      9967    14     0.14046     -20.35776      -0.00204   15.73034   5.81601   23.25844    5.81601    23.25844
S  SUM/AVG  59999    89     0.14834  -99517.75665      -1.65866   20.00000  24.80800   99.20818   24.80800    99.20818

T best solution: EADARPSolution(t_routing=824.541, t_excess=154.454, obj_val=657.019, obj_val_valid=true,
    unserved_requests=Int64[], F_visited=[140, 138, 139, 142, 144, 141, 143, 137], S_visited=Int64[],
    (1, ([129, 64, 41, 105, 128, 36, 100, 58, 10, 122, 74, 21, 15, 79, 85, 22, 20, 86, 84, 28, 92, 59, 123, 145, 137], [43.977085015190035], [24]))
    (2, ([130, 43, 107, 30, 94, 37, 101, 27, 91, 12, 16, 80, 76, 62, 126, 39, 103, 42, 106, 145, 138], [29.6456180872681], [20]))
    (3, ([131, 56, 50, 114, 120, 7, 17, 71, 81, 45, 109, 147, 24, 33, 97, 88, 44, 108, 40, 51, 115, 104, 139], [88.93119535482761], [12]))
    (4, ([132, 140], Float64[], Int64[]))
    (5, ([133, 8, 72, 23, 87, 57, 121, 13, 26, 77, 90, 3, 67, 35, 63, 127, 99, 32, 96, 145, 141], [11.566693010528537], [20]))
    (6, ([134, 31, 95, 11, 75, 47, 60, 111, 124, 4, 68, 34, 98, 9, 73, 2, 38, 102, 66, 46, 110, 145, 142], [24.58217232253371], [22]))
    (7, ([135, 19, 83, 55, 5, 119, 69, 52, 116, 25, 89, 143], Float64[], Int64[]))
    (8, ([136, 14, 78, 29, 93, 54, 53, 117, 118, 61, 125, 48, 112, 49, 113, 1, 65, 147, 18, 82, 6, 70, 144], [67.30074956013753], [18])))

T best obj: 657.0193226420067
T best iteration: 19357
T total iterations: 30000
T best time [s]: 16.870
T total time [s]: 25.0060
