EADARP version 11bb-dirty
ARGS: --ifile=EADARP/instances/l2/a200-4000.txt --repair_max_routes=40 --mh_lfreq=1 --mh_checkit=true --only_single_s_visits=false --seed=1479419931 --mh_titer=300 --odir=EADARP/prunedArcs/a200-4000 --oname=run10
Settings:
--alns_gamma=0.025
--alns_segment_size=100
--alns_sigma1=10
--alns_sigma2=9
--alns_sigma3=3
--at_most_one_s=false
--gamma=-1.0
--ifile=EADARP/instances/l2/a200-4000.txt
--infeasible_arcs=EADARP/infeasible_arcs
--insert_charging_otf=true
--insert_cost_noise=0.014
--lns_init_temp_factor=0.0
--lns_temp_dec_factor=0.99
--log_all_sols_fname=
--mh_checkit=true
--mh_lfreq=1
--mh_lnewinc=true
--mh_tciter=-1
--mh_tctime=-1.0
--mh_titer=300
--mh_tobj=-1.0
--mh_ttime=-1.0
--odir=EADARP/prunedArcs/a200-4000
--oname=run10
--only_single_s_visits=false
--repair_max_routes=40
--route_based_ops=0
--seed=1479419931
--tightened_windows=EADARP/tightened_windows
--use_milp_in_otf=0
--xcheck_isfeasible=false

EADARPInstance(EADARP/instances/l2/a200-4000.txt, n=4000, n_K=200, S=[8403, 8404, 8405], Q=14.85, n_F=200, γ=0.7, T_plan=1200.0)

T preprocessing time [s]: 6.378
I       iter             best          obj_old          obj_new        time              method info
I          1      43391.18731     104000.00000      43391.18731     98.4100                 con 
I          2      43391.18731      43391.18731      43422.19389     99.6160        drrr_15+rroi 
I          3      43391.18731      43391.18731      43431.57032    102.5680         drrr_15+rrg 
I          4      43391.18731      43391.18731      43434.99289    103.8070        drrr_15+rroi 
I          5      43391.18731      43391.18731      43460.96908    106.1810         drrr_15+rrg 
I          6      43391.18731      43391.18731      43423.27209    107.4140        drrr_15+rrri 
I          7      43391.18731      43391.18731      43400.38796    110.1220         drrr_15+rrg 
I          8      43390.46562      43391.18731      43390.46562    111.4520        drrr_15+rrri 
I          9      43390.46562      43390.46562      43444.61373    114.3300         drrr_15+rrg 
I         10      43390.46562      43390.46562      43395.67026    115.7480        drrr_15+rroi 
I         11      43390.46562      43390.46562      43425.02657    117.0270        drrr_15+rrri 
I         12      43390.46562      43390.46562      43424.08502    118.3240        drrr_15+rrri 
I         13      43390.46562      43390.46562      43414.42868    119.5380        drrr_15+rroi 
I         14      43390.46562      43390.46562      43407.85739    120.7070        drrr_15+rroi 
I         15      43390.46562      43390.46562      43418.59466    121.9300        drrr_15+rrri 
I         16      43390.46562      43390.46562      43431.06019    123.2220        drrr_15+rroi 
I         17      43390.46562      43390.46562      43423.35057    126.0270         drrr_15+rrg 
I         18      43390.46562      43390.46562      43399.88336    127.3730        drrr_15+rroi 
I         19      43390.46562      43390.46562      43512.65735    129.7650         drrr_15+rrg 
I         20      43390.46562      43390.46562      43412.95003    130.9860        drrr_15+rrri 
I         21      43390.46562      43390.46562      43445.24786    132.1310        drrr_15+rrri 
I         22      43381.19710      43390.46562      43381.19710    133.4240        drrr_15+rroi 
I         23      43381.19710      43381.19710      43494.13712    136.4150         drrr_15+rrg 
I         24      43362.60362      43381.19710      43362.60362    138.9160         drrr_15+rrg 
I         25      43362.60362      43362.60362      43374.29974    140.2160        drrr_15+rroi 
I         26      43362.60362      43362.60362      43406.81324    142.8780         drrr_15+rrg 
I         27      43362.60362      43362.60362      43406.62324    145.5650         drrr_15+rrg 
I         28      43336.83599      43362.60362      43336.83599    146.8270        drrr_15+rroi 
I         29      43336.83599      43336.83599      43401.69497    147.9710        drrr_15+rrri 
I         30      43336.83599      43336.83599      43363.30932    149.2650        drrr_15+rroi 
I         31      43336.83599      43336.83599      43364.78737    150.6660        drrr_15+rroi 
I         32      43336.83599      43336.83599      43395.34748    151.8030        drrr_15+rrri 
I         33      43336.83599      43336.83599      43352.76189    153.1400        drrr_15+rroi 
I         34      43336.83599      43336.83599      43369.25584    154.3870        drrr_15+rroi 
I         35      43336.83599      43336.83599      43352.26603    155.8130        drrr_15+rroi 
I         36      43336.83599      43336.83599      43364.85659    157.2070        drrr_15+rroi 
I         37      43336.83599      43336.83599      43350.22943    158.4070        drrr_15+rrri 
I         38      43336.83599      43336.83599      43348.44955    159.6640        drrr_15+rrri 
I         39      43336.83599      43336.83599      43344.14562    162.4590         drrr_15+rrg 
I         40      43336.83599      43336.83599      43375.11316    163.6900        drrr_15+rroi 
I         41      43336.83599      43336.83599      43365.46616    164.8560        drrr_15+rroi 
I         42      43336.83599      43336.83599      43346.97291    166.2410        drrr_15+rrri 
I         43      43336.83599      43336.83599      43378.49423    167.4870        drrr_15+rrri 
I         44      43336.83599      43336.83599      43341.97065    168.7650        drrr_15+rrri 
I         45      43336.83599      43336.83599      43390.15549    171.8120         drrr_15+rrg 
I         46      43336.83599      43336.83599      43363.74126    173.0150        drrr_15+rroi 
I         47      43336.83599      43336.83599      43363.44445    174.2280        drrr_15+rrri 
I         48      43336.83599      43336.83599      43412.35560    175.4460        drrr_15+rroi 
I         49      43336.83599      43336.83599      43394.70442    176.5230        drrr_15+rroi 
I         50      43336.83599      43336.83599      43337.12600    177.7480        drrr_15+rroi 
I         51      43336.83599      43336.83599      43363.18343    178.9880        drrr_15+rrri 
I         52      43336.83599      43336.83599      43384.66518    181.8130         drrr_15+rrg 
I         53      43336.83599      43336.83599      43356.16185    183.0550        drrr_15+rrri 
I         54      43336.83599      43336.83599      43386.79075    185.6040         drrr_15+rrg 
I         55      43336.83599      43336.83599      43344.80578    186.7230        drrr_15+rroi 
I         56      43336.83599      43336.83599      43355.89976    188.1990        drrr_15+rroi 
I         57      43336.83599      43336.83599      43339.10923    189.3760        drrr_15+rrri 
I         58      43336.83599      43336.83599      43349.97002    190.6560        drrr_15+rroi 
I         59      43336.83599      43336.83599      43388.17662    192.0420        drrr_15+rroi 
I         60      43336.83599      43336.83599      43341.53124    193.3030        drrr_15+rroi 
I         61      43336.83599      43336.83599      43446.27913    196.1760         drrr_15+rrg 
I         62      43336.83599      43336.83599      43369.80890    198.7210         drrr_15+rrg 
I         63      43336.83599      43336.83599      43361.94388    200.0230        drrr_15+rroi 
I         64      43336.83599      43336.83599      43368.73091    201.2840        drrr_15+rroi 
I         65      43336.83599      43336.83599      43399.58643    202.3990        drrr_15+rrri 
I         66      43336.83599      43336.83599      43354.40292    203.6800        drrr_15+rrri 
I         67      43336.83599      43336.83599      43382.58069    205.9560         drrr_15+rrg 
I         68      43336.83599      43336.83599      43382.67864    207.0760        drrr_15+rrri 
I         69      43324.29494      43336.83599      43324.29494    208.3140        drrr_15+rrri 
I         70      43324.29494      43324.29494      43356.87968    209.6100        drrr_15+rroi 
I         71      43324.29494      43324.29494      43344.04542    210.9030        drrr_15+rroi 
I         72      43324.29494      43324.29494      43401.86081    212.1510        drrr_15+rroi 
I         73      43324.29494      43324.29494      43369.31626    214.8090         drrr_15+rrg 
I         74      43324.29494      43324.29494      43361.56742    216.1070        drrr_15+rroi 
I         75      43324.29494      43324.29494      43342.91172    218.5780         drrr_15+rrg 
I         76      43324.29494      43324.29494      43369.57261    219.7220        drrr_15+rroi 
I         77      43324.29494      43324.29494      43403.36868    222.3470         drrr_15+rrg 
I         78      43324.29494      43324.29494      43383.79892    225.1680         drrr_15+rrg 
I         79      43308.09510      43324.29494      43308.09510    226.5210        drrr_15+rrri 
I         80      43308.09510      43308.09510      43344.65581    227.8490        drrr_15+rroi 
I         81      43308.09510      43308.09510      43365.04690    229.1630        drrr_15+rrri 
I         82      43308.09510      43308.09510      43356.34271    230.4450        drrr_15+rroi 
I         83      43301.58165      43308.09510      43301.58165    231.7570        drrr_15+rrri 
I         84      43301.58165      43301.58165      43363.67209    233.1550        drrr_15+rroi 
I         85      43301.58165      43301.58165      43340.74168    235.6510         drrr_15+rrg 
I         86      43301.58165      43301.58165      43339.69283    236.9720        drrr_15+rroi 
I         87      43301.58165      43301.58165      43373.20761    238.0970        drrr_15+rroi 
I         88      43301.58165      43301.58165      43309.89974    239.6210        drrr_15+rrri 
I         89      43301.58165      43301.58165      43356.12224    240.9200        drrr_15+rroi 
I         90      43301.58165      43301.58165      43349.96584    242.2040        drrr_15+rroi 
I         91      43301.58165      43301.58165      43333.39714    243.4530        drrr_15+rrri 
I         92      43301.58165      43301.58165      43406.72880    246.2010         drrr_15+rrg 
I         93      43285.63080      43301.58165      43285.63080    247.5050        drrr_15+rroi 
I         94      43285.63080      43285.63080      43314.26662    248.8270        drrr_15+rrri 
I         95      43285.63080      43285.63080      43347.40103    250.1800        drrr_15+rroi 
I         96      43285.63080      43285.63080      43387.97480    252.6130         drrr_15+rrg 
I         97      43285.63080      43285.63080      43354.28333    253.7220        drrr_15+rroi 
I         98      43267.44872      43285.63080      43267.44872    256.6720         drrr_15+rrg 
I         99      43267.44872      43267.44872      43279.25715    257.9610        drrr_15+rroi 
I        100      43267.44872      43267.44872      43295.97154    259.0960        drrr_15+rroi 
I        101      43267.44872      43267.44872      43359.53314    262.3620         drrr_15+rrg 
I        102      43267.44872      43267.44872      43283.31839    263.9170        drrr_15+rrri 
I        103      43267.44872      43267.44872      43329.67162    266.0130         drrr_15+rrg 
I        104      43267.44872      43267.44872      43326.47400    268.6010         drrr_15+rrg 
I        105      43267.44872      43267.44872      43289.35263    269.8630        drrr_15+rroi 
I        106      43267.44872      43267.44872      43305.48284    272.2680         drrr_15+rrg 
I        107      43267.44872      43267.44872      43284.76234    275.3010         drrr_15+rrg 
I        108      43267.44872      43267.44872      43286.91907    276.5800        drrr_15+rrri 
I        109      43267.44872      43267.44872      43337.11586    279.0900         drrr_15+rrg 
I        110      43267.44872      43267.44872      43344.69286    281.7240         drrr_15+rrg 
I        111      43267.44872      43267.44872      43339.58042    284.5120         drrr_15+rrg 
I        112      43267.44872      43267.44872      43325.89702    285.8060        drrr_15+rroi 
I        113      43267.44872      43267.44872      43277.54634    287.1300        drrr_15+rrri 
I        114      43267.44872      43267.44872      43326.16937    289.9470         drrr_15+rrg 
I        115      43267.44872      43267.44872      43334.73879    292.9220         drrr_15+rrg 
I        116      43267.44872      43267.44872      43368.35654    295.7200         drrr_15+rrg 
I        117      43267.44872      43267.44872      43308.29722    296.9230        drrr_15+rroi 
I        118      43267.44872      43267.44872      43373.34063    299.3450         drrr_15+rrg 
I        119      43267.44872      43267.44872      43294.10220    300.4910        drrr_15+rrri 
I        120      43267.44872      43267.44872      43290.92374    301.9010        drrr_15+rrri 
I        121      43267.44872      43267.44872      43307.18198    303.0700        drrr_15+rrri 
I        122      43267.44872      43267.44872      43311.84237    304.5420        drrr_15+rrri 
I        123      43267.44872      43267.44872      43389.17519    307.3610         drrr_15+rrg 
I        124      43267.44872      43267.44872      43350.71752    308.6310        drrr_15+rroi 
I        125      43267.44872      43267.44872      43311.41661    309.9050        drrr_15+rroi 
I        126      43267.44872      43267.44872      43293.16270    311.1960        drrr_15+rrri 
I        127      43267.44872      43267.44872      43342.24588    312.4320        drrr_15+rroi 
I        128      43267.44872      43267.44872      43365.16224    314.9760         drrr_15+rrg 
I        129      43267.44872      43267.44872      43297.38323    316.2140        drrr_15+rrri 
I        130      43267.44872      43267.44872      43269.93427    318.7480         drrr_15+rrg 
I        131      43267.44872      43267.44872      43341.84944    321.3780         drrr_15+rrg 
I        132      43267.44872      43267.44872      43301.85655    322.7850        drrr_15+rrri 
I        133      43267.44872      43267.44872      43276.19046    324.1680        drrr_15+rrri 
I        134      43267.44872      43267.44872      43371.63184    327.0920         drrr_15+rrg 
I        135      43267.44872      43267.44872      43378.97271    329.5040         drrr_15+rrg 
I        136      43267.44872      43267.44872      43306.17361    330.7540        drrr_15+rrri 
I        137      43267.44872      43267.44872      43373.16175    333.1790         drrr_15+rrg 
I        138      43267.44872      43267.44872      43316.20111    335.7910         drrr_15+rrg 
I        139      43267.44872      43267.44872      43313.06009    337.1520        drrr_15+rrri 
I        140      43267.44872      43267.44872      43291.22740    338.4690        drrr_15+rrri 
I        141      43267.44872      43267.44872      43271.46681    339.7470        drrr_15+rroi 
I        142      43267.44872      43267.44872      43311.32151    341.3210        drrr_15+rrri 
I        143      43267.44872      43267.44872      43285.32074    342.4980        drrr_15+rroi 
I        144      43267.44872      43267.44872      43302.09366    344.9650         drrr_15+rrg 
I        145      43267.44872      43267.44872      43268.02434    346.0890        drrr_15+rroi 
I        146      43267.44872      43267.44872      43326.23405    348.6380         drrr_15+rrg 
I        147      43267.44872      43267.44872      43293.36838    349.9660        drrr_15+rroi 
I        148      43267.44872      43267.44872      43273.03443    351.1870        drrr_15+rroi 
I        149      43267.44872      43267.44872      43351.99909    352.2640        drrr_15+rroi 
I        150      43267.44872      43267.44872      43289.29716    353.5040        drrr_15+rrri 
I        151      43267.44872      43267.44872      43308.54307    355.9770         drrr_15+rrg 
I        152      43267.44872      43267.44872      43306.63614    357.2550        drrr_15+rrri 
I        153      43267.44872      43267.44872      43283.59205    358.6120        drrr_15+rrri 
I        154      43267.44872      43267.44872      43290.43680    359.8330        drrr_15+rroi 
I        155      43267.44872      43267.44872      43339.37309    362.3790         drrr_15+rrg 
I        156      43267.44872      43267.44872      43295.38618    364.9570         drrr_15+rrg 
I        157      43267.44872      43267.44872      43360.69596    367.5340         drrr_15+rrg 
I        158      43267.44872      43267.44872      43281.00550    369.1160        drrr_15+rroi 
I        159      43267.44872      43267.44872      43279.66612    370.3200        drrr_15+rroi 
I        160      43267.44872      43267.44872      43351.68015    372.7870         drrr_15+rrg 
I        161      43261.38020      43267.44872      43261.38020    374.0440        drrr_15+rroi 
I        162      43261.38020      43261.38020      43315.22492    376.3290         drrr_15+rrg 
I        163      43261.38020      43261.38020      43283.46018    378.5780         drrr_15+rrg 
I        164      43261.38020      43261.38020      43295.96748    379.8790        drrr_15+rrri 
I        165      43261.38020      43261.38020      43275.94385    381.1370        drrr_15+rroi 
I        166      43261.38020      43261.38020      43304.37317    382.5040        drrr_15+rrri 
I        167      43244.01882      43261.38020      43244.01882    383.7720        drrr_15+rroi 
I        168      43244.01882      43244.01882      43291.66793    386.1510         drrr_15+rrg 
I        169      43244.01882      43244.01882      43326.22964    388.4600         drrr_15+rrg 
I        170      43244.01882      43244.01882      43343.62366    390.8330         drrr_15+rrg 
I        171      43244.01882      43244.01882      43305.17256    392.1900        drrr_15+rrri 
I        172      43244.01882      43244.01882      43267.46665    393.5650        drrr_15+rroi 
I        173      43244.01882      43244.01882      43253.60707    394.7850        drrr_15+rroi 
I        174      43229.54912      43244.01882      43229.54912    396.2270        drrr_15+rroi 
I        175      43229.54912      43229.54912      43261.61139    399.2190         drrr_15+rrg 
I        176      43229.54912      43229.54912      43269.70419    400.4310        drrr_15+rroi 
I        177      43229.54912      43229.54912      43268.88572    401.6870        drrr_15+rrri 
I        178      43229.54912      43229.54912      43271.00819    404.0650         drrr_15+rrg 
I        179      43229.54912      43229.54912      43310.47752    405.5280        drrr_15+rrri 
I        180      43229.54912      43229.54912      43247.31090    406.8530        drrr_15+rroi 
I        181      43229.54912      43229.54912      43299.38993    408.1550        drrr_15+rrri 
I        182      43229.54912      43229.54912      43347.60256    410.8700         drrr_15+rrg 
I        183      43229.54912      43229.54912      43314.59375    413.6740         drrr_15+rrg 
I        184      43229.54912      43229.54912      43346.68022    416.0700         drrr_15+rrg 
I        185      43229.54912      43229.54912      43305.37122    418.2230         drrr_15+rrg 
I        186      43229.54912      43229.54912      43256.23254    419.8120        drrr_15+rroi 
I        187      43229.54912      43229.54912      43259.63665    421.0780        drrr_15+rrri 
I        188      43229.54912      43229.54912      43269.71822    423.2610         drrr_15+rrg 
I        189      43229.54912      43229.54912      43254.26834    424.4730        drrr_15+rrri 
I        190      43229.54912      43229.54912      43346.93741    427.2120         drrr_15+rrg 
I        191      43229.54912      43229.54912      43351.45414    429.8620         drrr_15+rrg 
I        192      43207.24727      43229.54912      43207.24727    431.0270        drrr_15+rrri 
I        193      43207.24727      43207.24727      43320.22695    433.3520         drrr_15+rrg 
I        194      43207.24727      43207.24727      43260.46301    434.6280        drrr_15+rroi 
I        195      43207.24727      43207.24727      43257.13788    436.0140        drrr_15+rroi 
I        196      43207.24727      43207.24727      43232.07077    437.2560        drrr_15+rroi 
I        197      43207.24727      43207.24727      43225.62731    438.6840        drrr_15+rroi 
I        198      43207.24727      43207.24727      43254.41422    440.0450        drrr_15+rrri 
I        199      43207.24727      43207.24727      43230.14732    441.3140        drrr_15+rroi 
I        200      43207.24727      43207.24727      43247.85347    442.5770        drrr_15+rrri 
I        201      43207.24727      43207.24727      43308.77522    444.5610         drrr_15+rrg 
I        202      43207.24727      43207.24727      43274.73796    446.9980         drrr_15+rrg 
I        203      43207.24727      43207.24727      43244.16523    448.9080         drrr_15+rrg 
I        204      43207.24727      43207.24727      43281.86005    450.3070        drrr_15+rrri 
I        205      43207.24727      43207.24727      43338.00813    453.0860         drrr_15+rrg 
I        206      43207.24727      43207.24727      43242.79820    455.4670         drrr_15+rrg 
I        207      43207.24727      43207.24727      43239.91575    456.7940        drrr_15+rrri 
I        208      43191.25247      43207.24727      43191.25247    458.1250        drrr_15+rrri 
I        209      43191.25247      43191.25247      43267.81327    460.2540         drrr_15+rrg 
I        210      43191.25247      43191.25247      43235.61896    461.6190        drrr_15+rroi 
I        211      43191.25247      43191.25247      43218.09158    464.0260         drrr_15+rrg 
I        212      43191.25247      43191.25247      43335.11331    466.3410         drrr_15+rrg 
I        213      43186.76306      43191.25247      43186.76306    468.8530         drrr_15+rrg 
I        214      43186.76306      43186.76306      43210.11183    471.4530         drrr_15+rrg 
I        215      43186.76306      43186.76306      43209.98692    472.8110        drrr_15+rroi 
I        216      43171.85905      43186.76306      43171.85905    474.0910        drrr_15+rrri 
I        217      43171.85905      43171.85905      43223.15812    476.6580         drrr_15+rrg 
I        218      43171.85905      43171.85905      43196.33454    477.8240        drrr_15+rrri 
I        219      43171.85905      43171.85905      43183.40901    479.3250        drrr_15+rroi 
I        220      43171.85905      43171.85905      43277.35697    482.3420         drrr_15+rrg 
I        221      43171.85905      43171.85905      43212.53010    483.7230        drrr_15+rroi 
I        222      43171.85905      43171.85905      43265.27126    486.1930         drrr_15+rrg 
I        223      43171.85905      43171.85905      43217.03189    487.4690        drrr_15+rrri 
I        224      43171.85905      43171.85905      43196.31014    488.7220        drrr_15+rrri 
I        225      43171.85905      43171.85905      43205.91205    490.0610        drrr_15+rrri 
I        226      43171.85905      43171.85905      43218.77508    491.2800        drrr_15+rroi 
I        227      43171.85905      43171.85905      43232.12443    493.8940         drrr_15+rrg 
I        228      43171.85905      43171.85905      43200.56861    495.4770        drrr_15+rroi 
I        229      43171.85905      43171.85905      43201.56634    496.7530        drrr_15+rroi 
I        230      43171.85905      43171.85905      43320.65351    499.0820         drrr_15+rrg 
I        231      43171.85905      43171.85905      43207.56498    501.0070         drrr_15+rrg 
I        232      43171.85905      43171.85905      43209.51389    502.2680        drrr_15+rrri 
I        233      43171.85905      43171.85905      43232.53025    503.5050        drrr_15+rroi 
I        234      43171.85905      43171.85905      43188.10535    504.8080        drrr_15+rrri 
I        235      43171.85905      43171.85905      43246.40790    506.1100        drrr_15+rrri 
I        236      43171.85905      43171.85905      43176.70869    507.6610        drrr_15+rrri 
I        237      43171.85905      43171.85905      43261.25944    510.5900         drrr_15+rrg 
I        238      43171.85905      43171.85905      43203.24253    511.9100        drrr_15+rrri 
I        239      43171.85905      43171.85905      43192.65218    513.2060        drrr_15+rrri 
I        240      43171.85905      43171.85905      43183.38952    514.5150        drrr_15+rroi 
I        241      43171.85905      43171.85905      43247.59342    516.8100         drrr_15+rrg 
I        242      43171.85905      43171.85905      43200.18374    518.0860        drrr_15+rrri 
I        243      43171.85905      43171.85905      43239.58529    519.2800        drrr_15+rroi 
I        244      43171.85905      43171.85905      43207.65294    521.8970         drrr_15+rrg 
I        245      43171.85905      43171.85905      43183.97813    523.4090        drrr_15+rroi 
I        246      43171.85905      43171.85905      43176.33744    524.4950        drrr_15+rroi 
I        247      43171.85905      43171.85905      43238.75925    526.5140         drrr_15+rrg 
I        248      43171.85905      43171.85905      43184.65064    527.8260        drrr_15+rroi 
I        249      43171.85905      43171.85905      43173.67199    529.0540        drrr_15+rrri 
I        250      43171.85905      43171.85905      43231.20007    531.4090         drrr_15+rrg 
I        251      43171.85905      43171.85905      43188.18322    532.5940        drrr_15+rrri 
I        252      43171.85905      43171.85905      43234.93802    535.2310         drrr_15+rrg 
I        253      43171.85905      43171.85905      43349.20668    537.5960         drrr_15+rrg 
I        254      43171.85905      43171.85905      43277.25388    539.9000         drrr_15+rrg 
I        255      43166.81309      43171.85905      43166.81309    541.3430        drrr_15+rroi 
I        256      43166.81309      43166.81309      43222.14952    543.8250         drrr_15+rrg 
I        257      43166.81309      43166.81309      43210.26990    544.9730        drrr_15+rroi 
I        258      43166.81309      43166.81309      43203.89066    547.1210         drrr_15+rrg 
I        259      43166.81309      43166.81309      43184.38285    548.4770        drrr_15+rroi 
I        260      43166.81309      43166.81309      43199.34037    549.8280        drrr_15+rrri 
I        261      43166.81309      43166.81309      43213.23479    552.4410         drrr_15+rrg 
I        262      43166.81309      43166.81309      43220.27835    553.8750        drrr_15+rroi 
I        263      43166.81309      43166.81309      43230.36299    556.1850         drrr_15+rrg 
I        264      43166.81309      43166.81309      43190.56787    557.4020        drrr_15+rrri 
I        265      43166.81309      43166.81309      43288.13248    559.6740         drrr_15+rrg 
I        266      43166.81309      43166.81309      43303.33086    561.8770         drrr_15+rrg 
I        267      43166.81309      43166.81309      43261.05839    564.2710         drrr_15+rrg 
I        268      43166.81309      43166.81309      43172.86430    565.5580        drrr_15+rrri 
I        269      43166.81309      43166.81309      43206.95252    566.9410        drrr_15+rrri 
I        270      43166.81309      43166.81309      43248.37258    568.0330        drrr_15+rroi 
I        271      43166.81309      43166.81309      43234.44481    569.2170        drrr_15+rroi 
I        272      43166.81309      43166.81309      43187.21087    570.5710        drrr_15+rroi 
I        273      43166.81309      43166.81309      43213.72867    571.7480        drrr_15+rroi 
I        274      43166.81309      43166.81309      43232.15276    574.4610         drrr_15+rrg 
I        275      43166.81309      43166.81309      43180.19131    575.6930        drrr_15+rroi 
I        276      43166.81309      43166.81309      43192.16752    577.7460         drrr_15+rrg 
I        277      43166.81309      43166.81309      43214.13650    579.0100        drrr_15+rroi 
I        278      43166.81309      43166.81309      43195.34481    581.2060         drrr_15+rrg 
I        279      43166.81309      43166.81309      43231.71713    583.7540         drrr_15+rrg 
I        280      43166.81309      43166.81309      43179.89419    585.0180        drrr_15+rroi 
I        281      43166.81309      43166.81309      43243.69202    587.1220         drrr_15+rrg 
I        282      43166.81309      43166.81309      43187.44412    589.7760         drrr_15+rrg 
I        283      43166.81309      43166.81309      43169.11455    591.0180        drrr_15+rrri 
I        284      43166.81309      43166.81309      43190.55396    592.3180        drrr_15+rrri 
I        285      43166.81309      43166.81309      43217.53595    594.3360         drrr_15+rrg 
I        286      43166.81309      43166.81309      43298.17228    596.4980         drrr_15+rrg 
I        287      43166.81309      43166.81309      43205.41749    597.6940        drrr_15+rroi 
I        288      43166.81309      43166.81309      43230.94471    600.4980         drrr_15+rrg 
I        289      43166.81309      43166.81309      43213.23357    601.7640        drrr_15+rroi 
I        290      43166.81309      43166.81309      43303.64681    604.1940         drrr_15+rrg 
I        291      43166.81309      43166.81309      43199.94676    605.3820        drrr_15+rroi 
I        292      43166.81309      43166.81309      43271.18112    607.8540         drrr_15+rrg 
I        293      43166.81309      43166.81309      43182.02653    610.7660         drrr_15+rrg 
I        294      43166.81309      43166.81309      43193.73451    612.0680        drrr_15+rrri 
I        295      43166.81309      43166.81309      43202.67559    613.3560        drrr_15+rroi 
I        296      43166.81309      43166.81309      43210.30741    614.4430        drrr_15+rroi 
I        297      43166.81309      43166.81309      43190.04034    615.6610        drrr_15+rroi 
I        298      43166.81309      43166.81309      43262.59117    617.9650         drrr_15+rrg 
I        299      43166.81309      43166.81309      43306.77321    619.7040         drrr_15+rrg 
I        300      43166.81309      43166.81309      43251.25144    621.2350        drrr_15+rroi 

Method statistics
S  method    iter  succ  succ-rate%  tot-obj-gain  avg-obj-gain  rel-succ%  net-time  net-time%  brut-time  brut-time%
S  con          1     1   100.00000  -60608.81269  -60608.81269    2.85714  97.70700   15.72786   97.70700    15.72786
S  drrr_15    299    17     5.68562    -224.37422      -0.75042   48.57143   0.87000    0.14004    0.87000     0.14004
S  rrg        112     3     2.67857     -41.26496      -0.36844    8.57143 192.49800   30.98634  192.49800    30.98634
S  rroi       106     7     6.60377     -93.93258      -0.88616   20.00000  52.37100    8.43014   52.37100     8.43014
S  rrri        81     7     8.64198     -89.17668      -1.10095   20.00000  40.86500    6.57803   40.86500     6.57803
S  SUM/AVG    599    35     5.84307  -61057.56113    -101.93249   20.00000 384.31100   61.86242  384.31100    61.86242

T best solution: EADARPSolution(t_routing=51458.364, t_excess=18292.16, obj_val=43166.813, obj_val_valid=true,
    unserved_requests=Int64[])

T best obj: 43166.81309065653
T best iteration: 255
T total iterations: 300
T best time [s]: 541.343
T total time [s]: 621.2350
