EADARP version ecec-dirty
ARGS: --ifile=EADARP/instances/random/r5-60-00000.txt  --gamma=0.7 --only_single_s_visits=false --odir=EADARP/solutions/random/r5-60-00000 --oname=run18
Settings:
--alns_gamma=0.025
--alns_segment_size=100
--alns_sigma1=10
--alns_sigma2=9
--alns_sigma3=3
--at_most_one_s=false
--gamma=0.7
--ifile=EADARP/instances/random/r5-60-00000.txt
--infeasible_arcs=EADARP/infeasible_arcs
--insert_charging_otf=true
--insert_cost_noise=0.014
--lns_init_temp_factor=0.0
--lns_temp_dec_factor=0.99
--log_all_sols_fname=
--mh_checkit=false
--mh_lfreq=0
--mh_lnewinc=true
--mh_tciter=-1
--mh_tctime=-1.0
--mh_titer=30000
--mh_tobj=-1.0
--mh_ttime=-1.0
--odir=EADARP/solutions/random/r5-60-00000
--ofile=
--oname=run18
--only_single_s_visits=false
--prepthreshold=0.1
--repair_max_routes=0
--route_based_ops=0
--seed=413851728
--tightened_windows=EADARP/tightened_windows
--use_milp_in_otf=0
--xcheck_isfeasible=false

EADARPInstance(EADARP/instances/random/r5-60-00000.txt, n=60, n_K=5, S=[131, 132, 133], Q=14.85, n_F=5, γ=0.7, T_plan=720.0, F=[126, 127, 128, 129, 130])

Percentage of arcs removed: 73.59941206399458%
Minimum Degree: 7
T preprocessing time [s]: 1.77
I       iter             best          obj_old          obj_new        time              method info
I          1        752.30669     100060.00000        752.30669      0.0920                 con 
I          3        724.98958        752.30669        724.98958      0.1140         drrr_15+rrg 
I          5        720.05504        724.98958        720.05504      0.1340        drrr_15+rroi 
I          8        712.84423        720.05504        712.84423      0.1500         drrr_15+rrg 
I          9        698.29415        712.84423        698.29415      0.1500         drrr_15+rrg 
I         12        691.58850        698.29415        691.58850      0.1650         drrr_15+rrg 
I         14        689.02679        691.58850        689.02679      0.1750         drrr_15+rrg 
I         18        688.01134        689.02679        688.01134      0.1900        drrr_15+rroi 
I         20        679.04481        688.01134        679.04481      0.1950         drrr_15+rrg 
I         21        674.76561        679.04481        674.76561      0.2000        drrr_15+rrri 
I         34        668.47284        674.76561        668.47284      0.2470        drrr_15+rroi 
I         39        666.95685        668.47284        666.95685      0.2650        drrr_15+rrri 
I         40        665.89629        666.95685        665.89629      0.2680         drrr_15+rrg 
I         41        665.40166        665.89629        665.40166      0.2680         drrr_15+rrg 
I        101        663.84088        665.40166        663.84088      0.3520        drrr_15+rrri 
I        190        662.58573        663.84088        662.58573      0.4250        drrr_15+rrri 
I        192        657.54734        662.58573        657.54734      0.4250        drrr_15+rroi 
I        210        654.55731        657.54734        654.55731      0.4360        drrr_15+rroi 
I        212        651.73721        654.55731        651.73721      0.4460         drrr_15+rrg 
I        342        651.64286        651.73721        651.64286      0.5500         drrr_15+rrg 
I        363        650.84024        651.64286        650.84024      0.5730        drrr_15+rroi 
I        364        648.28467        650.84024        648.28467      0.5730         drrr_15+rrg 
I        366        647.44041        648.28467        647.44041      0.5730        drrr_15+rrri 
I        372        642.87353        647.44041        642.87353      0.5830        drrr_15+rroi 
I        414        641.97744        642.87353        641.97744      0.6550        drrr_15+rroi 
I        616        641.72985        641.97744        641.72985      0.7620        drrr_15+rrri 
I        642        640.16319        641.72985        640.16319      0.7910        drrr_15+rrri 
I        643        639.28458        640.16319        639.28458      0.7910        drrr_15+rroi 
I        668        638.36881        639.28458        638.36881      0.8010        drrr_15+rrri 
I       2524        638.34472        638.36881        638.34472      1.7080         drrr_15+rrg 
I       3733        635.49053        638.34472        635.49053      2.2650        drrr_15+rrri 
I       3921        634.02515        635.49053        634.02515      2.3740        drrr_15+rroi 
I       5553        630.41443        634.02515        630.41443      3.1230        drrr_15+rroi 
I       5785        630.26784        630.41443        630.26784      3.2620         drrr_15+rrg 
I       6016        629.90891        630.26784        629.90891      3.3690         drrr_15+rrg 
I       6027        629.76411        629.90891        629.76411      3.3690         drrr_15+rrg 
I       7076        628.27707        629.76411        628.27707      3.8700        drrr_15+rroi 
I       7078        628.13227        628.27707        628.13227      3.8700        drrr_15+rroi 
I       7143        627.21650        628.13227        627.21650      3.9060         drrr_15+rrg 
I      30000        627.21650        627.21650        645.39893     14.9950        drrr_15+rroi 

Method statistics
S  method    iter  succ  succ-rate%  tot-obj-gain  avg-obj-gain  rel-succ%  net-time  net-time%  brut-time  brut-time%
S  con          1     1   100.00000  -99307.69331  -99307.69331    1.29870   0.09200    0.61354    0.09200     0.61354
S  drrr_15  29999    38     0.12667    -125.09019      -0.00417   49.35065   0.47200    3.14771    0.47200     3.14771
S  rrg      10003    16     0.15995     -75.92729      -0.00759   20.77922   7.75400   51.71057    7.75400    51.71057
S  rroi     10034    13     0.12956     -34.12330      -0.00340   16.88312   3.04900   20.33346    3.04900    20.33346
S  rrri      9962     9     0.09034     -15.03960      -0.00151   11.68831   3.52900   23.53449    3.52900    23.53449
S  SUM/AVG  59999    77     0.12834  -99557.87368      -1.65933   20.00000  14.89600   99.33978   14.89600    99.33978

T best solution: EADARPSolution(t_routing=791.599, t_excess=134.07, obj_val=627.217, obj_val_valid=true,
    unserved_requests=Int64[], F_visited=[126, 130, 128, 127, 129], S_visited=Int64[],
    (1, ([121, 49, 109, 57, 117, 27, 51, 87, 111, 11, 71, 132, 35, 95, 31, 91, 50, 110, 53, 113, 2, 62, 24, 46, 84, 36, 96, 106, 54, 114, 52, 112, 14, 34, 74, 94, 131, 126], [66.42949491731018, 81.49881726575063], [12, 37]))
    (2, ([122, 33, 93, 17, 77, 16, 76, 37, 20, 80, 97, 42, 29, 32, 92, 102, 89, 131, 127], [18.487260233113386], [18]))
    (3, ([123, 18, 78, 19, 79, 43, 103, 133, 55, 115, 45, 105, 38, 98, 15, 75, 28, 88, 3, 63, 128], [42.80155197525573], [8]))
    (4, ([124, 44, 104, 40, 5, 100, 4, 64, 65, 58, 118, 26, 86, 56, 59, 116, 119, 39, 7, 99, 67, 25, 85, 8, 68, 12, 72, 23, 83, 10, 70, 131, 129], [104.10383511318865], [32]))
    (5, ([125, 22, 47, 107, 82, 41, 101, 30, 90, 60, 120, 13, 73, 48, 9, 108, 69, 132, 21, 81, 6, 66, 133, 1, 61, 130], [5.062312471702146, 68.21531111046329], [18, 23])))

T best obj: 627.2165040577302
T best iteration: 7143
T total iterations: 30000
T best time [s]: 3.906
T total time [s]: 14.9950
