EADARP version ecec-dirty
ARGS: --ifile=EADARP/instances/random/r5-60-00000.txt  --gamma=0.7 --only_single_s_visits=false --odir=EADARP/solutions/random/r5-60-00000 --oname=run3
Settings:
--alns_gamma=0.025
--alns_segment_size=100
--alns_sigma1=10
--alns_sigma2=9
--alns_sigma3=3
--at_most_one_s=false
--gamma=0.7
--ifile=EADARP/instances/random/r5-60-00000.txt
--infeasible_arcs=EADARP/infeasible_arcs
--insert_charging_otf=true
--insert_cost_noise=0.014
--lns_init_temp_factor=0.0
--lns_temp_dec_factor=0.99
--log_all_sols_fname=
--mh_checkit=false
--mh_lfreq=0
--mh_lnewinc=true
--mh_tciter=-1
--mh_tctime=-1.0
--mh_titer=30000
--mh_tobj=-1.0
--mh_ttime=-1.0
--odir=EADARP/solutions/random/r5-60-00000
--ofile=
--oname=run3
--only_single_s_visits=false
--prepthreshold=0.1
--repair_max_routes=0
--route_based_ops=0
--seed=968344810
--tightened_windows=EADARP/tightened_windows
--use_milp_in_otf=0
--xcheck_isfeasible=false

EADARPInstance(EADARP/instances/random/r5-60-00000.txt, n=60, n_K=5, S=[131, 132, 133], Q=14.85, n_F=5, γ=0.7, T_plan=720.0, F=[126, 127, 128, 129, 130])

Percentage of arcs removed: 73.59941206399458%
Minimum Degree: 7
T preprocessing time [s]: 1.747
I       iter             best          obj_old          obj_new        time              method info
I          1        773.95965     100060.00000        773.95965      0.0630                 con 
I          2        764.14691        773.95965        764.14691      0.0730        drrr_15+rrri 
I          3        751.98808        764.14691        751.98808      0.0840        drrr_15+rroi 
I          8        746.35443        751.98808        746.35443      0.1370        drrr_15+rroi 
I         13        737.29649        746.35443        737.29649      0.1700         drrr_15+rrg 
I         14        729.94408        737.29649        729.94408      0.1860         drrr_15+rrg 
I         18        728.06018        729.94408        728.06018      0.2200         drrr_15+rrg 
I         20        709.60041        728.06018        709.60041      0.2300        drrr_15+rrri 
I         21        708.39250        709.60041        708.39250      0.2360        drrr_15+rroi 
I         23        699.08732        708.39250        699.08732      0.2530        drrr_15+rroi 
I         24        698.73257        699.08732        698.73257      0.2530        drrr_15+rrri 
I         25        680.35550        698.73257        680.35550      0.2610         drrr_15+rrg 
I         35        680.33375        680.35550        680.33375      0.3030        drrr_15+rrri 
I         36        680.16865        680.33375        680.16865      0.3030        drrr_15+rroi 
I         38        678.09587        680.16865        678.09587      0.3030        drrr_15+rrri 
I         43        674.82913        678.09587        674.82913      0.3290         drrr_15+rrg 
I         44        673.91714        674.82913        673.91714      0.3290         drrr_15+rrg 
I         49        671.57387        673.91714        671.57387      0.3550        drrr_15+rrri 
I         52        670.85567        671.57387        670.85567      0.3650        drrr_15+rrri 
I         57        668.40997        670.85567        668.40997      0.3700        drrr_15+rroi 
I        114        666.94055        668.40997        666.94055      0.4490        drrr_15+rroi 
I        119        663.39403        666.94055        663.39403      0.4490         drrr_15+rrg 
I        134        661.56358        663.39403        661.56358      0.4690        drrr_15+rrri 
I        141        659.96020        661.56358        659.96020      0.4800         drrr_15+rrg 
I        142        657.30578        659.96020        657.30578      0.4800        drrr_15+rrri 
I        155        651.40798        657.30578        651.40798      0.4860        drrr_15+rroi 
I        170        649.52283        651.40798        649.52283      0.5000        drrr_15+rrri 
I        208        649.51907        649.52283        649.51907      0.5210        drrr_15+rrri 
I        259        649.37428        649.51907        649.37428      0.5530        drrr_15+rroi 
I        337        649.09809        649.37428        649.09809      0.6280        drrr_15+rroi 
I        373        647.13011        649.09809        647.13011      0.6580        drrr_15+rroi 
I        380        647.11867        647.13011        647.11867      0.6610         drrr_15+rrg 
I        637        645.46683        647.11867        645.46683      0.8040        drrr_15+rrri 
I        651        645.42063        645.46683        645.42063      0.8140         drrr_15+rrg 
I        782        641.08332        645.42063        641.08332      0.9020        drrr_15+rrri 
I        830        640.08724        641.08332        640.08724      0.9280        drrr_15+rroi 
I        950        638.48386        640.08724        638.48386      0.9910        drrr_15+rroi 
I       1014        638.33906        638.48386        638.33906      1.0210        drrr_15+rrri 
I       5636        636.74134        638.33906        636.74134      3.2880        drrr_15+rrri 
I       5714        635.68077        636.74134        635.68077      3.3300        drrr_15+rroi 
I      18605        634.87729        635.68077        634.87729      8.9600        drrr_15+rrri 
I      18801        633.27391        634.87729        633.27391      9.0450         drrr_15+rrg 
I      20694        633.07058        633.27391        633.07058      9.8780         drrr_15+rrg 
I      30000        633.07058        633.07058        642.47070     13.8440         drrr_15+rrg 

Method statistics
S  method    iter  succ  succ-rate%  tot-obj-gain  avg-obj-gain  rel-succ%  net-time  net-time%  brut-time  brut-time%
S  con          1     1   100.00000  -99286.04035  -99286.04035    1.17647   0.06300    0.45507    0.06300     0.45507
S  drrr_15  29999    42     0.14000    -140.88907      -0.00470   49.41176   0.36200    2.61485    0.36200     2.61485
S  rrg      10140    12     0.11834     -47.86429      -0.00472   14.11765   7.37800   53.29385    7.37800    53.29385
S  rroi      9964    14     0.14051     -44.33258      -0.00445   16.47059   2.79200   20.16757    2.79200    20.16757
S  rrri      9895    16     0.16170     -48.69219      -0.00492   18.82353   3.12200   22.55131    3.12200    22.55131
S  SUM/AVG  59999    85     0.14167  -99567.81848      -1.65949   20.00000  13.71700   99.08264   13.71700    99.08264

T best solution: EADARPSolution(t_routing=793.148, t_excess=152.838, obj_val=633.071, obj_val_valid=true,
    unserved_requests=Int64[], F_visited=[127, 128, 130, 129, 126], S_visited=Int64[],
    (1, ([121, 44, 104, 27, 51, 87, 111, 16, 76, 37, 20, 80, 97, 131, 52, 112, 28, 88, 3, 63, 126], [54.22032983595569], [14]))
    (2, ([122, 49, 109, 57, 117, 31, 91, 30, 90, 60, 120, 13, 73, 48, 9, 108, 69, 21, 81, 6, 66, 133, 1, 61, 127], [65.3215079724957], [22]))
    (3, ([123, 18, 78, 11, 71, 19, 79, 43, 35, 95, 103, 50, 110, 53, 113, 2, 62, 24, 46, 84, 36, 96, 106, 54, 114, 42, 29, 32, 92, 102, 89, 131, 128], [110.2326582924129], [32]))
    (4, ([124, 33, 93, 17, 77, 56, 59, 116, 119, 39, 7, 99, 67, 133, 25, 85, 8, 68, 12, 72, 23, 83, 14, 34, 74, 94, 131, 129], [13.494796074292577, 81.49881726575063], [14, 27]))
    (5, ([125, 22, 47, 107, 82, 41, 101, 40, 5, 100, 4, 64, 65, 58, 118, 26, 86, 55, 115, 45, 105, 38, 98, 15, 75, 10, 70, 131, 130], [63.38010944002467], [28])))

T best obj: 633.0705824571028
T best iteration: 20694
T total iterations: 30000
T best time [s]: 9.878
T total time [s]: 13.8440
