EADARP version ecec-dirty
ARGS: --ifile=EADARP/instances/random/r5-60-00000.txt  --gamma=0.7 --only_single_s_visits=false --odir=EADARP/solutions/random/r5-60-00000 --oname=run50
Settings:
--alns_gamma=0.025
--alns_segment_size=100
--alns_sigma1=10
--alns_sigma2=9
--alns_sigma3=3
--at_most_one_s=false
--gamma=0.7
--ifile=EADARP/instances/random/r5-60-00000.txt
--infeasible_arcs=EADARP/infeasible_arcs
--insert_charging_otf=true
--insert_cost_noise=0.014
--lns_init_temp_factor=0.0
--lns_temp_dec_factor=0.99
--log_all_sols_fname=
--mh_checkit=false
--mh_lfreq=0
--mh_lnewinc=true
--mh_tciter=-1
--mh_tctime=-1.0
--mh_titer=30000
--mh_tobj=-1.0
--mh_ttime=-1.0
--odir=EADARP/solutions/random/r5-60-00000
--ofile=
--oname=run50
--only_single_s_visits=false
--prepthreshold=0.1
--repair_max_routes=0
--route_based_ops=0
--seed=1660401335
--tightened_windows=EADARP/tightened_windows
--use_milp_in_otf=0
--xcheck_isfeasible=false

EADARPInstance(EADARP/instances/random/r5-60-00000.txt, n=60, n_K=5, S=[131, 132, 133], Q=14.85, n_F=5, γ=0.7, T_plan=720.0, F=[126, 127, 128, 129, 130])

Percentage of arcs removed: 73.59941206399458%
Minimum Degree: 7
T preprocessing time [s]: 1.658
I       iter             best          obj_old          obj_new        time              method info
I          1        780.97984     100060.00000        780.97984      0.0760                 con 
I          3        771.17917        780.97984        771.17917      0.0920        drrr_15+rrri 
I          4        751.09763        771.17917        751.09763      0.1000         drrr_15+rrg 
I          6        751.02132        751.09763        751.02132      0.1160         drrr_15+rrg 
I          8        722.05202        751.02132        722.05202      0.1470        drrr_15+rroi 
I          9        717.17867        722.05202        717.17867      0.1590        drrr_15+rroi 
I         13        711.64187        717.17867        711.64187      0.1920        drrr_15+rrri 
I         14        703.55594        711.64187        703.55594      0.2070        drrr_15+rrri 
I         15        700.53185        703.55594        700.53185      0.2070         drrr_15+rrg 
I         16        699.23687        700.53185        699.23687      0.2220        drrr_15+rroi 
I         17        690.56288        699.23687        690.56288      0.2220        drrr_15+rroi 
I         24        690.49938        690.56288        690.49938      0.2600        drrr_15+rrri 
I         31        689.36805        690.49938        689.36805      0.2830         drrr_15+rrg 
I         32        688.80729        689.36805        688.80729      0.2830        drrr_15+rrri 
I         36        682.03343        688.80729        682.03343      0.3010        drrr_15+rroi 
I         42        679.90291        682.03343        679.90291      0.3090        drrr_15+rrri 
I         44        675.72376        679.90291        675.72376      0.3090        drrr_15+rroi 
I         58        672.79662        675.72376        672.79662      0.3820        drrr_15+rroi 
I         69        671.07856        672.79662        671.07856      0.3930         drrr_15+rrg 
I         84        670.94952        671.07856        670.94952      0.4170         drrr_15+rrg 
I        135        668.84312        670.94952        668.84312      0.4600         drrr_15+rrg 
I        155        668.73215        668.84312        668.73215      0.4920        drrr_15+rrri 
I        157        665.29440        668.73215        665.29440      0.4920         drrr_15+rrg 
I        158        665.20738        665.29440        665.20738      0.4920        drrr_15+rrri 
I        164        660.71078        665.20738        660.71078      0.5030         drrr_15+rrg 
I        172        658.68377        660.71078        658.68377      0.5150        drrr_15+rrri 
I        183        657.76137        658.68377        657.76137      0.5250        drrr_15+rroi 
I        195        657.20211        657.76137        657.20211      0.5430        drrr_15+rrri 
I        224        656.16702        657.20211        656.16702      0.5850        drrr_15+rroi 
I        233        655.46778        656.16702        655.46778      0.5930        drrr_15+rroi 
I        260        654.23900        655.46778        654.23900      0.6150        drrr_15+rroi 
I        309        649.74363        654.23900        649.74363      0.6520         drrr_15+rrg 
I        557        647.85907        649.74363        647.85907      0.8170        drrr_15+rrri 
I       3487        647.50370        647.85907        647.50370      2.3630        drrr_15+rrri 
I       3498        645.85412        647.50370        645.85412      2.3690        drrr_15+rrri 
I       4868        645.81560        645.85412        645.81560      3.0450         drrr_15+rrg 
I       4879        645.53180        645.81560        645.53180      3.0510        drrr_15+rrri 
I       5524        644.16058        645.53180        644.16058      3.3550        drrr_15+rroi 
I       5527        642.46099        644.16058        642.46099      3.3570         drrr_15+rrg 
I       5614        642.43139        642.46099        642.43139      3.3950        drrr_15+rrri 
I       6842        641.84360        642.43139        641.84360      3.9970        drrr_15+rroi 
I       6885        641.79740        641.84360        641.79740      4.0190         drrr_15+rrg 
I       6987        640.19402        641.79740        640.19402      4.0770        drrr_15+rrri 
I       7469        639.06209        640.19402        639.06209      4.3320        drrr_15+rrri 
I       7560        636.80913        639.06209        636.80913      4.3770        drrr_15+rroi 
I       8667        633.81569        636.80913        633.81569      4.8850         drrr_15+rrg 
I       8951        633.37612        633.81569        633.37612      5.0310        drrr_15+rroi 
I      30000        633.37612        633.37612        680.68666     14.7490        drrr_15+rroi 

Method statistics
S  method    iter  succ  succ-rate%  tot-obj-gain  avg-obj-gain  rel-succ%  net-time  net-time%  brut-time  brut-time%
S  con          1     1   100.00000  -99279.02016  -99279.02016    1.07527   0.07600    0.51529    0.07600     0.51529
S  drrr_15  29999    46     0.15334    -147.60371      -0.00492   49.46237   0.46100    3.12563    0.46100     3.12563
S  rrg       9935    14     0.14092     -45.47422      -0.00458   15.05376   7.66000   51.93570    7.66000    51.93570
S  rroi     10050    15     0.14925     -66.22882      -0.00659   16.12903   3.08900   20.94379    3.08900    20.94379
S  rrri     10014    17     0.16976     -35.90068      -0.00359   18.27957   3.38900   22.97785    3.38900    22.97785
S  SUM/AVG  59999    93     0.15500  -99574.22759      -1.65960   20.00000  14.67500   99.49826   14.67500    99.49826

T best solution: EADARPSolution(t_routing=796.5, t_excess=144.004, obj_val=633.376, obj_val_valid=true,
    unserved_requests=Int64[], F_visited=[127, 128, 130, 129, 126], S_visited=Int64[],
    (1, ([121, 33, 93, 17, 77, 55, 115, 45, 105, 133, 24, 46, 84, 36, 96, 106, 54, 114, 52, 112, 28, 88, 3, 63, 126], [59.26492115462463], [10]))
    (2, ([122, 22, 47, 107, 82, 41, 101, 40, 5, 100, 4, 64, 65, 58, 118, 26, 86, 56, 59, 116, 119, 39, 99, 133, 25, 85, 13, 73, 48, 9, 108, 69, 21, 81, 6, 66, 10, 70, 131, 127], [30.166448564842884, 98.9631673031331], [24, 39]))
    (3, ([123, 44, 104, 27, 51, 87, 111, 16, 76, 37, 20, 80, 97, 2, 62, 23, 83, 14, 34, 74, 94, 131, 128], [75.2439518825765], [22]))
    (4, ([124, 49, 109, 57, 117, 31, 91, 50, 110, 53, 113, 8, 68, 12, 72, 42, 29, 32, 92, 102, 89, 131, 129], [38.38707097161082], [22]))
    (5, ([125, 18, 78, 11, 71, 19, 79, 43, 35, 95, 103, 133, 30, 90, 60, 120, 7, 67, 38, 98, 15, 75, 1, 61, 131, 130], [74.29974985328501, 15.17488046119917], [12, 25])))

T best obj: 633.3761227619779
T best iteration: 8951
T total iterations: 30000
T best time [s]: 5.031
T total time [s]: 14.7490
