EADARP version ecec-dirty
ARGS: --ifile=EADARP/instances/random/r5-60-00000.txt  --gamma=0.7 --only_single_s_visits=false --odir=EADARP/solutions/random/r5-60-00000 --oname=run67
Settings:
--alns_gamma=0.025
--alns_segment_size=100
--alns_sigma1=10
--alns_sigma2=9
--alns_sigma3=3
--at_most_one_s=false
--gamma=0.7
--ifile=EADARP/instances/random/r5-60-00000.txt
--infeasible_arcs=EADARP/infeasible_arcs
--insert_charging_otf=true
--insert_cost_noise=0.014
--lns_init_temp_factor=0.0
--lns_temp_dec_factor=0.99
--log_all_sols_fname=
--mh_checkit=false
--mh_lfreq=0
--mh_lnewinc=true
--mh_tciter=-1
--mh_tctime=-1.0
--mh_titer=30000
--mh_tobj=-1.0
--mh_ttime=-1.0
--odir=EADARP/solutions/random/r5-60-00000
--ofile=
--oname=run67
--only_single_s_visits=false
--prepthreshold=0.1
--repair_max_routes=0
--route_based_ops=0
--seed=2024397444
--tightened_windows=EADARP/tightened_windows
--use_milp_in_otf=0
--xcheck_isfeasible=false

EADARPInstance(EADARP/instances/random/r5-60-00000.txt, n=60, n_K=5, S=[131, 132, 133], Q=14.85, n_F=5, γ=0.7, T_plan=720.0, F=[126, 127, 128, 129, 130])

Percentage of arcs removed: 73.59941206399458%
Minimum Degree: 7
T preprocessing time [s]: 2.849
I       iter             best          obj_old          obj_new        time              method info
I          1        763.99200     100060.00000        763.99200      0.1540                 con 
I          2        748.83191        763.99200        748.83191      0.1820        drrr_15+rrri 
I          3        733.98378        748.83191        733.98378      0.1990        drrr_15+rroi 
I          7        730.59830        733.98378        730.59830      0.2440        drrr_15+rroi 
I         11        723.39465        730.59830        723.39465      0.2980         drrr_15+rrg 
I         12        722.14740        723.39465        722.14740      0.2980        drrr_15+rrri 
I         18        718.80771        722.14740        718.80771      0.3160        drrr_15+rroi 
I         19        706.21896        718.80771        706.21896      0.3250        drrr_15+rroi 
I         21        702.05822        706.21896        702.05822      0.3530        drrr_15+rroi 
I         23        692.46937        702.05822        692.46937      0.3620        drrr_15+rrri 
I         24        688.79824        692.46937        688.79824      0.3710        drrr_15+rroi 
I         26        688.32094        688.79824        688.32094      0.3890        drrr_15+rrri 
I         30        680.68287        688.32094        680.68287      0.4250        drrr_15+rroi 
I         32        673.41775        680.68287        673.41775      0.4440        drrr_15+rroi 
I         33        659.62498        673.41775        659.62498      0.4440        drrr_15+rrri 
I         36        658.53127        659.62498        658.53127      0.4730        drrr_15+rroi 
I         37        658.12881        658.53127        658.12881      0.4800         drrr_15+rrg 
I         40        657.40856        658.12881        657.40856      0.4990        drrr_15+rrri 
I         46        655.75898        657.40856        655.75898      0.5350        drrr_15+rroi 
I         56        653.37016        655.75898        653.37016      0.5440         drrr_15+rrg 
I         72        651.20299        653.37016        651.20299      0.5710        drrr_15+rroi 
I        135        650.66329        651.20299        650.66329      0.6620        drrr_15+rroi 
I        142        650.62398        650.66329        650.62398      0.6710        drrr_15+rroi 
I        165        650.50804        650.62398        650.50804      0.6910        drrr_15+rrri 
I        195        650.48628        650.50804        650.48628      0.7250        drrr_15+rroi 
I        208        644.78878        650.48628        644.78878      0.7440         drrr_15+rrg 
I        379        644.50326        644.78878        644.50326      0.9790        drrr_15+rrri 
I        451        644.09551        644.50326        644.09551      1.0600        drrr_15+rrri 
I        512        643.81252        644.09551        643.81252      1.1230        drrr_15+rroi 
I        525        643.07871        643.81252        643.07871      1.1320        drrr_15+rrri 
I        541        641.28142        643.07871        641.28142      1.1500        drrr_15+rroi 
I       3221        637.59436        641.28142        637.59436      3.5620        drrr_15+rroi 
I      28766        637.45511        637.59436        637.45511     23.5280        drrr_15+rrri 
I      29785        636.97397        637.45511        636.97397     24.2640         drrr_15+rrg 
I      30000        636.97397        636.97397        649.01951     24.4530        drrr_15+rroi 

Method statistics
S  method    iter  succ  succ-rate%  tot-obj-gain  avg-obj-gain  rel-succ%  net-time  net-time%  brut-time  brut-time%
S  con          1     1   100.00000  -99296.00800  -99296.00800    1.49254   0.15400    0.62978    0.15400     0.62978
S  drrr_15  29999    33     0.11000    -127.01803      -0.00423   49.25373   0.67100    2.74404    0.67100     2.74404
S  rrg       9981     5     0.05010     -16.17355      -0.00162    7.46269  12.44700   50.90175   12.44700    50.90175
S  rroi     10028    17     0.16953     -68.17570      -0.00680   25.37313   5.15900   21.09760    5.15900    21.09760
S  rrri      9990    11     0.11011     -42.66879      -0.00427   16.41791   5.76500   23.57585    5.76500    23.57585
S  SUM/AVG  59999    67     0.11167  -99550.04407      -1.65920   20.00000  24.19600   98.94901   24.19600    98.94901

T best solution: EADARPSolution(t_routing=794.916, t_excess=163.147, obj_val=636.974, obj_val_valid=true,
    unserved_requests=Int64[], F_visited=[130, 126, 127, 129, 128], S_visited=Int64[],
    (1, ([121, 22, 47, 107, 82, 41, 101, 40, 19, 79, 100, 43, 35, 95, 103, 50, 110, 37, 20, 80, 97, 42, 29, 32, 92, 102, 89, 131, 126], [85.38657004704292], [28]))
    (2, ([122, 44, 104, 31, 91, 30, 90, 60, 120, 39, 99, 131, 8, 68, 12, 38, 72, 98, 15, 75, 28, 88, 3, 63, 131, 127], [51.21051482116354, 8.934042003074527], [12, 25]))
    (3, ([123, 49, 109, 57, 117, 27, 51, 87, 111, 11, 71, 131, 5, 4, 64, 65, 58, 118, 16, 76, 56, 59, 116, 119, 24, 46, 84, 36, 96, 106, 54, 114, 52, 112, 14, 34, 74, 94, 131, 128], [54.64286482355445, 81.49881726575063], [12, 39]))
    (4, ([124, 18, 78, 17, 77, 26, 86, 55, 115, 133, 7, 67, 23, 83, 1, 61, 129], [42.76055643116453], [10]))
    (5, ([125, 33, 93, 45, 105, 53, 113, 2, 62, 25, 85, 13, 73, 48, 9, 108, 69, 21, 81, 6, 66, 10, 70, 131, 130], [65.483067858631], [24])))

T best obj: 636.9739687743755
T best iteration: 29785
T total iterations: 30000
T best time [s]: 24.264
T total time [s]: 24.4530
