EADARP version ecec-dirty
ARGS: --ifile=EADARP/instances/random/r5-60-00000.txt  --gamma=0.7 --only_single_s_visits=false --odir=EADARP/solutions/random/r5-60-00000 --oname=run63
Settings:
--alns_gamma=0.025
--alns_segment_size=100
--alns_sigma1=10
--alns_sigma2=9
--alns_sigma3=3
--at_most_one_s=false
--gamma=0.7
--ifile=EADARP/instances/random/r5-60-00000.txt
--infeasible_arcs=EADARP/infeasible_arcs
--insert_charging_otf=true
--insert_cost_noise=0.014
--lns_init_temp_factor=0.0
--lns_temp_dec_factor=0.99
--log_all_sols_fname=
--mh_checkit=false
--mh_lfreq=0
--mh_lnewinc=true
--mh_tciter=-1
--mh_tctime=-1.0
--mh_titer=30000
--mh_tobj=-1.0
--mh_ttime=-1.0
--odir=EADARP/solutions/random/r5-60-00000
--ofile=
--oname=run63
--only_single_s_visits=false
--prepthreshold=0.1
--repair_max_routes=0
--route_based_ops=0
--seed=326752381
--tightened_windows=EADARP/tightened_windows
--use_milp_in_otf=0
--xcheck_isfeasible=false

EADARPInstance(EADARP/instances/random/r5-60-00000.txt, n=60, n_K=5, S=[131, 132, 133], Q=14.85, n_F=5, γ=0.7, T_plan=720.0, F=[126, 127, 128, 129, 130])

Percentage of arcs removed: 73.59941206399458%
Minimum Degree: 7
T preprocessing time [s]: 1.622
I       iter             best          obj_old          obj_new        time              method info
I          1        792.08522     100060.00000        792.08522      0.0700                 con 
I          2        780.02663        792.08522        780.02663      0.0700         drrr_15+rrg 
I          3        774.70483        780.02663        774.70483      0.0890        drrr_15+rrri 
I          4        744.73387        774.70483        744.73387      0.1050         drrr_15+rrg 
I          6        732.72754        744.73387        732.72754      0.1370        drrr_15+rrri 
I          7        729.04639        732.72754        729.04639      0.1520         drrr_15+rrg 
I          9        721.06001        729.04639        721.06001      0.1680         drrr_15+rrg 
I         10        720.66691        721.06001        720.66691      0.1840        drrr_15+rroi 
I         11        715.27997        720.66691        715.27997      0.1890         drrr_15+rrg 
I         13        714.45681        715.27997        714.45681      0.2200         drrr_15+rrg 
I         14        713.47191        714.45681        713.47191      0.2200        drrr_15+rrri 
I         15        703.49748        713.47191        703.49748      0.2200         drrr_15+rrg 
I         16        703.23373        703.49748        703.23373      0.2360         drrr_15+rrg 
I         17        702.47678        703.23373        702.47678      0.2360        drrr_15+rrri 
I         18        692.29307        702.47678        692.29307      0.2360        drrr_15+rroi 
I         19        690.69628        692.29307        690.69628      0.2360        drrr_15+rroi 
I         21        687.83064        690.69628        687.83064      0.2520         drrr_15+rrg 
I         23        684.50031        687.83064        684.50031      0.2520         drrr_15+rrg 
I         24        681.69163        684.50031        681.69163      0.2670         drrr_15+rrg 
I         28        677.41634        681.69163        677.41634      0.2670         drrr_15+rrg 
I         31        675.56427        677.41634        675.56427      0.2800         drrr_15+rrg 
I         39        674.94311        675.56427        674.94311      0.2800        drrr_15+rroi 
I         40        671.50513        674.94311        671.50513      0.2800        drrr_15+rrri 
I         41        666.70173        671.50513        666.70173      0.2960         drrr_15+rrg 
I         44        662.54378        666.70173        662.54378      0.3050        drrr_15+rroi 
I         47        657.66090        662.54378        657.66090      0.3050        drrr_15+rroi 
I         54        657.58319        657.66090        657.58319      0.3200        drrr_15+rroi 
I         58        654.85759        657.58319        654.85759      0.3300        drrr_15+rrri 
I         60        654.23085        654.85759        654.23085      0.3300        drrr_15+rroi 
I         69        654.08605        654.23085        654.08605      0.3300         drrr_15+rrg 
I        101        653.96829        654.08605        653.96829      0.3710        drrr_15+rroi 
I        111        651.16479        653.96829        651.16479      0.3890        drrr_15+rrri 
I        129        650.76951        651.16479        650.76951      0.4050        drrr_15+rroi 
I        221        650.58807        650.76951        650.58807      0.5220        drrr_15+rroi 
I        241        649.67230        650.58807        649.67230      0.5380        drrr_15+rroi 
I        260        647.84057        649.67230        647.84057      0.5530        drrr_15+rrri 
I        269        645.94855        647.84057        645.94855      0.5720         drrr_15+rrg 
I        325        644.78580        645.94855        644.78580      0.6200        drrr_15+rrri 
I        330        643.32068        644.78580        643.32068      0.6200        drrr_15+rrri 
I        349        641.71730        643.32068        641.71730      0.6280        drrr_15+rroi 
I        587        641.51021        641.71730        641.51021      0.7690         drrr_15+rrg 
I        687        639.41957        641.51021        639.41957      0.8210        drrr_15+rroi 
I       1458        639.32506        639.41957        639.32506      1.2460        drrr_15+rrri 
I       1472        638.40929        639.32506        638.40929      1.2460        drrr_15+rrri 
I       4206        637.93902        638.40929        637.93902      2.5720        drrr_15+rroi 
I      15576        637.38581        637.93902        637.38581      7.9110         drrr_15+rrg 
I      30000        637.38581        637.38581        656.86137     14.5470         drrr_15+rrg 

Method statistics
S  method    iter  succ  succ-rate%  tot-obj-gain  avg-obj-gain  rel-succ%  net-time  net-time%  brut-time  brut-time%
S  con          1     1   100.00000  -99267.91478  -99267.91478    1.09890   0.07000    0.48120    0.07000     0.48120
S  drrr_15  29999    45     0.15001    -154.69941      -0.00516   49.45055   0.41200    2.83220    0.41200     2.83220
S  rrg      10105    18     0.17813     -92.87788      -0.00919   19.78022   7.80000   53.61931    7.80000    53.61931
S  rroi     10042    15     0.14937     -28.31458      -0.00282   16.48352   3.11200   21.39271    3.11200    21.39271
S  rrri      9852    12     0.12180     -33.50696      -0.00340   13.18681   3.06900   21.09714    3.06900    21.09714
S  SUM/AVG  59999    91     0.15167  -99577.31361      -1.65965   20.00000  14.46300   99.42256   14.46300    99.42256

T best solution: EADARPSolution(t_routing=810.403, t_excess=118.335, obj_val=637.386, obj_val_valid=true,
    unserved_requests=Int64[], F_visited=[130, 126, 127, 129, 128], S_visited=Int64[],
    (1, ([121, 33, 93, 17, 77, 131, 55, 115, 45, 105, 38, 98, 1, 61, 126], [23.49566933923171], [6]))
    (2, ([122, 44, 104, 27, 51, 87, 111, 11, 71, 35, 95, 31, 91, 30, 90, 60, 120, 24, 46, 84, 106, 54, 114, 42, 29, 32, 92, 102, 89, 131, 127], [93.52306382221163], [30]))
    (3, ([123, 49, 109, 57, 117, 5, 4, 64, 65, 58, 118, 26, 86, 56, 59, 116, 119, 39, 7, 99, 67, 36, 96, 52, 112, 14, 34, 74, 94, 131, 128], [74.27332495580099], [30]))
    (4, ([124, 18, 78, 19, 79, 43, 103, 50, 110, 53, 113, 2, 62, 25, 85, 13, 73, 48, 9, 108, 69, 21, 81, 6, 66, 10, 70, 131, 129], [97.37518427744124], [28]))
    (5, ([125, 22, 47, 107, 82, 41, 101, 40, 100, 132, 16, 76, 37, 20, 80, 97, 132, 8, 68, 12, 72, 23, 83, 15, 75, 28, 88, 3, 63, 131, 130], [62.979114058433666, 49.60212239285469, 4.154332512514052], [10, 17, 30])))

T best obj: 637.3858068513534
T best iteration: 15576
T total iterations: 30000
T best time [s]: 7.911
T total time [s]: 14.5470
