EADARP version ecec-dirty
ARGS: --ifile=EADARP/instances/random/r5-60-00000.txt  --gamma=0.7 --only_single_s_visits=false --odir=EADARP/solutions/random/r5-60-00000 --oname=run76
Settings:
--alns_gamma=0.025
--alns_segment_size=100
--alns_sigma1=10
--alns_sigma2=9
--alns_sigma3=3
--at_most_one_s=false
--gamma=0.7
--ifile=EADARP/instances/random/r5-60-00000.txt
--infeasible_arcs=EADARP/infeasible_arcs
--insert_charging_otf=true
--insert_cost_noise=0.014
--lns_init_temp_factor=0.0
--lns_temp_dec_factor=0.99
--log_all_sols_fname=
--mh_checkit=false
--mh_lfreq=0
--mh_lnewinc=true
--mh_tciter=-1
--mh_tctime=-1.0
--mh_titer=30000
--mh_tobj=-1.0
--mh_ttime=-1.0
--odir=EADARP/solutions/random/r5-60-00000
--ofile=
--oname=run76
--only_single_s_visits=false
--prepthreshold=0.1
--repair_max_routes=0
--route_based_ops=0
--seed=791728520
--tightened_windows=EADARP/tightened_windows
--use_milp_in_otf=0
--xcheck_isfeasible=false

EADARPInstance(EADARP/instances/random/r5-60-00000.txt, n=60, n_K=5, S=[131, 132, 133], Q=14.85, n_F=5, γ=0.7, T_plan=720.0, F=[126, 127, 128, 129, 130])

Percentage of arcs removed: 73.59941206399458%
Minimum Degree: 7
T preprocessing time [s]: 1.608
I       iter             best          obj_old          obj_new        time              method info
I          1        754.74919     100060.00000        754.74919      0.1170                 con 
I          2        737.09824        754.74919        737.09824      0.1250        drrr_15+rroi 
I          3        728.49695        737.09824        728.49695      0.1340        drrr_15+rrri 
I          4        726.44805        728.49695        726.44805      0.1500         drrr_15+rrg 
I          5        707.75207        726.44805        707.75207      0.1670        drrr_15+rrri 
I          6        694.94291        707.75207        694.94291      0.1750        drrr_15+rrri 
I          7        686.68628        694.94291        686.68628      0.1750        drrr_15+rrri 
I          9        685.16115        686.68628        685.16115      0.1920         drrr_15+rrg 
I         11        680.75654        685.16115        680.75654      0.1920         drrr_15+rrg 
I         12        672.37033        680.75654        672.37033      0.2090        drrr_15+rroi 
I         21        668.10500        672.37033        668.10500      0.2490        drrr_15+rroi 
I         23        665.71035        668.10500        665.71035      0.2590         drrr_15+rrg 
I         26        660.29366        665.71035        660.29366      0.2660         drrr_15+rrg 
I         31        659.79903        660.29366        659.79903      0.2750         drrr_15+rrg 
I         77        657.49654        659.79903        657.49654      0.3420         drrr_15+rrg 
I         80        654.72429        657.49654        654.72429      0.3420         drrr_15+rrg 
I        136        654.27093        654.72429        654.27093      0.3830         drrr_15+rrg 
I        419        649.74504        654.27093        649.74504      0.5900        drrr_15+rrri 
I        437        649.25041        649.74504        649.25041      0.6080        drrr_15+rrri 
I       1210        648.58319        649.25041        648.58319      1.0500        drrr_15+rroi 
I       1851        643.28286        648.58319        643.28286      1.3670         drrr_15+rrg 
I       5811        643.26234        643.28286        643.26234      3.1660        drrr_15+rroi 
I       5829        642.11638        643.26234        642.11638      3.1760         drrr_15+rrg 
I       5850        640.27214        642.11638        640.27214      3.1830         drrr_15+rrg 
I       5969        639.21370        640.27214        639.21370      3.2250         drrr_15+rrg 
I       6594        639.15269        639.21370        639.15269      3.5330        drrr_15+rroi 
I       6620        639.00789        639.15269        639.00789      3.5330         drrr_15+rrg 
I       6871        638.99072        639.00789        638.99072      3.6590        drrr_15+rrri 
I       8732        638.47085        638.99072        638.47085      4.4420        drrr_15+rrri 
I       8741        637.65412        638.47085        637.65412      4.4420         drrr_15+rrg 
I       8781        637.55508        637.65412        637.55508      4.4660        drrr_15+rrri 
I       8834        637.51910        637.55508        637.51910      4.4910        drrr_15+rroi 
I       9216        637.50062        637.51910        637.50062      4.6740        drrr_15+rroi 
I      30000        637.50062        637.50062        637.50062     13.5000        drrr_15+rroi 

Method statistics
S  method    iter  succ  succ-rate%  tot-obj-gain  avg-obj-gain  rel-succ%  net-time  net-time%  brut-time  brut-time%
S  con          1     1   100.00000  -99305.25081  -99305.25081    1.53846   0.11700    0.86667    0.11700     0.86667
S  drrr_15  29999    32     0.10667    -117.24857      -0.00391   49.23077   0.45300    3.35556    0.45300     3.35556
S  rrg       9983    15     0.15026     -32.12321      -0.00322   23.07692   6.75200   50.01482    6.75200    50.01482
S  rroi     10001     8     0.07999     -31.10571      -0.00311   12.30769   2.89200   21.42223    2.89200    21.42223
S  rrri     10015     9     0.08987     -54.01965      -0.00539   13.84615   3.20300   23.72591    3.20300    23.72591
S  SUM/AVG  59999    65     0.10834  -99539.74795      -1.65902   20.00000  13.41700   99.38519   13.41700    99.38519

T best solution: EADARPSolution(t_routing=801.805, t_excess=144.586, obj_val=637.501, obj_val_valid=true,
    unserved_requests=Int64[], F_visited=[127, 130, 129, 126, 128], S_visited=Int64[],
    (1, ([121, 44, 104, 27, 51, 87, 111, 11, 71, 43, 35, 95, 103, 31, 91, 133, 55, 115, 45, 105, 36, 96, 52, 112, 28, 88, 3, 63, 126], [87.968429327382], [16]))
    (2, ([122, 22, 47, 107, 82, 41, 101, 30, 90, 60, 120, 39, 7, 99, 67, 24, 46, 84, 106, 54, 114, 42, 29, 32, 92, 102, 89, 131, 127], [74.34372869946226], [28]))
    (3, ([123, 49, 109, 57, 117, 40, 5, 100, 4, 64, 65, 58, 118, 26, 86, 50, 110, 53, 113, 2, 62, 25, 85, 8, 68, 12, 72, 23, 83, 10, 70, 131, 128], [104.77539327064157], [32]))
    (4, ([124, 33, 93, 19, 79, 56, 59, 116, 119, 13, 73, 48, 9, 108, 69, 132, 21, 81, 6, 66, 133, 1, 61, 129], [4.573282156419779, 68.21531111046329], [16, 21]))
    (5, ([125, 18, 78, 17, 77, 16, 76, 37, 20, 80, 97, 38, 98, 15, 75, 14, 34, 74, 94, 131, 130], [56.92923530739379], [20])))

T best obj: 637.5006203088665
T best iteration: 9216
T total iterations: 30000
T best time [s]: 4.674
T total time [s]: 13.5000
