EADARP version ecec-dirty
ARGS: --ifile=EADARP/instances/random/r5-60-00000.txt  --gamma=0.7 --only_single_s_visits=false --odir=EADARP/solutions/random/r5-60-00000 --oname=run84
Settings:
--alns_gamma=0.025
--alns_segment_size=100
--alns_sigma1=10
--alns_sigma2=9
--alns_sigma3=3
--at_most_one_s=false
--gamma=0.7
--ifile=EADARP/instances/random/r5-60-00000.txt
--infeasible_arcs=EADARP/infeasible_arcs
--insert_charging_otf=true
--insert_cost_noise=0.014
--lns_init_temp_factor=0.0
--lns_temp_dec_factor=0.99
--log_all_sols_fname=
--mh_checkit=false
--mh_lfreq=0
--mh_lnewinc=true
--mh_tciter=-1
--mh_tctime=-1.0
--mh_titer=30000
--mh_tobj=-1.0
--mh_ttime=-1.0
--odir=EADARP/solutions/random/r5-60-00000
--ofile=
--oname=run84
--only_single_s_visits=false
--prepthreshold=0.1
--repair_max_routes=0
--route_based_ops=0
--seed=374876372
--tightened_windows=EADARP/tightened_windows
--use_milp_in_otf=0
--xcheck_isfeasible=false

EADARPInstance(EADARP/instances/random/r5-60-00000.txt, n=60, n_K=5, S=[131, 132, 133], Q=14.85, n_F=5, γ=0.7, T_plan=720.0, F=[126, 127, 128, 129, 130])

Percentage of arcs removed: 73.59941206399458%
Minimum Degree: 7
T preprocessing time [s]: 1.644
I       iter             best          obj_old          obj_new        time              method info
I          1        753.48003     100060.00000        753.48003      0.0850                 con 
I          3        746.05191        753.48003        746.05191      0.1150         drrr_15+rrg 
I          4        735.48804        746.05191        735.48804      0.1150         drrr_15+rrg 
I          5        723.52998        735.48804        723.52998      0.1280        drrr_15+rrri 
I          6        720.07573        723.52998        720.07573      0.1360         drrr_15+rrg 
I          8        705.51757        720.07573        705.51757      0.1680        drrr_15+rrri 
I         12        700.03877        705.51757        700.03877      0.1850        drrr_15+rroi 
I         18        688.53512        700.03877        688.53512      0.2090        drrr_15+rrri 
I         19        685.21700        688.53512        685.21700      0.2240         drrr_15+rrg 
I         21        682.10975        685.21700        682.10975      0.2240        drrr_15+rrri 
I         23        676.82545        682.10975        676.82545      0.2400        drrr_15+rrri 
I         26        675.29268        676.82545        675.29268      0.2560         drrr_15+rrg 
I         27        674.94402        675.29268        674.94402      0.2560        drrr_15+rrri 
I         28        671.04853        674.94402        671.04853      0.2560        drrr_15+rroi 
I         30        669.34433        671.04853        669.34433      0.2560         drrr_15+rrg 
I         33        666.46335        669.34433        666.46335      0.3030        drrr_15+rrri 
I         38        666.03531        666.46335        666.03531      0.3190         drrr_15+rrg 
I         43        662.31459        666.03531        662.31459      0.3280        drrr_15+rroi 
I         51        660.90754        662.31459        660.90754      0.3280        drrr_15+rroi 
I         57        659.56981        660.90754        659.56981      0.3440         drrr_15+rrg 
I         61        655.07444        659.56981        655.07444      0.3520        drrr_15+rrri 
I        109        654.62911        655.07444        654.62911      0.4010        drrr_15+rroi 
I        110        653.51722        654.62911        653.51722      0.4010         drrr_15+rrg 
I        115        651.00097        653.51722        651.00097      0.4010        drrr_15+rrri 
I        163        650.73955        651.00097        650.73955      0.4850        drrr_15+rroi 
I        183        649.95811        650.73955        649.95811      0.5090        drrr_15+rroi 
I        199        649.51573        649.95811        649.51573      0.5250        drrr_15+rrri 
I        209        648.37257        649.51573        648.37257      0.5250         drrr_15+rrg 
I        475        643.87720        648.37257        643.87720      0.7250        drrr_15+rrri 
I        616        643.83031        643.87720        643.83031      0.8350         drrr_15+rrg 
I        689        642.23757        643.83031        642.23757      0.9290        drrr_15+rrri 
I        694        641.40570        642.23757        641.40570      0.9290        drrr_15+rroi 
I        715        638.00290        641.40570        638.00290      0.9450         drrr_15+rrg 
I        725        637.34224        638.00290        637.34224      0.9450        drrr_15+rrri 
I       1120        636.57150        637.34224        636.57150      1.2860        drrr_15+rroi 
I       1258        636.03388        636.57150        636.03388      1.3610        drrr_15+rroi 
I       1303        635.27476        636.03388        635.27476      1.3930        drrr_15+rrri 
I       1323        634.43050        635.27476        634.43050      1.3930        drrr_15+rroi 
I       1927        633.02461        634.43050        633.02461      1.8240        drrr_15+rroi 
I       2573        631.89268        633.02461        631.89268      2.1870        drrr_15+rrri 
I       4178        631.11500        631.89268        631.11500      2.9670         drrr_15+rrg 
I      19659        630.71245        631.11500        630.71245     10.0510        drrr_15+rrri 
I      19921        630.43626        630.71245        630.43626     10.1770         drrr_15+rrg 
I      30000        630.43626        630.43626        648.05250     14.7270         drrr_15+rrg 

Method statistics
S  method    iter  succ  succ-rate%  tot-obj-gain  avg-obj-gain  rel-succ%  net-time  net-time%  brut-time  brut-time%
S  con          1     1   100.00000  -99306.51997  -99306.51997    1.17647   0.08500    0.57717    0.08500     0.57717
S  drrr_15  29999    42     0.14000    -123.04376      -0.00410   49.41176   0.41900    2.84511    0.41900     2.84511
S  rrg      10090    14     0.13875     -36.52570      -0.00362   16.47059   7.52200   51.07625    7.52200    51.07625
S  rroi     10031    12     0.11963     -20.38063      -0.00203   14.11765   2.83700   19.26394    2.83700    19.26394
S  rrri      9878    16     0.16198     -66.13743      -0.00670   18.82353   3.73600   25.36837    3.73600    25.36837
S  SUM/AVG  59999    85     0.14167  -99552.60750      -1.65924   20.00000  14.59900   99.13085   14.59900    99.13085

T best solution: EADARPSolution(t_routing=789.636, t_excess=152.838, obj_val=630.436, obj_val_valid=true,
    unserved_requests=Int64[], F_visited=[129, 127, 130, 126, 128], S_visited=Int64[],
    (1, ([121, 49, 109, 57, 117, 31, 91, 30, 90, 60, 120, 39, 7, 99, 67, 42, 29, 32, 92, 102, 89, 131, 126], [22.625002252631823], [22]))
    (2, ([122, 22, 47, 107, 82, 41, 101, 40, 5, 100, 4, 64, 65, 58, 118, 26, 86, 56, 59, 116, 119, 25, 85, 13, 73, 48, 9, 108, 69, 21, 81, 6, 66, 131, 127], [108.20519663308879], [34]))
    (3, ([123, 33, 93, 11, 71, 19, 79, 43, 35, 95, 103, 133, 50, 110, 53, 113, 2, 62, 24, 46, 84, 36, 96, 106, 54, 114, 52, 112, 14, 34, 74, 94, 131, 128], [35.087690714216016, 81.49881726575063], [12, 33]))
    (4, ([124, 44, 104, 27, 51, 87, 111, 16, 76, 37, 20, 80, 97, 132, 8, 68, 12, 72, 23, 83, 133, 10, 70, 28, 88, 3, 63, 129], [37.66315123096262, 63.811769350928444], [14, 21]))
    (5, ([125, 18, 78, 17, 77, 131, 55, 115, 45, 105, 38, 98, 15, 75, 1, 61, 130], [35.744165118144856], [6])))

T best obj: 630.4362627206962
T best iteration: 19921
T total iterations: 30000
T best time [s]: 10.177
T total time [s]: 14.7270
