EADARP version ecec-dirty
ARGS: --ifile=EADARP/instances/random/r5-60-00000.txt  --gamma=0.7 --only_single_s_visits=false --odir=EADARP/solutions/random/r5-60-00000 --oname=run80
Settings:
--alns_gamma=0.025
--alns_segment_size=100
--alns_sigma1=10
--alns_sigma2=9
--alns_sigma3=3
--at_most_one_s=false
--gamma=0.7
--ifile=EADARP/instances/random/r5-60-00000.txt
--infeasible_arcs=EADARP/infeasible_arcs
--insert_charging_otf=true
--insert_cost_noise=0.014
--lns_init_temp_factor=0.0
--lns_temp_dec_factor=0.99
--log_all_sols_fname=
--mh_checkit=false
--mh_lfreq=0
--mh_lnewinc=true
--mh_tciter=-1
--mh_tctime=-1.0
--mh_titer=30000
--mh_tobj=-1.0
--mh_ttime=-1.0
--odir=EADARP/solutions/random/r5-60-00000
--ofile=
--oname=run80
--only_single_s_visits=false
--prepthreshold=0.1
--repair_max_routes=0
--route_based_ops=0
--seed=1811327849
--tightened_windows=EADARP/tightened_windows
--use_milp_in_otf=0
--xcheck_isfeasible=false

EADARPInstance(EADARP/instances/random/r5-60-00000.txt, n=60, n_K=5, S=[131, 132, 133], Q=14.85, n_F=5, γ=0.7, T_plan=720.0, F=[126, 127, 128, 129, 130])

Percentage of arcs removed: 73.59941206399458%
Minimum Degree: 7
T preprocessing time [s]: 1.584
I       iter             best          obj_old          obj_new        time              method info
I          1        753.75946     100060.00000        753.75946      0.1140                 con 
I          2        751.15064        753.75946        751.15064      0.1340        drrr_15+rrri 
I          3        744.32472        751.15064        744.32472      0.1450        drrr_15+rrri 
I          4        738.62301        744.32472        738.62301      0.1450        drrr_15+rroi 
I          6        730.38383        738.62301        730.38383      0.1610        drrr_15+rrri 
I          7        728.47460        730.38383        728.47460      0.1750        drrr_15+rrri 
I         10        718.05220        728.47460        718.05220      0.2080         drrr_15+rrg 
I         11        707.79246        718.05220        707.79246      0.2080         drrr_15+rrg 
I         15        705.90307        707.79246        705.90307      0.2330         drrr_15+rrg 
I         17        698.89629        705.90307        698.89629      0.2510        drrr_15+rrri 
I         18        693.82190        698.89629        693.82190      0.2510        drrr_15+rrri 
I         21        684.54343        693.82190        684.54343      0.2740        drrr_15+rroi 
I         69        683.72825        684.54343        683.72825      0.3490        drrr_15+rrri 
I         70        680.11158        683.72825        680.11158      0.3490         drrr_15+rrg 
I         71        679.58587        680.11158        679.58587      0.3490         drrr_15+rrg 
I         74        675.93328        679.58587        675.93328      0.3490        drrr_15+rroi 
I         76        675.59700        675.93328        675.59700      0.3650        drrr_15+rrri 
I         84        667.87856        675.59700        667.87856      0.3810        drrr_15+rroi 
I        112        667.02885        667.87856        667.02885      0.4090        drrr_15+rrri 
I        122        665.00775        667.02885        665.00775      0.4090         drrr_15+rrg 
I        124        663.82677        665.00775        663.82677      0.4240        drrr_15+rrri 
I        125        662.47972        663.82677        662.47972      0.4260        drrr_15+rroi 
I        126        661.02938        662.47972        661.02938      0.4260        drrr_15+rrri 
I        136        658.51023        661.02938        658.51023      0.4420        drrr_15+rroi 
I        137        655.82029        658.51023        655.82029      0.4420        drrr_15+rroi 
I        146        651.70678        655.82029        651.70678      0.4580         drrr_15+rrg 
I        187        651.29344        651.70678        651.29344      0.4910        drrr_15+rroi 
I        188        651.17548        651.29344        651.17548      0.4910        drrr_15+rrri 
I        197        650.63129        651.17548        650.63129      0.4910         drrr_15+rrg 
I        211        649.71552        650.63129        649.71552      0.5070        drrr_15+rroi 
I        214        645.22993        649.71552        645.22993      0.5070        drrr_15+rrri 
I        275        642.29860        645.22993        642.29860      0.5380        drrr_15+rrri 
I        312        641.53530        642.29860        641.53530      0.5740         drrr_15+rrg 
I       1193        641.29292        641.53530        641.29292      1.1060        drrr_15+rrri 
I       1284        641.01673        641.29292        641.01673      1.1490        drrr_15+rrri 
I       1299        641.01673        641.01673        641.01673      1.1670        drrr_15+rroi 
I       2180        640.89005        641.01673        640.89005      1.5830        drrr_15+rrri 
I       2223        640.89005        640.89005        640.89005      1.6010        drrr_15+rroi 
I       8668        640.59127        640.89005        640.59127      4.5500        drrr_15+rroi 
I      11071        640.23822        640.59127        640.23822      5.6570        drrr_15+rrri 
I      11917        637.15222        640.23822        637.15222      6.0160         drrr_15+rrg 
I      12022        636.02029        637.15222        636.02029      6.0670        drrr_15+rrri 
I      12986        635.53714        636.02029        635.53714      6.4910        drrr_15+rroi 
I      13023        634.14098        635.53714        634.14098      6.5010         drrr_15+rrg 
I      16053        633.17480        634.14098        633.17480      7.8420         drrr_15+rrg 
I      16067        633.08773        633.17480        633.08773      7.8420         drrr_15+rrg 
I      16243        632.81155        633.08773        632.81155      7.9360        drrr_15+rroi 
I      30000        632.81155        632.81155        648.85906     13.9590        drrr_15+rrri 

Method statistics
S  method    iter  succ  succ-rate%  tot-obj-gain  avg-obj-gain  rel-succ%  net-time  net-time%  brut-time  brut-time%
S  con          1     1   100.00000  -99306.24054  -99306.24054    1.07527   0.11400    0.81668    0.11400     0.81668
S  drrr_15  29999    46     0.15334    -120.94791      -0.00403   49.46237   0.49700    3.56044    0.49700     3.56044
S  rrg      10028    13     0.12964     -39.69142      -0.00396   13.97849   7.23400   51.82321    7.23400    51.82321
S  rroi      9903    14     0.14137     -35.29457      -0.00356   15.05376   2.90200   20.78944    2.90200    20.78944
S  rrri     10068    19     0.18872     -45.96192      -0.00457   20.43011   3.18200   22.79532    3.18200    22.79532
S  SUM/AVG  59999    93     0.15500  -99548.13637      -1.65916   20.00000  13.92900   99.78509   13.92900    99.78509

T best solution: EADARPSolution(t_routing=795.553, t_excess=144.586, obj_val=632.812, obj_val_valid=true,
    unserved_requests=Int64[], F_visited=[129, 127, 126, 128, 130], S_visited=Int64[],
    (1, ([121, 22, 47, 107, 82, 41, 101, 40, 5, 100, 4, 64, 65, 58, 118, 16, 76, 37, 20, 80, 97, 38, 98, 15, 75, 10, 70, 131, 126], [75.75002143797259], [28]))
    (2, ([122, 33, 93, 11, 71, 19, 79, 43, 35, 95, 103, 133, 50, 110, 53, 113, 2, 62, 13, 73, 48, 9, 108, 69, 21, 81, 6, 66, 133, 1, 61, 127], [68.38942081873604, 65.61199683128882], [12, 29]))
    (3, ([123, 49, 109, 57, 117, 31, 91, 30, 90, 60, 120, 39, 7, 99, 67, 36, 96, 131, 52, 112, 28, 88, 3, 63, 128], [38.82356767323993], [18]))
    (4, ([124, 44, 104, 27, 51, 87, 111, 26, 86, 56, 59, 116, 119, 24, 46, 84, 106, 54, 114, 42, 29, 32, 92, 102, 89, 131, 129], [68.36635056993431], [26]))
    (5, ([125, 18, 78, 17, 77, 55, 115, 45, 105, 25, 85, 8, 68, 12, 72, 23, 83, 14, 34, 74, 94, 131, 130], [73.61192225351517], [22])))

T best obj: 632.8115450935597
T best iteration: 16243
T total iterations: 30000
T best time [s]: 7.936
T total time [s]: 13.9590
