EADARP version ecec-dirty
ARGS: --ifile=EADARP/instances/random/r5-60-00000.txt  --gamma=0.7 --only_single_s_visits=false --odir=EADARP/solutions/random/r5-60-00000 --oname=run97
Settings:
--alns_gamma=0.025
--alns_segment_size=100
--alns_sigma1=10
--alns_sigma2=9
--alns_sigma3=3
--at_most_one_s=false
--gamma=0.7
--ifile=EADARP/instances/random/r5-60-00000.txt
--infeasible_arcs=EADARP/infeasible_arcs
--insert_charging_otf=true
--insert_cost_noise=0.014
--lns_init_temp_factor=0.0
--lns_temp_dec_factor=0.99
--log_all_sols_fname=
--mh_checkit=false
--mh_lfreq=0
--mh_lnewinc=true
--mh_tciter=-1
--mh_tctime=-1.0
--mh_titer=30000
--mh_tobj=-1.0
--mh_ttime=-1.0
--odir=EADARP/solutions/random/r5-60-00000
--ofile=
--oname=run97
--only_single_s_visits=false
--prepthreshold=0.1
--repair_max_routes=0
--route_based_ops=0
--seed=1478562117
--tightened_windows=EADARP/tightened_windows
--use_milp_in_otf=0
--xcheck_isfeasible=false

EADARPInstance(EADARP/instances/random/r5-60-00000.txt, n=60, n_K=5, S=[131, 132, 133], Q=14.85, n_F=5, γ=0.7, T_plan=720.0, F=[126, 127, 128, 129, 130])

Percentage of arcs removed: 73.59941206399458%
Minimum Degree: 7
T preprocessing time [s]: 2.508
I       iter             best          obj_old          obj_new        time              method info
I          1        766.57065     100060.00000        766.57065      0.1530                 con 
I          3        759.19001        766.57065        759.19001      0.1940         drrr_15+rrg 
I          4        735.85228        759.19001        735.85228      0.2030         drrr_15+rrg 
I          5        729.48030        735.85228        729.48030      0.2140         drrr_15+rrg 
I          7        722.05299        729.48030        722.05299      0.2410        drrr_15+rrri 
I         10        708.11387        722.05299        708.11387      0.2700        drrr_15+rroi 
I         13        703.38605        708.11387        703.38605      0.2920        drrr_15+rroi 
I         14        700.16201        703.38605        700.16201      0.2980         drrr_15+rrg 
I         16        698.97291        700.16201        698.97291      0.3060        drrr_15+rrri 
I         20        693.59508        698.97291        693.59508      0.3220        drrr_15+rrri 
I         49        693.32423        693.59508        693.32423      0.4400         drrr_15+rrg 
I         52        686.05662        693.32423        686.05662      0.4480        drrr_15+rrri 
I         54        682.89693        686.05662        682.89693      0.4630         drrr_15+rrg 
I        105        682.31021        682.89693        682.31021      0.5760        drrr_15+rroi 
I        119        681.27082        682.31021        681.27082      0.6140        drrr_15+rroi 
I        123        678.91476        681.27082        678.91476      0.6200        drrr_15+rrri 
I        135        677.68427        678.91476        677.68427      0.6380        drrr_15+rroi 
I        139        675.99544        677.68427        675.99544      0.6430        drrr_15+rroi 
I        147        674.82013        675.99544        674.82013      0.6600        drrr_15+rrri 
I        175        673.14316        674.82013        673.14316      0.6960        drrr_15+rrri 
I        177        673.13320        673.14316        673.13320      0.7470         drrr_15+rrg 
I        179        671.79005        673.13320        671.79005      0.7560        drrr_15+rroi 
I        183        667.61375        671.79005        667.61375      0.7760         drrr_15+rrg 
I        191        667.53954        667.61375        667.53954      0.7840        drrr_15+rroi 
I        238        662.79777        667.53954        662.79777      0.8370         drrr_15+rrg 
I        242        659.56072        662.79777        659.56072      0.8450        drrr_15+rrri 
I        264        658.79987        659.56072        658.79987      0.8750         drrr_15+rrg 
I        305        657.74060        658.79987        657.74060      0.9740        drrr_15+rroi 
I        307        653.40621        657.74060        653.40621      0.9750         drrr_15+rrg 
I        340        653.06147        653.40621        653.06147      1.0150         drrr_15+rrg 
I        366        652.30770        653.06147        652.30770      1.0400         drrr_15+rrg 
I        414        650.95161        652.30770        650.95161      1.0910        drrr_15+rrri 
I        555        649.44099        650.95161        649.44099      1.2510        drrr_15+rrri 
I        623        647.83761        649.44099        647.83761      1.3180        drrr_15+rroi 
I        646        642.38915        647.83761        642.38915      1.3470         drrr_15+rrg 
I        660        639.85964        642.38915        639.85964      1.3620        drrr_15+rroi 
I        745        638.66494        639.85964        638.66494      1.4410         drrr_15+rrg 
I        836        638.21347        638.66494        638.21347      1.5440        drrr_15+rrri 
I       1269        637.83252        638.21347        637.83252      1.9100        drrr_15+rrri 
I       1297        633.28355        637.83252        633.28355      1.9430         drrr_15+rrg 
I       1868        632.65019        633.28355        632.65019      2.4360        drrr_15+rrri 
I       1887        631.59036        632.65019        631.59036      2.4470        drrr_15+rroi 
I       1982        631.45056        631.59036        631.45056      2.5230         drrr_15+rrg 
I       3767        631.05446        631.45056        631.05446      3.8750        drrr_15+rrri 
I       4056        631.01515        631.05446        631.01515      4.0800        drrr_15+rrri 
I       4071        628.39794        631.01515        628.39794      4.0880         drrr_15+rrg 
I       4090        627.55790        628.39794        627.55790      4.0980         drrr_15+rrg 
I      10119        627.25688        627.55790        627.25688      8.7880        drrr_15+rroi 
I      10120        626.70006        627.25688        626.70006      8.7880        drrr_15+rroi 
I      10368        623.60921        626.70006        623.60921      8.9870        drrr_15+rrri 
I      10473        623.25026        623.60921        623.25026      9.0850         drrr_15+rrg 
I      10553        623.14477        623.25026        623.14477      9.1440        drrr_15+rrri 
I      10947        622.69344        623.14477        622.69344      9.4400        drrr_15+rrri 
I      11500        621.84088        622.69344        621.84088      9.8050        drrr_15+rroi 
I      30000        621.84088        621.84088        656.91935     23.9380        drrr_15+rroi 

Method statistics
S  method    iter  succ  succ-rate%  tot-obj-gain  avg-obj-gain  rel-succ%  net-time  net-time%  brut-time  brut-time%
S  con          1     1   100.00000  -99293.42935  -99293.42935    0.93458   0.15300    0.63915    0.15300     0.63915
S  drrr_15  29999    53     0.17667    -144.72977      -0.00482   49.53271   0.70300    2.93674    0.70300     2.93674
S  rrg       9996    20     0.20008     -74.01482      -0.00740   18.69159  12.45100   52.01355   12.45100    52.01355
S  rroi     10017    15     0.14975     -32.59212      -0.00325   14.01869   5.01901   20.96670    5.01901    20.96670
S  rrri      9986    18     0.18025     -38.12283      -0.00382   16.82243   5.44599   22.75041    5.44599    22.75041
S  SUM/AVG  59999   107     0.17834  -99582.88889      -1.65974   20.00000  23.77200   99.30654   23.77200    99.30654

T best solution: EADARPSolution(t_routing=778.175, t_excess=152.838, obj_val=621.841, obj_val_valid=true,
    unserved_requests=Int64[], F_visited=[130, 127, 126, 129, 128], S_visited=Int64[],
    (1, ([121, 33, 93, 26, 86, 132, 56, 59, 116, 119, 39, 7, 99, 67, 24, 46, 84, 36, 96, 106, 54, 114, 52, 112, 14, 34, 74, 94, 131, 126], [5.982494294547055, 81.49881726575063], [6, 29]))
    (2, ([122, 44, 104, 27, 51, 87, 111, 11, 71, 19, 79, 43, 35, 95, 103, 133, 50, 110, 53, 113, 2, 62, 25, 85, 8, 68, 12, 72, 23, 83, 10, 70, 131, 127], [14.53691823432762, 110.68090289616748], [16, 33]))
    (3, ([123, 49, 109, 57, 117, 31, 91, 30, 90, 60, 120, 13, 73, 48, 9, 108, 69, 21, 81, 6, 66, 133, 28, 88, 3, 63, 131, 128], [47.084654222284826, 11.827472959966483], [22, 27]))
    (4, ([124, 22, 47, 107, 82, 41, 101, 40, 5, 100, 4, 64, 65, 58, 118, 16, 76, 37, 20, 80, 97, 42, 29, 32, 92, 102, 89, 131, 129], [65.81985817014379], [28]))
    (5, ([125, 18, 78, 17, 77, 131, 55, 115, 45, 105, 38, 98, 15, 75, 1, 61, 130], [35.744165118144856], [6])))

T best obj: 621.8408806674033
T best iteration: 11500
T total iterations: 30000
T best time [s]: 9.805
T total time [s]: 23.9380
