EADARP version ecec-dirty
ARGS: --ifile=EADARP/instances/random/r5-60-00000.txt  --gamma=0.7 --only_single_s_visits=false --odir=EADARP/solutions/random/r5-60-00000 --oname=run94
Settings:
--alns_gamma=0.025
--alns_segment_size=100
--alns_sigma1=10
--alns_sigma2=9
--alns_sigma3=3
--at_most_one_s=false
--gamma=0.7
--ifile=EADARP/instances/random/r5-60-00000.txt
--infeasible_arcs=EADARP/infeasible_arcs
--insert_charging_otf=true
--insert_cost_noise=0.014
--lns_init_temp_factor=0.0
--lns_temp_dec_factor=0.99
--log_all_sols_fname=
--mh_checkit=false
--mh_lfreq=0
--mh_lnewinc=true
--mh_tciter=-1
--mh_tctime=-1.0
--mh_titer=30000
--mh_tobj=-1.0
--mh_ttime=-1.0
--odir=EADARP/solutions/random/r5-60-00000
--ofile=
--oname=run94
--only_single_s_visits=false
--prepthreshold=0.1
--repair_max_routes=0
--route_based_ops=0
--seed=2085472297
--tightened_windows=EADARP/tightened_windows
--use_milp_in_otf=0
--xcheck_isfeasible=false

EADARPInstance(EADARP/instances/random/r5-60-00000.txt, n=60, n_K=5, S=[131, 132, 133], Q=14.85, n_F=5, γ=0.7, T_plan=720.0, F=[126, 127, 128, 129, 130])

Percentage of arcs removed: 73.59941206399458%
Minimum Degree: 7
T preprocessing time [s]: 3.129
I       iter             best          obj_old          obj_new        time              method info
I          1        768.31976     100060.00000        768.31976      0.1350                 con 
I          2        760.72446        768.31976        760.72446      0.1520        drrr_15+rrri 
I          3        747.63722        760.72446        747.63722      0.1630         drrr_15+rrg 
I          4        738.67436        747.63722        738.67436      0.1950        drrr_15+rroi 
I          5        737.67361        738.67436        737.67361      0.2070        drrr_15+rrri 
I          6        729.84514        737.67361        729.84514      0.2300        drrr_15+rroi 
I          8        722.08927        729.84514        722.08927      0.2590        drrr_15+rroi 
I          9        717.46084        722.08927        717.46084      0.2630         drrr_15+rrg 
I         10        705.35281        717.46084        705.35281      0.2750        drrr_15+rroi 
I         12        691.42995        705.35281        691.42995      0.3440        drrr_15+rroi 
I         14        689.57802        691.42995        689.57802      0.3680        drrr_15+rroi 
I         21        686.20960        689.57802        686.20960      0.4660         drrr_15+rrg 
I         22        678.64320        686.20960        678.64320      0.4700        drrr_15+rrri 
I         25        675.58358        678.64320        675.58358      0.5020         drrr_15+rrg 
I         30        672.78076        675.58358        672.78076      0.5340        drrr_15+rrri 
I         38        672.15075        672.78076        672.15075      0.5740         drrr_15+rrg 
I         40        669.70982        672.15075        669.70982      0.5900        drrr_15+rroi 
I         58        668.99977        669.70982        668.99977      0.6650         drrr_15+rrg 
I         59        668.16059        668.99977        668.16059      0.6720         drrr_15+rrg 
I         66        665.99543        668.16059        665.99543      0.6920         drrr_15+rrg 
I         71        661.43627        665.99543        661.43627      0.7120         drrr_15+rrg 
I         74        660.77561        661.43627        660.77561      0.7160         drrr_15+rrg 
I         85        657.85733        660.77561        657.85733      0.7440        drrr_15+rrri 
I        145        657.51296        657.85733        657.51296      0.8710         drrr_15+rrg 
I        146        656.34774        657.51296        656.34774      0.8710        drrr_15+rrri 
I        181        655.55772        656.34774        655.55772      0.9160        drrr_15+rroi 
I        195        653.83372        655.55772        653.83372      0.9340         drrr_15+rrg 
I        219        651.89224        653.83372        651.89224      0.9620         drrr_15+rrg 
I        223        651.05684        651.89224        651.05684      0.9770         drrr_15+rrg 
I        237        646.25098        651.05684        646.25098      1.0510        drrr_15+rrri 
I        241        646.10618        646.25098        646.10618      1.0510         drrr_15+rrg 
I        279        645.35593        646.10618        645.35593      1.1480        drrr_15+rrri 
I       1043        644.43540        645.35593        644.43540      2.0870        drrr_15+rrri 
I       1047        642.86705        644.43540        642.86705      2.0930         drrr_15+rrg 
I       2156        642.35139        642.86705        642.35139      3.0910        drrr_15+rroi 
I       2518        642.07520        642.35139        642.07520      3.4440        drrr_15+rrri 
I       5390        640.15574        642.07520        640.15574      5.7620         drrr_15+rrg 
I       5514        638.15997        640.15574        638.15997      5.8480        drrr_15+rroi 
I       7043        634.98119        638.15997        634.98119      6.7980        drrr_15+rroi 
I       7153        633.59984        634.98119        633.59984      6.8720        drrr_15+rroi 
I      22106        631.14896        633.59984        631.14896     18.2490        drrr_15+rrri 
I      22182        630.75368        631.14896        630.75368     18.3130         drrr_15+rrg 
I      22189        629.15029        630.75368        629.15029     18.3210         drrr_15+rrg 
I      22390        627.81492        629.15029        627.81492     18.5140        drrr_15+rroi 
I      24690        627.52364        627.81492        627.52364     20.3390        drrr_15+rroi 
I      30000        627.52364        627.52364        665.28531     24.3170        drrr_15+rroi 

Method statistics
S  method    iter  succ  succ-rate%  tot-obj-gain  avg-obj-gain  rel-succ%  net-time  net-time%  brut-time  brut-time%
S  con          1     1   100.00000  -99291.68024  -99291.68024    1.12360   0.13500    0.55517    0.13500     0.55517
S  drrr_15  29999    44     0.14667    -140.79612      -0.00469   49.43820   0.70100    2.88275    0.70100     2.88275
S  rrg      10131    19     0.18754     -44.18445      -0.00436   21.34831  12.51900   51.48251   12.51900    51.48251
S  rroi      9758    14     0.14347     -64.35916      -0.00660   15.73034   5.43300   22.34239    5.43300    22.34239
S  rrri     10110    11     0.10880     -32.25251      -0.00319   12.35955   5.36600   22.06686    5.36600    22.06686
S  SUM/AVG  59999    89     0.14834  -99573.27247      -1.65958   20.00000  24.15400   99.32968   24.15400    99.32968

T best solution: EADARPSolution(t_routing=788.503, t_excess=144.586, obj_val=627.524, obj_val_valid=true,
    unserved_requests=Int64[], F_visited=[128, 127, 126, 129, 130], S_visited=Int64[],
    (1, ([121, 49, 109, 57, 117, 31, 91, 30, 90, 60, 120, 39, 7, 99, 67, 36, 96, 13, 73, 48, 9, 108, 69, 14, 34, 74, 94, 131, 126], [74.57219215437833], [28]))
    (2, ([122, 33, 93, 11, 71, 19, 79, 43, 35, 95, 103, 133, 55, 115, 45, 105, 38, 98, 15, 75, 1, 61, 127], [66.10896658033752], [12]))
    (3, ([123, 18, 78, 17, 77, 133, 50, 110, 53, 113, 2, 62, 25, 85, 8, 68, 12, 72, 23, 83, 133, 10, 70, 28, 88, 3, 63, 128], [38.338135794526714, 63.811769350928444], [6, 21]))
    (4, ([124, 22, 47, 107, 82, 41, 101, 40, 5, 100, 4, 64, 65, 58, 118, 26, 86, 56, 59, 116, 119, 24, 46, 84, 106, 54, 114, 52, 112, 21, 81, 6, 66, 131, 129], [108.41409115457172], [34]))
    (5, ([125, 44, 104, 27, 51, 87, 111, 16, 76, 37, 20, 80, 97, 42, 29, 32, 92, 102, 89, 131, 130], [32.257589463546985], [20])))

T best obj: 627.5236437787618
T best iteration: 24690
T total iterations: 30000
T best time [s]: 20.339
T total time [s]: 24.3170
